tuning/outputs/tuning_run_12/ created
tuning/outputs/tuning_run_12/iterations/ created
tuning/outputs/tuning_run_12/output/ created
{'msa-file-name': 'pdz_hi_sampled_seqs.fa', 'em_maxiter': 30, 'em_numclusters': 2, 'em_device': None, 'em_init': 'kmeans', 'em_no_iter_print': 0, 'plmc': '../../plmc/bin/plmc', 'output': 'tuning/outputs/tuning_run_12', 'fast': 1, 'scale': None, 'theta': '0.8', 'lambdah': '0.01', 'lambdae': '16.0', 'lambdag': None, 'gapignore': 1, 'maxiter': '20', 'ncores': 6, 'gapignore_tune': '1', 'fast_tune': '1', 'em_iter_print': 1, 'iterations_dir': 'tuning/outputs/tuning_run_12/iterations/', 'final_dir': 'tuning/outputs/tuning_run_12/output/', 'output_dir': 'tuning/outputs/tuning_run_12/', 'plmc_options': ['-t 0.8', '-lh 0.01', '-le 16.0', '-m 20', '-n 6', '-g', '--fast'], 'device': device(type='cpu')}

Using cpu


Iteration 0:

pdz_hi_sampled_seqs_cluster0_iter0:

OpenMP: Using 6 of 6 threads
Alphabet length:21
807 valid sequences out of 807 
41 sites, none trimmed because no target specified
Clustering..........
Effective number of samples: 1.1	(20% identical neighborhood = 1.000 samples)
iter	time	obj	|x|	|g|	crit
1	0.1	128.8	0.0	0.0	0.0


pdz_hi_sampled_seqs_cluster1_iter0:

OpenMP: Using 6 of 6 threads
Alphabet length:21
1193 valid sequences out of 1193 
41 sites, none trimmed because no target specified
Clustering..........
Effective number of samples: 1.2	(20% identical neighborhood = 1.000 samples)
iter	time	obj	|x|	|g|	crit
1	0.1	136.1	0.0	0.0	0.0


Iteration 1:

pdz_hi_sampled_seqs_cluster0_iter1:

OpenMP: Using 6 of 6 threads
Alphabet length:21
822 valid sequences out of 822 
41 sites, none trimmed because no target specified
Clustering..........
Effective number of samples: 1.1	(20% identical neighborhood = 1.000 samples)
iter	time	obj	|x|	|g|	crit
1	0.1	129.2	0.0	0.0	0.0


pdz_hi_sampled_seqs_cluster1_iter1:

OpenMP: Using 6 of 6 threads
Alphabet length:21
1178 valid sequences out of 1178 
41 sites, none trimmed because no target specified
Clustering..........
Effective number of samples: 1.2	(20% identical neighborhood = 1.000 samples)
iter	time	obj	|x|	|g|	crit
1	0.1	136.8	0.0	0.0	0.0


Iteration 2:

pdz_hi_sampled_seqs_cluster0_iter2:

OpenMP: Using 6 of 6 threads
Alphabet length:21
827 valid sequences out of 827 
41 sites, none trimmed because no target specified
Clustering..........
Effective number of samples: 1.1	(20% identical neighborhood = 1.000 samples)
iter	time	obj	|x|	|g|	crit
1	0.1	129.5	0.0	0.0	0.0


pdz_hi_sampled_seqs_cluster1_iter2:

OpenMP: Using 6 of 6 threads
Alphabet length:21
1173 valid sequences out of 1173 
41 sites, none trimmed because no target specified
Clustering..........
Effective number of samples: 1.2	(20% identical neighborhood = 1.000 samples)
iter	time	obj	|x|	|g|	crit
1	0.1	136.9	0.0	0.0	0.0


Iteration 3:

pdz_hi_sampled_seqs_cluster0_iter3:

OpenMP: Using 6 of 6 threads
Alphabet length:21
826 valid sequences out of 826 
41 sites, none trimmed because no target specified
Clustering..........
Effective number of samples: 1.1	(20% identical neighborhood = 1.000 samples)
iter	time	obj	|x|	|g|	crit
1	0.1	129.5	0.0	0.0	0.0


pdz_hi_sampled_seqs_cluster1_iter3:

OpenMP: Using 6 of 6 threads
Alphabet length:21
1174 valid sequences out of 1174 
41 sites, none trimmed because no target specified
Clustering..........
Effective number of samples: 1.2	(20% identical neighborhood = 1.000 samples)
iter	time	obj	|x|	|g|	crit
1	0.1	137.2	0.0	0.0	0.0


Iteration 4:

pdz_hi_sampled_seqs_cluster0_iter4:

OpenMP: Using 6 of 6 threads
Alphabet length:21
833 valid sequences out of 833 
41 sites, none trimmed because no target specified
Clustering..........
Effective number of samples: 1.1	(20% identical neighborhood = 1.000 samples)
iter	time	obj	|x|	|g|	crit
1	0.1	130.0	0.0	0.0	0.0


pdz_hi_sampled_seqs_cluster1_iter4:

OpenMP: Using 6 of 6 threads
Alphabet length:21
1167 valid sequences out of 1167 
41 sites, none trimmed because no target specified
Clustering..........
Effective number of samples: 1.2	(20% identical neighborhood = 1.000 samples)
iter	time	obj	|x|	|g|	crit
1	0.1	137.2	0.0	0.0	0.0


Iteration 5:

pdz_hi_sampled_seqs_cluster0_iter5:

OpenMP: Using 6 of 6 threads
Alphabet length:21
831 valid sequences out of 831 
41 sites, none trimmed because no target specified
Clustering..........
Effective number of samples: 1.1	(20% identical neighborhood = 1.000 samples)
iter	time	obj	|x|	|g|	crit
1	0.1	130.1	0.0	0.0	0.0


pdz_hi_sampled_seqs_cluster1_iter5:

OpenMP: Using 6 of 6 threads
Alphabet length:21
1169 valid sequences out of 1169 
41 sites, none trimmed because no target specified
Clustering..........
Effective number of samples: 1.2	(20% identical neighborhood = 1.000 samples)
iter	time	obj	|x|	|g|	crit
1	0.1	137.2	0.0	0.0	0.0


Iteration 6:

pdz_hi_sampled_seqs_cluster0_iter6:

OpenMP: Using 6 of 6 threads
Alphabet length:21
833 valid sequences out of 833 
41 sites, none trimmed because no target specified
Clustering..........
Effective number of samples: 1.1	(20% identical neighborhood = 1.000 samples)
iter	time	obj	|x|	|g|	crit
1	0.1	130.9	0.0	0.0	0.0


pdz_hi_sampled_seqs_cluster1_iter6:

OpenMP: Using 6 of 6 threads
Alphabet length:21
1167 valid sequences out of 1167 
41 sites, none trimmed because no target specified
Clustering..........
Effective number of samples: 1.2	(20% identical neighborhood = 1.000 samples)
iter	time	obj	|x|	|g|	crit
1	0.1	137.0	0.0	0.0	0.0


Iteration 7:

pdz_hi_sampled_seqs_cluster0_iter7:

OpenMP: Using 6 of 6 threads
Alphabet length:21
838 valid sequences out of 838 
41 sites, none trimmed because no target specified
Clustering..........
Effective number of samples: 1.1	(20% identical neighborhood = 1.000 samples)
iter	time	obj	|x|	|g|	crit
1	0.1	130.8	0.0	0.0	0.0


pdz_hi_sampled_seqs_cluster1_iter7:

OpenMP: Using 6 of 6 threads
Alphabet length:21
1162 valid sequences out of 1162 
41 sites, none trimmed because no target specified
Clustering..........
Effective number of samples: 1.2	(20% identical neighborhood = 1.000 samples)
iter	time	obj	|x|	|g|	crit
1	0.1	137.3	0.0	0.0	0.0


Iteration 8:

pdz_hi_sampled_seqs_cluster0_iter8:

OpenMP: Using 6 of 6 threads
Alphabet length:21
843 valid sequences out of 843 
41 sites, none trimmed because no target specified
Clustering..........
Effective number of samples: 1.1	(20% identical neighborhood = 1.000 samples)
iter	time	obj	|x|	|g|	crit
1	0.1	131.0	0.0	0.0	0.0


pdz_hi_sampled_seqs_cluster1_iter8:

OpenMP: Using 6 of 6 threads
Alphabet length:21
1157 valid sequences out of 1157 
41 sites, none trimmed because no target specified
Clustering..........
Effective number of samples: 1.2	(20% identical neighborhood = 1.000 samples)
iter	time	obj	|x|	|g|	crit
1	0.1	137.5	0.0	0.0	0.0


Iteration 9:

pdz_hi_sampled_seqs_cluster0_iter9:

OpenMP: Using 6 of 6 threads
Alphabet length:21
845 valid sequences out of 845 
41 sites, none trimmed because no target specified
Clustering..........
Effective number of samples: 1.1	(20% identical neighborhood = 1.000 samples)
iter	time	obj	|x|	|g|	crit
1	0.1	131.3	0.0	0.0	0.0


pdz_hi_sampled_seqs_cluster1_iter9:

OpenMP: Using 6 of 6 threads
Alphabet length:21
1155 valid sequences out of 1155 
41 sites, none trimmed because no target specified
Clustering..........
Effective number of samples: 1.2	(20% identical neighborhood = 1.000 samples)
iter	time	obj	|x|	|g|	crit
1	0.1	137.5	0.0	0.0	0.0


Iteration 10:

pdz_hi_sampled_seqs_cluster0_iter10:

OpenMP: Using 6 of 6 threads
Alphabet length:21
845 valid sequences out of 845 
41 sites, none trimmed because no target specified
Clustering..........
Effective number of samples: 1.1	(20% identical neighborhood = 1.000 samples)
iter	time	obj	|x|	|g|	crit
1	0.1	131.2	0.0	0.0	0.0


pdz_hi_sampled_seqs_cluster1_iter10:

OpenMP: Using 6 of 6 threads
Alphabet length:21
1155 valid sequences out of 1155 
41 sites, none trimmed because no target specified
Clustering..........
Effective number of samples: 1.2	(20% identical neighborhood = 1.000 samples)
iter	time	obj	|x|	|g|	crit
1	0.1	137.5	0.0	0.0	0.0


Iteration 11:

pdz_hi_sampled_seqs_cluster0_iter11:

OpenMP: Using 6 of 6 threads
Alphabet length:21
847 valid sequences out of 847 
41 sites, none trimmed because no target specified
Clustering..........
Effective number of samples: 1.1	(20% identical neighborhood = 1.000 samples)
iter	time	obj	|x|	|g|	crit
1	0.1	131.5	0.0	0.0	0.0


pdz_hi_sampled_seqs_cluster1_iter11:

OpenMP: Using 6 of 6 threads
Alphabet length:21
1153 valid sequences out of 1153 
41 sites, none trimmed because no target specified
Clustering..........
Effective number of samples: 1.2	(20% identical neighborhood = 1.000 samples)
iter	time	obj	|x|	|g|	crit
1	0.1	137.3	0.0	0.0	0.0


Iteration 12:

pdz_hi_sampled_seqs_cluster0_iter12:

OpenMP: Using 6 of 6 threads
Alphabet length:21
848 valid sequences out of 848 
41 sites, none trimmed because no target specified
Clustering..........
Effective number of samples: 1.1	(20% identical neighborhood = 1.000 samples)
iter	time	obj	|x|	|g|	crit
1	0.1	131.7	0.0	0.0	0.0


pdz_hi_sampled_seqs_cluster1_iter12:

OpenMP: Using 6 of 6 threads
Alphabet length:21
1152 valid sequences out of 1152 
41 sites, none trimmed because no target specified
Clustering..........
Effective number of samples: 1.2	(20% identical neighborhood = 1.000 samples)
iter	time	obj	|x|	|g|	crit
1	0.1	137.2	0.0	0.0	0.0


Iteration 13:

pdz_hi_sampled_seqs_cluster0_iter13:

OpenMP: Using 6 of 6 threads
Alphabet length:21
851 valid sequences out of 851 
41 sites, none trimmed because no target specified
Clustering..........
Effective number of samples: 1.2	(20% identical neighborhood = 1.000 samples)
iter	time	obj	|x|	|g|	crit
1	0.1	132.0	0.0	0.0	0.0


pdz_hi_sampled_seqs_cluster1_iter13:

OpenMP: Using 6 of 6 threads
Alphabet length:21
1149 valid sequences out of 1149 
41 sites, none trimmed because no target specified
Clustering..........
Effective number of samples: 1.2	(20% identical neighborhood = 1.000 samples)
iter	time	obj	|x|	|g|	crit
1	0.1	137.1	0.0	0.0	0.0


Iteration 14:

pdz_hi_sampled_seqs_cluster0_iter14:

OpenMP: Using 6 of 6 threads
Alphabet length:21
854 valid sequences out of 854 
41 sites, none trimmed because no target specified
Clustering..........
Effective number of samples: 1.2	(20% identical neighborhood = 1.000 samples)
iter	time	obj	|x|	|g|	crit
1	0.1	132.0	0.0	0.0	0.0


pdz_hi_sampled_seqs_cluster1_iter14:

OpenMP: Using 6 of 6 threads
Alphabet length:21
1146 valid sequences out of 1146 
41 sites, none trimmed because no target specified
Clustering..........
Effective number of samples: 1.2	(20% identical neighborhood = 1.000 samples)
iter	time	obj	|x|	|g|	crit
1	0.1	137.4	0.0	0.0	0.0


Iteration 15:

pdz_hi_sampled_seqs_cluster0_iter15:

OpenMP: Using 6 of 6 threads
Alphabet length:21
859 valid sequences out of 859 
41 sites, none trimmed because no target specified
Clustering..........
Effective number of samples: 1.2	(20% identical neighborhood = 1.000 samples)
iter	time	obj	|x|	|g|	crit
1	0.1	132.0	0.0	0.0	0.0


pdz_hi_sampled_seqs_cluster1_iter15:

OpenMP: Using 6 of 6 threads
Alphabet length:21
1141 valid sequences out of 1141 
41 sites, none trimmed because no target specified
Clustering..........
Effective number of samples: 1.2	(20% identical neighborhood = 1.000 samples)
iter	time	obj	|x|	|g|	crit
1	0.1	137.1	0.0	0.0	0.0


Iteration 16:

pdz_hi_sampled_seqs_cluster0_iter16:

OpenMP: Using 6 of 6 threads
Alphabet length:21
860 valid sequences out of 860 
41 sites, none trimmed because no target specified
Clustering..........
Effective number of samples: 1.2	(20% identical neighborhood = 1.000 samples)
iter	time	obj	|x|	|g|	crit
1	0.1	132.2	0.0	0.0	0.0


pdz_hi_sampled_seqs_cluster1_iter16:

OpenMP: Using 6 of 6 threads
Alphabet length:21
1140 valid sequences out of 1140 
41 sites, none trimmed because no target specified
Clustering..........
Effective number of samples: 1.2	(20% identical neighborhood = 1.000 samples)
iter	time	obj	|x|	|g|	crit
1	0.1	136.9	0.0	0.0	0.0


Iteration 17:

pdz_hi_sampled_seqs_cluster0_iter17:

OpenMP: Using 6 of 6 threads
Alphabet length:21
864 valid sequences out of 864 
41 sites, none trimmed because no target specified
Clustering..........
Effective number of samples: 1.2	(20% identical neighborhood = 1.000 samples)
iter	time	obj	|x|	|g|	crit
1	0.1	132.2	0.0	0.0	0.0


pdz_hi_sampled_seqs_cluster1_iter17:

OpenMP: Using 6 of 6 threads
Alphabet length:21
1136 valid sequences out of 1136 
41 sites, none trimmed because no target specified
Clustering..........
Effective number of samples: 1.2	(20% identical neighborhood = 1.000 samples)
iter	time	obj	|x|	|g|	crit
1	0.1	136.9	0.0	0.0	0.0


Iteration 18:

pdz_hi_sampled_seqs_cluster0_iter18:

OpenMP: Using 6 of 6 threads
Alphabet length:21
864 valid sequences out of 864 
41 sites, none trimmed because no target specified
Clustering..........
Effective number of samples: 1.2	(20% identical neighborhood = 1.000 samples)
iter	time	obj	|x|	|g|	crit
1	0.1	132.2	0.0	0.0	0.0


pdz_hi_sampled_seqs_cluster1_iter18:

OpenMP: Using 6 of 6 threads
Alphabet length:21
1136 valid sequences out of 1136 
41 sites, none trimmed because no target specified
Clustering..........
Effective number of samples: 1.2	(20% identical neighborhood = 1.000 samples)
iter	time	obj	|x|	|g|	crit
1	0.1	136.9	0.0	0.0	0.0


Iteration 19:

pdz_hi_sampled_seqs_cluster0_iter19:

OpenMP: Using 6 of 6 threads
Alphabet length:21
869 valid sequences out of 869 
41 sites, none trimmed because no target specified
Clustering..........
Effective number of samples: 1.2	(20% identical neighborhood = 1.000 samples)
iter	time	obj	|x|	|g|	crit
1	0.1	132.5	0.0	0.0	0.0


pdz_hi_sampled_seqs_cluster1_iter19:

OpenMP: Using 6 of 6 threads
Alphabet length:21
1131 valid sequences out of 1131 
41 sites, none trimmed because no target specified
Clustering..........
Effective number of samples: 1.2	(20% identical neighborhood = 1.000 samples)
iter	time	obj	|x|	|g|	crit
1	0.1	136.7	0.0	0.0	0.0


Iteration 20:

pdz_hi_sampled_seqs_cluster0_iter20:

OpenMP: Using 6 of 6 threads
Alphabet length:21
872 valid sequences out of 872 
41 sites, none trimmed because no target specified
Clustering..........
Effective number of samples: 1.2	(20% identical neighborhood = 1.000 samples)
iter	time	obj	|x|	|g|	crit
1	0.1	132.9	0.0	0.0	0.0


pdz_hi_sampled_seqs_cluster1_iter20:

OpenMP: Using 6 of 6 threads
Alphabet length:21
1128 valid sequences out of 1128 
41 sites, none trimmed because no target specified
Clustering..........
Effective number of samples: 1.2	(20% identical neighborhood = 1.000 samples)
iter	time	obj	|x|	|g|	crit
1	0.1	136.6	0.0	0.0	0.0


Iteration 21:

pdz_hi_sampled_seqs_cluster0_iter21:

OpenMP: Using 6 of 6 threads
Alphabet length:21
882 valid sequences out of 882 
41 sites, none trimmed because no target specified
Clustering..........
Effective number of samples: 1.2	(20% identical neighborhood = 1.000 samples)
iter	time	obj	|x|	|g|	crit
1	0.1	133.1	0.0	0.0	0.0


pdz_hi_sampled_seqs_cluster1_iter21:

OpenMP: Using 6 of 6 threads
Alphabet length:21
1118 valid sequences out of 1118 
41 sites, none trimmed because no target specified
Clustering..........
Effective number of samples: 1.2	(20% identical neighborhood = 1.000 samples)
iter	time	obj	|x|	|g|	crit
1	0.1	136.3	0.0	0.0	0.0


Iteration 22:

pdz_hi_sampled_seqs_cluster0_iter22:

OpenMP: Using 6 of 6 threads
Alphabet length:21
878 valid sequences out of 878 
41 sites, none trimmed because no target specified
Clustering..........
Effective number of samples: 1.2	(20% identical neighborhood = 1.000 samples)
iter	time	obj	|x|	|g|	crit
1	0.1	133.3	0.0	0.0	0.0


pdz_hi_sampled_seqs_cluster1_iter22:

OpenMP: Using 6 of 6 threads
Alphabet length:21
1122 valid sequences out of 1122 
41 sites, none trimmed because no target specified
Clustering..........
Effective number of samples: 1.2	(20% identical neighborhood = 1.000 samples)
iter	time	obj	|x|	|g|	crit
1	0.1	136.3	0.0	0.0	0.0


Iteration 23:

pdz_hi_sampled_seqs_cluster0_iter23:

OpenMP: Using 6 of 6 threads
Alphabet length:21
884 valid sequences out of 884 
41 sites, none trimmed because no target specified
Clustering..........
Effective number of samples: 1.2	(20% identical neighborhood = 1.000 samples)
iter	time	obj	|x|	|g|	crit
1	0.1	133.4	0.0	0.0	0.0


pdz_hi_sampled_seqs_cluster1_iter23:

OpenMP: Using 6 of 6 threads
Alphabet length:21
1116 valid sequences out of 1116 
41 sites, none trimmed because no target specified
Clustering..........
Effective number of samples: 1.2	(20% identical neighborhood = 1.000 samples)
iter	time	obj	|x|	|g|	crit
1	0.1	136.1	0.0	0.0	0.0


Iteration 24:

pdz_hi_sampled_seqs_cluster0_iter24:

OpenMP: Using 6 of 6 threads
Alphabet length:21
882 valid sequences out of 882 
41 sites, none trimmed because no target specified
Clustering..........
Effective number of samples: 1.2	(20% identical neighborhood = 1.000 samples)
iter	time	obj	|x|	|g|	crit
1	0.1	133.4	0.0	0.0	0.0


pdz_hi_sampled_seqs_cluster1_iter24:

OpenMP: Using 6 of 6 threads
Alphabet length:21
1118 valid sequences out of 1118 
41 sites, none trimmed because no target specified
Clustering..........
Effective number of samples: 1.2	(20% identical neighborhood = 1.000 samples)
iter	time	obj	|x|	|g|	crit
1	0.1	136.2	0.0	0.0	0.0


Iteration 25:

pdz_hi_sampled_seqs_cluster0_iter25:

OpenMP: Using 6 of 6 threads
Alphabet length:21
881 valid sequences out of 881 
41 sites, none trimmed because no target specified
Clustering..........
Effective number of samples: 1.2	(20% identical neighborhood = 1.000 samples)
iter	time	obj	|x|	|g|	crit
1	0.1	133.5	0.0	0.0	0.0


pdz_hi_sampled_seqs_cluster1_iter25:

OpenMP: Using 6 of 6 threads
Alphabet length:21
1119 valid sequences out of 1119 
41 sites, none trimmed because no target specified
Clustering..........
Effective number of samples: 1.2	(20% identical neighborhood = 1.000 samples)
iter	time	obj	|x|	|g|	crit
1	0.1	136.2	0.0	0.0	0.0


Iteration 26:

pdz_hi_sampled_seqs_cluster0_iter26:

OpenMP: Using 6 of 6 threads
Alphabet length:21
878 valid sequences out of 878 
41 sites, none trimmed because no target specified
Clustering..........
Effective number of samples: 1.2	(20% identical neighborhood = 1.000 samples)
iter	time	obj	|x|	|g|	crit
1	0.1	133.5	0.0	0.0	0.0


pdz_hi_sampled_seqs_cluster1_iter26:

OpenMP: Using 6 of 6 threads
Alphabet length:21
1122 valid sequences out of 1122 
41 sites, none trimmed because no target specified
Clustering..........
Effective number of samples: 1.2	(20% identical neighborhood = 1.000 samples)
iter	time	obj	|x|	|g|	crit
1	0.1	136.2	0.0	0.0	0.0


Iteration 27:

pdz_hi_sampled_seqs_cluster0_iter27:

OpenMP: Using 6 of 6 threads
Alphabet length:21
883 valid sequences out of 883 
41 sites, none trimmed because no target specified
Clustering..........
Effective number of samples: 1.2	(20% identical neighborhood = 1.000 samples)
iter	time	obj	|x|	|g|	crit
1	0.1	133.7	0.0	0.0	0.0


pdz_hi_sampled_seqs_cluster1_iter27:

OpenMP: Using 6 of 6 threads
Alphabet length:21
1117 valid sequences out of 1117 
41 sites, none trimmed because no target specified
Clustering..........
Effective number of samples: 1.2	(20% identical neighborhood = 1.000 samples)
iter	time	obj	|x|	|g|	crit
1	0.1	136.2	0.0	0.0	0.0


Iteration 28:

pdz_hi_sampled_seqs_cluster0_iter28:

OpenMP: Using 6 of 6 threads
Alphabet length:21
885 valid sequences out of 885 
41 sites, none trimmed because no target specified
Clustering..........
Effective number of samples: 1.2	(20% identical neighborhood = 1.000 samples)
iter	time	obj	|x|	|g|	crit
1	0.1	133.5	0.0	0.0	0.0


pdz_hi_sampled_seqs_cluster1_iter28:

OpenMP: Using 6 of 6 threads
Alphabet length:21
1115 valid sequences out of 1115 
41 sites, none trimmed because no target specified
Clustering..........
Effective number of samples: 1.2	(20% identical neighborhood = 1.000 samples)
iter	time	obj	|x|	|g|	crit
1	0.1	136.4	0.0	0.0	0.0


Iteration 29:

pdz_hi_sampled_seqs_cluster0_iter29:

OpenMP: Using 6 of 6 threads
Alphabet length:21
886 valid sequences out of 886 
41 sites, none trimmed because no target specified
Clustering..........
Effective number of samples: 1.2	(20% identical neighborhood = 1.000 samples)
iter	time	obj	|x|	|g|	crit
1	0.1	133.4	0.0	0.0	0.0


pdz_hi_sampled_seqs_cluster1_iter29:

OpenMP: Using 6 of 6 threads
Alphabet length:21
1114 valid sequences out of 1114 
41 sites, none trimmed because no target specified
Clustering..........
Effective number of samples: 1.2	(20% identical neighborhood = 1.000 samples)
iter	time	obj	|x|	|g|	crit
1	0.1	136.5	0.0	0.0	0.0


Iteration 30:

pdz_hi_sampled_seqs_cluster0_iter30:

OpenMP: Using 6 of 6 threads
Alphabet length:21
886 valid sequences out of 886 
41 sites, none trimmed because no target specified
Clustering..........
Effective number of samples: 1.2	(20% identical neighborhood = 1.000 samples)
iter	time	obj	|x|	|g|	crit
1	0.1	133.6	0.0	0.0	0.0


pdz_hi_sampled_seqs_cluster1_iter30:

OpenMP: Using 6 of 6 threads
Alphabet length:21
1114 valid sequences out of 1114 
41 sites, none trimmed because no target specified
Clustering..........
Effective number of samples: 1.2	(20% identical neighborhood = 1.000 samples)
iter	time	obj	|x|	|g|	crit
1	0.1	136.6	0.0	0.0	0.0

