tuning/outputs/tuning_run_47/ created
tuning/outputs/tuning_run_47/iterations/ created
tuning/outputs/tuning_run_47/output/ created
{'msa-file-name': 'pdz_hi_sampled_seqs.fa', 'em_maxiter': 30, 'em_numclusters': 2, 'em_device': None, 'em_init': 'random', 'em_no_iter_print': 0, 'plmc': '../../plmc/bin/plmc', 'output': 'tuning/outputs/tuning_run_47', 'fast': 0, 'scale': None, 'theta': '0.8', 'lambdah': '0.01', 'lambdae': '16.0', 'lambdag': None, 'gapignore': 0, 'maxiter': '20', 'ncores': 6, 'gapignore_tune': '0', 'fast_tune': '0', 'em_iter_print': 1, 'iterations_dir': 'tuning/outputs/tuning_run_47/iterations/', 'final_dir': 'tuning/outputs/tuning_run_47/output/', 'output_dir': 'tuning/outputs/tuning_run_47/', 'plmc_options': ['-t 0.8', '-lh 0.01', '-le 16.0', '-m 20', '-n 6'], 'device': device(type='cpu')}

Using cpu


Iteration 0:

pdz_hi_sampled_seqs_cluster0_iter0:

OpenMP: Using 6 of 6 threads
Alphabet length:21
1000 valid sequences out of 1000 
41 sites, none trimmed because no target specified
Effective number of samples: 1.2	(20% identical neighborhood = 1.000 samples)
iter	time	cond	fx	-loglk	||h||	||e||
1	0.1	1.09	141.7	138.2	3.0	0.5
2	0.2	1.00	135.6	131.7	5.0	0.5
3	0.3	0.37	117.0	109.2	26.6	0.2
4	0.4	0.30	116.3	108.2	26.5	0.3
5	0.4	0.09	113.3	107.9	22.4	0.2
6	0.5	0.08	113.0	108.5	20.2	0.2
7	0.5	0.17	112.9	108.4	20.1	0.2
8	0.6	0.09	112.7	108.2	20.4	0.1
9	0.6	0.06	112.3	107.6	21.0	0.1
10	0.7	0.18	111.4	106.1	22.1	0.2
11	0.7	0.23	110.2	104.3	23.5	0.2
12	0.8	0.23	109.6	103.1	24.3	0.2
13	0.8	0.09	109.3	103.0	24.6	0.1
14	0.9	0.03	109.1	103.2	24.0	0.1
15	0.9	0.03	109.1	103.2	23.9	0.1
16	1.0	0.06	109.0	103.1	23.8	0.1
17	1.0	0.09	108.9	103.0	23.6	0.1
18	1.1	0.09	108.7	102.8	23.4	0.2
19	1.1	0.08	108.6	102.9	23.4	0.1
20	1.2	0.03	108.5	102.8	23.6	0.1
Gradient optimization: MAXIMUMITERATION


pdz_hi_sampled_seqs_cluster1_iter0:

OpenMP: Using 6 of 6 threads
Alphabet length:21
1000 valid sequences out of 1000 
41 sites, none trimmed because no target specified
Effective number of samples: 1.2	(20% identical neighborhood = 1.000 samples)
iter	time	cond	fx	-loglk	||h||	||e||
1	0.1	1.09	142.0	138.5	3.0	0.5
2	0.3	1.02	135.9	132.0	5.0	0.5
3	0.3	0.35	116.6	109.1	26.1	0.2
4	0.4	0.29	116.1	108.3	26.0	0.3
5	0.5	0.08	113.6	108.2	22.4	0.2
6	0.5	0.07	113.3	108.8	20.4	0.1
7	0.6	0.16	113.2	108.7	20.2	0.2
8	0.6	0.10	113.0	108.5	20.5	0.2
9	0.7	0.10	112.1	107.1	21.6	0.1
10	0.7	0.20	111.0	105.3	22.9	0.2
11	0.7	0.16	109.9	103.8	24.3	0.1
12	0.8	0.16	109.9	103.7	24.3	0.1
13	0.9	0.06	109.6	103.5	24.3	0.1
14	0.9	0.03	109.5	103.5	24.1	0.1
15	1.0	0.03	109.5	103.6	23.9	0.1
16	1.0	0.05	109.4	103.7	23.5	0.1
17	1.1	0.06	109.3	103.7	23.1	0.1
18	1.1	0.12	109.3	104.1	22.5	0.1
19	1.2	0.02	109.1	103.7	22.8	0.1
20	1.2	0.05	109.1	103.4	23.2	0.1
Gradient optimization: MAXIMUMITERATION


Iteration 1:

pdz_hi_sampled_seqs_cluster0_iter1:

OpenMP: Using 6 of 6 threads
Alphabet length:21
1150 valid sequences out of 1150 
41 sites, none trimmed because no target specified
Effective number of samples: 1.3	(20% identical neighborhood = 1.000 samples)
iter	time	cond	fx	-loglk	||h||	||e||
1	0.1	1.09	143.7	140.2	3.0	0.5
2	0.3	0.99	137.5	133.7	5.1	0.5
3	0.3	0.39	119.8	111.8	27.0	0.2
4	0.4	0.31	118.8	110.5	26.7	0.3
5	0.4	0.10	115.4	110.0	22.4	0.2
6	0.5	0.09	115.1	110.7	20.0	0.2
7	0.6	0.19	115.0	110.6	19.9	0.2
8	0.6	0.09	114.8	110.3	20.3	0.1
9	0.7	0.05	114.4	109.8	20.7	0.1
10	0.8	0.18	113.5	108.3	21.8	0.2
11	0.8	0.24	112.2	106.3	23.3	0.2
12	0.9	0.19	111.4	105.0	24.4	0.2
13	1.0	0.11	111.1	104.9	24.7	0.1
14	1.0	0.03	111.0	104.9	24.3	0.1
15	1.1	0.03	111.0	105.0	24.1	0.1
16	1.2	0.04	110.9	105.0	24.0	0.1
17	1.2	0.07	110.8	105.0	23.6	0.1
18	1.3	0.08	110.7	105.0	23.3	0.1
19	1.3	0.10	110.6	104.9	23.2	0.1
20	1.4	0.05	110.5	104.8	23.3	0.1
Gradient optimization: MAXIMUMITERATION


pdz_hi_sampled_seqs_cluster1_iter1:

OpenMP: Using 6 of 6 threads
Alphabet length:21
850 valid sequences out of 850 
41 sites, none trimmed because no target specified
Effective number of samples: 1.2	(20% identical neighborhood = 1.000 samples)
iter	time	cond	fx	-loglk	||h||	||e||
1	0.2	1.09	133.0	129.4	2.9	0.5
2	0.2	1.02	127.2	123.2	4.9	0.5
3	0.3	0.35	107.4	99.7	26.0	0.2
4	0.4	0.30	107.0	99.1	25.9	0.3
5	0.4	0.07	104.7	99.3	22.6	0.1
6	0.5	0.06	104.5	99.8	20.8	0.1
7	0.5	0.12	104.4	99.8	20.6	0.1
8	0.6	0.06	103.6	98.7	21.5	0.1
9	0.7	0.13	101.6	95.7	23.9	0.1
10	0.7	0.13	101.4	95.2	24.1	0.1
11	0.8	0.04	101.1	95.0	24.3	0.1
12	0.8	0.03	101.1	95.1	24.2	0.1
13	0.8	0.03	101.1	95.1	24.0	0.1
14	0.9	0.05	101.0	95.1	23.8	0.1
15	1.0	0.07	100.9	95.2	23.4	0.1
16	1.1	0.10	100.8	95.2	23.2	0.1
17	1.1	0.05	100.7	95.1	23.0	0.1
18	1.2	0.02	100.6	95.0	23.3	0.1
19	1.2	0.04	100.5	94.7	23.7	0.1
20	1.3	0.04	100.5	94.5	24.2	0.1
Gradient optimization: MAXIMUMITERATION


Iteration 2:

pdz_hi_sampled_seqs_cluster0_iter2:

OpenMP: Using 6 of 6 threads
Alphabet length:21
1062 valid sequences out of 1062 
41 sites, none trimmed because no target specified
Effective number of samples: 1.2	(20% identical neighborhood = 1.000 samples)
iter	time	cond	fx	-loglk	||h||	||e||
1	0.2	1.09	142.1	138.6	3.0	0.5
2	0.3	0.99	136.0	132.2	5.0	0.5
3	0.4	0.41	118.7	110.8	26.7	0.2
4	0.4	0.32	117.7	109.5	26.5	0.3
5	0.5	0.10	114.3	109.0	22.1	0.2
6	0.5	0.09	113.9	109.7	19.8	0.1
7	0.6	0.19	113.9	109.5	19.7	0.2
8	0.6	0.09	113.7	109.3	20.1	0.1
9	0.7	0.05	113.3	108.8	20.6	0.1
10	0.7	0.18	112.4	107.3	21.6	0.2
11	0.8	0.24	111.2	105.4	23.1	0.2
12	0.8	0.19	110.3	104.1	24.3	0.2
13	0.9	0.12	110.1	104.0	24.5	0.1
14	0.9	0.03	110.0	104.0	24.1	0.1
15	1.0	0.03	109.9	104.0	23.9	0.1
16	1.0	0.03	109.9	104.0	23.9	0.1
17	1.1	0.07	109.8	104.0	23.5	0.1
18	1.1	0.08	109.7	104.0	23.1	0.1
19	1.2	0.11	109.6	104.0	23.1	0.1
20	1.3	0.05	109.4	103.9	23.2	0.1
Gradient optimization: MAXIMUMITERATION


pdz_hi_sampled_seqs_cluster1_iter2:

OpenMP: Using 6 of 6 threads
Alphabet length:21
938 valid sequences out of 938 
41 sites, none trimmed because no target specified
Effective number of samples: 1.1	(20% identical neighborhood = 1.000 samples)
iter	time	cond	fx	-loglk	||h||	||e||
1	0.2	1.08	128.2	124.6	2.9	0.5
2	0.3	0.98	122.5	118.6	4.9	0.5
3	0.4	0.39	104.4	96.1	27.3	0.2
4	0.5	0.32	103.7	95.0	27.1	0.3
5	0.5	0.09	100.2	94.7	22.6	0.2
6	0.6	0.08	99.9	95.4	20.4	0.1
7	0.6	0.15	99.8	95.3	20.3	0.2
8	0.7	0.08	99.7	95.1	20.7	0.1
9	0.7	0.05	99.4	94.7	21.1	0.1
10	0.8	0.15	98.8	93.6	22.0	0.2
11	0.8	0.22	97.8	91.9	23.2	0.2
12	0.9	0.18	96.9	90.6	24.3	0.1
13	1.0	0.16	96.7	90.6	24.4	0.1
14	1.0	0.05	96.5	90.4	24.3	0.1
15	1.1	0.02	96.4	90.5	24.1	0.1
16	1.1	0.03	96.4	90.5	24.0	0.1
17	1.2	0.05	96.4	90.6	23.6	0.1
18	1.2	0.06	96.3	90.6	23.2	0.1
19	1.3	0.07	96.2	90.6	23.1	0.1
20	1.3	0.03	96.1	90.6	23.0	0.1
Gradient optimization: MAXIMUMITERATION


Iteration 3:

pdz_hi_sampled_seqs_cluster0_iter3:

OpenMP: Using 6 of 6 threads
Alphabet length:21
1147 valid sequences out of 1147 
41 sites, none trimmed because no target specified
Effective number of samples: 1.2	(20% identical neighborhood = 1.000 samples)
iter	time	cond	fx	-loglk	||h||	||e||
1	0.2	1.09	138.4	135.0	2.9	0.5
2	0.3	0.98	132.5	128.7	4.9	0.5
3	0.3	0.43	116.1	107.9	27.1	0.2
4	0.4	0.32	114.8	106.3	26.7	0.3
5	0.5	0.10	111.1	105.8	22.1	0.2
6	0.5	0.09	110.7	106.5	19.6	0.1
7	0.6	0.09	110.6	106.4	19.6	0.1
8	0.6	0.09	110.5	106.1	20.1	0.1
9	0.7	0.21	109.7	104.6	22.1	0.1
10	0.7	0.14	108.6	102.6	23.9	0.1
11	0.8	0.07	107.4	100.9	25.0	0.1
12	0.9	0.15	107.1	100.8	24.4	0.2
13	0.9	0.05	106.9	100.9	24.0	0.1
14	1.0	0.02	106.8	101.0	23.8	0.1
15	1.0	0.02	106.8	101.0	23.8	0.1
16	1.1	0.04	106.7	101.0	23.5	0.1
17	1.1	0.07	106.5	100.9	23.3	0.1
18	1.1	0.09	106.4	100.7	23.2	0.1
19	1.2	0.04	106.2	100.5	23.4	0.1
20	1.2	0.02	106.2	100.3	23.9	0.1
Gradient optimization: MAXIMUMITERATION


pdz_hi_sampled_seqs_cluster1_iter3:

OpenMP: Using 6 of 6 threads
Alphabet length:21
853 valid sequences out of 853 
41 sites, none trimmed because no target specified
Effective number of samples: 1.1	(20% identical neighborhood = 1.000 samples)
iter	time	cond	fx	-loglk	||h||	||e||
1	0.1	1.08	127.0	123.3	2.9	0.5
2	0.2	0.98	121.3	117.3	4.9	0.5
3	0.3	0.39	103.3	94.8	27.5	0.2
4	0.4	0.33	102.4	93.6	27.2	0.3
5	0.4	0.09	98.7	93.2	22.5	0.2
6	0.5	0.08	98.3	93.9	20.4	0.1
7	0.5	0.14	98.3	93.8	20.4	0.1
8	0.5	0.08	98.2	93.6	20.7	0.1
9	0.6	0.05	97.8	93.0	21.2	0.1
10	0.6	0.16	97.1	91.7	22.3	0.2
11	0.7	0.21	96.0	90.0	23.7	0.2
12	0.7	0.19	95.3	88.8	24.5	0.2
13	0.8	0.10	95.0	88.8	24.8	0.1
14	0.8	0.03	94.9	88.8	24.3	0.1
15	0.9	0.02	94.9	88.9	24.1	0.1
16	0.9	0.03	94.9	88.9	24.0	0.1
17	0.9	0.05	94.8	89.0	23.5	0.1
18	1.0	0.11	94.7	89.0	23.1	0.1
19	1.0	0.05	94.6	89.0	23.2	0.1
20	1.1	0.03	94.5	88.7	23.6	0.1
Gradient optimization: MAXIMUMITERATION


Iteration 4:

pdz_hi_sampled_seqs_cluster0_iter4:

OpenMP: Using 6 of 6 threads
Alphabet length:21
1168 valid sequences out of 1168 
41 sites, none trimmed because no target specified
Effective number of samples: 1.2	(20% identical neighborhood = 1.000 samples)
iter	time	cond	fx	-loglk	||h||	||e||
1	0.1	1.09	137.0	133.6	2.9	0.5
2	0.3	0.97	131.1	127.4	4.9	0.5
3	0.3	0.44	115.2	106.8	27.2	0.2
4	0.4	0.33	113.8	105.2	26.8	0.3
5	0.5	0.11	109.9	104.5	22.1	0.2
6	0.5	0.09	109.5	105.3	19.5	0.1
7	0.6	0.09	109.4	105.3	19.5	0.1
8	0.6	0.08	109.2	104.9	20.0	0.1
9	0.7	0.19	108.6	103.7	21.7	0.1
10	0.7	0.14	107.6	101.8	23.5	0.1
11	0.8	0.06	106.3	99.8	25.0	0.1
12	0.9	0.15	106.0	99.6	24.5	0.2
13	0.9	0.03	105.7	99.7	24.1	0.1
14	1.0	0.03	105.6	99.8	23.8	0.1
15	1.0	0.02	105.6	99.9	23.5	0.1
16	1.1	0.03	105.5	100.0	23.3	0.1
17	1.2	0.09	105.5	100.0	23.1	0.1
18	1.2	0.05	105.2	99.7	23.0	0.1
19	1.2	0.03	105.0	99.2	23.8	0.1
20	1.3	0.04	105.0	98.9	24.2	0.1
Gradient optimization: MAXIMUMITERATION


pdz_hi_sampled_seqs_cluster1_iter4:

OpenMP: Using 6 of 6 threads
Alphabet length:21
832 valid sequences out of 832 
41 sites, none trimmed because no target specified
Effective number of samples: 1.1	(20% identical neighborhood = 1.000 samples)
iter	time	cond	fx	-loglk	||h||	||e||
1	0.1	1.08	126.9	123.2	2.9	0.5
2	0.2	0.98	121.2	117.1	4.9	0.5
3	0.3	0.39	103.0	94.5	27.5	0.2
4	0.3	0.33	102.2	93.4	27.2	0.3
5	0.4	0.09	98.4	92.9	22.5	0.2
6	0.4	0.08	98.1	93.6	20.5	0.1
7	0.5	0.13	98.1	93.5	20.4	0.1
8	0.5	0.08	97.9	93.3	20.7	0.1
9	0.6	0.06	97.5	92.7	21.4	0.1
10	0.6	0.16	96.7	91.3	22.5	0.2
11	0.7	0.21	95.6	89.5	24.0	0.2
12	0.7	0.31	95.4	88.3	24.5	0.3
13	0.8	0.07	94.7	88.4	24.8	0.1
14	0.8	0.03	94.6	88.6	24.3	0.1
15	0.8	0.03	94.6	88.6	24.1	0.1
16	0.9	0.04	94.6	88.6	24.0	0.1
17	0.9	0.05	94.5	88.6	23.6	0.1
18	1.0	0.13	94.5	88.4	23.6	0.2
19	1.0	0.05	94.3	88.4	23.6	0.1
20	1.1	0.02	94.2	88.3	23.9	0.1
Gradient optimization: MAXIMUMITERATION


Iteration 5:

pdz_hi_sampled_seqs_cluster0_iter5:

OpenMP: Using 6 of 6 threads
Alphabet length:21
1162 valid sequences out of 1162 
41 sites, none trimmed because no target specified
Effective number of samples: 1.2	(20% identical neighborhood = 1.000 samples)
iter	time	cond	fx	-loglk	||h||	||e||
1	0.2	1.09	135.6	132.2	2.9	0.5
2	0.3	0.97	129.8	126.1	4.9	0.5
3	0.3	0.44	114.0	105.6	27.3	0.2
4	0.4	0.33	112.5	103.9	26.9	0.3
5	0.5	0.11	108.6	103.3	22.1	0.2
6	0.5	0.09	108.2	104.1	19.5	0.1
7	0.6	0.09	108.1	104.0	19.5	0.1
8	0.7	0.08	108.0	103.7	20.0	0.1
9	0.7	0.17	107.4	102.5	21.6	0.1
10	0.8	0.13	106.4	100.6	23.4	0.1
11	0.8	0.05	105.1	98.6	25.1	0.1
12	0.9	0.15	104.8	98.4	24.7	0.1
13	1.0	0.03	104.5	98.4	24.2	0.1
14	1.0	0.03	104.4	98.6	23.8	0.1
15	1.1	0.02	104.4	98.7	23.5	0.1
16	1.1	0.03	104.3	98.8	23.3	0.1
17	1.2	0.10	104.2	98.7	23.0	0.1
18	1.2	0.05	103.9	98.4	23.1	0.1
19	1.3	0.03	103.8	97.9	23.9	0.1
20	1.3	0.05	103.7	97.6	24.4	0.1
Gradient optimization: MAXIMUMITERATION


pdz_hi_sampled_seqs_cluster1_iter5:

OpenMP: Using 6 of 6 threads
Alphabet length:21
838 valid sequences out of 838 
41 sites, none trimmed because no target specified
Effective number of samples: 1.1	(20% identical neighborhood = 1.000 samples)
iter	time	cond	fx	-loglk	||h||	||e||
1	0.1	1.08	128.1	124.4	2.9	0.5
2	0.2	0.99	122.4	118.4	4.9	0.5
3	0.3	0.39	104.1	95.7	27.4	0.2
4	0.3	0.33	103.3	94.5	27.2	0.3
5	0.4	0.09	99.5	94.1	22.5	0.2
6	0.4	0.08	99.2	94.7	20.5	0.1
7	0.5	0.13	99.2	94.7	20.4	0.1
8	0.5	0.08	99.0	94.5	20.7	0.1
9	0.6	0.06	98.6	93.7	21.4	0.1
10	0.6	0.17	97.8	92.3	22.6	0.2
11	0.7	0.20	96.7	90.5	24.1	0.2
12	0.7	0.23	96.4	90.0	24.2	0.2
13	0.8	0.10	95.9	89.5	24.7	0.1
14	0.8	0.03	95.8	89.6	24.4	0.1
15	0.9	0.03	95.7	89.6	24.2	0.1
16	0.9	0.04	95.7	89.7	24.0	0.1
17	0.9	0.04	95.6	89.8	23.5	0.1
18	1.0	0.05	95.6	89.9	23.3	0.1
19	1.0	0.02	95.5	89.9	23.2	0.1
20	1.1	0.05	95.4	89.8	23.3	0.1
Gradient optimization: MAXIMUMITERATION


Iteration 6:

pdz_hi_sampled_seqs_cluster0_iter6:

OpenMP: Using 6 of 6 threads
Alphabet length:21
1171 valid sequences out of 1171 
41 sites, none trimmed because no target specified
Effective number of samples: 1.2	(20% identical neighborhood = 1.000 samples)
iter	time	cond	fx	-loglk	||h||	||e||
1	0.2	1.09	135.7	132.3	2.9	0.5
2	0.3	0.97	129.9	126.1	4.9	0.5
3	0.4	0.44	114.1	105.6	27.3	0.2
4	0.5	0.32	112.6	103.9	26.9	0.3
5	0.5	0.11	108.6	103.3	22.1	0.2
6	0.6	0.09	108.3	104.2	19.5	0.1
7	0.7	0.09	108.2	104.0	19.5	0.1
8	0.7	0.08	108.0	103.7	20.1	0.1
9	0.8	0.17	107.5	102.6	21.6	0.1
10	0.8	0.13	106.4	100.7	23.4	0.1
11	0.9	0.05	105.1	98.7	25.1	0.1
12	1.0	0.15	104.8	98.4	24.7	0.1
13	1.0	0.03	104.5	98.5	24.2	0.1
14	1.1	0.03	104.5	98.7	23.8	0.1
15	1.1	0.02	104.4	98.8	23.5	0.1
16	1.2	0.03	104.4	98.8	23.3	0.1
17	1.2	0.20	104.3	98.8	22.7	0.2
18	1.3	0.05	104.0	98.4	23.1	0.1
19	1.3	0.04	103.8	98.0	23.8	0.1
20	1.3	0.03	103.8	97.5	24.8	0.1
Gradient optimization: MAXIMUMITERATION


pdz_hi_sampled_seqs_cluster1_iter6:

OpenMP: Using 6 of 6 threads
Alphabet length:21
829 valid sequences out of 829 
41 sites, none trimmed because no target specified
Effective number of samples: 1.1	(20% identical neighborhood = 1.000 samples)
iter	time	cond	fx	-loglk	||h||	||e||
1	0.1	1.08	127.9	124.2	2.9	0.5
2	0.2	0.99	122.2	118.1	4.9	0.5
3	0.3	0.39	103.9	95.5	27.4	0.2
4	0.4	0.33	103.1	94.3	27.1	0.3
5	0.4	0.09	99.3	93.9	22.5	0.2
6	0.5	0.08	99.1	94.5	20.5	0.1
7	0.5	0.13	99.0	94.5	20.4	0.1
8	0.6	0.08	98.8	94.3	20.7	0.1
9	0.6	0.06	98.4	93.5	21.4	0.1
10	0.7	0.17	97.6	92.0	22.6	0.2
11	0.7	0.20	96.4	90.3	24.1	0.2
12	0.8	0.22	96.3	89.9	24.2	0.2
13	0.8	0.10	95.7	89.3	24.8	0.1
14	0.9	0.03	95.6	89.4	24.5	0.1
15	0.9	0.03	95.5	89.4	24.2	0.1
16	1.0	0.04	95.5	89.5	24.0	0.1
17	1.0	0.04	95.4	89.6	23.5	0.1
18	1.1	0.05	95.4	89.7	23.2	0.1
19	1.1	0.02	95.3	89.7	23.2	0.1
20	1.2	0.06	95.2	89.6	23.3	0.1
Gradient optimization: MAXIMUMITERATION


Iteration 7:

pdz_hi_sampled_seqs_cluster0_iter7:

OpenMP: Using 6 of 6 threads
Alphabet length:21
1180 valid sequences out of 1180 
41 sites, none trimmed because no target specified
Effective number of samples: 1.2	(20% identical neighborhood = 1.000 samples)
iter	time	cond	fx	-loglk	||h||	||e||
1	0.2	1.09	135.8	132.4	2.9	0.5
2	0.3	0.97	130.0	126.2	4.9	0.5
3	0.4	0.44	114.2	105.7	27.4	0.2
4	0.4	0.32	112.7	104.0	26.9	0.3
5	0.5	0.11	108.7	103.4	22.1	0.2
6	0.5	0.09	108.4	104.2	19.5	0.1
7	0.6	0.09	108.2	104.1	19.6	0.1
8	0.7	0.08	108.1	103.8	20.1	0.1
9	0.8	0.17	107.6	102.7	21.6	0.1
10	0.8	0.13	106.5	100.8	23.4	0.1
11	0.9	0.05	105.2	98.8	25.1	0.1
12	0.9	0.15	104.9	98.5	24.7	0.1
13	1.0	0.03	104.6	98.6	24.2	0.1
14	1.1	0.03	104.6	98.8	23.8	0.1
15	1.1	0.02	104.5	98.9	23.5	0.1
16	1.1	0.03	104.5	98.9	23.3	0.1
17	1.2	0.20	104.4	98.9	22.7	0.1
18	1.2	0.05	104.1	98.5	23.1	0.1
19	1.2	0.04	103.9	98.1	23.8	0.1
20	1.3	0.03	103.9	97.6	24.8	0.1
Gradient optimization: MAXIMUMITERATION


pdz_hi_sampled_seqs_cluster1_iter7:

OpenMP: Using 6 of 6 threads
Alphabet length:21
820 valid sequences out of 820 
41 sites, none trimmed because no target specified
Effective number of samples: 1.1	(20% identical neighborhood = 1.000 samples)
iter	time	cond	fx	-loglk	||h||	||e||
1	0.1	1.08	127.7	124.1	2.9	0.5
2	0.2	0.99	122.0	118.0	4.9	0.5
3	0.3	0.39	103.7	95.3	27.4	0.2
4	0.4	0.33	102.9	94.2	27.1	0.3
5	0.4	0.09	99.2	93.7	22.5	0.2
6	0.4	0.08	98.9	94.4	20.5	0.1
7	0.5	0.13	98.8	94.3	20.4	0.1
8	0.5	0.08	98.7	94.1	20.7	0.1
9	0.6	0.07	98.2	93.3	21.5	0.1
10	0.6	0.17	97.3	91.8	22.7	0.2
11	0.7	0.19	96.2	90.0	24.2	0.1
12	0.7	0.21	96.1	89.7	24.2	0.2
13	0.8	0.10	95.5	89.2	24.8	0.1
14	0.8	0.03	95.4	89.2	24.5	0.1
15	0.9	0.03	95.4	89.3	24.3	0.1
16	0.9	0.04	95.3	89.3	24.0	0.1
17	0.9	0.05	95.3	89.5	23.5	0.1
18	1.0	0.05	95.2	89.7	23.0	0.1
19	1.0	0.03	95.2	89.6	23.2	0.1
20	1.1	0.07	95.1	89.3	23.6	0.1
Gradient optimization: MAXIMUMITERATION


Iteration 8:

pdz_hi_sampled_seqs_cluster0_iter8:

OpenMP: Using 6 of 6 threads
Alphabet length:21
1184 valid sequences out of 1184 
41 sites, none trimmed because no target specified
Effective number of samples: 1.2	(20% identical neighborhood = 1.000 samples)
iter	time	cond	fx	-loglk	||h||	||e||
1	0.2	1.09	135.9	132.5	2.9	0.5
2	0.3	0.97	130.1	126.3	4.9	0.5
3	0.4	0.44	114.3	105.8	27.4	0.2
4	0.4	0.32	112.8	104.1	26.9	0.3
5	0.5	0.11	108.9	103.5	22.1	0.2
6	0.6	0.09	108.5	104.4	19.5	0.1
7	0.6	0.09	108.4	104.3	19.6	0.1
8	0.7	0.08	108.3	103.9	20.1	0.1
9	0.7	0.17	107.7	102.8	21.6	0.1
10	0.8	0.13	106.7	100.9	23.4	0.1
11	0.8	0.05	105.4	98.9	25.1	0.1
12	0.9	0.15	105.0	98.6	24.7	0.1
13	1.0	0.03	104.7	98.7	24.2	0.1
14	1.0	0.03	104.7	98.9	23.8	0.1
15	1.1	0.02	104.7	99.0	23.5	0.1
16	1.1	0.03	104.6	99.0	23.3	0.1
17	1.2	0.20	104.6	99.1	22.7	0.1
18	1.2	0.05	104.2	98.7	23.1	0.1
19	1.2	0.04	104.1	98.2	23.8	0.1
20	1.3	0.03	104.0	97.7	24.8	0.1
Gradient optimization: MAXIMUMITERATION


pdz_hi_sampled_seqs_cluster1_iter8:

OpenMP: Using 6 of 6 threads
Alphabet length:21
816 valid sequences out of 816 
41 sites, none trimmed because no target specified
Effective number of samples: 1.1	(20% identical neighborhood = 1.000 samples)
iter	time	cond	fx	-loglk	||h||	||e||
1	0.2	1.08	127.5	123.8	2.9	0.5
2	0.3	0.99	121.8	117.8	4.9	0.5
3	0.3	0.39	103.5	95.1	27.4	0.2
4	0.4	0.33	102.7	94.0	27.1	0.3
5	0.4	0.09	99.0	93.5	22.5	0.2
6	0.5	0.08	98.7	94.2	20.5	0.1
7	0.5	0.13	98.6	94.1	20.4	0.1
8	0.5	0.08	98.5	93.9	20.7	0.1
9	0.6	0.07	98.0	93.1	21.5	0.1
10	0.6	0.17	97.1	91.6	22.7	0.2
11	0.7	0.19	96.0	89.8	24.2	0.1
12	0.7	0.21	95.9	89.5	24.2	0.2
13	0.8	0.10	95.3	89.0	24.8	0.1
14	0.8	0.03	95.2	89.0	24.5	0.1
15	0.9	0.03	95.2	89.1	24.3	0.1
16	0.9	0.04	95.1	89.1	24.0	0.1
17	1.0	0.05	95.1	89.3	23.5	0.1
18	1.0	0.04	95.0	89.5	23.0	0.1
19	1.0	0.03	95.0	89.4	23.2	0.1
20	1.1	0.07	94.9	89.1	23.6	0.1
Gradient optimization: MAXIMUMITERATION


Iteration 9:
TERMINATING: Repeated cluster assignments
