tuning/outputs/tuning_run_30/ created
tuning/outputs/tuning_run_30/iterations/ created
tuning/outputs/tuning_run_30/output/ created
{'msa-file-name': 'pdz_hi_sampled_seqs.fa', 'em_maxiter': 30, 'em_numclusters': 2, 'em_device': None, 'em_init': 'kmeans', 'em_no_iter_print': 0, 'plmc': '../../plmc/bin/plmc', 'output': 'tuning/outputs/tuning_run_30', 'fast': 0, 'scale': None, 'theta': '2', 'lambdah': '0.01', 'lambdae': '16.0', 'lambdag': None, 'gapignore': 1, 'maxiter': '20', 'ncores': 6, 'gapignore_tune': '1', 'fast_tune': '0', 'em_iter_print': 1, 'iterations_dir': 'tuning/outputs/tuning_run_30/iterations/', 'final_dir': 'tuning/outputs/tuning_run_30/output/', 'output_dir': 'tuning/outputs/tuning_run_30/', 'plmc_options': ['-t 2', '-lh 0.01', '-le 16.0', '-m 20', '-n 6', '-g'], 'device': device(type='cpu')}

Using cpu


Iteration 0:

pdz_hi_sampled_seqs_cluster0_iter0:

OpenMP: Using 6 of 6 threads
Alphabet length:21
824 valid sequences out of 824 
41 sites, none trimmed because no target specified
Theta not between 0 and 1, no sequence reweighting applied (N = 824.00)
iter	time	cond	fx	-loglk	||h||	||e||
1	0.1	31.89	59474.7	59439.9	43.4	1.0
2	0.2	36.43	52928.2	51356.7	43.6	9.9
3	0.2	36.49	51570.5	48989.0	43.6	12.7
4	0.3	23.06	50632.6	47054.4	43.6	14.9
5	0.3	17.62	49644.4	44640.6	43.5	17.7
6	0.3	25.58	48888.2	42674.5	43.5	19.7
7	0.4	18.29	48155.4	41294.6	43.5	20.7
8	0.4	11.41	47715.5	40742.7	43.5	20.8
9	0.5	10.93	47550.8	40648.0	43.5	20.7
10	0.5	8.52	47407.9	40440.9	43.6	20.8
11	0.6	9.99	47267.6	39822.9	43.6	21.5
12	0.6	10.25	47196.3	39191.8	43.6	22.3
13	0.6	4.94	47145.1	39036.2	43.6	22.5
14	0.7	3.62	47113.9	38821.8	43.6	22.7
15	0.7	3.40	47088.4	38648.0	43.6	22.9
16	0.8	8.35	47065.7	38444.6	43.6	23.2
17	0.8	2.48	47030.4	38404.9	43.6	23.2
18	0.9	2.24	47019.4	38522.7	43.7	23.0
19	0.9	2.73	47001.6	38710.5	43.7	22.7
20	1.0	2.20	46995.6	38760.2	43.7	22.7
Gradient optimization: MAXIMUMITERATION


pdz_hi_sampled_seqs_cluster1_iter0:

OpenMP: Using 6 of 6 threads
Alphabet length:21
1176 valid sequences out of 1176 
41 sites, none trimmed because no target specified
Theta not between 0 and 1, no sequence reweighting applied (N = 1176.00)
iter	time	cond	fx	-loglk	||h||	||e||
1	0.1	34.77	89637.1	89602.0	43.7	1.0
2	0.2	50.02	80074.4	77147.0	43.9	13.5
3	0.3	40.97	78602.0	74369.4	43.9	16.2
4	0.3	26.86	77788.9	72731.0	43.9	17.7
5	0.4	22.90	76670.9	70194.3	43.8	20.1
6	0.4	26.48	75941.3	68602.5	43.8	21.4
7	0.5	30.48	74925.8	65984.9	43.8	23.6
8	0.5	24.86	74346.2	64635.1	43.8	24.6
9	0.6	12.60	74052.6	64619.3	43.8	24.3
10	0.6	9.63	73916.8	64586.6	43.8	24.1
11	0.7	10.62	73770.3	64267.0	43.9	24.3
12	0.7	17.38	73629.4	63590.7	43.9	25.0
13	0.8	7.28	73487.3	63166.1	43.9	25.4
14	0.8	6.48	73423.5	62956.0	43.9	25.6
15	0.8	5.56	73349.5	62652.0	43.9	25.8
16	0.9	11.45	73317.8	62333.3	43.9	26.2
17	0.9	3.30	73267.4	62205.2	43.9	26.3
18	1.0	2.64	73255.3	62217.8	44.0	26.2
19	1.0	3.12	73236.8	62191.2	44.0	26.3
20	1.1	4.55	73227.1	62140.2	44.0	26.3
Gradient optimization: MAXIMUMITERATION


Iteration 1:
TERMINATING: Repeated cluster assignments
