tuning/outputs/tuning_run_50/ created
tuning/outputs/tuning_run_50/iterations/ created
tuning/outputs/tuning_run_50/output/ created
{'msa-file-name': 'pdz_hi_sampled_seqs.fa', 'em_maxiter': 30, 'em_numclusters': 2, 'em_device': None, 'em_init': 'kmeans', 'em_no_iter_print': 0, 'plmc': '../../plmc/bin/plmc', 'output': 'tuning/outputs/tuning_run_50', 'fast': 0, 'scale': None, 'theta': '2', 'lambdah': '0.01', 'lambdae': '16.0', 'lambdag': None, 'gapignore': 0, 'maxiter': '2', 'ncores': 6, 'gapignore_tune': '0', 'fast_tune': '0', 'em_iter_print': 1, 'iterations_dir': 'tuning/outputs/tuning_run_50/iterations/', 'final_dir': 'tuning/outputs/tuning_run_50/output/', 'output_dir': 'tuning/outputs/tuning_run_50/', 'plmc_options': ['-t 2', '-lh 0.01', '-le 16.0', '-m 2', '-n 6'], 'device': device(type='cpu')}

Using cpu


Iteration 0:

pdz_hi_sampled_seqs_cluster0_iter0:

OpenMP: Using 6 of 6 threads
Alphabet length:21
821 valid sequences out of 821 
41 sites, none trimmed because no target specified
Theta not between 0 and 1, no sequence reweighting applied (N = 821.00)
iter	time	cond	fx	-loglk	||h||	||e||
1	0.1	30.06	59334.9	59297.8	46.1	1.0
2	0.2	34.12	52918.1	51442.0	46.2	9.5
Gradient optimization: MAXIMUMITERATION


pdz_hi_sampled_seqs_cluster1_iter0:

OpenMP: Using 6 of 6 threads
Alphabet length:21
1179 valid sequences out of 1179 
41 sites, none trimmed because no target specified
Theta not between 0 and 1, no sequence reweighting applied (N = 1179.00)
iter	time	cond	fx	-loglk	||h||	||e||
1	0.2	32.35	89863.6	89825.3	47.3	1.0
2	0.2	44.93	80453.4	77759.2	47.5	12.9
Gradient optimization: MAXIMUMITERATION


Iteration 1:

pdz_hi_sampled_seqs_cluster0_iter1:

OpenMP: Using 6 of 6 threads
Alphabet length:21
822 valid sequences out of 822 
41 sites, none trimmed because no target specified
Theta not between 0 and 1, no sequence reweighting applied (N = 822.00)
iter	time	cond	fx	-loglk	||h||	||e||
1	0.1	30.07	59406.8	59369.6	46.1	1.0
2	0.1	34.18	52982.0	51502.3	46.3	9.5
Gradient optimization: MAXIMUMITERATION


pdz_hi_sampled_seqs_cluster1_iter1:

OpenMP: Using 6 of 6 threads
Alphabet length:21
1178 valid sequences out of 1178 
41 sites, none trimmed because no target specified
Theta not between 0 and 1, no sequence reweighting applied (N = 1178.00)
iter	time	cond	fx	-loglk	||h||	||e||
1	0.1	32.36	89787.7	89749.4	47.3	1.0
2	0.2	44.90	80380.7	77689.1	47.5	12.9
Gradient optimization: MAXIMUMITERATION


Iteration 2:
TERMINATING: Repeated cluster assignments
