tuning/outputs/tuning_run_33/ created
tuning/outputs/tuning_run_33/iterations/ created
tuning/outputs/tuning_run_33/output/ created
{'msa-file-name': 'pdz_hi_sampled_seqs.fa', 'em_maxiter': 30, 'em_numclusters': 2, 'em_device': None, 'em_init': 'random', 'em_no_iter_print': 0, 'plmc': '../../plmc/bin/plmc', 'output': 'tuning/outputs/tuning_run_33', 'fast': 1, 'scale': None, 'theta': '0.8', 'lambdah': '0.01', 'lambdae': '16.0', 'lambdag': None, 'gapignore': 0, 'maxiter': '2', 'ncores': 6, 'gapignore_tune': '0', 'fast_tune': '1', 'em_iter_print': 1, 'iterations_dir': 'tuning/outputs/tuning_run_33/iterations/', 'final_dir': 'tuning/outputs/tuning_run_33/output/', 'output_dir': 'tuning/outputs/tuning_run_33/', 'plmc_options': ['-t 0.8', '-lh 0.01', '-le 16.0', '-m 2', '-n 6', '--fast'], 'device': device(type='cpu')}

Using cpu


Iteration 0:

pdz_hi_sampled_seqs_cluster0_iter0:

OpenMP: Using 6 of 6 threads
Alphabet length:21
1000 valid sequences out of 1000 
41 sites, none trimmed because no target specified
Clustering..........
Effective number of samples: 1.2	(20% identical neighborhood = 1.000 samples)
iter	time	obj	|x|	|g|	crit
1	0.1	145.7	0.0	0.0	0.0


pdz_hi_sampled_seqs_cluster1_iter0:

OpenMP: Using 6 of 6 threads
Alphabet length:21
1000 valid sequences out of 1000 
41 sites, none trimmed because no target specified
Clustering..........
Effective number of samples: 1.3	(20% identical neighborhood = 1.000 samples)
iter	time	obj	|x|	|g|	crit
1	0.1	146.2	0.0	0.0	0.0


Iteration 1:

pdz_hi_sampled_seqs_cluster0_iter1:

OpenMP: Using 6 of 6 threads
Alphabet length:21
1025 valid sequences out of 1025 
41 sites, none trimmed because no target specified
Clustering..........
Effective number of samples: 1.2	(20% identical neighborhood = 1.000 samples)
iter	time	obj	|x|	|g|	crit
1	0.1	144.7	0.0	0.0	0.0


pdz_hi_sampled_seqs_cluster1_iter1:

OpenMP: Using 6 of 6 threads
Alphabet length:21
975 valid sequences out of 975 
41 sites, none trimmed because no target specified
Clustering..........
Effective number of samples: 1.3	(20% identical neighborhood = 1.000 samples)
iter	time	obj	|x|	|g|	crit
1	0.1	147.2	0.0	0.0	0.0


Iteration 2:

pdz_hi_sampled_seqs_cluster0_iter2:

OpenMP: Using 6 of 6 threads
Alphabet length:21
1013 valid sequences out of 1013 
41 sites, none trimmed because no target specified
Clustering..........
Effective number of samples: 1.2	(20% identical neighborhood = 1.000 samples)
iter	time	obj	|x|	|g|	crit
1	0.1	145.1	0.0	0.0	0.0


pdz_hi_sampled_seqs_cluster1_iter2:

OpenMP: Using 6 of 6 threads
Alphabet length:21
987 valid sequences out of 987 
41 sites, none trimmed because no target specified
Clustering..........
Effective number of samples: 1.3	(20% identical neighborhood = 1.000 samples)
iter	time	obj	|x|	|g|	crit
1	0.1	146.4	0.0	0.0	0.0


Iteration 3:

pdz_hi_sampled_seqs_cluster0_iter3:

OpenMP: Using 6 of 6 threads
Alphabet length:21
1031 valid sequences out of 1031 
41 sites, none trimmed because no target specified
Clustering..........
Effective number of samples: 1.2	(20% identical neighborhood = 1.000 samples)
iter	time	obj	|x|	|g|	crit
1	0.1	144.9	0.0	0.0	0.0


pdz_hi_sampled_seqs_cluster1_iter3:

OpenMP: Using 6 of 6 threads
Alphabet length:21
969 valid sequences out of 969 
41 sites, none trimmed because no target specified
Clustering..........
Effective number of samples: 1.3	(20% identical neighborhood = 1.000 samples)
iter	time	obj	|x|	|g|	crit
1	0.1	146.3	0.0	0.0	0.0


Iteration 4:

pdz_hi_sampled_seqs_cluster0_iter4:

OpenMP: Using 6 of 6 threads
Alphabet length:21
1034 valid sequences out of 1034 
41 sites, none trimmed because no target specified
Clustering..........
Effective number of samples: 1.2	(20% identical neighborhood = 1.000 samples)
iter	time	obj	|x|	|g|	crit
1	0.1	145.2	0.0	0.0	0.0


pdz_hi_sampled_seqs_cluster1_iter4:

OpenMP: Using 6 of 6 threads
Alphabet length:21
966 valid sequences out of 966 
41 sites, none trimmed because no target specified
Clustering..........
Effective number of samples: 1.3	(20% identical neighborhood = 1.000 samples)
iter	time	obj	|x|	|g|	crit
1	0.1	145.9	0.0	0.0	0.0


Iteration 5:

pdz_hi_sampled_seqs_cluster0_iter5:

OpenMP: Using 6 of 6 threads
Alphabet length:21
1035 valid sequences out of 1035 
41 sites, none trimmed because no target specified
Clustering..........
Effective number of samples: 1.2	(20% identical neighborhood = 1.000 samples)
iter	time	obj	|x|	|g|	crit
1	0.1	145.1	0.0	0.0	0.0


pdz_hi_sampled_seqs_cluster1_iter5:

OpenMP: Using 6 of 6 threads
Alphabet length:21
965 valid sequences out of 965 
41 sites, none trimmed because no target specified
Clustering..........
Effective number of samples: 1.3	(20% identical neighborhood = 1.000 samples)
iter	time	obj	|x|	|g|	crit
1	0.1	146.3	0.0	0.0	0.0


Iteration 6:

pdz_hi_sampled_seqs_cluster0_iter6:

OpenMP: Using 6 of 6 threads
Alphabet length:21
1023 valid sequences out of 1023 
41 sites, none trimmed because no target specified
Clustering..........
Effective number of samples: 1.2	(20% identical neighborhood = 1.000 samples)
iter	time	obj	|x|	|g|	crit
1	0.1	144.5	0.0	0.0	0.0


pdz_hi_sampled_seqs_cluster1_iter6:

OpenMP: Using 6 of 6 threads
Alphabet length:21
977 valid sequences out of 977 
41 sites, none trimmed because no target specified
Clustering..........
Effective number of samples: 1.3	(20% identical neighborhood = 1.000 samples)
iter	time	obj	|x|	|g|	crit
1	0.1	146.6	0.0	0.0	0.0


Iteration 7:

pdz_hi_sampled_seqs_cluster0_iter7:

OpenMP: Using 6 of 6 threads
Alphabet length:21
1029 valid sequences out of 1029 
41 sites, none trimmed because no target specified
Clustering..........
Effective number of samples: 1.2	(20% identical neighborhood = 1.000 samples)
iter	time	obj	|x|	|g|	crit
1	0.1	144.5	0.0	0.0	0.0


pdz_hi_sampled_seqs_cluster1_iter7:

OpenMP: Using 6 of 6 threads
Alphabet length:21
971 valid sequences out of 971 
41 sites, none trimmed because no target specified
Clustering..........
Effective number of samples: 1.3	(20% identical neighborhood = 1.000 samples)
iter	time	obj	|x|	|g|	crit
1	0.1	146.4	0.0	0.0	0.0


Iteration 8:

pdz_hi_sampled_seqs_cluster0_iter8:

OpenMP: Using 6 of 6 threads
Alphabet length:21
1004 valid sequences out of 1004 
41 sites, none trimmed because no target specified
Clustering..........
Effective number of samples: 1.2	(20% identical neighborhood = 1.000 samples)
iter	time	obj	|x|	|g|	crit
1	0.1	144.7	0.0	0.0	0.0


pdz_hi_sampled_seqs_cluster1_iter8:

OpenMP: Using 6 of 6 threads
Alphabet length:21
996 valid sequences out of 996 
41 sites, none trimmed because no target specified
Clustering..........
Effective number of samples: 1.2	(20% identical neighborhood = 1.000 samples)
iter	time	obj	|x|	|g|	crit
1	0.1	145.8	0.0	0.0	0.0


Iteration 9:

pdz_hi_sampled_seqs_cluster0_iter9:

OpenMP: Using 6 of 6 threads
Alphabet length:21
1000 valid sequences out of 1000 
41 sites, none trimmed because no target specified
Clustering..........
Effective number of samples: 1.2	(20% identical neighborhood = 1.000 samples)
iter	time	obj	|x|	|g|	crit
1	0.1	144.6	0.0	0.0	0.0


pdz_hi_sampled_seqs_cluster1_iter9:

OpenMP: Using 6 of 6 threads
Alphabet length:21
1000 valid sequences out of 1000 
41 sites, none trimmed because no target specified
Clustering..........
Effective number of samples: 1.2	(20% identical neighborhood = 1.000 samples)
iter	time	obj	|x|	|g|	crit
1	0.1	145.8	0.0	0.0	0.0


Iteration 10:

pdz_hi_sampled_seqs_cluster0_iter10:

OpenMP: Using 6 of 6 threads
Alphabet length:21
997 valid sequences out of 997 
41 sites, none trimmed because no target specified
Clustering..........
Effective number of samples: 1.2	(20% identical neighborhood = 1.000 samples)
iter	time	obj	|x|	|g|	crit
1	0.1	144.8	0.0	0.0	0.0


pdz_hi_sampled_seqs_cluster1_iter10:

OpenMP: Using 6 of 6 threads
Alphabet length:21
1003 valid sequences out of 1003 
41 sites, none trimmed because no target specified
Clustering..........
Effective number of samples: 1.2	(20% identical neighborhood = 1.000 samples)
iter	time	obj	|x|	|g|	crit
1	0.1	145.4	0.0	0.0	0.0


Iteration 11:

pdz_hi_sampled_seqs_cluster0_iter11:

OpenMP: Using 6 of 6 threads
Alphabet length:21
979 valid sequences out of 979 
41 sites, none trimmed because no target specified
Clustering..........
Effective number of samples: 1.2	(20% identical neighborhood = 1.000 samples)
iter	time	obj	|x|	|g|	crit
1	0.1	145.2	0.0	0.0	0.0


pdz_hi_sampled_seqs_cluster1_iter11:

OpenMP: Using 6 of 6 threads
Alphabet length:21
1021 valid sequences out of 1021 
41 sites, none trimmed because no target specified
Clustering..........
Effective number of samples: 1.2	(20% identical neighborhood = 1.000 samples)
iter	time	obj	|x|	|g|	crit
1	0.1	144.7	0.0	0.0	0.0


Iteration 12:

pdz_hi_sampled_seqs_cluster0_iter12:

OpenMP: Using 6 of 6 threads
Alphabet length:21
974 valid sequences out of 974 
41 sites, none trimmed because no target specified
Clustering..........
Effective number of samples: 1.2	(20% identical neighborhood = 1.000 samples)
iter	time	obj	|x|	|g|	crit
1	0.1	145.3	0.0	0.0	0.0


pdz_hi_sampled_seqs_cluster1_iter12:

OpenMP: Using 6 of 6 threads
Alphabet length:21
1026 valid sequences out of 1026 
41 sites, none trimmed because no target specified
Clustering..........
Effective number of samples: 1.2	(20% identical neighborhood = 1.000 samples)
iter	time	obj	|x|	|g|	crit
1	0.1	144.4	0.0	0.0	0.0


Iteration 13:

pdz_hi_sampled_seqs_cluster0_iter13:

OpenMP: Using 6 of 6 threads
Alphabet length:21
963 valid sequences out of 963 
41 sites, none trimmed because no target specified
Clustering..........
Effective number of samples: 1.2	(20% identical neighborhood = 1.000 samples)
iter	time	obj	|x|	|g|	crit
1	0.1	145.5	0.0	0.0	0.0


pdz_hi_sampled_seqs_cluster1_iter13:

OpenMP: Using 6 of 6 threads
Alphabet length:21
1037 valid sequences out of 1037 
41 sites, none trimmed because no target specified
Clustering..........
Effective number of samples: 1.2	(20% identical neighborhood = 1.000 samples)
iter	time	obj	|x|	|g|	crit
1	0.1	144.2	0.0	0.0	0.0


Iteration 14:

pdz_hi_sampled_seqs_cluster0_iter14:

OpenMP: Using 6 of 6 threads
Alphabet length:21
961 valid sequences out of 961 
41 sites, none trimmed because no target specified
Clustering..........
Effective number of samples: 1.2	(20% identical neighborhood = 1.000 samples)
iter	time	obj	|x|	|g|	crit
1	0.1	145.5	0.0	0.0	0.0


pdz_hi_sampled_seqs_cluster1_iter14:

OpenMP: Using 6 of 6 threads
Alphabet length:21
1039 valid sequences out of 1039 
41 sites, none trimmed because no target specified
Clustering..........
Effective number of samples: 1.2	(20% identical neighborhood = 1.000 samples)
iter	time	obj	|x|	|g|	crit
1	0.1	143.9	0.0	0.0	0.0


Iteration 15:

pdz_hi_sampled_seqs_cluster0_iter15:

OpenMP: Using 6 of 6 threads
Alphabet length:21
951 valid sequences out of 951 
41 sites, none trimmed because no target specified
Clustering..........
Effective number of samples: 1.2	(20% identical neighborhood = 1.000 samples)
iter	time	obj	|x|	|g|	crit
1	0.1	145.0	0.0	0.0	0.0


pdz_hi_sampled_seqs_cluster1_iter15:

OpenMP: Using 6 of 6 threads
Alphabet length:21
1049 valid sequences out of 1049 
41 sites, none trimmed because no target specified
Clustering..........
Effective number of samples: 1.2	(20% identical neighborhood = 1.000 samples)
iter	time	obj	|x|	|g|	crit
1	0.1	144.0	0.0	0.0	0.0


Iteration 16:

pdz_hi_sampled_seqs_cluster0_iter16:

OpenMP: Using 6 of 6 threads
Alphabet length:21
933 valid sequences out of 933 
41 sites, none trimmed because no target specified
Clustering..........
Effective number of samples: 1.2	(20% identical neighborhood = 1.000 samples)
iter	time	obj	|x|	|g|	crit
1	0.1	145.4	0.0	0.0	0.0


pdz_hi_sampled_seqs_cluster1_iter16:

OpenMP: Using 6 of 6 threads
Alphabet length:21
1067 valid sequences out of 1067 
41 sites, none trimmed because no target specified
Clustering..........
Effective number of samples: 1.2	(20% identical neighborhood = 1.000 samples)
iter	time	obj	|x|	|g|	crit
1	0.1	143.5	0.0	0.0	0.0


Iteration 17:

pdz_hi_sampled_seqs_cluster0_iter17:

OpenMP: Using 6 of 6 threads
Alphabet length:21
944 valid sequences out of 944 
41 sites, none trimmed because no target specified
Clustering..........
Effective number of samples: 1.2	(20% identical neighborhood = 1.000 samples)
iter	time	obj	|x|	|g|	crit
1	0.1	145.1	0.0	0.0	0.0


pdz_hi_sampled_seqs_cluster1_iter17:

OpenMP: Using 6 of 6 threads
Alphabet length:21
1056 valid sequences out of 1056 
41 sites, none trimmed because no target specified
Clustering..........
Effective number of samples: 1.2	(20% identical neighborhood = 1.000 samples)
iter	time	obj	|x|	|g|	crit
1	0.1	143.1	0.0	0.0	0.0


Iteration 18:

pdz_hi_sampled_seqs_cluster0_iter18:

OpenMP: Using 6 of 6 threads
Alphabet length:21
935 valid sequences out of 935 
41 sites, none trimmed because no target specified
Clustering..........
Effective number of samples: 1.2	(20% identical neighborhood = 1.000 samples)
iter	time	obj	|x|	|g|	crit
1	0.1	144.6	0.0	0.0	0.0


pdz_hi_sampled_seqs_cluster1_iter18:

OpenMP: Using 6 of 6 threads
Alphabet length:21
1065 valid sequences out of 1065 
41 sites, none trimmed because no target specified
Clustering..........
Effective number of samples: 1.2	(20% identical neighborhood = 1.000 samples)
iter	time	obj	|x|	|g|	crit
1	0.1	143.1	0.0	0.0	0.0


Iteration 19:

pdz_hi_sampled_seqs_cluster0_iter19:

OpenMP: Using 6 of 6 threads
Alphabet length:21
931 valid sequences out of 931 
41 sites, none trimmed because no target specified
Clustering..........
Effective number of samples: 1.2	(20% identical neighborhood = 1.000 samples)
iter	time	obj	|x|	|g|	crit
1	0.1	144.6	0.0	0.0	0.0


pdz_hi_sampled_seqs_cluster1_iter19:

OpenMP: Using 6 of 6 threads
Alphabet length:21
1069 valid sequences out of 1069 
41 sites, none trimmed because no target specified
Clustering..........
Effective number of samples: 1.2	(20% identical neighborhood = 1.000 samples)
iter	time	obj	|x|	|g|	crit
1	0.1	143.1	0.0	0.0	0.0


Iteration 20:

pdz_hi_sampled_seqs_cluster0_iter20:

OpenMP: Using 6 of 6 threads
Alphabet length:21
915 valid sequences out of 915 
41 sites, none trimmed because no target specified
Clustering..........
Effective number of samples: 1.2	(20% identical neighborhood = 1.000 samples)
iter	time	obj	|x|	|g|	crit
1	0.1	144.0	0.0	0.0	0.0


pdz_hi_sampled_seqs_cluster1_iter20:

OpenMP: Using 6 of 6 threads
Alphabet length:21
1085 valid sequences out of 1085 
41 sites, none trimmed because no target specified
Clustering..........
Effective number of samples: 1.2	(20% identical neighborhood = 1.000 samples)
iter	time	obj	|x|	|g|	crit
1	0.1	142.9	0.0	0.0	0.0


Iteration 21:

pdz_hi_sampled_seqs_cluster0_iter21:

OpenMP: Using 6 of 6 threads
Alphabet length:21
908 valid sequences out of 908 
41 sites, none trimmed because no target specified
Clustering..........
Effective number of samples: 1.2	(20% identical neighborhood = 1.000 samples)
iter	time	obj	|x|	|g|	crit
1	0.1	143.5	0.0	0.0	0.0


pdz_hi_sampled_seqs_cluster1_iter21:

OpenMP: Using 6 of 6 threads
Alphabet length:21
1092 valid sequences out of 1092 
41 sites, none trimmed because no target specified
Clustering..........
Effective number of samples: 1.2	(20% identical neighborhood = 1.000 samples)
iter	time	obj	|x|	|g|	crit
1	0.1	142.7	0.0	0.0	0.0


Iteration 22:

pdz_hi_sampled_seqs_cluster0_iter22:

OpenMP: Using 6 of 6 threads
Alphabet length:21
908 valid sequences out of 908 
41 sites, none trimmed because no target specified
Clustering..........
Effective number of samples: 1.2	(20% identical neighborhood = 1.000 samples)
iter	time	obj	|x|	|g|	crit
1	0.1	142.9	0.0	0.0	0.0


pdz_hi_sampled_seqs_cluster1_iter22:

OpenMP: Using 6 of 6 threads
Alphabet length:21
1092 valid sequences out of 1092 
41 sites, none trimmed because no target specified
Clustering..........
Effective number of samples: 1.2	(20% identical neighborhood = 1.000 samples)
iter	time	obj	|x|	|g|	crit
1	0.1	142.8	0.0	0.0	0.0


Iteration 23:

pdz_hi_sampled_seqs_cluster0_iter23:

OpenMP: Using 6 of 6 threads
Alphabet length:21
901 valid sequences out of 901 
41 sites, none trimmed because no target specified
Clustering..........
Effective number of samples: 1.2	(20% identical neighborhood = 1.000 samples)
iter	time	obj	|x|	|g|	crit
1	0.1	142.8	0.0	0.0	0.0


pdz_hi_sampled_seqs_cluster1_iter23:

OpenMP: Using 6 of 6 threads
Alphabet length:21
1099 valid sequences out of 1099 
41 sites, none trimmed because no target specified
Clustering..........
Effective number of samples: 1.2	(20% identical neighborhood = 1.000 samples)
iter	time	obj	|x|	|g|	crit
1	0.1	142.7	0.0	0.0	0.0


Iteration 24:

pdz_hi_sampled_seqs_cluster0_iter24:

OpenMP: Using 6 of 6 threads
Alphabet length:21
907 valid sequences out of 907 
41 sites, none trimmed because no target specified
Clustering..........
Effective number of samples: 1.2	(20% identical neighborhood = 1.000 samples)
iter	time	obj	|x|	|g|	crit
1	0.1	142.4	0.0	0.0	0.0


pdz_hi_sampled_seqs_cluster1_iter24:

OpenMP: Using 6 of 6 threads
Alphabet length:21
1093 valid sequences out of 1093 
41 sites, none trimmed because no target specified
Clustering..........
Effective number of samples: 1.2	(20% identical neighborhood = 1.000 samples)
iter	time	obj	|x|	|g|	crit
1	0.1	142.8	0.0	0.0	0.0


Iteration 25:

pdz_hi_sampled_seqs_cluster0_iter25:

OpenMP: Using 6 of 6 threads
Alphabet length:21
897 valid sequences out of 897 
41 sites, none trimmed because no target specified
Clustering..........
Effective number of samples: 1.2	(20% identical neighborhood = 1.000 samples)
iter	time	obj	|x|	|g|	crit
1	0.1	142.6	0.0	0.0	0.0


pdz_hi_sampled_seqs_cluster1_iter25:

OpenMP: Using 6 of 6 threads
Alphabet length:21
1103 valid sequences out of 1103 
41 sites, none trimmed because no target specified
Clustering..........
Effective number of samples: 1.2	(20% identical neighborhood = 1.000 samples)
iter	time	obj	|x|	|g|	crit
1	0.1	142.4	0.0	0.0	0.0


Iteration 26:

pdz_hi_sampled_seqs_cluster0_iter26:

OpenMP: Using 6 of 6 threads
Alphabet length:21
894 valid sequences out of 894 
41 sites, none trimmed because no target specified
Clustering..........
Effective number of samples: 1.2	(20% identical neighborhood = 1.000 samples)
iter	time	obj	|x|	|g|	crit
1	0.1	142.0	0.0	0.0	0.0


pdz_hi_sampled_seqs_cluster1_iter26:

OpenMP: Using 6 of 6 threads
Alphabet length:21
1106 valid sequences out of 1106 
41 sites, none trimmed because no target specified
Clustering..........
Effective number of samples: 1.2	(20% identical neighborhood = 1.000 samples)
iter	time	obj	|x|	|g|	crit
1	0.1	142.5	0.0	0.0	0.0


Iteration 27:

pdz_hi_sampled_seqs_cluster0_iter27:

OpenMP: Using 6 of 6 threads
Alphabet length:21
891 valid sequences out of 891 
41 sites, none trimmed because no target specified
Clustering..........
Effective number of samples: 1.2	(20% identical neighborhood = 1.000 samples)
iter	time	obj	|x|	|g|	crit
1	0.1	141.5	0.0	0.0	0.0


pdz_hi_sampled_seqs_cluster1_iter27:

OpenMP: Using 6 of 6 threads
Alphabet length:21
1109 valid sequences out of 1109 
41 sites, none trimmed because no target specified
Clustering..........
Effective number of samples: 1.2	(20% identical neighborhood = 1.000 samples)
iter	time	obj	|x|	|g|	crit
1	0.1	142.3	0.0	0.0	0.0


Iteration 28:

pdz_hi_sampled_seqs_cluster0_iter28:

OpenMP: Using 6 of 6 threads
Alphabet length:21
899 valid sequences out of 899 
41 sites, none trimmed because no target specified
Clustering..........
Effective number of samples: 1.2	(20% identical neighborhood = 1.000 samples)
iter	time	obj	|x|	|g|	crit
1	0.1	141.5	0.0	0.0	0.0


pdz_hi_sampled_seqs_cluster1_iter28:

OpenMP: Using 6 of 6 threads
Alphabet length:21
1101 valid sequences out of 1101 
41 sites, none trimmed because no target specified
Clustering..........
Effective number of samples: 1.2	(20% identical neighborhood = 1.000 samples)
iter	time	obj	|x|	|g|	crit
1	0.1	142.5	0.0	0.0	0.0


Iteration 29:

pdz_hi_sampled_seqs_cluster0_iter29:

OpenMP: Using 6 of 6 threads
Alphabet length:21
917 valid sequences out of 917 
41 sites, none trimmed because no target specified
Clustering..........
Effective number of samples: 1.2	(20% identical neighborhood = 1.000 samples)
iter	time	obj	|x|	|g|	crit
1	0.1	141.6	0.0	0.0	0.0


pdz_hi_sampled_seqs_cluster1_iter29:

OpenMP: Using 6 of 6 threads
Alphabet length:21
1083 valid sequences out of 1083 
41 sites, none trimmed because no target specified
Clustering..........
Effective number of samples: 1.2	(20% identical neighborhood = 1.000 samples)
iter	time	obj	|x|	|g|	crit
1	0.1	141.7	0.0	0.0	0.0


Iteration 30:

pdz_hi_sampled_seqs_cluster0_iter30:

OpenMP: Using 6 of 6 threads
Alphabet length:21
928 valid sequences out of 928 
41 sites, none trimmed because no target specified
Clustering..........
Effective number of samples: 1.2	(20% identical neighborhood = 1.000 samples)
iter	time	obj	|x|	|g|	crit
1	0.1	141.5	0.0	0.0	0.0


pdz_hi_sampled_seqs_cluster1_iter30:

OpenMP: Using 6 of 6 threads
Alphabet length:21
1072 valid sequences out of 1072 
41 sites, none trimmed because no target specified
Clustering..........
Effective number of samples: 1.2	(20% identical neighborhood = 1.000 samples)
iter	time	obj	|x|	|g|	crit
1	0.1	141.4	0.0	0.0	0.0

