tuning/outputs/tuning_run_39/ created
tuning/outputs/tuning_run_39/iterations/ created
tuning/outputs/tuning_run_39/output/ created
{'msa-file-name': 'pdz_hi_sampled_seqs.fa', 'em_maxiter': 30, 'em_numclusters': 2, 'em_device': None, 'em_init': 'random', 'em_no_iter_print': 0, 'plmc': '../../plmc/bin/plmc', 'output': 'tuning/outputs/tuning_run_39', 'fast': 0, 'scale': None, 'theta': '0.8', 'lambdah': '0.01', 'lambdae': '16.0', 'lambdag': None, 'gapignore': 0, 'maxiter': '5', 'ncores': 6, 'gapignore_tune': '0', 'fast_tune': '0', 'em_iter_print': 1, 'iterations_dir': 'tuning/outputs/tuning_run_39/iterations/', 'final_dir': 'tuning/outputs/tuning_run_39/output/', 'output_dir': 'tuning/outputs/tuning_run_39/', 'plmc_options': ['-t 0.8', '-lh 0.01', '-le 16.0', '-m 5', '-n 6'], 'device': device(type='cpu')}

Using cpu


Iteration 0:

pdz_hi_sampled_seqs_cluster0_iter0:

OpenMP: Using 6 of 6 threads
Alphabet length:21
1000 valid sequences out of 1000 
41 sites, none trimmed because no target specified
Effective number of samples: 1.3	(20% identical neighborhood = 1.000 samples)
iter	time	cond	fx	-loglk	||h||	||e||
1	0.1	1.09	143.2	139.6	3.0	0.5
2	0.3	1.01	137.0	133.1	5.1	0.5
3	0.3	0.36	117.9	110.2	26.3	0.2
4	0.4	0.30	117.3	109.4	26.2	0.3
5	0.4	0.09	114.6	109.2	22.4	0.2
Gradient optimization: MAXIMUMITERATION


pdz_hi_sampled_seqs_cluster1_iter0:

OpenMP: Using 6 of 6 threads
Alphabet length:21
1000 valid sequences out of 1000 
41 sites, none trimmed because no target specified
Effective number of samples: 1.2	(20% identical neighborhood = 1.000 samples)
iter	time	cond	fx	-loglk	||h||	||e||
1	0.1	1.09	140.8	137.3	3.0	0.5
2	0.2	1.01	134.8	130.9	5.0	0.5
3	0.3	0.36	115.9	108.2	26.4	0.2
4	0.4	0.30	115.3	107.3	26.2	0.3
5	0.4	0.09	112.6	107.2	22.5	0.2
Gradient optimization: MAXIMUMITERATION


Iteration 1:

pdz_hi_sampled_seqs_cluster0_iter1:

OpenMP: Using 6 of 6 threads
Alphabet length:21
1237 valid sequences out of 1237 
41 sites, none trimmed because no target specified
Effective number of samples: 1.3	(20% identical neighborhood = 1.000 samples)
iter	time	cond	fx	-loglk	||h||	||e||
1	0.1	1.09	143.4	139.9	3.0	0.5
2	0.3	1.00	137.2	133.4	5.1	0.5
3	0.3	0.38	118.9	111.1	26.7	0.2
4	0.4	0.30	118.1	109.9	26.5	0.3
5	0.5	0.09	115.0	109.6	22.4	0.2
Gradient optimization: MAXIMUMITERATION


pdz_hi_sampled_seqs_cluster1_iter1:

OpenMP: Using 6 of 6 threads
Alphabet length:21
763 valid sequences out of 763 
41 sites, none trimmed because no target specified
Effective number of samples: 1.2	(20% identical neighborhood = 1.000 samples)
iter	time	cond	fx	-loglk	||h||	||e||
1	0.1	1.09	131.7	128.2	2.9	0.5
2	0.2	1.01	126.0	122.1	4.9	0.5
3	0.3	0.37	107.1	99.4	26.1	0.2
4	0.4	0.31	106.6	98.6	26.0	0.3
5	0.4	0.08	104.0	98.6	22.3	0.2
Gradient optimization: MAXIMUMITERATION


Iteration 2:

pdz_hi_sampled_seqs_cluster0_iter2:

OpenMP: Using 6 of 6 threads
Alphabet length:21
1258 valid sequences out of 1258 
41 sites, none trimmed because no target specified
Effective number of samples: 1.2	(20% identical neighborhood = 1.000 samples)
iter	time	cond	fx	-loglk	||h||	||e||
1	0.2	1.09	140.1	136.6	2.9	0.5
2	0.3	0.98	134.1	130.3	5.0	0.5
3	0.3	0.41	117.1	109.0	26.9	0.2
4	0.4	0.31	116.0	107.6	26.7	0.3
5	0.5	0.10	112.5	107.1	22.2	0.2
Gradient optimization: MAXIMUMITERATION


pdz_hi_sampled_seqs_cluster1_iter2:

OpenMP: Using 6 of 6 threads
Alphabet length:21
742 valid sequences out of 742 
41 sites, none trimmed because no target specified
Effective number of samples: 1.1	(20% identical neighborhood = 1.000 samples)
iter	time	cond	fx	-loglk	||h||	||e||
1	0.1	1.08	126.0	122.4	2.8	0.5
2	0.2	1.00	120.4	116.4	4.8	0.5
3	0.3	0.39	102.2	94.1	26.7	0.2
4	0.3	0.34	101.6	93.2	26.5	0.3
5	0.4	0.09	98.2	92.9	22.2	0.2
Gradient optimization: MAXIMUMITERATION


Iteration 3:

pdz_hi_sampled_seqs_cluster0_iter3:

OpenMP: Using 6 of 6 threads
Alphabet length:21
1208 valid sequences out of 1208 
41 sites, none trimmed because no target specified
Effective number of samples: 1.2	(20% identical neighborhood = 1.000 samples)
iter	time	cond	fx	-loglk	||h||	||e||
1	0.2	1.10	136.1	132.7	2.9	0.5
2	0.3	0.97	130.3	126.5	4.9	0.5
3	0.3	0.44	114.6	106.2	27.2	0.2
4	0.4	0.33	113.1	104.5	26.8	0.3
5	0.5	0.11	109.2	103.9	22.1	0.2
Gradient optimization: MAXIMUMITERATION


pdz_hi_sampled_seqs_cluster1_iter3:

OpenMP: Using 6 of 6 threads
Alphabet length:21
792 valid sequences out of 792 
41 sites, none trimmed because no target specified
Effective number of samples: 1.1	(20% identical neighborhood = 1.000 samples)
iter	time	cond	fx	-loglk	||h||	||e||
1	0.2	1.08	126.1	122.5	2.9	0.5
2	0.3	0.99	120.5	116.4	4.9	0.5
3	0.3	0.40	102.6	94.3	27.1	0.2
4	0.4	0.34	101.8	93.1	26.8	0.3
5	0.4	0.10	98.0	92.7	22.2	0.2
Gradient optimization: MAXIMUMITERATION


Iteration 4:

pdz_hi_sampled_seqs_cluster0_iter4:

OpenMP: Using 6 of 6 threads
Alphabet length:21
1174 valid sequences out of 1174 
41 sites, none trimmed because no target specified
Effective number of samples: 1.2	(20% identical neighborhood = 1.000 samples)
iter	time	cond	fx	-loglk	||h||	||e||
1	0.2	1.10	134.3	130.9	2.9	0.5
2	0.3	0.97	128.5	124.8	4.9	0.5
3	0.4	0.45	113.1	104.6	27.3	0.3
4	0.4	0.33	111.5	102.8	26.9	0.3
5	0.5	0.11	107.5	102.2	22.0	0.2
Gradient optimization: MAXIMUMITERATION


pdz_hi_sampled_seqs_cluster1_iter4:

OpenMP: Using 6 of 6 threads
Alphabet length:21
826 valid sequences out of 826 
41 sites, none trimmed because no target specified
Effective number of samples: 1.1	(20% identical neighborhood = 1.000 samples)
iter	time	cond	fx	-loglk	||h||	||e||
1	0.1	1.08	127.8	124.1	2.9	0.5
2	0.2	0.99	122.1	118.1	4.9	0.5
3	0.3	0.40	104.3	96.0	27.3	0.2
4	0.3	0.34	103.5	94.8	26.9	0.3
5	0.4	0.10	99.6	94.2	22.2	0.2
Gradient optimization: MAXIMUMITERATION


Iteration 5:

pdz_hi_sampled_seqs_cluster0_iter5:

OpenMP: Using 6 of 6 threads
Alphabet length:21
1142 valid sequences out of 1142 
41 sites, none trimmed because no target specified
Effective number of samples: 1.2	(20% identical neighborhood = 1.000 samples)
iter	time	cond	fx	-loglk	||h||	||e||
1	0.2	1.10	133.3	129.9	2.8	0.5
2	0.3	0.97	127.6	123.9	4.8	0.5
3	0.4	0.45	112.2	103.7	27.3	0.3
4	0.5	0.33	110.7	102.0	26.9	0.3
5	0.5	0.11	106.6	101.4	22.0	0.2
Gradient optimization: MAXIMUMITERATION


pdz_hi_sampled_seqs_cluster1_iter5:

OpenMP: Using 6 of 6 threads
Alphabet length:21
858 valid sequences out of 858 
41 sites, none trimmed because no target specified
Effective number of samples: 1.1	(20% identical neighborhood = 1.000 samples)
iter	time	cond	fx	-loglk	||h||	||e||
1	0.2	1.08	128.9	125.2	2.9	0.5
2	0.3	0.99	123.1	119.1	4.9	0.5
3	0.3	0.40	105.5	97.1	27.4	0.2
4	0.4	0.34	104.6	95.8	27.1	0.3
5	0.4	0.10	100.6	95.2	22.2	0.2
Gradient optimization: MAXIMUMITERATION


Iteration 6:

pdz_hi_sampled_seqs_cluster0_iter6:

OpenMP: Using 6 of 6 threads
Alphabet length:21
1118 valid sequences out of 1118 
41 sites, none trimmed because no target specified
Effective number of samples: 1.2	(20% identical neighborhood = 1.000 samples)
iter	time	cond	fx	-loglk	||h||	||e||
1	0.2	1.10	132.8	129.4	2.8	0.5
2	0.3	0.97	127.1	123.3	4.8	0.5
3	0.3	0.45	111.8	103.3	27.4	0.3
4	0.4	0.33	110.2	101.5	26.9	0.3
5	0.5	0.11	106.1	100.8	22.0	0.2
Gradient optimization: MAXIMUMITERATION


pdz_hi_sampled_seqs_cluster1_iter6:

OpenMP: Using 6 of 6 threads
Alphabet length:21
882 valid sequences out of 882 
41 sites, none trimmed because no target specified
Effective number of samples: 1.1	(20% identical neighborhood = 1.000 samples)
iter	time	cond	fx	-loglk	||h||	||e||
1	0.2	1.08	129.6	125.9	2.9	0.5
2	0.3	0.98	123.8	119.8	4.9	0.5
3	0.3	0.40	106.2	97.8	27.5	0.2
4	0.4	0.34	105.3	96.5	27.1	0.3
5	0.4	0.10	101.3	95.9	22.3	0.2
Gradient optimization: MAXIMUMITERATION


Iteration 7:

pdz_hi_sampled_seqs_cluster0_iter7:

OpenMP: Using 6 of 6 threads
Alphabet length:21
1102 valid sequences out of 1102 
41 sites, none trimmed because no target specified
Effective number of samples: 1.2	(20% identical neighborhood = 1.000 samples)
iter	time	cond	fx	-loglk	||h||	||e||
1	0.2	1.10	132.5	129.1	2.8	0.5
2	0.3	0.97	126.8	123.0	4.8	0.5
3	0.4	0.45	111.5	103.0	27.4	0.3
4	0.5	0.33	109.9	101.2	26.9	0.3
5	0.5	0.11	105.8	100.5	22.0	0.2
Gradient optimization: MAXIMUMITERATION


pdz_hi_sampled_seqs_cluster1_iter7:

OpenMP: Using 6 of 6 threads
Alphabet length:21
898 valid sequences out of 898 
41 sites, none trimmed because no target specified
Effective number of samples: 1.1	(20% identical neighborhood = 1.000 samples)
iter	time	cond	fx	-loglk	||h||	||e||
1	0.2	1.08	130.0	126.3	2.9	0.5
2	0.3	0.98	124.2	120.2	4.9	0.5
3	0.3	0.40	106.6	98.2	27.5	0.2
4	0.4	0.34	105.7	96.9	27.2	0.3
5	0.4	0.10	101.7	96.3	22.3	0.2
Gradient optimization: MAXIMUMITERATION


Iteration 8:

pdz_hi_sampled_seqs_cluster0_iter8:

OpenMP: Using 6 of 6 threads
Alphabet length:21
1096 valid sequences out of 1096 
41 sites, none trimmed because no target specified
Effective number of samples: 1.2	(20% identical neighborhood = 1.000 samples)
iter	time	cond	fx	-loglk	||h||	||e||
1	0.2	1.10	132.3	128.9	2.8	0.5
2	0.3	0.97	126.6	122.9	4.8	0.5
3	0.3	0.45	111.3	102.8	27.3	0.3
4	0.4	0.33	109.7	101.0	26.9	0.3
5	0.5	0.11	105.7	100.4	22.0	0.2
Gradient optimization: MAXIMUMITERATION


pdz_hi_sampled_seqs_cluster1_iter8:

OpenMP: Using 6 of 6 threads
Alphabet length:21
904 valid sequences out of 904 
41 sites, none trimmed because no target specified
Effective number of samples: 1.2	(20% identical neighborhood = 1.000 samples)
iter	time	cond	fx	-loglk	||h||	||e||
1	0.1	1.08	130.2	126.5	2.9	0.5
2	0.3	0.98	124.4	120.4	4.9	0.5
3	0.3	0.40	106.8	98.4	27.5	0.2
4	0.4	0.33	105.8	97.1	27.2	0.3
5	0.4	0.10	101.8	96.4	22.3	0.2
Gradient optimization: MAXIMUMITERATION


Iteration 9:

pdz_hi_sampled_seqs_cluster0_iter9:

OpenMP: Using 6 of 6 threads
Alphabet length:21
1095 valid sequences out of 1095 
41 sites, none trimmed because no target specified
Effective number of samples: 1.2	(20% identical neighborhood = 1.000 samples)
iter	time	cond	fx	-loglk	||h||	||e||
1	0.2	1.10	132.3	128.9	2.8	0.5
2	0.3	0.97	126.6	122.8	4.8	0.5
3	0.4	0.45	111.3	102.8	27.3	0.3
4	0.4	0.33	109.7	101.0	26.9	0.3
5	0.5	0.11	105.6	100.4	22.0	0.2
Gradient optimization: MAXIMUMITERATION


pdz_hi_sampled_seqs_cluster1_iter9:

OpenMP: Using 6 of 6 threads
Alphabet length:21
905 valid sequences out of 905 
41 sites, none trimmed because no target specified
Effective number of samples: 1.2	(20% identical neighborhood = 1.000 samples)
iter	time	cond	fx	-loglk	||h||	||e||
1	0.1	1.08	130.2	126.6	2.9	0.5
2	0.3	0.98	124.4	120.4	4.9	0.5
3	0.3	0.40	106.8	98.4	27.5	0.2
4	0.4	0.33	105.9	97.1	27.1	0.3
5	0.4	0.10	101.9	96.5	22.3	0.2
Gradient optimization: MAXIMUMITERATION


Iteration 10:

pdz_hi_sampled_seqs_cluster0_iter10:

OpenMP: Using 6 of 6 threads
Alphabet length:21
1093 valid sequences out of 1093 
41 sites, none trimmed because no target specified
Effective number of samples: 1.2	(20% identical neighborhood = 1.000 samples)
iter	time	cond	fx	-loglk	||h||	||e||
1	0.2	1.10	132.2	128.8	2.8	0.5
2	0.3	0.97	126.6	122.8	4.8	0.5
3	0.4	0.45	111.2	102.7	27.3	0.3
4	0.4	0.33	109.7	101.0	26.9	0.3
5	0.5	0.11	105.6	100.3	22.0	0.2
Gradient optimization: MAXIMUMITERATION


pdz_hi_sampled_seqs_cluster1_iter10:

OpenMP: Using 6 of 6 threads
Alphabet length:21
907 valid sequences out of 907 
41 sites, none trimmed because no target specified
Effective number of samples: 1.2	(20% identical neighborhood = 1.000 samples)
iter	time	cond	fx	-loglk	||h||	||e||
1	0.1	1.08	130.3	126.6	2.9	0.5
2	0.3	0.98	124.5	120.5	4.9	0.5
3	0.3	0.40	106.8	98.4	27.5	0.2
4	0.4	0.33	105.9	97.1	27.1	0.3
5	0.4	0.10	101.9	96.5	22.3	0.2
Gradient optimization: MAXIMUMITERATION


Iteration 11:

pdz_hi_sampled_seqs_cluster0_iter11:

OpenMP: Using 6 of 6 threads
Alphabet length:21
1089 valid sequences out of 1089 
41 sites, none trimmed because no target specified
Effective number of samples: 1.2	(20% identical neighborhood = 1.000 samples)
iter	time	cond	fx	-loglk	||h||	||e||
1	0.2	1.10	131.9	128.5	2.8	0.5
2	0.3	0.97	126.3	122.5	4.8	0.5
3	0.3	0.45	110.9	102.4	27.4	0.3
4	0.4	0.33	109.4	100.7	26.9	0.3
5	0.5	0.11	105.3	100.0	22.0	0.2
Gradient optimization: MAXIMUMITERATION


pdz_hi_sampled_seqs_cluster1_iter11:

OpenMP: Using 6 of 6 threads
Alphabet length:21
911 valid sequences out of 911 
41 sites, none trimmed because no target specified
Effective number of samples: 1.2	(20% identical neighborhood = 1.000 samples)
iter	time	cond	fx	-loglk	||h||	||e||
1	0.2	1.08	130.6	127.0	2.9	0.5
2	0.3	0.98	124.8	120.8	4.9	0.5
3	0.3	0.40	107.1	98.8	27.4	0.2
4	0.4	0.33	106.2	97.5	27.1	0.3
5	0.5	0.10	102.3	96.9	22.3	0.2
Gradient optimization: MAXIMUMITERATION


Iteration 12:

pdz_hi_sampled_seqs_cluster0_iter12:

OpenMP: Using 6 of 6 threads
Alphabet length:21
1088 valid sequences out of 1088 
41 sites, none trimmed because no target specified
Effective number of samples: 1.2	(20% identical neighborhood = 1.000 samples)
iter	time	cond	fx	-loglk	||h||	||e||
1	0.2	1.10	131.9	128.5	2.8	0.5
2	0.3	0.97	126.2	122.5	4.8	0.5
3	0.3	0.45	110.9	102.4	27.4	0.3
4	0.4	0.33	109.3	100.6	26.9	0.3
5	0.5	0.11	105.3	100.0	22.0	0.2
Gradient optimization: MAXIMUMITERATION


pdz_hi_sampled_seqs_cluster1_iter12:

OpenMP: Using 6 of 6 threads
Alphabet length:21
912 valid sequences out of 912 
41 sites, none trimmed because no target specified
Effective number of samples: 1.2	(20% identical neighborhood = 1.000 samples)
iter	time	cond	fx	-loglk	||h||	||e||
1	0.1	1.08	130.7	127.0	2.9	0.5
2	0.3	0.98	124.9	120.9	4.9	0.5
3	0.3	0.40	107.2	98.8	27.4	0.2
4	0.4	0.33	106.3	97.5	27.1	0.3
5	0.5	0.10	102.3	97.0	22.3	0.2
Gradient optimization: MAXIMUMITERATION


Iteration 13:

pdz_hi_sampled_seqs_cluster0_iter13:

OpenMP: Using 6 of 6 threads
Alphabet length:21
1084 valid sequences out of 1084 
41 sites, none trimmed because no target specified
Effective number of samples: 1.2	(20% identical neighborhood = 1.000 samples)
iter	time	cond	fx	-loglk	||h||	||e||
1	0.2	1.10	131.8	128.4	2.8	0.5
2	0.3	0.97	126.1	122.4	4.8	0.5
3	0.3	0.45	110.8	102.3	27.3	0.3
4	0.4	0.33	109.2	100.5	26.9	0.3
5	0.5	0.11	105.2	99.9	22.0	0.2
Gradient optimization: MAXIMUMITERATION


pdz_hi_sampled_seqs_cluster1_iter13:

OpenMP: Using 6 of 6 threads
Alphabet length:21
916 valid sequences out of 916 
41 sites, none trimmed because no target specified
Effective number of samples: 1.2	(20% identical neighborhood = 1.000 samples)
iter	time	cond	fx	-loglk	||h||	||e||
1	0.2	1.08	130.8	127.1	2.9	0.5
2	0.3	0.98	124.9	121.0	4.9	0.5
3	0.3	0.40	107.3	98.9	27.5	0.2
4	0.4	0.33	106.4	97.6	27.1	0.3
5	0.5	0.10	102.4	97.0	22.3	0.2
Gradient optimization: MAXIMUMITERATION


Iteration 14:

pdz_hi_sampled_seqs_cluster0_iter14:

OpenMP: Using 6 of 6 threads
Alphabet length:21
1080 valid sequences out of 1080 
41 sites, none trimmed because no target specified
Effective number of samples: 1.2	(20% identical neighborhood = 1.000 samples)
iter	time	cond	fx	-loglk	||h||	||e||
1	0.2	1.10	131.7	128.3	2.8	0.5
2	0.3	0.97	126.0	122.3	4.8	0.5
3	0.3	0.45	110.7	102.2	27.3	0.3
4	0.4	0.33	109.1	100.5	26.9	0.3
5	0.5	0.11	105.1	99.9	22.0	0.2
Gradient optimization: MAXIMUMITERATION


pdz_hi_sampled_seqs_cluster1_iter14:

OpenMP: Using 6 of 6 threads
Alphabet length:21
920 valid sequences out of 920 
41 sites, none trimmed because no target specified
Effective number of samples: 1.2	(20% identical neighborhood = 1.000 samples)
iter	time	cond	fx	-loglk	||h||	||e||
1	0.2	1.08	130.9	127.2	2.9	0.5
2	0.3	0.98	125.1	121.1	4.9	0.5
3	0.3	0.40	107.4	99.1	27.5	0.2
4	0.4	0.33	106.5	97.7	27.1	0.3
5	0.4	0.10	102.5	97.1	22.3	0.2
Gradient optimization: MAXIMUMITERATION


Iteration 15:

pdz_hi_sampled_seqs_cluster0_iter15:

OpenMP: Using 6 of 6 threads
Alphabet length:21
1072 valid sequences out of 1072 
41 sites, none trimmed because no target specified
Effective number of samples: 1.2	(20% identical neighborhood = 1.000 samples)
iter	time	cond	fx	-loglk	||h||	||e||
1	0.2	1.10	131.7	128.3	2.8	0.5
2	0.3	0.97	126.0	122.3	4.8	0.5
3	0.3	0.45	110.6	102.2	27.3	0.3
4	0.4	0.33	109.1	100.4	26.8	0.3
5	0.5	0.11	105.1	99.8	22.0	0.2
Gradient optimization: MAXIMUMITERATION


pdz_hi_sampled_seqs_cluster1_iter15:

OpenMP: Using 6 of 6 threads
Alphabet length:21
928 valid sequences out of 928 
41 sites, none trimmed because no target specified
Effective number of samples: 1.2	(20% identical neighborhood = 1.000 samples)
iter	time	cond	fx	-loglk	||h||	||e||
1	0.2	1.08	130.9	127.3	2.9	0.5
2	0.3	0.98	125.1	121.1	4.9	0.5
3	0.3	0.40	107.5	99.1	27.5	0.2
4	0.4	0.33	106.6	97.8	27.2	0.3
5	0.4	0.10	102.6	97.2	22.3	0.2
Gradient optimization: MAXIMUMITERATION


Iteration 16:

pdz_hi_sampled_seqs_cluster0_iter16:

OpenMP: Using 6 of 6 threads
Alphabet length:21
1063 valid sequences out of 1063 
41 sites, none trimmed because no target specified
Effective number of samples: 1.2	(20% identical neighborhood = 1.000 samples)
iter	time	cond	fx	-loglk	||h||	||e||
1	0.2	1.10	131.4	128.0	2.8	0.5
2	0.3	0.97	125.8	122.0	4.8	0.5
3	0.3	0.45	110.4	101.9	27.3	0.3
4	0.4	0.33	108.9	100.2	26.8	0.3
5	0.5	0.11	104.9	99.6	22.0	0.2
Gradient optimization: MAXIMUMITERATION


pdz_hi_sampled_seqs_cluster1_iter16:

OpenMP: Using 6 of 6 threads
Alphabet length:21
937 valid sequences out of 937 
41 sites, none trimmed because no target specified
Effective number of samples: 1.2	(20% identical neighborhood = 1.000 samples)
iter	time	cond	fx	-loglk	||h||	||e||
1	0.2	1.08	131.2	127.6	2.9	0.5
2	0.3	0.98	125.4	121.4	4.9	0.5
3	0.3	0.40	107.8	99.4	27.5	0.2
4	0.4	0.33	106.8	98.0	27.2	0.3
5	0.4	0.10	102.8	97.4	22.3	0.2
Gradient optimization: MAXIMUMITERATION


Iteration 17:

pdz_hi_sampled_seqs_cluster0_iter17:

OpenMP: Using 6 of 6 threads
Alphabet length:21
1051 valid sequences out of 1051 
41 sites, none trimmed because no target specified
Effective number of samples: 1.2	(20% identical neighborhood = 1.000 samples)
iter	time	cond	fx	-loglk	||h||	||e||
1	0.1	1.10	131.1	127.7	2.8	0.5
2	0.3	0.97	125.4	121.7	4.8	0.5
3	0.3	0.44	110.0	101.6	27.3	0.3
4	0.4	0.33	108.5	99.9	26.8	0.3
5	0.5	0.11	104.5	99.3	22.0	0.2
Gradient optimization: MAXIMUMITERATION


pdz_hi_sampled_seqs_cluster1_iter17:

OpenMP: Using 6 of 6 threads
Alphabet length:21
949 valid sequences out of 949 
41 sites, none trimmed because no target specified
Effective number of samples: 1.2	(20% identical neighborhood = 1.000 samples)
iter	time	cond	fx	-loglk	||h||	||e||
1	0.2	1.08	131.6	128.0	2.9	0.5
2	0.3	0.98	125.8	121.8	4.9	0.5
3	0.3	0.40	108.2	99.8	27.5	0.2
4	0.4	0.33	107.2	98.4	27.2	0.3
5	0.5	0.10	103.2	97.8	22.3	0.2
Gradient optimization: MAXIMUMITERATION


Iteration 18:

pdz_hi_sampled_seqs_cluster0_iter18:

OpenMP: Using 6 of 6 threads
Alphabet length:21
1039 valid sequences out of 1039 
41 sites, none trimmed because no target specified
Effective number of samples: 1.2	(20% identical neighborhood = 1.000 samples)
iter	time	cond	fx	-loglk	||h||	||e||
1	0.1	1.10	130.9	127.5	2.8	0.5
2	0.3	0.97	125.2	121.5	4.8	0.5
3	0.3	0.44	109.8	101.4	27.2	0.3
4	0.4	0.33	108.3	99.7	26.8	0.3
5	0.5	0.11	104.4	99.1	22.0	0.2
Gradient optimization: MAXIMUMITERATION


pdz_hi_sampled_seqs_cluster1_iter18:

OpenMP: Using 6 of 6 threads
Alphabet length:21
961 valid sequences out of 961 
41 sites, none trimmed because no target specified
Effective number of samples: 1.2	(20% identical neighborhood = 1.000 samples)
iter	time	cond	fx	-loglk	||h||	||e||
1	0.1	1.08	131.8	128.2	2.9	0.5
2	0.3	0.98	126.0	122.1	4.9	0.5
3	0.3	0.40	108.4	100.0	27.5	0.2
4	0.4	0.33	107.4	98.6	27.2	0.3
5	0.4	0.10	103.5	98.0	22.3	0.2
Gradient optimization: MAXIMUMITERATION


Iteration 19:

pdz_hi_sampled_seqs_cluster0_iter19:

OpenMP: Using 6 of 6 threads
Alphabet length:21
1030 valid sequences out of 1030 
41 sites, none trimmed because no target specified
Effective number of samples: 1.1	(20% identical neighborhood = 1.000 samples)
iter	time	cond	fx	-loglk	||h||	||e||
1	0.1	1.09	130.6	127.2	2.8	0.5
2	0.3	0.97	125.0	121.2	4.8	0.5
3	0.3	0.44	109.5	101.0	27.2	0.3
4	0.4	0.33	108.0	99.4	26.8	0.3
5	0.5	0.11	104.1	98.8	22.0	0.2
Gradient optimization: MAXIMUMITERATION


pdz_hi_sampled_seqs_cluster1_iter19:

OpenMP: Using 6 of 6 threads
Alphabet length:21
970 valid sequences out of 970 
41 sites, none trimmed because no target specified
Effective number of samples: 1.2	(20% identical neighborhood = 1.000 samples)
iter	time	cond	fx	-loglk	||h||	||e||
1	0.1	1.08	132.2	128.5	2.9	0.5
2	0.2	0.98	126.3	122.4	4.9	0.5
3	0.3	0.40	108.7	100.3	27.5	0.2
4	0.4	0.33	107.7	99.0	27.2	0.3
5	0.4	0.10	103.8	98.4	22.3	0.2
Gradient optimization: MAXIMUMITERATION


Iteration 20:

pdz_hi_sampled_seqs_cluster0_iter20:

OpenMP: Using 6 of 6 threads
Alphabet length:21
1028 valid sequences out of 1028 
41 sites, none trimmed because no target specified
Effective number of samples: 1.1	(20% identical neighborhood = 1.000 samples)
iter	time	cond	fx	-loglk	||h||	||e||
1	0.2	1.09	130.5	127.1	2.8	0.5
2	0.3	0.97	124.9	121.2	4.8	0.5
3	0.3	0.44	109.4	101.0	27.2	0.3
4	0.4	0.33	107.9	99.3	26.8	0.3
5	0.5	0.11	104.0	98.7	22.0	0.2
Gradient optimization: MAXIMUMITERATION


pdz_hi_sampled_seqs_cluster1_iter20:

OpenMP: Using 6 of 6 threads
Alphabet length:21
972 valid sequences out of 972 
41 sites, none trimmed because no target specified
Effective number of samples: 1.2	(20% identical neighborhood = 1.000 samples)
iter	time	cond	fx	-loglk	||h||	||e||
1	0.2	1.08	132.2	128.6	2.9	0.5
2	0.3	0.98	126.4	122.4	4.9	0.5
3	0.3	0.40	108.7	100.3	27.5	0.2
4	0.4	0.33	107.8	99.0	27.2	0.3
5	0.4	0.10	103.8	98.4	22.3	0.2
Gradient optimization: MAXIMUMITERATION


Iteration 21:

pdz_hi_sampled_seqs_cluster0_iter21:

OpenMP: Using 6 of 6 threads
Alphabet length:21
1027 valid sequences out of 1027 
41 sites, none trimmed because no target specified
Effective number of samples: 1.1	(20% identical neighborhood = 1.000 samples)
iter	time	cond	fx	-loglk	||h||	||e||
1	0.2	1.09	130.6	127.2	2.8	0.5
2	0.3	0.97	124.9	121.2	4.8	0.5
3	0.4	0.44	109.4	101.0	27.2	0.3
4	0.4	0.33	108.0	99.3	26.8	0.3
5	0.5	0.11	104.0	98.8	22.0	0.2
Gradient optimization: MAXIMUMITERATION


pdz_hi_sampled_seqs_cluster1_iter21:

OpenMP: Using 6 of 6 threads
Alphabet length:21
973 valid sequences out of 973 
41 sites, none trimmed because no target specified
Effective number of samples: 1.2	(20% identical neighborhood = 1.000 samples)
iter	time	cond	fx	-loglk	||h||	||e||
1	0.1	1.08	132.2	128.6	2.9	0.5
2	0.3	0.98	126.4	122.4	4.9	0.5
3	0.3	0.40	108.7	100.3	27.5	0.2
4	0.4	0.33	107.8	99.0	27.2	0.3
5	0.4	0.10	103.8	98.4	22.4	0.2
Gradient optimization: MAXIMUMITERATION


Iteration 22:
TERMINATING: Repeated cluster assignments
