tuning/outputs/tuning_run_31/ created
tuning/outputs/tuning_run_31/iterations/ created
tuning/outputs/tuning_run_31/output/ created
{'msa-file-name': 'pdz_hi_sampled_seqs.fa', 'em_maxiter': 30, 'em_numclusters': 2, 'em_device': None, 'em_init': 'random', 'em_no_iter_print': 0, 'plmc': '../../plmc/bin/plmc', 'output': 'tuning/outputs/tuning_run_31', 'fast': 0, 'scale': None, 'theta': '2', 'lambdah': '0.01', 'lambdae': '16.0', 'lambdag': None, 'gapignore': 1, 'maxiter': '20', 'ncores': 6, 'gapignore_tune': '1', 'fast_tune': '0', 'em_iter_print': 1, 'iterations_dir': 'tuning/outputs/tuning_run_31/iterations/', 'final_dir': 'tuning/outputs/tuning_run_31/output/', 'output_dir': 'tuning/outputs/tuning_run_31/', 'plmc_options': ['-t 2', '-lh 0.01', '-le 16.0', '-m 20', '-n 6', '-g'], 'device': device(type='cpu')}

Using cpu


Iteration 0:

pdz_hi_sampled_seqs_cluster0_iter0:

OpenMP: Using 6 of 6 threads
Alphabet length:21
1000 valid sequences out of 1000 
41 sites, none trimmed because no target specified
Theta not between 0 and 1, no sequence reweighting applied (N = 1000.00)
iter	time	cond	fx	-loglk	||h||	||e||
1	0.1	34.70	75996.0	75960.7	43.9	1.0
2	0.2	103.76	71065.5	68659.8	44.0	12.2
3	0.2	45.52	67425.5	63285.1	44.0	16.0
4	0.3	31.94	66303.7	62733.1	44.0	14.9
5	0.3	37.70	65073.4	61937.5	44.0	14.0
6	0.4	24.07	64000.1	60138.2	44.0	15.5
7	0.4	17.11	62616.9	56486.4	44.0	19.5
8	0.5	28.11	62074.8	53991.1	44.1	22.5
9	0.5	15.27	61632.2	52665.7	44.1	23.6
10	0.6	10.94	61426.5	52807.2	44.1	23.2
11	0.7	10.66	61183.0	52864.2	44.1	22.8
12	0.7	17.74	61098.0	52382.6	44.1	23.3
13	0.8	7.00	60975.8	51993.9	44.1	23.7
14	0.8	5.57	60914.6	51594.9	44.1	24.1
15	0.9	5.72	60862.2	51216.6	44.1	24.5
16	0.9	7.23	60787.9	50741.6	44.2	25.0
17	1.0	4.86	60756.7	50617.9	44.2	25.1
18	1.0	2.89	60739.6	50661.7	44.2	25.1
19	1.1	3.27	60724.6	50749.1	44.2	24.9
20	1.1	3.38	60712.0	50797.8	44.2	24.9
Gradient optimization: MAXIMUMITERATION


pdz_hi_sampled_seqs_cluster1_iter0:

OpenMP: Using 6 of 6 threads
Alphabet length:21
1000 valid sequences out of 1000 
41 sites, none trimmed because no target specified
Theta not between 0 and 1, no sequence reweighting applied (N = 1000.00)
iter	time	cond	fx	-loglk	||h||	||e||
1	0.1	36.36	75914.4	75879.6	43.4	1.0
2	0.2	95.04	71136.5	69435.6	43.4	10.3
3	0.2	43.26	67596.0	64370.1	43.5	14.2
4	0.3	33.07	66600.2	63518.6	43.5	13.8
5	0.3	40.47	64591.9	61280.4	43.4	14.3
6	0.4	26.64	63358.1	58946.8	43.5	16.6
7	0.4	16.41	62239.0	55340.2	43.5	20.7
8	0.5	27.58	61921.4	53613.3	43.5	22.8
9	0.5	13.63	61534.6	53082.1	43.5	23.0
10	0.6	12.79	61171.8	52715.0	43.6	23.0
11	0.6	11.85	60956.4	52346.1	43.6	23.2
12	0.7	14.20	60827.7	51904.4	43.6	23.6
13	0.8	6.58	60699.1	51541.3	43.6	23.9
14	0.8	6.81	60627.2	51342.5	43.6	24.1
15	0.9	6.94	60536.0	51052.3	43.6	24.3
16	0.9	7.79	60496.2	50859.3	43.6	24.5
17	1.0	3.59	60454.2	50708.6	43.6	24.7
18	1.0	2.82	60433.6	50641.9	43.6	24.7
19	1.1	4.25	60414.3	50543.0	43.7	24.8
20	1.1	2.91	60399.8	50453.3	43.7	24.9
Gradient optimization: MAXIMUMITERATION


Iteration 1:

pdz_hi_sampled_seqs_cluster0_iter1:

OpenMP: Using 6 of 6 threads
Alphabet length:21
1000 valid sequences out of 1000 
41 sites, none trimmed because no target specified
Theta not between 0 and 1, no sequence reweighting applied (N = 1000.00)
iter	time	cond	fx	-loglk	||h||	||e||
1	0.1	34.70	75996.0	75960.7	43.9	1.0
2	0.2	103.76	71065.5	68659.8	44.0	12.2
3	0.2	45.52	67425.5	63285.1	44.0	16.0
4	0.3	31.94	66303.7	62733.1	44.0	14.9
5	0.3	37.70	65073.4	61937.5	44.0	14.0
6	0.4	24.07	64000.1	60138.2	44.0	15.5
7	0.5	17.11	62616.9	56486.4	44.0	19.5
8	0.5	28.11	62074.8	53991.1	44.1	22.5
9	0.5	15.27	61632.2	52665.7	44.1	23.6
10	0.6	10.94	61426.5	52807.2	44.1	23.2
11	0.6	10.66	61183.0	52864.2	44.1	22.8
12	0.7	17.74	61098.0	52382.6	44.1	23.3
13	0.8	7.00	60975.8	51993.9	44.1	23.7
14	0.8	5.57	60914.6	51594.9	44.1	24.1
15	0.9	5.72	60862.2	51216.6	44.1	24.5
16	0.9	7.23	60787.9	50741.6	44.2	25.0
17	1.0	4.86	60756.7	50617.9	44.2	25.1
18	1.1	2.89	60739.6	50661.7	44.2	25.1
19	1.1	3.27	60724.6	50749.1	44.2	24.9
20	1.2	3.38	60712.0	50797.8	44.2	24.9
Gradient optimization: MAXIMUMITERATION


pdz_hi_sampled_seqs_cluster1_iter1:

OpenMP: Using 6 of 6 threads
Alphabet length:21
1000 valid sequences out of 1000 
41 sites, none trimmed because no target specified
Theta not between 0 and 1, no sequence reweighting applied (N = 1000.00)
iter	time	cond	fx	-loglk	||h||	||e||
1	0.1	36.36	75914.4	75879.6	43.4	1.0
2	0.1	95.04	71136.5	69435.6	43.4	10.3
3	0.2	43.26	67596.0	64370.1	43.5	14.2
4	0.2	33.07	66600.2	63518.6	43.5	13.8
5	0.3	40.47	64591.9	61280.4	43.4	14.3
6	0.4	26.64	63358.1	58946.8	43.5	16.6
7	0.4	16.41	62239.0	55340.2	43.5	20.7
8	0.5	27.58	61921.4	53613.3	43.5	22.8
9	0.5	13.63	61534.6	53082.1	43.5	23.0
10	0.6	12.79	61171.8	52715.0	43.6	23.0
11	0.6	11.85	60956.4	52346.1	43.6	23.2
12	0.7	14.20	60827.7	51904.4	43.6	23.6
13	0.8	6.58	60699.1	51541.3	43.6	23.9
14	0.9	6.81	60627.2	51342.5	43.6	24.1
15	0.9	6.94	60536.0	51052.3	43.6	24.3
16	1.0	7.79	60496.2	50859.3	43.6	24.5
17	1.1	3.59	60454.2	50708.6	43.6	24.7
18	1.1	2.82	60433.6	50641.9	43.6	24.7
19	1.2	4.25	60414.3	50543.0	43.7	24.8
20	1.2	2.91	60399.8	50453.3	43.7	24.9
Gradient optimization: MAXIMUMITERATION


Iteration 2:
TERMINATING: Repeated cluster assignments
