tuning/outputs/tuning_run_56/ created
tuning/outputs/tuning_run_56/iterations/ created
tuning/outputs/tuning_run_56/output/ created
{'msa-file-name': 'pdz_hi_sampled_seqs.fa', 'em_maxiter': 30, 'em_numclusters': 2, 'em_device': None, 'em_init': 'kmeans', 'em_no_iter_print': 0, 'plmc': '../../plmc/bin/plmc', 'output': 'tuning/outputs/tuning_run_56', 'fast': 1, 'scale': None, 'theta': '2', 'lambdah': '0.01', 'lambdae': '16.0', 'lambdag': None, 'gapignore': 0, 'maxiter': '10', 'ncores': 6, 'gapignore_tune': '0', 'fast_tune': '1', 'em_iter_print': 1, 'iterations_dir': 'tuning/outputs/tuning_run_56/iterations/', 'final_dir': 'tuning/outputs/tuning_run_56/output/', 'output_dir': 'tuning/outputs/tuning_run_56/', 'plmc_options': ['-t 2', '-lh 0.01', '-le 16.0', '-m 10', '-n 6', '--fast'], 'device': device(type='cpu')}

Using cpu


Iteration 0:

pdz_hi_sampled_seqs_cluster0_iter0:

OpenMP: Using 6 of 6 threads
Alphabet length:21
1174 valid sequences out of 1174 
41 sites, none trimmed because no target specified
Theta not between 0 and 1, no sequence reweighting applied (N = 1174.00)
iter	time	obj	|x|	|g|	crit
1	0.1	91301.1	0.0	0.1	0.1
2	0.2	88243.0	0.0	0.2	0.2
3	0.3	86333.7	0.0	0.3	0.3
4	0.4	84158.5	0.0	0.3	0.3
5	0.4	82678.4	0.0	0.3	0.3
6	0.5	81267.3	0.0	0.4	0.4
7	0.6	80166.1	0.0	0.4	0.4
8	0.7	78827.4	0.0	0.4	0.4
9	0.8	78153.1	0.0	0.4	0.4
10	0.8	77498.6	0.0	0.4	0.4


pdz_hi_sampled_seqs_cluster1_iter0:

OpenMP: Using 6 of 6 threads
Alphabet length:21
826 valid sequences out of 826 
41 sites, none trimmed because no target specified
Theta not between 0 and 1, no sequence reweighting applied (N = 826.00)
iter	time	obj	|x|	|g|	crit
1	0.2	60927.6	0.0	0.1	0.1
2	0.3	58874.3	0.0	0.2	0.2
3	0.4	56796.2	0.0	0.2	0.2
4	0.4	55041.7	0.0	0.2	0.2
5	0.5	53940.5	0.0	0.3	0.3
6	0.6	53124.8	0.0	0.3	0.3
7	0.7	51748.5	0.0	0.3	0.3
8	0.7	51324.5	0.0	0.3	0.3
9	0.8	50728.6	0.0	0.3	0.3
10	0.9	50152.1	0.0	0.3	0.3


Iteration 1:
TERMINATING: Repeated cluster assignments
