tuning/outputs/tuning_run_61/ created
tuning/outputs/tuning_run_61/iterations/ created
tuning/outputs/tuning_run_61/output/ created
{'msa-file-name': 'pdz_hi_sampled_seqs.fa', 'em_maxiter': 30, 'em_numclusters': 2, 'em_device': None, 'em_init': 'random', 'em_no_iter_print': 0, 'plmc': '../../plmc/bin/plmc', 'output': 'tuning/outputs/tuning_run_61', 'fast': 1, 'scale': None, 'theta': '2', 'lambdah': '0.01', 'lambdae': '16.0', 'lambdag': None, 'gapignore': 0, 'maxiter': '20', 'ncores': 6, 'gapignore_tune': '0', 'fast_tune': '1', 'em_iter_print': 1, 'iterations_dir': 'tuning/outputs/tuning_run_61/iterations/', 'final_dir': 'tuning/outputs/tuning_run_61/output/', 'output_dir': 'tuning/outputs/tuning_run_61/', 'plmc_options': ['-t 2', '-lh 0.01', '-le 16.0', '-m 20', '-n 6', '--fast'], 'device': device(type='cpu')}

Using cpu


Iteration 0:

pdz_hi_sampled_seqs_cluster0_iter0:

OpenMP: Using 6 of 6 threads
Alphabet length:21
1000 valid sequences out of 1000 
41 sites, none trimmed because no target specified
Theta not between 0 and 1, no sequence reweighting applied (N = 1000.00)
iter	time	obj	|x|	|g|	crit
1	0.1	77297.9	0.0	0.1	0.1
2	0.2	75022.3	0.0	0.2	0.2
3	0.3	72510.8	0.0	0.3	0.3
4	0.4	70488.0	0.0	0.3	0.3
5	0.5	69100.5	0.0	0.3	0.3
6	0.5	67929.3	0.0	0.3	0.3
7	0.6	66867.7	0.0	0.4	0.4
8	0.7	65728.6	0.0	0.4	0.4
9	0.8	65092.0	0.0	0.3	0.3
10	0.9	64427.7	0.0	0.3	0.3
11	0.9	63840.8	0.0	0.3	0.3
12	1.0	63576.3	0.0	0.3	0.3
13	1.1	63057.6	0.0	0.3	0.3
14	1.2	62820.2	0.0	0.3	0.3
15	1.2	62665.6	0.0	0.3	0.3
16	1.3	62391.3	0.0	0.3	0.3
17	1.4	62216.7	0.0	0.3	0.3
18	1.5	62187.6	0.0	0.2	0.2
19	1.5	62223.4	0.0	0.2	0.2
20	1.6	62128.1	0.0	0.2	0.2


pdz_hi_sampled_seqs_cluster1_iter0:

OpenMP: Using 6 of 6 threads
Alphabet length:21
1000 valid sequences out of 1000 
41 sites, none trimmed because no target specified
Theta not between 0 and 1, no sequence reweighting applied (N = 1000.00)
iter	time	obj	|x|	|g|	crit
1	0.1	77432.5	0.0	0.1	0.1
2	0.2	75134.0	0.0	0.2	0.2
3	0.3	72798.8	0.0	0.3	0.3
4	0.4	70797.9	0.0	0.3	0.3
5	0.5	69265.8	0.0	0.3	0.3
6	0.5	68175.1	0.0	0.3	0.3
7	0.6	66705.0	0.0	0.4	0.4
8	0.7	65844.9	0.0	0.4	0.4
9	0.8	65253.7	0.0	0.3	0.3
10	0.9	64517.5	0.0	0.3	0.3
11	0.9	64162.5	0.0	0.3	0.3
12	1.0	63556.8	0.0	0.3	0.3
13	1.1	63212.8	0.0	0.3	0.3
14	1.2	62958.1	0.0	0.3	0.3
15	1.2	62579.0	0.0	0.3	0.3
16	1.3	62667.2	0.0	0.3	0.3
17	1.4	62363.7	0.0	0.3	0.3
18	1.4	62246.9	0.0	0.3	0.3
19	1.5	62222.9	0.0	0.2	0.2
20	1.6	61995.3	0.0	0.2	0.2


Iteration 1:

pdz_hi_sampled_seqs_cluster0_iter1:

OpenMP: Using 6 of 6 threads
Alphabet length:21
1000 valid sequences out of 1000 
41 sites, none trimmed because no target specified
Theta not between 0 and 1, no sequence reweighting applied (N = 1000.00)
iter	time	obj	|x|	|g|	crit
1	0.1	77406.1	0.0	0.1	0.1
2	0.2	75097.4	0.0	0.2	0.2
3	0.3	72745.7	0.0	0.3	0.3
4	0.3	70534.9	0.0	0.3	0.3
5	0.4	69176.0	0.0	0.3	0.3
6	0.5	68088.5	0.0	0.3	0.3
7	0.6	66735.7	0.0	0.4	0.4
8	0.6	65703.4	0.0	0.4	0.4
9	0.7	65127.3	0.0	0.3	0.3
10	0.8	64273.1	0.0	0.3	0.3
11	0.9	63843.6	0.0	0.3	0.3
12	0.9	63671.8	0.0	0.3	0.3
13	1.0	63101.3	0.0	0.3	0.3
14	1.1	62923.5	0.0	0.3	0.3
15	1.2	62549.3	0.0	0.3	0.3
16	1.2	62549.3	0.0	0.3	0.3
17	1.3	62180.9	0.0	0.3	0.3
18	1.4	62213.8	0.0	0.3	0.3
19	1.4	61895.1	0.0	0.2	0.2
20	1.5	61836.2	0.0	0.2	0.2


pdz_hi_sampled_seqs_cluster1_iter1:

OpenMP: Using 6 of 6 threads
Alphabet length:21
1000 valid sequences out of 1000 
41 sites, none trimmed because no target specified
Theta not between 0 and 1, no sequence reweighting applied (N = 1000.00)
iter	time	obj	|x|	|g|	crit
1	0.1	77705.1	0.0	0.1	0.1
2	0.2	74914.1	0.0	0.2	0.2
3	0.3	72704.6	0.0	0.3	0.3
4	0.4	70768.9	0.0	0.3	0.3
5	0.4	69124.2	0.0	0.3	0.3
6	0.5	68067.5	0.0	0.3	0.3
7	0.6	66842.6	0.0	0.4	0.4
8	0.7	65773.5	0.0	0.4	0.4
9	0.7	65271.9	0.0	0.3	0.3
10	0.8	64780.6	0.0	0.3	0.3
11	0.9	63986.7	0.0	0.3	0.3
12	0.9	63523.0	0.0	0.3	0.3
13	1.0	63367.2	0.0	0.3	0.3
14	1.1	62968.1	0.0	0.3	0.3
15	1.1	62599.6	0.0	0.3	0.3
16	1.2	62626.3	0.0	0.3	0.3
17	1.3	62255.7	0.0	0.3	0.3
18	1.4	62243.0	0.0	0.3	0.3
19	1.4	62241.7	0.0	0.2	0.2
20	1.5	62037.1	0.0	0.2	0.2


Iteration 2:
TERMINATING: Repeated cluster assignments
