tuning/outputs/tuning_run_35/ created
tuning/outputs/tuning_run_35/iterations/ created
tuning/outputs/tuning_run_35/output/ created
{'msa-file-name': 'pdz_hi_sampled_seqs.fa', 'em_maxiter': 30, 'em_numclusters': 2, 'em_device': None, 'em_init': 'random', 'em_no_iter_print': 0, 'plmc': '../../plmc/bin/plmc', 'output': 'tuning/outputs/tuning_run_35', 'fast': 0, 'scale': None, 'theta': '0.8', 'lambdah': '0.01', 'lambdae': '16.0', 'lambdag': None, 'gapignore': 0, 'maxiter': '2', 'ncores': 6, 'gapignore_tune': '0', 'fast_tune': '0', 'em_iter_print': 1, 'iterations_dir': 'tuning/outputs/tuning_run_35/iterations/', 'final_dir': 'tuning/outputs/tuning_run_35/output/', 'output_dir': 'tuning/outputs/tuning_run_35/', 'plmc_options': ['-t 0.8', '-lh 0.01', '-le 16.0', '-m 2', '-n 6'], 'device': device(type='cpu')}

Using cpu


Iteration 0:

pdz_hi_sampled_seqs_cluster0_iter0:

OpenMP: Using 6 of 6 threads
Alphabet length:21
1000 valid sequences out of 1000 
41 sites, none trimmed because no target specified
Effective number of samples: 1.2	(20% identical neighborhood = 1.000 samples)
iter	time	cond	fx	-loglk	||h||	||e||
1	0.1	1.09	141.5	137.9	3.0	0.5
2	0.3	1.01	135.4	131.5	5.0	0.5
Gradient optimization: MAXIMUMITERATION


pdz_hi_sampled_seqs_cluster1_iter0:

OpenMP: Using 6 of 6 threads
Alphabet length:21
1000 valid sequences out of 1000 
41 sites, none trimmed because no target specified
Effective number of samples: 1.3	(20% identical neighborhood = 1.000 samples)
iter	time	cond	fx	-loglk	||h||	||e||
1	0.2	1.09	142.6	139.0	3.0	0.5
2	0.3	1.02	136.4	132.5	5.1	0.5
Gradient optimization: MAXIMUMITERATION


Iteration 1:

pdz_hi_sampled_seqs_cluster0_iter1:

OpenMP: Using 6 of 6 threads
Alphabet length:21
830 valid sequences out of 830 
41 sites, none trimmed because no target specified
Effective number of samples: 1.2	(20% identical neighborhood = 1.000 samples)
iter	time	cond	fx	-loglk	||h||	||e||
1	0.2	1.09	141.6	138.0	3.0	0.5
2	0.4	1.02	135.5	131.6	5.0	0.5
Gradient optimization: MAXIMUMITERATION


pdz_hi_sampled_seqs_cluster1_iter1:

OpenMP: Using 6 of 6 threads
Alphabet length:21
1170 valid sequences out of 1170 
41 sites, none trimmed because no target specified
Effective number of samples: 1.2	(20% identical neighborhood = 1.000 samples)
iter	time	cond	fx	-loglk	||h||	||e||
1	0.2	1.09	140.4	136.9	2.9	0.5
2	0.4	1.01	134.4	130.5	5.0	0.5
Gradient optimization: MAXIMUMITERATION


Iteration 2:

pdz_hi_sampled_seqs_cluster0_iter2:

OpenMP: Using 6 of 6 threads
Alphabet length:21
932 valid sequences out of 932 
41 sites, none trimmed because no target specified
Effective number of samples: 1.2	(20% identical neighborhood = 1.000 samples)
iter	time	cond	fx	-loglk	||h||	||e||
1	0.2	1.09	139.2	135.6	3.0	0.5
2	0.4	1.00	133.1	129.2	5.0	0.5
Gradient optimization: MAXIMUMITERATION


pdz_hi_sampled_seqs_cluster1_iter2:

OpenMP: Using 6 of 6 threads
Alphabet length:21
1068 valid sequences out of 1068 
41 sites, none trimmed because no target specified
Effective number of samples: 1.2	(20% identical neighborhood = 1.000 samples)
iter	time	cond	fx	-loglk	||h||	||e||
1	0.3	1.09	137.3	133.8	2.9	0.5
2	0.4	1.00	131.4	127.5	4.9	0.5
Gradient optimization: MAXIMUMITERATION


Iteration 3:

pdz_hi_sampled_seqs_cluster0_iter3:

OpenMP: Using 6 of 6 threads
Alphabet length:21
994 valid sequences out of 994 
41 sites, none trimmed because no target specified
Effective number of samples: 1.2	(20% identical neighborhood = 1.000 samples)
iter	time	cond	fx	-loglk	||h||	||e||
1	0.2	1.08	135.2	131.6	2.9	0.5
2	0.3	0.99	129.3	125.3	5.0	0.5
Gradient optimization: MAXIMUMITERATION


pdz_hi_sampled_seqs_cluster1_iter3:

OpenMP: Using 6 of 6 threads
Alphabet length:21
1006 valid sequences out of 1006 
41 sites, none trimmed because no target specified
Effective number of samples: 1.2	(20% identical neighborhood = 1.000 samples)
iter	time	cond	fx	-loglk	||h||	||e||
1	0.2	1.10	133.0	129.6	2.8	0.5
2	0.3	0.98	127.3	123.5	4.8	0.5
Gradient optimization: MAXIMUMITERATION


Iteration 4:

pdz_hi_sampled_seqs_cluster0_iter4:

OpenMP: Using 6 of 6 threads
Alphabet length:21
981 valid sequences out of 981 
41 sites, none trimmed because no target specified
Effective number of samples: 1.2	(20% identical neighborhood = 1.000 samples)
iter	time	cond	fx	-loglk	||h||	||e||
1	0.2	1.08	133.0	129.4	2.9	0.5
2	0.3	0.98	127.1	123.2	4.9	0.5
Gradient optimization: MAXIMUMITERATION


pdz_hi_sampled_seqs_cluster1_iter4:

OpenMP: Using 6 of 6 threads
Alphabet length:21
1019 valid sequences out of 1019 
41 sites, none trimmed because no target specified
Effective number of samples: 1.2	(20% identical neighborhood = 1.000 samples)
iter	time	cond	fx	-loglk	||h||	||e||
1	0.2	1.10	130.9	127.5	2.8	0.5
2	0.3	0.97	125.2	121.5	4.8	0.5
Gradient optimization: MAXIMUMITERATION


Iteration 5:

pdz_hi_sampled_seqs_cluster0_iter5:

OpenMP: Using 6 of 6 threads
Alphabet length:21
984 valid sequences out of 984 
41 sites, none trimmed because no target specified
Effective number of samples: 1.2	(20% identical neighborhood = 1.000 samples)
iter	time	cond	fx	-loglk	||h||	||e||
1	0.2	1.08	132.9	129.3	2.9	0.5
2	0.3	0.98	127.0	123.1	4.9	0.5
Gradient optimization: MAXIMUMITERATION


pdz_hi_sampled_seqs_cluster1_iter5:

OpenMP: Using 6 of 6 threads
Alphabet length:21
1016 valid sequences out of 1016 
41 sites, none trimmed because no target specified
Effective number of samples: 1.1	(20% identical neighborhood = 1.000 samples)
iter	time	cond	fx	-loglk	||h||	||e||
1	0.2	1.10	130.2	126.8	2.8	0.5
2	0.3	0.97	124.6	120.8	4.8	0.5
Gradient optimization: MAXIMUMITERATION


Iteration 6:

pdz_hi_sampled_seqs_cluster0_iter6:

OpenMP: Using 6 of 6 threads
Alphabet length:21
986 valid sequences out of 986 
41 sites, none trimmed because no target specified
Effective number of samples: 1.2	(20% identical neighborhood = 1.000 samples)
iter	time	cond	fx	-loglk	||h||	||e||
1	0.2	1.08	132.9	129.3	2.9	0.5
2	0.3	0.98	127.0	123.1	4.9	0.5
Gradient optimization: MAXIMUMITERATION


pdz_hi_sampled_seqs_cluster1_iter6:

OpenMP: Using 6 of 6 threads
Alphabet length:21
1014 valid sequences out of 1014 
41 sites, none trimmed because no target specified
Effective number of samples: 1.1	(20% identical neighborhood = 1.000 samples)
iter	time	cond	fx	-loglk	||h||	||e||
1	0.1	1.10	130.1	126.7	2.8	0.5
2	0.3	0.97	124.5	120.8	4.8	0.5
Gradient optimization: MAXIMUMITERATION


Iteration 7:

pdz_hi_sampled_seqs_cluster0_iter7:

OpenMP: Using 6 of 6 threads
Alphabet length:21
982 valid sequences out of 982 
41 sites, none trimmed because no target specified
Effective number of samples: 1.2	(20% identical neighborhood = 1.000 samples)
iter	time	cond	fx	-loglk	||h||	||e||
1	0.2	1.08	132.5	128.9	2.9	0.5
2	0.3	0.98	126.7	122.7	4.9	0.5
Gradient optimization: MAXIMUMITERATION


pdz_hi_sampled_seqs_cluster1_iter7:

OpenMP: Using 6 of 6 threads
Alphabet length:21
1018 valid sequences out of 1018 
41 sites, none trimmed because no target specified
Effective number of samples: 1.1	(20% identical neighborhood = 1.000 samples)
iter	time	cond	fx	-loglk	||h||	||e||
1	0.2	1.09	130.4	127.0	2.8	0.5
2	0.3	0.97	124.8	121.0	4.8	0.5
Gradient optimization: MAXIMUMITERATION


Iteration 8:

pdz_hi_sampled_seqs_cluster0_iter8:

OpenMP: Using 6 of 6 threads
Alphabet length:21
979 valid sequences out of 979 
41 sites, none trimmed because no target specified
Effective number of samples: 1.2	(20% identical neighborhood = 1.000 samples)
iter	time	cond	fx	-loglk	||h||	||e||
1	0.2	1.08	132.6	129.0	2.9	0.5
2	0.3	0.98	126.7	122.8	4.9	0.5
Gradient optimization: MAXIMUMITERATION


pdz_hi_sampled_seqs_cluster1_iter8:

OpenMP: Using 6 of 6 threads
Alphabet length:21
1021 valid sequences out of 1021 
41 sites, none trimmed because no target specified
Effective number of samples: 1.1	(20% identical neighborhood = 1.000 samples)
iter	time	cond	fx	-loglk	||h||	||e||
1	0.2	1.09	130.4	127.0	2.8	0.5
2	0.3	0.97	124.7	121.0	4.8	0.5
Gradient optimization: MAXIMUMITERATION


Iteration 9:

pdz_hi_sampled_seqs_cluster0_iter9:

OpenMP: Using 6 of 6 threads
Alphabet length:21
977 valid sequences out of 977 
41 sites, none trimmed because no target specified
Effective number of samples: 1.2	(20% identical neighborhood = 1.000 samples)
iter	time	cond	fx	-loglk	||h||	||e||
1	0.2	1.08	132.4	128.8	2.9	0.5
2	0.3	0.98	126.6	122.6	4.9	0.5
Gradient optimization: MAXIMUMITERATION


pdz_hi_sampled_seqs_cluster1_iter9:

OpenMP: Using 6 of 6 threads
Alphabet length:21
1023 valid sequences out of 1023 
41 sites, none trimmed because no target specified
Effective number of samples: 1.1	(20% identical neighborhood = 1.000 samples)
iter	time	cond	fx	-loglk	||h||	||e||
1	0.2	1.09	130.5	127.1	2.8	0.5
2	0.3	0.97	124.9	121.1	4.8	0.5
Gradient optimization: MAXIMUMITERATION


Iteration 10:

pdz_hi_sampled_seqs_cluster0_iter10:

OpenMP: Using 6 of 6 threads
Alphabet length:21
976 valid sequences out of 976 
41 sites, none trimmed because no target specified
Effective number of samples: 1.2	(20% identical neighborhood = 1.000 samples)
iter	time	cond	fx	-loglk	||h||	||e||
1	0.2	1.08	132.4	128.8	2.9	0.5
2	0.4	0.98	126.6	122.6	4.9	0.5
Gradient optimization: MAXIMUMITERATION


pdz_hi_sampled_seqs_cluster1_iter10:

OpenMP: Using 6 of 6 threads
Alphabet length:21
1024 valid sequences out of 1024 
41 sites, none trimmed because no target specified
Effective number of samples: 1.1	(20% identical neighborhood = 1.000 samples)
iter	time	cond	fx	-loglk	||h||	||e||
1	0.2	1.09	130.5	127.1	2.8	0.5
2	0.3	0.97	124.9	121.1	4.8	0.5
Gradient optimization: MAXIMUMITERATION


Iteration 11:
TERMINATING: Repeated cluster assignments
