tuning/outputs/tuning_run_11/ created
tuning/outputs/tuning_run_11/iterations/ created
tuning/outputs/tuning_run_11/output/ created
{'msa-file-name': 'pdz_hi_sampled_seqs.fa', 'em_maxiter': 30, 'em_numclusters': 2, 'em_device': None, 'em_init': 'random', 'em_no_iter_print': 0, 'plmc': '../../plmc/bin/plmc', 'output': 'tuning/outputs/tuning_run_11', 'fast': 0, 'scale': None, 'theta': '0.8', 'lambdah': '0.01', 'lambdae': '16.0', 'lambdag': None, 'gapignore': 1, 'maxiter': '10', 'ncores': 6, 'gapignore_tune': '1', 'fast_tune': '0', 'em_iter_print': 1, 'iterations_dir': 'tuning/outputs/tuning_run_11/iterations/', 'final_dir': 'tuning/outputs/tuning_run_11/output/', 'output_dir': 'tuning/outputs/tuning_run_11/', 'plmc_options': ['-t 0.8', '-lh 0.01', '-le 16.0', '-m 10', '-n 6', '-g'], 'device': device(type='cpu')}

Using cpu


Iteration 0:

pdz_hi_sampled_seqs_cluster0_iter0:

OpenMP: Using 6 of 6 threads
Alphabet length:21
1000 valid sequences out of 1000 
41 sites, none trimmed because no target specified
Effective number of samples: 1.2	(20% identical neighborhood = 1.000 samples)
iter	time	cond	fx	-loglk	||h||	||e||
1	0.1	1.09	139.2	135.8	2.9	0.5
2	0.3	1.03	133.3	129.5	5.0	0.5
3	0.3	0.36	114.8	107.8	25.1	0.2
4	0.4	0.30	114.3	107.0	25.0	0.3
5	0.4	0.08	112.0	106.9	21.6	0.2
6	0.5	0.07	111.7	107.5	19.8	0.1
7	0.5	0.14	111.6	107.4	19.6	0.2
8	0.6	0.11	111.4	107.1	19.9	0.1
9	0.6	0.14	109.5	104.4	22.0	0.1
10	0.7	0.15	108.6	102.9	23.3	0.1
Gradient optimization: MAXIMUMITERATION


pdz_hi_sampled_seqs_cluster1_iter0:

OpenMP: Using 6 of 6 threads
Alphabet length:21
1000 valid sequences out of 1000 
41 sites, none trimmed because no target specified
Effective number of samples: 1.3	(20% identical neighborhood = 1.000 samples)
iter	time	cond	fx	-loglk	||h||	||e||
1	0.2	1.09	140.3	136.9	3.0	0.5
2	0.3	1.04	134.4	130.5	5.0	0.5
3	0.3	0.34	115.1	108.2	24.8	0.2
4	0.4	0.29	114.7	107.5	24.8	0.3
5	0.4	0.08	112.8	107.6	21.8	0.2
6	0.5	0.07	112.5	108.1	20.1	0.1
7	0.5	0.13	112.4	108.0	19.9	0.2
8	0.6	0.11	111.2	106.5	20.7	0.2
9	0.7	0.27	110.3	105.3	21.7	0.1
10	0.7	0.07	109.2	103.4	23.6	0.1
Gradient optimization: MAXIMUMITERATION


Iteration 1:

pdz_hi_sampled_seqs_cluster0_iter1:

OpenMP: Using 6 of 6 threads
Alphabet length:21
979 valid sequences out of 979 
41 sites, none trimmed because no target specified
Effective number of samples: 1.1	(20% identical neighborhood = 1.000 samples)
iter	time	cond	fx	-loglk	||h||	||e||
1	0.2	1.09	122.2	118.9	2.8	0.5
2	0.3	1.01	116.9	113.2	4.7	0.5
3	0.4	0.39	99.7	92.5	25.0	0.2
4	0.5	0.33	99.2	91.8	24.8	0.3
5	0.5	0.08	96.8	91.8	21.5	0.1
6	0.5	0.06	96.5	92.5	19.4	0.1
7	0.6	0.11	96.4	92.3	19.6	0.1
8	0.7	0.15	95.7	90.8	20.9	0.2
9	0.7	0.23	94.4	88.5	23.2	0.2
10	0.8	0.12	93.7	87.6	23.8	0.2
Gradient optimization: MAXIMUMITERATION


pdz_hi_sampled_seqs_cluster1_iter1:

OpenMP: Using 6 of 6 threads
Alphabet length:21
1021 valid sequences out of 1021 
41 sites, none trimmed because no target specified
Effective number of samples: 1.4	(20% identical neighborhood = 1.000 samples)
iter	time	cond	fx	-loglk	||h||	||e||
1	0.2	1.09	155.0	151.4	3.1	0.5
2	0.3	1.06	148.4	144.3	5.3	0.5
3	0.4	0.30	126.8	119.9	24.8	0.2
4	0.5	0.25	126.5	119.4	24.8	0.2
5	0.5	0.07	125.1	119.7	22.3	0.2
6	0.5	0.06	124.9	120.1	21.0	0.2
7	0.6	0.13	124.7	120.0	20.6	0.2
8	0.7	0.17	123.1	118.4	20.5	0.2
9	0.8	0.22	122.6	118.0	20.9	0.1
10	0.8	0.05	121.5	115.6	23.7	0.1
Gradient optimization: MAXIMUMITERATION


Iteration 2:

pdz_hi_sampled_seqs_cluster0_iter2:

OpenMP: Using 6 of 6 threads
Alphabet length:21
1000 valid sequences out of 1000 
41 sites, none trimmed because no target specified
Effective number of samples: 1.1	(20% identical neighborhood = 1.000 samples)
iter	time	cond	fx	-loglk	||h||	||e||
1	0.1	1.09	121.2	117.8	2.7	0.5
2	0.2	1.01	115.9	112.2	4.7	0.5
3	0.3	0.39	98.3	91.1	24.9	0.2
4	0.4	0.33	97.9	90.5	24.8	0.3
5	0.4	0.08	95.6	90.6	21.7	0.1
6	0.5	0.06	95.4	91.2	19.7	0.1
7	0.5	0.09	95.2	91.0	19.8	0.1
8	0.6	0.12	95.0	90.7	20.0	0.1
9	0.7	0.23	93.4	87.9	22.0	0.2
10	0.7	0.24	92.9	86.5	23.2	0.3
Gradient optimization: MAXIMUMITERATION


pdz_hi_sampled_seqs_cluster1_iter2:

OpenMP: Using 6 of 6 threads
Alphabet length:21
1000 valid sequences out of 1000 
41 sites, none trimmed because no target specified
Effective number of samples: 1.4	(20% identical neighborhood = 1.000 samples)
iter	time	cond	fx	-loglk	||h||	||e||
1	0.2	1.09	156.4	152.7	3.1	0.5
2	0.3	1.07	149.7	145.6	5.3	0.5
3	0.3	0.30	127.8	121.0	24.6	0.2
4	0.4	0.25	127.6	120.6	24.6	0.2
5	0.4	0.07	126.3	120.9	22.3	0.2
6	0.5	0.06	126.1	121.3	21.1	0.2
7	0.5	0.12	125.9	121.2	20.7	0.2
8	0.6	0.14	125.4	120.8	20.6	0.2
9	0.7	0.31	124.1	119.3	21.1	0.2
10	0.7	0.13	123.1	116.9	23.8	0.2
Gradient optimization: MAXIMUMITERATION


Iteration 3:

pdz_hi_sampled_seqs_cluster0_iter3:

OpenMP: Using 6 of 6 threads
Alphabet length:21
1024 valid sequences out of 1024 
41 sites, none trimmed because no target specified
Effective number of samples: 1.1	(20% identical neighborhood = 1.000 samples)
iter	time	cond	fx	-loglk	||h||	||e||
1	0.2	1.09	121.5	118.1	2.7	0.5
2	0.3	1.02	116.2	112.5	4.7	0.5
3	0.3	0.38	98.5	91.3	24.9	0.2
4	0.4	0.33	98.1	90.7	24.8	0.3
5	0.5	0.08	95.9	90.9	21.7	0.1
6	0.5	0.06	95.6	91.5	19.7	0.1
7	0.6	0.09	95.5	91.3	19.8	0.1
8	0.6	0.13	95.3	90.9	20.1	0.2
9	0.7	0.24	93.8	88.3	21.7	0.2
10	0.7	0.19	93.0	87.0	23.0	0.2
Gradient optimization: MAXIMUMITERATION


pdz_hi_sampled_seqs_cluster1_iter3:

OpenMP: Using 6 of 6 threads
Alphabet length:21
976 valid sequences out of 976 
41 sites, none trimmed because no target specified
Effective number of samples: 1.4	(20% identical neighborhood = 1.000 samples)
iter	time	cond	fx	-loglk	||h||	||e||
1	0.2	1.09	156.6	152.9	3.2	0.5
2	0.3	1.07	149.9	145.8	5.3	0.5
3	0.3	0.30	127.9	121.1	24.5	0.2
4	0.4	0.25	127.6	120.6	24.6	0.2
5	0.4	0.07	126.4	121.0	22.3	0.2
6	0.5	0.06	126.2	121.3	21.1	0.2
7	0.5	0.12	126.0	121.3	20.7	0.2
8	0.6	0.14	125.5	120.8	20.6	0.2
9	0.7	0.30	124.2	119.4	21.1	0.2
10	0.7	0.14	123.2	117.1	23.7	0.2
Gradient optimization: MAXIMUMITERATION


Iteration 4:

pdz_hi_sampled_seqs_cluster0_iter4:

OpenMP: Using 6 of 6 threads
Alphabet length:21
1023 valid sequences out of 1023 
41 sites, none trimmed because no target specified
Effective number of samples: 1.1	(20% identical neighborhood = 1.000 samples)
iter	time	cond	fx	-loglk	||h||	||e||
1	0.1	1.09	121.4	118.0	2.7	0.5
2	0.2	1.02	116.1	112.4	4.7	0.5
3	0.3	0.38	98.4	91.2	24.9	0.2
4	0.4	0.33	97.9	90.6	24.8	0.3
5	0.4	0.08	95.8	90.8	21.8	0.1
6	0.5	0.05	95.6	91.4	19.8	0.1
7	0.5	0.09	95.4	91.2	19.9	0.1
8	0.5	0.13	95.2	90.7	20.1	0.2
9	0.6	0.25	93.8	88.4	21.5	0.2
10	0.6	0.18	92.9	87.0	22.9	0.2
Gradient optimization: MAXIMUMITERATION


pdz_hi_sampled_seqs_cluster1_iter4:

OpenMP: Using 6 of 6 threads
Alphabet length:21
977 valid sequences out of 977 
41 sites, none trimmed because no target specified
Effective number of samples: 1.4	(20% identical neighborhood = 1.000 samples)
iter	time	cond	fx	-loglk	||h||	||e||
1	0.1	1.09	156.4	152.7	3.2	0.5
2	0.3	1.07	149.7	145.6	5.3	0.5
3	0.3	0.30	127.7	120.9	24.5	0.2
4	0.4	0.25	127.4	120.4	24.5	0.2
5	0.4	0.07	126.2	120.8	22.3	0.2
6	0.5	0.06	126.0	121.2	21.1	0.2
7	0.5	0.12	125.8	121.1	20.7	0.2
8	0.6	0.14	125.3	120.7	20.5	0.2
9	0.6	0.29	124.0	119.2	21.1	0.1
10	0.7	0.14	123.1	117.0	23.6	0.2
Gradient optimization: MAXIMUMITERATION


Iteration 5:

pdz_hi_sampled_seqs_cluster0_iter5:

OpenMP: Using 6 of 6 threads
Alphabet length:21
1015 valid sequences out of 1015 
41 sites, none trimmed because no target specified
Effective number of samples: 1.1	(20% identical neighborhood = 1.000 samples)
iter	time	cond	fx	-loglk	||h||	||e||
1	0.1	1.09	121.4	118.1	2.7	0.5
2	0.2	1.02	116.2	112.4	4.7	0.5
3	0.3	0.38	98.4	91.2	24.8	0.2
4	0.4	0.32	97.9	90.6	24.7	0.3
5	0.4	0.08	95.9	90.8	21.8	0.1
6	0.5	0.05	95.6	91.5	19.8	0.1
7	0.5	0.08	95.5	91.3	19.9	0.1
8	0.6	0.13	95.2	90.8	20.1	0.2
9	0.6	0.25	93.9	88.5	21.4	0.2
10	0.6	0.18	93.0	87.1	22.8	0.2
Gradient optimization: MAXIMUMITERATION


pdz_hi_sampled_seqs_cluster1_iter5:

OpenMP: Using 6 of 6 threads
Alphabet length:21
985 valid sequences out of 985 
41 sites, none trimmed because no target specified
Effective number of samples: 1.4	(20% identical neighborhood = 1.000 samples)
iter	time	cond	fx	-loglk	||h||	||e||
1	0.1	1.09	155.5	151.8	3.1	0.5
2	0.3	1.07	148.9	144.8	5.3	0.5
3	0.3	0.30	126.9	120.1	24.6	0.2
4	0.4	0.25	126.7	119.6	24.6	0.2
5	0.4	0.07	125.3	120.0	22.3	0.2
6	0.5	0.06	125.2	120.3	21.1	0.2
7	0.5	0.12	125.0	120.3	20.7	0.2
8	0.6	0.13	124.5	119.9	20.6	0.2
9	0.7	0.30	123.4	118.7	21.0	0.2
10	0.7	0.09	122.1	116.2	23.5	0.2
Gradient optimization: MAXIMUMITERATION


Iteration 6:

pdz_hi_sampled_seqs_cluster0_iter6:

OpenMP: Using 6 of 6 threads
Alphabet length:21
1000 valid sequences out of 1000 
41 sites, none trimmed because no target specified
Effective number of samples: 1.1	(20% identical neighborhood = 1.000 samples)
iter	time	cond	fx	-loglk	||h||	||e||
1	0.1	1.09	121.2	117.8	2.7	0.5
2	0.2	1.02	115.9	112.2	4.7	0.5
3	0.3	0.38	98.2	91.0	24.8	0.3
4	0.4	0.32	97.7	90.4	24.7	0.3
5	0.4	0.08	95.7	90.6	21.8	0.1
6	0.5	0.05	95.4	91.3	19.8	0.1
7	0.5	0.08	95.3	91.1	19.9	0.1
8	0.6	0.14	95.0	90.5	20.2	0.2
9	0.6	0.25	93.8	88.4	21.4	0.2
10	0.7	0.18	92.8	86.9	22.8	0.2
Gradient optimization: MAXIMUMITERATION


pdz_hi_sampled_seqs_cluster1_iter6:

OpenMP: Using 6 of 6 threads
Alphabet length:21
1000 valid sequences out of 1000 
41 sites, none trimmed because no target specified
Effective number of samples: 1.4	(20% identical neighborhood = 1.000 samples)
iter	time	cond	fx	-loglk	||h||	||e||
1	0.1	1.09	154.8	151.1	3.1	0.5
2	0.3	1.06	148.1	144.1	5.3	0.5
3	0.3	0.30	126.3	119.4	24.7	0.2
4	0.4	0.25	126.0	118.9	24.8	0.2
5	0.4	0.07	124.7	119.3	22.3	0.2
6	0.5	0.06	124.5	119.6	21.1	0.2
7	0.5	0.13	124.3	119.6	20.6	0.2
8	0.6	0.15	122.8	118.1	20.5	0.2
9	0.7	0.20	122.3	117.7	20.9	0.1
10	0.7	0.04	121.3	115.5	23.5	0.1
Gradient optimization: MAXIMUMITERATION


Iteration 7:

pdz_hi_sampled_seqs_cluster0_iter7:

OpenMP: Using 6 of 6 threads
Alphabet length:21
957 valid sequences out of 957 
41 sites, none trimmed because no target specified
Effective number of samples: 1.1	(20% identical neighborhood = 1.000 samples)
iter	time	cond	fx	-loglk	||h||	||e||
1	0.2	1.09	121.3	118.0	2.7	0.5
2	0.3	1.02	116.1	112.3	4.7	0.5
3	0.3	0.38	98.2	91.1	24.7	0.3
4	0.4	0.33	97.8	90.6	24.6	0.3
5	0.4	0.08	95.8	90.8	21.8	0.1
6	0.5	0.05	95.6	91.4	19.8	0.1
7	0.5	0.08	95.4	91.2	19.9	0.1
8	0.6	0.15	95.1	90.6	20.2	0.2
9	0.6	0.26	93.9	88.6	21.3	0.2
10	0.7	0.18	92.9	87.0	22.8	0.2
Gradient optimization: MAXIMUMITERATION


pdz_hi_sampled_seqs_cluster1_iter7:

OpenMP: Using 6 of 6 threads
Alphabet length:21
1043 valid sequences out of 1043 
41 sites, none trimmed because no target specified
Effective number of samples: 1.4	(20% identical neighborhood = 1.000 samples)
iter	time	cond	fx	-loglk	||h||	||e||
1	0.1	1.08	152.4	148.7	3.1	0.5
2	0.2	1.05	145.9	141.8	5.3	0.5
3	0.3	0.31	124.4	117.5	25.0	0.2
4	0.4	0.26	124.1	116.9	25.0	0.2
5	0.4	0.07	122.5	117.2	22.3	0.2
6	0.4	0.06	122.3	117.6	21.0	0.2
7	0.5	0.13	122.2	117.6	20.6	0.2
8	0.6	0.10	120.8	116.1	20.8	0.2
9	0.7	0.21	119.8	114.8	21.9	0.1
10	0.7	0.09	119.3	112.9	24.5	0.1
Gradient optimization: MAXIMUMITERATION


Iteration 8:

pdz_hi_sampled_seqs_cluster0_iter8:

OpenMP: Using 6 of 6 threads
Alphabet length:21
908 valid sequences out of 908 
41 sites, none trimmed because no target specified
Effective number of samples: 1.1	(20% identical neighborhood = 1.000 samples)
iter	time	cond	fx	-loglk	||h||	||e||
1	0.1	1.09	121.3	117.9	2.7	0.5
2	0.2	1.02	116.0	112.3	4.6	0.5
3	0.3	0.38	98.3	91.3	24.6	0.3
4	0.4	0.33	97.9	90.7	24.5	0.3
5	0.4	0.08	95.9	90.9	21.7	0.1
6	0.5	0.05	95.7	91.5	19.7	0.1
7	0.5	0.08	95.5	91.3	19.8	0.1
8	0.6	0.15	95.2	90.7	20.1	0.2
9	0.6	0.26	94.0	88.6	21.3	0.2
10	0.7	0.18	93.0	87.1	22.8	0.2
Gradient optimization: MAXIMUMITERATION


pdz_hi_sampled_seqs_cluster1_iter8:

OpenMP: Using 6 of 6 threads
Alphabet length:21
1092 valid sequences out of 1092 
41 sites, none trimmed because no target specified
Effective number of samples: 1.3	(20% identical neighborhood = 1.000 samples)
iter	time	cond	fx	-loglk	||h||	||e||
1	0.2	1.08	149.6	146.0	3.1	0.5
2	0.3	1.04	143.2	139.2	5.2	0.5
3	0.3	0.32	122.3	115.1	25.4	0.2
4	0.4	0.27	121.9	114.5	25.3	0.2
5	0.5	0.07	120.0	114.7	22.3	0.2
6	0.5	0.07	119.8	115.1	20.9	0.1
7	0.6	0.14	119.7	115.1	20.5	0.2
8	0.7	0.07	118.7	113.9	21.2	0.1
9	0.7	0.14	117.0	111.4	23.1	0.1
10	0.8	0.15	116.8	110.9	23.6	0.2
Gradient optimization: MAXIMUMITERATION


Iteration 9:

pdz_hi_sampled_seqs_cluster0_iter9:

OpenMP: Using 6 of 6 threads
Alphabet length:21
912 valid sequences out of 912 
41 sites, none trimmed because no target specified
Effective number of samples: 1.1	(20% identical neighborhood = 1.000 samples)
iter	time	cond	fx	-loglk	||h||	||e||
1	0.2	1.09	121.8	118.4	2.7	0.5
2	0.3	1.01	116.5	112.8	4.7	0.5
3	0.4	0.39	99.2	92.0	24.9	0.2
4	0.4	0.33	98.7	91.3	24.8	0.3
5	0.5	0.08	96.5	91.4	21.7	0.1
6	0.5	0.06	96.2	92.1	19.5	0.1
7	0.6	0.10	96.1	91.9	19.7	0.1
8	0.6	0.12	95.8	91.5	20.0	0.1
9	0.7	0.23	94.2	88.7	22.1	0.2
10	0.7	0.34	94.1	87.1	23.4	0.3
Gradient optimization: MAXIMUMITERATION


pdz_hi_sampled_seqs_cluster1_iter9:

OpenMP: Using 6 of 6 threads
Alphabet length:21
1088 valid sequences out of 1088 
41 sites, none trimmed because no target specified
Effective number of samples: 1.3	(20% identical neighborhood = 1.000 samples)
iter	time	cond	fx	-loglk	||h||	||e||
1	0.2	1.08	146.4	142.8	3.1	0.5
2	0.3	1.03	140.1	136.2	5.2	0.5
3	0.4	0.34	119.8	112.5	25.7	0.2
4	0.5	0.28	119.4	111.8	25.6	0.2
5	0.5	0.08	117.2	111.9	22.3	0.2
6	0.6	0.07	116.9	112.3	20.7	0.1
7	0.6	0.14	116.9	112.3	20.3	0.2
8	0.7	0.10	116.7	112.1	20.6	0.1
9	0.7	0.14	115.1	109.8	22.2	0.1
10	0.8	0.16	114.2	108.4	23.5	0.1
Gradient optimization: MAXIMUMITERATION


Iteration 10:

pdz_hi_sampled_seqs_cluster0_iter10:

OpenMP: Using 6 of 6 threads
Alphabet length:21
967 valid sequences out of 967 
41 sites, none trimmed because no target specified
Effective number of samples: 1.1	(20% identical neighborhood = 1.000 samples)
iter	time	cond	fx	-loglk	||h||	||e||
1	0.1	1.09	123.7	120.4	2.8	0.4
2	0.2	0.99	118.4	114.7	4.7	0.5
3	0.3	0.41	102.0	94.4	25.7	0.2
4	0.4	0.33	101.1	93.4	25.5	0.3
5	0.4	0.09	98.3	93.2	21.7	0.1
6	0.4	0.07	98.0	94.0	19.3	0.1
7	0.5	0.15	97.9	93.7	19.5	0.1
8	0.5	0.09	97.7	93.5	19.8	0.1
9	0.6	0.06	97.3	92.8	20.5	0.1
10	0.6	0.17	96.4	91.4	21.6	0.1
Gradient optimization: MAXIMUMITERATION


pdz_hi_sampled_seqs_cluster1_iter10:

OpenMP: Using 6 of 6 threads
Alphabet length:21
1033 valid sequences out of 1033 
41 sites, none trimmed because no target specified
Effective number of samples: 1.3	(20% identical neighborhood = 1.000 samples)
iter	time	cond	fx	-loglk	||h||	||e||
1	0.1	1.08	141.3	137.7	3.0	0.5
2	0.2	1.02	135.2	131.2	5.1	0.5
3	0.3	0.36	115.6	108.2	25.8	0.2
4	0.4	0.29	115.1	107.4	25.7	0.3
5	0.4	0.08	112.6	107.4	22.1	0.2
6	0.5	0.07	112.4	107.8	20.5	0.1
7	0.6	0.14	112.3	107.8	20.1	0.2
8	0.6	0.09	112.1	107.6	20.4	0.1
9	0.7	0.13	110.9	105.8	21.8	0.1
10	0.7	0.18	109.9	104.2	23.2	0.1
Gradient optimization: MAXIMUMITERATION


Iteration 11:

pdz_hi_sampled_seqs_cluster0_iter11:

OpenMP: Using 6 of 6 threads
Alphabet length:21
834 valid sequences out of 834 
41 sites, none trimmed because no target specified
Effective number of samples: 1.1	(20% identical neighborhood = 1.000 samples)
iter	time	cond	fx	-loglk	||h||	||e||
1	0.2	1.09	122.0	118.7	2.7	0.5
2	0.3	1.00	116.8	113.1	4.7	0.5
3	0.3	0.41	100.3	92.9	25.4	0.2
4	0.4	0.34	99.5	91.9	25.2	0.3
5	0.4	0.09	96.7	91.8	21.4	0.1
6	0.5	0.07	96.4	92.5	19.2	0.1
7	0.5	0.13	96.3	92.3	19.4	0.1
8	0.6	0.09	96.2	92.1	19.7	0.1
9	0.6	0.08	95.5	90.9	20.8	0.1
10	0.7	0.17	94.5	89.3	22.1	0.1
Gradient optimization: MAXIMUMITERATION


pdz_hi_sampled_seqs_cluster1_iter11:

OpenMP: Using 6 of 6 threads
Alphabet length:21
1166 valid sequences out of 1166 
41 sites, none trimmed because no target specified
Effective number of samples: 1.2	(20% identical neighborhood = 1.000 samples)
iter	time	cond	fx	-loglk	||h||	||e||
1	0.2	1.08	139.0	135.4	3.0	0.5
2	0.3	1.00	132.9	129.1	5.0	0.5
3	0.3	0.37	114.3	106.7	26.3	0.2
4	0.4	0.30	113.6	105.7	26.1	0.3
5	0.5	0.09	110.7	105.5	22.1	0.2
6	0.5	0.08	110.4	106.0	20.3	0.1
7	0.6	0.15	110.4	106.0	20.0	0.2
8	0.6	0.09	110.2	105.7	20.3	0.1
9	0.7	0.07	109.7	104.9	21.1	0.1
10	0.7	0.18	108.8	103.4	22.2	0.2
Gradient optimization: MAXIMUMITERATION


Iteration 12:

pdz_hi_sampled_seqs_cluster0_iter12:

OpenMP: Using 6 of 6 threads
Alphabet length:21
893 valid sequences out of 893 
41 sites, none trimmed because no target specified
Effective number of samples: 1.1	(20% identical neighborhood = 1.000 samples)
iter	time	cond	fx	-loglk	||h||	||e||
1	0.2	1.09	124.4	121.0	2.8	0.5
2	0.3	0.99	119.0	115.3	4.7	0.5
3	0.3	0.42	102.8	95.3	25.6	0.2
4	0.4	0.33	101.9	94.2	25.4	0.3
5	0.5	0.09	98.9	93.9	21.4	0.2
6	0.5	0.07	98.6	94.6	19.2	0.1
7	0.6	0.15	98.5	94.4	19.3	0.1
8	0.6	0.09	98.4	94.2	19.6	0.1
9	0.6	0.06	98.0	93.6	20.3	0.1
10	0.7	0.17	97.1	92.3	21.3	0.1
Gradient optimization: MAXIMUMITERATION


pdz_hi_sampled_seqs_cluster1_iter12:

OpenMP: Using 6 of 6 threads
Alphabet length:21
1107 valid sequences out of 1107 
41 sites, none trimmed because no target specified
Effective number of samples: 1.2	(20% identical neighborhood = 1.000 samples)
iter	time	cond	fx	-loglk	||h||	||e||
1	0.1	1.08	135.5	132.0	2.9	0.5
2	0.3	1.00	129.6	125.8	5.0	0.5
3	0.3	0.38	111.4	103.8	26.3	0.2
4	0.4	0.31	110.7	102.8	26.1	0.3
5	0.4	0.09	107.6	102.4	22.0	0.2
6	0.5	0.08	107.4	103.0	20.1	0.1
7	0.5	0.14	107.3	102.9	19.9	0.2
8	0.6	0.09	107.1	102.7	20.2	0.1
9	0.6	0.07	106.6	102.0	20.9	0.1
10	0.7	0.18	105.8	100.5	22.1	0.2
Gradient optimization: MAXIMUMITERATION


Iteration 13:

pdz_hi_sampled_seqs_cluster0_iter13:

OpenMP: Using 6 of 6 threads
Alphabet length:21
917 valid sequences out of 917 
41 sites, none trimmed because no target specified
Effective number of samples: 1.1	(20% identical neighborhood = 1.000 samples)
iter	time	cond	fx	-loglk	||h||	||e||
1	0.1	1.09	125.6	122.3	2.8	0.5
2	0.3	0.99	120.2	116.5	4.7	0.5
3	0.3	0.42	104.1	96.5	25.7	0.2
4	0.4	0.33	103.1	95.4	25.4	0.3
5	0.4	0.09	100.0	95.1	21.4	0.2
6	0.5	0.07	99.7	95.8	19.2	0.1
7	0.5	0.15	99.7	95.6	19.3	0.1
8	0.6	0.09	99.5	95.4	19.6	0.1
9	0.6	0.06	99.2	94.9	20.1	0.1
10	0.7	0.17	98.4	93.6	21.1	0.1
Gradient optimization: MAXIMUMITERATION


pdz_hi_sampled_seqs_cluster1_iter13:

OpenMP: Using 6 of 6 threads
Alphabet length:21
1083 valid sequences out of 1083 
41 sites, none trimmed because no target specified
Effective number of samples: 1.2	(20% identical neighborhood = 1.000 samples)
iter	time	cond	fx	-loglk	||h||	||e||
1	0.2	1.08	133.8	130.3	2.9	0.5
2	0.3	1.00	128.0	124.2	4.9	0.5
3	0.3	0.39	110.0	102.3	26.4	0.2
4	0.4	0.32	109.3	101.3	26.1	0.3
5	0.4	0.09	106.1	100.9	21.9	0.2
6	0.5	0.08	105.8	101.5	20.1	0.1
7	0.6	0.14	105.8	101.4	19.9	0.2
8	0.6	0.08	105.6	101.2	20.2	0.1
9	0.7	0.07	105.1	100.5	20.9	0.1
10	0.7	0.18	104.3	99.0	22.0	0.2
Gradient optimization: MAXIMUMITERATION


Iteration 14:

pdz_hi_sampled_seqs_cluster0_iter14:

OpenMP: Using 6 of 6 threads
Alphabet length:21
929 valid sequences out of 929 
41 sites, none trimmed because no target specified
Effective number of samples: 1.1	(20% identical neighborhood = 1.000 samples)
iter	time	cond	fx	-loglk	||h||	||e||
1	0.2	1.09	126.0	122.6	2.8	0.5
2	0.3	0.99	120.6	116.9	4.7	0.5
3	0.4	0.42	104.4	96.9	25.7	0.2
4	0.5	0.33	103.5	95.7	25.5	0.3
5	0.5	0.10	100.4	95.4	21.4	0.2
6	0.5	0.07	100.1	96.1	19.2	0.1
7	0.6	0.15	100.0	95.9	19.3	0.1
8	0.7	0.09	99.9	95.8	19.6	0.1
9	0.7	0.05	99.5	95.3	20.1	0.1
10	0.8	0.17	98.8	94.0	21.1	0.1
Gradient optimization: MAXIMUMITERATION


pdz_hi_sampled_seqs_cluster1_iter14:

OpenMP: Using 6 of 6 threads
Alphabet length:21
1071 valid sequences out of 1071 
41 sites, none trimmed because no target specified
Effective number of samples: 1.2	(20% identical neighborhood = 1.000 samples)
iter	time	cond	fx	-loglk	||h||	||e||
1	0.2	1.08	133.4	129.9	2.9	0.5
2	0.3	0.99	127.6	123.7	4.9	0.5
3	0.3	0.39	109.6	101.9	26.4	0.2
4	0.4	0.32	108.9	100.8	26.2	0.3
5	0.5	0.09	105.7	100.5	21.9	0.2
6	0.5	0.08	105.4	101.1	20.0	0.1
7	0.6	0.14	105.3	101.0	19.9	0.2
8	0.6	0.08	105.2	100.8	20.2	0.1
9	0.7	0.07	104.7	100.0	20.9	0.1
10	0.7	0.18	103.8	98.6	22.0	0.2
Gradient optimization: MAXIMUMITERATION


Iteration 15:

pdz_hi_sampled_seqs_cluster0_iter15:

OpenMP: Using 6 of 6 threads
Alphabet length:21
931 valid sequences out of 931 
41 sites, none trimmed because no target specified
Effective number of samples: 1.1	(20% identical neighborhood = 1.000 samples)
iter	time	cond	fx	-loglk	||h||	||e||
1	0.2	1.09	126.0	122.7	2.8	0.5
2	0.3	0.99	120.6	116.9	4.7	0.5
3	0.3	0.42	104.5	97.0	25.7	0.2
4	0.4	0.33	103.5	95.8	25.5	0.3
5	0.5	0.10	100.4	95.5	21.4	0.2
6	0.5	0.07	100.1	96.2	19.2	0.1
7	0.6	0.15	100.0	96.0	19.3	0.1
8	0.6	0.09	99.9	95.8	19.6	0.1
9	0.6	0.05	99.6	95.3	20.1	0.1
10	0.7	0.17	98.8	94.1	21.0	0.1
Gradient optimization: MAXIMUMITERATION


pdz_hi_sampled_seqs_cluster1_iter15:

OpenMP: Using 6 of 6 threads
Alphabet length:21
1069 valid sequences out of 1069 
41 sites, none trimmed because no target specified
Effective number of samples: 1.2	(20% identical neighborhood = 1.000 samples)
iter	time	cond	fx	-loglk	||h||	||e||
1	0.2	1.08	133.4	129.8	2.9	0.5
2	0.3	0.99	127.6	123.7	4.9	0.5
3	0.4	0.39	109.6	101.9	26.4	0.2
4	0.5	0.32	108.8	100.8	26.1	0.3
5	0.5	0.09	105.6	100.5	21.9	0.2
6	0.6	0.08	105.4	101.0	20.0	0.1
7	0.6	0.14	105.3	101.0	19.9	0.2
8	0.7	0.08	105.2	100.8	20.2	0.1
9	0.7	0.07	104.7	100.0	20.9	0.1
10	0.8	0.18	103.8	98.5	22.1	0.2
Gradient optimization: MAXIMUMITERATION


Iteration 16:

pdz_hi_sampled_seqs_cluster0_iter16:

OpenMP: Using 6 of 6 threads
Alphabet length:21
931 valid sequences out of 931 
41 sites, none trimmed because no target specified
Effective number of samples: 1.1	(20% identical neighborhood = 1.000 samples)
iter	time	cond	fx	-loglk	||h||	||e||
1	0.1	1.09	126.0	122.7	2.8	0.5
2	0.2	0.99	120.6	116.9	4.7	0.5
3	0.3	0.42	104.5	97.0	25.7	0.2
4	0.3	0.33	103.5	95.8	25.5	0.3
5	0.4	0.10	100.4	95.5	21.4	0.2
6	0.4	0.07	100.1	96.2	19.2	0.1
7	0.5	0.15	100.0	96.0	19.3	0.1
8	0.5	0.09	99.9	95.8	19.6	0.1
9	0.6	0.05	99.6	95.3	20.1	0.1
10	0.6	0.17	98.8	94.0	21.0	0.1
Gradient optimization: MAXIMUMITERATION


pdz_hi_sampled_seqs_cluster1_iter16:

OpenMP: Using 6 of 6 threads
Alphabet length:21
1069 valid sequences out of 1069 
41 sites, none trimmed because no target specified
Effective number of samples: 1.2	(20% identical neighborhood = 1.000 samples)
iter	time	cond	fx	-loglk	||h||	||e||
1	0.1	1.08	133.4	129.8	2.9	0.5
2	0.2	1.00	127.6	123.7	4.9	0.5
3	0.3	0.39	109.6	101.9	26.4	0.2
4	0.4	0.32	108.8	100.8	26.1	0.3
5	0.4	0.09	105.6	100.5	21.9	0.2
6	0.5	0.08	105.4	101.0	20.0	0.1
7	0.5	0.14	105.3	101.0	19.9	0.2
8	0.6	0.08	105.2	100.8	20.2	0.1
9	0.6	0.07	104.7	100.0	20.9	0.1
10	0.7	0.18	103.8	98.5	22.1	0.2
Gradient optimization: MAXIMUMITERATION


Iteration 17:

pdz_hi_sampled_seqs_cluster0_iter17:

OpenMP: Using 6 of 6 threads
Alphabet length:21
932 valid sequences out of 932 
41 sites, none trimmed because no target specified
Effective number of samples: 1.1	(20% identical neighborhood = 1.000 samples)
iter	time	cond	fx	-loglk	||h||	||e||
1	0.2	1.09	126.1	122.7	2.8	0.5
2	0.3	0.99	120.6	117.0	4.7	0.5
3	0.3	0.42	104.6	97.0	25.8	0.2
4	0.4	0.33	103.6	95.8	25.5	0.3
5	0.4	0.10	100.5	95.5	21.4	0.2
6	0.5	0.07	100.2	96.2	19.2	0.1
7	0.5	0.16	100.1	96.0	19.3	0.1
8	0.6	0.09	100.0	95.9	19.6	0.1
9	0.6	0.05	99.6	95.4	20.1	0.1
10	0.7	0.17	98.9	94.1	21.0	0.1
Gradient optimization: MAXIMUMITERATION


pdz_hi_sampled_seqs_cluster1_iter17:

OpenMP: Using 6 of 6 threads
Alphabet length:21
1068 valid sequences out of 1068 
41 sites, none trimmed because no target specified
Effective number of samples: 1.2	(20% identical neighborhood = 1.000 samples)
iter	time	cond	fx	-loglk	||h||	||e||
1	0.2	1.08	133.3	129.7	2.9	0.5
2	0.3	0.99	127.5	123.6	4.9	0.5
3	0.3	0.39	109.5	101.8	26.4	0.2
4	0.4	0.32	108.8	100.7	26.1	0.3
5	0.5	0.09	105.6	100.4	21.9	0.2
6	0.5	0.08	105.3	100.9	20.0	0.1
7	0.6	0.14	105.2	100.9	19.9	0.2
8	0.6	0.08	105.1	100.7	20.2	0.1
9	0.7	0.07	104.6	99.9	20.9	0.1
10	0.7	0.18	103.7	98.5	22.1	0.2
Gradient optimization: MAXIMUMITERATION


Iteration 18:
TERMINATING: Repeated cluster assignments
