tuning/outputs/tuning_run_0/ created
tuning/outputs/tuning_run_0/iterations/ created
tuning/outputs/tuning_run_0/output/ created
{'msa-file-name': 'pdz_hi_sampled_seqs.fa', 'em_maxiter': 30, 'em_numclusters': 2, 'em_device': None, 'em_init': 'kmeans', 'em_no_iter_print': 0, 'plmc': '../../plmc/bin/plmc', 'output': 'tuning/outputs/tuning_run_0', 'fast': 1, 'scale': None, 'theta': '0.8', 'lambdah': '0.01', 'lambdae': '16.0', 'lambdag': None, 'gapignore': 1, 'maxiter': '2', 'ncores': 6, 'gapignore_tune': '1', 'fast_tune': '1', 'em_iter_print': 1, 'iterations_dir': 'tuning/outputs/tuning_run_0/iterations/', 'final_dir': 'tuning/outputs/tuning_run_0/output/', 'output_dir': 'tuning/outputs/tuning_run_0/', 'plmc_options': ['-t 0.8', '-lh 0.01', '-le 16.0', '-m 2', '-n 6', '-g', '--fast'], 'device': device(type='cpu')}

Using cpu


Iteration 0:

pdz_hi_sampled_seqs_cluster0_iter0:

OpenMP: Using 6 of 6 threads
Alphabet length:21
809 valid sequences out of 809 
41 sites, none trimmed because no target specified
Clustering..........
Effective number of samples: 1.1	(20% identical neighborhood = 1.000 samples)
iter	time	obj	|x|	|g|	crit
1	0.1	128.9	0.0	0.0	0.0


pdz_hi_sampled_seqs_cluster1_iter0:

OpenMP: Using 6 of 6 threads
Alphabet length:21
1191 valid sequences out of 1191 
41 sites, none trimmed because no target specified
Clustering..........
Effective number of samples: 1.2	(20% identical neighborhood = 1.000 samples)
iter	time	obj	|x|	|g|	crit
1	0.1	136.2	0.0	0.0	0.0


Iteration 1:

pdz_hi_sampled_seqs_cluster0_iter1:

OpenMP: Using 6 of 6 threads
Alphabet length:21
835 valid sequences out of 835 
41 sites, none trimmed because no target specified
Clustering..........
Effective number of samples: 1.1	(20% identical neighborhood = 1.000 samples)
iter	time	obj	|x|	|g|	crit
1	0.1	129.5	0.0	0.0	0.0


pdz_hi_sampled_seqs_cluster1_iter1:

OpenMP: Using 6 of 6 threads
Alphabet length:21
1165 valid sequences out of 1165 
41 sites, none trimmed because no target specified
Clustering..........
Effective number of samples: 1.2	(20% identical neighborhood = 1.000 samples)
iter	time	obj	|x|	|g|	crit
1	0.1	136.5	0.0	0.0	0.0


Iteration 2:

pdz_hi_sampled_seqs_cluster0_iter2:

OpenMP: Using 6 of 6 threads
Alphabet length:21
845 valid sequences out of 845 
41 sites, none trimmed because no target specified
Clustering..........
Effective number of samples: 1.1	(20% identical neighborhood = 1.000 samples)
iter	time	obj	|x|	|g|	crit
1	0.1	130.4	0.0	0.0	0.0


pdz_hi_sampled_seqs_cluster1_iter2:

OpenMP: Using 6 of 6 threads
Alphabet length:21
1155 valid sequences out of 1155 
41 sites, none trimmed because no target specified
Clustering..........
Effective number of samples: 1.2	(20% identical neighborhood = 1.000 samples)
iter	time	obj	|x|	|g|	crit
1	0.1	136.2	0.0	0.0	0.0


Iteration 3:

pdz_hi_sampled_seqs_cluster0_iter3:

OpenMP: Using 6 of 6 threads
Alphabet length:21
841 valid sequences out of 841 
41 sites, none trimmed because no target specified
Clustering..........
Effective number of samples: 1.1	(20% identical neighborhood = 1.000 samples)
iter	time	obj	|x|	|g|	crit
1	0.1	130.6	0.0	0.0	0.0


pdz_hi_sampled_seqs_cluster1_iter3:

OpenMP: Using 6 of 6 threads
Alphabet length:21
1159 valid sequences out of 1159 
41 sites, none trimmed because no target specified
Clustering..........
Effective number of samples: 1.2	(20% identical neighborhood = 1.000 samples)
iter	time	obj	|x|	|g|	crit
1	0.1	136.4	0.0	0.0	0.0


Iteration 4:

pdz_hi_sampled_seqs_cluster0_iter4:

OpenMP: Using 6 of 6 threads
Alphabet length:21
849 valid sequences out of 849 
41 sites, none trimmed because no target specified
Clustering..........
Effective number of samples: 1.1	(20% identical neighborhood = 1.000 samples)
iter	time	obj	|x|	|g|	crit
1	0.1	131.3	0.0	0.0	0.0


pdz_hi_sampled_seqs_cluster1_iter4:

OpenMP: Using 6 of 6 threads
Alphabet length:21
1151 valid sequences out of 1151 
41 sites, none trimmed because no target specified
Clustering..........
Effective number of samples: 1.2	(20% identical neighborhood = 1.000 samples)
iter	time	obj	|x|	|g|	crit
1	0.1	136.4	0.0	0.0	0.0


Iteration 5:

pdz_hi_sampled_seqs_cluster0_iter5:

OpenMP: Using 6 of 6 threads
Alphabet length:21
857 valid sequences out of 857 
41 sites, none trimmed because no target specified
Clustering..........
Effective number of samples: 1.2	(20% identical neighborhood = 1.000 samples)
iter	time	obj	|x|	|g|	crit
1	0.1	132.3	0.0	0.0	0.0


pdz_hi_sampled_seqs_cluster1_iter5:

OpenMP: Using 6 of 6 threads
Alphabet length:21
1143 valid sequences out of 1143 
41 sites, none trimmed because no target specified
Clustering..........
Effective number of samples: 1.2	(20% identical neighborhood = 1.000 samples)
iter	time	obj	|x|	|g|	crit
1	0.1	135.9	0.0	0.0	0.0


Iteration 6:

pdz_hi_sampled_seqs_cluster0_iter6:

OpenMP: Using 6 of 6 threads
Alphabet length:21
855 valid sequences out of 855 
41 sites, none trimmed because no target specified
Clustering..........
Effective number of samples: 1.2	(20% identical neighborhood = 1.000 samples)
iter	time	obj	|x|	|g|	crit
1	0.1	132.3	0.0	0.0	0.0


pdz_hi_sampled_seqs_cluster1_iter6:

OpenMP: Using 6 of 6 threads
Alphabet length:21
1145 valid sequences out of 1145 
41 sites, none trimmed because no target specified
Clustering..........
Effective number of samples: 1.2	(20% identical neighborhood = 1.000 samples)
iter	time	obj	|x|	|g|	crit
1	0.1	135.9	0.0	0.0	0.0


Iteration 7:

pdz_hi_sampled_seqs_cluster0_iter7:

OpenMP: Using 6 of 6 threads
Alphabet length:21
859 valid sequences out of 859 
41 sites, none trimmed because no target specified
Clustering..........
Effective number of samples: 1.2	(20% identical neighborhood = 1.000 samples)
iter	time	obj	|x|	|g|	crit
1	0.1	132.4	0.0	0.0	0.0


pdz_hi_sampled_seqs_cluster1_iter7:

OpenMP: Using 6 of 6 threads
Alphabet length:21
1141 valid sequences out of 1141 
41 sites, none trimmed because no target specified
Clustering..........
Effective number of samples: 1.2	(20% identical neighborhood = 1.000 samples)
iter	time	obj	|x|	|g|	crit
1	0.1	135.9	0.0	0.0	0.0


Iteration 8:

pdz_hi_sampled_seqs_cluster0_iter8:

OpenMP: Using 6 of 6 threads
Alphabet length:21
863 valid sequences out of 863 
41 sites, none trimmed because no target specified
Clustering..........
Effective number of samples: 1.2	(20% identical neighborhood = 1.000 samples)
iter	time	obj	|x|	|g|	crit
1	0.1	132.6	0.0	0.0	0.0


pdz_hi_sampled_seqs_cluster1_iter8:

OpenMP: Using 6 of 6 threads
Alphabet length:21
1137 valid sequences out of 1137 
41 sites, none trimmed because no target specified
Clustering..........
Effective number of samples: 1.2	(20% identical neighborhood = 1.000 samples)
iter	time	obj	|x|	|g|	crit
1	0.1	136.0	0.0	0.0	0.0


Iteration 9:

pdz_hi_sampled_seqs_cluster0_iter9:

OpenMP: Using 6 of 6 threads
Alphabet length:21
875 valid sequences out of 875 
41 sites, none trimmed because no target specified
Clustering..........
Effective number of samples: 1.2	(20% identical neighborhood = 1.000 samples)
iter	time	obj	|x|	|g|	crit
1	0.1	133.3	0.0	0.0	0.0


pdz_hi_sampled_seqs_cluster1_iter9:

OpenMP: Using 6 of 6 threads
Alphabet length:21
1125 valid sequences out of 1125 
41 sites, none trimmed because no target specified
Clustering..........
Effective number of samples: 1.2	(20% identical neighborhood = 1.000 samples)
iter	time	obj	|x|	|g|	crit
1	0.1	135.8	0.0	0.0	0.0


Iteration 10:

pdz_hi_sampled_seqs_cluster0_iter10:

OpenMP: Using 6 of 6 threads
Alphabet length:21
879 valid sequences out of 879 
41 sites, none trimmed because no target specified
Clustering..........
Effective number of samples: 1.2	(20% identical neighborhood = 1.000 samples)
iter	time	obj	|x|	|g|	crit
1	0.1	133.3	0.0	0.0	0.0


pdz_hi_sampled_seqs_cluster1_iter10:

OpenMP: Using 6 of 6 threads
Alphabet length:21
1121 valid sequences out of 1121 
41 sites, none trimmed because no target specified
Clustering..........
Effective number of samples: 1.2	(20% identical neighborhood = 1.000 samples)
iter	time	obj	|x|	|g|	crit
1	0.1	135.8	0.0	0.0	0.0


Iteration 11:

pdz_hi_sampled_seqs_cluster0_iter11:

OpenMP: Using 6 of 6 threads
Alphabet length:21
880 valid sequences out of 880 
41 sites, none trimmed because no target specified
Clustering..........
Effective number of samples: 1.2	(20% identical neighborhood = 1.000 samples)
iter	time	obj	|x|	|g|	crit
1	0.1	133.3	0.0	0.0	0.0


pdz_hi_sampled_seqs_cluster1_iter11:

OpenMP: Using 6 of 6 threads
Alphabet length:21
1120 valid sequences out of 1120 
41 sites, none trimmed because no target specified
Clustering..........
Effective number of samples: 1.2	(20% identical neighborhood = 1.000 samples)
iter	time	obj	|x|	|g|	crit
1	0.1	136.1	0.0	0.0	0.0


Iteration 12:

pdz_hi_sampled_seqs_cluster0_iter12:

OpenMP: Using 6 of 6 threads
Alphabet length:21
879 valid sequences out of 879 
41 sites, none trimmed because no target specified
Clustering..........
Effective number of samples: 1.2	(20% identical neighborhood = 1.000 samples)
iter	time	obj	|x|	|g|	crit
1	0.1	133.2	0.0	0.0	0.0


pdz_hi_sampled_seqs_cluster1_iter12:

OpenMP: Using 6 of 6 threads
Alphabet length:21
1121 valid sequences out of 1121 
41 sites, none trimmed because no target specified
Clustering..........
Effective number of samples: 1.2	(20% identical neighborhood = 1.000 samples)
iter	time	obj	|x|	|g|	crit
1	0.1	135.9	0.0	0.0	0.0


Iteration 13:

pdz_hi_sampled_seqs_cluster0_iter13:

OpenMP: Using 6 of 6 threads
Alphabet length:21
884 valid sequences out of 884 
41 sites, none trimmed because no target specified
Clustering..........
Effective number of samples: 1.2	(20% identical neighborhood = 1.000 samples)
iter	time	obj	|x|	|g|	crit
1	0.1	133.3	0.0	0.0	0.0


pdz_hi_sampled_seqs_cluster1_iter13:

OpenMP: Using 6 of 6 threads
Alphabet length:21
1116 valid sequences out of 1116 
41 sites, none trimmed because no target specified
Clustering..........
Effective number of samples: 1.2	(20% identical neighborhood = 1.000 samples)
iter	time	obj	|x|	|g|	crit
1	0.1	136.1	0.0	0.0	0.0


Iteration 14:

pdz_hi_sampled_seqs_cluster0_iter14:

OpenMP: Using 6 of 6 threads
Alphabet length:21
882 valid sequences out of 882 
41 sites, none trimmed because no target specified
Clustering..........
Effective number of samples: 1.2	(20% identical neighborhood = 1.000 samples)
iter	time	obj	|x|	|g|	crit
1	0.1	133.3	0.0	0.0	0.0


pdz_hi_sampled_seqs_cluster1_iter14:

OpenMP: Using 6 of 6 threads
Alphabet length:21
1118 valid sequences out of 1118 
41 sites, none trimmed because no target specified
Clustering..........
Effective number of samples: 1.2	(20% identical neighborhood = 1.000 samples)
iter	time	obj	|x|	|g|	crit
1	0.1	136.1	0.0	0.0	0.0


Iteration 15:

pdz_hi_sampled_seqs_cluster0_iter15:

OpenMP: Using 6 of 6 threads
Alphabet length:21
880 valid sequences out of 880 
41 sites, none trimmed because no target specified
Clustering..........
Effective number of samples: 1.2	(20% identical neighborhood = 1.000 samples)
iter	time	obj	|x|	|g|	crit
1	0.1	133.3	0.0	0.0	0.0


pdz_hi_sampled_seqs_cluster1_iter15:

OpenMP: Using 6 of 6 threads
Alphabet length:21
1120 valid sequences out of 1120 
41 sites, none trimmed because no target specified
Clustering..........
Effective number of samples: 1.2	(20% identical neighborhood = 1.000 samples)
iter	time	obj	|x|	|g|	crit
1	0.1	136.0	0.0	0.0	0.0


Iteration 16:

pdz_hi_sampled_seqs_cluster0_iter16:

OpenMP: Using 6 of 6 threads
Alphabet length:21
886 valid sequences out of 886 
41 sites, none trimmed because no target specified
Clustering..........
Effective number of samples: 1.2	(20% identical neighborhood = 1.000 samples)
iter	time	obj	|x|	|g|	crit
1	0.1	133.4	0.0	0.0	0.0


pdz_hi_sampled_seqs_cluster1_iter16:

OpenMP: Using 6 of 6 threads
Alphabet length:21
1114 valid sequences out of 1114 
41 sites, none trimmed because no target specified
Clustering..........
Effective number of samples: 1.2	(20% identical neighborhood = 1.000 samples)
iter	time	obj	|x|	|g|	crit
1	0.1	135.9	0.0	0.0	0.0


Iteration 17:

pdz_hi_sampled_seqs_cluster0_iter17:

OpenMP: Using 6 of 6 threads
Alphabet length:21
888 valid sequences out of 888 
41 sites, none trimmed because no target specified
Clustering..........
Effective number of samples: 1.2	(20% identical neighborhood = 1.000 samples)
iter	time	obj	|x|	|g|	crit
1	0.1	133.4	0.0	0.0	0.0


pdz_hi_sampled_seqs_cluster1_iter17:

OpenMP: Using 6 of 6 threads
Alphabet length:21
1112 valid sequences out of 1112 
41 sites, none trimmed because no target specified
Clustering..........
Effective number of samples: 1.2	(20% identical neighborhood = 1.000 samples)
iter	time	obj	|x|	|g|	crit
1	0.1	135.9	0.0	0.0	0.0


Iteration 18:

pdz_hi_sampled_seqs_cluster0_iter18:

OpenMP: Using 6 of 6 threads
Alphabet length:21
893 valid sequences out of 893 
41 sites, none trimmed because no target specified
Clustering..........
Effective number of samples: 1.2	(20% identical neighborhood = 1.000 samples)
iter	time	obj	|x|	|g|	crit
1	0.1	133.3	0.0	0.0	0.0


pdz_hi_sampled_seqs_cluster1_iter18:

OpenMP: Using 6 of 6 threads
Alphabet length:21
1107 valid sequences out of 1107 
41 sites, none trimmed because no target specified
Clustering..........
Effective number of samples: 1.2	(20% identical neighborhood = 1.000 samples)
iter	time	obj	|x|	|g|	crit
1	0.1	136.0	0.0	0.0	0.0


Iteration 19:

pdz_hi_sampled_seqs_cluster0_iter19:

OpenMP: Using 6 of 6 threads
Alphabet length:21
896 valid sequences out of 896 
41 sites, none trimmed because no target specified
Clustering..........
Effective number of samples: 1.2	(20% identical neighborhood = 1.000 samples)
iter	time	obj	|x|	|g|	crit
1	0.1	133.3	0.0	0.0	0.0


pdz_hi_sampled_seqs_cluster1_iter19:

OpenMP: Using 6 of 6 threads
Alphabet length:21
1104 valid sequences out of 1104 
41 sites, none trimmed because no target specified
Clustering..........
Effective number of samples: 1.2	(20% identical neighborhood = 1.000 samples)
iter	time	obj	|x|	|g|	crit
1	0.1	136.0	0.0	0.0	0.0


Iteration 20:

pdz_hi_sampled_seqs_cluster0_iter20:

OpenMP: Using 6 of 6 threads
Alphabet length:21
893 valid sequences out of 893 
41 sites, none trimmed because no target specified
Clustering..........
Effective number of samples: 1.2	(20% identical neighborhood = 1.000 samples)
iter	time	obj	|x|	|g|	crit
1	0.1	133.7	0.0	0.0	0.0


pdz_hi_sampled_seqs_cluster1_iter20:

OpenMP: Using 6 of 6 threads
Alphabet length:21
1107 valid sequences out of 1107 
41 sites, none trimmed because no target specified
Clustering..........
Effective number of samples: 1.2	(20% identical neighborhood = 1.000 samples)
iter	time	obj	|x|	|g|	crit
1	0.1	135.9	0.0	0.0	0.0


Iteration 21:

pdz_hi_sampled_seqs_cluster0_iter21:

OpenMP: Using 6 of 6 threads
Alphabet length:21
897 valid sequences out of 897 
41 sites, none trimmed because no target specified
Clustering..........
Effective number of samples: 1.2	(20% identical neighborhood = 1.000 samples)
iter	time	obj	|x|	|g|	crit
1	0.1	133.7	0.0	0.0	0.0


pdz_hi_sampled_seqs_cluster1_iter21:

OpenMP: Using 6 of 6 threads
Alphabet length:21
1103 valid sequences out of 1103 
41 sites, none trimmed because no target specified
Clustering..........
Effective number of samples: 1.2	(20% identical neighborhood = 1.000 samples)
iter	time	obj	|x|	|g|	crit
1	0.1	136.0	0.0	0.0	0.0


Iteration 22:

pdz_hi_sampled_seqs_cluster0_iter22:

OpenMP: Using 6 of 6 threads
Alphabet length:21
896 valid sequences out of 896 
41 sites, none trimmed because no target specified
Clustering..........
Effective number of samples: 1.2	(20% identical neighborhood = 1.000 samples)
iter	time	obj	|x|	|g|	crit
1	0.1	133.6	0.0	0.0	0.0


pdz_hi_sampled_seqs_cluster1_iter22:

OpenMP: Using 6 of 6 threads
Alphabet length:21
1104 valid sequences out of 1104 
41 sites, none trimmed because no target specified
Clustering..........
Effective number of samples: 1.2	(20% identical neighborhood = 1.000 samples)
iter	time	obj	|x|	|g|	crit
1	0.1	136.2	0.0	0.0	0.0


Iteration 23:

pdz_hi_sampled_seqs_cluster0_iter23:

OpenMP: Using 6 of 6 threads
Alphabet length:21
896 valid sequences out of 896 
41 sites, none trimmed because no target specified
Clustering..........
Effective number of samples: 1.2	(20% identical neighborhood = 1.000 samples)
iter	time	obj	|x|	|g|	crit
1	0.1	133.5	0.0	0.0	0.0


pdz_hi_sampled_seqs_cluster1_iter23:

OpenMP: Using 6 of 6 threads
Alphabet length:21
1104 valid sequences out of 1104 
41 sites, none trimmed because no target specified
Clustering..........
Effective number of samples: 1.2	(20% identical neighborhood = 1.000 samples)
iter	time	obj	|x|	|g|	crit
1	0.1	136.1	0.0	0.0	0.0


Iteration 24:

pdz_hi_sampled_seqs_cluster0_iter24:

OpenMP: Using 6 of 6 threads
Alphabet length:21
897 valid sequences out of 897 
41 sites, none trimmed because no target specified
Clustering..........
Effective number of samples: 1.2	(20% identical neighborhood = 1.000 samples)
iter	time	obj	|x|	|g|	crit
1	0.1	133.9	0.0	0.0	0.0


pdz_hi_sampled_seqs_cluster1_iter24:

OpenMP: Using 6 of 6 threads
Alphabet length:21
1103 valid sequences out of 1103 
41 sites, none trimmed because no target specified
Clustering..........
Effective number of samples: 1.2	(20% identical neighborhood = 1.000 samples)
iter	time	obj	|x|	|g|	crit
1	0.1	135.8	0.0	0.0	0.0


Iteration 25:

pdz_hi_sampled_seqs_cluster0_iter25:

OpenMP: Using 6 of 6 threads
Alphabet length:21
896 valid sequences out of 896 
41 sites, none trimmed because no target specified
Clustering..........
Effective number of samples: 1.2	(20% identical neighborhood = 1.000 samples)
iter	time	obj	|x|	|g|	crit
1	0.1	133.8	0.0	0.0	0.0


pdz_hi_sampled_seqs_cluster1_iter25:

OpenMP: Using 6 of 6 threads
Alphabet length:21
1104 valid sequences out of 1104 
41 sites, none trimmed because no target specified
Clustering..........
Effective number of samples: 1.2	(20% identical neighborhood = 1.000 samples)
iter	time	obj	|x|	|g|	crit
1	0.1	136.0	0.0	0.0	0.0


Iteration 26:

pdz_hi_sampled_seqs_cluster0_iter26:

OpenMP: Using 6 of 6 threads
Alphabet length:21
904 valid sequences out of 904 
41 sites, none trimmed because no target specified
Clustering..........
Effective number of samples: 1.2	(20% identical neighborhood = 1.000 samples)
iter	time	obj	|x|	|g|	crit
1	0.1	134.5	0.0	0.0	0.0


pdz_hi_sampled_seqs_cluster1_iter26:

OpenMP: Using 6 of 6 threads
Alphabet length:21
1096 valid sequences out of 1096 
41 sites, none trimmed because no target specified
Clustering..........
Effective number of samples: 1.2	(20% identical neighborhood = 1.000 samples)
iter	time	obj	|x|	|g|	crit
1	0.1	135.5	0.0	0.0	0.0


Iteration 27:

pdz_hi_sampled_seqs_cluster0_iter27:

OpenMP: Using 6 of 6 threads
Alphabet length:21
905 valid sequences out of 905 
41 sites, none trimmed because no target specified
Clustering..........
Effective number of samples: 1.2	(20% identical neighborhood = 1.000 samples)
iter	time	obj	|x|	|g|	crit
1	0.1	134.7	0.0	0.0	0.0


pdz_hi_sampled_seqs_cluster1_iter27:

OpenMP: Using 6 of 6 threads
Alphabet length:21
1095 valid sequences out of 1095 
41 sites, none trimmed because no target specified
Clustering..........
Effective number of samples: 1.2	(20% identical neighborhood = 1.000 samples)
iter	time	obj	|x|	|g|	crit
1	0.1	135.4	0.0	0.0	0.0


Iteration 28:

pdz_hi_sampled_seqs_cluster0_iter28:

OpenMP: Using 6 of 6 threads
Alphabet length:21
901 valid sequences out of 901 
41 sites, none trimmed because no target specified
Clustering..........
Effective number of samples: 1.2	(20% identical neighborhood = 1.000 samples)
iter	time	obj	|x|	|g|	crit
1	0.1	134.7	0.0	0.0	0.0


pdz_hi_sampled_seqs_cluster1_iter28:

OpenMP: Using 6 of 6 threads
Alphabet length:21
1099 valid sequences out of 1099 
41 sites, none trimmed because no target specified
Clustering..........
Effective number of samples: 1.2	(20% identical neighborhood = 1.000 samples)
iter	time	obj	|x|	|g|	crit
1	0.1	135.3	0.0	0.0	0.0


Iteration 29:

pdz_hi_sampled_seqs_cluster0_iter29:

OpenMP: Using 6 of 6 threads
Alphabet length:21
906 valid sequences out of 906 
41 sites, none trimmed because no target specified
Clustering..........
Effective number of samples: 1.2	(20% identical neighborhood = 1.000 samples)
iter	time	obj	|x|	|g|	crit
1	0.1	134.7	0.0	0.0	0.0


pdz_hi_sampled_seqs_cluster1_iter29:

OpenMP: Using 6 of 6 threads
Alphabet length:21
1094 valid sequences out of 1094 
41 sites, none trimmed because no target specified
Clustering..........
Effective number of samples: 1.2	(20% identical neighborhood = 1.000 samples)
iter	time	obj	|x|	|g|	crit
1	0.1	135.4	0.0	0.0	0.0


Iteration 30:

pdz_hi_sampled_seqs_cluster0_iter30:

OpenMP: Using 6 of 6 threads
Alphabet length:21
912 valid sequences out of 912 
41 sites, none trimmed because no target specified
Clustering..........
Effective number of samples: 1.2	(20% identical neighborhood = 1.000 samples)
iter	time	obj	|x|	|g|	crit
1	0.1	134.8	0.0	0.0	0.0


pdz_hi_sampled_seqs_cluster1_iter30:

OpenMP: Using 6 of 6 threads
Alphabet length:21
1088 valid sequences out of 1088 
41 sites, none trimmed because no target specified
Clustering..........
Effective number of samples: 1.2	(20% identical neighborhood = 1.000 samples)
iter	time	obj	|x|	|g|	crit
1	0.1	135.3	0.0	0.0	0.0

