tuning/outputs/tuning_run_62/ created
tuning/outputs/tuning_run_62/iterations/ created
tuning/outputs/tuning_run_62/output/ created
{'msa-file-name': 'pdz_hi_sampled_seqs.fa', 'em_maxiter': 30, 'em_numclusters': 2, 'em_device': None, 'em_init': 'kmeans', 'em_no_iter_print': 0, 'plmc': '../../plmc/bin/plmc', 'output': 'tuning/outputs/tuning_run_62', 'fast': 0, 'scale': None, 'theta': '2', 'lambdah': '0.01', 'lambdae': '16.0', 'lambdag': None, 'gapignore': 0, 'maxiter': '20', 'ncores': 6, 'gapignore_tune': '0', 'fast_tune': '0', 'em_iter_print': 1, 'iterations_dir': 'tuning/outputs/tuning_run_62/iterations/', 'final_dir': 'tuning/outputs/tuning_run_62/output/', 'output_dir': 'tuning/outputs/tuning_run_62/', 'plmc_options': ['-t 2', '-lh 0.01', '-le 16.0', '-m 20', '-n 6'], 'device': device(type='cpu')}

Using cpu


Iteration 0:

pdz_hi_sampled_seqs_cluster0_iter0:

OpenMP: Using 6 of 6 threads
Alphabet length:21
1178 valid sequences out of 1178 
41 sites, none trimmed because no target specified
Theta not between 0 and 1, no sequence reweighting applied (N = 1178.00)
iter	time	cond	fx	-loglk	||h||	||e||
1	0.2	32.34	89792.2	89753.8	47.3	1.0
2	0.2	44.95	80383.0	77684.0	47.5	12.9
3	0.3	40.29	78887.4	74883.8	47.5	15.8
4	0.4	25.68	77967.6	72969.6	47.5	17.6
5	0.4	20.85	76861.2	70394.5	47.5	20.1
6	0.5	25.21	76097.4	68682.3	47.5	21.5
7	0.6	26.68	75106.2	66380.6	47.4	23.3
8	0.6	24.02	74493.8	64825.0	47.5	24.6
9	0.7	12.83	74174.5	64694.8	47.5	24.3
10	0.8	9.37	74046.1	64690.7	47.5	24.2
11	0.8	9.45	73885.8	64419.8	47.5	24.3
12	0.9	16.15	73754.9	63849.6	47.6	24.9
13	1.0	7.20	73618.3	63398.4	47.6	25.2
14	1.1	6.18	73544.9	63058.4	47.6	25.6
15	1.1	5.36	73477.9	62714.3	47.6	25.9
16	1.2	9.17	73423.1	62353.2	47.6	26.3
17	1.2	4.21	73384.5	62147.5	47.6	26.5
18	1.3	2.62	73369.9	62244.3	47.6	26.3
19	1.4	2.51	73353.2	62303.6	47.6	26.3
20	1.4	4.83	73340.6	62309.4	47.7	26.2
Gradient optimization: MAXIMUMITERATION


pdz_hi_sampled_seqs_cluster1_iter0:

OpenMP: Using 6 of 6 threads
Alphabet length:21
822 valid sequences out of 822 
41 sites, none trimmed because no target specified
Theta not between 0 and 1, no sequence reweighting applied (N = 822.00)
iter	time	cond	fx	-loglk	||h||	||e||
1	0.1	30.08	59398.0	59360.8	46.1	1.0
2	0.2	34.21	52972.8	51493.5	46.2	9.5
3	0.3	35.91	51568.5	49058.5	46.2	12.5
4	0.3	22.05	50550.8	46967.7	46.3	14.9
5	0.4	16.70	49585.3	44617.1	46.2	17.6
6	0.4	23.80	48828.8	42663.7	46.2	19.6
7	0.5	18.03	48101.1	41280.0	46.2	20.6
8	0.5	15.01	47674.8	40666.1	46.2	20.9
9	0.5	15.22	47538.4	40632.8	46.3	20.7
10	0.6	8.74	47424.1	40517.5	46.3	20.7
11	0.7	7.08	47285.2	40091.7	46.3	21.2
12	0.7	7.26	47186.4	39663.7	46.3	21.7
13	0.8	12.70	47079.6	38892.4	46.3	22.6
14	0.8	8.52	47025.7	38589.6	46.4	22.9
15	0.9	2.92	46983.0	38786.8	46.3	22.6
16	0.9	2.37	46969.7	38817.5	46.3	22.5
17	1.0	3.19	46944.1	38825.3	46.4	22.5
18	1.1	6.02	46935.6	38784.8	46.4	22.5
19	1.1	1.98	46921.4	38732.1	46.4	22.6
20	1.2	1.44	46916.7	38688.6	46.4	22.6
Gradient optimization: MAXIMUMITERATION


Iteration 1:
TERMINATING: Repeated cluster assignments
