tuning/outputs/tuning_run_42/ created
tuning/outputs/tuning_run_42/iterations/ created
tuning/outputs/tuning_run_42/output/ created
{'msa-file-name': 'pdz_hi_sampled_seqs.fa', 'em_maxiter': 30, 'em_numclusters': 2, 'em_device': None, 'em_init': 'kmeans', 'em_no_iter_print': 0, 'plmc': '../../plmc/bin/plmc', 'output': 'tuning/outputs/tuning_run_42', 'fast': 0, 'scale': None, 'theta': '0.8', 'lambdah': '0.01', 'lambdae': '16.0', 'lambdag': None, 'gapignore': 0, 'maxiter': '10', 'ncores': 6, 'gapignore_tune': '0', 'fast_tune': '0', 'em_iter_print': 1, 'iterations_dir': 'tuning/outputs/tuning_run_42/iterations/', 'final_dir': 'tuning/outputs/tuning_run_42/output/', 'output_dir': 'tuning/outputs/tuning_run_42/', 'plmc_options': ['-t 0.8', '-lh 0.01', '-le 16.0', '-m 10', '-n 6'], 'device': device(type='cpu')}

Using cpu


Iteration 0:

pdz_hi_sampled_seqs_cluster0_iter0:

OpenMP: Using 6 of 6 threads
Alphabet length:21
810 valid sequences out of 810 
41 sites, none trimmed because no target specified
Effective number of samples: 1.1	(20% identical neighborhood = 1.000 samples)
iter	time	cond	fx	-loglk	||h||	||e||
1	0.2	1.08	127.0	123.4	2.9	0.5
2	0.3	0.99	121.3	117.3	4.9	0.5
3	0.4	0.41	103.8	95.4	27.3	0.2
4	0.5	0.35	102.9	94.2	26.9	0.3
5	0.5	0.10	98.9	93.6	22.1	0.2
6	0.6	0.08	98.6	94.2	20.1	0.1
7	0.6	0.13	98.5	94.2	20.1	0.1
8	0.7	0.08	98.4	93.9	20.4	0.1
9	0.7	0.07	97.9	93.1	21.2	0.1
10	0.8	0.17	97.1	91.6	22.4	0.2
Gradient optimization: MAXIMUMITERATION


pdz_hi_sampled_seqs_cluster1_iter0:

OpenMP: Using 6 of 6 threads
Alphabet length:21
1190 valid sequences out of 1190 
41 sites, none trimmed because no target specified
Effective number of samples: 1.2	(20% identical neighborhood = 1.000 samples)
iter	time	cond	fx	-loglk	||h||	||e||
1	0.2	1.10	134.7	131.3	2.9	0.5
2	0.3	0.97	128.9	125.2	4.9	0.5
3	0.4	0.45	113.7	105.2	27.4	0.3
4	0.5	0.33	112.0	103.3	26.9	0.3
5	0.5	0.11	107.9	102.7	21.9	0.2
6	0.6	0.09	107.5	103.5	19.3	0.1
7	0.7	0.09	107.4	103.4	19.4	0.1
8	0.7	0.08	107.3	103.1	19.9	0.1
9	0.8	0.15	106.8	102.0	21.3	0.1
10	0.8	0.14	105.7	100.1	23.2	0.1
Gradient optimization: MAXIMUMITERATION


Iteration 1:

pdz_hi_sampled_seqs_cluster0_iter1:

OpenMP: Using 6 of 6 threads
Alphabet length:21
827 valid sequences out of 827 
41 sites, none trimmed because no target specified
Effective number of samples: 1.1	(20% identical neighborhood = 1.000 samples)
iter	time	cond	fx	-loglk	||h||	||e||
1	0.1	1.08	128.5	124.8	2.9	0.5
2	0.3	0.99	122.8	118.7	4.9	0.5
3	0.3	0.40	105.0	96.6	27.3	0.2
4	0.4	0.34	104.1	95.4	27.0	0.3
5	0.4	0.10	100.2	94.8	22.2	0.2
6	0.5	0.08	99.9	95.5	20.2	0.1
7	0.5	0.13	99.8	95.4	20.2	0.1
8	0.5	0.08	99.7	95.2	20.5	0.1
9	0.6	0.07	99.2	94.4	21.3	0.1
10	0.6	0.17	98.3	92.9	22.5	0.2
Gradient optimization: MAXIMUMITERATION


pdz_hi_sampled_seqs_cluster1_iter1:

OpenMP: Using 6 of 6 threads
Alphabet length:21
1173 valid sequences out of 1173 
41 sites, none trimmed because no target specified
Effective number of samples: 1.2	(20% identical neighborhood = 1.000 samples)
iter	time	cond	fx	-loglk	||h||	||e||
1	0.2	1.10	133.7	130.3	2.9	0.5
2	0.3	0.96	127.9	124.2	4.9	0.5
3	0.3	0.45	112.6	104.1	27.5	0.3
4	0.4	0.33	111.0	102.2	27.0	0.3
5	0.5	0.11	106.9	101.6	22.0	0.2
6	0.6	0.09	106.5	102.5	19.4	0.1
7	0.6	0.09	106.4	102.3	19.4	0.1
8	0.7	0.08	106.3	102.0	20.0	0.1
9	0.7	0.15	105.8	101.0	21.3	0.1
10	0.8	0.13	104.8	99.1	23.2	0.1
Gradient optimization: MAXIMUMITERATION


Iteration 2:

pdz_hi_sampled_seqs_cluster0_iter2:

OpenMP: Using 6 of 6 threads
Alphabet length:21
854 valid sequences out of 854 
41 sites, none trimmed because no target specified
Effective number of samples: 1.1	(20% identical neighborhood = 1.000 samples)
iter	time	cond	fx	-loglk	||h||	||e||
1	0.2	1.08	129.6	125.9	2.9	0.5
2	0.4	0.99	123.8	119.8	4.9	0.5
3	0.4	0.40	105.9	97.5	27.4	0.2
4	0.5	0.34	105.0	96.3	27.0	0.3
5	0.5	0.10	101.1	95.7	22.3	0.2
6	0.6	0.08	100.8	96.4	20.3	0.1
7	0.6	0.13	100.8	96.3	20.2	0.1
8	0.7	0.08	100.6	96.1	20.5	0.1
9	0.7	0.07	100.2	95.4	21.3	0.1
10	0.8	0.17	99.3	93.8	22.5	0.2
Gradient optimization: MAXIMUMITERATION


pdz_hi_sampled_seqs_cluster1_iter2:

OpenMP: Using 6 of 6 threads
Alphabet length:21
1146 valid sequences out of 1146 
41 sites, none trimmed because no target specified
Effective number of samples: 1.2	(20% identical neighborhood = 1.000 samples)
iter	time	cond	fx	-loglk	||h||	||e||
1	0.2	1.10	133.0	129.6	2.8	0.5
2	0.4	0.96	127.3	123.5	4.8	0.5
3	0.4	0.45	111.9	103.4	27.5	0.3
4	0.5	0.33	110.3	101.6	27.0	0.3
5	0.6	0.11	106.3	101.0	22.1	0.2
6	0.6	0.09	105.9	101.8	19.4	0.1
7	0.7	0.09	105.8	101.7	19.5	0.1
8	0.8	0.08	105.7	101.4	20.0	0.1
9	0.8	0.15	105.2	100.4	21.3	0.1
10	0.9	0.13	104.2	98.5	23.2	0.1
Gradient optimization: MAXIMUMITERATION


Iteration 3:

pdz_hi_sampled_seqs_cluster0_iter3:

OpenMP: Using 6 of 6 threads
Alphabet length:21
871 valid sequences out of 871 
41 sites, none trimmed because no target specified
Effective number of samples: 1.1	(20% identical neighborhood = 1.000 samples)
iter	time	cond	fx	-loglk	||h||	||e||
1	0.2	1.08	129.8	126.2	2.9	0.5
2	0.3	0.99	124.1	120.1	4.9	0.5
3	0.4	0.40	106.2	97.9	27.4	0.2
4	0.4	0.34	105.3	96.6	27.1	0.3
5	0.5	0.10	101.4	96.0	22.3	0.2
6	0.5	0.08	101.1	96.7	20.3	0.1
7	0.6	0.13	101.1	96.6	20.2	0.1
8	0.6	0.08	100.9	96.4	20.5	0.1
9	0.7	0.06	100.5	95.7	21.2	0.1
10	0.7	0.17	99.7	94.3	22.4	0.2
Gradient optimization: MAXIMUMITERATION


pdz_hi_sampled_seqs_cluster1_iter3:

OpenMP: Using 6 of 6 threads
Alphabet length:21
1129 valid sequences out of 1129 
41 sites, none trimmed because no target specified
Effective number of samples: 1.2	(20% identical neighborhood = 1.000 samples)
iter	time	cond	fx	-loglk	||h||	||e||
1	0.2	1.09	132.8	129.4	2.8	0.5
2	0.4	0.97	127.1	123.4	4.8	0.5
3	0.5	0.45	111.7	103.1	27.4	0.3
4	0.5	0.33	110.1	101.4	27.0	0.3
5	0.6	0.11	106.1	100.7	22.1	0.2
6	0.6	0.09	105.7	101.6	19.4	0.1
7	0.7	0.09	105.6	101.5	19.5	0.1
8	0.8	0.08	105.5	101.2	20.0	0.1
9	0.8	0.15	105.0	100.2	21.4	0.1
10	0.9	0.13	104.0	98.3	23.2	0.1
Gradient optimization: MAXIMUMITERATION


Iteration 4:

pdz_hi_sampled_seqs_cluster0_iter4:

OpenMP: Using 6 of 6 threads
Alphabet length:21
877 valid sequences out of 877 
41 sites, none trimmed because no target specified
Effective number of samples: 1.1	(20% identical neighborhood = 1.000 samples)
iter	time	cond	fx	-loglk	||h||	||e||
1	0.2	1.08	130.1	126.4	2.9	0.5
2	0.3	0.99	124.3	120.3	4.9	0.5
3	0.4	0.40	106.4	98.1	27.4	0.2
4	0.4	0.33	105.5	96.8	27.1	0.3
5	0.5	0.10	101.6	96.2	22.3	0.2
6	0.6	0.08	101.3	96.9	20.3	0.1
7	0.6	0.13	101.3	96.8	20.2	0.1
8	0.7	0.08	101.1	96.6	20.5	0.1
9	0.7	0.06	100.7	95.9	21.2	0.1
10	0.8	0.17	99.9	94.5	22.3	0.2
Gradient optimization: MAXIMUMITERATION


pdz_hi_sampled_seqs_cluster1_iter4:

OpenMP: Using 6 of 6 threads
Alphabet length:21
1123 valid sequences out of 1123 
41 sites, none trimmed because no target specified
Effective number of samples: 1.2	(20% identical neighborhood = 1.000 samples)
iter	time	cond	fx	-loglk	||h||	||e||
1	0.2	1.09	132.6	129.2	2.8	0.5
2	0.4	0.96	126.9	123.2	4.8	0.5
3	0.4	0.45	111.5	102.9	27.4	0.3
4	0.5	0.33	109.9	101.2	27.0	0.3
5	0.6	0.11	105.9	100.6	22.1	0.2
6	0.6	0.09	105.5	101.4	19.4	0.1
7	0.7	0.09	105.4	101.3	19.5	0.1
8	0.8	0.08	105.3	101.0	20.0	0.1
9	0.8	0.15	104.8	100.0	21.4	0.1
10	0.9	0.13	103.8	98.1	23.2	0.1
Gradient optimization: MAXIMUMITERATION


Iteration 5:

pdz_hi_sampled_seqs_cluster0_iter5:

OpenMP: Using 6 of 6 threads
Alphabet length:21
882 valid sequences out of 882 
41 sites, none trimmed because no target specified
Effective number of samples: 1.2	(20% identical neighborhood = 1.000 samples)
iter	time	cond	fx	-loglk	||h||	||e||
1	0.2	1.08	130.5	126.9	2.9	0.5
2	0.3	0.99	124.7	120.7	4.9	0.5
3	0.3	0.40	106.8	98.5	27.4	0.2
4	0.4	0.33	106.0	97.2	27.1	0.3
5	0.5	0.10	102.1	96.7	22.3	0.2
6	0.5	0.08	101.8	97.3	20.3	0.1
7	0.6	0.13	101.7	97.3	20.2	0.1
8	0.6	0.08	101.6	97.0	20.5	0.1
9	0.7	0.06	101.2	96.4	21.2	0.1
10	0.7	0.17	100.3	94.9	22.4	0.2
Gradient optimization: MAXIMUMITERATION


pdz_hi_sampled_seqs_cluster1_iter5:

OpenMP: Using 6 of 6 threads
Alphabet length:21
1118 valid sequences out of 1118 
41 sites, none trimmed because no target specified
Effective number of samples: 1.2	(20% identical neighborhood = 1.000 samples)
iter	time	cond	fx	-loglk	||h||	||e||
1	0.2	1.09	132.2	128.8	2.8	0.5
2	0.3	0.96	126.6	122.8	4.8	0.5
3	0.3	0.45	111.1	102.6	27.5	0.3
4	0.5	0.33	109.6	100.8	27.0	0.3
5	0.5	0.11	105.5	100.2	22.1	0.2
6	0.6	0.09	105.1	101.1	19.4	0.1
7	0.6	0.09	105.0	101.0	19.5	0.1
8	0.7	0.08	104.9	100.6	20.0	0.1
9	0.7	0.14	104.4	99.7	21.4	0.1
10	0.8	0.13	103.5	97.8	23.2	0.1
Gradient optimization: MAXIMUMITERATION


Iteration 6:

pdz_hi_sampled_seqs_cluster0_iter6:

OpenMP: Using 6 of 6 threads
Alphabet length:21
885 valid sequences out of 885 
41 sites, none trimmed because no target specified
Effective number of samples: 1.2	(20% identical neighborhood = 1.000 samples)
iter	time	cond	fx	-loglk	||h||	||e||
1	0.1	1.08	130.6	127.0	2.9	0.5
2	0.2	0.99	124.8	120.8	4.9	0.5
3	0.3	0.40	106.9	98.5	27.4	0.2
4	0.4	0.33	106.0	97.3	27.1	0.3
5	0.4	0.10	102.2	96.8	22.3	0.2
6	0.5	0.08	101.8	97.4	20.3	0.1
7	0.5	0.13	101.8	97.3	20.2	0.1
8	0.6	0.08	101.6	97.1	20.5	0.1
9	0.6	0.06	101.2	96.4	21.2	0.1
10	0.7	0.17	100.4	95.0	22.4	0.2
Gradient optimization: MAXIMUMITERATION


pdz_hi_sampled_seqs_cluster1_iter6:

OpenMP: Using 6 of 6 threads
Alphabet length:21
1115 valid sequences out of 1115 
41 sites, none trimmed because no target specified
Effective number of samples: 1.2	(20% identical neighborhood = 1.000 samples)
iter	time	cond	fx	-loglk	||h||	||e||
1	0.2	1.09	132.2	128.8	2.8	0.5
2	0.3	0.96	126.5	122.8	4.8	0.5
3	0.4	0.45	111.1	102.5	27.4	0.3
4	0.5	0.33	109.5	100.8	27.0	0.3
5	0.5	0.11	105.5	100.2	22.1	0.2
6	0.6	0.09	105.1	101.0	19.4	0.1
7	0.7	0.09	105.0	100.9	19.5	0.1
8	0.7	0.08	104.9	100.6	20.0	0.1
9	0.7	0.15	104.4	99.6	21.4	0.1
10	0.8	0.13	103.4	97.7	23.2	0.1
Gradient optimization: MAXIMUMITERATION


Iteration 7:

pdz_hi_sampled_seqs_cluster0_iter7:

OpenMP: Using 6 of 6 threads
Alphabet length:21
887 valid sequences out of 887 
41 sites, none trimmed because no target specified
Effective number of samples: 1.2	(20% identical neighborhood = 1.000 samples)
iter	time	cond	fx	-loglk	||h||	||e||
1	0.2	1.08	130.8	127.1	2.9	0.5
2	0.3	0.99	124.9	120.9	4.9	0.5
3	0.4	0.40	107.0	98.7	27.4	0.2
4	0.5	0.33	106.2	97.4	27.1	0.3
5	0.5	0.10	102.3	96.9	22.3	0.2
6	0.6	0.08	102.0	97.5	20.3	0.1
7	0.6	0.13	101.9	97.5	20.2	0.1
8	0.7	0.08	101.8	97.2	20.5	0.1
9	0.7	0.06	101.4	96.6	21.2	0.1
10	0.8	0.17	100.5	95.1	22.3	0.2
Gradient optimization: MAXIMUMITERATION


pdz_hi_sampled_seqs_cluster1_iter7:

OpenMP: Using 6 of 6 threads
Alphabet length:21
1113 valid sequences out of 1113 
41 sites, none trimmed because no target specified
Effective number of samples: 1.2	(20% identical neighborhood = 1.000 samples)
iter	time	cond	fx	-loglk	||h||	||e||
1	0.2	1.09	132.1	128.7	2.8	0.5
2	0.3	0.96	126.4	122.7	4.8	0.5
3	0.4	0.45	111.0	102.4	27.4	0.3
4	0.5	0.33	109.4	100.6	27.0	0.3
5	0.5	0.11	105.4	100.1	22.1	0.2
6	0.6	0.09	105.0	100.9	19.4	0.1
7	0.7	0.09	104.9	100.8	19.5	0.1
8	0.8	0.08	104.8	100.5	20.0	0.1
9	0.8	0.14	104.3	99.5	21.4	0.1
10	0.8	0.13	103.3	97.6	23.2	0.1
Gradient optimization: MAXIMUMITERATION


Iteration 8:

pdz_hi_sampled_seqs_cluster0_iter8:

OpenMP: Using 6 of 6 threads
Alphabet length:21
888 valid sequences out of 888 
41 sites, none trimmed because no target specified
Effective number of samples: 1.2	(20% identical neighborhood = 1.000 samples)
iter	time	cond	fx	-loglk	||h||	||e||
1	0.2	1.08	130.8	127.1	2.9	0.5
2	0.3	0.99	125.0	121.0	4.9	0.5
3	0.4	0.40	107.1	98.7	27.4	0.2
4	0.4	0.33	106.2	97.5	27.1	0.3
5	0.5	0.10	102.3	96.9	22.3	0.2
6	0.5	0.08	102.0	97.6	20.3	0.1
7	0.6	0.13	102.0	97.5	20.2	0.1
8	0.6	0.08	101.8	97.3	20.5	0.1
9	0.7	0.06	101.4	96.6	21.2	0.1
10	0.7	0.17	100.6	95.2	22.4	0.2
Gradient optimization: MAXIMUMITERATION


pdz_hi_sampled_seqs_cluster1_iter8:

OpenMP: Using 6 of 6 threads
Alphabet length:21
1112 valid sequences out of 1112 
41 sites, none trimmed because no target specified
Effective number of samples: 1.2	(20% identical neighborhood = 1.000 samples)
iter	time	cond	fx	-loglk	||h||	||e||
1	0.2	1.09	132.0	128.6	2.8	0.5
2	0.3	0.96	126.4	122.6	4.8	0.5
3	0.4	0.45	110.9	102.4	27.4	0.3
4	0.5	0.33	109.4	100.6	27.0	0.3
5	0.5	0.11	105.3	100.0	22.1	0.2
6	0.6	0.09	105.0	100.9	19.4	0.1
7	0.7	0.09	104.8	100.8	19.5	0.1
8	0.7	0.08	104.7	100.4	20.0	0.1
9	0.8	0.15	104.3	99.5	21.4	0.1
10	0.8	0.13	103.3	97.6	23.2	0.1
Gradient optimization: MAXIMUMITERATION


Iteration 9:

pdz_hi_sampled_seqs_cluster0_iter9:

OpenMP: Using 6 of 6 threads
Alphabet length:21
889 valid sequences out of 889 
41 sites, none trimmed because no target specified
Effective number of samples: 1.2	(20% identical neighborhood = 1.000 samples)
iter	time	cond	fx	-loglk	||h||	||e||
1	0.2	1.08	130.8	127.1	2.9	0.5
2	0.3	0.99	125.0	121.0	4.9	0.5
3	0.3	0.40	107.1	98.7	27.4	0.2
4	0.4	0.33	106.2	97.5	27.1	0.3
5	0.5	0.10	102.3	96.9	22.3	0.2
6	0.5	0.08	102.0	97.5	20.3	0.1
7	0.6	0.13	101.9	97.5	20.2	0.1
8	0.6	0.08	101.8	97.3	20.5	0.1
9	0.7	0.06	101.4	96.6	21.2	0.1
10	0.7	0.17	100.6	95.2	22.3	0.2
Gradient optimization: MAXIMUMITERATION


pdz_hi_sampled_seqs_cluster1_iter9:

OpenMP: Using 6 of 6 threads
Alphabet length:21
1111 valid sequences out of 1111 
41 sites, none trimmed because no target specified
Effective number of samples: 1.2	(20% identical neighborhood = 1.000 samples)
iter	time	cond	fx	-loglk	||h||	||e||
1	0.2	1.09	132.1	128.7	2.8	0.5
2	0.3	0.96	126.4	122.6	4.8	0.5
3	0.4	0.45	110.9	102.4	27.4	0.3
4	0.4	0.33	109.4	100.6	27.0	0.3
5	0.5	0.11	105.4	100.0	22.1	0.2
6	0.5	0.09	105.0	100.9	19.4	0.1
7	0.6	0.09	104.9	100.8	19.5	0.1
8	0.7	0.08	104.8	100.5	20.0	0.1
9	0.7	0.15	104.3	99.5	21.4	0.1
10	0.8	0.13	103.3	97.6	23.2	0.1
Gradient optimization: MAXIMUMITERATION


Iteration 10:
TERMINATING: Repeated cluster assignments
