tuning/outputs/tuning_run_46/ created
tuning/outputs/tuning_run_46/iterations/ created
tuning/outputs/tuning_run_46/output/ created
{'msa-file-name': 'pdz_hi_sampled_seqs.fa', 'em_maxiter': 30, 'em_numclusters': 2, 'em_device': None, 'em_init': 'kmeans', 'em_no_iter_print': 0, 'plmc': '../../plmc/bin/plmc', 'output': 'tuning/outputs/tuning_run_46', 'fast': 0, 'scale': None, 'theta': '0.8', 'lambdah': '0.01', 'lambdae': '16.0', 'lambdag': None, 'gapignore': 0, 'maxiter': '20', 'ncores': 6, 'gapignore_tune': '0', 'fast_tune': '0', 'em_iter_print': 1, 'iterations_dir': 'tuning/outputs/tuning_run_46/iterations/', 'final_dir': 'tuning/outputs/tuning_run_46/output/', 'output_dir': 'tuning/outputs/tuning_run_46/', 'plmc_options': ['-t 0.8', '-lh 0.01', '-le 16.0', '-m 20', '-n 6'], 'device': device(type='cpu')}

Using cpu


Iteration 0:

pdz_hi_sampled_seqs_cluster0_iter0:

OpenMP: Using 6 of 6 threads
Alphabet length:21
1188 valid sequences out of 1188 
41 sites, none trimmed because no target specified
Effective number of samples: 1.2	(20% identical neighborhood = 1.000 samples)
iter	time	cond	fx	-loglk	||h||	||e||
1	0.3	1.10	134.6	131.2	2.9	0.5
2	0.4	0.97	128.8	125.1	4.9	0.5
3	0.5	0.45	113.6	105.1	27.4	0.3
4	0.6	0.33	111.9	103.2	26.9	0.3
5	0.7	0.11	107.8	102.5	21.9	0.2
6	0.7	0.09	107.4	103.4	19.3	0.1
7	0.8	0.09	107.3	103.3	19.4	0.1
8	0.9	0.08	107.2	103.0	19.9	0.1
9	1.0	0.15	106.7	101.9	21.3	0.1
10	1.1	0.14	105.6	99.9	23.2	0.1
11	1.1	0.05	104.4	97.9	25.2	0.1
12	1.3	0.13	103.9	97.5	24.8	0.1
13	1.3	0.04	103.6	97.7	24.1	0.1
14	1.4	0.03	103.6	97.9	23.6	0.1
15	1.4	0.02	103.6	98.0	23.4	0.1
16	1.5	0.04	103.5	97.9	23.3	0.1
17	1.6	0.08	103.4	97.7	23.2	0.1
18	1.6	0.10	103.2	97.3	23.4	0.1
19	1.7	0.11	103.1	97.1	23.8	0.1
20	1.8	0.06	103.0	96.8	24.3	0.1
Gradient optimization: MAXIMUMITERATION


pdz_hi_sampled_seqs_cluster1_iter0:

OpenMP: Using 6 of 6 threads
Alphabet length:21
812 valid sequences out of 812 
41 sites, none trimmed because no target specified
Effective number of samples: 1.1	(20% identical neighborhood = 1.000 samples)
iter	time	cond	fx	-loglk	||h||	||e||
1	0.2	1.08	127.2	123.5	2.9	0.5
2	0.4	0.99	121.5	117.4	4.9	0.5
3	0.4	0.41	103.9	95.5	27.3	0.2
4	0.5	0.35	103.0	94.3	26.9	0.3
5	0.5	0.10	99.0	93.7	22.1	0.2
6	0.6	0.08	98.7	94.3	20.1	0.1
7	0.7	0.13	98.7	94.3	20.1	0.1
8	0.7	0.08	98.5	94.1	20.4	0.1
9	0.8	0.07	98.1	93.3	21.2	0.1
10	0.8	0.17	97.2	91.7	22.4	0.2
11	0.9	0.20	96.0	89.8	24.1	0.2
12	0.9	0.23	95.9	89.5	24.1	0.2
13	1.0	0.11	95.3	88.9	24.8	0.1
14	1.1	0.03	95.1	89.0	24.5	0.1
15	1.1	0.03	95.1	89.0	24.2	0.1
16	1.2	0.03	95.1	89.1	24.0	0.1
17	1.3	0.07	95.0	89.2	23.5	0.1
18	1.4	0.03	94.9	89.3	23.2	0.1
19	1.4	0.04	94.9	89.2	23.3	0.1
20	1.5	0.08	94.8	89.0	23.7	0.1
Gradient optimization: MAXIMUMITERATION


Iteration 1:

pdz_hi_sampled_seqs_cluster0_iter1:

OpenMP: Using 6 of 6 threads
Alphabet length:21
1180 valid sequences out of 1180 
41 sites, none trimmed because no target specified
Effective number of samples: 1.2	(20% identical neighborhood = 1.000 samples)
iter	time	cond	fx	-loglk	||h||	||e||
1	0.2	1.09	134.7	131.3	2.9	0.5
2	0.4	0.97	128.9	125.2	4.9	0.5
3	0.5	0.45	113.5	105.0	27.4	0.3
4	0.5	0.33	111.9	103.1	27.0	0.3
5	0.6	0.11	107.8	102.5	22.1	0.2
6	0.7	0.09	107.4	103.4	19.4	0.1
7	0.9	0.09	107.3	103.3	19.5	0.1
8	1.0	0.08	107.2	102.9	20.0	0.1
9	1.0	0.16	106.7	101.9	21.4	0.1
10	1.1	0.13	105.7	100.0	23.3	0.1
11	1.1	0.04	104.4	97.9	25.2	0.1
12	1.2	0.14	104.0	97.5	24.8	0.1
13	1.2	0.03	103.7	97.7	24.2	0.1
14	1.3	0.03	103.7	97.9	23.7	0.1
15	1.3	0.02	103.6	98.0	23.5	0.1
16	1.4	0.03	103.6	98.0	23.3	0.1
17	1.5	0.08	103.4	97.8	23.1	0.1
18	1.6	0.12	103.2	97.4	23.3	0.2
19	1.7	0.07	103.0	97.0	23.9	0.1
20	1.7	0.03	103.0	96.8	24.6	0.1
Gradient optimization: MAXIMUMITERATION


pdz_hi_sampled_seqs_cluster1_iter1:

OpenMP: Using 6 of 6 threads
Alphabet length:21
820 valid sequences out of 820 
41 sites, none trimmed because no target specified
Effective number of samples: 1.1	(20% identical neighborhood = 1.000 samples)
iter	time	cond	fx	-loglk	||h||	||e||
1	0.2	1.08	127.7	124.0	2.9	0.5
2	0.4	0.99	122.0	118.0	4.9	0.5
3	0.5	0.40	104.0	95.7	27.3	0.2
4	0.6	0.34	103.2	94.5	27.0	0.3
5	0.7	0.10	99.3	93.9	22.3	0.2
6	0.8	0.08	99.0	94.6	20.3	0.1
7	0.9	0.13	99.0	94.5	20.2	0.1
8	0.9	0.08	98.8	94.3	20.5	0.1
9	1.0	0.07	98.4	93.5	21.4	0.1
10	1.1	0.17	97.5	92.0	22.6	0.2
11	1.2	0.20	96.3	90.1	24.2	0.2
12	1.3	0.22	96.2	89.8	24.2	0.2
13	1.4	0.11	95.6	89.3	24.8	0.1
14	1.5	0.03	95.5	89.3	24.5	0.1
15	1.5	0.03	95.5	89.4	24.3	0.1
16	1.6	0.03	95.4	89.4	24.0	0.1
17	1.6	0.07	95.4	89.6	23.5	0.1
18	1.6	0.03	95.3	89.7	23.2	0.1
19	1.7	0.03	95.2	89.6	23.3	0.1
20	1.7	0.08	95.1	89.3	23.7	0.1
Gradient optimization: MAXIMUMITERATION


Iteration 2:

pdz_hi_sampled_seqs_cluster0_iter2:

OpenMP: Using 6 of 6 threads
Alphabet length:21
1181 valid sequences out of 1181 
41 sites, none trimmed because no target specified
Effective number of samples: 1.2	(20% identical neighborhood = 1.000 samples)
iter	time	cond	fx	-loglk	||h||	||e||
1	0.2	1.09	135.1	131.7	2.9	0.5
2	0.4	0.97	129.3	125.5	4.9	0.5
3	0.4	0.45	113.7	105.2	27.4	0.3
4	0.5	0.33	112.2	103.4	27.0	0.3
5	0.6	0.11	108.1	102.8	22.1	0.2
6	0.6	0.09	107.8	103.7	19.4	0.1
7	0.7	0.09	107.7	103.6	19.5	0.1
8	0.8	0.08	107.5	103.2	20.0	0.1
9	0.9	0.16	107.0	102.1	21.5	0.1
10	0.9	0.13	106.0	100.3	23.3	0.1
11	1.0	0.05	104.7	98.2	25.2	0.1
12	1.0	0.14	104.3	97.9	24.8	0.1
13	1.1	0.03	104.0	98.0	24.2	0.1
14	1.1	0.03	104.0	98.2	23.7	0.1
15	1.2	0.02	104.0	98.3	23.5	0.1
16	1.2	0.03	103.9	98.3	23.3	0.1
17	1.3	0.09	103.7	98.2	23.0	0.1
18	1.3	0.10	103.5	97.8	23.2	0.1
19	1.4	0.05	103.4	97.5	23.8	0.1
20	1.4	0.02	103.3	97.0	24.9	0.1
Gradient optimization: MAXIMUMITERATION


pdz_hi_sampled_seqs_cluster1_iter2:

OpenMP: Using 6 of 6 threads
Alphabet length:21
819 valid sequences out of 819 
41 sites, none trimmed because no target specified
Effective number of samples: 1.1	(20% identical neighborhood = 1.000 samples)
iter	time	cond	fx	-loglk	||h||	||e||
1	0.1	1.08	127.7	124.0	2.9	0.5
2	0.3	0.99	121.9	117.9	4.9	0.5
3	0.4	0.40	103.8	95.4	27.3	0.2
4	0.5	0.34	103.0	94.3	27.0	0.3
5	0.5	0.10	99.2	93.8	22.3	0.2
6	0.6	0.08	98.9	94.4	20.4	0.1
7	0.6	0.13	98.8	94.4	20.3	0.1
8	0.7	0.08	98.7	94.2	20.6	0.1
9	0.7	0.07	98.2	93.3	21.4	0.1
10	0.8	0.17	97.3	91.8	22.7	0.2
11	0.8	0.19	96.2	89.9	24.3	0.1
12	0.9	0.21	96.1	89.7	24.3	0.2
13	0.9	0.10	95.5	89.1	24.8	0.1
14	1.0	0.03	95.4	89.2	24.5	0.1
15	1.1	0.03	95.3	89.2	24.3	0.1
16	1.1	0.03	95.3	89.3	24.0	0.1
17	1.2	0.07	95.3	89.4	23.5	0.1
18	1.2	0.03	95.2	89.6	23.2	0.1
19	1.3	0.04	95.1	89.5	23.3	0.1
20	1.4	0.08	95.0	89.2	23.7	0.1
Gradient optimization: MAXIMUMITERATION


Iteration 3:

pdz_hi_sampled_seqs_cluster0_iter3:

OpenMP: Using 6 of 6 threads
Alphabet length:21
1186 valid sequences out of 1186 
41 sites, none trimmed because no target specified
Effective number of samples: 1.2	(20% identical neighborhood = 1.000 samples)
iter	time	cond	fx	-loglk	||h||	||e||
1	0.2	1.09	135.5	132.0	2.9	0.5
2	0.3	0.97	129.6	125.9	4.9	0.5
3	0.4	0.45	114.0	105.5	27.4	0.2
4	0.6	0.33	112.5	103.7	27.0	0.3
5	0.6	0.11	108.5	103.1	22.1	0.2
6	0.7	0.09	108.1	104.0	19.5	0.1
7	0.8	0.09	108.0	103.9	19.5	0.1
8	0.9	0.08	107.8	103.5	20.0	0.1
9	0.9	0.17	107.3	102.4	21.6	0.1
10	1.0	0.13	106.3	100.5	23.3	0.1
11	1.1	0.05	105.0	98.5	25.1	0.1
12	1.2	0.14	104.6	98.2	24.7	0.1
13	1.3	0.03	104.3	98.3	24.2	0.1
14	1.4	0.03	104.3	98.5	23.7	0.1
15	1.5	0.02	104.3	98.6	23.5	0.1
16	1.5	0.03	104.2	98.6	23.3	0.1
17	1.6	0.11	104.0	98.5	22.9	0.1
18	1.6	0.07	103.8	98.2	23.1	0.1
19	1.7	0.04	103.6	97.7	23.9	0.1
20	1.7	0.07	103.6	97.2	25.2	0.1
Gradient optimization: MAXIMUMITERATION


pdz_hi_sampled_seqs_cluster1_iter3:

OpenMP: Using 6 of 6 threads
Alphabet length:21
814 valid sequences out of 814 
41 sites, none trimmed because no target specified
Effective number of samples: 1.1	(20% identical neighborhood = 1.000 samples)
iter	time	cond	fx	-loglk	||h||	||e||
1	0.1	1.08	127.4	123.7	2.9	0.5
2	0.3	0.99	121.7	117.7	4.9	0.5
3	0.3	0.40	103.5	95.2	27.3	0.2
4	0.4	0.34	102.7	94.0	27.0	0.3
5	0.5	0.10	99.0	93.5	22.4	0.2
6	0.6	0.08	98.7	94.2	20.4	0.1
7	0.7	0.13	98.6	94.1	20.3	0.1
8	0.8	0.08	98.5	93.9	20.6	0.1
9	0.8	0.07	98.0	93.1	21.4	0.1
10	0.9	0.17	97.1	91.5	22.7	0.2
11	0.9	0.19	95.9	89.7	24.3	0.1
12	1.0	0.21	95.8	89.5	24.3	0.2
13	1.0	0.10	95.3	88.9	24.8	0.1
14	1.1	0.03	95.1	88.9	24.5	0.1
15	1.1	0.03	95.1	89.0	24.3	0.1
16	1.2	0.03	95.1	89.1	24.0	0.1
17	1.2	0.07	95.0	89.2	23.5	0.1
18	1.3	0.03	94.9	89.3	23.2	0.1
19	1.3	0.04	94.9	89.2	23.3	0.1
20	1.3	0.08	94.8	89.0	23.7	0.1
Gradient optimization: MAXIMUMITERATION


Iteration 4:

pdz_hi_sampled_seqs_cluster0_iter4:

OpenMP: Using 6 of 6 threads
Alphabet length:21
1192 valid sequences out of 1192 
41 sites, none trimmed because no target specified
Effective number of samples: 1.2	(20% identical neighborhood = 1.000 samples)
iter	time	cond	fx	-loglk	||h||	||e||
1	0.2	1.09	135.8	132.4	2.9	0.5
2	0.4	0.97	130.0	126.3	4.9	0.5
3	0.5	0.44	114.3	105.8	27.4	0.2
4	0.6	0.33	112.8	104.1	27.0	0.3
5	0.7	0.11	108.8	103.5	22.1	0.2
6	0.7	0.09	108.4	104.3	19.5	0.1
7	0.8	0.09	108.3	104.2	19.5	0.1
8	0.9	0.08	108.2	103.9	20.0	0.1
9	1.0	0.17	107.6	102.7	21.6	0.1
10	1.0	0.13	106.6	100.9	23.4	0.1
11	1.1	0.05	105.3	98.8	25.1	0.1
12	1.2	0.14	105.0	98.5	24.7	0.1
13	1.3	0.03	104.6	98.6	24.2	0.1
14	1.4	0.03	104.6	98.8	23.7	0.1
15	1.4	0.02	104.6	98.9	23.5	0.1
16	1.5	0.03	104.5	99.0	23.3	0.1
17	1.5	0.15	104.4	98.9	22.8	0.1
18	1.6	0.06	104.1	98.6	23.1	0.1
19	1.6	0.04	104.0	98.1	23.9	0.1
20	1.7	0.04	103.9	97.6	24.9	0.1
Gradient optimization: MAXIMUMITERATION


pdz_hi_sampled_seqs_cluster1_iter4:

OpenMP: Using 6 of 6 threads
Alphabet length:21
808 valid sequences out of 808 
41 sites, none trimmed because no target specified
Effective number of samples: 1.1	(20% identical neighborhood = 1.000 samples)
iter	time	cond	fx	-loglk	||h||	||e||
1	0.1	1.08	127.1	123.4	2.9	0.5
2	0.3	0.99	121.4	117.3	4.9	0.5
3	0.3	0.40	103.2	94.8	27.3	0.2
4	0.4	0.34	102.4	93.7	27.0	0.3
5	0.4	0.10	98.6	93.2	22.4	0.2
6	0.5	0.08	98.3	93.9	20.4	0.1
7	0.5	0.13	98.3	93.8	20.3	0.1
8	0.6	0.08	98.1	93.6	20.6	0.1
9	0.7	0.07	97.6	92.7	21.5	0.1
10	0.8	0.17	96.7	91.2	22.7	0.2
11	0.8	0.19	95.6	89.4	24.3	0.1
12	1.0	0.21	95.5	89.2	24.3	0.2
13	1.1	0.10	95.0	88.6	24.8	0.1
14	1.2	0.03	94.8	88.6	24.5	0.1
15	1.2	0.03	94.8	88.7	24.3	0.1
16	1.3	0.03	94.8	88.8	24.0	0.1
17	1.4	0.08	94.7	88.9	23.5	0.1
18	1.4	0.03	94.6	89.0	23.2	0.1
19	1.5	0.04	94.6	88.9	23.3	0.1
20	1.5	0.08	94.5	88.7	23.7	0.1
Gradient optimization: MAXIMUMITERATION


Iteration 5:

pdz_hi_sampled_seqs_cluster0_iter5:

OpenMP: Using 6 of 6 threads
Alphabet length:21
1194 valid sequences out of 1194 
41 sites, none trimmed because no target specified
Effective number of samples: 1.2	(20% identical neighborhood = 1.000 samples)
iter	time	cond	fx	-loglk	||h||	||e||
1	0.1	1.09	135.9	132.5	2.9	0.5
2	0.3	0.97	130.0	126.3	4.9	0.5
3	0.4	0.44	114.4	105.9	27.4	0.2
4	0.5	0.33	112.8	104.1	27.0	0.3
5	0.6	0.11	108.8	103.5	22.1	0.2
6	0.7	0.09	108.4	104.3	19.5	0.1
7	0.8	0.09	108.3	104.2	19.5	0.1
8	0.8	0.08	108.2	103.9	20.0	0.1
9	0.9	0.17	107.7	102.8	21.6	0.1
10	0.9	0.13	106.6	100.9	23.4	0.1
11	1.0	0.05	105.3	98.8	25.1	0.1
12	1.1	0.14	105.0	98.6	24.7	0.1
13	1.2	0.03	104.7	98.6	24.2	0.1
14	1.2	0.03	104.6	98.9	23.7	0.1
15	1.3	0.02	104.6	99.0	23.5	0.1
16	1.3	0.03	104.6	99.0	23.2	0.1
17	1.4	0.16	104.4	98.9	22.8	0.1
18	1.4	0.06	104.2	98.6	23.1	0.1
19	1.5	0.04	104.0	98.1	23.9	0.1
20	1.6	0.03	103.9	97.7	24.8	0.1
Gradient optimization: MAXIMUMITERATION


pdz_hi_sampled_seqs_cluster1_iter5:

OpenMP: Using 6 of 6 threads
Alphabet length:21
806 valid sequences out of 806 
41 sites, none trimmed because no target specified
Effective number of samples: 1.1	(20% identical neighborhood = 1.000 samples)
iter	time	cond	fx	-loglk	||h||	||e||
1	0.1	1.08	127.0	123.4	2.9	0.5
2	0.2	0.99	121.3	117.3	4.9	0.5
3	0.3	0.40	103.2	94.8	27.3	0.2
4	0.4	0.34	102.4	93.7	27.0	0.3
5	0.4	0.10	98.6	93.2	22.4	0.2
6	0.5	0.08	98.3	93.8	20.4	0.1
7	0.5	0.13	98.3	93.8	20.3	0.1
8	0.6	0.08	98.1	93.6	20.6	0.1
9	0.6	0.07	97.6	92.7	21.5	0.1
10	0.7	0.17	96.7	91.1	22.7	0.2
11	0.7	0.19	95.6	89.3	24.3	0.1
12	0.8	0.20	95.5	89.1	24.3	0.2
13	0.9	0.10	94.9	88.6	24.9	0.1
14	0.9	0.03	94.8	88.6	24.5	0.1
15	1.0	0.03	94.8	88.7	24.3	0.1
16	1.1	0.03	94.7	88.8	24.0	0.1
17	1.1	0.08	94.7	88.9	23.5	0.1
18	1.2	0.03	94.6	89.0	23.3	0.1
19	1.2	0.04	94.6	88.9	23.4	0.1
20	1.3	0.08	94.5	88.7	23.7	0.1
Gradient optimization: MAXIMUMITERATION


Iteration 6:

pdz_hi_sampled_seqs_cluster0_iter6:

OpenMP: Using 6 of 6 threads
Alphabet length:21
1195 valid sequences out of 1195 
41 sites, none trimmed because no target specified
Effective number of samples: 1.2	(20% identical neighborhood = 1.000 samples)
iter	time	cond	fx	-loglk	||h||	||e||
1	0.2	1.09	135.9	132.5	2.9	0.5
2	0.4	0.97	130.1	126.3	4.9	0.5
3	0.5	0.44	114.4	105.9	27.4	0.2
4	0.7	0.33	112.8	104.1	27.0	0.3
5	0.7	0.11	108.9	103.5	22.1	0.2
6	0.8	0.09	108.5	104.4	19.5	0.1
7	0.9	0.09	108.4	104.3	19.5	0.1
8	1.0	0.08	108.3	103.9	20.1	0.1
9	1.0	0.17	107.7	102.8	21.6	0.1
10	1.1	0.13	106.7	100.9	23.4	0.1
11	1.2	0.05	105.3	98.9	25.1	0.1
12	1.3	0.14	105.0	98.6	24.7	0.1
13	1.3	0.03	104.7	98.7	24.2	0.1
14	1.4	0.03	104.7	98.9	23.7	0.1
15	1.5	0.02	104.7	99.0	23.5	0.1
16	1.5	0.03	104.6	99.0	23.3	0.1
17	1.6	0.16	104.5	99.0	22.8	0.1
18	1.6	0.06	104.2	98.6	23.1	0.1
19	1.7	0.04	104.1	98.2	23.9	0.1
20	1.8	0.03	104.0	97.7	24.8	0.1
Gradient optimization: MAXIMUMITERATION


pdz_hi_sampled_seqs_cluster1_iter6:

OpenMP: Using 6 of 6 threads
Alphabet length:21
805 valid sequences out of 805 
41 sites, none trimmed because no target specified
Effective number of samples: 1.1	(20% identical neighborhood = 1.000 samples)
iter	time	cond	fx	-loglk	||h||	||e||
1	0.1	1.08	127.0	123.3	2.9	0.5
2	0.3	0.99	121.3	117.2	4.9	0.5
3	0.4	0.40	103.1	94.7	27.3	0.2
4	0.5	0.34	102.3	93.6	27.0	0.3
5	0.6	0.10	98.6	93.1	22.4	0.2
6	0.7	0.08	98.3	93.8	20.4	0.1
7	0.8	0.13	98.2	93.7	20.3	0.1
8	0.8	0.08	98.1	93.5	20.6	0.1
9	0.9	0.07	97.5	92.6	21.5	0.1
10	0.9	0.17	96.6	91.1	22.7	0.2
11	1.0	0.19	95.5	89.3	24.3	0.1
12	1.1	0.20	95.4	89.1	24.3	0.2
13	1.2	0.10	94.9	88.5	24.9	0.1
14	1.3	0.03	94.8	88.6	24.5	0.1
15	1.3	0.03	94.7	88.6	24.2	0.1
16	1.4	0.03	94.7	88.7	24.0	0.1
17	1.5	0.09	94.6	88.8	23.5	0.1
18	1.6	0.03	94.6	88.9	23.3	0.1
19	1.6	0.04	94.5	88.8	23.4	0.1
20	1.7	0.08	94.4	88.6	23.7	0.1
Gradient optimization: MAXIMUMITERATION


Iteration 7:
TERMINATING: Repeated cluster assignments
