tuning/outputs/tuning_run_5/ created
tuning/outputs/tuning_run_5/iterations/ created
tuning/outputs/tuning_run_5/output/ created
{'msa-file-name': 'murA_lpxC_filtered.fa', 'em_maxiter': 30, 'em_numclusters': 2, 'em_device': None, 'em_init': 'random', 'em_no_iter_print': 0, 'plmc': '../../plmc/bin/plmc', 'output': 'tuning/outputs/tuning_run_5', 'fast': 1, 'scale': None, 'theta': '0.8', 'lambdah': '0.01', 'lambdae': '16.0', 'lambdag': None, 'gapignore': 1, 'maxiter': '5', 'ncores': 6, 'gapignore_tune': '1', 'fast_tune': '1', 'em_iter_print': 1, 'iterations_dir': 'tuning/outputs/tuning_run_5/iterations/', 'final_dir': 'tuning/outputs/tuning_run_5/output/', 'output_dir': 'tuning/outputs/tuning_run_5/', 'plmc_options': ['-t 0.8', '-lh 0.01', '-le 16.0', '-m 5', '-n 6', '-g', '--fast'], 'device': device(type='cpu')}

Using cpu


Iteration 0:

murA_lpxC_filtered_cluster0_iter0:

OpenMP: Using 6 of 6 threads
Alphabet length:21
4151 valid sequences out of 4151 
724 sites, none trimmed because no target specified
Clustering..........
Effective number of samples: 1.0	(20% identical neighborhood = 1.000 samples)
iter	time	obj	|x|	|g|	crit
1	25.0	1894.5	0.0	0.0	0.0


murA_lpxC_filtered_cluster1_iter0:

OpenMP: Using 6 of 6 threads
Alphabet length:21
4151 valid sequences out of 4151 
724 sites, none trimmed because no target specified
Clustering..........
Effective number of samples: 1.0	(20% identical neighborhood = 1.000 samples)
iter	time	obj	|x|	|g|	crit
1	22.2	1894.7	0.0	0.0	0.0


Iteration 1:

murA_lpxC_filtered_cluster0_iter1:

OpenMP: Using 6 of 6 threads
Alphabet length:21
3880 valid sequences out of 3880 
724 sites, none trimmed because no target specified
Clustering..........
Effective number of samples: 1.0	(20% identical neighborhood = 1.000 samples)
iter	time	obj	|x|	|g|	crit
1	24.4	1893.8	0.0	0.0	0.0


murA_lpxC_filtered_cluster1_iter1:

OpenMP: Using 6 of 6 threads
Alphabet length:21
4422 valid sequences out of 4422 
724 sites, none trimmed because no target specified
Clustering..........
Effective number of samples: 1.0	(20% identical neighborhood = 1.000 samples)
iter	time	obj	|x|	|g|	crit
1	22.8	1892.1	0.0	0.0	0.0


Iteration 2:

murA_lpxC_filtered_cluster0_iter2:

OpenMP: Using 6 of 6 threads
Alphabet length:21
3806 valid sequences out of 3806 
724 sites, none trimmed because no target specified
Clustering..........
Effective number of samples: 1.0	(20% identical neighborhood = 1.000 samples)
iter	time	obj	|x|	|g|	crit
1	17.1	1889.4	0.0	0.0	0.0


murA_lpxC_filtered_cluster1_iter2:

OpenMP: Using 6 of 6 threads
Alphabet length:21
4496 valid sequences out of 4496 
724 sites, none trimmed because no target specified
Clustering..........
Effective number of samples: 1.0	(20% identical neighborhood = 1.000 samples)
iter	time	obj	|x|	|g|	crit
1	18.3	1888.1	0.0	0.0	0.0


Iteration 3:

murA_lpxC_filtered_cluster0_iter3:

OpenMP: Using 6 of 6 threads
Alphabet length:21
3925 valid sequences out of 3925 
724 sites, none trimmed because no target specified
Clustering..........
Effective number of samples: 1.0	(20% identical neighborhood = 1.000 samples)
iter	time	obj	|x|	|g|	crit
1	18.1	1886.3	0.0	0.0	0.0


murA_lpxC_filtered_cluster1_iter3:

OpenMP: Using 6 of 6 threads
Alphabet length:21
4377 valid sequences out of 4377 
724 sites, none trimmed because no target specified
Clustering..........
Effective number of samples: 1.0	(20% identical neighborhood = 1.000 samples)
iter	time	obj	|x|	|g|	crit
1	18.7	1883.3	0.0	0.0	0.0


Iteration 4:

murA_lpxC_filtered_cluster0_iter4:

OpenMP: Using 6 of 6 threads
Alphabet length:21
4079 valid sequences out of 4079 
724 sites, none trimmed because no target specified
Clustering..........
Effective number of samples: 1.0	(20% identical neighborhood = 1.000 samples)
iter	time	obj	|x|	|g|	crit
1	17.2	1885.0	0.0	0.0	0.0


murA_lpxC_filtered_cluster1_iter4:

OpenMP: Using 6 of 6 threads
Alphabet length:21
4223 valid sequences out of 4223 
724 sites, none trimmed because no target specified
Clustering..........
Effective number of samples: 1.0	(20% identical neighborhood = 1.000 samples)
iter	time	obj	|x|	|g|	crit
1	16.7	1879.6	0.0	0.0	0.0


Iteration 5:

murA_lpxC_filtered_cluster0_iter5:

OpenMP: Using 6 of 6 threads
Alphabet length:21
4101 valid sequences out of 4101 
724 sites, none trimmed because no target specified
Clustering..........
Effective number of samples: 1.0	(20% identical neighborhood = 1.000 samples)
iter	time	obj	|x|	|g|	crit
1	20.6	1884.7	0.0	0.0	0.0


murA_lpxC_filtered_cluster1_iter5:

OpenMP: Using 6 of 6 threads
Alphabet length:21
4201 valid sequences out of 4201 
724 sites, none trimmed because no target specified
Clustering..........
Effective number of samples: 1.0	(20% identical neighborhood = 1.000 samples)
iter	time	obj	|x|	|g|	crit
1	21.1	1877.8	0.0	0.0	0.0


Iteration 6:

murA_lpxC_filtered_cluster0_iter6:

OpenMP: Using 6 of 6 threads
Alphabet length:21
4049 valid sequences out of 4049 
724 sites, none trimmed because no target specified
Clustering..........
Effective number of samples: 1.0	(20% identical neighborhood = 1.000 samples)
iter	time	obj	|x|	|g|	crit
1	22.6	1883.4	0.0	0.0	0.0


murA_lpxC_filtered_cluster1_iter6:

OpenMP: Using 6 of 6 threads
Alphabet length:21
4253 valid sequences out of 4253 
724 sites, none trimmed because no target specified
Clustering..........
Effective number of samples: 1.0	(20% identical neighborhood = 1.000 samples)
iter	time	obj	|x|	|g|	crit
1	21.6	1876.8	0.0	0.0	0.0


Iteration 7:

murA_lpxC_filtered_cluster0_iter7:

OpenMP: Using 6 of 6 threads
Alphabet length:21
4035 valid sequences out of 4035 
724 sites, none trimmed because no target specified
Clustering..........
Effective number of samples: 1.0	(20% identical neighborhood = 1.000 samples)
iter	time	obj	|x|	|g|	crit
1	24.0	1883.9	0.0	0.0	0.0


murA_lpxC_filtered_cluster1_iter7:

OpenMP: Using 6 of 6 threads
Alphabet length:21
4267 valid sequences out of 4267 
724 sites, none trimmed because no target specified
Clustering..........
Effective number of samples: 1.0	(20% identical neighborhood = 1.000 samples)
iter	time	obj	|x|	|g|	crit
1	24.3	1875.4	0.0	0.0	0.0


Iteration 8:

murA_lpxC_filtered_cluster0_iter8:

OpenMP: Using 6 of 6 threads
Alphabet length:21
3932 valid sequences out of 3932 
724 sites, none trimmed because no target specified
Clustering..........
Effective number of samples: 1.0	(20% identical neighborhood = 1.000 samples)
iter	time	obj	|x|	|g|	crit
1	20.8	1881.8	0.0	0.0	0.0


murA_lpxC_filtered_cluster1_iter8:

OpenMP: Using 6 of 6 threads
Alphabet length:21
4370 valid sequences out of 4370 
724 sites, none trimmed because no target specified
Clustering..........
Effective number of samples: 1.0	(20% identical neighborhood = 1.000 samples)
iter	time	obj	|x|	|g|	crit
1	21.5	1875.7	0.0	0.0	0.0


Iteration 9:

murA_lpxC_filtered_cluster0_iter9:

OpenMP: Using 6 of 6 threads
Alphabet length:21
3853 valid sequences out of 3853 
724 sites, none trimmed because no target specified
Clustering..........
Effective number of samples: 1.0	(20% identical neighborhood = 1.000 samples)
iter	time	obj	|x|	|g|	crit
1	20.1	1880.2	0.0	0.0	0.0


murA_lpxC_filtered_cluster1_iter9:

OpenMP: Using 6 of 6 threads
Alphabet length:21
4449 valid sequences out of 4449 
724 sites, none trimmed because no target specified
Clustering..........
Effective number of samples: 1.0	(20% identical neighborhood = 1.000 samples)
iter	time	obj	|x|	|g|	crit
1	22.5	1875.1	0.0	0.0	0.0


Iteration 10:

murA_lpxC_filtered_cluster0_iter10:

OpenMP: Using 6 of 6 threads
Alphabet length:21
3810 valid sequences out of 3810 
724 sites, none trimmed because no target specified
Clustering..........
Effective number of samples: 1.0	(20% identical neighborhood = 1.000 samples)
iter	time	obj	|x|	|g|	crit
1	20.8	1880.0	0.0	0.0	0.0


murA_lpxC_filtered_cluster1_iter10:

OpenMP: Using 6 of 6 threads
Alphabet length:21
4492 valid sequences out of 4492 
724 sites, none trimmed because no target specified
Clustering..........
Effective number of samples: 1.0	(20% identical neighborhood = 1.000 samples)
iter	time	obj	|x|	|g|	crit
1	18.9	1875.0	0.0	0.0	0.0


Iteration 11:

murA_lpxC_filtered_cluster0_iter11:

OpenMP: Using 6 of 6 threads
Alphabet length:21
3824 valid sequences out of 3824 
724 sites, none trimmed because no target specified
Clustering..........
Effective number of samples: 1.0	(20% identical neighborhood = 1.000 samples)
iter	time	obj	|x|	|g|	crit
1	20.5	1880.0	0.0	0.0	0.0


murA_lpxC_filtered_cluster1_iter11:

OpenMP: Using 6 of 6 threads
Alphabet length:21
4478 valid sequences out of 4478 
724 sites, none trimmed because no target specified
Clustering..........
Effective number of samples: 1.0	(20% identical neighborhood = 1.000 samples)
iter	time	obj	|x|	|g|	crit
1	24.6	1874.1	0.0	0.0	0.0


Iteration 12:

murA_lpxC_filtered_cluster0_iter12:

OpenMP: Using 6 of 6 threads
Alphabet length:21
3816 valid sequences out of 3816 
724 sites, none trimmed because no target specified
Clustering..........
Effective number of samples: 1.0	(20% identical neighborhood = 1.000 samples)
iter	time	obj	|x|	|g|	crit
1	20.1	1879.9	0.0	0.0	0.0


murA_lpxC_filtered_cluster1_iter12:

OpenMP: Using 6 of 6 threads
Alphabet length:21
4486 valid sequences out of 4486 
724 sites, none trimmed because no target specified
Clustering..........
Effective number of samples: 1.0	(20% identical neighborhood = 1.000 samples)
iter	time	obj	|x|	|g|	crit
1	18.3	1873.8	0.0	0.0	0.0


Iteration 13:

murA_lpxC_filtered_cluster0_iter13:

OpenMP: Using 6 of 6 threads
Alphabet length:21
3799 valid sequences out of 3799 
724 sites, none trimmed because no target specified
Clustering..........
Effective number of samples: 1.0	(20% identical neighborhood = 1.000 samples)
iter	time	obj	|x|	|g|	crit
1	19.5	1880.4	0.0	0.0	0.0


murA_lpxC_filtered_cluster1_iter13:

OpenMP: Using 6 of 6 threads
Alphabet length:21
4503 valid sequences out of 4503 
724 sites, none trimmed because no target specified
Clustering..........
Effective number of samples: 1.0	(20% identical neighborhood = 1.000 samples)
iter	time	obj	|x|	|g|	crit
1	18.8	1874.1	0.0	0.0	0.0


Iteration 14:

murA_lpxC_filtered_cluster0_iter14:

OpenMP: Using 6 of 6 threads
Alphabet length:21
3800 valid sequences out of 3800 
724 sites, none trimmed because no target specified
Clustering..........
Effective number of samples: 1.0	(20% identical neighborhood = 1.000 samples)
iter	time	obj	|x|	|g|	crit
1	17.9	1879.7	0.0	0.0	0.0


murA_lpxC_filtered_cluster1_iter14:

OpenMP: Using 6 of 6 threads
Alphabet length:21
4502 valid sequences out of 4502 
724 sites, none trimmed because no target specified
Clustering..........
Effective number of samples: 1.0	(20% identical neighborhood = 1.000 samples)
iter	time	obj	|x|	|g|	crit
1	18.3	1873.7	0.0	0.0	0.0


Iteration 15:

murA_lpxC_filtered_cluster0_iter15:

OpenMP: Using 6 of 6 threads
Alphabet length:21
3813 valid sequences out of 3813 
724 sites, none trimmed because no target specified
Clustering..........
Effective number of samples: 1.0	(20% identical neighborhood = 1.000 samples)
iter	time	obj	|x|	|g|	crit
1	19.7	1879.9	0.0	0.0	0.0


murA_lpxC_filtered_cluster1_iter15:

OpenMP: Using 6 of 6 threads
Alphabet length:21
4489 valid sequences out of 4489 
724 sites, none trimmed because no target specified
Clustering..........
Effective number of samples: 1.0	(20% identical neighborhood = 1.000 samples)
iter	time	obj	|x|	|g|	crit
1	18.2	1873.9	0.0	0.0	0.0


Iteration 16:

murA_lpxC_filtered_cluster0_iter16:

OpenMP: Using 6 of 6 threads
Alphabet length:21
3813 valid sequences out of 3813 
724 sites, none trimmed because no target specified
Clustering..........
Effective number of samples: 1.0	(20% identical neighborhood = 1.000 samples)
iter	time	obj	|x|	|g|	crit
1	21.6	1879.7	0.0	0.0	0.0


murA_lpxC_filtered_cluster1_iter16:

OpenMP: Using 6 of 6 threads
Alphabet length:21
4489 valid sequences out of 4489 
724 sites, none trimmed because no target specified
Clustering..........
Effective number of samples: 1.0	(20% identical neighborhood = 1.000 samples)
iter	time	obj	|x|	|g|	crit
1	20.6	1873.8	0.0	0.0	0.0


Iteration 17:

murA_lpxC_filtered_cluster0_iter17:

OpenMP: Using 6 of 6 threads
Alphabet length:21
3812 valid sequences out of 3812 
724 sites, none trimmed because no target specified
Clustering..........
Effective number of samples: 1.0	(20% identical neighborhood = 1.000 samples)
iter	time	obj	|x|	|g|	crit
1	17.4	1880.0	0.0	0.0	0.0


murA_lpxC_filtered_cluster1_iter17:

OpenMP: Using 6 of 6 threads
Alphabet length:21
4490 valid sequences out of 4490 
724 sites, none trimmed because no target specified
Clustering..........
Effective number of samples: 1.0	(20% identical neighborhood = 1.000 samples)
iter	time	obj	|x|	|g|	crit
1	17.8	1873.6	0.0	0.0	0.0


Iteration 18:

murA_lpxC_filtered_cluster0_iter18:

OpenMP: Using 6 of 6 threads
Alphabet length:21
3811 valid sequences out of 3811 
724 sites, none trimmed because no target specified
Clustering..........
Effective number of samples: 1.0	(20% identical neighborhood = 1.000 samples)
iter	time	obj	|x|	|g|	crit
1	20.5	1880.8	0.0	0.0	0.0


murA_lpxC_filtered_cluster1_iter18:

OpenMP: Using 6 of 6 threads
Alphabet length:21
4491 valid sequences out of 4491 
724 sites, none trimmed because no target specified
Clustering..........
Effective number of samples: 1.0	(20% identical neighborhood = 1.000 samples)
iter	time	obj	|x|	|g|	crit
1	17.3	1873.7	0.0	0.0	0.0


Iteration 19:

murA_lpxC_filtered_cluster0_iter19:

OpenMP: Using 6 of 6 threads
Alphabet length:21
3818 valid sequences out of 3818 
724 sites, none trimmed because no target specified
Clustering..........
Effective number of samples: 1.0	(20% identical neighborhood = 1.000 samples)
iter	time	obj	|x|	|g|	crit
1	15.4	1880.1	0.0	0.0	0.0


murA_lpxC_filtered_cluster1_iter19:

OpenMP: Using 6 of 6 threads
Alphabet length:21
4484 valid sequences out of 4484 
724 sites, none trimmed because no target specified
Clustering..........
Effective number of samples: 1.0	(20% identical neighborhood = 1.000 samples)
iter	time	obj	|x|	|g|	crit
1	16.5	1873.6	0.0	0.0	0.0


Iteration 20:

murA_lpxC_filtered_cluster0_iter20:

OpenMP: Using 6 of 6 threads
Alphabet length:21
3817 valid sequences out of 3817 
724 sites, none trimmed because no target specified
Clustering..........
Effective number of samples: 1.0	(20% identical neighborhood = 1.000 samples)
iter	time	obj	|x|	|g|	crit
1	21.5	1879.4	0.0	0.0	0.0


murA_lpxC_filtered_cluster1_iter20:

OpenMP: Using 6 of 6 threads
Alphabet length:21
4485 valid sequences out of 4485 
724 sites, none trimmed because no target specified
Clustering..........
Effective number of samples: 1.0	(20% identical neighborhood = 1.000 samples)
iter	time	obj	|x|	|g|	crit
1	21.5	1873.5	0.0	0.0	0.0


Iteration 21:

murA_lpxC_filtered_cluster0_iter21:

OpenMP: Using 6 of 6 threads
Alphabet length:21
3815 valid sequences out of 3815 
724 sites, none trimmed because no target specified
Clustering..........
Effective number of samples: 1.0	(20% identical neighborhood = 1.000 samples)
iter	time	obj	|x|	|g|	crit
1	23.8	1879.8	0.0	0.0	0.0


murA_lpxC_filtered_cluster1_iter21:

OpenMP: Using 6 of 6 threads
Alphabet length:21
4487 valid sequences out of 4487 
724 sites, none trimmed because no target specified
Clustering..........
Effective number of samples: 1.0	(20% identical neighborhood = 1.000 samples)
iter	time	obj	|x|	|g|	crit
1	23.6	1873.8	0.0	0.0	0.0


Iteration 22:

murA_lpxC_filtered_cluster0_iter22:

OpenMP: Using 6 of 6 threads
Alphabet length:21
3812 valid sequences out of 3812 
724 sites, none trimmed because no target specified
Clustering..........
Effective number of samples: 1.0	(20% identical neighborhood = 1.000 samples)
iter	time	obj	|x|	|g|	crit
1	19.9	1880.4	0.0	0.0	0.0


murA_lpxC_filtered_cluster1_iter22:

OpenMP: Using 6 of 6 threads
Alphabet length:21
4490 valid sequences out of 4490 
724 sites, none trimmed because no target specified
Clustering..........
Effective number of samples: 1.0	(20% identical neighborhood = 1.000 samples)
iter	time	obj	|x|	|g|	crit
1	19.2	1873.7	0.0	0.0	0.0


Iteration 23:

murA_lpxC_filtered_cluster0_iter23:

OpenMP: Using 6 of 6 threads
Alphabet length:21
3818 valid sequences out of 3818 
724 sites, none trimmed because no target specified
Clustering..........
Effective number of samples: 1.0	(20% identical neighborhood = 1.000 samples)
iter	time	obj	|x|	|g|	crit
1	21.4	1880.1	0.0	0.0	0.0


murA_lpxC_filtered_cluster1_iter23:

OpenMP: Using 6 of 6 threads
Alphabet length:21
4484 valid sequences out of 4484 
724 sites, none trimmed because no target specified
Clustering..........
Effective number of samples: 1.0	(20% identical neighborhood = 1.000 samples)
iter	time	obj	|x|	|g|	crit
1	18.9	1873.6	0.0	0.0	0.0


Iteration 24:

murA_lpxC_filtered_cluster0_iter24:

OpenMP: Using 6 of 6 threads
Alphabet length:21
3817 valid sequences out of 3817 
724 sites, none trimmed because no target specified
Clustering..........
Effective number of samples: 1.0	(20% identical neighborhood = 1.000 samples)
iter	time	obj	|x|	|g|	crit
1	19.1	1879.4	0.0	0.0	0.0


murA_lpxC_filtered_cluster1_iter24:

OpenMP: Using 6 of 6 threads
Alphabet length:21
4485 valid sequences out of 4485 
724 sites, none trimmed because no target specified
Clustering..........
Effective number of samples: 1.0	(20% identical neighborhood = 1.000 samples)
iter	time	obj	|x|	|g|	crit
1	18.8	1873.5	0.0	0.0	0.0


Iteration 25:

murA_lpxC_filtered_cluster0_iter25:

OpenMP: Using 6 of 6 threads
Alphabet length:21
3815 valid sequences out of 3815 
724 sites, none trimmed because no target specified
Clustering..........
Effective number of samples: 1.0	(20% identical neighborhood = 1.000 samples)
iter	time	obj	|x|	|g|	crit
1	19.8	1879.8	0.0	0.0	0.0


murA_lpxC_filtered_cluster1_iter25:

OpenMP: Using 6 of 6 threads
Alphabet length:21
4487 valid sequences out of 4487 
724 sites, none trimmed because no target specified
Clustering..........
Effective number of samples: 1.0	(20% identical neighborhood = 1.000 samples)
iter	time	obj	|x|	|g|	crit
1	19.4	1873.8	0.0	0.0	0.0


Iteration 26:

murA_lpxC_filtered_cluster0_iter26:

OpenMP: Using 6 of 6 threads
Alphabet length:21
3812 valid sequences out of 3812 
724 sites, none trimmed because no target specified
Clustering..........
Effective number of samples: 1.0	(20% identical neighborhood = 1.000 samples)
iter	time	obj	|x|	|g|	crit
1	20.0	1880.4	0.0	0.0	0.0


murA_lpxC_filtered_cluster1_iter26:

OpenMP: Using 6 of 6 threads
Alphabet length:21
4490 valid sequences out of 4490 
724 sites, none trimmed because no target specified
Clustering..........
Effective number of samples: 1.0	(20% identical neighborhood = 1.000 samples)
iter	time	obj	|x|	|g|	crit
1	19.9	1873.7	0.0	0.0	0.0


Iteration 27:

murA_lpxC_filtered_cluster0_iter27:

OpenMP: Using 6 of 6 threads
Alphabet length:21
3818 valid sequences out of 3818 
724 sites, none trimmed because no target specified
Clustering..........
Effective number of samples: 1.0	(20% identical neighborhood = 1.000 samples)
iter	time	obj	|x|	|g|	crit
1	21.7	1880.1	0.0	0.0	0.0


murA_lpxC_filtered_cluster1_iter27:

OpenMP: Using 6 of 6 threads
Alphabet length:21
4484 valid sequences out of 4484 
724 sites, none trimmed because no target specified
Clustering..........
Effective number of samples: 1.0	(20% identical neighborhood = 1.000 samples)
iter	time	obj	|x|	|g|	crit
1	18.4	1873.6	0.0	0.0	0.0


Iteration 28:

murA_lpxC_filtered_cluster0_iter28:

OpenMP: Using 6 of 6 threads
Alphabet length:21
3817 valid sequences out of 3817 
724 sites, none trimmed because no target specified
Clustering..........
Effective number of samples: 1.0	(20% identical neighborhood = 1.000 samples)
iter	time	obj	|x|	|g|	crit
1	20.3	1879.4	0.0	0.0	0.0


murA_lpxC_filtered_cluster1_iter28:

OpenMP: Using 6 of 6 threads
Alphabet length:21
4485 valid sequences out of 4485 
724 sites, none trimmed because no target specified
Clustering..........
Effective number of samples: 1.0	(20% identical neighborhood = 1.000 samples)
iter	time	obj	|x|	|g|	crit
1	18.7	1873.5	0.0	0.0	0.0


Iteration 29:

murA_lpxC_filtered_cluster0_iter29:

OpenMP: Using 6 of 6 threads
Alphabet length:21
3815 valid sequences out of 3815 
724 sites, none trimmed because no target specified
Clustering..........
Effective number of samples: 1.0	(20% identical neighborhood = 1.000 samples)
iter	time	obj	|x|	|g|	crit
1	18.5	1879.8	0.0	0.0	0.0


murA_lpxC_filtered_cluster1_iter29:

OpenMP: Using 6 of 6 threads
Alphabet length:21
4487 valid sequences out of 4487 
724 sites, none trimmed because no target specified
Clustering..........
Effective number of samples: 1.0	(20% identical neighborhood = 1.000 samples)
iter	time	obj	|x|	|g|	crit
1	19.3	1873.8	0.0	0.0	0.0


Iteration 30:

murA_lpxC_filtered_cluster0_iter30:

OpenMP: Using 6 of 6 threads
Alphabet length:21
3812 valid sequences out of 3812 
724 sites, none trimmed because no target specified
Clustering..........
Effective number of samples: 1.0	(20% identical neighborhood = 1.000 samples)
iter	time	obj	|x|	|g|	crit
1	20.1	1880.4	0.0	0.0	0.0


murA_lpxC_filtered_cluster1_iter30:

OpenMP: Using 6 of 6 threads
Alphabet length:21
4490 valid sequences out of 4490 
724 sites, none trimmed because no target specified
Clustering..........
Effective number of samples: 1.0	(20% identical neighborhood = 1.000 samples)
iter	time	obj	|x|	|g|	crit
1	17.2	1873.7	0.0	0.0	0.0

