tuning/outputs/tuning_run_20/ created
tuning/outputs/tuning_run_20/iterations/ created
tuning/outputs/tuning_run_20/output/ created
{'msa-file-name': 'murA_lpxC_filtered.fa', 'em_maxiter': 30, 'em_numclusters': 2, 'em_device': None, 'em_init': 'kmeans', 'em_no_iter_print': 0, 'plmc': '../../plmc/bin/plmc', 'output': 'tuning/outputs/tuning_run_20', 'fast': 1, 'scale': None, 'theta': '2', 'lambdah': '0.01', 'lambdae': '16.0', 'lambdag': None, 'gapignore': 1, 'maxiter': '5', 'ncores': 6, 'gapignore_tune': '1', 'fast_tune': '1', 'em_iter_print': 1, 'iterations_dir': 'tuning/outputs/tuning_run_20/iterations/', 'final_dir': 'tuning/outputs/tuning_run_20/output/', 'output_dir': 'tuning/outputs/tuning_run_20/', 'plmc_options': ['-t 2', '-lh 0.01', '-le 16.0', '-m 5', '-n 6', '-g', '--fast'], 'device': device(type='cpu')}

Using cpu


Iteration 0:

murA_lpxC_filtered_cluster0_iter0:

OpenMP: Using 6 of 6 threads
Alphabet length:21
6626 valid sequences out of 6626 
724 sites, none trimmed because no target specified
Theta not between 0 and 1, no sequence reweighting applied (N = 6626.00)
iter	time	obj	|x|	|g|	crit
1	21.5	5565472.3	0.0	0.7	0.7
2	41.4	5420849.9	0.0	1.3	1.3
3	57.1	4929853.2	0.0	1.2	1.2
4	69.3	4767813.0	0.0	1.2	1.2
5	80.7	4213699.0	0.0	1.2	1.2


murA_lpxC_filtered_cluster1_iter0:

OpenMP: Using 6 of 6 threads
Alphabet length:21
1676 valid sequences out of 1676 
724 sites, none trimmed because no target specified
Theta not between 0 and 1, no sequence reweighting applied (N = 1676.00)
iter	time	obj	|x|	|g|	crit
1	15.8	950861.0	0.0	0.1	0.1
2	29.0	1095758.0	0.0	0.2	0.2
3	42.2	1034175.8	0.0	0.3	0.3
4	58.6	815580.2	0.0	0.3	0.3
5	76.0	782176.8	0.0	0.3	0.3


Iteration 1:

murA_lpxC_filtered_cluster0_iter1:

OpenMP: Using 6 of 6 threads
Alphabet length:21
6618 valid sequences out of 6618 
724 sites, none trimmed because no target specified
Theta not between 0 and 1, no sequence reweighting applied (N = 6618.00)
iter	time	obj	|x|	|g|	crit
1	22.0	5573970.4	0.0	0.7	0.7
2	42.6	5230262.5	0.0	1.3	1.3
3	56.8	4919760.9	0.0	1.2	1.2
4	68.7	4744561.6	0.0	1.2	1.2
5	80.2	4140660.0	0.0	1.2	1.2


murA_lpxC_filtered_cluster1_iter1:

OpenMP: Using 6 of 6 threads
Alphabet length:21
1684 valid sequences out of 1684 
724 sites, none trimmed because no target specified
Theta not between 0 and 1, no sequence reweighting applied (N = 1684.00)
iter	time	obj	|x|	|g|	crit
1	15.4	966400.3	0.0	0.1	0.1
2	28.3	1167194.3	0.0	0.3	0.3
3	41.6	991208.1	0.0	0.3	0.3
4	57.8	850701.2	0.0	0.3	0.3
5	76.5	791149.2	0.0	0.3	0.3


Iteration 2:
TERMINATING: Repeated cluster assignments
