tuning/outputs/tuning_run_29/ created
tuning/outputs/tuning_run_29/iterations/ created
tuning/outputs/tuning_run_29/output/ created
{'msa-file-name': 'murA_lpxC_filtered.fa', 'em_maxiter': 30, 'em_numclusters': 2, 'em_device': None, 'em_init': 'random', 'em_no_iter_print': 0, 'plmc': '../../plmc/bin/plmc', 'output': 'tuning/outputs/tuning_run_29', 'fast': 1, 'scale': None, 'theta': '2', 'lambdah': '0.01', 'lambdae': '16.0', 'lambdag': None, 'gapignore': 1, 'maxiter': '20', 'ncores': 6, 'gapignore_tune': '1', 'fast_tune': '1', 'em_iter_print': 1, 'iterations_dir': 'tuning/outputs/tuning_run_29/iterations/', 'final_dir': 'tuning/outputs/tuning_run_29/output/', 'output_dir': 'tuning/outputs/tuning_run_29/', 'plmc_options': ['-t 2', '-lh 0.01', '-le 16.0', '-m 20', '-n 6', '-g', '--fast'], 'device': device(type='cpu')}

Using cpu


Iteration 0:

murA_lpxC_filtered_cluster0_iter0:

OpenMP: Using 6 of 6 threads
Alphabet length:21
4151 valid sequences out of 4151 
724 sites, none trimmed because no target specified
Theta not between 0 and 1, no sequence reweighting applied (N = 4151.00)
iter	time	obj	|x|	|g|	crit
1	26.1	3730455.8	0.0	0.6	0.6
2	49.4	3083124.5	0.0	0.8	0.8
3	72.1	3133183.1	0.0	0.8	0.8
4	94.0	2861640.5	0.0	0.8	0.8
5	114.4	2492990.3	0.0	0.8	0.8
6	135.1	2312204.8	0.0	0.7	0.7
7	158.8	2079615.2	0.0	0.7	0.7
8	181.0	1965418.7	0.0	0.7	0.7
9	200.1	1829746.8	0.0	0.6	0.6
10	218.4	1725837.6	0.0	0.6	0.6
11	238.3	1639139.6	0.0	0.6	0.6
12	258.3	1525672.3	0.0	0.5	0.5
13	279.8	1461122.8	0.0	0.5	0.5
14	304.2	1390227.1	0.0	0.5	0.5
15	325.9	1319858.0	0.0	0.5	0.5
16	347.1	1270715.3	0.0	0.4	0.4
17	370.0	1229586.4	0.0	0.4	0.4
18	387.3	1173025.0	0.0	0.4	0.4
19	403.6	1126314.8	0.0	0.4	0.4
20	417.8	1082136.8	0.0	0.4	0.4


murA_lpxC_filtered_cluster1_iter0:

OpenMP: Using 6 of 6 threads
Alphabet length:21
4151 valid sequences out of 4151 
724 sites, none trimmed because no target specified
Theta not between 0 and 1, no sequence reweighting applied (N = 4151.00)
iter	time	obj	|x|	|g|	crit
1	24.9	3723901.5	0.0	0.6	0.6
2	45.8	3261715.9	0.0	0.8	0.8
3	66.9	3157311.6	0.0	0.8	0.8
4	83.4	2918430.1	0.0	0.8	0.8
5	98.8	2562229.6	0.0	0.8	0.8
6	116.7	2293854.7	0.0	0.7	0.7
7	135.4	2138612.1	0.0	0.7	0.7
8	155.2	1979306.2	0.0	0.7	0.7
9	174.0	1847113.0	0.0	0.6	0.6
10	192.1	1734557.3	0.0	0.6	0.6
11	209.7	1652437.7	0.0	0.6	0.6
12	226.6	1558853.9	0.0	0.6	0.6
13	245.8	1509074.6	0.0	0.5	0.5
14	262.8	1415736.5	0.0	0.5	0.5
15	279.1	1347982.3	0.0	0.5	0.5
16	298.6	1302617.3	0.0	0.4	0.4
17	315.8	1266191.8	0.0	0.4	0.4
18	333.2	1193379.0	0.0	0.4	0.4
19	352.9	1139843.0	0.0	0.4	0.4
20	368.8	1110805.5	0.0	0.4	0.4


Iteration 1:

murA_lpxC_filtered_cluster0_iter1:

OpenMP: Using 6 of 6 threads
Alphabet length:21
4126 valid sequences out of 4126 
724 sites, none trimmed because no target specified
Theta not between 0 and 1, no sequence reweighting applied (N = 4126.00)
iter	time	obj	|x|	|g|	crit
1	27.1	3696067.4	0.0	0.6	0.6
2	51.6	3123935.7	0.0	0.8	0.8
3	75.0	3011136.0	0.0	0.8	0.8
4	98.5	2791249.1	0.0	0.8	0.8
5	122.1	2451787.6	0.0	0.7	0.7
6	146.0	2272062.2	0.0	0.7	0.7
7	168.3	2076247.1	0.0	0.7	0.7
8	191.5	1915239.1	0.0	0.7	0.7
9	214.2	1766579.4	0.0	0.6	0.6
10	235.4	1698580.4	0.0	0.6	0.6
11	253.7	1601978.7	0.0	0.6	0.6
12	271.3	1491977.9	0.0	0.5	0.5
13	287.0	1430748.3	0.0	0.5	0.5
14	305.3	1348745.5	0.0	0.5	0.5
15	327.4	1325543.4	0.0	0.5	0.5
16	346.5	1261513.3	0.0	0.4	0.4
17	372.2	1201727.2	0.0	0.4	0.4
18	394.8	1148861.9	0.0	0.4	0.4
19	415.1	1096564.3	0.0	0.4	0.4
20	429.7	1057806.3	0.0	0.4	0.4


murA_lpxC_filtered_cluster1_iter1:

OpenMP: Using 6 of 6 threads
Alphabet length:21
4176 valid sequences out of 4176 
724 sites, none trimmed because no target specified
Theta not between 0 and 1, no sequence reweighting applied (N = 4176.00)
iter	time	obj	|x|	|g|	crit
1	25.0	3779784.1	0.0	0.6	0.6
2	50.7	3138622.9	0.0	0.8	0.8
3	74.3	3172999.4	0.0	0.8	0.8
4	98.2	2869331.7	0.0	0.8	0.8
5	122.1	2496729.2	0.0	0.8	0.8
6	145.8	2256616.6	0.0	0.7	0.7
7	168.3	2063275.1	0.0	0.7	0.7
8	192.6	1930164.8	0.0	0.7	0.7
9	214.1	1785631.4	0.0	0.6	0.6
10	237.8	1702317.8	0.0	0.6	0.6
11	258.7	1593534.4	0.0	0.6	0.6
12	278.4	1525324.3	0.0	0.5	0.5
13	305.0	1448691.2	0.0	0.5	0.5
14	329.3	1379328.2	0.0	0.5	0.5
15	350.1	1351170.6	0.0	0.5	0.5
16	373.8	1279841.9	0.0	0.4	0.4
17	397.8	1224925.9	0.0	0.4	0.4
18	426.2	1183607.4	0.0	0.4	0.4
19	443.8	1120558.7	0.0	0.4	0.4
20	457.6	1084075.0	0.0	0.4	0.4


Iteration 2:

murA_lpxC_filtered_cluster0_iter2:

OpenMP: Using 6 of 6 threads
Alphabet length:21
4084 valid sequences out of 4084 
724 sites, none trimmed because no target specified
Theta not between 0 and 1, no sequence reweighting applied (N = 4084.00)
iter	time	obj	|x|	|g|	crit
1	19.6	3656648.6	0.0	0.6	0.6
2	37.6	3039421.0	0.0	0.8	0.8
3	54.4	2934216.2	0.0	0.8	0.8
4	75.8	2675686.6	0.0	0.8	0.8
5	95.0	2397809.4	0.0	0.7	0.7
6	113.8	2167842.5	0.0	0.7	0.7
7	135.6	2034183.9	0.0	0.7	0.7
8	153.1	1871476.3	0.0	0.6	0.6
9	168.5	1751588.6	0.0	0.6	0.6
10	187.5	1672903.3	0.0	0.6	0.6
11	209.3	1586097.6	0.0	0.5	0.5
12	232.2	1483135.2	0.0	0.5	0.5
13	254.4	1393706.7	0.0	0.5	0.5
14	273.8	1335224.4	0.0	0.5	0.5
15	289.8	1302062.6	0.0	0.4	0.4
16	308.5	1246034.7	0.0	0.4	0.4
17	328.2	1187661.1	0.0	0.4	0.4
18	350.1	1143838.3	0.0	0.4	0.4
19	372.5	1077791.9	0.0	0.4	0.4
20	395.1	1044482.4	0.0	0.4	0.4


murA_lpxC_filtered_cluster1_iter2:

OpenMP: Using 6 of 6 threads
Alphabet length:21
4218 valid sequences out of 4218 
724 sites, none trimmed because no target specified
Theta not between 0 and 1, no sequence reweighting applied (N = 4218.00)
iter	time	obj	|x|	|g|	crit
1	22.9	3790477.8	0.0	0.6	0.6
2	42.6	3200014.8	0.0	0.8	0.8
3	63.4	3166636.1	0.0	0.8	0.8
4	83.4	2924557.8	0.0	0.8	0.8
5	106.4	2533334.1	0.0	0.8	0.8
6	135.3	2265037.9	0.0	0.7	0.7
7	154.9	2111698.9	0.0	0.7	0.7
8	176.4	1950461.5	0.0	0.7	0.7
9	199.6	1829672.4	0.0	0.6	0.6
10	225.1	1738053.7	0.0	0.6	0.6
11	249.0	1635060.2	0.0	0.6	0.6
12	277.2	1567475.7	0.0	0.6	0.6
13	297.7	1486884.5	0.0	0.5	0.5
14	319.6	1413116.9	0.0	0.5	0.5
15	341.2	1354639.4	0.0	0.5	0.5
16	364.6	1295335.5	0.0	0.4	0.4
17	389.8	1227517.8	0.0	0.4	0.4
18	405.0	1189115.5	0.0	0.4	0.4
19	420.0	1134310.8	0.0	0.4	0.4
20	436.3	1095339.3	0.0	0.4	0.4


Iteration 3:

murA_lpxC_filtered_cluster0_iter3:

OpenMP: Using 6 of 6 threads
Alphabet length:21
4091 valid sequences out of 4091 
724 sites, none trimmed because no target specified
Theta not between 0 and 1, no sequence reweighting applied (N = 4091.00)
iter	time	obj	|x|	|g|	crit
1	28.1	3648515.7	0.0	0.6	0.6
2	57.3	3103376.8	0.0	0.8	0.8
3	80.2	2940334.0	0.0	0.8	0.8
4	106.1	2622941.1	0.0	0.8	0.8
5	129.4	2449254.3	0.0	0.7	0.7
6	154.0	2231942.0	0.0	0.7	0.7
7	176.9	2018030.9	0.0	0.7	0.7
8	199.2	1866897.1	0.0	0.6	0.6
9	224.6	1730049.0	0.0	0.6	0.6
10	246.3	1657755.4	0.0	0.6	0.6
11	268.5	1591526.5	0.0	0.6	0.6
12	290.2	1494878.8	0.0	0.5	0.5
13	314.9	1397358.7	0.0	0.5	0.5
14	339.6	1346013.6	0.0	0.5	0.5
15	363.6	1285846.8	0.0	0.5	0.5
16	389.5	1220572.0	0.0	0.4	0.4
17	408.2	1184451.9	0.0	0.4	0.4
18	423.4	1145289.4	0.0	0.4	0.4
19	442.7	1080760.2	0.0	0.4	0.4
20	460.3	1051524.7	0.0	0.4	0.4


murA_lpxC_filtered_cluster1_iter3:

OpenMP: Using 6 of 6 threads
Alphabet length:21
4211 valid sequences out of 4211 
724 sites, none trimmed because no target specified
Theta not between 0 and 1, no sequence reweighting applied (N = 4211.00)
iter	time	obj	|x|	|g|	crit
1	21.7	3803974.9	0.0	0.6	0.6
2	43.2	3090073.4	0.0	0.8	0.8
3	58.6	3127486.4	0.0	0.8	0.8
4	76.9	2829828.9	0.0	0.8	0.8
5	96.7	2483890.6	0.0	0.8	0.8
6	115.1	2236841.6	0.0	0.7	0.7
7	131.1	2062089.1	0.0	0.7	0.7
8	147.7	1931406.7	0.0	0.7	0.7
9	169.6	1808218.1	0.0	0.6	0.6
10	191.8	1673141.3	0.0	0.6	0.6
11	210.5	1620530.1	0.0	0.6	0.6
12	228.5	1503949.5	0.0	0.5	0.5
13	244.3	1441234.0	0.0	0.5	0.5
14	265.4	1378603.3	0.0	0.5	0.5
15	287.8	1315087.8	0.0	0.5	0.5
16	307.2	1263331.9	0.0	0.4	0.4
17	331.3	1217502.1	0.0	0.4	0.4
18	351.4	1165499.0	0.0	0.4	0.4
19	373.8	1114680.7	0.0	0.4	0.4
20	389.5	1084782.9	0.0	0.4	0.4


Iteration 4:

murA_lpxC_filtered_cluster0_iter4:

OpenMP: Using 6 of 6 threads
Alphabet length:21
4069 valid sequences out of 4069 
724 sites, none trimmed because no target specified
Theta not between 0 and 1, no sequence reweighting applied (N = 4069.00)
iter	time	obj	|x|	|g|	crit
1	25.4	3644257.3	0.0	0.5	0.5
2	48.0	3056862.0	0.0	0.8	0.8
3	70.0	2936615.7	0.0	0.8	0.8
4	91.8	2611462.4	0.0	0.8	0.8
5	112.7	2357128.5	0.0	0.7	0.7
6	135.4	2175938.1	0.0	0.7	0.7
7	156.3	1973090.5	0.0	0.7	0.7
8	178.2	1820039.2	0.0	0.6	0.6
9	202.8	1714549.7	0.0	0.6	0.6
10	224.1	1623578.5	0.0	0.6	0.6
11	248.4	1564460.5	0.0	0.5	0.5
12	272.4	1448927.7	0.0	0.5	0.5
13	296.6	1401616.7	0.0	0.5	0.5
14	319.1	1309707.0	0.0	0.5	0.5
15	342.8	1252052.6	0.0	0.4	0.4
16	362.1	1236479.2	0.0	0.4	0.4
17	383.4	1175302.5	0.0	0.4	0.4
18	403.9	1100190.0	0.0	0.4	0.4
19	425.8	1064196.8	0.0	0.4	0.4
20	441.4	1026992.9	0.0	0.4	0.4


murA_lpxC_filtered_cluster1_iter4:

OpenMP: Using 6 of 6 threads
Alphabet length:21
4233 valid sequences out of 4233 
724 sites, none trimmed because no target specified
Theta not between 0 and 1, no sequence reweighting applied (N = 4233.00)
iter	time	obj	|x|	|g|	crit
1	26.8	3827472.1	0.0	0.6	0.6
2	49.4	3110532.6	0.0	0.8	0.8
3	70.5	3122193.3	0.0	0.8	0.8
4	92.7	2866658.1	0.0	0.8	0.8
5	113.4	2492884.4	0.0	0.8	0.8
6	134.1	2280828.2	0.0	0.7	0.7
7	158.8	2108538.5	0.0	0.7	0.7
8	178.1	1902232.1	0.0	0.7	0.7
9	200.4	1800834.9	0.0	0.6	0.6
10	223.2	1686567.3	0.0	0.6	0.6
11	245.5	1599384.9	0.0	0.6	0.6
12	269.4	1528627.5	0.0	0.5	0.5
13	292.8	1441460.9	0.0	0.5	0.5
14	315.9	1372844.7	0.0	0.5	0.5
15	336.1	1348981.6	0.0	0.5	0.5
16	356.6	1266227.6	0.0	0.4	0.4
17	378.2	1222701.1	0.0	0.4	0.4
18	397.3	1182900.5	0.0	0.4	0.4
19	414.2	1113967.3	0.0	0.4	0.4
20	431.1	1083249.3	0.0	0.4	0.4


Iteration 5:

murA_lpxC_filtered_cluster0_iter5:

OpenMP: Using 6 of 6 threads
Alphabet length:21
4046 valid sequences out of 4046 
724 sites, none trimmed because no target specified
Theta not between 0 and 1, no sequence reweighting applied (N = 4046.00)
iter	time	obj	|x|	|g|	crit
1	26.9	3631756.8	0.0	0.6	0.6
2	52.6	2955379.3	0.0	0.8	0.8
3	76.0	2933773.6	0.0	0.8	0.8
4	97.9	2678014.8	0.0	0.8	0.8
5	120.0	2357126.3	0.0	0.7	0.7
6	141.5	2156186.5	0.0	0.7	0.7
7	161.3	1983943.8	0.0	0.7	0.7
8	183.1	1808469.4	0.0	0.6	0.6
9	205.4	1702472.2	0.0	0.6	0.6
10	230.7	1609888.2	0.0	0.6	0.6
11	253.0	1545539.6	0.0	0.5	0.5
12	276.5	1443777.1	0.0	0.5	0.5
13	294.5	1384413.9	0.0	0.5	0.5
14	314.5	1304868.4	0.0	0.5	0.5
15	335.1	1257330.6	0.0	0.4	0.4
16	356.7	1229598.8	0.0	0.4	0.4
17	378.2	1170671.5	0.0	0.4	0.4
18	398.2	1119279.2	0.0	0.4	0.4
19	423.5	1063009.0	0.0	0.4	0.4
20	441.7	1011149.7	0.0	0.4	0.4


murA_lpxC_filtered_cluster1_iter5:

OpenMP: Using 6 of 6 threads
Alphabet length:21
4256 valid sequences out of 4256 
724 sites, none trimmed because no target specified
Theta not between 0 and 1, no sequence reweighting applied (N = 4256.00)
iter	time	obj	|x|	|g|	crit
1	22.4	3820328.3	0.0	0.6	0.6
2	43.6	3137872.5	0.0	0.8	0.8
3	67.7	3171762.7	0.0	0.8	0.8
4	90.7	2870156.6	0.0	0.8	0.8
5	114.7	2522265.4	0.0	0.8	0.8
6	137.5	2291081.5	0.0	0.7	0.7
7	157.4	2096191.9	0.0	0.7	0.7
8	179.3	1886631.3	0.0	0.7	0.7
9	201.2	1804994.4	0.0	0.6	0.6
10	219.7	1703684.1	0.0	0.6	0.6
11	241.6	1606328.7	0.0	0.6	0.6
12	260.2	1540337.7	0.0	0.5	0.5
13	277.8	1465072.3	0.0	0.5	0.5
14	294.8	1376084.9	0.0	0.5	0.5
15	313.1	1351099.4	0.0	0.5	0.5
16	332.1	1289555.0	0.0	0.4	0.4
17	352.6	1240140.8	0.0	0.4	0.4
18	373.6	1183441.0	0.0	0.4	0.4
19	394.4	1119311.5	0.0	0.4	0.4
20	416.0	1091260.9	0.0	0.4	0.4


Iteration 6:

murA_lpxC_filtered_cluster0_iter6:

OpenMP: Using 6 of 6 threads
Alphabet length:21
4043 valid sequences out of 4043 
724 sites, none trimmed because no target specified
Theta not between 0 and 1, no sequence reweighting applied (N = 4043.00)
iter	time	obj	|x|	|g|	crit
1	27.8	3615706.6	0.0	0.6	0.6
2	50.1	2950233.1	0.0	0.8	0.8
3	74.0	2967627.9	0.0	0.8	0.8
4	98.5	2621347.3	0.0	0.8	0.8
5	119.7	2355951.6	0.0	0.7	0.7
6	140.0	2150841.8	0.0	0.7	0.7
7	163.9	1997134.0	0.0	0.7	0.7
8	184.0	1847276.7	0.0	0.6	0.6
9	205.3	1672638.9	0.0	0.6	0.6
10	224.7	1647162.5	0.0	0.6	0.6
11	242.3	1563049.1	0.0	0.5	0.5
12	264.1	1451983.0	0.0	0.5	0.5
13	287.5	1377895.6	0.0	0.5	0.5
14	309.3	1302715.4	0.0	0.5	0.5
15	331.6	1244764.9	0.0	0.4	0.4
16	351.6	1214586.9	0.0	0.4	0.4
17	372.4	1172177.8	0.0	0.4	0.4
18	392.2	1102723.0	0.0	0.4	0.4
19	406.3	1053398.3	0.0	0.4	0.4
20	419.6	1022595.2	0.0	0.4	0.4


murA_lpxC_filtered_cluster1_iter6:

OpenMP: Using 6 of 6 threads
Alphabet length:21
4259 valid sequences out of 4259 
724 sites, none trimmed because no target specified
Theta not between 0 and 1, no sequence reweighting applied (N = 4259.00)
iter	time	obj	|x|	|g|	crit
1	19.9	3842763.4	0.0	0.6	0.6
2	36.7	3257128.4	0.0	0.8	0.8
3	53.0	3132713.4	0.0	0.8	0.8
4	72.6	2860297.6	0.0	0.8	0.8
5	92.1	2506821.2	0.0	0.8	0.8
6	111.1	2277391.9	0.0	0.7	0.7
7	127.7	2118374.6	0.0	0.7	0.7
8	145.6	1943129.2	0.0	0.7	0.7
9	165.5	1791331.5	0.0	0.6	0.6
10	186.5	1700368.9	0.0	0.6	0.6
11	207.7	1630978.6	0.0	0.6	0.6
12	228.4	1552250.2	0.0	0.6	0.6
13	250.2	1446890.6	0.0	0.5	0.5
14	267.7	1374242.8	0.0	0.5	0.5
15	288.7	1345570.6	0.0	0.5	0.5
16	308.6	1295465.5	0.0	0.4	0.4
17	327.9	1233514.6	0.0	0.4	0.4
18	348.5	1182532.3	0.0	0.4	0.4
19	369.8	1117541.5	0.0	0.4	0.4
20	391.9	1085647.7	0.0	0.4	0.4


Iteration 7:

murA_lpxC_filtered_cluster0_iter7:

OpenMP: Using 6 of 6 threads
Alphabet length:21
4031 valid sequences out of 4031 
724 sites, none trimmed because no target specified
Theta not between 0 and 1, no sequence reweighting applied (N = 4031.00)
iter	time	obj	|x|	|g|	crit
1	23.1	3615365.6	0.0	0.5	0.5
2	42.0	2919954.0	0.0	0.8	0.8
3	56.4	2938227.8	0.0	0.8	0.8
4	74.5	2624123.1	0.0	0.7	0.7
5	94.7	2318092.2	0.0	0.7	0.7
6	115.0	2107296.9	0.0	0.7	0.7
7	133.8	1962414.1	0.0	0.7	0.7
8	151.1	1781535.1	0.0	0.6	0.6
9	168.7	1628972.9	0.0	0.6	0.6
10	186.4	1617230.6	0.0	0.6	0.6
11	207.0	1521929.8	0.0	0.5	0.5
12	229.1	1434897.9	0.0	0.5	0.5
13	251.6	1364976.2	0.0	0.5	0.5
14	275.6	1275989.2	0.0	0.5	0.5
15	295.8	1242227.4	0.0	0.4	0.4
16	316.8	1225401.5	0.0	0.4	0.4
17	340.2	1161193.6	0.0	0.4	0.4
18	362.4	1098356.9	0.0	0.4	0.4
19	383.5	1038207.4	0.0	0.4	0.4
20	406.0	1014556.3	0.0	0.3	0.3


murA_lpxC_filtered_cluster1_iter7:

OpenMP: Using 6 of 6 threads
Alphabet length:21
4271 valid sequences out of 4271 
724 sites, none trimmed because no target specified
Theta not between 0 and 1, no sequence reweighting applied (N = 4271.00)
iter	time	obj	|x|	|g|	crit
1	26.1	3848566.7	0.0	0.6	0.6
2	51.4	3288471.1	0.0	0.8	0.8
3	77.0	3111461.6	0.0	0.8	0.8
4	102.9	2826246.3	0.0	0.8	0.8
5	122.8	2473157.1	0.0	0.8	0.8
6	142.9	2229552.2	0.0	0.7	0.7
7	164.2	2050146.4	0.0	0.7	0.7
8	184.2	1948270.8	0.0	0.7	0.7
9	209.9	1779720.5	0.0	0.6	0.6
10	230.2	1695019.9	0.0	0.6	0.6
11	253.8	1633216.0	0.0	0.6	0.6
12	275.7	1558430.9	0.0	0.5	0.5
13	301.9	1451295.0	0.0	0.5	0.5
14	319.4	1377367.0	0.0	0.5	0.5
15	340.1	1341313.2	0.0	0.5	0.5
16	362.0	1273238.4	0.0	0.4	0.4
17	383.4	1222254.5	0.0	0.4	0.4
18	404.8	1177384.4	0.0	0.4	0.4
19	420.9	1122059.6	0.0	0.4	0.4
20	434.0	1090751.1	0.0	0.4	0.4


Iteration 8:

murA_lpxC_filtered_cluster0_iter8:

OpenMP: Using 6 of 6 threads
Alphabet length:21
4033 valid sequences out of 4033 
724 sites, none trimmed because no target specified
Theta not between 0 and 1, no sequence reweighting applied (N = 4033.00)
iter	time	obj	|x|	|g|	crit
1	23.3	3609322.4	0.0	0.5	0.5
2	44.4	3011879.3	0.0	0.8	0.8
3	65.8	2887602.3	0.0	0.8	0.8
4	84.9	2653879.4	0.0	0.8	0.8
5	104.1	2332639.9	0.0	0.7	0.7
6	122.5	2113658.2	0.0	0.7	0.7
7	140.9	1955309.8	0.0	0.7	0.7
8	159.7	1805095.0	0.0	0.6	0.6
9	177.9	1672254.9	0.0	0.6	0.6
10	194.5	1605850.6	0.0	0.6	0.6
11	210.1	1517826.2	0.0	0.5	0.5
12	227.5	1433490.3	0.0	0.5	0.5
13	246.9	1366696.1	0.0	0.5	0.5
14	267.6	1312118.8	0.0	0.5	0.5
15	288.4	1256072.4	0.0	0.4	0.4
16	308.3	1221298.4	0.0	0.4	0.4
17	329.3	1161441.1	0.0	0.4	0.4
18	349.6	1106799.0	0.0	0.4	0.4
19	369.6	1051230.2	0.0	0.4	0.4
20	389.6	1012537.9	0.0	0.4	0.4


murA_lpxC_filtered_cluster1_iter8:

OpenMP: Using 6 of 6 threads
Alphabet length:21
4269 valid sequences out of 4269 
724 sites, none trimmed because no target specified
Theta not between 0 and 1, no sequence reweighting applied (N = 4269.00)
iter	time	obj	|x|	|g|	crit
1	23.3	3845567.1	0.0	0.6	0.6
2	44.6	3268131.2	0.0	0.8	0.8
3	67.8	3070409.2	0.0	0.8	0.8
4	88.8	2849733.3	0.0	0.8	0.8
5	108.2	2523860.6	0.0	0.8	0.8
6	126.9	2276175.9	0.0	0.7	0.7
7	145.5	2113074.7	0.0	0.7	0.7
8	165.5	1931401.9	0.0	0.7	0.7
9	183.2	1799160.2	0.0	0.6	0.6
10	204.5	1693496.3	0.0	0.6	0.6
11	223.8	1600886.5	0.0	0.6	0.6
12	244.8	1511526.6	0.0	0.5	0.5
13	266.5	1449738.2	0.0	0.5	0.5
14	288.4	1394684.3	0.0	0.5	0.5
15	309.8	1338514.2	0.0	0.5	0.5
16	331.5	1297114.4	0.0	0.4	0.4
17	352.9	1206722.6	0.0	0.4	0.4
18	372.3	1184653.1	0.0	0.4	0.4
19	391.9	1124233.5	0.0	0.4	0.4
20	406.3	1085101.6	0.0	0.4	0.4


Iteration 9:

murA_lpxC_filtered_cluster0_iter9:

OpenMP: Using 6 of 6 threads
Alphabet length:21
4048 valid sequences out of 4048 
724 sites, none trimmed because no target specified
Theta not between 0 and 1, no sequence reweighting applied (N = 4048.00)
iter	time	obj	|x|	|g|	crit
1	23.8	3604955.5	0.0	0.5	0.5
2	45.2	3079502.2	0.0	0.8	0.8
3	68.9	2886571.6	0.0	0.8	0.8
4	93.2	2594831.9	0.0	0.8	0.8
5	113.9	2350891.0	0.0	0.7	0.7
6	132.8	2146152.1	0.0	0.7	0.7
7	153.3	1986244.5	0.0	0.7	0.7
8	174.6	1852129.6	0.0	0.6	0.6
9	198.7	1664899.9	0.0	0.6	0.6
10	222.8	1628682.2	0.0	0.6	0.6
11	243.1	1526414.0	0.0	0.5	0.5
12	262.4	1431532.9	0.0	0.5	0.5
13	282.5	1377307.9	0.0	0.5	0.5
14	301.8	1308137.5	0.0	0.5	0.5
15	321.7	1249965.9	0.0	0.4	0.4
16	339.9	1205259.9	0.0	0.4	0.4
17	359.4	1144234.6	0.0	0.4	0.4
18	378.8	1114123.4	0.0	0.4	0.4
19	397.4	1048572.3	0.0	0.4	0.4
20	411.0	1016504.2	0.0	0.4	0.4


murA_lpxC_filtered_cluster1_iter9:

OpenMP: Using 6 of 6 threads
Alphabet length:21
4254 valid sequences out of 4254 
724 sites, none trimmed because no target specified
Theta not between 0 and 1, no sequence reweighting applied (N = 4254.00)
iter	time	obj	|x|	|g|	crit
1	26.0	3827365.1	0.0	0.6	0.6
2	45.1	3327423.2	0.0	0.8	0.8
3	65.6	3080880.3	0.0	0.8	0.8
4	85.8	2843277.2	0.0	0.8	0.8
5	103.6	2570004.0	0.0	0.8	0.8
6	119.2	2261190.5	0.0	0.7	0.7
7	136.9	2074335.1	0.0	0.7	0.7
8	156.0	1945486.6	0.0	0.7	0.7
9	173.4	1801564.8	0.0	0.6	0.6
10	196.5	1711499.6	0.0	0.6	0.6
11	218.0	1632084.4	0.0	0.6	0.6
12	237.8	1536796.3	0.0	0.6	0.6
13	257.4	1450798.6	0.0	0.5	0.5
14	277.3	1384588.5	0.0	0.5	0.5
15	296.1	1344119.5	0.0	0.5	0.5
16	315.5	1284112.6	0.0	0.4	0.4
17	334.2	1227255.2	0.0	0.4	0.4
18	354.1	1183264.3	0.0	0.4	0.4
19	373.3	1140239.7	0.0	0.4	0.4
20	391.0	1081514.2	0.0	0.4	0.4


Iteration 10:

murA_lpxC_filtered_cluster0_iter10:

OpenMP: Using 6 of 6 threads
Alphabet length:21
4050 valid sequences out of 4050 
724 sites, none trimmed because no target specified
Theta not between 0 and 1, no sequence reweighting applied (N = 4050.00)
iter	time	obj	|x|	|g|	crit
1	21.9	3625503.6	0.0	0.6	0.6
2	40.5	2938471.0	0.0	0.8	0.8
3	59.7	2910077.9	0.0	0.8	0.8
4	79.4	2651210.2	0.0	0.7	0.7
5	93.9	2340214.5	0.0	0.7	0.7
6	114.2	2164957.0	0.0	0.7	0.7
7	133.8	1933304.3	0.0	0.7	0.7
8	154.7	1822022.3	0.0	0.6	0.6
9	175.7	1651319.0	0.0	0.6	0.6
10	198.0	1612957.5	0.0	0.6	0.6
11	217.2	1541197.0	0.0	0.5	0.5
12	234.8	1426390.6	0.0	0.5	0.5
13	253.3	1358080.5	0.0	0.5	0.5
14	273.0	1292436.3	0.0	0.5	0.5
15	290.7	1238091.2	0.0	0.4	0.4
16	306.2	1203232.4	0.0	0.4	0.4
17	324.7	1151053.7	0.0	0.4	0.4
18	345.4	1093006.6	0.0	0.4	0.4
19	366.8	1045674.0	0.0	0.4	0.4
20	386.3	1020910.5	0.0	0.4	0.4


murA_lpxC_filtered_cluster1_iter10:

OpenMP: Using 6 of 6 threads
Alphabet length:21
4252 valid sequences out of 4252 
724 sites, none trimmed because no target specified
Theta not between 0 and 1, no sequence reweighting applied (N = 4252.00)
iter	time	obj	|x|	|g|	crit
1	27.3	3812083.3	0.0	0.6	0.6
2	47.3	3254490.0	0.0	0.8	0.8
3	64.9	3060480.9	0.0	0.8	0.8
4	88.9	2803069.9	0.0	0.8	0.8
5	109.5	2458899.1	0.0	0.8	0.8
6	131.5	2261583.7	0.0	0.7	0.7
7	154.7	2067239.2	0.0	0.7	0.7
8	175.3	1962384.9	0.0	0.7	0.7
9	199.4	1815641.8	0.0	0.6	0.6
10	223.1	1712385.7	0.0	0.6	0.6
11	240.8	1631090.5	0.0	0.6	0.6
12	258.6	1529444.0	0.0	0.5	0.5
13	279.9	1436632.3	0.0	0.5	0.5
14	299.6	1406060.8	0.0	0.5	0.5
15	321.3	1345325.2	0.0	0.5	0.5
16	346.1	1274861.9	0.0	0.4	0.4
17	369.8	1211839.9	0.0	0.4	0.4
18	391.3	1189619.5	0.0	0.4	0.4
19	405.8	1127803.2	0.0	0.4	0.4
20	418.9	1078542.4	0.0	0.4	0.4


Iteration 11:

murA_lpxC_filtered_cluster0_iter11:

OpenMP: Using 6 of 6 threads
Alphabet length:21
4051 valid sequences out of 4051 
724 sites, none trimmed because no target specified
Theta not between 0 and 1, no sequence reweighting applied (N = 4051.00)
iter	time	obj	|x|	|g|	crit
1	22.1	3623204.8	0.0	0.5	0.5
2	41.7	3074657.5	0.0	0.8	0.8
3	60.2	2897991.3	0.0	0.8	0.8
4	78.9	2584891.9	0.0	0.8	0.8
5	94.0	2303113.4	0.0	0.7	0.7
6	111.5	2114265.0	0.0	0.7	0.7
7	129.2	1962977.8	0.0	0.7	0.7
8	149.6	1809627.7	0.0	0.6	0.6
9	169.8	1641540.2	0.0	0.6	0.6
10	190.0	1592644.2	0.0	0.6	0.6
11	212.6	1507033.4	0.0	0.5	0.5
12	233.1	1434282.6	0.0	0.5	0.5
13	252.7	1374269.9	0.0	0.5	0.5
14	273.3	1294913.0	0.0	0.5	0.5
15	293.8	1242489.3	0.0	0.4	0.4
16	314.7	1207088.3	0.0	0.4	0.4
17	334.5	1163559.2	0.0	0.4	0.4
18	353.4	1093131.0	0.0	0.4	0.4
19	373.5	1056144.8	0.0	0.4	0.4
20	391.7	1011508.8	0.0	0.4	0.4


murA_lpxC_filtered_cluster1_iter11:

OpenMP: Using 6 of 6 threads
Alphabet length:21
4251 valid sequences out of 4251 
724 sites, none trimmed because no target specified
Theta not between 0 and 1, no sequence reweighting applied (N = 4251.00)
iter	time	obj	|x|	|g|	crit
1	24.9	3820286.6	0.0	0.6	0.6
2	45.6	3269818.5	0.0	0.8	0.8
3	64.0	3101092.1	0.0	0.8	0.8
4	86.3	2840879.9	0.0	0.8	0.8
5	106.9	2476471.5	0.0	0.8	0.8
6	128.7	2284271.7	0.0	0.7	0.7
7	149.0	2092207.2	0.0	0.7	0.7
8	168.8	1927859.9	0.0	0.7	0.7
9	189.1	1821927.4	0.0	0.6	0.6
10	209.9	1699286.5	0.0	0.6	0.6
11	230.7	1601437.0	0.0	0.6	0.6
12	253.3	1542185.2	0.0	0.5	0.5
13	274.4	1449649.8	0.0	0.5	0.5
14	295.3	1380516.1	0.0	0.5	0.5
15	314.9	1317523.4	0.0	0.5	0.5
16	337.2	1274268.7	0.0	0.4	0.4
17	358.5	1209124.1	0.0	0.4	0.4
18	379.3	1183409.3	0.0	0.4	0.4
19	399.0	1129290.2	0.0	0.4	0.4
20	414.2	1090545.6	0.0	0.4	0.4


Iteration 12:

murA_lpxC_filtered_cluster0_iter12:

OpenMP: Using 6 of 6 threads
Alphabet length:21
4049 valid sequences out of 4049 
724 sites, none trimmed because no target specified
Theta not between 0 and 1, no sequence reweighting applied (N = 4049.00)
iter	time	obj	|x|	|g|	crit
1	21.6	3623390.0	0.0	0.5	0.5
2	39.6	2979414.6	0.0	0.8	0.8
3	57.4	2955106.5	0.0	0.8	0.8
4	77.3	2612216.5	0.0	0.8	0.8
5	98.1	2342582.8	0.0	0.7	0.7
6	119.2	2098786.4	0.0	0.7	0.7
7	139.0	1902901.0	0.0	0.7	0.7
8	156.8	1815930.5	0.0	0.6	0.6
9	173.3	1638981.8	0.0	0.6	0.6
10	192.3	1584386.4	0.0	0.6	0.6
11	209.9	1495374.5	0.0	0.5	0.5
12	228.8	1414602.9	0.0	0.5	0.5
13	248.9	1357450.7	0.0	0.5	0.5
14	269.7	1279293.1	0.0	0.5	0.5
15	289.4	1250636.7	0.0	0.4	0.4
16	306.3	1200608.7	0.0	0.4	0.4
17	323.8	1145541.6	0.0	0.4	0.4
18	340.8	1094690.8	0.0	0.4	0.4
19	356.1	1037820.8	0.0	0.4	0.4
20	374.2	1001044.0	0.0	0.3	0.3


murA_lpxC_filtered_cluster1_iter12:

OpenMP: Using 6 of 6 threads
Alphabet length:21
4253 valid sequences out of 4253 
724 sites, none trimmed because no target specified
Theta not between 0 and 1, no sequence reweighting applied (N = 4253.00)
iter	time	obj	|x|	|g|	crit
1	25.8	3818742.6	0.0	0.6	0.6
2	53.1	3208360.5	0.0	0.8	0.8
3	79.5	3071134.6	0.0	0.8	0.8
4	104.4	2844543.6	0.0	0.8	0.8
5	123.1	2527841.7	0.0	0.8	0.8
6	142.7	2243701.5	0.0	0.7	0.7
7	165.3	2085121.2	0.0	0.7	0.7
8	183.8	1922742.6	0.0	0.7	0.7
9	204.6	1792577.7	0.0	0.6	0.6
10	226.4	1714432.8	0.0	0.6	0.6
11	247.6	1619534.2	0.0	0.6	0.6
12	268.1	1561656.5	0.0	0.5	0.5
13	293.4	1446060.0	0.0	0.5	0.5
14	311.9	1367489.5	0.0	0.5	0.5
15	330.5	1319565.8	0.0	0.5	0.5
16	348.8	1277757.0	0.0	0.4	0.4
17	370.7	1214317.0	0.0	0.4	0.4
18	384.5	1177447.0	0.0	0.4	0.4
19	396.9	1127599.5	0.0	0.4	0.4
20	409.2	1073782.7	0.0	0.4	0.4


Iteration 13:

murA_lpxC_filtered_cluster0_iter13:

OpenMP: Using 6 of 6 threads
Alphabet length:21
4059 valid sequences out of 4059 
724 sites, none trimmed because no target specified
Theta not between 0 and 1, no sequence reweighting applied (N = 4059.00)
iter	time	obj	|x|	|g|	crit
1	22.6	3630194.4	0.0	0.5	0.5
2	47.6	3007348.4	0.0	0.8	0.8
3	66.4	2985455.4	0.0	0.8	0.8
4	84.3	2657756.8	0.0	0.8	0.8
5	103.6	2372836.3	0.0	0.7	0.7
6	123.2	2141026.7	0.0	0.7	0.7
7	144.2	1954849.3	0.0	0.7	0.7
8	162.3	1803361.2	0.0	0.6	0.6
9	181.8	1642031.2	0.0	0.6	0.6
10	201.3	1611191.8	0.0	0.6	0.6
11	220.7	1528079.4	0.0	0.5	0.5
12	245.8	1427998.5	0.0	0.5	0.5
13	266.5	1377599.5	0.0	0.5	0.5
14	285.1	1287103.2	0.0	0.5	0.5
15	303.3	1244454.0	0.0	0.4	0.4
16	320.8	1206614.0	0.0	0.4	0.4
17	339.7	1164352.7	0.0	0.4	0.4
18	359.4	1111839.0	0.0	0.4	0.4
19	372.9	1047107.2	0.0	0.4	0.4
20	384.9	1019507.6	0.0	0.4	0.4


murA_lpxC_filtered_cluster1_iter13:

OpenMP: Using 6 of 6 threads
Alphabet length:21
4243 valid sequences out of 4243 
724 sites, none trimmed because no target specified
Theta not between 0 and 1, no sequence reweighting applied (N = 4243.00)
iter	time	obj	|x|	|g|	crit
1	17.5	3820698.2	0.0	0.6	0.6
2	32.6	3191783.1	0.0	0.8	0.8
3	50.9	3099666.4	0.0	0.8	0.8
4	68.7	2812340.0	0.0	0.8	0.8
5	87.8	2457232.4	0.0	0.8	0.8
6	107.6	2231870.8	0.0	0.7	0.7
7	127.2	2057936.3	0.0	0.7	0.7
8	146.2	1893390.8	0.0	0.7	0.7
9	163.4	1794883.8	0.0	0.6	0.6
10	180.3	1699278.5	0.0	0.6	0.6
11	194.5	1581897.7	0.0	0.6	0.6
12	212.0	1515339.6	0.0	0.5	0.5
13	230.3	1430066.3	0.0	0.5	0.5
14	248.7	1371928.8	0.0	0.5	0.5
15	267.8	1331958.4	0.0	0.5	0.5
16	287.0	1263503.1	0.0	0.4	0.4
17	305.2	1191962.8	0.0	0.4	0.4
18	325.3	1168487.7	0.0	0.4	0.4
19	344.9	1103984.9	0.0	0.4	0.4
20	365.6	1062986.7	0.0	0.4	0.4


Iteration 14:

murA_lpxC_filtered_cluster0_iter14:

OpenMP: Using 6 of 6 threads
Alphabet length:21
4058 valid sequences out of 4058 
724 sites, none trimmed because no target specified
Theta not between 0 and 1, no sequence reweighting applied (N = 4058.00)
iter	time	obj	|x|	|g|	crit
1	22.0	3617030.6	0.0	0.6	0.6
2	44.1	3014109.7	0.0	0.8	0.8
3	64.6	2958219.4	0.0	0.8	0.8
4	84.2	2610080.8	0.0	0.8	0.8
5	104.4	2302503.6	0.0	0.7	0.7
6	124.6	2125452.9	0.0	0.7	0.7
7	145.0	1977213.7	0.0	0.7	0.7
8	165.6	1815038.2	0.0	0.6	0.6
9	186.1	1642146.7	0.0	0.6	0.6
10	206.2	1600033.5	0.0	0.6	0.6
11	226.0	1530019.3	0.0	0.5	0.5
12	245.4	1447728.0	0.0	0.5	0.5
13	264.9	1371683.9	0.0	0.5	0.5
14	285.9	1292743.7	0.0	0.5	0.5
15	307.9	1257075.7	0.0	0.4	0.4
16	328.3	1209504.3	0.0	0.4	0.4
17	347.9	1158276.5	0.0	0.4	0.4
18	366.7	1099969.9	0.0	0.4	0.4
19	386.8	1053660.9	0.0	0.4	0.4
20	406.8	1016499.1	0.0	0.4	0.4


murA_lpxC_filtered_cluster1_iter14:

OpenMP: Using 6 of 6 threads
Alphabet length:21
4244 valid sequences out of 4244 
724 sites, none trimmed because no target specified
Theta not between 0 and 1, no sequence reweighting applied (N = 4244.00)
iter	time	obj	|x|	|g|	crit
1	23.3	3828221.6	0.0	0.6	0.6
2	44.8	3106241.5	0.0	0.8	0.8
3	64.1	3072773.3	0.0	0.8	0.8
4	83.7	2830489.9	0.0	0.8	0.8
5	104.3	2484130.2	0.0	0.8	0.8
6	123.8	2210510.6	0.0	0.7	0.7
7	144.7	2041929.3	0.0	0.7	0.7
8	164.7	1877708.4	0.0	0.7	0.7
9	185.7	1777132.3	0.0	0.6	0.6
10	206.0	1699679.7	0.0	0.6	0.6
11	226.4	1596049.6	0.0	0.6	0.6
12	246.1	1531330.5	0.0	0.5	0.5
13	265.6	1423971.2	0.0	0.5	0.5
14	285.6	1358941.6	0.0	0.5	0.5
15	305.8	1325130.8	0.0	0.5	0.5
16	326.2	1262804.4	0.0	0.4	0.4
17	345.4	1203022.4	0.0	0.4	0.4
18	365.3	1159537.1	0.0	0.4	0.4
19	385.3	1111131.7	0.0	0.4	0.4
20	405.7	1072520.0	0.0	0.4	0.4


Iteration 15:

murA_lpxC_filtered_cluster0_iter15:

OpenMP: Using 6 of 6 threads
Alphabet length:21
4057 valid sequences out of 4057 
724 sites, none trimmed because no target specified
Theta not between 0 and 1, no sequence reweighting applied (N = 4057.00)
iter	time	obj	|x|	|g|	crit
1	25.3	3625698.4	0.0	0.5	0.5
2	46.5	2978024.0	0.0	0.8	0.8
3	67.3	2939974.7	0.0	0.8	0.8
4	88.3	2635821.1	0.0	0.8	0.8
5	109.7	2300344.4	0.0	0.7	0.7
6	131.4	2119775.4	0.0	0.7	0.7
7	153.1	1954741.8	0.0	0.7	0.7
8	172.6	1805091.7	0.0	0.6	0.6
9	193.5	1644540.4	0.0	0.6	0.6
10	213.8	1585130.8	0.0	0.6	0.6
11	235.7	1524949.6	0.0	0.5	0.5
12	253.8	1447164.0	0.0	0.5	0.5
13	273.2	1400872.6	0.0	0.5	0.5
14	293.4	1289085.8	0.0	0.5	0.5
15	312.8	1250267.1	0.0	0.4	0.4
16	333.5	1206318.1	0.0	0.4	0.4
17	352.1	1171152.4	0.0	0.4	0.4
18	370.0	1106476.9	0.0	0.4	0.4
19	388.3	1054245.2	0.0	0.4	0.4
20	404.0	1019609.2	0.0	0.4	0.4


murA_lpxC_filtered_cluster1_iter15:

OpenMP: Using 6 of 6 threads
Alphabet length:21
4245 valid sequences out of 4245 
724 sites, none trimmed because no target specified
Theta not between 0 and 1, no sequence reweighting applied (N = 4245.00)
iter	time	obj	|x|	|g|	crit
1	22.8	3822400.3	0.0	0.6	0.6
2	44.1	3196246.1	0.0	0.8	0.8
3	66.3	3116805.9	0.0	0.8	0.8
4	86.8	2784200.8	0.0	0.8	0.8
5	108.8	2437118.7	0.0	0.8	0.8
6	129.9	2222230.8	0.0	0.7	0.7
7	150.1	2069267.0	0.0	0.7	0.7
8	170.0	1928573.9	0.0	0.7	0.7
9	191.5	1795637.4	0.0	0.6	0.6
10	211.9	1666837.2	0.0	0.6	0.6
11	231.3	1595108.2	0.0	0.6	0.6
12	250.2	1504707.8	0.0	0.5	0.5
13	269.3	1439353.7	0.0	0.5	0.5
14	289.0	1374100.4	0.0	0.5	0.5
15	308.1	1319218.0	0.0	0.5	0.5
16	325.9	1277744.7	0.0	0.4	0.4
17	343.0	1198387.3	0.0	0.4	0.4
18	360.4	1160485.4	0.0	0.4	0.4
19	377.3	1126184.9	0.0	0.4	0.4
20	392.6	1068881.2	0.0	0.4	0.4


Iteration 16:

murA_lpxC_filtered_cluster0_iter16:

OpenMP: Using 6 of 6 threads
Alphabet length:21
4057 valid sequences out of 4057 
724 sites, none trimmed because no target specified
Theta not between 0 and 1, no sequence reweighting applied (N = 4057.00)
iter	time	obj	|x|	|g|	crit
1	18.8	3631357.1	0.0	0.5	0.5
2	35.6	3004332.5	0.0	0.8	0.8
3	52.9	2932907.1	0.0	0.8	0.8
4	71.9	2645455.0	0.0	0.8	0.8
5	89.7	2363305.4	0.0	0.7	0.7
6	108.2	2126576.8	0.0	0.7	0.7
7	125.7	1963665.8	0.0	0.7	0.7
8	143.3	1790927.2	0.0	0.6	0.6
9	159.4	1653457.2	0.0	0.6	0.6
10	176.0	1613166.7	0.0	0.6	0.6
11	195.4	1540256.3	0.0	0.5	0.5
12	215.8	1454358.9	0.0	0.5	0.5
13	234.9	1373409.4	0.0	0.5	0.5
14	252.4	1279865.9	0.0	0.5	0.5
15	268.9	1246526.8	0.0	0.4	0.4
16	284.7	1217100.6	0.0	0.4	0.4
17	300.4	1161557.8	0.0	0.4	0.4
18	316.3	1097461.7	0.0	0.4	0.4
19	336.2	1056567.3	0.0	0.4	0.4
20	356.7	1026347.0	0.0	0.4	0.4


murA_lpxC_filtered_cluster1_iter16:

OpenMP: Using 6 of 6 threads
Alphabet length:21
4245 valid sequences out of 4245 
724 sites, none trimmed because no target specified
Theta not between 0 and 1, no sequence reweighting applied (N = 4245.00)
iter	time	obj	|x|	|g|	crit
1	19.3	3820410.5	0.0	0.6	0.6
2	37.9	3193348.0	0.0	0.8	0.8
3	54.5	3110400.9	0.0	0.8	0.8
4	69.8	2820580.5	0.0	0.8	0.8
5	88.5	2515140.6	0.0	0.8	0.8
6	108.8	2256575.1	0.0	0.7	0.7
7	127.3	2061965.5	0.0	0.7	0.7
8	146.1	1896898.2	0.0	0.7	0.7
9	167.1	1792368.6	0.0	0.6	0.6
10	189.0	1709030.9	0.0	0.6	0.6
11	211.4	1592976.8	0.0	0.6	0.6
12	232.4	1520618.5	0.0	0.5	0.5
13	251.1	1431519.2	0.0	0.5	0.5
14	269.8	1372067.8	0.0	0.5	0.5
15	288.2	1330948.0	0.0	0.5	0.5
16	309.1	1283794.5	0.0	0.4	0.4
17	329.5	1208901.7	0.0	0.4	0.4
18	350.8	1168737.2	0.0	0.4	0.4
19	364.3	1129034.2	0.0	0.4	0.4
20	376.6	1073504.2	0.0	0.4	0.4


Iteration 17:

murA_lpxC_filtered_cluster0_iter17:

OpenMP: Using 6 of 6 threads
Alphabet length:21
4058 valid sequences out of 4058 
724 sites, none trimmed because no target specified
Theta not between 0 and 1, no sequence reweighting applied (N = 4058.00)
iter	time	obj	|x|	|g|	crit
1	22.6	3641854.6	0.0	0.6	0.6
2	43.0	2980803.9	0.0	0.8	0.8
3	63.2	2938938.3	0.0	0.8	0.8
4	84.3	2675562.4	0.0	0.8	0.8
5	105.5	2370964.4	0.0	0.7	0.7
6	126.2	2136311.7	0.0	0.7	0.7
7	143.9	1953218.8	0.0	0.7	0.7
8	160.6	1809946.5	0.0	0.6	0.6
9	177.2	1665362.2	0.0	0.6	0.6
10	193.0	1600524.8	0.0	0.6	0.6
11	212.0	1530338.8	0.0	0.5	0.5
12	229.3	1450457.1	0.0	0.5	0.5
13	247.9	1370573.9	0.0	0.5	0.5
14	268.2	1282244.3	0.0	0.5	0.5
15	293.8	1255078.8	0.0	0.4	0.4
16	311.9	1214739.6	0.0	0.4	0.4
17	330.1	1153323.5	0.0	0.4	0.4
18	347.6	1100112.5	0.0	0.4	0.4
19	364.1	1070409.2	0.0	0.4	0.4
20	380.6	1018284.6	0.0	0.4	0.4


murA_lpxC_filtered_cluster1_iter17:

OpenMP: Using 6 of 6 threads
Alphabet length:21
4244 valid sequences out of 4244 
724 sites, none trimmed because no target specified
Theta not between 0 and 1, no sequence reweighting applied (N = 4244.00)
iter	time	obj	|x|	|g|	crit
1	22.5	3822984.7	0.0	0.6	0.6
2	43.0	3097705.7	0.0	0.8	0.8
3	62.6	3085758.8	0.0	0.8	0.8
4	83.5	2815271.0	0.0	0.8	0.8
5	106.7	2484100.0	0.0	0.8	0.8
6	130.2	2226722.0	0.0	0.7	0.7
7	149.7	2034236.1	0.0	0.7	0.7
8	169.0	1879426.5	0.0	0.7	0.7
9	186.9	1782425.8	0.0	0.6	0.6
10	205.7	1710686.9	0.0	0.6	0.6
11	223.4	1584676.9	0.0	0.6	0.6
12	245.9	1516215.2	0.0	0.5	0.5
13	267.4	1433498.8	0.0	0.5	0.5
14	295.9	1373757.1	0.0	0.5	0.5
15	316.3	1319898.8	0.0	0.5	0.5
16	334.2	1263231.5	0.0	0.4	0.4
17	354.4	1204013.9	0.0	0.4	0.4
18	371.3	1157864.7	0.0	0.4	0.4
19	388.1	1122276.2	0.0	0.4	0.4
20	405.4	1071715.7	0.0	0.4	0.4


Iteration 18:

murA_lpxC_filtered_cluster0_iter18:

OpenMP: Using 6 of 6 threads
Alphabet length:21
4059 valid sequences out of 4059 
724 sites, none trimmed because no target specified
Theta not between 0 and 1, no sequence reweighting applied (N = 4059.00)
iter	time	obj	|x|	|g|	crit
1	22.9	3638511.0	0.0	0.5	0.5
2	44.0	2969195.8	0.0	0.8	0.8
3	64.1	2908154.1	0.0	0.8	0.8
4	83.2	2604342.7	0.0	0.8	0.8
5	101.8	2323144.8	0.0	0.7	0.7
6	122.7	2121786.8	0.0	0.7	0.7
7	146.4	1951034.8	0.0	0.7	0.7
8	165.7	1757836.2	0.0	0.6	0.6
9	184.6	1655354.1	0.0	0.6	0.6
10	205.3	1585609.6	0.0	0.6	0.6
11	224.0	1533856.2	0.0	0.5	0.5
12	242.3	1426441.1	0.0	0.5	0.5
13	261.1	1362661.2	0.0	0.5	0.5
14	276.6	1281274.0	0.0	0.5	0.5
15	294.6	1256610.4	0.0	0.4	0.4
16	311.0	1200179.1	0.0	0.4	0.4
17	327.2	1147749.6	0.0	0.4	0.4
18	344.1	1095674.2	0.0	0.4	0.4
19	364.2	1043679.3	0.0	0.4	0.4
20	381.2	1012761.8	0.0	0.4	0.4


murA_lpxC_filtered_cluster1_iter18:

OpenMP: Using 6 of 6 threads
Alphabet length:21
4243 valid sequences out of 4243 
724 sites, none trimmed because no target specified
Theta not between 0 and 1, no sequence reweighting applied (N = 4243.00)
iter	time	obj	|x|	|g|	crit
1	23.2	3824567.1	0.0	0.6	0.6
2	44.1	3113111.1	0.0	0.8	0.8
3	65.6	3054503.5	0.0	0.8	0.8
4	85.1	2846944.9	0.0	0.8	0.8
5	105.3	2489057.5	0.0	0.8	0.8
6	124.1	2211872.2	0.0	0.7	0.7
7	143.5	2049824.2	0.0	0.7	0.7
8	162.4	1888347.2	0.0	0.7	0.7
9	181.8	1807594.6	0.0	0.6	0.6
10	200.4	1687779.8	0.0	0.6	0.6
11	218.0	1579856.3	0.0	0.6	0.6
12	234.9	1523942.4	0.0	0.5	0.5
13	252.4	1435767.6	0.0	0.5	0.5
14	268.4	1371228.8	0.0	0.5	0.5
15	284.7	1325252.4	0.0	0.5	0.5
16	303.1	1279529.1	0.0	0.4	0.4
17	321.1	1204640.7	0.0	0.4	0.4
18	338.5	1175155.1	0.0	0.4	0.4
19	357.2	1117402.3	0.0	0.4	0.4
20	372.7	1069056.8	0.0	0.4	0.4


Iteration 19:

murA_lpxC_filtered_cluster0_iter19:

OpenMP: Using 6 of 6 threads
Alphabet length:21
4060 valid sequences out of 4060 
724 sites, none trimmed because no target specified
Theta not between 0 and 1, no sequence reweighting applied (N = 4060.00)
iter	time	obj	|x|	|g|	crit
1	21.7	3624999.3	0.0	0.6	0.6
2	40.9	3023353.5	0.0	0.8	0.8
3	59.9	2928269.4	0.0	0.8	0.8
4	78.7	2639969.4	0.0	0.8	0.8
5	97.8	2340721.6	0.0	0.7	0.7
6	116.3	2133895.1	0.0	0.7	0.7
7	134.5	1944868.2	0.0	0.7	0.7
8	153.3	1798527.1	0.0	0.6	0.6
9	172.1	1664524.8	0.0	0.6	0.6
10	191.5	1576688.1	0.0	0.6	0.6
11	210.1	1551127.4	0.0	0.5	0.5
12	228.5	1444945.8	0.0	0.5	0.5
13	246.4	1380060.1	0.0	0.5	0.5
14	264.6	1288168.5	0.0	0.5	0.5
15	281.9	1266795.2	0.0	0.4	0.4
16	300.0	1214149.3	0.0	0.4	0.4
17	317.0	1167737.4	0.0	0.4	0.4
18	332.2	1094106.6	0.0	0.4	0.4
19	349.9	1062354.6	0.0	0.4	0.4
20	368.3	1029585.8	0.0	0.3	0.3


murA_lpxC_filtered_cluster1_iter19:

OpenMP: Using 6 of 6 threads
Alphabet length:21
4242 valid sequences out of 4242 
724 sites, none trimmed because no target specified
Theta not between 0 and 1, no sequence reweighting applied (N = 4242.00)
iter	time	obj	|x|	|g|	crit
1	24.0	3817425.5	0.0	0.6	0.6
2	43.2	3224928.0	0.0	0.8	0.8
3	61.8	3072124.1	0.0	0.8	0.8
4	80.6	2828568.2	0.0	0.8	0.8
5	100.2	2467714.1	0.0	0.8	0.8
6	119.3	2254040.8	0.0	0.7	0.7
7	137.1	2024343.9	0.0	0.7	0.7
8	155.8	1905312.7	0.0	0.7	0.7
9	174.6	1793974.9	0.0	0.6	0.6
10	194.4	1697453.1	0.0	0.6	0.6
11	212.7	1579640.0	0.0	0.6	0.6
12	232.3	1520527.0	0.0	0.5	0.5
13	250.5	1436894.0	0.0	0.5	0.5
14	267.9	1367553.4	0.0	0.5	0.5
15	286.0	1325200.0	0.0	0.5	0.5
16	305.5	1271989.7	0.0	0.4	0.4
17	326.1	1207594.0	0.0	0.4	0.4
18	349.9	1165243.6	0.0	0.4	0.4
19	374.6	1111160.2	0.0	0.4	0.4
20	391.3	1073401.2	0.0	0.4	0.4


Iteration 20:

murA_lpxC_filtered_cluster0_iter20:

OpenMP: Using 6 of 6 threads
Alphabet length:21
4060 valid sequences out of 4060 
724 sites, none trimmed because no target specified
Theta not between 0 and 1, no sequence reweighting applied (N = 4060.00)
iter	time	obj	|x|	|g|	crit
1	22.0	3642619.5	0.0	0.6	0.6
2	43.2	2917706.6	0.0	0.8	0.8
3	64.8	2918202.7	0.0	0.8	0.8
4	86.8	2648311.2	0.0	0.7	0.7
5	107.3	2363077.6	0.0	0.7	0.7
6	129.0	2149970.3	0.0	0.7	0.7
7	150.7	1917432.8	0.0	0.7	0.7
8	171.9	1776569.6	0.0	0.6	0.6
9	193.0	1652717.8	0.0	0.6	0.6
10	212.6	1588360.4	0.0	0.6	0.6
11	232.6	1535423.0	0.0	0.5	0.5
12	250.4	1443380.8	0.0	0.5	0.5
13	269.7	1359249.9	0.0	0.5	0.5
14	288.7	1286879.1	0.0	0.5	0.5
15	308.7	1260119.5	0.0	0.4	0.4
16	329.9	1208538.9	0.0	0.4	0.4
17	351.7	1149508.9	0.0	0.4	0.4
18	373.8	1097831.6	0.0	0.4	0.4
19	397.5	1057642.0	0.0	0.4	0.4
20	412.2	1015282.3	0.0	0.3	0.3


murA_lpxC_filtered_cluster1_iter20:

OpenMP: Using 6 of 6 threads
Alphabet length:21
4242 valid sequences out of 4242 
724 sites, none trimmed because no target specified
Theta not between 0 and 1, no sequence reweighting applied (N = 4242.00)
iter	time	obj	|x|	|g|	crit
1	23.3	3820883.6	0.0	0.6	0.6
2	44.2	3126141.1	0.0	0.8	0.8
3	64.1	3076468.8	0.0	0.8	0.8
4	85.6	2815433.6	0.0	0.8	0.8
5	106.9	2485628.5	0.0	0.8	0.8
6	127.8	2260102.1	0.0	0.7	0.7
7	148.2	2022832.6	0.0	0.7	0.7
8	169.2	1896738.2	0.0	0.7	0.7
9	188.7	1782771.3	0.0	0.6	0.6
10	207.5	1682733.3	0.0	0.6	0.6
11	225.1	1584569.3	0.0	0.6	0.6
12	243.9	1513588.5	0.0	0.5	0.5
13	261.1	1417634.8	0.0	0.5	0.5
14	279.9	1367126.9	0.0	0.5	0.5
15	295.1	1315708.3	0.0	0.5	0.5
16	311.9	1275751.8	0.0	0.4	0.4
17	329.3	1213467.2	0.0	0.4	0.4
18	352.5	1167375.7	0.0	0.4	0.4
19	373.1	1114652.5	0.0	0.4	0.4
20	393.6	1061881.7	0.0	0.4	0.4


Iteration 21:

murA_lpxC_filtered_cluster0_iter21:

OpenMP: Using 6 of 6 threads
Alphabet length:21
4060 valid sequences out of 4060 
724 sites, none trimmed because no target specified
Theta not between 0 and 1, no sequence reweighting applied (N = 4060.00)
iter	time	obj	|x|	|g|	crit
1	25.6	3648542.8	0.0	0.6	0.6
2	47.0	2939220.9	0.0	0.8	0.8
3	67.0	2920401.8	0.0	0.8	0.8
4	88.6	2606797.8	0.0	0.8	0.8
5	109.1	2356181.4	0.0	0.7	0.7
6	131.6	2088882.5	0.0	0.7	0.7
7	153.9	1953552.8	0.0	0.7	0.7
8	179.5	1799468.3	0.0	0.6	0.6
9	203.4	1667339.8	0.0	0.6	0.6
10	222.2	1572079.6	0.0	0.6	0.6
11	240.5	1534907.7	0.0	0.5	0.5
12	259.9	1423863.6	0.0	0.5	0.5
13	282.4	1366736.0	0.0	0.5	0.5
14	301.3	1268683.6	0.0	0.5	0.5
15	322.0	1255247.8	0.0	0.4	0.4
16	342.7	1192139.0	0.0	0.4	0.4
17	363.9	1153984.4	0.0	0.4	0.4
18	377.2	1091190.5	0.0	0.4	0.4
19	389.1	1055935.8	0.0	0.4	0.4
20	401.4	1016544.5	0.0	0.3	0.3


murA_lpxC_filtered_cluster1_iter21:

OpenMP: Using 6 of 6 threads
Alphabet length:21
4242 valid sequences out of 4242 
724 sites, none trimmed because no target specified
Theta not between 0 and 1, no sequence reweighting applied (N = 4242.00)
iter	time	obj	|x|	|g|	crit
1	16.3	3815559.2	0.0	0.6	0.6
2	31.9	3204830.2	0.0	0.8	0.8
3	51.9	3083680.8	0.0	0.8	0.8
4	72.8	2843355.0	0.0	0.8	0.8
5	93.1	2466546.8	0.0	0.8	0.8
6	113.5	2251526.5	0.0	0.7	0.7
7	133.1	2028778.4	0.0	0.7	0.7
8	149.0	1888287.8	0.0	0.7	0.7
9	162.6	1770293.6	0.0	0.6	0.6
10	181.9	1709025.1	0.0	0.6	0.6
11	199.2	1592267.4	0.0	0.6	0.6
12	213.6	1509539.1	0.0	0.5	0.5
13	233.6	1411522.8	0.0	0.5	0.5
14	251.4	1360480.6	0.0	0.5	0.5
15	268.9	1324550.9	0.0	0.5	0.5
16	293.1	1263834.1	0.0	0.4	0.4
17	311.4	1217071.4	0.0	0.4	0.4
18	330.2	1170877.4	0.0	0.4	0.4
19	349.4	1105249.0	0.0	0.4	0.4
20	369.6	1082590.3	0.0	0.4	0.4


Iteration 22:

murA_lpxC_filtered_cluster0_iter22:

OpenMP: Using 6 of 6 threads
Alphabet length:21
4062 valid sequences out of 4062 
724 sites, none trimmed because no target specified
Theta not between 0 and 1, no sequence reweighting applied (N = 4062.00)
iter	time	obj	|x|	|g|	crit
1	24.1	3645646.8	0.0	0.6	0.6
2	46.1	2978112.8	0.0	0.8	0.8
3	65.5	2913281.3	0.0	0.8	0.8
4	85.4	2657260.7	0.0	0.8	0.8
5	105.2	2381567.1	0.0	0.7	0.7
6	126.0	2117035.0	0.0	0.7	0.7
7	145.1	1946457.0	0.0	0.7	0.7
8	166.9	1807533.8	0.0	0.6	0.6
9	188.2	1693231.4	0.0	0.6	0.6
10	210.8	1600540.7	0.0	0.6	0.6
11	231.1	1538037.4	0.0	0.5	0.5
12	249.3	1458014.2	0.0	0.5	0.5
13	268.0	1381036.3	0.0	0.5	0.5
14	282.2	1297000.5	0.0	0.5	0.5
15	301.2	1267148.3	0.0	0.4	0.4
16	322.3	1214497.8	0.0	0.4	0.4
17	343.3	1159282.6	0.0	0.4	0.4
18	363.0	1096067.7	0.0	0.4	0.4
19	380.2	1061811.5	0.0	0.4	0.4
20	397.5	1024948.3	0.0	0.4	0.4


murA_lpxC_filtered_cluster1_iter22:

OpenMP: Using 6 of 6 threads
Alphabet length:21
4240 valid sequences out of 4240 
724 sites, none trimmed because no target specified
Theta not between 0 and 1, no sequence reweighting applied (N = 4240.00)
iter	time	obj	|x|	|g|	crit
1	16.9	3828809.0	0.0	0.6	0.6
2	35.0	3124252.5	0.0	0.8	0.8
3	54.1	3050961.2	0.0	0.8	0.8
4	77.2	2795830.3	0.0	0.8	0.8
5	97.7	2490228.1	0.0	0.8	0.8
6	117.1	2239492.7	0.0	0.7	0.7
7	140.2	2027985.6	0.0	0.7	0.7
8	158.8	1899464.4	0.0	0.7	0.7
9	177.7	1781598.4	0.0	0.6	0.6
10	197.8	1694484.4	0.0	0.6	0.6
11	221.1	1571400.9	0.0	0.6	0.6
12	246.5	1510639.7	0.0	0.5	0.5
13	264.9	1435050.2	0.0	0.5	0.5
14	287.4	1359685.4	0.0	0.5	0.5
15	309.6	1331944.1	0.0	0.5	0.5
16	331.2	1271654.8	0.0	0.4	0.4
17	354.9	1211300.4	0.0	0.4	0.4
18	381.7	1174812.1	0.0	0.4	0.4
19	406.4	1103960.7	0.0	0.4	0.4
20	421.7	1072790.1	0.0	0.4	0.4


Iteration 23:

murA_lpxC_filtered_cluster0_iter23:

OpenMP: Using 6 of 6 threads
Alphabet length:21
4063 valid sequences out of 4063 
724 sites, none trimmed because no target specified
Theta not between 0 and 1, no sequence reweighting applied (N = 4063.00)
iter	time	obj	|x|	|g|	crit
1	24.0	3643813.3	0.0	0.5	0.5
2	45.5	3018644.1	0.0	0.8	0.8
3	64.9	2918376.1	0.0	0.8	0.8
4	84.6	2630776.7	0.0	0.8	0.8
5	106.4	2290287.9	0.0	0.7	0.7
6	126.0	2090449.3	0.0	0.7	0.7
7	144.3	1944413.6	0.0	0.7	0.7
8	163.0	1787957.5	0.0	0.6	0.6
9	184.0	1649843.1	0.0	0.6	0.6
10	207.7	1581174.8	0.0	0.6	0.6
11	228.5	1533544.3	0.0	0.5	0.5
12	244.5	1442331.9	0.0	0.5	0.5
13	262.7	1365601.7	0.0	0.5	0.5
14	284.7	1294695.2	0.0	0.5	0.5
15	304.5	1243608.3	0.0	0.4	0.4
16	325.4	1222572.9	0.0	0.4	0.4
17	346.3	1145288.6	0.0	0.4	0.4
18	365.3	1091364.7	0.0	0.4	0.4
19	380.3	1053555.0	0.0	0.4	0.4
20	392.0	1019307.6	0.0	0.3	0.3


murA_lpxC_filtered_cluster1_iter23:

OpenMP: Using 6 of 6 threads
Alphabet length:21
4239 valid sequences out of 4239 
724 sites, none trimmed because no target specified
Theta not between 0 and 1, no sequence reweighting applied (N = 4239.00)
iter	time	obj	|x|	|g|	crit
1	20.9	3826432.6	0.0	0.6	0.6
2	40.2	3075261.5	0.0	0.8	0.8
3	59.9	3083620.7	0.0	0.8	0.8
4	79.7	2806571.8	0.0	0.8	0.8
5	98.6	2478060.3	0.0	0.8	0.8
6	114.9	2248653.8	0.0	0.7	0.7
7	131.3	2033239.7	0.0	0.7	0.7
8	148.1	1875138.1	0.0	0.7	0.7
9	164.2	1801234.3	0.0	0.6	0.6
10	182.8	1663078.2	0.0	0.6	0.6
11	201.5	1581747.5	0.0	0.6	0.6
12	218.8	1510555.3	0.0	0.5	0.5
13	237.8	1442584.5	0.0	0.5	0.5
14	256.3	1367154.1	0.0	0.5	0.5
15	273.7	1338512.8	0.0	0.5	0.5
16	288.2	1268503.4	0.0	0.4	0.4
17	304.9	1219905.1	0.0	0.4	0.4
18	323.0	1157192.1	0.0	0.4	0.4
19	343.0	1109485.9	0.0	0.4	0.4
20	363.9	1059946.5	0.0	0.4	0.4


Iteration 24:

murA_lpxC_filtered_cluster0_iter24:

OpenMP: Using 6 of 6 threads
Alphabet length:21
4063 valid sequences out of 4063 
724 sites, none trimmed because no target specified
Theta not between 0 and 1, no sequence reweighting applied (N = 4063.00)
iter	time	obj	|x|	|g|	crit
1	23.2	3647397.1	0.0	0.6	0.6
2	45.2	2943146.6	0.0	0.8	0.8
3	64.3	2919798.8	0.0	0.7	0.7
4	80.7	2655584.0	0.0	0.8	0.8
5	100.7	2349716.3	0.0	0.7	0.7
6	120.2	2101657.8	0.0	0.7	0.7
7	139.4	1930299.9	0.0	0.7	0.7
8	159.5	1781862.9	0.0	0.6	0.6
9	182.0	1658004.8	0.0	0.6	0.6
10	200.7	1593218.4	0.0	0.6	0.6
11	219.3	1547108.4	0.0	0.5	0.5
12	242.4	1427613.3	0.0	0.5	0.5
13	262.6	1363532.5	0.0	0.5	0.5
14	282.1	1295959.5	0.0	0.5	0.5
15	300.2	1244968.9	0.0	0.4	0.4
16	315.8	1230460.8	0.0	0.4	0.4
17	337.3	1149299.6	0.0	0.4	0.4
18	356.3	1104975.4	0.0	0.4	0.4
19	377.8	1057718.8	0.0	0.4	0.4
20	394.1	1014180.2	0.0	0.4	0.4


murA_lpxC_filtered_cluster1_iter24:

OpenMP: Using 6 of 6 threads
Alphabet length:21
4239 valid sequences out of 4239 
724 sites, none trimmed because no target specified
Theta not between 0 and 1, no sequence reweighting applied (N = 4239.00)
iter	time	obj	|x|	|g|	crit
1	20.6	3829001.1	0.0	0.6	0.6
2	40.2	3067571.9	0.0	0.8	0.8
3	58.1	3070319.1	0.0	0.8	0.8
4	78.7	2814207.7	0.0	0.8	0.8
5	98.8	2456859.6	0.0	0.8	0.8
6	118.4	2256100.1	0.0	0.7	0.7
7	138.2	2034136.6	0.0	0.7	0.7
8	158.7	1869158.7	0.0	0.7	0.7
9	178.8	1795977.3	0.0	0.6	0.6
10	198.0	1662869.1	0.0	0.6	0.6
11	217.2	1591494.0	0.0	0.6	0.6
12	237.3	1529668.7	0.0	0.5	0.5
13	255.0	1439673.9	0.0	0.5	0.5
14	271.9	1354126.6	0.0	0.5	0.5
15	291.7	1330851.9	0.0	0.5	0.5
16	309.6	1258311.2	0.0	0.4	0.4
17	327.8	1198763.7	0.0	0.4	0.4
18	345.0	1161290.0	0.0	0.4	0.4
19	359.9	1108252.4	0.0	0.4	0.4
20	379.5	1060626.3	0.0	0.4	0.4


Iteration 25:

murA_lpxC_filtered_cluster0_iter25:

OpenMP: Using 6 of 6 threads
Alphabet length:21
4067 valid sequences out of 4067 
724 sites, none trimmed because no target specified
Theta not between 0 and 1, no sequence reweighting applied (N = 4067.00)
iter	time	obj	|x|	|g|	crit
1	21.4	3655038.5	0.0	0.5	0.5
2	42.0	2964930.1	0.0	0.8	0.8
3	63.6	2902537.1	0.0	0.8	0.8
4	86.3	2645846.2	0.0	0.8	0.8
5	105.4	2330340.8	0.0	0.7	0.7
6	123.9	2111399.6	0.0	0.7	0.7
7	147.7	1928903.1	0.0	0.7	0.7
8	170.0	1802580.3	0.0	0.6	0.6
9	189.5	1661074.0	0.0	0.6	0.6
10	211.5	1593669.4	0.0	0.6	0.6
11	235.5	1498728.8	0.0	0.5	0.5
12	255.9	1455616.8	0.0	0.5	0.5
13	275.6	1383186.0	0.0	0.5	0.5
14	296.2	1287429.0	0.0	0.5	0.5
15	317.5	1270680.8	0.0	0.4	0.4
16	341.3	1217675.3	0.0	0.4	0.4
17	360.7	1159562.9	0.0	0.4	0.4
18	375.7	1097387.4	0.0	0.4	0.4
19	388.2	1060668.8	0.0	0.4	0.4
20	400.4	1024660.7	0.0	0.4	0.4


murA_lpxC_filtered_cluster1_iter25:

OpenMP: Using 6 of 6 threads
Alphabet length:21
4235 valid sequences out of 4235 
724 sites, none trimmed because no target specified
Theta not between 0 and 1, no sequence reweighting applied (N = 4235.00)
iter	time	obj	|x|	|g|	crit
1	22.1	3818443.6	0.0	0.6	0.6
2	40.8	3099844.7	0.0	0.8	0.8
3	61.2	3066349.4	0.0	0.8	0.8
4	79.9	2843022.0	0.0	0.8	0.8
5	95.2	2419112.0	0.0	0.8	0.8
6	110.6	2287962.1	0.0	0.7	0.7
7	127.2	2016961.3	0.0	0.7	0.7
8	144.2	1905347.1	0.0	0.7	0.7
9	162.7	1790939.2	0.0	0.6	0.6
10	180.6	1649974.8	0.0	0.6	0.6
11	195.3	1580110.2	0.0	0.6	0.6
12	210.6	1512065.4	0.0	0.5	0.5
13	229.7	1441810.2	0.0	0.5	0.5
14	246.3	1373882.1	0.0	0.5	0.5
15	260.9	1332408.9	0.0	0.5	0.5
16	277.9	1260810.1	0.0	0.4	0.4
17	295.3	1202338.2	0.0	0.4	0.4
18	315.4	1167262.8	0.0	0.4	0.4
19	335.4	1104031.8	0.0	0.4	0.4
20	352.8	1071844.6	0.0	0.4	0.4


Iteration 26:

murA_lpxC_filtered_cluster0_iter26:

OpenMP: Using 6 of 6 threads
Alphabet length:21
4067 valid sequences out of 4067 
724 sites, none trimmed because no target specified
Theta not between 0 and 1, no sequence reweighting applied (N = 4067.00)
iter	time	obj	|x|	|g|	crit
1	25.1	3645276.9	0.0	0.6	0.6
2	48.1	2982587.7	0.0	0.8	0.8
3	71.6	2926744.3	0.0	0.8	0.8
4	95.5	2657849.3	0.0	0.8	0.8
5	120.5	2328748.6	0.0	0.7	0.7
6	141.8	2114057.1	0.0	0.7	0.7
7	164.4	1955475.6	0.0	0.7	0.7
8	191.2	1789882.8	0.0	0.6	0.6
9	212.4	1648609.5	0.0	0.6	0.6
10	237.1	1614181.9	0.0	0.6	0.6
11	257.2	1521257.8	0.0	0.5	0.5
12	279.8	1472175.1	0.0	0.5	0.5
13	307.1	1356375.7	0.0	0.5	0.5
14	324.2	1292111.1	0.0	0.5	0.5
15	345.9	1267276.9	0.0	0.4	0.4
16	363.3	1226511.4	0.0	0.4	0.4
17	375.3	1159757.3	0.0	0.4	0.4
18	387.2	1099718.9	0.0	0.4	0.4
19	399.1	1060553.1	0.0	0.4	0.4
20	410.7	1012272.3	0.0	0.4	0.4


murA_lpxC_filtered_cluster1_iter26:

OpenMP: Using 6 of 6 threads
Alphabet length:21
4235 valid sequences out of 4235 
724 sites, none trimmed because no target specified
Theta not between 0 and 1, no sequence reweighting applied (N = 4235.00)
iter	time	obj	|x|	|g|	crit
1	22.1	3821874.6	0.0	0.6	0.6
2	42.8	3162594.4	0.0	0.8	0.8
3	63.8	3045666.8	0.0	0.8	0.8
4	80.6	2850883.3	0.0	0.8	0.8
5	95.6	2492151.1	0.0	0.8	0.8
6	113.1	2309296.6	0.0	0.7	0.7
7	131.0	2039212.1	0.0	0.7	0.7
8	147.2	1928054.8	0.0	0.7	0.7
9	163.7	1806286.1	0.0	0.6	0.6
10	179.1	1680734.3	0.0	0.6	0.6
11	193.6	1592173.5	0.0	0.6	0.6
12	210.8	1522767.5	0.0	0.5	0.5
13	228.8	1447142.4	0.0	0.5	0.5
14	247.4	1383851.1	0.0	0.5	0.5
15	261.2	1333494.6	0.0	0.5	0.5
16	280.0	1268696.5	0.0	0.4	0.4
17	296.9	1216244.4	0.0	0.4	0.4
18	317.1	1171767.3	0.0	0.4	0.4
19	334.4	1123266.5	0.0	0.4	0.4
20	349.1	1070541.1	0.0	0.4	0.4


Iteration 27:

murA_lpxC_filtered_cluster0_iter27:

OpenMP: Using 6 of 6 threads
Alphabet length:21
4073 valid sequences out of 4073 
724 sites, none trimmed because no target specified
Theta not between 0 and 1, no sequence reweighting applied (N = 4073.00)
iter	time	obj	|x|	|g|	crit
1	22.9	3637111.8	0.0	0.6	0.6
2	43.3	3059357.6	0.0	0.8	0.8
3	64.4	2928663.2	0.0	0.8	0.8
4	82.5	2615076.3	0.0	0.8	0.8
5	98.0	2337970.1	0.0	0.7	0.7
6	116.7	2114886.7	0.0	0.7	0.7
7	137.3	1923874.9	0.0	0.7	0.7
8	157.4	1790949.4	0.0	0.6	0.6
9	175.6	1662168.3	0.0	0.6	0.6
10	190.6	1607326.0	0.0	0.6	0.6
11	206.9	1522854.4	0.0	0.5	0.5
12	225.2	1430993.4	0.0	0.5	0.5
13	239.3	1356015.8	0.0	0.5	0.5
14	257.0	1294874.5	0.0	0.5	0.5
15	275.8	1253646.2	0.0	0.4	0.4
16	292.7	1215877.7	0.0	0.4	0.4
17	310.6	1156420.5	0.0	0.4	0.4
18	330.7	1103170.4	0.0	0.4	0.4
19	348.4	1063395.5	0.0	0.4	0.4
20	363.0	1017018.3	0.0	0.4	0.4


murA_lpxC_filtered_cluster1_iter27:

OpenMP: Using 6 of 6 threads
Alphabet length:21
4229 valid sequences out of 4229 
724 sites, none trimmed because no target specified
Theta not between 0 and 1, no sequence reweighting applied (N = 4229.00)
iter	time	obj	|x|	|g|	crit
1	22.8	3819501.5	0.0	0.6	0.6
2	43.6	3143468.6	0.0	0.8	0.8
3	67.7	3039552.5	0.0	0.8	0.8
4	91.8	2818846.0	0.0	0.8	0.8
5	113.6	2505555.4	0.0	0.8	0.8
6	135.9	2259670.7	0.0	0.7	0.7
7	160.7	2021228.2	0.0	0.7	0.7
8	186.0	1870950.5	0.0	0.7	0.7
9	210.0	1799928.3	0.0	0.6	0.6
10	235.2	1683379.4	0.0	0.6	0.6
11	258.4	1588074.0	0.0	0.6	0.6
12	285.4	1505419.3	0.0	0.5	0.5
13	307.9	1431508.4	0.0	0.5	0.5
14	331.0	1378614.9	0.0	0.5	0.5
15	357.5	1316095.7	0.0	0.5	0.5
16	377.1	1267414.7	0.0	0.4	0.4
17	392.2	1220377.1	0.0	0.4	0.4
18	404.3	1165545.8	0.0	0.4	0.4
19	420.4	1100678.1	0.0	0.4	0.4
20	433.1	1067214.1	0.0	0.4	0.4


Iteration 28:

murA_lpxC_filtered_cluster0_iter28:

OpenMP: Using 6 of 6 threads
Alphabet length:21
4074 valid sequences out of 4074 
724 sites, none trimmed because no target specified
Theta not between 0 and 1, no sequence reweighting applied (N = 4074.00)
iter	time	obj	|x|	|g|	crit
1	19.6	3636682.7	0.0	0.5	0.5
2	37.9	3032194.4	0.0	0.8	0.8
3	58.2	2952063.6	0.0	0.8	0.8
4	80.9	2643968.9	0.0	0.8	0.8
5	101.8	2327828.1	0.0	0.7	0.7
6	125.6	2125893.8	0.0	0.7	0.7
7	149.6	1956906.7	0.0	0.7	0.7
8	168.9	1832591.0	0.0	0.6	0.6
9	195.1	1658729.4	0.0	0.6	0.6
10	217.6	1582029.7	0.0	0.6	0.6
11	238.9	1498609.1	0.0	0.5	0.5
12	255.2	1440090.0	0.0	0.5	0.5
13	278.5	1363847.1	0.0	0.5	0.5
14	298.1	1291400.5	0.0	0.5	0.5
15	319.7	1264687.1	0.0	0.4	0.4
16	342.0	1202278.8	0.0	0.4	0.4
17	362.9	1161870.2	0.0	0.4	0.4
18	379.1	1107988.5	0.0	0.4	0.4
19	392.4	1065595.3	0.0	0.4	0.4
20	406.6	1015394.5	0.0	0.4	0.4


murA_lpxC_filtered_cluster1_iter28:

OpenMP: Using 6 of 6 threads
Alphabet length:21
4228 valid sequences out of 4228 
724 sites, none trimmed because no target specified
Theta not between 0 and 1, no sequence reweighting applied (N = 4228.00)
iter	time	obj	|x|	|g|	crit
1	20.7	3824442.7	0.0	0.6	0.6
2	40.6	3173915.1	0.0	0.8	0.8
3	61.9	3038329.2	0.0	0.8	0.8
4	80.5	2812858.2	0.0	0.8	0.8
5	98.7	2473799.4	0.0	0.8	0.8
6	114.0	2217291.6	0.0	0.7	0.7
7	132.2	2047004.1	0.0	0.7	0.7
8	151.2	1877676.4	0.0	0.7	0.7
9	169.2	1804158.4	0.0	0.6	0.6
10	186.9	1691460.0	0.0	0.6	0.6
11	204.4	1605930.6	0.0	0.6	0.6
12	221.1	1514018.9	0.0	0.5	0.5
13	240.3	1429470.4	0.0	0.5	0.5
14	262.6	1365496.0	0.0	0.5	0.5
15	280.7	1316811.0	0.0	0.5	0.5
16	301.8	1276879.9	0.0	0.4	0.4
17	320.6	1205345.0	0.0	0.4	0.4
18	338.6	1154157.2	0.0	0.4	0.4
19	353.0	1109708.7	0.0	0.4	0.4
20	370.3	1071166.7	0.0	0.4	0.4


Iteration 29:

murA_lpxC_filtered_cluster0_iter29:

OpenMP: Using 6 of 6 threads
Alphabet length:21
4077 valid sequences out of 4077 
724 sites, none trimmed because no target specified
Theta not between 0 and 1, no sequence reweighting applied (N = 4077.00)
iter	time	obj	|x|	|g|	crit
1	15.1	3640075.0	0.0	0.6	0.6
2	33.0	3036404.3	0.0	0.8	0.8
3	53.0	2854646.3	0.0	0.8	0.8
4	72.7	2624817.1	0.0	0.8	0.8
5	93.4	2327711.2	0.0	0.7	0.7
6	109.7	2126019.8	0.0	0.7	0.7
7	124.9	1982283.7	0.0	0.7	0.7
8	142.3	1809137.6	0.0	0.6	0.6
9	164.2	1701554.0	0.0	0.6	0.6
10	184.7	1600137.4	0.0	0.6	0.6
11	202.8	1539981.1	0.0	0.5	0.5
12	217.6	1474596.4	0.0	0.5	0.5
13	237.8	1366277.9	0.0	0.5	0.5
14	259.9	1308800.6	0.0	0.5	0.5
15	279.9	1262093.0	0.0	0.4	0.4
16	304.7	1223453.8	0.0	0.4	0.4
17	323.7	1172761.1	0.0	0.4	0.4
18	342.2	1120638.0	0.0	0.4	0.4
19	356.4	1069138.4	0.0	0.4	0.4
20	374.3	1029867.0	0.0	0.4	0.4


murA_lpxC_filtered_cluster1_iter29:

OpenMP: Using 6 of 6 threads
Alphabet length:21
4225 valid sequences out of 4225 
724 sites, none trimmed because no target specified
Theta not between 0 and 1, no sequence reweighting applied (N = 4225.00)
iter	time	obj	|x|	|g|	crit
1	23.5	3813195.0	0.0	0.6	0.6
2	42.2	3156057.3	0.0	0.8	0.8
3	60.9	3031726.9	0.0	0.8	0.8
4	83.5	2857754.4	0.0	0.8	0.8
5	107.0	2442224.6	0.0	0.8	0.8
6	129.8	2241990.0	0.0	0.7	0.7
7	150.7	2052600.6	0.0	0.7	0.7
8	171.5	1914764.6	0.0	0.7	0.7
9	199.0	1776823.6	0.0	0.6	0.6
10	221.0	1685176.1	0.0	0.6	0.6
11	243.9	1576860.5	0.0	0.6	0.6
12	267.1	1514423.6	0.0	0.5	0.5
13	290.9	1436024.4	0.0	0.5	0.5
14	316.8	1368472.1	0.0	0.5	0.5
15	337.4	1331214.8	0.0	0.5	0.5
16	361.5	1275116.4	0.0	0.4	0.4
17	377.9	1203534.8	0.0	0.4	0.4
18	392.0	1148181.7	0.0	0.4	0.4
19	404.4	1100622.2	0.0	0.4	0.4
20	415.9	1067881.2	0.0	0.4	0.4


Iteration 30:

murA_lpxC_filtered_cluster0_iter30:

OpenMP: Using 6 of 6 threads
Alphabet length:21
4075 valid sequences out of 4075 
724 sites, none trimmed because no target specified
Theta not between 0 and 1, no sequence reweighting applied (N = 4075.00)
iter	time	obj	|x|	|g|	crit
1	21.1	3654321.0	0.0	0.6	0.6
2	42.2	2974347.5	0.0	0.8	0.8
3	61.8	2929798.3	0.0	0.8	0.8
4	77.4	2631159.9	0.0	0.8	0.8
5	95.0	2316908.8	0.0	0.7	0.7
6	111.1	2136388.8	0.0	0.7	0.7
7	129.9	1929523.3	0.0	0.7	0.7
8	144.1	1792227.5	0.0	0.6	0.6
9	161.3	1651116.5	0.0	0.6	0.6
10	178.9	1589751.2	0.0	0.6	0.6
11	193.7	1532513.4	0.0	0.5	0.5
12	211.5	1449699.9	0.0	0.5	0.5
13	228.4	1375828.7	0.0	0.5	0.5
14	244.3	1286392.3	0.0	0.5	0.5
15	260.9	1250222.5	0.0	0.4	0.4
16	274.5	1211502.9	0.0	0.4	0.4
17	292.3	1149603.7	0.0	0.4	0.4
18	308.8	1100399.9	0.0	0.4	0.4
19	324.8	1057440.3	0.0	0.4	0.4
20	343.1	1011223.8	0.0	0.4	0.4


murA_lpxC_filtered_cluster1_iter30:

OpenMP: Using 6 of 6 threads
Alphabet length:21
4227 valid sequences out of 4227 
724 sites, none trimmed because no target specified
Theta not between 0 and 1, no sequence reweighting applied (N = 4227.00)
iter	time	obj	|x|	|g|	crit
1	24.6	3796346.0	0.0	0.6	0.6
2	45.4	3157156.9	0.0	0.8	0.8
3	67.9	3064811.7	0.0	0.8	0.8
4	90.0	2844823.9	0.0	0.8	0.8
5	111.7	2452173.8	0.0	0.8	0.8
6	140.8	2278053.8	0.0	0.7	0.7
7	168.6	2049725.3	0.0	0.7	0.7
8	191.8	1883307.2	0.0	0.7	0.7
9	217.8	1778768.8	0.0	0.6	0.6
10	241.4	1667236.8	0.0	0.6	0.6
11	268.7	1570197.1	0.0	0.6	0.6
12	293.9	1516787.3	0.0	0.5	0.5
13	320.0	1432500.3	0.0	0.5	0.5
14	342.2	1377139.5	0.0	0.5	0.5
15	358.5	1337037.2	0.0	0.5	0.5
16	374.0	1270533.3	0.0	0.4	0.4
17	386.2	1206809.1	0.0	0.4	0.4
18	398.3	1156856.9	0.0	0.4	0.4
19	410.6	1102146.0	0.0	0.4	0.4
20	422.6	1071770.5	0.0	0.4	0.4

