tuning/outputs/tuning_run_24/ created
tuning/outputs/tuning_run_24/iterations/ created
tuning/outputs/tuning_run_24/output/ created
{'msa-file-name': 'murA_lpxC_filtered.fa', 'em_maxiter': 30, 'em_numclusters': 2, 'em_device': None, 'em_init': 'kmeans', 'em_no_iter_print': 0, 'plmc': '../../plmc/bin/plmc', 'output': 'tuning/outputs/tuning_run_24', 'fast': 1, 'scale': None, 'theta': '2', 'lambdah': '0.01', 'lambdae': '16.0', 'lambdag': None, 'gapignore': 1, 'maxiter': '10', 'ncores': 6, 'gapignore_tune': '1', 'fast_tune': '1', 'em_iter_print': 1, 'iterations_dir': 'tuning/outputs/tuning_run_24/iterations/', 'final_dir': 'tuning/outputs/tuning_run_24/output/', 'output_dir': 'tuning/outputs/tuning_run_24/', 'plmc_options': ['-t 2', '-lh 0.01', '-le 16.0', '-m 10', '-n 6', '-g', '--fast'], 'device': device(type='cpu')}

Using cpu


Iteration 0:

murA_lpxC_filtered_cluster0_iter0:

OpenMP: Using 6 of 6 threads
Alphabet length:21
6626 valid sequences out of 6626 
724 sites, none trimmed because no target specified
Theta not between 0 and 1, no sequence reweighting applied (N = 6626.00)
iter	time	obj	|x|	|g|	crit
1	20.2	5565472.3	0.0	0.7	0.7
2	37.1	5420849.9	0.0	1.3	1.3
3	53.8	4929853.2	0.0	1.2	1.2
4	71.1	4767813.0	0.0	1.2	1.2
5	88.2	4213699.0	0.0	1.2	1.2
6	104.5	3873243.4	0.0	1.2	1.2
7	122.1	3473221.4	0.0	1.1	1.1
8	136.9	3293053.4	0.0	1.1	1.1
9	148.3	3046196.8	0.0	1.0	1.0
10	158.9	2838514.1	0.0	1.0	1.0


murA_lpxC_filtered_cluster1_iter0:

OpenMP: Using 6 of 6 threads
Alphabet length:21
1676 valid sequences out of 1676 
724 sites, none trimmed because no target specified
Theta not between 0 and 1, no sequence reweighting applied (N = 1676.00)
iter	time	obj	|x|	|g|	crit
1	14.7	950861.0	0.0	0.1	0.1
2	27.3	1095758.0	0.0	0.2	0.2
3	44.6	1034175.8	0.0	0.3	0.3
4	61.7	815580.2	0.0	0.3	0.3
5	78.4	782176.8	0.0	0.3	0.3
6	95.4	737568.5	0.0	0.3	0.3
7	111.3	677464.8	0.0	0.2	0.2
8	127.0	625247.3	0.0	0.2	0.2
9	143.6	601225.9	0.0	0.2	0.2
10	159.4	579220.5	0.0	0.2	0.2


Iteration 1:

murA_lpxC_filtered_cluster0_iter1:

OpenMP: Using 6 of 6 threads
Alphabet length:21
6625 valid sequences out of 6625 
724 sites, none trimmed because no target specified
Theta not between 0 and 1, no sequence reweighting applied (N = 6625.00)
iter	time	obj	|x|	|g|	crit
1	20.7	5589605.7	0.0	0.7	0.7
2	38.1	5263584.0	0.0	1.3	1.3
3	56.5	5036523.0	0.0	1.2	1.2
4	73.9	4709615.4	0.0	1.2	1.2
5	91.2	4173184.6	0.0	1.2	1.2
6	108.8	3767393.3	0.0	1.2	1.2
7	126.6	3403246.6	0.0	1.1	1.1
8	138.8	3285004.0	0.0	1.1	1.1
9	149.9	3038061.8	0.0	1.0	1.0
10	160.6	2835104.3	0.0	1.0	1.0


murA_lpxC_filtered_cluster1_iter1:

OpenMP: Using 6 of 6 threads
Alphabet length:21
1677 valid sequences out of 1677 
724 sites, none trimmed because no target specified
Theta not between 0 and 1, no sequence reweighting applied (N = 1677.00)
iter	time	obj	|x|	|g|	crit
1	14.9	953307.3	0.0	0.1	0.1
2	28.0	1126813.1	0.0	0.3	0.3
3	44.8	1022252.2	0.0	0.3	0.3
4	60.2	831461.8	0.0	0.3	0.3
5	75.5	769767.6	0.0	0.3	0.3
6	90.7	742070.6	0.0	0.3	0.3
7	106.9	689969.1	0.0	0.2	0.2
8	123.5	635338.7	0.0	0.2	0.2
9	140.7	607013.1	0.0	0.2	0.2
10	158.2	593686.1	0.0	0.2	0.2


Iteration 2:
TERMINATING: Repeated cluster assignments
