tuning/outputs/tuning_run_56/ created
tuning/outputs/tuning_run_56/iterations/ created
tuning/outputs/tuning_run_56/output/ created
{'msa-file-name': 'murA_lpxC_filtered.fa', 'em_maxiter': 30, 'em_numclusters': 2, 'em_device': None, 'em_init': 'kmeans', 'em_no_iter_print': 0, 'plmc': '../../plmc/bin/plmc', 'output': 'tuning/outputs/tuning_run_56', 'fast': 1, 'scale': None, 'theta': '2', 'lambdah': '0.01', 'lambdae': '16.0', 'lambdag': None, 'gapignore': 0, 'maxiter': '10', 'ncores': 6, 'gapignore_tune': '0', 'fast_tune': '1', 'em_iter_print': 1, 'iterations_dir': 'tuning/outputs/tuning_run_56/iterations/', 'final_dir': 'tuning/outputs/tuning_run_56/output/', 'output_dir': 'tuning/outputs/tuning_run_56/', 'plmc_options': ['-t 2', '-lh 0.01', '-le 16.0', '-m 10', '-n 6', '--fast'], 'device': device(type='cpu')}

Using cpu


Iteration 0:

murA_lpxC_filtered_cluster0_iter0:

OpenMP: Using 6 of 6 threads
Alphabet length:21
1680 valid sequences out of 1680 
724 sites, none trimmed because no target specified
Theta not between 0 and 1, no sequence reweighting applied (N = 1680.00)
iter	time	obj	|x|	|g|	crit
1	22.1	984703.2	0.0	0.1	0.1
2	49.8	1106569.9	0.0	0.2	0.2
3	78.7	1115413.0	0.0	0.3	0.3
4	102.4	891938.1	0.0	0.3	0.3
5	128.9	836830.4	0.0	0.3	0.3
6	155.7	798549.8	0.0	0.3	0.3
7	187.8	745184.2	0.0	0.2	0.2
8	215.0	684118.5	0.0	0.2	0.2
9	234.9	658078.4	0.0	0.2	0.2
10	257.5	625918.0	0.0	0.2	0.2


murA_lpxC_filtered_cluster1_iter0:

OpenMP: Using 6 of 6 threads
Alphabet length:21
6622 valid sequences out of 6622 
724 sites, none trimmed because no target specified
Theta not between 0 and 1, no sequence reweighting applied (N = 6622.00)
iter	time	obj	|x|	|g|	crit
1	21.3	5758773.6	0.0	0.6	0.6
2	43.9	5172706.7	0.0	1.1	1.1
3	63.5	5253613.4	0.0	1.1	1.1
4	80.9	4842055.9	0.0	1.2	1.2
5	100.0	4232550.3	0.0	1.1	1.1
6	120.4	3912992.3	0.0	1.1	1.1
7	138.8	3543344.1	0.0	1.0	1.0
8	157.2	3288178.2	0.0	1.0	1.0
9	178.1	3136881.6	0.0	1.0	1.0
10	195.9	2942585.2	0.0	0.9	0.9


Iteration 1:

murA_lpxC_filtered_cluster0_iter1:

OpenMP: Using 6 of 6 threads
Alphabet length:21
1681 valid sequences out of 1681 
724 sites, none trimmed because no target specified
Theta not between 0 and 1, no sequence reweighting applied (N = 1681.00)
iter	time	obj	|x|	|g|	crit
1	19.2	978685.6	0.0	0.1	0.1
2	35.1	1151868.4	0.0	0.2	0.2
3	56.9	1117905.9	0.0	0.3	0.3
4	81.1	891881.4	0.0	0.3	0.3
5	102.0	824475.5	0.0	0.3	0.3
6	125.1	787819.7	0.0	0.3	0.3
7	150.1	746079.8	0.0	0.2	0.2
8	171.1	687926.1	0.0	0.2	0.2
9	192.2	651088.5	0.0	0.2	0.2
10	214.8	630637.1	0.0	0.2	0.2


murA_lpxC_filtered_cluster1_iter1:

OpenMP: Using 6 of 6 threads
Alphabet length:21
6621 valid sequences out of 6621 
724 sites, none trimmed because no target specified
Theta not between 0 and 1, no sequence reweighting applied (N = 6621.00)
iter	time	obj	|x|	|g|	crit
1	24.7	5741929.9	0.0	0.6	0.6
2	46.6	5235383.6	0.0	1.2	1.2
3	68.0	5240317.7	0.0	1.1	1.1
4	89.4	4935573.7	0.0	1.2	1.2
5	109.7	4213873.4	0.0	1.2	1.2
6	127.6	3971269.1	0.0	1.1	1.1
7	149.0	3557395.8	0.0	1.1	1.1
8	168.5	3349339.0	0.0	1.0	1.0
9	188.4	3133703.0	0.0	1.0	1.0
10	203.8	2961634.4	0.0	0.9	0.9


Iteration 2:

murA_lpxC_filtered_cluster0_iter2:

OpenMP: Using 6 of 6 threads
Alphabet length:21
1682 valid sequences out of 1682 
724 sites, none trimmed because no target specified
Theta not between 0 and 1, no sequence reweighting applied (N = 1682.00)
iter	time	obj	|x|	|g|	crit
1	18.4	986880.2	0.0	0.1	0.1
2	35.5	1226173.1	0.0	0.3	0.3
3	56.3	1109869.8	0.0	0.3	0.3
4	76.9	887321.8	0.0	0.3	0.3
5	97.7	848253.1	0.0	0.3	0.3
6	118.0	824036.9	0.0	0.3	0.3
7	141.6	767998.2	0.0	0.2	0.2
8	164.1	723678.6	0.0	0.2	0.2
9	186.3	682694.7	0.0	0.2	0.2
10	209.3	665004.9	0.0	0.2	0.2


murA_lpxC_filtered_cluster1_iter2:

OpenMP: Using 6 of 6 threads
Alphabet length:21
6620 valid sequences out of 6620 
724 sites, none trimmed because no target specified
Theta not between 0 and 1, no sequence reweighting applied (N = 6620.00)
iter	time	obj	|x|	|g|	crit
1	23.1	5737388.6	0.0	0.6	0.6
2	44.1	5293327.5	0.0	1.2	1.2
3	65.6	5211156.8	0.0	1.1	1.1
4	89.2	5005150.1	0.0	1.2	1.2
5	113.1	4256732.8	0.0	1.2	1.2
6	138.0	3922532.3	0.0	1.1	1.1
7	160.4	3557831.2	0.0	1.1	1.1
8	185.0	3299042.2	0.0	1.0	1.0
9	202.7	3102825.1	0.0	1.0	1.0
10	217.7	2897150.4	0.0	0.9	0.9


Iteration 3:
TERMINATING: Repeated cluster assignments
