tuning/outputs/tuning_run_50/ created
tuning/outputs/tuning_run_50/iterations/ created
tuning/outputs/tuning_run_50/output/ created
{'msa-file-name': 'murA_lpxC_filtered.fa', 'em_maxiter': 30, 'em_numclusters': 2, 'em_device': None, 'em_init': 'kmeans', 'em_no_iter_print': 0, 'plmc': '../../plmc/bin/plmc', 'output': 'tuning/outputs/tuning_run_50', 'fast': 0, 'scale': None, 'theta': '2', 'lambdah': '0.01', 'lambdae': '16.0', 'lambdag': None, 'gapignore': 0, 'maxiter': '2', 'ncores': 6, 'gapignore_tune': '0', 'fast_tune': '0', 'em_iter_print': 1, 'iterations_dir': 'tuning/outputs/tuning_run_50/iterations/', 'final_dir': 'tuning/outputs/tuning_run_50/output/', 'output_dir': 'tuning/outputs/tuning_run_50/', 'plmc_options': ['-t 2', '-lh 0.01', '-le 16.0', '-m 2', '-n 6'], 'device': device(type='cpu')}

Using cpu


Iteration 0:

murA_lpxC_filtered_cluster0_iter0:

OpenMP: Using 6 of 6 threads
Alphabet length:21
6622 valid sequences out of 6622 
724 sites, none trimmed because no target specified
Theta not between 0 and 1, no sequence reweighting applied (N = 6622.00)
iter	time	cond	fx	-loglk	||h||	||e||
1	71.1	1219.91	5412377.1	5411593.1	277.1	1.0
2	108.5	1250.75	4415386.4	4413827.0	277.1	7.0
Gradient optimization: MAXIMUMITERATION


murA_lpxC_filtered_cluster1_iter0:

OpenMP: Using 6 of 6 threads
Alphabet length:21
1680 valid sequences out of 1680 
724 sites, none trimmed because no target specified
Theta not between 0 and 1, no sequence reweighting applied (N = 1680.00)
iter	time	cond	fx	-loglk	||h||	||e||
1	24.5	378.79	903074.1	902511.2	233.9	1.0
2	40.4	327.94	718338.2	717377.9	233.9	5.1
Gradient optimization: MAXIMUMITERATION


Iteration 1:

murA_lpxC_filtered_cluster0_iter1:

OpenMP: Using 6 of 6 threads
Alphabet length:21
6641 valid sequences out of 6641 
724 sites, none trimmed because no target specified
Theta not between 0 and 1, no sequence reweighting applied (N = 6641.00)
iter	time	cond	fx	-loglk	||h||	||e||
1	78.3	1223.18	5439059.6	5438275.9	277.1	1.0
2	113.5	1243.80	4439482.8	4437930.3	277.1	7.0
Gradient optimization: MAXIMUMITERATION


murA_lpxC_filtered_cluster1_iter1:

OpenMP: Using 6 of 6 threads
Alphabet length:21
1661 valid sequences out of 1661 
724 sites, none trimmed because no target specified
Theta not between 0 and 1, no sequence reweighting applied (N = 1661.00)
iter	time	cond	fx	-loglk	||h||	||e||
1	26.5	374.03	874813.4	874248.6	234.3	1.0
2	50.5	333.79	689988.3	689006.2	234.3	5.2
Gradient optimization: MAXIMUMITERATION


Iteration 2:

murA_lpxC_filtered_cluster0_iter2:

OpenMP: Using 6 of 6 threads
Alphabet length:21
6643 valid sequences out of 6643 
724 sites, none trimmed because no target specified
Theta not between 0 and 1, no sequence reweighting applied (N = 6643.00)
iter	time	cond	fx	-loglk	||h||	||e||
1	79.2	1223.50	5442026.7	5441243.0	277.1	1.0
2	115.4	1242.77	4442194.2	4440642.5	277.1	7.0
Gradient optimization: MAXIMUMITERATION


murA_lpxC_filtered_cluster1_iter2:

OpenMP: Using 6 of 6 threads
Alphabet length:21
1659 valid sequences out of 1659 
724 sites, none trimmed because no target specified
Theta not between 0 and 1, no sequence reweighting applied (N = 1659.00)
iter	time	cond	fx	-loglk	||h||	||e||
1	25.5	373.34	871764.5	871199.2	234.4	1.0
2	48.8	334.63	686922.8	685937.5	234.4	5.2
Gradient optimization: MAXIMUMITERATION


Iteration 3:

murA_lpxC_filtered_cluster0_iter3:

OpenMP: Using 6 of 6 threads
Alphabet length:21
6648 valid sequences out of 6648 
724 sites, none trimmed because no target specified
Theta not between 0 and 1, no sequence reweighting applied (N = 6648.00)
iter	time	cond	fx	-loglk	||h||	||e||
1	77.8	1224.27	5448932.8	5448149.2	277.1	1.0
2	114.2	1241.62	4448552.6	4447002.3	277.0	7.0
Gradient optimization: MAXIMUMITERATION


murA_lpxC_filtered_cluster1_iter3:

OpenMP: Using 6 of 6 threads
Alphabet length:21
1654 valid sequences out of 1654 
724 sites, none trimmed because no target specified
Theta not between 0 and 1, no sequence reweighting applied (N = 1654.00)
iter	time	cond	fx	-loglk	||h||	||e||
1	26.0	371.98	864725.7	864159.8	234.5	1.0
2	48.6	336.86	679955.4	678964.0	234.5	5.3
Gradient optimization: MAXIMUMITERATION


Iteration 4:

murA_lpxC_filtered_cluster0_iter4:

OpenMP: Using 6 of 6 threads
Alphabet length:21
6649 valid sequences out of 6649 
724 sites, none trimmed because no target specified
Theta not between 0 and 1, no sequence reweighting applied (N = 6649.00)
iter	time	cond	fx	-loglk	||h||	||e||
1	78.9	1224.37	5450341.7	5449558.1	277.1	1.0
2	114.7	1241.35	4449860.7	4448310.7	277.1	7.0
Gradient optimization: MAXIMUMITERATION


murA_lpxC_filtered_cluster1_iter4:

OpenMP: Using 6 of 6 threads
Alphabet length:21
1653 valid sequences out of 1653 
724 sites, none trimmed because no target specified
Theta not between 0 and 1, no sequence reweighting applied (N = 1653.00)
iter	time	cond	fx	-loglk	||h||	||e||
1	26.0	371.71	863262.8	862696.6	234.6	1.0
2	48.5	337.13	678502.8	677510.2	234.6	5.3
Gradient optimization: MAXIMUMITERATION


Iteration 5:
TERMINATING: Repeated cluster assignments
