tuning/outputs/tuning_run_60/ created
tuning/outputs/tuning_run_60/iterations/ created
tuning/outputs/tuning_run_60/output/ created
{'msa-file-name': 'murA_lpxC_filtered.fa', 'em_maxiter': 30, 'em_numclusters': 2, 'em_device': None, 'em_init': 'kmeans', 'em_no_iter_print': 0, 'plmc': '../../plmc/bin/plmc', 'output': 'tuning/outputs/tuning_run_60', 'fast': 1, 'scale': None, 'theta': '2', 'lambdah': '0.01', 'lambdae': '16.0', 'lambdag': None, 'gapignore': 0, 'maxiter': '20', 'ncores': 6, 'gapignore_tune': '0', 'fast_tune': '1', 'em_iter_print': 1, 'iterations_dir': 'tuning/outputs/tuning_run_60/iterations/', 'final_dir': 'tuning/outputs/tuning_run_60/output/', 'output_dir': 'tuning/outputs/tuning_run_60/', 'plmc_options': ['-t 2', '-lh 0.01', '-le 16.0', '-m 20', '-n 6', '--fast'], 'device': device(type='cpu')}

Using cpu


Iteration 0:

murA_lpxC_filtered_cluster0_iter0:

OpenMP: Using 6 of 6 threads
Alphabet length:21
1680 valid sequences out of 1680 
724 sites, none trimmed because no target specified
Theta not between 0 and 1, no sequence reweighting applied (N = 1680.00)
iter	time	obj	|x|	|g|	crit
1	20.2	984703.2	0.0	0.1	0.1
2	38.0	1106569.9	0.0	0.2	0.2
3	61.8	1115413.0	0.0	0.3	0.3
4	84.3	891938.1	0.0	0.3	0.3
5	108.5	836830.4	0.0	0.3	0.3
6	132.8	798549.8	0.0	0.3	0.3
7	158.0	745184.2	0.0	0.2	0.2
8	182.0	684118.5	0.0	0.2	0.2
9	203.0	658078.4	0.0	0.2	0.2
10	223.0	625918.0	0.0	0.2	0.2
11	243.5	587404.9	0.0	0.2	0.2
12	264.8	544785.1	0.0	0.2	0.2
13	288.7	513144.6	0.0	0.2	0.2
14	310.9	480267.9	0.0	0.2	0.2
15	332.1	457561.6	0.0	0.2	0.2
16	353.1	447449.7	0.0	0.2	0.2
17	374.8	428946.4	0.0	0.1	0.1
18	394.2	402167.9	0.0	0.1	0.1
19	414.4	378911.3	0.0	0.1	0.1
20	437.0	362513.4	0.0	0.1	0.1


murA_lpxC_filtered_cluster1_iter0:

OpenMP: Using 6 of 6 threads
Alphabet length:21
6622 valid sequences out of 6622 
724 sites, none trimmed because no target specified
Theta not between 0 and 1, no sequence reweighting applied (N = 6622.00)
iter	time	obj	|x|	|g|	crit
1	26.4	5758773.6	0.0	0.6	0.6
2	50.2	5172706.7	0.0	1.1	1.1
3	77.3	5253613.4	0.0	1.1	1.1
4	102.6	4842055.9	0.0	1.2	1.2
5	130.6	4232550.3	0.0	1.1	1.1
6	157.1	3912992.3	0.0	1.1	1.1
7	185.7	3543344.1	0.0	1.0	1.0
8	206.5	3288178.2	0.0	1.0	1.0
9	233.3	3136881.6	0.0	1.0	1.0
10	257.9	2942585.2	0.0	0.9	0.9
11	285.0	2760699.9	0.0	0.9	0.9
12	308.1	2600946.4	0.0	0.8	0.8
13	331.4	2434564.5	0.0	0.8	0.8
14	355.7	2395592.9	0.0	0.8	0.8
15	379.5	2252640.0	0.0	0.7	0.7
16	404.3	2216396.8	0.0	0.7	0.7
17	422.7	2058334.8	0.0	0.7	0.7
18	441.6	1982215.7	0.0	0.6	0.6
19	459.8	1914671.5	0.0	0.6	0.6
20	477.5	1830848.1	0.0	0.6	0.6


Iteration 1:
TERMINATING: Repeated cluster assignments
