tuning/outputs/tuning_run_48/ created
tuning/outputs/tuning_run_48/iterations/ created
tuning/outputs/tuning_run_48/output/ created
{'msa-file-name': 'murA_lpxC_filtered.fa', 'em_maxiter': 30, 'em_numclusters': 2, 'em_device': None, 'em_init': 'kmeans', 'em_no_iter_print': 0, 'plmc': '../../plmc/bin/plmc', 'output': 'tuning/outputs/tuning_run_48', 'fast': 1, 'scale': None, 'theta': '2', 'lambdah': '0.01', 'lambdae': '16.0', 'lambdag': None, 'gapignore': 0, 'maxiter': '2', 'ncores': 6, 'gapignore_tune': '0', 'fast_tune': '1', 'em_iter_print': 1, 'iterations_dir': 'tuning/outputs/tuning_run_48/iterations/', 'final_dir': 'tuning/outputs/tuning_run_48/output/', 'output_dir': 'tuning/outputs/tuning_run_48/', 'plmc_options': ['-t 2', '-lh 0.01', '-le 16.0', '-m 2', '-n 6', '--fast'], 'device': device(type='cpu')}

Using cpu


Iteration 0:

murA_lpxC_filtered_cluster0_iter0:

OpenMP: Using 6 of 6 threads
Alphabet length:21
1680 valid sequences out of 1680 
724 sites, none trimmed because no target specified
Theta not between 0 and 1, no sequence reweighting applied (N = 1680.00)
iter	time	obj	|x|	|g|	crit
1	17.9	984703.2	0.0	0.1	0.1
2	33.1	1106569.9	0.0	0.2	0.2


murA_lpxC_filtered_cluster1_iter0:

OpenMP: Using 6 of 6 threads
Alphabet length:21
6622 valid sequences out of 6622 
724 sites, none trimmed because no target specified
Theta not between 0 and 1, no sequence reweighting applied (N = 6622.00)
iter	time	obj	|x|	|g|	crit
1	18.6	5758773.6	0.0	0.6	0.6
2	31.1	5172706.7	0.0	1.1	1.1


Iteration 1:

murA_lpxC_filtered_cluster0_iter1:

OpenMP: Using 6 of 6 threads
Alphabet length:21
1689 valid sequences out of 1689 
724 sites, none trimmed because no target specified
Theta not between 0 and 1, no sequence reweighting applied (N = 1689.00)
iter	time	obj	|x|	|g|	crit
1	18.2	999595.7	0.0	0.1	0.1
2	34.0	1239512.1	0.0	0.3	0.3


murA_lpxC_filtered_cluster1_iter1:

OpenMP: Using 6 of 6 threads
Alphabet length:21
6613 valid sequences out of 6613 
724 sites, none trimmed because no target specified
Theta not between 0 and 1, no sequence reweighting applied (N = 6613.00)
iter	time	obj	|x|	|g|	crit
1	18.2	5772152.8	0.0	0.6	0.6
2	30.5	5138381.3	0.0	1.2	1.2


Iteration 2:

murA_lpxC_filtered_cluster0_iter2:

OpenMP: Using 6 of 6 threads
Alphabet length:21
1697 valid sequences out of 1697 
724 sites, none trimmed because no target specified
Theta not between 0 and 1, no sequence reweighting applied (N = 1697.00)
iter	time	obj	|x|	|g|	crit
1	17.7	1019255.9	0.0	0.1	0.1
2	32.7	1125377.7	0.0	0.3	0.3


murA_lpxC_filtered_cluster1_iter2:

OpenMP: Using 6 of 6 threads
Alphabet length:21
6605 valid sequences out of 6605 
724 sites, none trimmed because no target specified
Theta not between 0 and 1, no sequence reweighting applied (N = 6605.00)
iter	time	obj	|x|	|g|	crit
1	17.8	5714354.4	0.0	0.6	0.6
2	30.8	5345797.9	0.0	1.2	1.2


Iteration 3:

murA_lpxC_filtered_cluster0_iter3:

OpenMP: Using 6 of 6 threads
Alphabet length:21
1707 valid sequences out of 1707 
724 sites, none trimmed because no target specified
Theta not between 0 and 1, no sequence reweighting applied (N = 1707.00)
iter	time	obj	|x|	|g|	crit
1	17.6	1040141.1	0.0	0.1	0.1
2	32.1	1185423.5	0.0	0.3	0.3


murA_lpxC_filtered_cluster1_iter3:

OpenMP: Using 6 of 6 threads
Alphabet length:21
6595 valid sequences out of 6595 
724 sites, none trimmed because no target specified
Theta not between 0 and 1, no sequence reweighting applied (N = 6595.00)
iter	time	obj	|x|	|g|	crit
1	18.1	5689909.6	0.0	0.6	0.6
2	32.4	5479256.2	0.0	1.2	1.2


Iteration 4:

murA_lpxC_filtered_cluster0_iter4:

OpenMP: Using 6 of 6 threads
Alphabet length:21
1712 valid sequences out of 1712 
724 sites, none trimmed because no target specified
Theta not between 0 and 1, no sequence reweighting applied (N = 1712.00)
iter	time	obj	|x|	|g|	crit
1	17.4	1048707.8	0.0	0.1	0.1
2	33.1	1230774.5	0.0	0.3	0.3


murA_lpxC_filtered_cluster1_iter4:

OpenMP: Using 6 of 6 threads
Alphabet length:21
6590 valid sequences out of 6590 
724 sites, none trimmed because no target specified
Theta not between 0 and 1, no sequence reweighting applied (N = 6590.00)
iter	time	obj	|x|	|g|	crit
1	18.0	5690947.7	0.0	0.6	0.6
2	30.9	5328555.1	0.0	1.2	1.2


Iteration 5:

murA_lpxC_filtered_cluster0_iter5:

OpenMP: Using 6 of 6 threads
Alphabet length:21
1713 valid sequences out of 1713 
724 sites, none trimmed because no target specified
Theta not between 0 and 1, no sequence reweighting applied (N = 1713.00)
iter	time	obj	|x|	|g|	crit
1	17.7	1057979.0	0.0	0.1	0.1
2	32.4	1183010.5	0.0	0.3	0.3


murA_lpxC_filtered_cluster1_iter5:

OpenMP: Using 6 of 6 threads
Alphabet length:21
6589 valid sequences out of 6589 
724 sites, none trimmed because no target specified
Theta not between 0 and 1, no sequence reweighting applied (N = 6589.00)
iter	time	obj	|x|	|g|	crit
1	17.7	5705374.2	0.0	0.6	0.6
2	30.3	5175431.6	0.0	1.2	1.2


Iteration 6:

murA_lpxC_filtered_cluster0_iter6:

OpenMP: Using 6 of 6 threads
Alphabet length:21
1718 valid sequences out of 1718 
724 sites, none trimmed because no target specified
Theta not between 0 and 1, no sequence reweighting applied (N = 1718.00)
iter	time	obj	|x|	|g|	crit
1	17.6	1052264.6	0.0	0.1	0.1
2	32.8	1214200.9	0.0	0.3	0.3


murA_lpxC_filtered_cluster1_iter6:

OpenMP: Using 6 of 6 threads
Alphabet length:21
6584 valid sequences out of 6584 
724 sites, none trimmed because no target specified
Theta not between 0 and 1, no sequence reweighting applied (N = 6584.00)
iter	time	obj	|x|	|g|	crit
1	17.4	5707163.8	0.0	0.6	0.6
2	30.2	5226346.0	0.0	1.2	1.2


Iteration 7:
TERMINATING: Repeated cluster assignments
