tuning/outputs/tuning_run_25/ created
tuning/outputs/tuning_run_25/iterations/ created
tuning/outputs/tuning_run_25/output/ created
{'msa-file-name': 'murA_lpxC_filtered.fa', 'em_maxiter': 30, 'em_numclusters': 2, 'em_device': None, 'em_init': 'random', 'em_no_iter_print': 0, 'plmc': '../../plmc/bin/plmc', 'output': 'tuning/outputs/tuning_run_25', 'fast': 1, 'scale': None, 'theta': '2', 'lambdah': '0.01', 'lambdae': '16.0', 'lambdag': None, 'gapignore': 1, 'maxiter': '10', 'ncores': 6, 'gapignore_tune': '1', 'fast_tune': '1', 'em_iter_print': 1, 'iterations_dir': 'tuning/outputs/tuning_run_25/iterations/', 'final_dir': 'tuning/outputs/tuning_run_25/output/', 'output_dir': 'tuning/outputs/tuning_run_25/', 'plmc_options': ['-t 2', '-lh 0.01', '-le 16.0', '-m 10', '-n 6', '-g', '--fast'], 'device': device(type='cpu')}

Using cpu


Iteration 0:

murA_lpxC_filtered_cluster0_iter0:

OpenMP: Using 6 of 6 threads
Alphabet length:21
4151 valid sequences out of 4151 
724 sites, none trimmed because no target specified
Theta not between 0 and 1, no sequence reweighting applied (N = 4151.00)
iter	time	obj	|x|	|g|	crit
1	23.6	3712928.8	0.0	0.6	0.6
2	44.8	3274714.3	0.0	0.8	0.8
3	65.3	3125845.0	0.0	0.8	0.8
4	85.8	2830559.9	0.0	0.8	0.8
5	105.9	2569810.7	0.0	0.8	0.8
6	126.8	2315663.2	0.0	0.7	0.7
7	146.6	2131790.5	0.0	0.7	0.7
8	166.2	1973491.1	0.0	0.7	0.7
9	185.0	1865695.9	0.0	0.6	0.6
10	204.0	1766233.7	0.0	0.6	0.6


murA_lpxC_filtered_cluster1_iter0:

OpenMP: Using 6 of 6 threads
Alphabet length:21
4151 valid sequences out of 4151 
724 sites, none trimmed because no target specified
Theta not between 0 and 1, no sequence reweighting applied (N = 4151.00)
iter	time	obj	|x|	|g|	crit
1	23.2	3754028.1	0.0	0.6	0.6
2	44.2	3128032.9	0.0	0.8	0.8
3	64.8	3152257.6	0.0	0.8	0.8
4	85.0	2915864.3	0.0	0.8	0.8
5	105.2	2543684.9	0.0	0.8	0.8
6	125.4	2289922.6	0.0	0.7	0.7
7	145.1	2125998.8	0.0	0.7	0.7
8	164.6	1976185.4	0.0	0.7	0.7
9	184.0	1857392.1	0.0	0.6	0.6
10	202.9	1734157.4	0.0	0.6	0.6


Iteration 1:

murA_lpxC_filtered_cluster0_iter1:

OpenMP: Using 6 of 6 threads
Alphabet length:21
4057 valid sequences out of 4057 
724 sites, none trimmed because no target specified
Theta not between 0 and 1, no sequence reweighting applied (N = 4057.00)
iter	time	obj	|x|	|g|	crit
1	22.0	3614977.7	0.0	0.5	0.5
2	42.0	3038925.8	0.0	0.8	0.8
3	62.5	2980216.1	0.0	0.8	0.8
4	82.6	2713578.8	0.0	0.8	0.8
5	102.3	2361107.4	0.0	0.7	0.7
6	122.0	2140367.0	0.0	0.7	0.7
7	141.4	1995055.9	0.0	0.7	0.7
8	161.0	1795577.5	0.0	0.6	0.6
9	180.3	1726378.5	0.0	0.6	0.6
10	198.6	1618545.6	0.0	0.6	0.6


murA_lpxC_filtered_cluster1_iter1:

OpenMP: Using 6 of 6 threads
Alphabet length:21
4245 valid sequences out of 4245 
724 sites, none trimmed because no target specified
Theta not between 0 and 1, no sequence reweighting applied (N = 4245.00)
iter	time	obj	|x|	|g|	crit
1	21.9	3821348.6	0.0	0.6	0.6
2	41.6	3292826.3	0.0	0.9	0.9
3	61.2	3071279.7	0.0	0.8	0.8
4	80.9	2841845.9	0.0	0.8	0.8
5	100.6	2532147.0	0.0	0.8	0.8
6	119.9	2288410.1	0.0	0.7	0.7
7	139.2	2097424.3	0.0	0.7	0.7
8	158.1	1954527.5	0.0	0.7	0.7
9	177.3	1832907.6	0.0	0.6	0.6
10	196.0	1730940.3	0.0	0.6	0.6


Iteration 2:

murA_lpxC_filtered_cluster0_iter2:

OpenMP: Using 6 of 6 threads
Alphabet length:21
4135 valid sequences out of 4135 
724 sites, none trimmed because no target specified
Theta not between 0 and 1, no sequence reweighting applied (N = 4135.00)
iter	time	obj	|x|	|g|	crit
1	23.3	3666996.2	0.0	0.6	0.6
2	42.7	3065978.9	0.0	0.8	0.8
3	62.3	2921510.2	0.0	0.8	0.8
4	82.4	2676473.3	0.0	0.8	0.8
5	102.4	2361558.1	0.0	0.7	0.7
6	121.8	2160097.3	0.0	0.7	0.7
7	140.6	1980466.9	0.0	0.7	0.7
8	158.2	1823452.9	0.0	0.6	0.6
9	176.5	1731871.0	0.0	0.6	0.6
10	195.9	1623547.2	0.0	0.6	0.6


murA_lpxC_filtered_cluster1_iter2:

OpenMP: Using 6 of 6 threads
Alphabet length:21
4167 valid sequences out of 4167 
724 sites, none trimmed because no target specified
Theta not between 0 and 1, no sequence reweighting applied (N = 4167.00)
iter	time	obj	|x|	|g|	crit
1	22.2	3754332.2	0.0	0.6	0.6
2	42.0	3182895.6	0.0	0.8	0.8
3	61.8	2997193.7	0.0	0.8	0.8
4	81.5	2714562.8	0.0	0.8	0.8
5	101.0	2386715.6	0.0	0.8	0.8
6	119.7	2171695.3	0.0	0.7	0.7
7	138.1	2026484.8	0.0	0.7	0.7
8	156.3	1846793.3	0.0	0.6	0.6
9	175.3	1779772.0	0.0	0.6	0.6
10	194.8	1675697.8	0.0	0.6	0.6


Iteration 3:

murA_lpxC_filtered_cluster0_iter3:

OpenMP: Using 6 of 6 threads
Alphabet length:21
4133 valid sequences out of 4133 
724 sites, none trimmed because no target specified
Theta not between 0 and 1, no sequence reweighting applied (N = 4133.00)
iter	time	obj	|x|	|g|	crit
1	22.6	3699968.0	0.0	0.6	0.6
2	42.2	3003838.4	0.0	0.8	0.8
3	61.9	2943046.8	0.0	0.8	0.8
4	81.4	2635236.1	0.0	0.8	0.8
5	101.6	2379754.0	0.0	0.7	0.7
6	121.5	2121410.2	0.0	0.7	0.7
7	141.1	1955692.8	0.0	0.7	0.7
8	161.2	1834113.8	0.0	0.6	0.6
9	181.3	1722280.2	0.0	0.6	0.6
10	201.3	1651458.1	0.0	0.6	0.6


murA_lpxC_filtered_cluster1_iter3:

OpenMP: Using 6 of 6 threads
Alphabet length:21
4169 valid sequences out of 4169 
724 sites, none trimmed because no target specified
Theta not between 0 and 1, no sequence reweighting applied (N = 4169.00)
iter	time	obj	|x|	|g|	crit
1	22.4	3759092.1	0.0	0.6	0.6
2	41.5	3128881.2	0.0	0.8	0.8
3	61.4	2869385.5	0.0	0.8	0.8
4	81.0	2651895.3	0.0	0.8	0.8
5	101.0	2355678.5	0.0	0.7	0.7
6	121.6	2178616.3	0.0	0.7	0.7
7	141.2	1980205.4	0.0	0.7	0.7
8	160.6	1850194.0	0.0	0.6	0.6
9	180.5	1742511.8	0.0	0.6	0.6
10	200.5	1622848.5	0.0	0.6	0.6


Iteration 4:

murA_lpxC_filtered_cluster0_iter4:

OpenMP: Using 6 of 6 threads
Alphabet length:21
4124 valid sequences out of 4124 
724 sites, none trimmed because no target specified
Theta not between 0 and 1, no sequence reweighting applied (N = 4124.00)
iter	time	obj	|x|	|g|	crit
1	22.9	3661578.3	0.0	0.6	0.6
2	43.0	2964802.7	0.0	0.8	0.8
3	62.9	2889354.3	0.0	0.8	0.8
4	82.6	2633746.2	0.0	0.8	0.8
5	102.6	2315299.6	0.0	0.7	0.7
6	122.9	2086912.4	0.0	0.7	0.7
7	143.1	1930832.9	0.0	0.7	0.7
8	162.9	1779607.1	0.0	0.6	0.6
9	182.5	1695979.0	0.0	0.6	0.6
10	201.9	1627594.3	0.0	0.6	0.6


murA_lpxC_filtered_cluster1_iter4:

OpenMP: Using 6 of 6 threads
Alphabet length:21
4178 valid sequences out of 4178 
724 sites, none trimmed because no target specified
Theta not between 0 and 1, no sequence reweighting applied (N = 4178.00)
iter	time	obj	|x|	|g|	crit
1	22.7	3777466.8	0.0	0.6	0.6
2	42.9	3097253.5	0.0	0.8	0.8
3	62.9	2903845.0	0.0	0.8	0.8
4	83.5	2593239.6	0.0	0.8	0.8
5	103.5	2282025.7	0.0	0.7	0.7
6	123.6	2145986.3	0.0	0.7	0.7
7	143.5	1957204.0	0.0	0.7	0.7
8	163.8	1799772.7	0.0	0.6	0.6
9	184.3	1676921.5	0.0	0.6	0.6
10	203.8	1608715.7	0.0	0.6	0.6


Iteration 5:

murA_lpxC_filtered_cluster0_iter5:

OpenMP: Using 6 of 6 threads
Alphabet length:21
4114 valid sequences out of 4114 
724 sites, none trimmed because no target specified
Theta not between 0 and 1, no sequence reweighting applied (N = 4114.00)
iter	time	obj	|x|	|g|	crit
1	22.1	3640585.1	0.0	0.6	0.6
2	41.4	3047434.0	0.0	0.8	0.8
3	61.1	2895531.1	0.0	0.8	0.8
4	80.7	2629903.4	0.0	0.8	0.8
5	100.7	2320018.9	0.0	0.7	0.7
6	120.8	2118907.1	0.0	0.7	0.7
7	140.8	1932521.4	0.0	0.7	0.7
8	161.3	1803186.7	0.0	0.6	0.6
9	181.4	1720262.3	0.0	0.6	0.6
10	201.5	1635988.9	0.0	0.6	0.6


murA_lpxC_filtered_cluster1_iter5:

OpenMP: Using 6 of 6 threads
Alphabet length:21
4188 valid sequences out of 4188 
724 sites, none trimmed because no target specified
Theta not between 0 and 1, no sequence reweighting applied (N = 4188.00)
iter	time	obj	|x|	|g|	crit
1	22.5	3777433.9	0.0	0.6	0.6
2	41.6	3059092.7	0.0	0.8	0.8
3	61.1	2928268.3	0.0	0.8	0.8
4	80.8	2649115.7	0.0	0.8	0.8
5	100.2	2380954.2	0.0	0.7	0.7
6	120.0	2178455.3	0.0	0.7	0.7
7	140.2	1947475.5	0.0	0.7	0.7
8	160.3	1830137.4	0.0	0.6	0.6
9	180.4	1734243.7	0.0	0.6	0.6
10	200.7	1623581.8	0.0	0.6	0.6


Iteration 6:

murA_lpxC_filtered_cluster0_iter6:

OpenMP: Using 6 of 6 threads
Alphabet length:21
4126 valid sequences out of 4126 
724 sites, none trimmed because no target specified
Theta not between 0 and 1, no sequence reweighting applied (N = 4126.00)
iter	time	obj	|x|	|g|	crit
1	22.9	3668923.7	0.0	0.6	0.6
2	43.3	3020074.1	0.0	0.8	0.8
3	63.5	2854532.6	0.0	0.8	0.8
4	84.4	2609836.3	0.0	0.8	0.8
5	104.1	2324406.4	0.0	0.7	0.7
6	124.2	2140638.2	0.0	0.7	0.7
7	144.4	1965611.3	0.0	0.7	0.7
8	164.5	1772513.5	0.0	0.6	0.6
9	184.5	1700779.6	0.0	0.6	0.6
10	204.4	1588087.7	0.0	0.6	0.6


murA_lpxC_filtered_cluster1_iter6:

OpenMP: Using 6 of 6 threads
Alphabet length:21
4176 valid sequences out of 4176 
724 sites, none trimmed because no target specified
Theta not between 0 and 1, no sequence reweighting applied (N = 4176.00)
iter	time	obj	|x|	|g|	crit
1	22.7	3758326.9	0.0	0.6	0.6
2	42.9	3079230.1	0.0	0.8	0.8
3	63.3	2887576.9	0.0	0.8	0.8
4	83.5	2656206.1	0.0	0.8	0.8
5	103.7	2342416.4	0.0	0.7	0.7
6	123.8	2143619.3	0.0	0.7	0.7
7	144.2	1938833.8	0.0	0.7	0.7
8	164.2	1826415.9	0.0	0.6	0.6
9	184.0	1735998.2	0.0	0.6	0.6
10	203.9	1652869.4	0.0	0.6	0.6


Iteration 7:

murA_lpxC_filtered_cluster0_iter7:

OpenMP: Using 6 of 6 threads
Alphabet length:21
4124 valid sequences out of 4124 
724 sites, none trimmed because no target specified
Theta not between 0 and 1, no sequence reweighting applied (N = 4124.00)
iter	time	obj	|x|	|g|	crit
1	22.7	3676089.4	0.0	0.6	0.6
2	43.4	2901915.0	0.0	0.8	0.8
3	63.5	2891815.3	0.0	0.8	0.8
4	83.1	2588135.1	0.0	0.8	0.8
5	102.2	2318623.7	0.0	0.7	0.7
6	121.6	2120317.7	0.0	0.7	0.7
7	141.0	1935707.8	0.0	0.7	0.7
8	160.6	1783417.7	0.0	0.6	0.6
9	180.2	1714465.1	0.0	0.6	0.6
10	200.5	1615092.4	0.0	0.6	0.6


murA_lpxC_filtered_cluster1_iter7:

OpenMP: Using 6 of 6 threads
Alphabet length:21
4178 valid sequences out of 4178 
724 sites, none trimmed because no target specified
Theta not between 0 and 1, no sequence reweighting applied (N = 4178.00)
iter	time	obj	|x|	|g|	crit
1	22.2	3779033.7	0.0	0.6	0.6
2	42.4	3024739.1	0.0	0.8	0.8
3	62.4	2889359.7	0.0	0.8	0.8
4	82.4	2625653.0	0.0	0.8	0.8
5	101.5	2393255.7	0.0	0.7	0.7
6	121.5	2143336.5	0.0	0.7	0.7
7	141.3	1940052.4	0.0	0.7	0.7
8	160.5	1815600.9	0.0	0.6	0.6
9	179.9	1706689.9	0.0	0.6	0.6
10	199.7	1603185.5	0.0	0.6	0.6


Iteration 8:

murA_lpxC_filtered_cluster0_iter8:

OpenMP: Using 6 of 6 threads
Alphabet length:21
4105 valid sequences out of 4105 
724 sites, none trimmed because no target specified
Theta not between 0 and 1, no sequence reweighting applied (N = 4105.00)
iter	time	obj	|x|	|g|	crit
1	22.7	3657602.3	0.0	0.6	0.6
2	43.7	2965966.6	0.0	0.8	0.8
3	63.5	2870180.5	0.0	0.8	0.8
4	83.1	2559184.5	0.0	0.8	0.8
5	102.4	2297479.2	0.0	0.7	0.7
6	121.4	2065609.0	0.0	0.7	0.7
7	141.0	1950446.1	0.0	0.7	0.7
8	159.5	1790717.0	0.0	0.6	0.6
9	179.3	1662697.5	0.0	0.6	0.6
10	199.0	1599434.1	0.0	0.6	0.6


murA_lpxC_filtered_cluster1_iter8:

OpenMP: Using 6 of 6 threads
Alphabet length:21
4197 valid sequences out of 4197 
724 sites, none trimmed because no target specified
Theta not between 0 and 1, no sequence reweighting applied (N = 4197.00)
iter	time	obj	|x|	|g|	crit
1	22.6	3794562.0	0.0	0.6	0.6
2	42.6	2968650.7	0.0	0.8	0.8
3	62.3	2900206.6	0.0	0.8	0.8
4	81.4	2610146.2	0.0	0.8	0.8
5	100.7	2383681.8	0.0	0.7	0.7
6	120.3	2093106.5	0.0	0.7	0.7
7	139.4	2000601.7	0.0	0.7	0.7
8	159.1	1819063.4	0.0	0.6	0.6
9	178.7	1736517.7	0.0	0.6	0.6
10	198.5	1620338.7	0.0	0.6	0.6


Iteration 9:

murA_lpxC_filtered_cluster0_iter9:

OpenMP: Using 6 of 6 threads
Alphabet length:21
4099 valid sequences out of 4099 
724 sites, none trimmed because no target specified
Theta not between 0 and 1, no sequence reweighting applied (N = 4099.00)
iter	time	obj	|x|	|g|	crit
1	22.8	3664097.2	0.0	0.6	0.6
2	43.5	2835778.7	0.0	0.8	0.8
3	63.8	2826020.0	0.0	0.7	0.7
4	83.8	2538026.4	0.0	0.7	0.7
5	103.7	2341726.4	0.0	0.7	0.7
6	123.7	2057105.5	0.0	0.7	0.7
7	143.3	1944859.3	0.0	0.6	0.6
8	163.2	1736665.3	0.0	0.6	0.6
9	182.8	1629784.0	0.0	0.6	0.6
10	201.7	1569525.9	0.0	0.5	0.5


murA_lpxC_filtered_cluster1_iter9:

OpenMP: Using 6 of 6 threads
Alphabet length:21
4203 valid sequences out of 4203 
724 sites, none trimmed because no target specified
Theta not between 0 and 1, no sequence reweighting applied (N = 4203.00)
iter	time	obj	|x|	|g|	crit
1	22.6	3783748.9	0.0	0.6	0.6
2	42.9	3124097.8	0.0	0.8	0.8
3	63.3	2941175.0	0.0	0.8	0.8
4	83.8	2643968.0	0.0	0.8	0.8
5	103.8	2327350.0	0.0	0.7	0.7
6	123.8	2126554.3	0.0	0.7	0.7
7	143.9	1993560.9	0.0	0.7	0.7
8	163.2	1822464.2	0.0	0.6	0.6
9	184.0	1749116.9	0.0	0.6	0.6
10	202.9	1627271.5	0.0	0.6	0.6


Iteration 10:

murA_lpxC_filtered_cluster0_iter10:

OpenMP: Using 6 of 6 threads
Alphabet length:21
4100 valid sequences out of 4100 
724 sites, none trimmed because no target specified
Theta not between 0 and 1, no sequence reweighting applied (N = 4100.00)
iter	time	obj	|x|	|g|	crit
1	22.1	3661458.3	0.0	0.6	0.6
2	42.0	2950665.3	0.0	0.8	0.8
3	62.0	2802762.4	0.0	0.8	0.8
4	81.7	2554989.1	0.0	0.8	0.8
5	101.8	2317536.4	0.0	0.7	0.7
6	121.3	2076168.2	0.0	0.7	0.7
7	140.4	1956619.1	0.0	0.7	0.7
8	159.6	1790449.0	0.0	0.6	0.6
9	178.6	1659736.8	0.0	0.6	0.6
10	198.1	1590866.6	0.0	0.6	0.6


murA_lpxC_filtered_cluster1_iter10:

OpenMP: Using 6 of 6 threads
Alphabet length:21
4202 valid sequences out of 4202 
724 sites, none trimmed because no target specified
Theta not between 0 and 1, no sequence reweighting applied (N = 4202.00)
iter	time	obj	|x|	|g|	crit
1	22.2	3772327.0	0.0	0.6	0.6
2	41.6	3106174.3	0.0	0.8	0.8
3	61.6	2931120.0	0.0	0.8	0.8
4	81.3	2615744.4	0.0	0.8	0.8
5	101.7	2379249.2	0.0	0.7	0.7
6	121.6	2128822.9	0.0	0.7	0.7
7	141.3	1985806.7	0.0	0.7	0.7
8	160.2	1807305.5	0.0	0.6	0.6
9	179.2	1718417.3	0.0	0.6	0.6
10	197.9	1605362.7	0.0	0.6	0.6


Iteration 11:

murA_lpxC_filtered_cluster0_iter11:

OpenMP: Using 6 of 6 threads
Alphabet length:21
4106 valid sequences out of 4106 
724 sites, none trimmed because no target specified
Theta not between 0 and 1, no sequence reweighting applied (N = 4106.00)
iter	time	obj	|x|	|g|	crit
1	23.1	3665501.8	0.0	0.6	0.6
2	43.4	2942040.0	0.0	0.8	0.8
3	63.9	2783024.7	0.0	0.8	0.8
4	83.6	2551181.0	0.0	0.8	0.8
5	103.7	2368157.0	0.0	0.7	0.7
6	123.7	2093757.1	0.0	0.7	0.7
7	143.7	1953962.6	0.0	0.7	0.7
8	163.6	1776898.3	0.0	0.6	0.6
9	183.5	1677504.2	0.0	0.6	0.6
10	203.8	1601640.7	0.0	0.6	0.6


murA_lpxC_filtered_cluster1_iter11:

OpenMP: Using 6 of 6 threads
Alphabet length:21
4196 valid sequences out of 4196 
724 sites, none trimmed because no target specified
Theta not between 0 and 1, no sequence reweighting applied (N = 4196.00)
iter	time	obj	|x|	|g|	crit
1	22.3	3780369.1	0.0	0.6	0.6
2	43.0	2902547.6	0.0	0.8	0.8
3	62.8	2951722.4	0.0	0.8	0.8
4	82.8	2572953.9	0.0	0.8	0.8
5	102.8	2331268.7	0.0	0.7	0.7
6	122.8	2115083.4	0.0	0.7	0.7
7	142.9	1934878.6	0.0	0.7	0.7
8	162.7	1777057.3	0.0	0.6	0.6
9	182.9	1681381.3	0.0	0.6	0.6
10	202.7	1613337.3	0.0	0.6	0.6


Iteration 12:

murA_lpxC_filtered_cluster0_iter12:

OpenMP: Using 6 of 6 threads
Alphabet length:21
4090 valid sequences out of 4090 
724 sites, none trimmed because no target specified
Theta not between 0 and 1, no sequence reweighting applied (N = 4090.00)
iter	time	obj	|x|	|g|	crit
1	23.2	3646745.5	0.0	0.6	0.6
2	43.8	2927019.3	0.0	0.8	0.8
3	63.5	2853007.3	0.0	0.8	0.8
4	83.5	2524713.0	0.0	0.8	0.8
5	103.8	2283274.9	0.0	0.7	0.7
6	123.8	2045353.3	0.0	0.7	0.7
7	143.7	1904875.2	0.0	0.6	0.6
8	163.4	1769853.5	0.0	0.6	0.6
9	183.2	1641482.2	0.0	0.6	0.6
10	202.9	1566240.3	0.0	0.5	0.5


murA_lpxC_filtered_cluster1_iter12:

OpenMP: Using 6 of 6 threads
Alphabet length:21
4212 valid sequences out of 4212 
724 sites, none trimmed because no target specified
Theta not between 0 and 1, no sequence reweighting applied (N = 4212.00)
iter	time	obj	|x|	|g|	crit
1	22.8	3801850.4	0.0	0.6	0.6
2	43.5	3022028.3	0.0	0.8	0.8
3	63.2	2949606.5	0.0	0.8	0.8
4	83.5	2653214.8	0.0	0.8	0.8
5	103.9	2356000.0	0.0	0.7	0.7
6	124.1	2119477.2	0.0	0.7	0.7
7	144.5	1941733.0	0.0	0.7	0.7
8	164.6	1804227.7	0.0	0.6	0.6
9	184.5	1726854.6	0.0	0.6	0.6
10	203.9	1630674.4	0.0	0.6	0.6


Iteration 13:

murA_lpxC_filtered_cluster0_iter13:

OpenMP: Using 6 of 6 threads
Alphabet length:21
4089 valid sequences out of 4089 
724 sites, none trimmed because no target specified
Theta not between 0 and 1, no sequence reweighting applied (N = 4089.00)
iter	time	obj	|x|	|g|	crit
1	23.4	3655127.8	0.0	0.6	0.6
2	45.9	2910987.7	0.0	0.8	0.8
3	66.6	2833626.3	0.0	0.8	0.8
4	86.4	2538046.4	0.0	0.8	0.8
5	106.9	2249788.9	0.0	0.7	0.7
6	125.4	2092085.7	0.0	0.7	0.7
7	144.0	1901993.0	0.0	0.6	0.6
8	162.4	1711168.4	0.0	0.6	0.6
9	181.5	1650158.4	0.0	0.6	0.6
10	199.2	1567859.8	0.0	0.5	0.5


murA_lpxC_filtered_cluster1_iter13:

OpenMP: Using 6 of 6 threads
Alphabet length:21
4213 valid sequences out of 4213 
724 sites, none trimmed because no target specified
Theta not between 0 and 1, no sequence reweighting applied (N = 4213.00)
iter	time	obj	|x|	|g|	crit
1	23.6	3795802.5	0.0	0.6	0.6
2	45.1	3058191.5	0.0	0.8	0.8
3	65.4	2934304.5	0.0	0.8	0.8
4	85.4	2593051.8	0.0	0.8	0.8
5	105.0	2297143.3	0.0	0.7	0.7
6	123.7	2151871.4	0.0	0.7	0.7
7	142.2	1969946.1	0.0	0.7	0.7
8	160.8	1792237.4	0.0	0.6	0.6
9	178.7	1719919.4	0.0	0.6	0.6
10	197.8	1631432.9	0.0	0.6	0.6


Iteration 14:

murA_lpxC_filtered_cluster0_iter14:

OpenMP: Using 6 of 6 threads
Alphabet length:21
4082 valid sequences out of 4082 
724 sites, none trimmed because no target specified
Theta not between 0 and 1, no sequence reweighting applied (N = 4082.00)
iter	time	obj	|x|	|g|	crit
1	22.4	3653844.6	0.0	0.6	0.6
2	42.4	2784124.8	0.0	0.8	0.8
3	61.9	2823853.9	0.0	0.7	0.7
4	80.8	2470270.0	0.0	0.7	0.7
5	100.3	2305672.8	0.0	0.7	0.7
6	119.7	2064016.9	0.0	0.7	0.7
7	139.4	1906308.9	0.0	0.6	0.6
8	158.7	1711423.2	0.0	0.6	0.6
9	178.7	1616192.6	0.0	0.6	0.6
10	198.6	1562170.9	0.0	0.5	0.5


murA_lpxC_filtered_cluster1_iter14:

OpenMP: Using 6 of 6 threads
Alphabet length:21
4220 valid sequences out of 4220 
724 sites, none trimmed because no target specified
Theta not between 0 and 1, no sequence reweighting applied (N = 4220.00)
iter	time	obj	|x|	|g|	crit
1	22.3	3813830.3	0.0	0.6	0.6
2	42.2	3016392.7	0.0	0.8	0.8
3	61.6	2931306.8	0.0	0.8	0.8
4	80.5	2550767.6	0.0	0.8	0.8
5	99.6	2319029.2	0.0	0.7	0.7
6	119.4	2161415.3	0.0	0.7	0.7
7	139.1	1981248.5	0.0	0.7	0.7
8	158.2	1806516.0	0.0	0.6	0.6
9	177.5	1738791.6	0.0	0.6	0.6
10	197.6	1636902.7	0.0	0.6	0.6


Iteration 15:

murA_lpxC_filtered_cluster0_iter15:

OpenMP: Using 6 of 6 threads
Alphabet length:21
4070 valid sequences out of 4070 
724 sites, none trimmed because no target specified
Theta not between 0 and 1, no sequence reweighting applied (N = 4070.00)
iter	time	obj	|x|	|g|	crit
1	22.5	3630599.4	0.0	0.6	0.6
2	43.0	2904646.4	0.0	0.8	0.8
3	63.0	2767000.4	0.0	0.8	0.8
4	82.6	2498260.9	0.0	0.7	0.7
5	101.6	2202177.6	0.0	0.7	0.7
6	120.7	2069909.3	0.0	0.7	0.7
7	139.4	1889977.7	0.0	0.6	0.6
8	157.5	1728910.8	0.0	0.6	0.6
9	176.3	1632779.4	0.0	0.6	0.6
10	195.2	1546560.0	0.0	0.5	0.5


murA_lpxC_filtered_cluster1_iter15:

OpenMP: Using 6 of 6 threads
Alphabet length:21
4232 valid sequences out of 4232 
724 sites, none trimmed because no target specified
Theta not between 0 and 1, no sequence reweighting applied (N = 4232.00)
iter	time	obj	|x|	|g|	crit
1	22.3	3799378.2	0.0	0.6	0.6
2	42.5	3198672.8	0.0	0.8	0.8
3	63.3	2983217.3	0.0	0.8	0.8
4	83.8	2581250.3	0.0	0.8	0.8
5	103.0	2309200.4	0.0	0.8	0.8
6	121.9	2161808.1	0.0	0.7	0.7
7	141.0	1990207.8	0.0	0.7	0.7
8	158.5	1853786.7	0.0	0.6	0.6
9	177.1	1782158.3	0.0	0.6	0.6
10	195.9	1628234.9	0.0	0.6	0.6


Iteration 16:

murA_lpxC_filtered_cluster0_iter16:

OpenMP: Using 6 of 6 threads
Alphabet length:21
4081 valid sequences out of 4081 
724 sites, none trimmed because no target specified
Theta not between 0 and 1, no sequence reweighting applied (N = 4081.00)
iter	time	obj	|x|	|g|	crit
1	23.1	3655729.4	0.0	0.6	0.6
2	44.0	2745906.6	0.0	0.8	0.8
3	64.7	2806637.0	0.0	0.7	0.7
4	84.5	2496742.0	0.0	0.7	0.7
5	104.4	2270458.3	0.0	0.7	0.7
6	124.1	2086552.3	0.0	0.7	0.7
7	143.3	1831189.4	0.0	0.6	0.6
8	163.0	1737960.6	0.0	0.6	0.6
9	181.9	1599101.6	0.0	0.6	0.6
10	201.7	1544818.0	0.0	0.5	0.5


murA_lpxC_filtered_cluster1_iter16:

OpenMP: Using 6 of 6 threads
Alphabet length:21
4221 valid sequences out of 4221 
724 sites, none trimmed because no target specified
Theta not between 0 and 1, no sequence reweighting applied (N = 4221.00)
iter	time	obj	|x|	|g|	crit
1	22.3	3782121.8	0.0	0.6	0.6
2	43.4	3104877.5	0.0	0.8	0.8
3	64.2	2914722.7	0.0	0.8	0.8
4	83.9	2592074.0	0.0	0.8	0.8
5	104.3	2291870.4	0.0	0.7	0.7
6	124.4	2164321.0	0.0	0.7	0.7
7	144.4	1989005.1	0.0	0.7	0.7
8	164.1	1848607.9	0.0	0.6	0.6
9	183.2	1727699.8	0.0	0.6	0.6
10	202.1	1650353.8	0.0	0.6	0.6


Iteration 17:

murA_lpxC_filtered_cluster0_iter17:

OpenMP: Using 6 of 6 threads
Alphabet length:21
4089 valid sequences out of 4089 
724 sites, none trimmed because no target specified
Theta not between 0 and 1, no sequence reweighting applied (N = 4089.00)
iter	time	obj	|x|	|g|	crit
1	22.4	3637620.7	0.0	0.6	0.6
2	42.7	2843396.1	0.0	0.8	0.8
3	62.0	2864690.0	0.0	0.8	0.8
4	80.8	2511181.8	0.0	0.8	0.8
5	99.7	2279019.9	0.0	0.7	0.7
6	118.4	2090120.6	0.0	0.7	0.7
7	136.7	1899526.6	0.0	0.6	0.6
8	154.5	1724506.4	0.0	0.6	0.6
9	171.7	1667365.0	0.0	0.6	0.6
10	188.5	1586995.6	0.0	0.5	0.5


murA_lpxC_filtered_cluster1_iter17:

OpenMP: Using 6 of 6 threads
Alphabet length:21
4213 valid sequences out of 4213 
724 sites, none trimmed because no target specified
Theta not between 0 and 1, no sequence reweighting applied (N = 4213.00)
iter	time	obj	|x|	|g|	crit
1	22.7	3798790.8	0.0	0.6	0.6
2	44.3	3041278.1	0.0	0.8	0.8
3	63.7	2986956.6	0.0	0.8	0.8
4	82.2	2556084.3	0.0	0.8	0.8
5	102.0	2251732.1	0.0	0.7	0.7
6	121.1	2152936.7	0.0	0.7	0.7
7	138.9	1973556.5	0.0	0.7	0.7
8	157.8	1802097.8	0.0	0.6	0.6
9	175.2	1724432.3	0.0	0.6	0.6
10	191.7	1641386.1	0.0	0.6	0.6


Iteration 18:

murA_lpxC_filtered_cluster0_iter18:

OpenMP: Using 6 of 6 threads
Alphabet length:21
4088 valid sequences out of 4088 
724 sites, none trimmed because no target specified
Theta not between 0 and 1, no sequence reweighting applied (N = 4088.00)
iter	time	obj	|x|	|g|	crit
1	23.5	3649776.6	0.0	0.6	0.6
2	45.0	2896072.6	0.0	0.8	0.8
3	66.1	2812390.0	0.0	0.7	0.7
4	85.8	2539804.8	0.0	0.7	0.7
5	106.4	2275237.5	0.0	0.7	0.7
6	126.8	2079459.2	0.0	0.7	0.7
7	147.2	1882060.1	0.0	0.6	0.6
8	167.1	1719906.1	0.0	0.6	0.6
9	186.8	1619250.9	0.0	0.6	0.6
10	206.2	1582861.7	0.0	0.5	0.5


murA_lpxC_filtered_cluster1_iter18:

OpenMP: Using 6 of 6 threads
Alphabet length:21
4214 valid sequences out of 4214 
724 sites, none trimmed because no target specified
Theta not between 0 and 1, no sequence reweighting applied (N = 4214.00)
iter	time	obj	|x|	|g|	crit
1	23.5	3789776.1	0.0	0.6	0.6
2	44.9	3065753.9	0.0	0.8	0.8
3	65.6	2906354.9	0.0	0.8	0.8
4	86.0	2640832.5	0.0	0.8	0.8
5	106.7	2328815.5	0.0	0.7	0.7
6	127.3	2101344.9	0.0	0.7	0.7
7	148.0	2005776.4	0.0	0.7	0.7
8	168.2	1837346.2	0.0	0.6	0.6
9	188.6	1720092.7	0.0	0.6	0.6
10	207.9	1643965.8	0.0	0.6	0.6


Iteration 19:

murA_lpxC_filtered_cluster0_iter19:

OpenMP: Using 6 of 6 threads
Alphabet length:21
4098 valid sequences out of 4098 
724 sites, none trimmed because no target specified
Theta not between 0 and 1, no sequence reweighting applied (N = 4098.00)
iter	time	obj	|x|	|g|	crit
1	22.6	3654560.2	0.0	0.6	0.6
2	43.1	2872014.9	0.0	0.8	0.8
3	62.8	2772419.1	0.0	0.8	0.8
4	83.1	2551327.0	0.0	0.8	0.8
5	103.0	2289231.5	0.0	0.7	0.7
6	122.0	2077783.1	0.0	0.7	0.7
7	140.4	1906885.2	0.0	0.6	0.6
8	158.3	1735512.7	0.0	0.6	0.6
9	175.0	1606823.9	0.0	0.6	0.6
10	191.9	1557049.6	0.0	0.5	0.5


murA_lpxC_filtered_cluster1_iter19:

OpenMP: Using 6 of 6 threads
Alphabet length:21
4204 valid sequences out of 4204 
724 sites, none trimmed because no target specified
Theta not between 0 and 1, no sequence reweighting applied (N = 4204.00)
iter	time	obj	|x|	|g|	crit
1	22.5	3774730.1	0.0	0.6	0.6
2	43.4	3061752.8	0.0	0.8	0.8
3	63.4	2888221.7	0.0	0.8	0.8
4	83.7	2558725.6	0.0	0.8	0.8
5	104.1	2315308.9	0.0	0.7	0.7
6	123.6	2105797.2	0.0	0.7	0.7
7	142.0	1954310.9	0.0	0.7	0.7
8	160.8	1848531.2	0.0	0.6	0.6
9	178.4	1712330.6	0.0	0.6	0.6
10	195.1	1605444.2	0.0	0.6	0.6


Iteration 20:

murA_lpxC_filtered_cluster0_iter20:

OpenMP: Using 6 of 6 threads
Alphabet length:21
4097 valid sequences out of 4097 
724 sites, none trimmed because no target specified
Theta not between 0 and 1, no sequence reweighting applied (N = 4097.00)
iter	time	obj	|x|	|g|	crit
1	21.7	3658077.6	0.0	0.6	0.6
2	41.5	2852861.3	0.0	0.8	0.8
3	60.9	2777377.7	0.0	0.7	0.7
4	80.2	2474599.0	0.0	0.7	0.7
5	99.6	2251533.4	0.0	0.7	0.7
6	118.8	2048499.9	0.0	0.7	0.7
7	138.0	1859136.4	0.0	0.6	0.6
8	157.7	1735838.8	0.0	0.6	0.6
9	176.9	1608421.8	0.0	0.6	0.6
10	196.2	1544936.9	0.0	0.5	0.5


murA_lpxC_filtered_cluster1_iter20:

OpenMP: Using 6 of 6 threads
Alphabet length:21
4205 valid sequences out of 4205 
724 sites, none trimmed because no target specified
Theta not between 0 and 1, no sequence reweighting applied (N = 4205.00)
iter	time	obj	|x|	|g|	crit
1	21.3	3771257.6	0.0	0.6	0.6
2	40.8	3210350.7	0.0	0.8	0.8
3	60.5	2972887.4	0.0	0.8	0.8
4	79.6	2601409.8	0.0	0.8	0.8
5	99.0	2335422.0	0.0	0.8	0.8
6	118.6	2104583.0	0.0	0.7	0.7
7	137.5	1951567.1	0.0	0.7	0.7
8	157.6	1822691.5	0.0	0.6	0.6
9	176.8	1717113.2	0.0	0.6	0.6
10	195.8	1614151.2	0.0	0.6	0.6


Iteration 21:

murA_lpxC_filtered_cluster0_iter21:

OpenMP: Using 6 of 6 threads
Alphabet length:21
4100 valid sequences out of 4100 
724 sites, none trimmed because no target specified
Theta not between 0 and 1, no sequence reweighting applied (N = 4100.00)
iter	time	obj	|x|	|g|	crit
1	21.7	3646243.1	0.0	0.6	0.6
2	41.6	2914719.8	0.0	0.8	0.8
3	60.7	2852785.7	0.0	0.8	0.8
4	80.1	2523744.1	0.0	0.8	0.8
5	99.6	2285070.0	0.0	0.7	0.7
6	118.5	2066279.5	0.0	0.7	0.7
7	137.5	1910643.7	0.0	0.7	0.7
8	156.7	1760924.7	0.0	0.6	0.6
9	176.2	1659497.7	0.0	0.6	0.6
10	195.5	1567299.7	0.0	0.6	0.6


murA_lpxC_filtered_cluster1_iter21:

OpenMP: Using 6 of 6 threads
Alphabet length:21
4202 valid sequences out of 4202 
724 sites, none trimmed because no target specified
Theta not between 0 and 1, no sequence reweighting applied (N = 4202.00)
iter	time	obj	|x|	|g|	crit
1	21.5	3767284.8	0.0	0.6	0.6
2	40.8	3106174.3	0.0	0.8	0.8
3	60.3	3024771.7	0.0	0.8	0.8
4	79.6	2634135.1	0.0	0.8	0.8
5	100.0	2337168.2	0.0	0.7	0.7
6	118.8	2132125.1	0.0	0.7	0.7
7	137.9	1965851.8	0.0	0.7	0.7
8	156.4	1791324.4	0.0	0.6	0.6
9	175.3	1683400.0	0.0	0.6	0.6
10	194.8	1599023.4	0.0	0.6	0.6


Iteration 22:

murA_lpxC_filtered_cluster0_iter22:

OpenMP: Using 6 of 6 threads
Alphabet length:21
4102 valid sequences out of 4102 
724 sites, none trimmed because no target specified
Theta not between 0 and 1, no sequence reweighting applied (N = 4102.00)
iter	time	obj	|x|	|g|	crit
1	21.8	3654126.7	0.0	0.6	0.6
2	41.7	2892418.4	0.0	0.8	0.8
3	61.0	2835891.4	0.0	0.8	0.8
4	80.4	2535673.4	0.0	0.8	0.8
5	99.4	2259873.7	0.0	0.7	0.7
6	118.5	2051189.9	0.0	0.7	0.7
7	137.6	1896874.6	0.0	0.6	0.6
8	156.2	1714850.7	0.0	0.6	0.6
9	175.0	1650752.3	0.0	0.6	0.6
10	193.9	1521438.9	0.0	0.5	0.5


murA_lpxC_filtered_cluster1_iter22:

OpenMP: Using 6 of 6 threads
Alphabet length:21
4200 valid sequences out of 4200 
724 sites, none trimmed because no target specified
Theta not between 0 and 1, no sequence reweighting applied (N = 4200.00)
iter	time	obj	|x|	|g|	crit
1	21.7	3786838.5	0.0	0.6	0.6
2	41.2	3030859.9	0.0	0.8	0.8
3	60.6	2961443.4	0.0	0.8	0.8
4	80.0	2600702.3	0.0	0.8	0.8
5	99.3	2315459.0	0.0	0.7	0.7
6	118.5	2106922.4	0.0	0.7	0.7
7	137.5	1966541.6	0.0	0.7	0.7
8	156.4	1812223.4	0.0	0.6	0.6
9	175.1	1701929.7	0.0	0.6	0.6
10	193.8	1619531.3	0.0	0.6	0.6


Iteration 23:

murA_lpxC_filtered_cluster0_iter23:

OpenMP: Using 6 of 6 threads
Alphabet length:21
4099 valid sequences out of 4099 
724 sites, none trimmed because no target specified
Theta not between 0 and 1, no sequence reweighting applied (N = 4099.00)
iter	time	obj	|x|	|g|	crit
1	21.1	3657325.9	0.0	0.6	0.6
2	39.6	2866667.4	0.0	0.8	0.8
3	57.6	2842436.7	0.0	0.8	0.8
4	75.6	2560412.7	0.0	0.7	0.7
5	93.3	2277862.1	0.0	0.7	0.7
6	111.2	2039583.7	0.0	0.7	0.7
7	128.5	1888019.4	0.0	0.7	0.7
8	146.2	1739146.6	0.0	0.6	0.6
9	164.1	1661916.9	0.0	0.6	0.6
10	182.2	1559798.1	0.0	0.5	0.5


murA_lpxC_filtered_cluster1_iter23:

OpenMP: Using 6 of 6 threads
Alphabet length:21
4203 valid sequences out of 4203 
724 sites, none trimmed because no target specified
Theta not between 0 and 1, no sequence reweighting applied (N = 4203.00)
iter	time	obj	|x|	|g|	crit
1	21.5	3802443.8	0.0	0.6	0.6
2	40.3	3006453.3	0.0	0.8	0.8
3	58.9	2895272.6	0.0	0.8	0.8
4	76.9	2614616.7	0.0	0.8	0.8
5	94.8	2319172.7	0.0	0.7	0.7
6	112.7	2087381.9	0.0	0.7	0.7
7	130.1	1927294.0	0.0	0.7	0.7
8	147.8	1801321.4	0.0	0.6	0.6
9	164.9	1709281.0	0.0	0.6	0.6
10	182.4	1611831.2	0.0	0.6	0.6


Iteration 24:

murA_lpxC_filtered_cluster0_iter24:

OpenMP: Using 6 of 6 threads
Alphabet length:21
4104 valid sequences out of 4104 
724 sites, none trimmed because no target specified
Theta not between 0 and 1, no sequence reweighting applied (N = 4104.00)
iter	time	obj	|x|	|g|	crit
1	22.2	3659052.2	0.0	0.6	0.6
2	43.0	2833432.8	0.0	0.8	0.8
3	63.2	2782634.0	0.0	0.8	0.8
4	83.1	2511765.2	0.0	0.7	0.7
5	103.5	2276167.8	0.0	0.7	0.7
6	124.2	2066099.7	0.0	0.7	0.7
7	144.7	1889555.4	0.0	0.6	0.6
8	162.6	1721661.9	0.0	0.6	0.6
9	180.9	1627217.9	0.0	0.6	0.6
10	198.6	1553762.9	0.0	0.5	0.5


murA_lpxC_filtered_cluster1_iter24:

OpenMP: Using 6 of 6 threads
Alphabet length:21
4198 valid sequences out of 4198 
724 sites, none trimmed because no target specified
Theta not between 0 and 1, no sequence reweighting applied (N = 4198.00)
iter	time	obj	|x|	|g|	crit
1	21.8	3774008.0	0.0	0.6	0.6
2	42.4	3098882.9	0.0	0.8	0.8
3	62.7	2946333.9	0.0	0.8	0.8
4	83.1	2613182.0	0.0	0.8	0.8
5	103.0	2370201.6	0.0	0.7	0.7
6	122.4	2130032.8	0.0	0.7	0.7
7	141.0	1979911.3	0.0	0.7	0.7
8	158.9	1796826.9	0.0	0.6	0.6
9	177.0	1702577.3	0.0	0.6	0.6
10	194.4	1620091.5	0.0	0.6	0.6


Iteration 25:

murA_lpxC_filtered_cluster0_iter25:

OpenMP: Using 6 of 6 threads
Alphabet length:21
4102 valid sequences out of 4102 
724 sites, none trimmed because no target specified
Theta not between 0 and 1, no sequence reweighting applied (N = 4102.00)
iter	time	obj	|x|	|g|	crit
1	22.8	3638581.9	0.0	0.6	0.6
2	43.3	2956639.6	0.0	0.8	0.8
3	64.3	2800855.0	0.0	0.8	0.8
4	85.0	2538601.7	0.0	0.8	0.8
5	105.4	2277623.7	0.0	0.7	0.7
6	125.5	2031080.6	0.0	0.7	0.7
7	146.2	1905071.4	0.0	0.6	0.6
8	166.5	1738354.5	0.0	0.6	0.6
9	187.2	1629362.7	0.0	0.6	0.6
10	207.8	1563102.1	0.0	0.5	0.5


murA_lpxC_filtered_cluster1_iter25:

OpenMP: Using 6 of 6 threads
Alphabet length:21
4200 valid sequences out of 4200 
724 sites, none trimmed because no target specified
Theta not between 0 and 1, no sequence reweighting applied (N = 4200.00)
iter	time	obj	|x|	|g|	crit
1	22.6	3788993.3	0.0	0.6	0.6
2	43.3	3140068.3	0.0	0.8	0.8
3	63.3	2920550.9	0.0	0.8	0.8
4	83.5	2604016.9	0.0	0.8	0.8
5	104.3	2365399.6	0.0	0.7	0.7
6	124.8	2138823.7	0.0	0.7	0.7
7	145.4	1980641.1	0.0	0.7	0.7
8	166.0	1810484.7	0.0	0.6	0.6
9	186.9	1689381.7	0.0	0.6	0.6
10	207.2	1634170.5	0.0	0.6	0.6


Iteration 26:

murA_lpxC_filtered_cluster0_iter26:

OpenMP: Using 6 of 6 threads
Alphabet length:21
4101 valid sequences out of 4101 
724 sites, none trimmed because no target specified
Theta not between 0 and 1, no sequence reweighting applied (N = 4101.00)
iter	time	obj	|x|	|g|	crit
1	22.7	3641737.8	0.0	0.6	0.6
2	44.2	2887362.7	0.0	0.8	0.8
3	65.3	2850100.1	0.0	0.8	0.8
4	86.4	2485176.9	0.0	0.8	0.8
5	107.1	2292819.2	0.0	0.7	0.7
6	127.9	2047359.9	0.0	0.7	0.7
7	147.6	1888862.5	0.0	0.6	0.6
8	167.6	1697205.0	0.0	0.6	0.6
9	187.0	1651867.0	0.0	0.6	0.6
10	206.7	1556934.8	0.0	0.5	0.5


murA_lpxC_filtered_cluster1_iter26:

OpenMP: Using 6 of 6 threads
Alphabet length:21
4201 valid sequences out of 4201 
724 sites, none trimmed because no target specified
Theta not between 0 and 1, no sequence reweighting applied (N = 4201.00)
iter	time	obj	|x|	|g|	crit
1	22.8	3784549.5	0.0	0.6	0.6
2	43.6	3046731.8	0.0	0.8	0.8
3	64.8	2908384.6	0.0	0.8	0.8
4	85.7	2575344.3	0.0	0.8	0.8
5	107.0	2322206.8	0.0	0.7	0.7
6	128.2	2145831.0	0.0	0.7	0.7
7	149.0	1968406.8	0.0	0.7	0.7
8	169.3	1790002.6	0.0	0.6	0.6
9	189.1	1732379.5	0.0	0.6	0.6
10	208.9	1623604.4	0.0	0.6	0.6


Iteration 27:

murA_lpxC_filtered_cluster0_iter27:

OpenMP: Using 6 of 6 threads
Alphabet length:21
4097 valid sequences out of 4097 
724 sites, none trimmed because no target specified
Theta not between 0 and 1, no sequence reweighting applied (N = 4097.00)
iter	time	obj	|x|	|g|	crit
1	23.9	3655376.0	0.0	0.6	0.6
2	45.9	2802751.6	0.0	0.8	0.8
3	67.0	2810721.4	0.0	0.8	0.8
4	88.5	2487038.6	0.0	0.7	0.7
5	108.3	2309446.1	0.0	0.7	0.7
6	126.4	2059803.9	0.0	0.7	0.7
7	144.4	1883939.4	0.0	0.6	0.6
8	161.7	1702702.9	0.0	0.6	0.6
9	178.2	1645720.3	0.0	0.6	0.6
10	195.9	1557278.7	0.0	0.5	0.5


murA_lpxC_filtered_cluster1_iter27:

OpenMP: Using 6 of 6 threads
Alphabet length:21
4205 valid sequences out of 4205 
724 sites, none trimmed because no target specified
Theta not between 0 and 1, no sequence reweighting applied (N = 4205.00)
iter	time	obj	|x|	|g|	crit
1	24.3	3786933.4	0.0	0.6	0.6
2	46.9	2999413.2	0.0	0.8	0.8
3	68.5	2919742.3	0.0	0.8	0.8
4	90.8	2571996.6	0.0	0.8	0.8
5	111.7	2328152.7	0.0	0.7	0.7
6	131.5	2093040.1	0.0	0.7	0.7
7	150.9	1924073.1	0.0	0.7	0.7
8	169.9	1770658.1	0.0	0.6	0.6
9	188.3	1734893.1	0.0	0.6	0.6
10	203.2	1611157.4	0.0	0.6	0.6


Iteration 28:

murA_lpxC_filtered_cluster0_iter28:

OpenMP: Using 6 of 6 threads
Alphabet length:21
4097 valid sequences out of 4097 
724 sites, none trimmed because no target specified
Theta not between 0 and 1, no sequence reweighting applied (N = 4097.00)
iter	time	obj	|x|	|g|	crit
1	24.1	3640084.7	0.0	0.6	0.6
2	46.4	2844663.2	0.0	0.8	0.8
3	68.1	2804254.7	0.0	0.8	0.8
4	90.0	2487533.3	0.0	0.7	0.7
5	112.7	2293738.1	0.0	0.7	0.7
6	134.2	2054981.9	0.0	0.7	0.7
7	153.2	1886074.5	0.0	0.6	0.6
8	173.2	1718731.0	0.0	0.6	0.6
9	194.7	1658672.1	0.0	0.6	0.6
10	211.2	1558957.6	0.0	0.5	0.5


murA_lpxC_filtered_cluster1_iter28:

OpenMP: Using 6 of 6 threads
Alphabet length:21
4205 valid sequences out of 4205 
724 sites, none trimmed because no target specified
Theta not between 0 and 1, no sequence reweighting applied (N = 4205.00)
iter	time	obj	|x|	|g|	crit
1	23.8	3773084.3	0.0	0.6	0.6
2	45.8	3123744.7	0.0	0.8	0.8
3	67.9	2958648.3	0.0	0.8	0.8
4	89.3	2615852.4	0.0	0.8	0.8
5	110.4	2323380.3	0.0	0.7	0.7
6	130.5	2122518.0	0.0	0.7	0.7
7	150.1	1984829.1	0.0	0.7	0.7
8	170.5	1810064.5	0.0	0.6	0.6
9	189.9	1727699.6	0.0	0.6	0.6
10	208.3	1633258.2	0.0	0.6	0.6


Iteration 29:

murA_lpxC_filtered_cluster0_iter29:

OpenMP: Using 6 of 6 threads
Alphabet length:21
4096 valid sequences out of 4096 
724 sites, none trimmed because no target specified
Theta not between 0 and 1, no sequence reweighting applied (N = 4096.00)
iter	time	obj	|x|	|g|	crit
1	22.6	3651064.6	0.0	0.6	0.6
2	44.3	2852465.0	0.0	0.8	0.8
3	64.6	2829834.2	0.0	0.8	0.8
4	84.7	2519477.7	0.0	0.7	0.7
5	104.0	2278601.1	0.0	0.7	0.7
6	122.4	2039450.9	0.0	0.7	0.7
7	141.2	1846719.3	0.0	0.6	0.6
8	160.9	1710259.1	0.0	0.6	0.6
9	179.8	1628822.5	0.0	0.6	0.6
10	199.4	1542241.7	0.0	0.5	0.5


murA_lpxC_filtered_cluster1_iter29:

OpenMP: Using 6 of 6 threads
Alphabet length:21
4206 valid sequences out of 4206 
724 sites, none trimmed because no target specified
Theta not between 0 and 1, no sequence reweighting applied (N = 4206.00)
iter	time	obj	|x|	|g|	crit
1	22.2	3808941.8	0.0	0.6	0.6
2	42.9	2989092.3	0.0	0.8	0.8
3	62.3	2915840.4	0.0	0.8	0.8
4	81.4	2601565.3	0.0	0.8	0.8
5	100.2	2344546.4	0.0	0.7	0.7
6	119.7	2094272.1	0.0	0.7	0.7
7	138.7	1928562.5	0.0	0.7	0.7
8	158.4	1776394.4	0.0	0.6	0.6
9	177.9	1705322.9	0.0	0.6	0.6
10	197.6	1580636.2	0.0	0.6	0.6


Iteration 30:

murA_lpxC_filtered_cluster0_iter30:

OpenMP: Using 6 of 6 threads
Alphabet length:21
4093 valid sequences out of 4093 
724 sites, none trimmed because no target specified
Theta not between 0 and 1, no sequence reweighting applied (N = 4093.00)
iter	time	obj	|x|	|g|	crit
1	22.7	3643318.7	0.0	0.6	0.6
2	43.9	2839123.5	0.0	0.8	0.8
3	64.7	2822892.7	0.0	0.8	0.8
4	85.2	2483924.4	0.0	0.8	0.8
5	105.5	2268166.2	0.0	0.7	0.7
6	125.8	2080069.0	0.0	0.7	0.7
7	145.5	1859968.6	0.0	0.6	0.6
8	164.7	1704307.3	0.0	0.6	0.6
9	183.8	1622266.8	0.0	0.6	0.6
10	202.5	1542608.6	0.0	0.5	0.5


murA_lpxC_filtered_cluster1_iter30:

OpenMP: Using 6 of 6 threads
Alphabet length:21
4209 valid sequences out of 4209 
724 sites, none trimmed because no target specified
Theta not between 0 and 1, no sequence reweighting applied (N = 4209.00)
iter	time	obj	|x|	|g|	crit
1	22.9	3809211.3	0.0	0.6	0.6
2	43.9	3034683.6	0.0	0.8	0.8
3	64.8	2918499.0	0.0	0.8	0.8
4	85.2	2629746.8	0.0	0.8	0.8
5	105.7	2354149.7	0.0	0.7	0.7
6	126.4	2111638.3	0.0	0.7	0.7
7	147.3	1932010.5	0.0	0.7	0.7
8	166.6	1804241.9	0.0	0.6	0.6
9	186.9	1713286.6	0.0	0.6	0.6
10	205.3	1614892.9	0.0	0.6	0.6

