tuning/outputs/tuning_run_33/ created
tuning/outputs/tuning_run_33/iterations/ created
tuning/outputs/tuning_run_33/output/ created
{'msa-file-name': 'murA_lpxC_filtered.fa', 'em_maxiter': 30, 'em_numclusters': 2, 'em_device': None, 'em_init': 'random', 'em_no_iter_print': 0, 'plmc': '../../plmc/bin/plmc', 'output': 'tuning/outputs/tuning_run_33', 'fast': 1, 'scale': None, 'theta': '0.8', 'lambdah': '0.01', 'lambdae': '16.0', 'lambdag': None, 'gapignore': 0, 'maxiter': '2', 'ncores': 6, 'gapignore_tune': '0', 'fast_tune': '1', 'em_iter_print': 1, 'iterations_dir': 'tuning/outputs/tuning_run_33/iterations/', 'final_dir': 'tuning/outputs/tuning_run_33/output/', 'output_dir': 'tuning/outputs/tuning_run_33/', 'plmc_options': ['-t 0.8', '-lh 0.01', '-le 16.0', '-m 2', '-n 6', '--fast'], 'device': device(type='cpu')}

Using cpu


Iteration 0:

murA_lpxC_filtered_cluster0_iter0:

OpenMP: Using 6 of 6 threads
Alphabet length:21
4151 valid sequences out of 4151 
724 sites, none trimmed because no target specified
Clustering..........
Effective number of samples: 1.0	(20% identical neighborhood = 1.000 samples)
iter	time	obj	|x|	|g|	crit
1	26.0	1986.6	0.0	0.0	0.0


murA_lpxC_filtered_cluster1_iter0:

OpenMP: Using 6 of 6 threads
Alphabet length:21
4151 valid sequences out of 4151 
724 sites, none trimmed because no target specified
Clustering..........
Effective number of samples: 1.0	(20% identical neighborhood = 1.000 samples)
iter	time	obj	|x|	|g|	crit
1	26.3	1985.9	0.0	0.0	0.0


Iteration 1:

murA_lpxC_filtered_cluster0_iter1:

OpenMP: Using 6 of 6 threads
Alphabet length:21
4162 valid sequences out of 4162 
724 sites, none trimmed because no target specified
Clustering..........
Effective number of samples: 1.0	(20% identical neighborhood = 1.000 samples)
iter	time	obj	|x|	|g|	crit
1	26.4	1987.1	0.0	0.0	0.0


murA_lpxC_filtered_cluster1_iter1:

OpenMP: Using 6 of 6 threads
Alphabet length:21
4140 valid sequences out of 4140 
724 sites, none trimmed because no target specified
Clustering..........
Effective number of samples: 1.0	(20% identical neighborhood = 1.000 samples)
iter	time	obj	|x|	|g|	crit
1	26.3	1983.4	0.0	0.0	0.0


Iteration 2:

murA_lpxC_filtered_cluster0_iter2:

OpenMP: Using 6 of 6 threads
Alphabet length:21
4086 valid sequences out of 4086 
724 sites, none trimmed because no target specified
Clustering..........
Effective number of samples: 1.0	(20% identical neighborhood = 1.000 samples)
iter	time	obj	|x|	|g|	crit
1	26.4	1987.0	0.0	0.0	0.0


murA_lpxC_filtered_cluster1_iter2:

OpenMP: Using 6 of 6 threads
Alphabet length:21
4216 valid sequences out of 4216 
724 sites, none trimmed because no target specified
Clustering..........
Effective number of samples: 1.0	(20% identical neighborhood = 1.000 samples)
iter	time	obj	|x|	|g|	crit
1	24.7	1982.0	0.0	0.0	0.0


Iteration 3:

murA_lpxC_filtered_cluster0_iter3:

OpenMP: Using 6 of 6 threads
Alphabet length:21
3882 valid sequences out of 3882 
724 sites, none trimmed because no target specified
Clustering..........
Effective number of samples: 1.0	(20% identical neighborhood = 1.000 samples)
iter	time	obj	|x|	|g|	crit
1	25.7	1986.5	0.0	0.0	0.0


murA_lpxC_filtered_cluster1_iter3:

OpenMP: Using 6 of 6 threads
Alphabet length:21
4420 valid sequences out of 4420 
724 sites, none trimmed because no target specified
Clustering..........
Effective number of samples: 1.0	(20% identical neighborhood = 1.000 samples)
iter	time	obj	|x|	|g|	crit
1	23.9	1981.4	0.0	0.0	0.0


Iteration 4:

murA_lpxC_filtered_cluster0_iter4:

OpenMP: Using 6 of 6 threads
Alphabet length:21
3670 valid sequences out of 3670 
724 sites, none trimmed because no target specified
Clustering..........
Effective number of samples: 1.0	(20% identical neighborhood = 1.000 samples)
iter	time	obj	|x|	|g|	crit
1	20.6	1985.2	0.0	0.0	0.0


murA_lpxC_filtered_cluster1_iter4:

OpenMP: Using 6 of 6 threads
Alphabet length:21
4632 valid sequences out of 4632 
724 sites, none trimmed because no target specified
Clustering..........
Effective number of samples: 1.0	(20% identical neighborhood = 1.000 samples)
iter	time	obj	|x|	|g|	crit
1	21.3	1981.2	0.0	0.0	0.0


Iteration 5:

murA_lpxC_filtered_cluster0_iter5:

OpenMP: Using 6 of 6 threads
Alphabet length:21
3590 valid sequences out of 3590 
724 sites, none trimmed because no target specified
Clustering..........
Effective number of samples: 1.0	(20% identical neighborhood = 1.000 samples)
iter	time	obj	|x|	|g|	crit
1	25.4	1984.6	0.0	0.0	0.0


murA_lpxC_filtered_cluster1_iter5:

OpenMP: Using 6 of 6 threads
Alphabet length:21
4712 valid sequences out of 4712 
724 sites, none trimmed because no target specified
Clustering..........
Effective number of samples: 1.0	(20% identical neighborhood = 1.000 samples)
iter	time	obj	|x|	|g|	crit
1	23.0	1981.6	0.0	0.0	0.0


Iteration 6:

murA_lpxC_filtered_cluster0_iter6:

OpenMP: Using 6 of 6 threads
Alphabet length:21
3518 valid sequences out of 3518 
724 sites, none trimmed because no target specified
Clustering..........
Effective number of samples: 1.0	(20% identical neighborhood = 1.000 samples)
iter	time	obj	|x|	|g|	crit
1	20.7	1985.1	0.0	0.0	0.0


murA_lpxC_filtered_cluster1_iter6:

OpenMP: Using 6 of 6 threads
Alphabet length:21
4784 valid sequences out of 4784 
724 sites, none trimmed because no target specified
Clustering..........
Effective number of samples: 1.0	(20% identical neighborhood = 1.000 samples)
iter	time	obj	|x|	|g|	crit
1	18.6	1982.0	0.0	0.0	0.0


Iteration 7:

murA_lpxC_filtered_cluster0_iter7:

OpenMP: Using 6 of 6 threads
Alphabet length:21
3409 valid sequences out of 3409 
724 sites, none trimmed because no target specified
Clustering..........
Effective number of samples: 1.0	(20% identical neighborhood = 1.000 samples)
iter	time	obj	|x|	|g|	crit
1	18.9	1984.1	0.0	0.0	0.0


murA_lpxC_filtered_cluster1_iter7:

OpenMP: Using 6 of 6 threads
Alphabet length:21
4893 valid sequences out of 4893 
724 sites, none trimmed because no target specified
Clustering..........
Effective number of samples: 1.0	(20% identical neighborhood = 1.000 samples)
iter	time	obj	|x|	|g|	crit
1	18.1	1981.7	0.0	0.0	0.0


Iteration 8:

murA_lpxC_filtered_cluster0_iter8:

OpenMP: Using 6 of 6 threads
Alphabet length:21
3369 valid sequences out of 3369 
724 sites, none trimmed because no target specified
Clustering..........
Effective number of samples: 1.0	(20% identical neighborhood = 1.000 samples)
iter	time	obj	|x|	|g|	crit
1	20.3	1984.0	0.0	0.0	0.0


murA_lpxC_filtered_cluster1_iter8:

OpenMP: Using 6 of 6 threads
Alphabet length:21
4933 valid sequences out of 4933 
724 sites, none trimmed because no target specified
Clustering..........
Effective number of samples: 1.0	(20% identical neighborhood = 1.000 samples)
iter	time	obj	|x|	|g|	crit
1	19.2	1981.6	0.0	0.0	0.0


Iteration 9:

murA_lpxC_filtered_cluster0_iter9:

OpenMP: Using 6 of 6 threads
Alphabet length:21
3408 valid sequences out of 3408 
724 sites, none trimmed because no target specified
Clustering..........
Effective number of samples: 1.0	(20% identical neighborhood = 1.000 samples)
iter	time	obj	|x|	|g|	crit
1	21.1	1984.0	0.0	0.0	0.0


murA_lpxC_filtered_cluster1_iter9:

OpenMP: Using 6 of 6 threads
Alphabet length:21
4894 valid sequences out of 4894 
724 sites, none trimmed because no target specified
Clustering..........
Effective number of samples: 1.0	(20% identical neighborhood = 1.000 samples)
iter	time	obj	|x|	|g|	crit
1	21.0	1981.5	0.0	0.0	0.0


Iteration 10:

murA_lpxC_filtered_cluster0_iter10:

OpenMP: Using 6 of 6 threads
Alphabet length:21
3416 valid sequences out of 3416 
724 sites, none trimmed because no target specified
Clustering..........
Effective number of samples: 1.0	(20% identical neighborhood = 1.000 samples)
iter	time	obj	|x|	|g|	crit
1	19.2	1983.5	0.0	0.0	0.0


murA_lpxC_filtered_cluster1_iter10:

OpenMP: Using 6 of 6 threads
Alphabet length:21
4886 valid sequences out of 4886 
724 sites, none trimmed because no target specified
Clustering..........
Effective number of samples: 1.0	(20% identical neighborhood = 1.000 samples)
iter	time	obj	|x|	|g|	crit
1	16.6	1982.0	0.0	0.0	0.0


Iteration 11:

murA_lpxC_filtered_cluster0_iter11:

OpenMP: Using 6 of 6 threads
Alphabet length:21
3397 valid sequences out of 3397 
724 sites, none trimmed because no target specified
Clustering..........
Effective number of samples: 1.0	(20% identical neighborhood = 1.000 samples)
iter	time	obj	|x|	|g|	crit
1	20.6	1983.8	0.0	0.0	0.0


murA_lpxC_filtered_cluster1_iter11:

OpenMP: Using 6 of 6 threads
Alphabet length:21
4905 valid sequences out of 4905 
724 sites, none trimmed because no target specified
Clustering..........
Effective number of samples: 1.0	(20% identical neighborhood = 1.000 samples)
iter	time	obj	|x|	|g|	crit
1	18.7	1981.5	0.0	0.0	0.0


Iteration 12:

murA_lpxC_filtered_cluster0_iter12:

OpenMP: Using 6 of 6 threads
Alphabet length:21
3384 valid sequences out of 3384 
724 sites, none trimmed because no target specified
Clustering..........
Effective number of samples: 1.0	(20% identical neighborhood = 1.000 samples)
iter	time	obj	|x|	|g|	crit
1	22.3	1983.2	0.0	0.0	0.0


murA_lpxC_filtered_cluster1_iter12:

OpenMP: Using 6 of 6 threads
Alphabet length:21
4918 valid sequences out of 4918 
724 sites, none trimmed because no target specified
Clustering..........
Effective number of samples: 1.0	(20% identical neighborhood = 1.000 samples)
iter	time	obj	|x|	|g|	crit
1	19.5	1982.1	0.0	0.0	0.0


Iteration 13:

murA_lpxC_filtered_cluster0_iter13:

OpenMP: Using 6 of 6 threads
Alphabet length:21
3357 valid sequences out of 3357 
724 sites, none trimmed because no target specified
Clustering..........
Effective number of samples: 1.0	(20% identical neighborhood = 1.000 samples)
iter	time	obj	|x|	|g|	crit
1	22.9	1983.4	0.0	0.0	0.0


murA_lpxC_filtered_cluster1_iter13:

OpenMP: Using 6 of 6 threads
Alphabet length:21
4945 valid sequences out of 4945 
724 sites, none trimmed because no target specified
Clustering..........
Effective number of samples: 1.0	(20% identical neighborhood = 1.000 samples)
iter	time	obj	|x|	|g|	crit
1	20.8	1982.8	0.0	0.0	0.0


Iteration 14:

murA_lpxC_filtered_cluster0_iter14:

OpenMP: Using 6 of 6 threads
Alphabet length:21
3370 valid sequences out of 3370 
724 sites, none trimmed because no target specified
Clustering..........
Effective number of samples: 1.0	(20% identical neighborhood = 1.000 samples)
iter	time	obj	|x|	|g|	crit
1	20.3	1983.5	0.0	0.0	0.0


murA_lpxC_filtered_cluster1_iter14:

OpenMP: Using 6 of 6 threads
Alphabet length:21
4932 valid sequences out of 4932 
724 sites, none trimmed because no target specified
Clustering..........
Effective number of samples: 1.0	(20% identical neighborhood = 1.000 samples)
iter	time	obj	|x|	|g|	crit
1	19.7	1982.6	0.0	0.0	0.0


Iteration 15:

murA_lpxC_filtered_cluster0_iter15:

OpenMP: Using 6 of 6 threads
Alphabet length:21
3379 valid sequences out of 3379 
724 sites, none trimmed because no target specified
Clustering..........
Effective number of samples: 1.0	(20% identical neighborhood = 1.000 samples)
iter	time	obj	|x|	|g|	crit
1	20.9	1983.9	0.0	0.0	0.0


murA_lpxC_filtered_cluster1_iter15:

OpenMP: Using 6 of 6 threads
Alphabet length:21
4923 valid sequences out of 4923 
724 sites, none trimmed because no target specified
Clustering..........
Effective number of samples: 1.0	(20% identical neighborhood = 1.000 samples)
iter	time	obj	|x|	|g|	crit
1	23.2	1982.5	0.0	0.0	0.0


Iteration 16:

murA_lpxC_filtered_cluster0_iter16:

OpenMP: Using 6 of 6 threads
Alphabet length:21
3374 valid sequences out of 3374 
724 sites, none trimmed because no target specified
Clustering..........
Effective number of samples: 1.0	(20% identical neighborhood = 1.000 samples)
iter	time	obj	|x|	|g|	crit
1	24.3	1983.1	0.0	0.0	0.0


murA_lpxC_filtered_cluster1_iter16:

OpenMP: Using 6 of 6 threads
Alphabet length:21
4928 valid sequences out of 4928 
724 sites, none trimmed because no target specified
Clustering..........
Effective number of samples: 1.0	(20% identical neighborhood = 1.000 samples)
iter	time	obj	|x|	|g|	crit
1	21.9	1982.4	0.0	0.0	0.0


Iteration 17:

murA_lpxC_filtered_cluster0_iter17:

OpenMP: Using 6 of 6 threads
Alphabet length:21
3370 valid sequences out of 3370 
724 sites, none trimmed because no target specified
Clustering..........
Effective number of samples: 1.0	(20% identical neighborhood = 1.000 samples)
iter	time	obj	|x|	|g|	crit
1	21.1	1983.3	0.0	0.0	0.0


murA_lpxC_filtered_cluster1_iter17:

OpenMP: Using 6 of 6 threads
Alphabet length:21
4932 valid sequences out of 4932 
724 sites, none trimmed because no target specified
Clustering..........
Effective number of samples: 1.0	(20% identical neighborhood = 1.000 samples)
iter	time	obj	|x|	|g|	crit
1	18.9	1982.0	0.0	0.0	0.0


Iteration 18:

murA_lpxC_filtered_cluster0_iter18:

OpenMP: Using 6 of 6 threads
Alphabet length:21
3362 valid sequences out of 3362 
724 sites, none trimmed because no target specified
Clustering..........
Effective number of samples: 1.0	(20% identical neighborhood = 1.000 samples)
iter	time	obj	|x|	|g|	crit
1	21.9	1983.6	0.0	0.0	0.0


murA_lpxC_filtered_cluster1_iter18:

OpenMP: Using 6 of 6 threads
Alphabet length:21
4940 valid sequences out of 4940 
724 sites, none trimmed because no target specified
Clustering..........
Effective number of samples: 1.0	(20% identical neighborhood = 1.000 samples)
iter	time	obj	|x|	|g|	crit
1	18.0	1982.4	0.0	0.0	0.0


Iteration 19:

murA_lpxC_filtered_cluster0_iter19:

OpenMP: Using 6 of 6 threads
Alphabet length:21
3358 valid sequences out of 3358 
724 sites, none trimmed because no target specified
Clustering..........
Effective number of samples: 1.0	(20% identical neighborhood = 1.000 samples)
iter	time	obj	|x|	|g|	crit
1	18.7	1982.7	0.0	0.0	0.0


murA_lpxC_filtered_cluster1_iter19:

OpenMP: Using 6 of 6 threads
Alphabet length:21
4944 valid sequences out of 4944 
724 sites, none trimmed because no target specified
Clustering..........
Effective number of samples: 1.0	(20% identical neighborhood = 1.000 samples)
iter	time	obj	|x|	|g|	crit
1	17.2	1982.1	0.0	0.0	0.0


Iteration 20:

murA_lpxC_filtered_cluster0_iter20:

OpenMP: Using 6 of 6 threads
Alphabet length:21
3336 valid sequences out of 3336 
724 sites, none trimmed because no target specified
Clustering..........
Effective number of samples: 1.0	(20% identical neighborhood = 1.000 samples)
iter	time	obj	|x|	|g|	crit
1	18.6	1983.8	0.0	0.0	0.0


murA_lpxC_filtered_cluster1_iter20:

OpenMP: Using 6 of 6 threads
Alphabet length:21
4966 valid sequences out of 4966 
724 sites, none trimmed because no target specified
Clustering..........
Effective number of samples: 1.0	(20% identical neighborhood = 1.000 samples)
iter	time	obj	|x|	|g|	crit
1	17.9	1982.6	0.0	0.0	0.0


Iteration 21:

murA_lpxC_filtered_cluster0_iter21:

OpenMP: Using 6 of 6 threads
Alphabet length:21
3336 valid sequences out of 3336 
724 sites, none trimmed because no target specified
Clustering..........
Effective number of samples: 1.0	(20% identical neighborhood = 1.000 samples)
iter	time	obj	|x|	|g|	crit
1	17.8	1983.1	0.0	0.0	0.0


murA_lpxC_filtered_cluster1_iter21:

OpenMP: Using 6 of 6 threads
Alphabet length:21
4966 valid sequences out of 4966 
724 sites, none trimmed because no target specified
Clustering..........
Effective number of samples: 1.0	(20% identical neighborhood = 1.000 samples)
iter	time	obj	|x|	|g|	crit
1	19.0	1982.5	0.0	0.0	0.0


Iteration 22:

murA_lpxC_filtered_cluster0_iter22:

OpenMP: Using 6 of 6 threads
Alphabet length:21
3332 valid sequences out of 3332 
724 sites, none trimmed because no target specified
Clustering..........
Effective number of samples: 1.0	(20% identical neighborhood = 1.000 samples)
iter	time	obj	|x|	|g|	crit
1	21.2	1983.4	0.0	0.0	0.0


murA_lpxC_filtered_cluster1_iter22:

OpenMP: Using 6 of 6 threads
Alphabet length:21
4970 valid sequences out of 4970 
724 sites, none trimmed because no target specified
Clustering..........
Effective number of samples: 1.0	(20% identical neighborhood = 1.000 samples)
iter	time	obj	|x|	|g|	crit
1	17.0	1982.8	0.0	0.0	0.0


Iteration 23:

murA_lpxC_filtered_cluster0_iter23:

OpenMP: Using 6 of 6 threads
Alphabet length:21
3321 valid sequences out of 3321 
724 sites, none trimmed because no target specified
Clustering..........
Effective number of samples: 1.0	(20% identical neighborhood = 1.000 samples)
iter	time	obj	|x|	|g|	crit
1	18.6	1983.1	0.0	0.0	0.0


murA_lpxC_filtered_cluster1_iter23:

OpenMP: Using 6 of 6 threads
Alphabet length:21
4981 valid sequences out of 4981 
724 sites, none trimmed because no target specified
Clustering..........
Effective number of samples: 1.0	(20% identical neighborhood = 1.000 samples)
iter	time	obj	|x|	|g|	crit
1	20.0	1982.7	0.0	0.0	0.0


Iteration 24:

murA_lpxC_filtered_cluster0_iter24:

OpenMP: Using 6 of 6 threads
Alphabet length:21
3313 valid sequences out of 3313 
724 sites, none trimmed because no target specified
Clustering..........
Effective number of samples: 1.0	(20% identical neighborhood = 1.000 samples)
iter	time	obj	|x|	|g|	crit
1	18.8	1983.0	0.0	0.0	0.0


murA_lpxC_filtered_cluster1_iter24:

OpenMP: Using 6 of 6 threads
Alphabet length:21
4989 valid sequences out of 4989 
724 sites, none trimmed because no target specified
Clustering..........
Effective number of samples: 1.0	(20% identical neighborhood = 1.000 samples)
iter	time	obj	|x|	|g|	crit
1	18.9	1982.4	0.0	0.0	0.0


Iteration 25:

murA_lpxC_filtered_cluster0_iter25:

OpenMP: Using 6 of 6 threads
Alphabet length:21
3307 valid sequences out of 3307 
724 sites, none trimmed because no target specified
Clustering..........
Effective number of samples: 1.0	(20% identical neighborhood = 1.000 samples)
iter	time	obj	|x|	|g|	crit
1	18.4	1983.2	0.0	0.0	0.0


murA_lpxC_filtered_cluster1_iter25:

OpenMP: Using 6 of 6 threads
Alphabet length:21
4995 valid sequences out of 4995 
724 sites, none trimmed because no target specified
Clustering..........
Effective number of samples: 1.0	(20% identical neighborhood = 1.000 samples)
iter	time	obj	|x|	|g|	crit
1	17.8	1982.2	0.0	0.0	0.0


Iteration 26:

murA_lpxC_filtered_cluster0_iter26:

OpenMP: Using 6 of 6 threads
Alphabet length:21
3308 valid sequences out of 3308 
724 sites, none trimmed because no target specified
Clustering..........
Effective number of samples: 1.0	(20% identical neighborhood = 1.000 samples)
iter	time	obj	|x|	|g|	crit
1	17.8	1983.2	0.0	0.0	0.0


murA_lpxC_filtered_cluster1_iter26:

OpenMP: Using 6 of 6 threads
Alphabet length:21
4994 valid sequences out of 4994 
724 sites, none trimmed because no target specified
Clustering..........
Effective number of samples: 1.0	(20% identical neighborhood = 1.000 samples)
iter	time	obj	|x|	|g|	crit
1	16.8	1982.5	0.0	0.0	0.0


Iteration 27:

murA_lpxC_filtered_cluster0_iter27:

OpenMP: Using 6 of 6 threads
Alphabet length:21
3300 valid sequences out of 3300 
724 sites, none trimmed because no target specified
Clustering..........
Effective number of samples: 1.0	(20% identical neighborhood = 1.000 samples)
iter	time	obj	|x|	|g|	crit
1	17.7	1982.8	0.0	0.0	0.0


murA_lpxC_filtered_cluster1_iter27:

OpenMP: Using 6 of 6 threads
Alphabet length:21
5002 valid sequences out of 5002 
724 sites, none trimmed because no target specified
Clustering..........
Effective number of samples: 1.0	(20% identical neighborhood = 1.000 samples)
iter	time	obj	|x|	|g|	crit
1	18.2	1982.5	0.0	0.0	0.0


Iteration 28:

murA_lpxC_filtered_cluster0_iter28:

OpenMP: Using 6 of 6 threads
Alphabet length:21
3279 valid sequences out of 3279 
724 sites, none trimmed because no target specified
Clustering..........
Effective number of samples: 1.0	(20% identical neighborhood = 1.000 samples)
iter	time	obj	|x|	|g|	crit
1	22.8	1982.9	0.0	0.0	0.0


murA_lpxC_filtered_cluster1_iter28:

OpenMP: Using 6 of 6 threads
Alphabet length:21
5023 valid sequences out of 5023 
724 sites, none trimmed because no target specified
Clustering..........
Effective number of samples: 1.0	(20% identical neighborhood = 1.000 samples)
iter	time	obj	|x|	|g|	crit
1	24.0	1982.6	0.0	0.0	0.0


Iteration 29:

murA_lpxC_filtered_cluster0_iter29:

OpenMP: Using 6 of 6 threads
Alphabet length:21
3268 valid sequences out of 3268 
724 sites, none trimmed because no target specified
Clustering..........
Effective number of samples: 1.0	(20% identical neighborhood = 1.000 samples)
iter	time	obj	|x|	|g|	crit
1	18.5	1982.3	0.0	0.0	0.0


murA_lpxC_filtered_cluster1_iter29:

OpenMP: Using 6 of 6 threads
Alphabet length:21
5034 valid sequences out of 5034 
724 sites, none trimmed because no target specified
Clustering..........
Effective number of samples: 1.0	(20% identical neighborhood = 1.000 samples)
iter	time	obj	|x|	|g|	crit
1	16.6	1982.5	0.0	0.0	0.0


Iteration 30:

murA_lpxC_filtered_cluster0_iter30:

OpenMP: Using 6 of 6 threads
Alphabet length:21
3257 valid sequences out of 3257 
724 sites, none trimmed because no target specified
Clustering..........
Effective number of samples: 1.0	(20% identical neighborhood = 1.000 samples)
iter	time	obj	|x|	|g|	crit
1	18.6	1982.6	0.0	0.0	0.0


murA_lpxC_filtered_cluster1_iter30:

OpenMP: Using 6 of 6 threads
Alphabet length:21
5045 valid sequences out of 5045 
724 sites, none trimmed because no target specified
Clustering..........
Effective number of samples: 1.0	(20% identical neighborhood = 1.000 samples)
iter	time	obj	|x|	|g|	crit
1	18.7	1983.4	0.0	0.0	0.0

