tuning/outputs/tuning_run_45/ created
tuning/outputs/tuning_run_45/iterations/ created
tuning/outputs/tuning_run_45/output/ created
{'msa-file-name': 'murA_lpxC_filtered.fa', 'em_maxiter': 30, 'em_numclusters': 2, 'em_device': None, 'em_init': 'random', 'em_no_iter_print': 0, 'plmc': '../../plmc/bin/plmc', 'output': 'tuning/outputs/tuning_run_45', 'fast': 1, 'scale': None, 'theta': '0.8', 'lambdah': '0.01', 'lambdae': '16.0', 'lambdag': None, 'gapignore': 0, 'maxiter': '20', 'ncores': 6, 'gapignore_tune': '0', 'fast_tune': '1', 'em_iter_print': 1, 'iterations_dir': 'tuning/outputs/tuning_run_45/iterations/', 'final_dir': 'tuning/outputs/tuning_run_45/output/', 'output_dir': 'tuning/outputs/tuning_run_45/', 'plmc_options': ['-t 0.8', '-lh 0.01', '-le 16.0', '-m 20', '-n 6', '--fast'], 'device': device(type='cpu')}

Using cpu


Iteration 0:

murA_lpxC_filtered_cluster0_iter0:

OpenMP: Using 6 of 6 threads
Alphabet length:21
4151 valid sequences out of 4151 
724 sites, none trimmed because no target specified
Clustering..........
Effective number of samples: 1.0	(20% identical neighborhood = 1.000 samples)
iter	time	obj	|x|	|g|	crit
1	26.8	1987.5	0.0	0.0	0.0


murA_lpxC_filtered_cluster1_iter0:

OpenMP: Using 6 of 6 threads
Alphabet length:21
4151 valid sequences out of 4151 
724 sites, none trimmed because no target specified
Clustering..........
Effective number of samples: 1.0	(20% identical neighborhood = 1.000 samples)
iter	time	obj	|x|	|g|	crit
1	27.4	1985.6	0.0	0.0	0.0


Iteration 1:

murA_lpxC_filtered_cluster0_iter1:

OpenMP: Using 6 of 6 threads
Alphabet length:21
3678 valid sequences out of 3678 
724 sites, none trimmed because no target specified
Clustering..........
Effective number of samples: 1.0	(20% identical neighborhood = 1.000 samples)
iter	time	obj	|x|	|g|	crit
1	21.7	1991.4	0.0	0.0	0.0


murA_lpxC_filtered_cluster1_iter1:

OpenMP: Using 6 of 6 threads
Alphabet length:21
4624 valid sequences out of 4624 
724 sites, none trimmed because no target specified
Clustering..........
Effective number of samples: 1.0	(20% identical neighborhood = 1.000 samples)
iter	time	obj	|x|	|g|	crit
1	20.9	1980.2	0.0	0.0	0.0


Iteration 2:

murA_lpxC_filtered_cluster0_iter2:

OpenMP: Using 6 of 6 threads
Alphabet length:21
3542 valid sequences out of 3542 
724 sites, none trimmed because no target specified
Clustering..........
Effective number of samples: 1.0	(20% identical neighborhood = 1.000 samples)
iter	time	obj	|x|	|g|	crit
1	18.9	1991.9	0.0	0.0	0.0


murA_lpxC_filtered_cluster1_iter2:

OpenMP: Using 6 of 6 threads
Alphabet length:21
4760 valid sequences out of 4760 
724 sites, none trimmed because no target specified
Clustering..........
Effective number of samples: 1.0	(20% identical neighborhood = 1.000 samples)
iter	time	obj	|x|	|g|	crit
1	20.6	1974.2	0.0	0.0	0.0


Iteration 3:

murA_lpxC_filtered_cluster0_iter3:

OpenMP: Using 6 of 6 threads
Alphabet length:21
3552 valid sequences out of 3552 
724 sites, none trimmed because no target specified
Clustering..........
Effective number of samples: 1.0	(20% identical neighborhood = 1.000 samples)
iter	time	obj	|x|	|g|	crit
1	21.7	1991.9	0.0	0.0	0.0


murA_lpxC_filtered_cluster1_iter3:

OpenMP: Using 6 of 6 threads
Alphabet length:21
4750 valid sequences out of 4750 
724 sites, none trimmed because no target specified
Clustering..........
Effective number of samples: 1.0	(20% identical neighborhood = 1.000 samples)
iter	time	obj	|x|	|g|	crit
1	18.1	1970.2	0.0	0.0	0.0


Iteration 4:

murA_lpxC_filtered_cluster0_iter4:

OpenMP: Using 6 of 6 threads
Alphabet length:21
3618 valid sequences out of 3618 
724 sites, none trimmed because no target specified
Clustering..........
Effective number of samples: 1.0	(20% identical neighborhood = 1.000 samples)
iter	time	obj	|x|	|g|	crit
1	23.5	1992.2	0.0	0.0	0.0


murA_lpxC_filtered_cluster1_iter4:

OpenMP: Using 6 of 6 threads
Alphabet length:21
4684 valid sequences out of 4684 
724 sites, none trimmed because no target specified
Clustering..........
Effective number of samples: 1.0	(20% identical neighborhood = 1.000 samples)
iter	time	obj	|x|	|g|	crit
1	23.9	1965.8	0.0	0.0	0.0


Iteration 5:

murA_lpxC_filtered_cluster0_iter5:

OpenMP: Using 6 of 6 threads
Alphabet length:21
3668 valid sequences out of 3668 
724 sites, none trimmed because no target specified
Clustering..........
Effective number of samples: 1.0	(20% identical neighborhood = 1.000 samples)
iter	time	obj	|x|	|g|	crit
1	23.9	1992.0	0.0	0.0	0.0


murA_lpxC_filtered_cluster1_iter5:

OpenMP: Using 6 of 6 threads
Alphabet length:21
4634 valid sequences out of 4634 
724 sites, none trimmed because no target specified
Clustering..........
Effective number of samples: 1.0	(20% identical neighborhood = 1.000 samples)
iter	time	obj	|x|	|g|	crit
1	22.5	1962.2	0.0	0.0	0.0


Iteration 6:

murA_lpxC_filtered_cluster0_iter6:

OpenMP: Using 6 of 6 threads
Alphabet length:21
3674 valid sequences out of 3674 
724 sites, none trimmed because no target specified
Clustering..........
Effective number of samples: 1.0	(20% identical neighborhood = 1.000 samples)
iter	time	obj	|x|	|g|	crit
1	22.5	1991.4	0.0	0.0	0.0


murA_lpxC_filtered_cluster1_iter6:

OpenMP: Using 6 of 6 threads
Alphabet length:21
4628 valid sequences out of 4628 
724 sites, none trimmed because no target specified
Clustering..........
Effective number of samples: 1.0	(20% identical neighborhood = 1.000 samples)
iter	time	obj	|x|	|g|	crit
1	23.2	1959.3	0.0	0.0	0.0


Iteration 7:

murA_lpxC_filtered_cluster0_iter7:

OpenMP: Using 6 of 6 threads
Alphabet length:21
3706 valid sequences out of 3706 
724 sites, none trimmed because no target specified
Clustering..........
Effective number of samples: 1.0	(20% identical neighborhood = 1.000 samples)
iter	time	obj	|x|	|g|	crit
1	22.6	1991.0	0.0	0.0	0.0


murA_lpxC_filtered_cluster1_iter7:

OpenMP: Using 6 of 6 threads
Alphabet length:21
4596 valid sequences out of 4596 
724 sites, none trimmed because no target specified
Clustering..........
Effective number of samples: 1.0	(20% identical neighborhood = 1.000 samples)
iter	time	obj	|x|	|g|	crit
1	23.5	1956.8	0.0	0.0	0.0


Iteration 8:

murA_lpxC_filtered_cluster0_iter8:

OpenMP: Using 6 of 6 threads
Alphabet length:21
3665 valid sequences out of 3665 
724 sites, none trimmed because no target specified
Clustering..........
Effective number of samples: 1.0	(20% identical neighborhood = 1.000 samples)
iter	time	obj	|x|	|g|	crit
1	24.3	1990.1	0.0	0.0	0.0


murA_lpxC_filtered_cluster1_iter8:

OpenMP: Using 6 of 6 threads
Alphabet length:21
4637 valid sequences out of 4637 
724 sites, none trimmed because no target specified
Clustering..........
Effective number of samples: 1.0	(20% identical neighborhood = 1.000 samples)
iter	time	obj	|x|	|g|	crit
1	23.1	1954.4	0.0	0.0	0.0


Iteration 9:

murA_lpxC_filtered_cluster0_iter9:

OpenMP: Using 6 of 6 threads
Alphabet length:21
3645 valid sequences out of 3645 
724 sites, none trimmed because no target specified
Clustering..........
Effective number of samples: 1.0	(20% identical neighborhood = 1.000 samples)
iter	time	obj	|x|	|g|	crit
1	21.2	1990.4	0.0	0.0	0.0


murA_lpxC_filtered_cluster1_iter9:

OpenMP: Using 6 of 6 threads
Alphabet length:21
4657 valid sequences out of 4657 
724 sites, none trimmed because no target specified
Clustering..........
Effective number of samples: 1.0	(20% identical neighborhood = 1.000 samples)
iter	time	obj	|x|	|g|	crit
1	20.5	1954.2	0.0	0.0	0.0


Iteration 10:

murA_lpxC_filtered_cluster0_iter10:

OpenMP: Using 6 of 6 threads
Alphabet length:21
3648 valid sequences out of 3648 
724 sites, none trimmed because no target specified
Clustering..........
Effective number of samples: 1.0	(20% identical neighborhood = 1.000 samples)
iter	time	obj	|x|	|g|	crit
1	24.6	1990.4	0.0	0.0	0.0


murA_lpxC_filtered_cluster1_iter10:

OpenMP: Using 6 of 6 threads
Alphabet length:21
4654 valid sequences out of 4654 
724 sites, none trimmed because no target specified
Clustering..........
Effective number of samples: 1.0	(20% identical neighborhood = 1.000 samples)
iter	time	obj	|x|	|g|	crit
1	24.0	1952.8	0.0	0.0	0.0


Iteration 11:

murA_lpxC_filtered_cluster0_iter11:

OpenMP: Using 6 of 6 threads
Alphabet length:21
3619 valid sequences out of 3619 
724 sites, none trimmed because no target specified
Clustering..........
Effective number of samples: 1.0	(20% identical neighborhood = 1.000 samples)
iter	time	obj	|x|	|g|	crit
1	24.3	1991.1	0.0	0.0	0.0


murA_lpxC_filtered_cluster1_iter11:

OpenMP: Using 6 of 6 threads
Alphabet length:21
4683 valid sequences out of 4683 
724 sites, none trimmed because no target specified
Clustering..........
Effective number of samples: 1.0	(20% identical neighborhood = 1.000 samples)
iter	time	obj	|x|	|g|	crit
1	22.7	1952.0	0.0	0.0	0.0


Iteration 12:

murA_lpxC_filtered_cluster0_iter12:

OpenMP: Using 6 of 6 threads
Alphabet length:21
3567 valid sequences out of 3567 
724 sites, none trimmed because no target specified
Clustering..........
Effective number of samples: 1.0	(20% identical neighborhood = 1.000 samples)
iter	time	obj	|x|	|g|	crit
1	25.3	1990.6	0.0	0.0	0.0


murA_lpxC_filtered_cluster1_iter12:

OpenMP: Using 6 of 6 threads
Alphabet length:21
4735 valid sequences out of 4735 
724 sites, none trimmed because no target specified
Clustering..........
Effective number of samples: 1.0	(20% identical neighborhood = 1.000 samples)
iter	time	obj	|x|	|g|	crit
1	20.6	1951.3	0.0	0.0	0.0


Iteration 13:

murA_lpxC_filtered_cluster0_iter13:

OpenMP: Using 6 of 6 threads
Alphabet length:21
3592 valid sequences out of 3592 
724 sites, none trimmed because no target specified
Clustering..........
Effective number of samples: 1.0	(20% identical neighborhood = 1.000 samples)
iter	time	obj	|x|	|g|	crit
1	19.6	1991.8	0.0	0.0	0.0


murA_lpxC_filtered_cluster1_iter13:

OpenMP: Using 6 of 6 threads
Alphabet length:21
4710 valid sequences out of 4710 
724 sites, none trimmed because no target specified
Clustering..........
Effective number of samples: 1.0	(20% identical neighborhood = 1.000 samples)
iter	time	obj	|x|	|g|	crit
1	20.0	1950.5	0.0	0.0	0.0


Iteration 14:

murA_lpxC_filtered_cluster0_iter14:

OpenMP: Using 6 of 6 threads
Alphabet length:21
3602 valid sequences out of 3602 
724 sites, none trimmed because no target specified
Clustering..........
Effective number of samples: 1.0	(20% identical neighborhood = 1.000 samples)
iter	time	obj	|x|	|g|	crit
1	20.3	1990.6	0.0	0.0	0.0


murA_lpxC_filtered_cluster1_iter14:

OpenMP: Using 6 of 6 threads
Alphabet length:21
4700 valid sequences out of 4700 
724 sites, none trimmed because no target specified
Clustering..........
Effective number of samples: 1.0	(20% identical neighborhood = 1.000 samples)
iter	time	obj	|x|	|g|	crit
1	20.2	1950.0	0.0	0.0	0.0


Iteration 15:

murA_lpxC_filtered_cluster0_iter15:

OpenMP: Using 6 of 6 threads
Alphabet length:21
3589 valid sequences out of 3589 
724 sites, none trimmed because no target specified
Clustering..........
Effective number of samples: 1.0	(20% identical neighborhood = 1.000 samples)
iter	time	obj	|x|	|g|	crit
1	20.9	1991.0	0.0	0.0	0.0


murA_lpxC_filtered_cluster1_iter15:

OpenMP: Using 6 of 6 threads
Alphabet length:21
4713 valid sequences out of 4713 
724 sites, none trimmed because no target specified
Clustering..........
Effective number of samples: 1.0	(20% identical neighborhood = 1.000 samples)
iter	time	obj	|x|	|g|	crit
1	20.4	1949.7	0.0	0.0	0.0


Iteration 16:

murA_lpxC_filtered_cluster0_iter16:

OpenMP: Using 6 of 6 threads
Alphabet length:21
3565 valid sequences out of 3565 
724 sites, none trimmed because no target specified
Clustering..........
Effective number of samples: 1.0	(20% identical neighborhood = 1.000 samples)
iter	time	obj	|x|	|g|	crit
1	20.3	1990.0	0.0	0.0	0.0


murA_lpxC_filtered_cluster1_iter16:

OpenMP: Using 6 of 6 threads
Alphabet length:21
4737 valid sequences out of 4737 
724 sites, none trimmed because no target specified
Clustering..........
Effective number of samples: 1.0	(20% identical neighborhood = 1.000 samples)
iter	time	obj	|x|	|g|	crit
1	18.7	1948.7	0.0	0.0	0.0


Iteration 17:

murA_lpxC_filtered_cluster0_iter17:

OpenMP: Using 6 of 6 threads
Alphabet length:21
3559 valid sequences out of 3559 
724 sites, none trimmed because no target specified
Clustering..........
Effective number of samples: 1.0	(20% identical neighborhood = 1.000 samples)
iter	time	obj	|x|	|g|	crit
1	21.3	1990.2	0.0	0.0	0.0


murA_lpxC_filtered_cluster1_iter17:

OpenMP: Using 6 of 6 threads
Alphabet length:21
4743 valid sequences out of 4743 
724 sites, none trimmed because no target specified
Clustering..........
Effective number of samples: 1.0	(20% identical neighborhood = 1.000 samples)
iter	time	obj	|x|	|g|	crit
1	20.1	1949.9	0.0	0.0	0.0


Iteration 18:

murA_lpxC_filtered_cluster0_iter18:

OpenMP: Using 6 of 6 threads
Alphabet length:21
3538 valid sequences out of 3538 
724 sites, none trimmed because no target specified
Clustering..........
Effective number of samples: 1.0	(20% identical neighborhood = 1.000 samples)
iter	time	obj	|x|	|g|	crit
1	20.5	1990.0	0.0	0.0	0.0


murA_lpxC_filtered_cluster1_iter18:

OpenMP: Using 6 of 6 threads
Alphabet length:21
4764 valid sequences out of 4764 
724 sites, none trimmed because no target specified
Clustering..........
Effective number of samples: 1.0	(20% identical neighborhood = 1.000 samples)
iter	time	obj	|x|	|g|	crit
1	19.1	1949.6	0.0	0.0	0.0


Iteration 19:

murA_lpxC_filtered_cluster0_iter19:

OpenMP: Using 6 of 6 threads
Alphabet length:21
3539 valid sequences out of 3539 
724 sites, none trimmed because no target specified
Clustering..........
Effective number of samples: 1.0	(20% identical neighborhood = 1.000 samples)
iter	time	obj	|x|	|g|	crit
1	22.8	1990.7	0.0	0.0	0.0


murA_lpxC_filtered_cluster1_iter19:

OpenMP: Using 6 of 6 threads
Alphabet length:21
4763 valid sequences out of 4763 
724 sites, none trimmed because no target specified
Clustering..........
Effective number of samples: 1.0	(20% identical neighborhood = 1.000 samples)
iter	time	obj	|x|	|g|	crit
1	19.5	1949.2	0.0	0.0	0.0


Iteration 20:

murA_lpxC_filtered_cluster0_iter20:

OpenMP: Using 6 of 6 threads
Alphabet length:21
3496 valid sequences out of 3496 
724 sites, none trimmed because no target specified
Clustering..........
Effective number of samples: 1.0	(20% identical neighborhood = 1.000 samples)
iter	time	obj	|x|	|g|	crit
1	21.1	1989.4	0.0	0.0	0.0


murA_lpxC_filtered_cluster1_iter20:

OpenMP: Using 6 of 6 threads
Alphabet length:21
4806 valid sequences out of 4806 
724 sites, none trimmed because no target specified
Clustering..........
Effective number of samples: 1.0	(20% identical neighborhood = 1.000 samples)
iter	time	obj	|x|	|g|	crit
1	17.6	1950.3	0.0	0.0	0.0


Iteration 21:

murA_lpxC_filtered_cluster0_iter21:

OpenMP: Using 6 of 6 threads
Alphabet length:21
3487 valid sequences out of 3487 
724 sites, none trimmed because no target specified
Clustering..........
Effective number of samples: 1.0	(20% identical neighborhood = 1.000 samples)
iter	time	obj	|x|	|g|	crit
1	20.4	1990.1	0.0	0.0	0.0


murA_lpxC_filtered_cluster1_iter21:

OpenMP: Using 6 of 6 threads
Alphabet length:21
4815 valid sequences out of 4815 
724 sites, none trimmed because no target specified
Clustering..........
Effective number of samples: 1.0	(20% identical neighborhood = 1.000 samples)
iter	time	obj	|x|	|g|	crit
1	20.3	1949.8	0.0	0.0	0.0


Iteration 22:

murA_lpxC_filtered_cluster0_iter22:

OpenMP: Using 6 of 6 threads
Alphabet length:21
3484 valid sequences out of 3484 
724 sites, none trimmed because no target specified
Clustering..........
Effective number of samples: 1.0	(20% identical neighborhood = 1.000 samples)
iter	time	obj	|x|	|g|	crit
1	20.1	1988.9	0.0	0.0	0.0


murA_lpxC_filtered_cluster1_iter22:

OpenMP: Using 6 of 6 threads
Alphabet length:21
4818 valid sequences out of 4818 
724 sites, none trimmed because no target specified
Clustering..........
Effective number of samples: 1.0	(20% identical neighborhood = 1.000 samples)
iter	time	obj	|x|	|g|	crit
1	19.3	1949.7	0.0	0.0	0.0


Iteration 23:

murA_lpxC_filtered_cluster0_iter23:

OpenMP: Using 6 of 6 threads
Alphabet length:21
3486 valid sequences out of 3486 
724 sites, none trimmed because no target specified
Clustering..........
Effective number of samples: 1.0	(20% identical neighborhood = 1.000 samples)
iter	time	obj	|x|	|g|	crit
1	21.0	1989.2	0.0	0.0	0.0


murA_lpxC_filtered_cluster1_iter23:

OpenMP: Using 6 of 6 threads
Alphabet length:21
4816 valid sequences out of 4816 
724 sites, none trimmed because no target specified
Clustering..........
Effective number of samples: 1.0	(20% identical neighborhood = 1.000 samples)
iter	time	obj	|x|	|g|	crit
1	20.9	1949.6	0.0	0.0	0.0


Iteration 24:

murA_lpxC_filtered_cluster0_iter24:

OpenMP: Using 6 of 6 threads
Alphabet length:21
3489 valid sequences out of 3489 
724 sites, none trimmed because no target specified
Clustering..........
Effective number of samples: 1.0	(20% identical neighborhood = 1.000 samples)
iter	time	obj	|x|	|g|	crit
1	21.1	1989.2	0.0	0.0	0.0


murA_lpxC_filtered_cluster1_iter24:

OpenMP: Using 6 of 6 threads
Alphabet length:21
4813 valid sequences out of 4813 
724 sites, none trimmed because no target specified
Clustering..........
Effective number of samples: 1.0	(20% identical neighborhood = 1.000 samples)
iter	time	obj	|x|	|g|	crit
1	19.0	1949.2	0.0	0.0	0.0


Iteration 25:

murA_lpxC_filtered_cluster0_iter25:

OpenMP: Using 6 of 6 threads
Alphabet length:21
3501 valid sequences out of 3501 
724 sites, none trimmed because no target specified
Clustering..........
Effective number of samples: 1.0	(20% identical neighborhood = 1.000 samples)
iter	time	obj	|x|	|g|	crit
1	21.1	1989.3	0.0	0.0	0.0


murA_lpxC_filtered_cluster1_iter25:

OpenMP: Using 6 of 6 threads
Alphabet length:21
4801 valid sequences out of 4801 
724 sites, none trimmed because no target specified
Clustering..........
Effective number of samples: 1.0	(20% identical neighborhood = 1.000 samples)
iter	time	obj	|x|	|g|	crit
1	19.1	1949.7	0.0	0.0	0.0


Iteration 26:

murA_lpxC_filtered_cluster0_iter26:

OpenMP: Using 6 of 6 threads
Alphabet length:21
3502 valid sequences out of 3502 
724 sites, none trimmed because no target specified
Clustering..........
Effective number of samples: 1.0	(20% identical neighborhood = 1.000 samples)
iter	time	obj	|x|	|g|	crit
1	18.5	1989.5	0.0	0.0	0.0


murA_lpxC_filtered_cluster1_iter26:

OpenMP: Using 6 of 6 threads
Alphabet length:21
4800 valid sequences out of 4800 
724 sites, none trimmed because no target specified
Clustering..........
Effective number of samples: 1.0	(20% identical neighborhood = 1.000 samples)
iter	time	obj	|x|	|g|	crit
1	18.3	1949.4	0.0	0.0	0.0


Iteration 27:

murA_lpxC_filtered_cluster0_iter27:

OpenMP: Using 6 of 6 threads
Alphabet length:21
3526 valid sequences out of 3526 
724 sites, none trimmed because no target specified
Clustering..........
Effective number of samples: 1.0	(20% identical neighborhood = 1.000 samples)
iter	time	obj	|x|	|g|	crit
1	21.3	1990.2	0.0	0.0	0.0


murA_lpxC_filtered_cluster1_iter27:

OpenMP: Using 6 of 6 threads
Alphabet length:21
4776 valid sequences out of 4776 
724 sites, none trimmed because no target specified
Clustering..........
Effective number of samples: 1.0	(20% identical neighborhood = 1.000 samples)
iter	time	obj	|x|	|g|	crit
1	17.9	1949.3	0.0	0.0	0.0


Iteration 28:

murA_lpxC_filtered_cluster0_iter28:

OpenMP: Using 6 of 6 threads
Alphabet length:21
3531 valid sequences out of 3531 
724 sites, none trimmed because no target specified
Clustering..........
Effective number of samples: 1.0	(20% identical neighborhood = 1.000 samples)
iter	time	obj	|x|	|g|	crit
1	20.3	1989.4	0.0	0.0	0.0


murA_lpxC_filtered_cluster1_iter28:

OpenMP: Using 6 of 6 threads
Alphabet length:21
4771 valid sequences out of 4771 
724 sites, none trimmed because no target specified
Clustering..........
Effective number of samples: 1.0	(20% identical neighborhood = 1.000 samples)
iter	time	obj	|x|	|g|	crit
1	18.0	1949.0	0.0	0.0	0.0


Iteration 29:

murA_lpxC_filtered_cluster0_iter29:

OpenMP: Using 6 of 6 threads
Alphabet length:21
3565 valid sequences out of 3565 
724 sites, none trimmed because no target specified
Clustering..........
Effective number of samples: 1.0	(20% identical neighborhood = 1.000 samples)
iter	time	obj	|x|	|g|	crit
1	20.5	1989.9	0.0	0.0	0.0


murA_lpxC_filtered_cluster1_iter29:

OpenMP: Using 6 of 6 threads
Alphabet length:21
4737 valid sequences out of 4737 
724 sites, none trimmed because no target specified
Clustering..........
Effective number of samples: 1.0	(20% identical neighborhood = 1.000 samples)
iter	time	obj	|x|	|g|	crit
1	19.4	1947.9	0.0	0.0	0.0


Iteration 30:

murA_lpxC_filtered_cluster0_iter30:

OpenMP: Using 6 of 6 threads
Alphabet length:21
3588 valid sequences out of 3588 
724 sites, none trimmed because no target specified
Clustering..........
Effective number of samples: 1.0	(20% identical neighborhood = 1.000 samples)
iter	time	obj	|x|	|g|	crit
1	19.4	1989.5	0.0	0.0	0.0


murA_lpxC_filtered_cluster1_iter30:

OpenMP: Using 6 of 6 threads
Alphabet length:21
4714 valid sequences out of 4714 
724 sites, none trimmed because no target specified
Clustering..........
Effective number of samples: 1.0	(20% identical neighborhood = 1.000 samples)
iter	time	obj	|x|	|g|	crit
1	19.5	1948.0	0.0	0.0	0.0

