tuning/outputs/tuning_run_61/ created
tuning/outputs/tuning_run_61/iterations/ created
tuning/outputs/tuning_run_61/output/ created
{'msa-file-name': 'murA_lpxC_filtered.fa', 'em_maxiter': 30, 'em_numclusters': 2, 'em_device': None, 'em_init': 'random', 'em_no_iter_print': 0, 'plmc': '../../plmc/bin/plmc', 'output': 'tuning/outputs/tuning_run_61', 'fast': 1, 'scale': None, 'theta': '2', 'lambdah': '0.01', 'lambdae': '16.0', 'lambdag': None, 'gapignore': 0, 'maxiter': '20', 'ncores': 6, 'gapignore_tune': '0', 'fast_tune': '1', 'em_iter_print': 1, 'iterations_dir': 'tuning/outputs/tuning_run_61/iterations/', 'final_dir': 'tuning/outputs/tuning_run_61/output/', 'output_dir': 'tuning/outputs/tuning_run_61/', 'plmc_options': ['-t 2', '-lh 0.01', '-le 16.0', '-m 20', '-n 6', '--fast'], 'device': device(type='cpu')}

Using cpu


Iteration 0:

murA_lpxC_filtered_cluster0_iter0:

OpenMP: Using 6 of 6 threads
Alphabet length:21
4151 valid sequences out of 4151 
724 sites, none trimmed because no target specified
Theta not between 0 and 1, no sequence reweighting applied (N = 4151.00)
iter	time	obj	|x|	|g|	crit
1	30.6	3830637.4	0.0	0.5	0.5
2	58.5	3400382.7	0.0	0.8	0.8
3	85.0	3338766.7	0.0	0.8	0.8
4	111.3	3073420.6	0.0	0.8	0.8
5	139.8	2712447.2	0.0	0.7	0.7
6	166.1	2432383.9	0.0	0.7	0.7
7	192.5	2241597.0	0.0	0.7	0.7
8	218.7	2093054.4	0.0	0.7	0.7
9	242.9	1901812.0	0.0	0.6	0.6
10	268.2	1866682.3	0.0	0.6	0.6
11	294.8	1737247.4	0.0	0.6	0.6
12	320.7	1622721.3	0.0	0.5	0.5
13	346.1	1543921.7	0.0	0.5	0.5
14	369.5	1456389.7	0.0	0.5	0.5
15	390.7	1424531.7	0.0	0.5	0.5
16	413.9	1348460.5	0.0	0.4	0.4
17	437.5	1296270.8	0.0	0.4	0.4
18	459.4	1258684.5	0.0	0.4	0.4
19	482.8	1197547.8	0.0	0.4	0.4
20	502.9	1154402.3	0.0	0.4	0.4


murA_lpxC_filtered_cluster1_iter0:

OpenMP: Using 6 of 6 threads
Alphabet length:21
4151 valid sequences out of 4151 
724 sites, none trimmed because no target specified
Theta not between 0 and 1, no sequence reweighting applied (N = 4151.00)
iter	time	obj	|x|	|g|	crit
1	28.6	3827387.2	0.0	0.5	0.5
2	56.6	3423810.5	0.0	0.8	0.8
3	83.2	3320811.8	0.0	0.8	0.8
4	111.9	3017003.9	0.0	0.8	0.8
5	138.4	2676623.9	0.0	0.7	0.7
6	165.4	2386015.1	0.0	0.7	0.7
7	191.7	2261205.3	0.0	0.7	0.7
8	215.8	2038315.4	0.0	0.6	0.6
9	241.7	1909854.9	0.0	0.6	0.6
10	267.0	1825507.9	0.0	0.6	0.6
11	291.0	1737148.1	0.0	0.6	0.6
12	312.4	1611274.9	0.0	0.5	0.5
13	332.7	1552652.8	0.0	0.5	0.5
14	354.9	1465076.8	0.0	0.5	0.5
15	378.5	1397225.4	0.0	0.5	0.5
16	403.4	1340064.6	0.0	0.4	0.4
17	426.2	1305749.1	0.0	0.4	0.4
18	448.6	1230698.2	0.0	0.4	0.4
19	470.4	1173998.2	0.0	0.4	0.4
20	492.7	1127136.5	0.0	0.4	0.4


Iteration 1:

murA_lpxC_filtered_cluster0_iter1:

OpenMP: Using 6 of 6 threads
Alphabet length:21
4145 valid sequences out of 4145 
724 sites, none trimmed because no target specified
Theta not between 0 and 1, no sequence reweighting applied (N = 4145.00)
iter	time	obj	|x|	|g|	crit
1	29.1	3815830.9	0.0	0.5	0.5
2	56.3	3233305.9	0.0	0.8	0.8
3	83.1	3307692.7	0.0	0.8	0.8
4	110.9	2965666.0	0.0	0.8	0.8
5	138.3	2620284.9	0.0	0.7	0.7
6	166.5	2413366.3	0.0	0.7	0.7
7	194.0	2233392.3	0.0	0.7	0.7
8	222.0	1986776.0	0.0	0.6	0.6
9	250.2	1861915.1	0.0	0.6	0.6
10	277.8	1774100.5	0.0	0.6	0.6
11	304.0	1697150.1	0.0	0.5	0.5
12	329.8	1582299.0	0.0	0.5	0.5
13	356.4	1515737.8	0.0	0.5	0.5
14	381.1	1413331.6	0.0	0.5	0.5
15	407.2	1367164.6	0.0	0.4	0.4
16	433.4	1302146.1	0.0	0.4	0.4
17	459.7	1264205.8	0.0	0.4	0.4
18	487.8	1209754.4	0.0	0.4	0.4
19	515.7	1152770.6	0.0	0.4	0.4
20	543.0	1114382.9	0.0	0.4	0.4


murA_lpxC_filtered_cluster1_iter1:

OpenMP: Using 6 of 6 threads
Alphabet length:21
4157 valid sequences out of 4157 
724 sites, none trimmed because no target specified
Theta not between 0 and 1, no sequence reweighting applied (N = 4157.00)
iter	time	obj	|x|	|g|	crit
1	27.9	3838245.0	0.0	0.5	0.5
2	55.8	3253401.4	0.0	0.8	0.8
3	83.6	3266330.6	0.0	0.7	0.7
4	111.1	2939253.3	0.0	0.8	0.8
5	139.2	2592284.4	0.0	0.7	0.7
6	169.6	2373357.9	0.0	0.7	0.7
7	196.9	2163173.2	0.0	0.7	0.7
8	224.3	2017472.0	0.0	0.6	0.6
9	252.5	1849730.0	0.0	0.6	0.6
10	280.7	1749821.3	0.0	0.6	0.6
11	307.6	1680047.5	0.0	0.5	0.5
12	333.1	1567209.5	0.0	0.5	0.5
13	360.1	1488048.6	0.0	0.5	0.5
14	386.1	1429589.5	0.0	0.5	0.5
15	410.4	1364962.9	0.0	0.4	0.4
16	435.6	1311112.9	0.0	0.4	0.4
17	461.8	1266279.8	0.0	0.4	0.4
18	488.5	1199396.1	0.0	0.4	0.4
19	518.1	1144222.9	0.0	0.4	0.4
20	545.6	1098707.8	0.0	0.4	0.4


Iteration 2:

murA_lpxC_filtered_cluster0_iter2:

OpenMP: Using 6 of 6 threads
Alphabet length:21
4120 valid sequences out of 4120 
724 sites, none trimmed because no target specified
Theta not between 0 and 1, no sequence reweighting applied (N = 4120.00)
iter	time	obj	|x|	|g|	crit
1	29.9	3799926.7	0.0	0.5	0.5
2	56.1	3224905.9	0.0	0.8	0.8
3	82.5	3178410.8	0.0	0.7	0.7
4	110.0	2947278.6	0.0	0.8	0.8
5	133.1	2546139.6	0.0	0.7	0.7
6	152.2	2341375.5	0.0	0.7	0.7
7	175.0	2138814.1	0.0	0.7	0.7
8	200.6	1960027.7	0.0	0.6	0.6
9	225.2	1867560.7	0.0	0.6	0.6
10	255.1	1743247.8	0.0	0.6	0.6
11	283.9	1662234.2	0.0	0.5	0.5
12	312.8	1577002.0	0.0	0.5	0.5
13	338.8	1493311.7	0.0	0.5	0.5
14	364.7	1417028.5	0.0	0.5	0.5
15	390.5	1364541.4	0.0	0.4	0.4
16	417.7	1300644.2	0.0	0.4	0.4
17	445.8	1233284.8	0.0	0.4	0.4
18	473.4	1191148.2	0.0	0.4	0.4
19	499.2	1139798.1	0.0	0.4	0.4
20	527.3	1104044.1	0.0	0.4	0.4


murA_lpxC_filtered_cluster1_iter2:

OpenMP: Using 6 of 6 threads
Alphabet length:21
4182 valid sequences out of 4182 
724 sites, none trimmed because no target specified
Theta not between 0 and 1, no sequence reweighting applied (N = 4182.00)
iter	time	obj	|x|	|g|	crit
1	27.7	3853588.7	0.0	0.5	0.5
2	55.4	3318779.7	0.0	0.8	0.8
3	83.7	3220222.9	0.0	0.8	0.8
4	115.7	2964082.7	0.0	0.8	0.8
5	143.9	2622283.1	0.0	0.7	0.7
6	168.7	2376846.5	0.0	0.7	0.7
7	192.9	2147966.5	0.0	0.7	0.7
8	216.9	1981077.0	0.0	0.6	0.6
9	240.5	1872195.7	0.0	0.6	0.6
10	259.7	1769994.7	0.0	0.6	0.6
11	285.2	1673423.1	0.0	0.5	0.5
12	314.6	1595477.3	0.0	0.5	0.5
13	343.1	1499089.6	0.0	0.5	0.5
14	369.0	1418180.5	0.0	0.5	0.5
15	394.2	1362724.2	0.0	0.4	0.4
16	420.8	1331540.2	0.0	0.4	0.4
17	445.4	1279275.6	0.0	0.4	0.4
18	472.3	1213591.8	0.0	0.4	0.4
19	499.2	1154288.0	0.0	0.4	0.4
20	525.5	1114259.0	0.0	0.4	0.4


Iteration 3:

murA_lpxC_filtered_cluster0_iter3:

OpenMP: Using 6 of 6 threads
Alphabet length:21
4116 valid sequences out of 4116 
724 sites, none trimmed because no target specified
Theta not between 0 and 1, no sequence reweighting applied (N = 4116.00)
iter	time	obj	|x|	|g|	crit
1	28.2	3800790.4	0.0	0.5	0.5
2	54.4	3127809.6	0.0	0.8	0.8
3	83.5	3162549.5	0.0	0.7	0.7
4	110.2	2927310.8	0.0	0.7	0.7
5	136.6	2518268.0	0.0	0.7	0.7
6	164.5	2347768.1	0.0	0.7	0.7
7	189.7	2107415.2	0.0	0.7	0.7
8	216.2	1937338.8	0.0	0.6	0.6
9	240.8	1830854.3	0.0	0.6	0.6
10	265.0	1716938.4	0.0	0.5	0.5
11	291.7	1649922.6	0.0	0.5	0.5
12	317.0	1530673.0	0.0	0.5	0.5
13	346.0	1464473.1	0.0	0.5	0.5
14	373.0	1384493.1	0.0	0.5	0.5
15	398.6	1352525.7	0.0	0.4	0.4
16	422.5	1294933.1	0.0	0.4	0.4
17	447.1	1234728.5	0.0	0.4	0.4
18	472.7	1178426.0	0.0	0.4	0.4
19	494.8	1128350.1	0.0	0.4	0.4
20	514.9	1094375.0	0.0	0.3	0.3


murA_lpxC_filtered_cluster1_iter3:

OpenMP: Using 6 of 6 threads
Alphabet length:21
4186 valid sequences out of 4186 
724 sites, none trimmed because no target specified
Theta not between 0 and 1, no sequence reweighting applied (N = 4186.00)
iter	time	obj	|x|	|g|	crit
1	29.8	3854646.7	0.0	0.5	0.5
2	56.0	3314179.4	0.0	0.8	0.8
3	82.3	3195040.1	0.0	0.8	0.8
4	108.6	2933584.1	0.0	0.8	0.8
5	134.9	2583338.7	0.0	0.7	0.7
6	160.8	2390132.1	0.0	0.7	0.7
7	185.4	2199241.4	0.0	0.7	0.7
8	210.7	1983838.8	0.0	0.6	0.6
9	235.9	1868833.8	0.0	0.6	0.6
10	262.2	1749981.0	0.0	0.6	0.6
11	289.2	1692860.6	0.0	0.5	0.5
12	317.9	1577372.1	0.0	0.5	0.5
13	345.6	1512955.0	0.0	0.5	0.5
14	374.9	1415704.5	0.0	0.5	0.5
15	403.4	1347997.2	0.0	0.4	0.4
16	427.6	1320150.0	0.0	0.4	0.4
17	451.4	1260272.7	0.0	0.4	0.4
18	478.2	1199736.3	0.0	0.4	0.4
19	506.1	1152456.4	0.0	0.4	0.4
20	526.8	1108909.9	0.0	0.4	0.4


Iteration 4:

murA_lpxC_filtered_cluster0_iter4:

OpenMP: Using 6 of 6 threads
Alphabet length:21
4131 valid sequences out of 4131 
724 sites, none trimmed because no target specified
Theta not between 0 and 1, no sequence reweighting applied (N = 4131.00)
iter	time	obj	|x|	|g|	crit
1	29.9	3799670.2	0.0	0.6	0.6
2	58.5	3143132.0	0.0	0.8	0.8
3	84.9	3190751.6	0.0	0.7	0.7
4	111.2	2860847.9	0.0	0.8	0.8
5	138.9	2518525.5	0.0	0.7	0.7
6	166.2	2296980.7	0.0	0.7	0.7
7	190.5	2114659.1	0.0	0.7	0.7
8	217.4	1949564.5	0.0	0.6	0.6
9	243.1	1811405.3	0.0	0.6	0.6
10	271.1	1728426.8	0.0	0.6	0.6
11	299.0	1669715.3	0.0	0.5	0.5
12	326.8	1542429.2	0.0	0.5	0.5
13	351.9	1467953.1	0.0	0.5	0.5
14	378.5	1393565.3	0.0	0.5	0.5
15	402.2	1341563.5	0.0	0.4	0.4
16	427.9	1310610.7	0.0	0.4	0.4
17	451.7	1239136.4	0.0	0.4	0.4
18	476.3	1182916.2	0.0	0.4	0.4
19	501.5	1134029.5	0.0	0.4	0.4
20	526.1	1081928.1	0.0	0.4	0.4


murA_lpxC_filtered_cluster1_iter4:

OpenMP: Using 6 of 6 threads
Alphabet length:21
4171 valid sequences out of 4171 
724 sites, none trimmed because no target specified
Theta not between 0 and 1, no sequence reweighting applied (N = 4171.00)
iter	time	obj	|x|	|g|	crit
1	29.9	3816432.6	0.0	0.5	0.5
2	57.4	3397589.8	0.0	0.8	0.8
3	84.5	3212221.8	0.0	0.8	0.8
4	111.7	2846424.9	0.0	0.8	0.8
5	137.4	2619295.2	0.0	0.7	0.7
6	164.9	2395361.0	0.0	0.7	0.7
7	192.7	2190968.9	0.0	0.7	0.7
8	217.6	2005168.1	0.0	0.6	0.6
9	245.2	1890928.5	0.0	0.6	0.6
10	270.7	1804960.4	0.0	0.6	0.6
11	297.3	1698106.8	0.0	0.5	0.5
12	322.6	1585816.0	0.0	0.5	0.5
13	347.8	1480075.4	0.0	0.5	0.5
14	373.4	1433454.9	0.0	0.5	0.5
15	398.0	1353837.1	0.0	0.4	0.4
16	423.3	1330508.2	0.0	0.4	0.4
17	448.0	1258853.6	0.0	0.4	0.4
18	473.5	1208761.8	0.0	0.4	0.4
19	499.9	1145263.6	0.0	0.4	0.4
20	526.0	1122472.0	0.0	0.4	0.4


Iteration 5:

murA_lpxC_filtered_cluster0_iter5:

OpenMP: Using 6 of 6 threads
Alphabet length:21
4123 valid sequences out of 4123 
724 sites, none trimmed because no target specified
Theta not between 0 and 1, no sequence reweighting applied (N = 4123.00)
iter	time	obj	|x|	|g|	crit
1	29.7	3794009.1	0.0	0.5	0.5
2	57.0	3170437.0	0.0	0.8	0.8
3	84.0	3165519.7	0.0	0.7	0.7
4	110.0	2915135.2	0.0	0.7	0.7
5	133.2	2519546.0	0.0	0.7	0.7
6	153.3	2281319.6	0.0	0.7	0.7
7	176.3	2116782.9	0.0	0.7	0.7
8	196.9	1947807.1	0.0	0.6	0.6
9	220.7	1800912.5	0.0	0.6	0.6
10	243.9	1720354.3	0.0	0.6	0.6
11	266.1	1642877.2	0.0	0.5	0.5
12	289.3	1534866.7	0.0	0.5	0.5
13	310.5	1471201.0	0.0	0.5	0.5
14	333.6	1391367.7	0.0	0.5	0.5
15	357.8	1360065.8	0.0	0.4	0.4
16	380.1	1303269.7	0.0	0.4	0.4
17	402.6	1228918.9	0.0	0.4	0.4
18	427.6	1168324.7	0.0	0.4	0.4
19	450.0	1127376.4	0.0	0.4	0.4
20	475.3	1086260.5	0.0	0.3	0.3


murA_lpxC_filtered_cluster1_iter5:

OpenMP: Using 6 of 6 threads
Alphabet length:21
4179 valid sequences out of 4179 
724 sites, none trimmed because no target specified
Theta not between 0 and 1, no sequence reweighting applied (N = 4179.00)
iter	time	obj	|x|	|g|	crit
1	29.1	3858978.7	0.0	0.5	0.5
2	59.0	3342961.9	0.0	0.8	0.8
3	88.2	3297944.7	0.0	0.8	0.8
4	117.3	2928831.0	0.0	0.8	0.8
5	142.8	2641120.3	0.0	0.7	0.7
6	167.6	2352657.5	0.0	0.7	0.7
7	190.7	2153194.0	0.0	0.7	0.7
8	214.5	1976924.1	0.0	0.6	0.6
9	235.3	1847457.4	0.0	0.6	0.6
10	258.8	1780236.1	0.0	0.6	0.6
11	282.5	1670918.7	0.0	0.6	0.6
12	305.1	1580776.1	0.0	0.5	0.5
13	327.9	1500768.8	0.0	0.5	0.5
14	350.7	1423361.9	0.0	0.5	0.5
15	374.9	1347707.0	0.0	0.4	0.4
16	399.2	1324443.7	0.0	0.4	0.4
17	422.2	1266266.2	0.0	0.4	0.4
18	444.3	1204199.7	0.0	0.4	0.4
19	468.4	1146370.8	0.0	0.4	0.4
20	486.5	1106036.1	0.0	0.4	0.4


Iteration 6:

murA_lpxC_filtered_cluster0_iter6:

OpenMP: Using 6 of 6 threads
Alphabet length:21
4136 valid sequences out of 4136 
724 sites, none trimmed because no target specified
Theta not between 0 and 1, no sequence reweighting applied (N = 4136.00)
iter	time	obj	|x|	|g|	crit
1	27.3	3805964.3	0.0	0.5	0.5
2	52.7	3255049.9	0.0	0.8	0.8
3	78.5	3179349.0	0.0	0.7	0.7
4	104.3	2917025.4	0.0	0.8	0.8
5	127.9	2533540.2	0.0	0.7	0.7
6	150.8	2344768.2	0.0	0.7	0.7
7	173.5	2124525.7	0.0	0.7	0.7
8	197.8	1970398.5	0.0	0.6	0.6
9	222.5	1838971.5	0.0	0.6	0.6
10	243.9	1718383.6	0.0	0.6	0.6
11	265.0	1657108.6	0.0	0.5	0.5
12	288.6	1560016.3	0.0	0.5	0.5
13	309.4	1467090.1	0.0	0.5	0.5
14	331.8	1386336.2	0.0	0.5	0.5
15	355.2	1357733.3	0.0	0.4	0.4
16	378.8	1303993.6	0.0	0.4	0.4
17	401.6	1223997.5	0.0	0.4	0.4
18	424.0	1185031.1	0.0	0.4	0.4
19	446.4	1131313.6	0.0	0.4	0.4
20	468.7	1072974.2	0.0	0.4	0.4


murA_lpxC_filtered_cluster1_iter6:

OpenMP: Using 6 of 6 threads
Alphabet length:21
4166 valid sequences out of 4166 
724 sites, none trimmed because no target specified
Theta not between 0 and 1, no sequence reweighting applied (N = 4166.00)
iter	time	obj	|x|	|g|	crit
1	28.1	3836234.4	0.0	0.5	0.5
2	53.7	3306128.4	0.0	0.8	0.8
3	78.7	3196961.4	0.0	0.8	0.8
4	104.3	2927082.6	0.0	0.8	0.8
5	129.4	2645237.7	0.0	0.7	0.7
6	154.9	2380221.3	0.0	0.7	0.7
7	176.4	2160961.8	0.0	0.7	0.7
8	199.7	2003369.8	0.0	0.6	0.6
9	226.5	1859006.7	0.0	0.6	0.6
10	251.1	1749410.2	0.0	0.6	0.6
11	273.4	1687598.6	0.0	0.5	0.5
12	297.2	1578183.7	0.0	0.5	0.5
13	321.1	1492155.0	0.0	0.5	0.5
14	345.3	1423527.6	0.0	0.5	0.5
15	366.6	1354181.5	0.0	0.4	0.4
16	390.6	1299240.8	0.0	0.4	0.4
17	413.3	1256507.4	0.0	0.4	0.4
18	436.0	1211369.5	0.0	0.4	0.4
19	458.5	1154592.5	0.0	0.4	0.4
20	477.2	1102942.0	0.0	0.4	0.4


Iteration 7:

murA_lpxC_filtered_cluster0_iter7:

OpenMP: Using 6 of 6 threads
Alphabet length:21
4135 valid sequences out of 4135 
724 sites, none trimmed because no target specified
Theta not between 0 and 1, no sequence reweighting applied (N = 4135.00)
iter	time	obj	|x|	|g|	crit
1	30.6	3818452.0	0.0	0.5	0.5
2	56.3	3164827.7	0.0	0.8	0.8
3	84.7	3244573.4	0.0	0.7	0.7
4	110.7	2900647.2	0.0	0.7	0.7
5	137.0	2538207.0	0.0	0.7	0.7
6	160.7	2305589.9	0.0	0.7	0.7
7	185.5	2094216.9	0.0	0.7	0.7
8	209.8	1917314.5	0.0	0.6	0.6
9	233.0	1797196.3	0.0	0.6	0.6
10	256.2	1701640.8	0.0	0.6	0.6
11	279.8	1651574.1	0.0	0.5	0.5
12	301.2	1535065.2	0.0	0.5	0.5
13	321.3	1468838.7	0.0	0.5	0.5
14	343.7	1389271.9	0.0	0.5	0.5
15	366.4	1340007.2	0.0	0.4	0.4
16	389.5	1303150.2	0.0	0.4	0.4
17	413.9	1225061.4	0.0	0.4	0.4
18	438.7	1168345.0	0.0	0.4	0.4
19	462.6	1127673.2	0.0	0.4	0.4
20	488.6	1073820.0	0.0	0.3	0.3


murA_lpxC_filtered_cluster1_iter7:

OpenMP: Using 6 of 6 threads
Alphabet length:21
4167 valid sequences out of 4167 
724 sites, none trimmed because no target specified
Theta not between 0 and 1, no sequence reweighting applied (N = 4167.00)
iter	time	obj	|x|	|g|	crit
1	28.4	3832146.1	0.0	0.5	0.5
2	55.8	3343551.7	0.0	0.8	0.8
3	85.0	3212822.7	0.0	0.8	0.8
4	111.6	2899739.2	0.0	0.8	0.8
5	138.9	2624045.6	0.0	0.7	0.7
6	165.2	2344892.3	0.0	0.7	0.7
7	190.2	2108027.8	0.0	0.7	0.7
8	215.4	1937303.6	0.0	0.6	0.6
9	238.3	1857563.2	0.0	0.6	0.6
10	262.1	1737673.3	0.0	0.6	0.6
11	287.2	1677091.8	0.0	0.5	0.5
12	313.1	1556117.9	0.0	0.5	0.5
13	337.1	1493025.9	0.0	0.5	0.5
14	360.8	1416586.4	0.0	0.5	0.5
15	384.4	1355218.9	0.0	0.4	0.4
16	407.8	1305289.2	0.0	0.4	0.4
17	433.8	1249601.1	0.0	0.4	0.4
18	459.3	1193274.1	0.0	0.4	0.4
19	485.3	1140671.7	0.0	0.4	0.4
20	503.0	1106778.8	0.0	0.4	0.4


Iteration 8:

murA_lpxC_filtered_cluster0_iter8:

OpenMP: Using 6 of 6 threads
Alphabet length:21
4136 valid sequences out of 4136 
724 sites, none trimmed because no target specified
Theta not between 0 and 1, no sequence reweighting applied (N = 4136.00)
iter	time	obj	|x|	|g|	crit
1	30.3	3810311.8	0.0	0.5	0.5
2	57.6	3199020.0	0.0	0.8	0.8
3	86.2	3218706.8	0.0	0.7	0.7
4	115.3	2914955.4	0.0	0.8	0.8
5	141.6	2539914.1	0.0	0.7	0.7
6	170.9	2305068.4	0.0	0.7	0.7
7	195.9	2102860.5	0.0	0.7	0.7
8	218.2	1942784.1	0.0	0.6	0.6
9	244.5	1805394.1	0.0	0.6	0.6
10	267.7	1719196.4	0.0	0.6	0.6
11	289.7	1678907.7	0.0	0.5	0.5
12	310.1	1535975.5	0.0	0.5	0.5
13	330.3	1466442.8	0.0	0.5	0.5
14	355.0	1390886.3	0.0	0.5	0.5
15	377.5	1344785.4	0.0	0.4	0.4
16	402.6	1300277.0	0.0	0.4	0.4
17	427.8	1228058.1	0.0	0.4	0.4
18	454.9	1173747.1	0.0	0.4	0.4
19	478.4	1130276.2	0.0	0.4	0.4
20	503.4	1076035.1	0.0	0.4	0.4


murA_lpxC_filtered_cluster1_iter8:

OpenMP: Using 6 of 6 threads
Alphabet length:21
4166 valid sequences out of 4166 
724 sites, none trimmed because no target specified
Theta not between 0 and 1, no sequence reweighting applied (N = 4166.00)
iter	time	obj	|x|	|g|	crit
1	28.8	3833636.7	0.0	0.5	0.5
2	57.8	3339702.5	0.0	0.8	0.8
3	85.2	3162900.0	0.0	0.8	0.8
4	112.7	2809367.4	0.0	0.8	0.8
5	138.7	2507450.6	0.0	0.7	0.7
6	164.4	2347549.1	0.0	0.7	0.7
7	186.3	2092150.0	0.0	0.7	0.7
8	209.3	1939496.3	0.0	0.6	0.6
9	231.0	1840666.1	0.0	0.6	0.6
10	251.5	1746067.0	0.0	0.6	0.6
11	274.1	1648458.7	0.0	0.5	0.5
12	298.8	1568722.6	0.0	0.5	0.5
13	323.7	1462929.2	0.0	0.5	0.5
14	349.2	1397640.7	0.0	0.5	0.5
15	374.2	1342196.4	0.0	0.4	0.4
16	399.0	1291752.4	0.0	0.4	0.4
17	426.3	1244345.5	0.0	0.4	0.4
18	451.0	1195482.9	0.0	0.4	0.4
19	476.1	1127372.7	0.0	0.4	0.4
20	502.7	1087671.3	0.0	0.3	0.3


Iteration 9:

murA_lpxC_filtered_cluster0_iter9:

OpenMP: Using 6 of 6 threads
Alphabet length:21
4146 valid sequences out of 4146 
724 sites, none trimmed because no target specified
Theta not between 0 and 1, no sequence reweighting applied (N = 4146.00)
iter	time	obj	|x|	|g|	crit
1	29.1	3825626.4	0.0	0.6	0.6
2	57.2	3150087.5	0.0	0.8	0.8
3	83.3	3225677.2	0.0	0.7	0.7
4	106.3	2975769.7	0.0	0.7	0.7
5	132.2	2590850.9	0.0	0.7	0.7
6	153.7	2287780.7	0.0	0.7	0.7
7	176.1	2131049.6	0.0	0.7	0.7
8	199.5	1960744.5	0.0	0.6	0.6
9	224.6	1821541.9	0.0	0.6	0.6
10	251.1	1745873.2	0.0	0.6	0.6
11	276.0	1685237.2	0.0	0.5	0.5
12	301.7	1535420.6	0.0	0.5	0.5
13	325.9	1469976.6	0.0	0.5	0.5
14	351.4	1396436.7	0.0	0.5	0.5
15	375.1	1348869.8	0.0	0.4	0.4
16	396.8	1300492.4	0.0	0.4	0.4
17	419.3	1244457.6	0.0	0.4	0.4
18	442.0	1192898.9	0.0	0.4	0.4
19	468.5	1130088.4	0.0	0.4	0.4
20	496.0	1087648.0	0.0	0.4	0.4


murA_lpxC_filtered_cluster1_iter9:

OpenMP: Using 6 of 6 threads
Alphabet length:21
4156 valid sequences out of 4156 
724 sites, none trimmed because no target specified
Theta not between 0 and 1, no sequence reweighting applied (N = 4156.00)
iter	time	obj	|x|	|g|	crit
1	28.6	3829894.7	0.0	0.5	0.5
2	53.5	3262275.8	0.0	0.8	0.8
3	78.0	3238399.3	0.0	0.8	0.8
4	100.7	2869867.4	0.0	0.8	0.8
5	123.7	2537876.7	0.0	0.7	0.7
6	147.5	2345769.0	0.0	0.7	0.7
7	171.5	2126903.1	0.0	0.7	0.7
8	197.1	1931045.4	0.0	0.6	0.6
9	223.7	1823300.5	0.0	0.6	0.6
10	251.1	1775064.4	0.0	0.6	0.6
11	278.4	1649120.7	0.0	0.5	0.5
12	303.8	1543346.3	0.0	0.5	0.5
13	329.5	1485421.2	0.0	0.5	0.5
14	354.9	1402853.0	0.0	0.5	0.5
15	380.9	1350603.9	0.0	0.4	0.4
16	404.9	1300478.7	0.0	0.4	0.4
17	428.9	1252683.6	0.0	0.4	0.4
18	450.0	1181586.9	0.0	0.4	0.4
19	472.6	1134693.1	0.0	0.4	0.4
20	497.8	1092195.4	0.0	0.4	0.4


Iteration 10:

murA_lpxC_filtered_cluster0_iter10:

OpenMP: Using 6 of 6 threads
Alphabet length:21
4140 valid sequences out of 4140 
724 sites, none trimmed because no target specified
Theta not between 0 and 1, no sequence reweighting applied (N = 4140.00)
iter	time	obj	|x|	|g|	crit
1	28.7	3821935.2	0.0	0.6	0.6
2	56.2	3116268.9	0.0	0.8	0.8
3	82.5	3241011.6	0.0	0.8	0.8
4	107.5	2959165.0	0.0	0.8	0.8
5	132.9	2562905.3	0.0	0.7	0.7
6	157.7	2333817.6	0.0	0.7	0.7
7	182.0	2104946.1	0.0	0.7	0.7
8	207.6	1935173.4	0.0	0.6	0.6
9	233.4	1819122.5	0.0	0.6	0.6
10	258.8	1743220.9	0.0	0.6	0.6
11	283.6	1656170.2	0.0	0.5	0.5
12	308.7	1537998.3	0.0	0.5	0.5
13	334.9	1479617.4	0.0	0.5	0.5
14	361.2	1383040.2	0.0	0.5	0.5
15	387.2	1356147.7	0.0	0.4	0.4
16	413.2	1314338.6	0.0	0.4	0.4
17	440.2	1249887.1	0.0	0.4	0.4
18	463.2	1187885.5	0.0	0.4	0.4
19	487.3	1129605.9	0.0	0.4	0.4
20	506.0	1086259.3	0.0	0.4	0.4


murA_lpxC_filtered_cluster1_iter10:

OpenMP: Using 6 of 6 threads
Alphabet length:21
4162 valid sequences out of 4162 
724 sites, none trimmed because no target specified
Theta not between 0 and 1, no sequence reweighting applied (N = 4162.00)
iter	time	obj	|x|	|g|	crit
1	29.3	3833529.8	0.0	0.5	0.5
2	59.8	3334878.4	0.0	0.8	0.8
3	87.6	3179736.4	0.0	0.8	0.8
4	112.6	2863680.6	0.0	0.8	0.8
5	138.5	2584530.3	0.0	0.7	0.7
6	162.0	2306302.1	0.0	0.7	0.7
7	186.0	2121322.8	0.0	0.7	0.7
8	211.1	1946429.1	0.0	0.6	0.6
9	236.7	1854988.3	0.0	0.6	0.6
10	262.7	1748833.1	0.0	0.6	0.6
11	287.4	1648110.0	0.0	0.5	0.5
12	312.0	1566885.7	0.0	0.5	0.5
13	337.0	1481366.3	0.0	0.5	0.5
14	362.0	1424390.9	0.0	0.5	0.5
15	387.1	1334098.6	0.0	0.4	0.4
16	411.5	1320714.8	0.0	0.4	0.4
17	434.8	1244977.7	0.0	0.4	0.4
18	456.5	1191889.5	0.0	0.4	0.4
19	476.9	1141862.3	0.0	0.4	0.4
20	499.4	1092449.7	0.0	0.4	0.4


Iteration 11:

murA_lpxC_filtered_cluster0_iter11:

OpenMP: Using 6 of 6 threads
Alphabet length:21
4132 valid sequences out of 4132 
724 sites, none trimmed because no target specified
Theta not between 0 and 1, no sequence reweighting applied (N = 4132.00)
iter	time	obj	|x|	|g|	crit
1	30.2	3805841.1	0.0	0.5	0.5
2	58.2	3106976.3	0.0	0.8	0.8
3	88.0	3188692.8	0.0	0.7	0.7
4	114.0	2972297.5	0.0	0.8	0.8
5	139.8	2513684.6	0.0	0.7	0.7
6	165.4	2315570.9	0.0	0.7	0.7
7	193.3	2114217.3	0.0	0.7	0.7
8	219.6	1925916.7	0.0	0.6	0.6
9	243.8	1781226.8	0.0	0.6	0.6
10	271.2	1749446.2	0.0	0.6	0.6
11	296.9	1651887.6	0.0	0.5	0.5
12	323.0	1520618.0	0.0	0.5	0.5
13	347.8	1465868.6	0.0	0.5	0.5
14	370.2	1390466.7	0.0	0.5	0.5
15	392.1	1350860.7	0.0	0.4	0.4
16	413.6	1286791.5	0.0	0.4	0.4
17	436.0	1215793.8	0.0	0.4	0.4
18	458.0	1177977.0	0.0	0.4	0.4
19	481.0	1128690.3	0.0	0.4	0.4
20	503.0	1074007.6	0.0	0.3	0.3


murA_lpxC_filtered_cluster1_iter11:

OpenMP: Using 6 of 6 threads
Alphabet length:21
4170 valid sequences out of 4170 
724 sites, none trimmed because no target specified
Theta not between 0 and 1, no sequence reweighting applied (N = 4170.00)
iter	time	obj	|x|	|g|	crit
1	30.2	3847540.1	0.0	0.5	0.5
2	58.5	3159346.0	0.0	0.8	0.8
3	86.3	3203921.7	0.0	0.7	0.7
4	113.2	2838737.2	0.0	0.8	0.8
5	140.5	2564290.7	0.0	0.7	0.7
6	166.8	2319382.4	0.0	0.7	0.7
7	192.2	2104103.3	0.0	0.7	0.7
8	219.5	1974287.7	0.0	0.6	0.6
9	245.8	1810864.9	0.0	0.6	0.6
10	270.8	1750734.9	0.0	0.6	0.6
11	298.0	1673014.7	0.0	0.5	0.5
12	324.7	1543221.3	0.0	0.5	0.5
13	350.5	1439200.8	0.0	0.5	0.5
14	376.7	1403504.2	0.0	0.5	0.5
15	401.9	1331136.4	0.0	0.4	0.4
16	424.7	1307202.7	0.0	0.4	0.4
17	449.6	1245803.7	0.0	0.4	0.4
18	470.8	1180824.0	0.0	0.4	0.4
19	495.5	1135010.7	0.0	0.4	0.4
20	512.5	1098978.9	0.0	0.4	0.4


Iteration 12:

murA_lpxC_filtered_cluster0_iter12:

OpenMP: Using 6 of 6 threads
Alphabet length:21
4124 valid sequences out of 4124 
724 sites, none trimmed because no target specified
Theta not between 0 and 1, no sequence reweighting applied (N = 4124.00)
iter	time	obj	|x|	|g|	crit
1	28.0	3814898.5	0.0	0.5	0.5
2	53.8	2995652.0	0.0	0.8	0.8
3	76.7	3198042.2	0.0	0.7	0.7
4	100.3	2873855.7	0.0	0.7	0.7
5	123.3	2513631.9	0.0	0.7	0.7
6	146.1	2290851.3	0.0	0.7	0.7
7	170.3	2091767.8	0.0	0.7	0.7
8	195.2	1929122.7	0.0	0.6	0.6
9	219.1	1792084.6	0.0	0.6	0.6
10	241.8	1717142.5	0.0	0.5	0.5
11	267.1	1643497.9	0.0	0.5	0.5
12	289.7	1528336.2	0.0	0.5	0.5
13	312.9	1459414.4	0.0	0.5	0.5
14	336.7	1362802.5	0.0	0.5	0.5
15	360.9	1332772.0	0.0	0.4	0.4
16	384.1	1280949.9	0.0	0.4	0.4
17	405.3	1229470.7	0.0	0.4	0.4
18	428.9	1166706.3	0.0	0.4	0.4
19	453.1	1124632.6	0.0	0.4	0.4
20	476.1	1068924.2	0.0	0.3	0.3


murA_lpxC_filtered_cluster1_iter12:

OpenMP: Using 6 of 6 threads
Alphabet length:21
4178 valid sequences out of 4178 
724 sites, none trimmed because no target specified
Theta not between 0 and 1, no sequence reweighting applied (N = 4178.00)
iter	time	obj	|x|	|g|	crit
1	27.8	3848022.5	0.0	0.5	0.5
2	51.2	3253566.1	0.0	0.8	0.8
3	74.4	3227919.7	0.0	0.8	0.8
4	97.0	2789378.4	0.0	0.8	0.8
5	119.7	2545661.9	0.0	0.7	0.7
6	144.2	2363263.6	0.0	0.7	0.7
7	167.9	2107482.5	0.0	0.7	0.7
8	192.0	1937560.3	0.0	0.6	0.6
9	214.9	1825435.7	0.0	0.6	0.6
10	239.3	1740605.4	0.0	0.6	0.6
11	263.5	1669537.1	0.0	0.5	0.5
12	286.0	1554004.8	0.0	0.5	0.5
13	310.2	1482935.0	0.0	0.5	0.5
14	334.0	1401561.8	0.0	0.5	0.5
15	356.6	1338692.9	0.0	0.4	0.4
16	379.6	1296990.8	0.0	0.4	0.4
17	402.4	1246625.0	0.0	0.4	0.4
18	425.9	1186853.7	0.0	0.4	0.4
19	448.8	1142569.6	0.0	0.4	0.4
20	471.3	1099535.4	0.0	0.4	0.4


Iteration 13:

murA_lpxC_filtered_cluster0_iter13:

OpenMP: Using 6 of 6 threads
Alphabet length:21
4128 valid sequences out of 4128 
724 sites, none trimmed because no target specified
Theta not between 0 and 1, no sequence reweighting applied (N = 4128.00)
iter	time	obj	|x|	|g|	crit
1	26.4	3813222.5	0.0	0.5	0.5
2	49.7	3059878.7	0.0	0.8	0.8
3	76.5	3207720.9	0.0	0.7	0.7
4	101.8	2891116.6	0.0	0.7	0.7
5	127.4	2473088.8	0.0	0.7	0.7
6	154.8	2316310.4	0.0	0.7	0.7
7	183.1	2094464.9	0.0	0.7	0.7
8	211.0	1925239.0	0.0	0.6	0.6
9	236.9	1779368.1	0.0	0.6	0.6
10	261.1	1705982.0	0.0	0.6	0.6
11	285.6	1647895.3	0.0	0.5	0.5
12	313.2	1519922.1	0.0	0.5	0.5
13	338.8	1436501.0	0.0	0.5	0.5
14	365.9	1383617.3	0.0	0.5	0.5
15	393.8	1329526.1	0.0	0.4	0.4
16	423.9	1273945.5	0.0	0.4	0.4
17	453.3	1225058.2	0.0	0.4	0.4
18	475.3	1167424.1	0.0	0.4	0.4
19	496.8	1101834.6	0.0	0.4	0.4
20	515.6	1062240.0	0.0	0.3	0.3


murA_lpxC_filtered_cluster1_iter13:

OpenMP: Using 6 of 6 threads
Alphabet length:21
4174 valid sequences out of 4174 
724 sites, none trimmed because no target specified
Theta not between 0 and 1, no sequence reweighting applied (N = 4174.00)
iter	time	obj	|x|	|g|	crit
1	26.8	3843065.6	0.0	0.5	0.5
2	48.9	3249813.3	0.0	0.8	0.8
3	75.1	3194997.4	0.0	0.8	0.8
4	101.2	2877341.5	0.0	0.8	0.8
5	124.9	2533754.1	0.0	0.7	0.7
6	150.0	2317795.8	0.0	0.7	0.7
7	176.3	2098719.8	0.0	0.7	0.7
8	200.4	1921486.7	0.0	0.6	0.6
9	224.6	1801146.3	0.0	0.6	0.6
10	247.9	1754637.5	0.0	0.6	0.6
11	272.8	1624306.2	0.0	0.5	0.5
12	296.0	1530712.0	0.0	0.5	0.5
13	316.4	1455112.6	0.0	0.5	0.5
14	338.0	1393980.6	0.0	0.5	0.5
15	363.1	1325990.4	0.0	0.4	0.4
16	388.5	1296217.8	0.0	0.4	0.4
17	412.7	1233710.6	0.0	0.4	0.4
18	434.6	1168982.1	0.0	0.4	0.4
19	458.3	1140533.4	0.0	0.4	0.4
20	483.1	1094952.8	0.0	0.3	0.3


Iteration 14:

murA_lpxC_filtered_cluster0_iter14:

OpenMP: Using 6 of 6 threads
Alphabet length:21
4131 valid sequences out of 4131 
724 sites, none trimmed because no target specified
Theta not between 0 and 1, no sequence reweighting applied (N = 4131.00)
iter	time	obj	|x|	|g|	crit
1	27.5	3803832.5	0.0	0.5	0.5
2	52.6	3205822.2	0.0	0.8	0.8
3	76.6	3158205.5	0.0	0.8	0.8
4	101.0	2889303.9	0.0	0.8	0.8
5	128.3	2513420.7	0.0	0.7	0.7
6	154.0	2339779.9	0.0	0.7	0.7
7	179.5	2136416.7	0.0	0.7	0.7
8	206.7	1938844.5	0.0	0.6	0.6
9	233.4	1808706.0	0.0	0.6	0.6
10	258.8	1731328.4	0.0	0.6	0.6
11	285.7	1654243.4	0.0	0.5	0.5
12	313.2	1530958.4	0.0	0.5	0.5
13	340.2	1470693.5	0.0	0.5	0.5
14	368.9	1411640.7	0.0	0.5	0.5
15	397.7	1328389.8	0.0	0.4	0.4
16	420.7	1283682.0	0.0	0.4	0.4
17	451.7	1214226.8	0.0	0.4	0.4
18	476.3	1183767.1	0.0	0.4	0.4
19	503.3	1114783.5	0.0	0.4	0.4
20	522.5	1078375.3	0.0	0.4	0.4


murA_lpxC_filtered_cluster1_iter14:

OpenMP: Using 6 of 6 threads
Alphabet length:21
4171 valid sequences out of 4171 
724 sites, none trimmed because no target specified
Theta not between 0 and 1, no sequence reweighting applied (N = 4171.00)
iter	time	obj	|x|	|g|	crit
1	31.4	3817432.8	0.0	0.5	0.5
2	58.5	3326974.3	0.0	0.8	0.8
3	81.5	3150764.4	0.0	0.8	0.8
4	106.3	2848261.0	0.0	0.8	0.8
5	130.5	2546267.7	0.0	0.7	0.7
6	158.8	2378846.2	0.0	0.7	0.7
7	182.7	2092460.8	0.0	0.7	0.7
8	208.6	1929323.5	0.0	0.6	0.6
9	234.5	1842121.4	0.0	0.6	0.6
10	262.5	1751084.3	0.0	0.6	0.6
11	288.6	1674098.9	0.0	0.5	0.5
12	313.9	1574505.3	0.0	0.5	0.5
13	340.5	1504106.8	0.0	0.5	0.5
14	366.8	1402382.1	0.0	0.5	0.5
15	390.9	1354634.8	0.0	0.4	0.4
16	414.5	1330407.1	0.0	0.4	0.4
17	436.1	1238583.2	0.0	0.4	0.4
18	459.6	1191560.5	0.0	0.4	0.4
19	483.1	1138625.0	0.0	0.4	0.4
20	506.5	1108377.4	0.0	0.4	0.4


Iteration 15:

murA_lpxC_filtered_cluster0_iter15:

OpenMP: Using 6 of 6 threads
Alphabet length:21
4129 valid sequences out of 4129 
724 sites, none trimmed because no target specified
Theta not between 0 and 1, no sequence reweighting applied (N = 4129.00)
iter	time	obj	|x|	|g|	crit
1	29.4	3813657.6	0.0	0.5	0.5
2	53.5	3193661.6	0.0	0.8	0.8
3	76.8	3198305.3	0.0	0.7	0.7
4	97.8	2880954.7	0.0	0.7	0.7
5	120.4	2474512.6	0.0	0.7	0.7
6	147.1	2307588.3	0.0	0.7	0.7
7	171.3	2085895.2	0.0	0.7	0.7
8	194.7	1925729.4	0.0	0.6	0.6
9	217.5	1783626.3	0.0	0.6	0.6
10	240.6	1703647.4	0.0	0.6	0.6
11	263.6	1642867.0	0.0	0.5	0.5
12	284.4	1511561.0	0.0	0.5	0.5
13	303.9	1435236.5	0.0	0.5	0.5
14	325.3	1379457.5	0.0	0.5	0.5
15	354.4	1331778.1	0.0	0.4	0.4
16	381.9	1275541.6	0.0	0.4	0.4
17	409.6	1216698.7	0.0	0.4	0.4
18	431.4	1168978.8	0.0	0.4	0.4
19	458.5	1118638.0	0.0	0.4	0.4
20	483.7	1066211.6	0.0	0.3	0.3


murA_lpxC_filtered_cluster1_iter15:

OpenMP: Using 6 of 6 threads
Alphabet length:21
4173 valid sequences out of 4173 
724 sites, none trimmed because no target specified
Theta not between 0 and 1, no sequence reweighting applied (N = 4173.00)
iter	time	obj	|x|	|g|	crit
1	31.3	3821605.6	0.0	0.5	0.5
2	60.6	3332958.6	0.0	0.8	0.8
3	85.9	3175515.1	0.0	0.8	0.8
4	115.8	2813868.3	0.0	0.8	0.8
5	142.5	2534061.8	0.0	0.7	0.7
6	168.0	2390207.6	0.0	0.7	0.7
7	195.2	2069933.3	0.0	0.7	0.7
8	221.7	1950078.4	0.0	0.6	0.6
9	247.8	1855162.3	0.0	0.6	0.6
10	270.1	1751976.2	0.0	0.6	0.6
11	297.3	1642070.3	0.0	0.5	0.5
12	323.8	1544067.5	0.0	0.5	0.5
13	349.8	1476286.9	0.0	0.5	0.5
14	376.3	1388366.0	0.0	0.5	0.5
15	401.0	1347630.7	0.0	0.4	0.4
16	427.8	1309018.9	0.0	0.4	0.4
17	454.3	1240990.8	0.0	0.4	0.4
18	480.5	1180317.9	0.0	0.4	0.4
19	500.9	1140605.2	0.0	0.4	0.4
20	517.5	1093281.0	0.0	0.4	0.4


Iteration 16:

murA_lpxC_filtered_cluster0_iter16:

OpenMP: Using 6 of 6 threads
Alphabet length:21
4131 valid sequences out of 4131 
724 sites, none trimmed because no target specified
Theta not between 0 and 1, no sequence reweighting applied (N = 4131.00)
iter	time	obj	|x|	|g|	crit
1	33.8	3809694.4	0.0	0.5	0.5
2	58.4	3201378.5	0.0	0.8	0.8
3	81.8	3173500.4	0.0	0.7	0.7
4	106.2	2865582.9	0.0	0.8	0.8
5	130.8	2455168.5	0.0	0.7	0.7
6	159.8	2305041.8	0.0	0.7	0.7
7	185.8	2103190.7	0.0	0.7	0.7
8	210.8	1935251.9	0.0	0.6	0.6
9	235.6	1768260.4	0.0	0.6	0.6
10	262.9	1723409.2	0.0	0.6	0.6
11	291.7	1636472.7	0.0	0.5	0.5
12	320.2	1534721.0	0.0	0.5	0.5
13	350.9	1455250.8	0.0	0.5	0.5
14	384.6	1372170.1	0.0	0.5	0.5
15	416.2	1340334.7	0.0	0.4	0.4
16	449.4	1278163.0	0.0	0.4	0.4
17	477.6	1228115.7	0.0	0.4	0.4
18	509.2	1173315.5	0.0	0.4	0.4
19	537.9	1110927.2	0.0	0.4	0.4
20	559.0	1065983.2	0.0	0.3	0.3


murA_lpxC_filtered_cluster1_iter16:

OpenMP: Using 6 of 6 threads
Alphabet length:21
4171 valid sequences out of 4171 
724 sites, none trimmed because no target specified
Theta not between 0 and 1, no sequence reweighting applied (N = 4171.00)
iter	time	obj	|x|	|g|	crit
1	26.1	3827764.3	0.0	0.5	0.5
2	48.1	3226030.8	0.0	0.8	0.8
3	68.1	3163380.9	0.0	0.7	0.7
4	90.1	2864417.7	0.0	0.8	0.8
5	116.2	2521414.8	0.0	0.7	0.7
6	140.3	2326586.1	0.0	0.7	0.7
7	169.2	2055853.7	0.0	0.7	0.7
8	191.0	1916152.4	0.0	0.6	0.6
9	216.1	1810849.0	0.0	0.6	0.6
10	239.6	1745474.9	0.0	0.6	0.6
11	268.1	1615757.4	0.0	0.5	0.5
12	296.6	1542805.3	0.0	0.5	0.5
13	321.6	1450237.5	0.0	0.5	0.5
14	353.5	1397909.2	0.0	0.5	0.5
15	391.4	1341583.9	0.0	0.4	0.4
16	422.2	1294308.2	0.0	0.4	0.4
17	449.7	1230412.8	0.0	0.4	0.4
18	477.1	1188489.0	0.0	0.4	0.4
19	510.2	1134855.1	0.0	0.4	0.4
20	538.5	1091850.8	0.0	0.3	0.3


Iteration 17:

murA_lpxC_filtered_cluster0_iter17:

OpenMP: Using 6 of 6 threads
Alphabet length:21
4128 valid sequences out of 4128 
724 sites, none trimmed because no target specified
Theta not between 0 and 1, no sequence reweighting applied (N = 4128.00)
iter	time	obj	|x|	|g|	crit
1	24.8	3802175.4	0.0	0.5	0.5
2	46.4	3174270.7	0.0	0.8	0.8
3	65.7	3172136.4	0.0	0.7	0.7
4	87.9	2886390.2	0.0	0.8	0.8
5	109.8	2442769.3	0.0	0.7	0.7
6	136.1	2278163.8	0.0	0.7	0.7
7	162.7	2119782.4	0.0	0.7	0.7
8	187.9	1935222.5	0.0	0.6	0.6
9	213.5	1775897.5	0.0	0.6	0.6
10	238.8	1709828.3	0.0	0.6	0.6
11	262.7	1638606.3	0.0	0.5	0.5
12	284.7	1525476.1	0.0	0.5	0.5
13	308.0	1443267.8	0.0	0.5	0.5
14	330.6	1381786.6	0.0	0.5	0.5
15	352.4	1346532.5	0.0	0.4	0.4
16	373.5	1269210.9	0.0	0.4	0.4
17	397.2	1229240.6	0.0	0.4	0.4
18	420.6	1172221.6	0.0	0.4	0.4
19	446.7	1122640.7	0.0	0.4	0.4
20	471.2	1065649.8	0.0	0.3	0.3


murA_lpxC_filtered_cluster1_iter17:

OpenMP: Using 6 of 6 threads
Alphabet length:21
4174 valid sequences out of 4174 
724 sites, none trimmed because no target specified
Theta not between 0 and 1, no sequence reweighting applied (N = 4174.00)
iter	time	obj	|x|	|g|	crit
1	25.6	3830987.5	0.0	0.5	0.5
2	53.0	3243579.9	0.0	0.8	0.8
3	76.7	3197169.0	0.0	0.8	0.8
4	103.7	2880745.1	0.0	0.8	0.8
5	129.6	2508946.5	0.0	0.7	0.7
6	156.4	2351652.1	0.0	0.7	0.7
7	185.2	2092348.9	0.0	0.7	0.7
8	209.5	1958459.4	0.0	0.6	0.6
9	235.8	1826076.8	0.0	0.6	0.6
10	264.3	1748847.3	0.0	0.6	0.6
11	286.3	1657679.8	0.0	0.5	0.5
12	308.8	1543785.4	0.0	0.5	0.5
13	334.3	1472627.8	0.0	0.5	0.5
14	362.0	1403734.9	0.0	0.5	0.5
15	387.5	1350097.2	0.0	0.4	0.4
16	413.7	1290229.4	0.0	0.4	0.4
17	440.2	1235961.8	0.0	0.4	0.4
18	467.4	1176005.0	0.0	0.4	0.4
19	485.9	1137163.7	0.0	0.4	0.4
20	503.7	1080241.4	0.0	0.4	0.4


Iteration 18:

murA_lpxC_filtered_cluster0_iter18:

OpenMP: Using 6 of 6 threads
Alphabet length:21
4132 valid sequences out of 4132 
724 sites, none trimmed because no target specified
Theta not between 0 and 1, no sequence reweighting applied (N = 4132.00)
iter	time	obj	|x|	|g|	crit
1	29.0	3798670.2	0.0	0.5	0.5
2	55.9	3227820.6	0.0	0.8	0.8
3	81.3	3151660.4	0.0	0.7	0.7
4	106.9	2900349.4	0.0	0.8	0.8
5	133.0	2481996.8	0.0	0.7	0.7
6	155.8	2304782.7	0.0	0.7	0.7
7	177.7	2140196.3	0.0	0.7	0.7
8	201.2	1943060.7	0.0	0.6	0.6
9	227.8	1791296.6	0.0	0.6	0.6
10	252.0	1731872.2	0.0	0.6	0.6
11	276.0	1657061.0	0.0	0.5	0.5
12	302.5	1543031.5	0.0	0.5	0.5
13	329.1	1465722.8	0.0	0.5	0.5
14	356.1	1379695.4	0.0	0.5	0.5
15	383.6	1366256.8	0.0	0.4	0.4
16	409.5	1271150.7	0.0	0.4	0.4
17	437.1	1224996.0	0.0	0.4	0.4
18	464.0	1177384.2	0.0	0.4	0.4
19	486.2	1134652.0	0.0	0.4	0.4
20	504.5	1091114.4	0.0	0.3	0.3


murA_lpxC_filtered_cluster1_iter18:

OpenMP: Using 6 of 6 threads
Alphabet length:21
4170 valid sequences out of 4170 
724 sites, none trimmed because no target specified
Theta not between 0 and 1, no sequence reweighting applied (N = 4170.00)
iter	time	obj	|x|	|g|	crit
1	25.9	3836763.0	0.0	0.5	0.5
2	50.6	3155118.0	0.0	0.8	0.8
3	74.5	3169920.0	0.0	0.7	0.7
4	100.9	2890919.7	0.0	0.8	0.8
5	124.1	2497755.6	0.0	0.7	0.7
6	147.7	2344230.1	0.0	0.7	0.7
7	169.9	2098887.3	0.0	0.7	0.7
8	193.9	1921235.5	0.0	0.6	0.6
9	216.2	1827487.8	0.0	0.6	0.6
10	236.2	1760671.1	0.0	0.6	0.6
11	257.6	1634282.6	0.0	0.5	0.5
12	278.1	1539052.8	0.0	0.5	0.5
13	305.3	1448550.0	0.0	0.5	0.5
14	329.7	1403692.6	0.0	0.5	0.5
15	353.5	1344923.3	0.0	0.4	0.4
16	377.7	1286132.1	0.0	0.4	0.4
17	401.8	1232301.8	0.0	0.4	0.4
18	423.4	1182798.3	0.0	0.4	0.4
19	446.1	1139058.6	0.0	0.4	0.4
20	467.8	1086705.7	0.0	0.3	0.3


Iteration 19:

murA_lpxC_filtered_cluster0_iter19:

OpenMP: Using 6 of 6 threads
Alphabet length:21
4134 valid sequences out of 4134 
724 sites, none trimmed because no target specified
Theta not between 0 and 1, no sequence reweighting applied (N = 4134.00)
iter	time	obj	|x|	|g|	crit
1	30.8	3807909.5	0.0	0.5	0.5
2	60.2	3176998.1	0.0	0.8	0.8
3	88.5	3187172.5	0.0	0.7	0.7
4	117.6	2849380.4	0.0	0.8	0.8
5	143.9	2527861.3	0.0	0.7	0.7
6	167.3	2269660.8	0.0	0.7	0.7
7	195.3	2105920.4	0.0	0.7	0.7
8	221.1	1912723.3	0.0	0.6	0.6
9	247.8	1766496.7	0.0	0.6	0.6
10	272.5	1721463.4	0.0	0.6	0.6
11	297.6	1659408.3	0.0	0.5	0.5
12	322.6	1528653.3	0.0	0.5	0.5
13	353.7	1456294.7	0.0	0.5	0.5
14	384.8	1375177.1	0.0	0.5	0.5
15	407.1	1354405.0	0.0	0.4	0.4
16	432.5	1270983.8	0.0	0.4	0.4
17	460.2	1217829.8	0.0	0.4	0.4
18	485.6	1168152.8	0.0	0.4	0.4
19	506.0	1128642.7	0.0	0.4	0.4
20	523.1	1079494.7	0.0	0.3	0.3


murA_lpxC_filtered_cluster1_iter19:

OpenMP: Using 6 of 6 threads
Alphabet length:21
4168 valid sequences out of 4168 
724 sites, none trimmed because no target specified
Theta not between 0 and 1, no sequence reweighting applied (N = 4168.00)
iter	time	obj	|x|	|g|	crit
1	31.0	3835353.9	0.0	0.5	0.5
2	60.2	3232428.8	0.0	0.8	0.8
3	87.7	3165822.5	0.0	0.8	0.8
4	113.7	2862010.4	0.0	0.8	0.8
5	137.1	2474598.7	0.0	0.7	0.7
6	157.6	2355754.5	0.0	0.7	0.7
7	178.9	2099517.3	0.0	0.7	0.7
8	200.5	1923040.8	0.0	0.6	0.6
9	225.2	1820248.7	0.0	0.6	0.6
10	251.2	1764808.6	0.0	0.6	0.6
11	277.4	1666725.5	0.0	0.5	0.5
12	301.1	1539843.5	0.0	0.5	0.5
13	325.1	1486450.4	0.0	0.5	0.5
14	350.4	1400261.0	0.0	0.5	0.5
15	373.8	1344862.2	0.0	0.4	0.4
16	390.4	1284844.0	0.0	0.4	0.4
17	415.7	1241275.5	0.0	0.4	0.4
18	439.0	1188978.0	0.0	0.4	0.4
19	463.8	1143002.3	0.0	0.4	0.4
20	488.6	1093214.1	0.0	0.4	0.4


Iteration 20:

murA_lpxC_filtered_cluster0_iter20:

OpenMP: Using 6 of 6 threads
Alphabet length:21
4137 valid sequences out of 4137 
724 sites, none trimmed because no target specified
Theta not between 0 and 1, no sequence reweighting applied (N = 4137.00)
iter	time	obj	|x|	|g|	crit
1	31.6	3801274.0	0.0	0.5	0.5
2	59.3	3154272.2	0.0	0.8	0.8
3	86.6	3245111.1	0.0	0.8	0.8
4	111.7	2899229.6	0.0	0.8	0.8
5	134.0	2521179.9	0.0	0.7	0.7
6	157.1	2296232.1	0.0	0.7	0.7
7	178.1	2111721.5	0.0	0.7	0.7
8	199.1	1908021.1	0.0	0.6	0.6
9	224.2	1766308.0	0.0	0.6	0.6
10	248.9	1722448.1	0.0	0.6	0.6
11	277.5	1657865.3	0.0	0.5	0.5
12	305.2	1525632.0	0.0	0.5	0.5
13	331.6	1444034.1	0.0	0.5	0.5
14	358.2	1381184.4	0.0	0.5	0.5
15	385.6	1346776.5	0.0	0.4	0.4
16	413.5	1274886.4	0.0	0.4	0.4
17	434.3	1234509.1	0.0	0.4	0.4
18	456.3	1176628.6	0.0	0.4	0.4
19	482.0	1115457.4	0.0	0.4	0.4
20	510.0	1072371.9	0.0	0.3	0.3


murA_lpxC_filtered_cluster1_iter20:

OpenMP: Using 6 of 6 threads
Alphabet length:21
4165 valid sequences out of 4165 
724 sites, none trimmed because no target specified
Theta not between 0 and 1, no sequence reweighting applied (N = 4165.00)
iter	time	obj	|x|	|g|	crit
1	31.4	3833763.4	0.0	0.5	0.5
2	64.0	3280169.0	0.0	0.8	0.8
3	91.6	3186295.3	0.0	0.8	0.8
4	117.9	2876267.4	0.0	0.8	0.8
5	145.1	2490458.4	0.0	0.7	0.7
6	165.5	2342932.9	0.0	0.7	0.7
7	194.7	2097512.1	0.0	0.7	0.7
8	220.0	1915669.9	0.0	0.6	0.6
9	245.4	1816103.3	0.0	0.6	0.6
10	275.7	1757859.8	0.0	0.6	0.6
11	304.4	1637251.2	0.0	0.5	0.5
12	329.7	1547791.6	0.0	0.5	0.5
13	358.9	1478784.3	0.0	0.5	0.5
14	390.4	1394240.4	0.0	0.5	0.5
15	422.6	1340497.4	0.0	0.4	0.4
16	448.6	1297003.9	0.0	0.4	0.4
17	475.7	1235444.6	0.0	0.4	0.4
18	505.1	1195654.1	0.0	0.4	0.4
19	524.9	1136026.2	0.0	0.4	0.4
20	544.1	1093107.6	0.0	0.4	0.4


Iteration 21:

murA_lpxC_filtered_cluster0_iter21:

OpenMP: Using 6 of 6 threads
Alphabet length:21
4138 valid sequences out of 4138 
724 sites, none trimmed because no target specified
Theta not between 0 and 1, no sequence reweighting applied (N = 4138.00)
iter	time	obj	|x|	|g|	crit
1	35.3	3809677.5	0.0	0.5	0.5
2	62.9	3211112.9	0.0	0.8	0.8
3	87.5	3185732.9	0.0	0.7	0.7
4	116.2	2842107.2	0.0	0.8	0.8
5	144.0	2508427.0	0.0	0.7	0.7
6	172.3	2290474.2	0.0	0.7	0.7
7	199.4	2147948.4	0.0	0.7	0.7
8	226.7	1965184.2	0.0	0.6	0.6
9	258.5	1779055.7	0.0	0.6	0.6
10	286.4	1699240.3	0.0	0.6	0.6
11	315.0	1647676.2	0.0	0.5	0.5
12	337.2	1528643.1	0.0	0.5	0.5
13	364.8	1449783.2	0.0	0.5	0.5
14	387.7	1375204.9	0.0	0.5	0.5
15	413.0	1353509.0	0.0	0.4	0.4
16	437.8	1286139.9	0.0	0.4	0.4
17	466.5	1229605.3	0.0	0.4	0.4
18	487.7	1175483.4	0.0	0.4	0.4
19	509.8	1141751.2	0.0	0.4	0.4
20	528.5	1078928.9	0.0	0.3	0.3


murA_lpxC_filtered_cluster1_iter21:

OpenMP: Using 6 of 6 threads
Alphabet length:21
4164 valid sequences out of 4164 
724 sites, none trimmed because no target specified
Theta not between 0 and 1, no sequence reweighting applied (N = 4164.00)
iter	time	obj	|x|	|g|	crit
1	30.3	3821534.0	0.0	0.5	0.5
2	54.8	3273650.0	0.0	0.8	0.8
3	76.8	3148017.2	0.0	0.8	0.8
4	98.4	2837885.0	0.0	0.8	0.8
5	119.7	2490628.0	0.0	0.7	0.7
6	147.4	2332041.9	0.0	0.7	0.7
7	173.6	2065754.1	0.0	0.7	0.7
8	201.4	1923792.5	0.0	0.6	0.6
9	228.5	1818697.1	0.0	0.6	0.6
10	255.0	1738012.3	0.0	0.6	0.6
11	281.9	1635257.4	0.0	0.5	0.5
12	306.6	1529395.8	0.0	0.5	0.5
13	333.8	1457660.2	0.0	0.5	0.5
14	357.8	1391775.7	0.0	0.5	0.5
15	380.9	1344092.9	0.0	0.4	0.4
16	405.1	1288725.7	0.0	0.4	0.4
17	429.7	1223367.3	0.0	0.4	0.4
18	451.7	1183479.7	0.0	0.4	0.4
19	476.0	1125675.4	0.0	0.4	0.4
20	500.3	1075805.2	0.0	0.3	0.3


Iteration 22:

murA_lpxC_filtered_cluster0_iter22:

OpenMP: Using 6 of 6 threads
Alphabet length:21
4140 valid sequences out of 4140 
724 sites, none trimmed because no target specified
Theta not between 0 and 1, no sequence reweighting applied (N = 4140.00)
iter	time	obj	|x|	|g|	crit
1	29.8	3814008.4	0.0	0.5	0.5
2	57.4	3181987.7	0.0	0.8	0.8
3	83.9	3218683.1	0.0	0.8	0.8
4	110.3	2858540.1	0.0	0.8	0.8
5	139.8	2513990.6	0.0	0.7	0.7
6	168.1	2304702.0	0.0	0.7	0.7
7	194.3	2115263.6	0.0	0.7	0.7
8	221.4	1914109.0	0.0	0.6	0.6
9	247.3	1810581.9	0.0	0.6	0.6
10	271.1	1711881.1	0.0	0.6	0.6
11	295.7	1634369.1	0.0	0.5	0.5
12	320.4	1527416.4	0.0	0.5	0.5
13	340.8	1462157.9	0.0	0.5	0.5
14	361.8	1373584.3	0.0	0.5	0.5
15	385.4	1364696.5	0.0	0.4	0.4
16	407.7	1294024.9	0.0	0.4	0.4
17	428.4	1221195.4	0.0	0.4	0.4
18	449.6	1167588.3	0.0	0.4	0.4
19	470.4	1124963.1	0.0	0.4	0.4
20	492.0	1083897.3	0.0	0.3	0.3


murA_lpxC_filtered_cluster1_iter22:

OpenMP: Using 6 of 6 threads
Alphabet length:21
4162 valid sequences out of 4162 
724 sites, none trimmed because no target specified
Theta not between 0 and 1, no sequence reweighting applied (N = 4162.00)
iter	time	obj	|x|	|g|	crit
1	29.1	3819876.8	0.0	0.5	0.5
2	58.3	3355413.8	0.0	0.8	0.8
3	85.7	3138109.2	0.0	0.8	0.8
4	110.3	2830516.7	0.0	0.8	0.8
5	139.1	2534883.6	0.0	0.7	0.7
6	165.6	2345440.7	0.0	0.7	0.7
7	194.4	2080964.8	0.0	0.7	0.7
8	221.1	1918006.7	0.0	0.6	0.6
9	245.6	1812790.2	0.0	0.6	0.6
10	273.6	1719855.9	0.0	0.6	0.6
11	299.6	1632157.7	0.0	0.5	0.5
12	328.1	1533118.0	0.0	0.5	0.5
13	356.3	1456061.3	0.0	0.5	0.5
14	385.0	1395945.9	0.0	0.5	0.5
15	414.1	1335347.1	0.0	0.4	0.4
16	438.5	1289474.5	0.0	0.4	0.4
17	463.1	1229879.2	0.0	0.4	0.4
18	489.3	1178317.8	0.0	0.4	0.4
19	512.1	1128929.2	0.0	0.4	0.4
20	530.2	1071452.3	0.0	0.3	0.3


Iteration 23:

murA_lpxC_filtered_cluster0_iter23:

OpenMP: Using 6 of 6 threads
Alphabet length:21
4136 valid sequences out of 4136 
724 sites, none trimmed because no target specified
Theta not between 0 and 1, no sequence reweighting applied (N = 4136.00)
iter	time	obj	|x|	|g|	crit
1	35.7	3805338.7	0.0	0.5	0.5
2	61.4	3212201.9	0.0	0.8	0.8
3	87.6	3170104.9	0.0	0.7	0.7
4	114.1	2831953.0	0.0	0.8	0.8
5	143.0	2435419.5	0.0	0.7	0.7
6	168.7	2244365.4	0.0	0.7	0.7
7	196.7	2089809.4	0.0	0.6	0.6
8	222.2	1912635.2	0.0	0.6	0.6
9	247.3	1777310.9	0.0	0.6	0.6
10	274.1	1711908.3	0.0	0.5	0.5
11	298.9	1644863.6	0.0	0.5	0.5
12	323.0	1504919.5	0.0	0.5	0.5
13	343.8	1440455.5	0.0	0.5	0.5
14	366.9	1373850.6	0.0	0.5	0.5
15	387.0	1336545.0	0.0	0.4	0.4
16	407.6	1270349.6	0.0	0.4	0.4
17	434.9	1205289.8	0.0	0.4	0.4
18	456.6	1166186.9	0.0	0.4	0.4
19	480.3	1117555.9	0.0	0.4	0.4
20	504.9	1075266.8	0.0	0.3	0.3


murA_lpxC_filtered_cluster1_iter23:

OpenMP: Using 6 of 6 threads
Alphabet length:21
4166 valid sequences out of 4166 
724 sites, none trimmed because no target specified
Theta not between 0 and 1, no sequence reweighting applied (N = 4166.00)
iter	time	obj	|x|	|g|	crit
1	31.7	3826272.3	0.0	0.5	0.5
2	57.7	3216243.5	0.0	0.8	0.8
3	84.8	3155329.0	0.0	0.7	0.7
4	112.4	2856192.4	0.0	0.8	0.8
5	139.4	2573834.0	0.0	0.7	0.7
6	165.3	2327067.7	0.0	0.7	0.7
7	193.9	2108811.2	0.0	0.7	0.7
8	219.3	1928002.6	0.0	0.6	0.6
9	246.8	1834800.0	0.0	0.6	0.6
10	276.8	1748350.3	0.0	0.6	0.6
11	304.9	1609537.6	0.0	0.5	0.5
12	331.4	1531714.4	0.0	0.5	0.5
13	356.0	1475750.6	0.0	0.5	0.5
14	379.4	1392415.0	0.0	0.5	0.5
15	406.2	1340161.5	0.0	0.4	0.4
16	441.2	1288123.2	0.0	0.4	0.4
17	464.2	1233234.5	0.0	0.4	0.4
18	486.5	1183195.5	0.0	0.4	0.4
19	509.6	1140293.7	0.0	0.4	0.4
20	528.8	1097730.4	0.0	0.3	0.3


Iteration 24:

murA_lpxC_filtered_cluster0_iter24:

OpenMP: Using 6 of 6 threads
Alphabet length:21
4134 valid sequences out of 4134 
724 sites, none trimmed because no target specified
Theta not between 0 and 1, no sequence reweighting applied (N = 4134.00)
iter	time	obj	|x|	|g|	crit
1	25.7	3812515.9	0.0	0.5	0.5
2	49.2	3170454.4	0.0	0.8	0.8
3	73.4	3225457.6	0.0	0.7	0.7
4	98.7	2924936.8	0.0	0.8	0.8
5	121.9	2495767.7	0.0	0.7	0.7
6	139.2	2302806.6	0.0	0.7	0.7
7	161.5	2109240.0	0.0	0.7	0.7
8	185.3	1916712.0	0.0	0.6	0.6
9	210.7	1802650.0	0.0	0.6	0.6
10	236.4	1721138.5	0.0	0.6	0.6
11	262.5	1662494.7	0.0	0.5	0.5
12	289.1	1527596.5	0.0	0.5	0.5
13	314.2	1454268.2	0.0	0.5	0.5
14	336.6	1378840.5	0.0	0.5	0.5
15	357.1	1369488.7	0.0	0.4	0.4
16	378.7	1297373.9	0.0	0.4	0.4
17	402.5	1228845.5	0.0	0.4	0.4
18	428.2	1172514.8	0.0	0.4	0.4
19	452.3	1131414.8	0.0	0.4	0.4
20	477.1	1079203.0	0.0	0.4	0.4


murA_lpxC_filtered_cluster1_iter24:

OpenMP: Using 6 of 6 threads
Alphabet length:21
4168 valid sequences out of 4168 
724 sites, none trimmed because no target specified
Theta not between 0 and 1, no sequence reweighting applied (N = 4168.00)
iter	time	obj	|x|	|g|	crit
1	30.3	3845205.7	0.0	0.5	0.5
2	55.8	3163651.8	0.0	0.8	0.8
3	80.2	3188583.9	0.0	0.7	0.7
4	105.7	2865932.7	0.0	0.8	0.8
5	133.3	2551831.9	0.0	0.7	0.7
6	158.4	2303422.2	0.0	0.7	0.7
7	184.3	2087458.4	0.0	0.7	0.7
8	211.4	1913880.2	0.0	0.6	0.6
9	238.4	1804120.6	0.0	0.6	0.6
10	264.4	1700239.1	0.0	0.6	0.6
11	290.5	1635512.3	0.0	0.5	0.5
12	318.1	1518261.6	0.0	0.5	0.5
13	344.1	1464474.1	0.0	0.5	0.5
14	372.1	1385488.8	0.0	0.5	0.5
15	401.2	1328240.7	0.0	0.4	0.4
16	427.9	1287920.2	0.0	0.4	0.4
17	453.2	1233472.5	0.0	0.4	0.4
18	480.3	1184151.5	0.0	0.4	0.4
19	501.9	1140026.6	0.0	0.4	0.4
20	524.1	1081338.2	0.0	0.3	0.3


Iteration 25:

murA_lpxC_filtered_cluster0_iter25:

OpenMP: Using 6 of 6 threads
Alphabet length:21
4134 valid sequences out of 4134 
724 sites, none trimmed because no target specified
Theta not between 0 and 1, no sequence reweighting applied (N = 4134.00)
iter	time	obj	|x|	|g|	crit
1	28.3	3811949.9	0.0	0.5	0.5
2	58.8	3205980.0	0.0	0.8	0.8
3	83.4	3210645.5	0.0	0.7	0.7
4	107.5	2932290.5	0.0	0.8	0.8
5	134.6	2539480.2	0.0	0.7	0.7
6	163.2	2303205.4	0.0	0.7	0.7
7	190.8	2102150.7	0.0	0.7	0.7
8	222.1	1936302.0	0.0	0.6	0.6
9	247.4	1807889.5	0.0	0.6	0.6
10	273.7	1727167.7	0.0	0.6	0.6
11	301.5	1663076.0	0.0	0.5	0.5
12	329.8	1516889.9	0.0	0.5	0.5
13	357.4	1473591.2	0.0	0.5	0.5
14	382.1	1392117.6	0.0	0.5	0.5
15	408.6	1358095.6	0.0	0.4	0.4
16	435.9	1281304.0	0.0	0.4	0.4
17	461.6	1222221.2	0.0	0.4	0.4
18	481.0	1166582.3	0.0	0.4	0.4
19	496.7	1125205.9	0.0	0.4	0.4
20	512.5	1084701.4	0.0	0.3	0.3


murA_lpxC_filtered_cluster1_iter25:

OpenMP: Using 6 of 6 threads
Alphabet length:21
4168 valid sequences out of 4168 
724 sites, none trimmed because no target specified
Theta not between 0 and 1, no sequence reweighting applied (N = 4168.00)
iter	time	obj	|x|	|g|	crit
1	26.4	3850358.6	0.0	0.5	0.5
2	48.7	3158285.8	0.0	0.8	0.8
3	74.1	3195740.9	0.0	0.7	0.7
4	96.4	2851304.4	0.0	0.8	0.8
5	116.4	2533274.1	0.0	0.7	0.7
6	140.3	2315822.0	0.0	0.7	0.7
7	164.5	2114090.3	0.0	0.7	0.7
8	188.4	1917795.1	0.0	0.6	0.6
9	210.2	1814250.1	0.0	0.6	0.6
10	228.4	1717869.8	0.0	0.6	0.6
11	251.3	1654762.5	0.0	0.5	0.5
12	275.5	1535946.2	0.0	0.5	0.5
13	299.3	1457791.9	0.0	0.5	0.5
14	323.6	1375506.6	0.0	0.5	0.5
15	344.4	1321827.1	0.0	0.4	0.4
16	366.3	1296988.1	0.0	0.4	0.4
17	388.9	1236498.4	0.0	0.4	0.4
18	412.0	1172084.3	0.0	0.4	0.4
19	435.4	1131442.5	0.0	0.4	0.4
20	461.2	1083445.9	0.0	0.3	0.3


Iteration 26:

murA_lpxC_filtered_cluster0_iter26:

OpenMP: Using 6 of 6 threads
Alphabet length:21
4129 valid sequences out of 4129 
724 sites, none trimmed because no target specified
Theta not between 0 and 1, no sequence reweighting applied (N = 4129.00)
iter	time	obj	|x|	|g|	crit
1	31.8	3800730.3	0.0	0.5	0.5
2	60.0	3142262.8	0.0	0.8	0.8
3	85.8	3209655.6	0.0	0.7	0.7
4	110.8	2882243.3	0.0	0.8	0.8
5	133.9	2533075.7	0.0	0.7	0.7
6	154.0	2319201.6	0.0	0.7	0.7
7	177.2	2089741.7	0.0	0.7	0.7
8	200.6	1955619.0	0.0	0.6	0.6
9	225.5	1809837.0	0.0	0.6	0.6
10	250.0	1706424.2	0.0	0.6	0.6
11	274.8	1640609.6	0.0	0.5	0.5
12	299.6	1516464.2	0.0	0.5	0.5
13	327.9	1466020.2	0.0	0.5	0.5
14	352.0	1392043.7	0.0	0.5	0.5
15	374.4	1331674.7	0.0	0.4	0.4
16	397.8	1282341.0	0.0	0.4	0.4
17	421.5	1218658.1	0.0	0.4	0.4
18	446.7	1165830.8	0.0	0.4	0.4
19	471.7	1119076.5	0.0	0.4	0.4
20	497.7	1075098.1	0.0	0.3	0.3


murA_lpxC_filtered_cluster1_iter26:

OpenMP: Using 6 of 6 threads
Alphabet length:21
4173 valid sequences out of 4173 
724 sites, none trimmed because no target specified
Theta not between 0 and 1, no sequence reweighting applied (N = 4173.00)
iter	time	obj	|x|	|g|	crit
1	32.4	3841215.9	0.0	0.5	0.5
2	61.0	3127366.3	0.0	0.8	0.8
3	88.3	3181712.2	0.0	0.7	0.7
4	115.4	2837182.8	0.0	0.8	0.8
5	143.8	2461476.0	0.0	0.7	0.7
6	169.6	2330694.0	0.0	0.7	0.7
7	195.3	2065148.3	0.0	0.7	0.7
8	220.7	1879352.1	0.0	0.6	0.6
9	246.2	1825381.0	0.0	0.6	0.6
10	271.4	1691574.7	0.0	0.5	0.5
11	295.3	1639602.2	0.0	0.5	0.5
12	318.1	1504068.5	0.0	0.5	0.5
13	340.0	1460682.7	0.0	0.5	0.5
14	361.1	1385935.4	0.0	0.5	0.5
15	382.4	1338888.3	0.0	0.4	0.4
16	404.7	1295205.0	0.0	0.4	0.4
17	425.6	1223023.1	0.0	0.4	0.4
18	449.3	1174348.4	0.0	0.4	0.4
19	473.5	1127220.3	0.0	0.4	0.4
20	499.7	1077476.5	0.0	0.3	0.3


Iteration 27:

murA_lpxC_filtered_cluster0_iter27:

OpenMP: Using 6 of 6 threads
Alphabet length:21
4121 valid sequences out of 4121 
724 sites, none trimmed because no target specified
Theta not between 0 and 1, no sequence reweighting applied (N = 4121.00)
iter	time	obj	|x|	|g|	crit
1	29.0	3798558.2	0.0	0.5	0.5
2	53.6	3090473.4	0.0	0.8	0.8
3	77.9	3196524.3	0.0	0.7	0.7
4	102.2	2865521.6	0.0	0.7	0.7
5	126.7	2545313.5	0.0	0.7	0.7
6	150.6	2309267.3	0.0	0.7	0.7
7	171.8	2097182.8	0.0	0.7	0.7
8	192.1	1906375.5	0.0	0.6	0.6
9	211.5	1795316.4	0.0	0.6	0.6
10	235.1	1715469.8	0.0	0.6	0.6
11	258.3	1655349.3	0.0	0.5	0.5
12	280.9	1517751.4	0.0	0.5	0.5
13	302.6	1461952.8	0.0	0.5	0.5
14	326.1	1378031.2	0.0	0.5	0.5
15	350.0	1345977.1	0.0	0.4	0.4
16	374.6	1280871.7	0.0	0.4	0.4
17	399.2	1236489.5	0.0	0.4	0.4
18	426.6	1169967.4	0.0	0.4	0.4
19	449.7	1112089.4	0.0	0.4	0.4
20	476.4	1078158.2	0.0	0.3	0.3


murA_lpxC_filtered_cluster1_iter27:

OpenMP: Using 6 of 6 threads
Alphabet length:21
4181 valid sequences out of 4181 
724 sites, none trimmed because no target specified
Theta not between 0 and 1, no sequence reweighting applied (N = 4181.00)
iter	time	obj	|x|	|g|	crit
1	26.6	3851826.9	0.0	0.5	0.5
2	51.2	3298425.4	0.0	0.8	0.8
3	77.2	3210077.1	0.0	0.8	0.8
4	102.2	2914350.8	0.0	0.8	0.8
5	127.3	2539765.9	0.0	0.7	0.7
6	155.2	2288938.5	0.0	0.7	0.7
7	177.8	2129528.1	0.0	0.7	0.7
8	205.3	1971640.2	0.0	0.6	0.6
9	228.7	1858734.8	0.0	0.6	0.6
10	251.9	1745404.3	0.0	0.6	0.6
11	273.9	1650203.9	0.0	0.5	0.5
12	297.0	1567918.1	0.0	0.5	0.5
13	321.7	1494397.9	0.0	0.5	0.5
14	346.2	1407704.5	0.0	0.5	0.5
15	371.4	1335383.1	0.0	0.4	0.4
16	396.4	1298229.9	0.0	0.4	0.4
17	420.9	1239682.4	0.0	0.4	0.4
18	443.4	1177119.3	0.0	0.4	0.4
19	467.3	1136883.2	0.0	0.4	0.4
20	487.4	1096118.2	0.0	0.4	0.4


Iteration 28:

murA_lpxC_filtered_cluster0_iter28:

OpenMP: Using 6 of 6 threads
Alphabet length:21
4121 valid sequences out of 4121 
724 sites, none trimmed because no target specified
Theta not between 0 and 1, no sequence reweighting applied (N = 4121.00)
iter	time	obj	|x|	|g|	crit
1	26.8	3795361.4	0.0	0.5	0.5
2	53.5	3154121.9	0.0	0.8	0.8
3	79.3	3233656.7	0.0	0.7	0.7
4	106.3	2871701.6	0.0	0.8	0.8
5	131.8	2541739.6	0.0	0.7	0.7
6	157.3	2326864.5	0.0	0.7	0.7
7	182.8	2115406.7	0.0	0.7	0.7
8	211.8	1896867.7	0.0	0.6	0.6
9	241.8	1785117.7	0.0	0.6	0.6
10	268.3	1712845.6	0.0	0.6	0.6
11	295.5	1658584.4	0.0	0.5	0.5
12	319.5	1533267.0	0.0	0.5	0.5
13	343.9	1463165.4	0.0	0.5	0.5
14	374.0	1377351.3	0.0	0.5	0.5
15	401.4	1343719.8	0.0	0.4	0.4
16	424.0	1289731.7	0.0	0.4	0.4
17	452.2	1236410.7	0.0	0.4	0.4
18	476.6	1167539.6	0.0	0.4	0.4
19	497.8	1116658.0	0.0	0.4	0.4
20	516.2	1081655.6	0.0	0.3	0.3


murA_lpxC_filtered_cluster1_iter28:

OpenMP: Using 6 of 6 threads
Alphabet length:21
4181 valid sequences out of 4181 
724 sites, none trimmed because no target specified
Theta not between 0 and 1, no sequence reweighting applied (N = 4181.00)
iter	time	obj	|x|	|g|	crit
1	26.8	3855338.4	0.0	0.5	0.5
2	52.8	3275354.1	0.0	0.8	0.8
3	77.5	3203636.1	0.0	0.8	0.8
4	101.6	2857182.8	0.0	0.8	0.8
5	125.6	2523586.1	0.0	0.7	0.7
6	147.6	2327296.1	0.0	0.7	0.7
7	170.2	2152063.1	0.0	0.7	0.7
8	193.5	1948131.9	0.0	0.6	0.6
9	214.7	1839379.2	0.0	0.6	0.6
10	239.9	1724375.2	0.0	0.6	0.6
11	264.4	1643397.0	0.0	0.5	0.5
12	288.9	1563288.4	0.0	0.5	0.5
13	313.5	1477425.6	0.0	0.5	0.5
14	339.5	1404973.8	0.0	0.5	0.5
15	366.5	1337419.0	0.0	0.4	0.4
16	387.2	1306779.7	0.0	0.4	0.4
17	409.1	1251329.6	0.0	0.4	0.4
18	433.3	1178493.1	0.0	0.4	0.4
19	454.8	1123078.1	0.0	0.4	0.4
20	476.9	1090060.8	0.0	0.4	0.4


Iteration 29:

murA_lpxC_filtered_cluster0_iter29:

OpenMP: Using 6 of 6 threads
Alphabet length:21
4122 valid sequences out of 4122 
724 sites, none trimmed because no target specified
Theta not between 0 and 1, no sequence reweighting applied (N = 4122.00)
iter	time	obj	|x|	|g|	crit
1	27.7	3796859.5	0.0	0.5	0.5
2	52.9	2980374.2	0.0	0.8	0.8
3	71.6	3202320.6	0.0	0.7	0.7
4	94.0	2860822.2	0.0	0.7	0.7
5	119.7	2533872.0	0.0	0.7	0.7
6	144.9	2285993.0	0.0	0.7	0.7
7	171.9	2080465.5	0.0	0.7	0.7
8	202.1	1897516.0	0.0	0.6	0.6
9	228.4	1794379.3	0.0	0.6	0.6
10	252.0	1718542.7	0.0	0.6	0.6
11	280.1	1623544.7	0.0	0.5	0.5
12	301.3	1512423.0	0.0	0.5	0.5
13	321.8	1458869.2	0.0	0.5	0.5
14	348.3	1381047.8	0.0	0.5	0.5
15	373.4	1355696.7	0.0	0.4	0.4
16	393.8	1277857.8	0.0	0.4	0.4
17	421.7	1229399.5	0.0	0.4	0.4
18	446.1	1164863.5	0.0	0.4	0.4
19	467.9	1118066.7	0.0	0.4	0.4
20	492.9	1082515.7	0.0	0.3	0.3


murA_lpxC_filtered_cluster1_iter29:

OpenMP: Using 6 of 6 threads
Alphabet length:21
4180 valid sequences out of 4180 
724 sites, none trimmed because no target specified
Theta not between 0 and 1, no sequence reweighting applied (N = 4180.00)
iter	time	obj	|x|	|g|	crit
1	34.7	3865885.1	0.0	0.5	0.5
2	63.0	3243187.0	0.0	0.8	0.8
3	87.4	3180801.9	0.0	0.8	0.8
4	115.9	2850699.5	0.0	0.8	0.8
5	142.0	2516880.2	0.0	0.7	0.7
6	168.5	2281332.6	0.0	0.7	0.7
7	195.9	2086363.0	0.0	0.7	0.7
8	223.3	1931159.3	0.0	0.6	0.6
9	246.1	1797541.7	0.0	0.6	0.6
10	268.2	1708999.0	0.0	0.6	0.6
11	288.1	1640393.3	0.0	0.5	0.5
12	311.5	1522240.5	0.0	0.5	0.5
13	333.9	1471852.7	0.0	0.5	0.5
14	357.1	1390620.9	0.0	0.5	0.5
15	380.4	1329076.6	0.0	0.4	0.4
16	406.6	1284831.7	0.0	0.4	0.4
17	428.3	1234638.3	0.0	0.4	0.4
18	450.7	1169413.1	0.0	0.4	0.4
19	477.8	1123709.4	0.0	0.4	0.4
20	498.4	1086203.1	0.0	0.3	0.3


Iteration 30:

murA_lpxC_filtered_cluster0_iter30:

OpenMP: Using 6 of 6 threads
Alphabet length:21
4121 valid sequences out of 4121 
724 sites, none trimmed because no target specified
Theta not between 0 and 1, no sequence reweighting applied (N = 4121.00)
iter	time	obj	|x|	|g|	crit
1	28.5	3799077.8	0.0	0.6	0.6
2	57.6	3033983.4	0.0	0.8	0.8
3	85.9	3171499.1	0.0	0.7	0.7
4	109.2	2880628.0	0.0	0.7	0.7
5	133.1	2600083.1	0.0	0.7	0.7
6	156.2	2311460.6	0.0	0.7	0.7
7	182.0	2076655.0	0.0	0.7	0.7
8	205.4	1930059.5	0.0	0.6	0.6
9	229.7	1823620.6	0.0	0.6	0.6
10	255.1	1744422.5	0.0	0.6	0.6
11	275.9	1648219.3	0.0	0.5	0.5
12	296.4	1515879.9	0.0	0.5	0.5
13	318.8	1468227.7	0.0	0.5	0.5
14	342.7	1376212.5	0.0	0.5	0.5
15	369.8	1364916.3	0.0	0.4	0.4
16	394.9	1280980.7	0.0	0.4	0.4
17	424.6	1233240.4	0.0	0.4	0.4
18	449.3	1168651.8	0.0	0.4	0.4
19	473.6	1122887.4	0.0	0.4	0.4
20	500.4	1084388.5	0.0	0.3	0.3


murA_lpxC_filtered_cluster1_iter30:

OpenMP: Using 6 of 6 threads
Alphabet length:21
4181 valid sequences out of 4181 
724 sites, none trimmed because no target specified
Theta not between 0 and 1, no sequence reweighting applied (N = 4181.00)
iter	time	obj	|x|	|g|	crit
1	29.9	3863003.6	0.0	0.5	0.5
2	61.7	3274838.1	0.0	0.8	0.8
3	90.5	3239004.2	0.0	0.8	0.8
4	116.6	2810720.7	0.0	0.8	0.8
5	140.4	2516014.5	0.0	0.7	0.7
6	170.4	2290387.7	0.0	0.7	0.7
7	200.9	2103907.7	0.0	0.7	0.7
8	229.4	1919290.0	0.0	0.6	0.6
9	262.2	1817053.1	0.0	0.6	0.6
10	288.0	1717395.8	0.0	0.6	0.6
11	314.3	1640480.4	0.0	0.5	0.5
12	339.9	1533148.0	0.0	0.5	0.5
13	366.8	1481878.5	0.0	0.5	0.5
14	392.7	1392214.9	0.0	0.5	0.5
15	421.4	1331414.9	0.0	0.4	0.4
16	446.9	1290389.2	0.0	0.4	0.4
17	475.3	1228158.5	0.0	0.4	0.4
18	501.1	1174599.3	0.0	0.4	0.4
19	521.8	1120689.9	0.0	0.4	0.4
20	539.5	1088928.7	0.0	0.3	0.3

