tuning/outputs/tuning_run_28/ created
tuning/outputs/tuning_run_28/iterations/ created
tuning/outputs/tuning_run_28/output/ created
{'msa-file-name': 'murA_lpxC_filtered.fa', 'em_maxiter': 30, 'em_numclusters': 2, 'em_device': None, 'em_init': 'kmeans', 'em_no_iter_print': 0, 'plmc': '../../plmc/bin/plmc', 'output': 'tuning/outputs/tuning_run_28', 'fast': 1, 'scale': None, 'theta': '2', 'lambdah': '0.01', 'lambdae': '16.0', 'lambdag': None, 'gapignore': 1, 'maxiter': '20', 'ncores': 6, 'gapignore_tune': '1', 'fast_tune': '1', 'em_iter_print': 1, 'iterations_dir': 'tuning/outputs/tuning_run_28/iterations/', 'final_dir': 'tuning/outputs/tuning_run_28/output/', 'output_dir': 'tuning/outputs/tuning_run_28/', 'plmc_options': ['-t 2', '-lh 0.01', '-le 16.0', '-m 20', '-n 6', '-g', '--fast'], 'device': device(type='cpu')}

Using cpu


Iteration 0:

murA_lpxC_filtered_cluster0_iter0:

OpenMP: Using 6 of 6 threads
Alphabet length:21
6626 valid sequences out of 6626 
724 sites, none trimmed because no target specified
Theta not between 0 and 1, no sequence reweighting applied (N = 6626.00)
iter	time	obj	|x|	|g|	crit
1	22.3	5565472.3	0.0	0.7	0.7
2	44.5	5420849.9	0.0	1.3	1.3
3	65.5	4929853.2	0.0	1.2	1.2
4	84.2	4767813.0	0.0	1.2	1.2
5	102.3	4213699.0	0.0	1.2	1.2
6	121.6	3873243.4	0.0	1.2	1.2
7	140.3	3473221.4	0.0	1.1	1.1
8	159.3	3293053.4	0.0	1.1	1.1
9	178.9	3046196.8	0.0	1.0	1.0
10	199.3	2838514.1	0.0	1.0	1.0
11	220.6	2739429.3	0.0	0.9	0.9
12	240.6	2567314.2	0.0	0.9	0.9
13	259.8	2424967.5	0.0	0.9	0.9
14	278.7	2355207.2	0.0	0.8	0.8
15	297.9	2252901.8	0.0	0.8	0.8
16	315.0	2161019.4	0.0	0.7	0.7
17	327.7	2033975.6	0.0	0.7	0.7
18	339.7	1974833.5	0.0	0.7	0.7
19	352.2	1874258.0	0.0	0.7	0.7
20	364.4	1777823.6	0.0	0.6	0.6


murA_lpxC_filtered_cluster1_iter0:

OpenMP: Using 6 of 6 threads
Alphabet length:21
1676 valid sequences out of 1676 
724 sites, none trimmed because no target specified
Theta not between 0 and 1, no sequence reweighting applied (N = 1676.00)
iter	time	obj	|x|	|g|	crit
1	15.3	950861.0	0.0	0.1	0.1
2	28.1	1095758.0	0.0	0.2	0.2
3	41.9	1034175.8	0.0	0.3	0.3
4	58.9	815580.2	0.0	0.3	0.3
5	78.2	782176.8	0.0	0.3	0.3
6	96.9	737568.5	0.0	0.3	0.3
7	114.1	677464.8	0.0	0.2	0.2
8	131.6	625247.3	0.0	0.2	0.2
9	147.2	601225.9	0.0	0.2	0.2
10	163.3	579220.5	0.0	0.2	0.2
11	180.2	542714.4	0.0	0.2	0.2
12	197.1	507140.0	0.0	0.2	0.2
13	215.4	480389.0	0.0	0.2	0.2
14	234.8	449616.6	0.0	0.2	0.2
15	254.9	435110.9	0.0	0.2	0.2
16	274.0	425014.0	0.0	0.1	0.1
17	292.7	404496.5	0.0	0.1	0.1
18	310.7	377952.1	0.0	0.1	0.1
19	328.8	357244.4	0.0	0.1	0.1
20	345.9	346471.4	0.0	0.1	0.1


Iteration 1:
TERMINATING: Repeated cluster assignments
