tuning/outputs/tuning_run_35/ created
tuning/outputs/tuning_run_35/iterations/ created
tuning/outputs/tuning_run_35/output/ created
{'msa-file-name': 'murA_lpxC_filtered.fa', 'em_maxiter': 30, 'em_numclusters': 2, 'em_device': None, 'em_init': 'random', 'em_no_iter_print': 0, 'plmc': '../../plmc/bin/plmc', 'output': 'tuning/outputs/tuning_run_35', 'fast': 0, 'scale': None, 'theta': '0.8', 'lambdah': '0.01', 'lambdae': '16.0', 'lambdag': None, 'gapignore': 0, 'maxiter': '2', 'ncores': 6, 'gapignore_tune': '0', 'fast_tune': '0', 'em_iter_print': 1, 'iterations_dir': 'tuning/outputs/tuning_run_35/iterations/', 'final_dir': 'tuning/outputs/tuning_run_35/output/', 'output_dir': 'tuning/outputs/tuning_run_35/', 'plmc_options': ['-t 0.8', '-lh 0.01', '-le 16.0', '-m 2', '-n 6'], 'device': device(type='cpu')}

Using cpu


Iteration 0:

murA_lpxC_filtered_cluster0_iter0:

OpenMP: Using 6 of 6 threads
Alphabet length:21
4151 valid sequences out of 4151 
724 sites, none trimmed because no target specified
Effective number of samples: 1.0	(20% identical neighborhood = 1.000 samples)
iter	time	cond	fx	-loglk	||h||	||e||
1	83.7	24.40	1610.8	1593.2	13.1	1.0
2	127.9	9.71	1282.8	983.1	13.3	4.3
Gradient optimization: MAXIMUMITERATION


murA_lpxC_filtered_cluster1_iter0:

OpenMP: Using 6 of 6 threads
Alphabet length:21
4151 valid sequences out of 4151 
724 sites, none trimmed because no target specified
Effective number of samples: 1.0	(20% identical neighborhood = 1.000 samples)
iter	time	cond	fx	-loglk	||h||	||e||
1	83.6	24.49	1607.9	1590.2	13.1	1.0
2	127.0	9.71	1275.9	974.2	13.3	4.3
Gradient optimization: MAXIMUMITERATION


Iteration 1:

murA_lpxC_filtered_cluster0_iter1:

OpenMP: Using 6 of 6 threads
Alphabet length:21
3682 valid sequences out of 3682 
724 sites, none trimmed because no target specified
Effective number of samples: 1.0	(20% identical neighborhood = 1.000 samples)
iter	time	cond	fx	-loglk	||h||	||e||
1	66.5	24.64	1594.9	1577.2	13.2	1.0
2	101.4	9.66	1278.4	995.9	13.4	4.2
Gradient optimization: MAXIMUMITERATION


murA_lpxC_filtered_cluster1_iter1:

OpenMP: Using 6 of 6 threads
Alphabet length:21
4620 valid sequences out of 4620 
724 sites, none trimmed because no target specified
Effective number of samples: 1.0	(20% identical neighborhood = 1.000 samples)
iter	time	cond	fx	-loglk	||h||	||e||
1	83.0	25.35	1588.5	1570.7	13.3	1.0
2	115.1	9.57	1207.8	866.4	13.5	4.6
Gradient optimization: MAXIMUMITERATION


Iteration 2:

murA_lpxC_filtered_cluster0_iter2:

OpenMP: Using 6 of 6 threads
Alphabet length:21
3735 valid sequences out of 3735 
724 sites, none trimmed because no target specified
Effective number of samples: 1.0	(20% identical neighborhood = 1.000 samples)
iter	time	cond	fx	-loglk	||h||	||e||
1	70.2	24.94	1579.5	1561.7	13.4	1.0
2	105.9	9.62	1257.8	977.1	13.6	4.2
Gradient optimization: MAXIMUMITERATION


murA_lpxC_filtered_cluster1_iter2:

OpenMP: Using 6 of 6 threads
Alphabet length:21
4567 valid sequences out of 4567 
724 sites, none trimmed because no target specified
Effective number of samples: 1.0	(20% identical neighborhood = 1.000 samples)
iter	time	cond	fx	-loglk	||h||	||e||
1	79.6	25.66	1581.2	1563.5	13.4	1.0
2	116.1	9.60	1186.3	831.3	13.5	4.7
Gradient optimization: MAXIMUMITERATION


Iteration 3:

murA_lpxC_filtered_cluster0_iter3:

OpenMP: Using 6 of 6 threads
Alphabet length:21
3738 valid sequences out of 3738 
724 sites, none trimmed because no target specified
Effective number of samples: 1.0	(20% identical neighborhood = 1.000 samples)
iter	time	cond	fx	-loglk	||h||	||e||
1	69.8	24.92	1580.3	1562.5	13.4	1.0
2	105.5	9.61	1259.0	978.4	13.5	4.2
Gradient optimization: MAXIMUMITERATION


murA_lpxC_filtered_cluster1_iter3:

OpenMP: Using 6 of 6 threads
Alphabet length:21
4564 valid sequences out of 4564 
724 sites, none trimmed because no target specified
Effective number of samples: 1.0	(20% identical neighborhood = 1.000 samples)
iter	time	cond	fx	-loglk	||h||	||e||
1	80.7	25.69	1580.4	1562.6	13.4	1.0
2	117.0	9.61	1184.7	829.1	13.6	4.7
Gradient optimization: MAXIMUMITERATION


Iteration 4:

murA_lpxC_filtered_cluster0_iter4:

OpenMP: Using 6 of 6 threads
Alphabet length:21
3746 valid sequences out of 3746 
724 sites, none trimmed because no target specified
Effective number of samples: 1.0	(20% identical neighborhood = 1.000 samples)
iter	time	cond	fx	-loglk	||h||	||e||
1	73.2	24.89	1581.4	1563.6	13.4	1.0
2	110.5	9.60	1260.7	980.3	13.5	4.2
Gradient optimization: MAXIMUMITERATION


murA_lpxC_filtered_cluster1_iter4:

OpenMP: Using 6 of 6 threads
Alphabet length:21
4556 valid sequences out of 4556 
724 sites, none trimmed because no target specified
Effective number of samples: 1.0	(20% identical neighborhood = 1.000 samples)
iter	time	cond	fx	-loglk	||h||	||e||
1	82.8	25.72	1579.4	1561.6	13.4	1.0
2	119.4	9.62	1182.8	826.7	13.6	4.7
Gradient optimization: MAXIMUMITERATION


Iteration 5:

murA_lpxC_filtered_cluster0_iter5:

OpenMP: Using 6 of 6 threads
Alphabet length:21
3710 valid sequences out of 3710 
724 sites, none trimmed because no target specified
Effective number of samples: 1.0	(20% identical neighborhood = 1.000 samples)
iter	time	cond	fx	-loglk	||h||	||e||
1	66.3	24.88	1582.0	1564.2	13.4	1.0
2	99.5	9.60	1261.1	980.5	13.5	4.2
Gradient optimization: MAXIMUMITERATION


murA_lpxC_filtered_cluster1_iter5:

OpenMP: Using 6 of 6 threads
Alphabet length:21
4592 valid sequences out of 4592 
724 sites, none trimmed because no target specified
Effective number of samples: 1.0	(20% identical neighborhood = 1.000 samples)
iter	time	cond	fx	-loglk	||h||	||e||
1	84.9	25.71	1579.2	1561.4	13.4	1.0
2	115.5	9.63	1183.0	827.4	13.6	4.7
Gradient optimization: MAXIMUMITERATION


Iteration 6:

murA_lpxC_filtered_cluster0_iter6:

OpenMP: Using 6 of 6 threads
Alphabet length:21
3703 valid sequences out of 3703 
724 sites, none trimmed because no target specified
Effective number of samples: 1.0	(20% identical neighborhood = 1.000 samples)
iter	time	cond	fx	-loglk	||h||	||e||
1	69.6	24.88	1582.1	1564.4	13.4	1.0
2	105.0	9.59	1261.2	980.6	13.5	4.2
Gradient optimization: MAXIMUMITERATION


murA_lpxC_filtered_cluster1_iter6:

OpenMP: Using 6 of 6 threads
Alphabet length:21
4599 valid sequences out of 4599 
724 sites, none trimmed because no target specified
Effective number of samples: 1.0	(20% identical neighborhood = 1.000 samples)
iter	time	cond	fx	-loglk	||h||	||e||
1	80.4	25.71	1579.2	1561.4	13.4	1.0
2	115.9	9.63	1183.1	827.7	13.6	4.7
Gradient optimization: MAXIMUMITERATION


Iteration 7:
TERMINATING: Repeated cluster assignments
