{'msa-file-name': 'sh3_hi_sampled_seqs.fa', 'em_maxiter': 30, 'em_numclusters': 2, 'em_device': None, 'em_init': 'random', 'em_no_iter_print': 0, 'plmc': '../../plmc/bin/plmc', 'output': 'tuning/outputs/tuning_run_5', 'fast': 1, 'scale': None, 'theta': '0.8', 'lambdah': '0.01', 'lambdae': '16.0', 'lambdag': None, 'gapignore': 1, 'maxiter': '5', 'ncores': 6, 'gapignore_tune': '1', 'fast_tune': '1', 'em_iter_print': 1, 'iterations_dir': 'tuning/outputs/tuning_run_5/iterations/', 'final_dir': 'tuning/outputs/tuning_run_5/output/', 'output_dir': 'tuning/outputs/tuning_run_5/', 'plmc_options': ['-t 0.8', '-lh 0.01', '-le 16.0', '-m 5', '-n 6', '-g', '--fast'], 'device': device(type='cpu')}

Using cpu


Iteration 0:

sh3_hi_sampled_seqs_cluster0_iter0:

OpenMP: Using 6 of 6 threads
Alphabet length:21
1000 valid sequences out of 1000 
41 sites, none trimmed because no target specified
Clustering..........
Effective number of samples: 1.1	(20% identical neighborhood = 1.000 samples)
iter	time	obj	|x|	|g|	crit
1	0.1	123.7	0.0	0.0	0.0


sh3_hi_sampled_seqs_cluster1_iter0:

OpenMP: Using 6 of 6 threads
Alphabet length:21
1000 valid sequences out of 1000 
41 sites, none trimmed because no target specified
Clustering..........
Effective number of samples: 1.1	(20% identical neighborhood = 1.000 samples)
iter	time	obj	|x|	|g|	crit
1	0.1	123.6	0.0	0.0	0.0


Iteration 1:

sh3_hi_sampled_seqs_cluster0_iter1:

OpenMP: Using 6 of 6 threads
Alphabet length:21
1004 valid sequences out of 1004 
41 sites, none trimmed because no target specified
Clustering..........
Effective number of samples: 1.1	(20% identical neighborhood = 1.000 samples)
iter	time	obj	|x|	|g|	crit
1	0.1	123.4	0.0	0.0	0.0


sh3_hi_sampled_seqs_cluster1_iter1:

OpenMP: Using 6 of 6 threads
Alphabet length:21
996 valid sequences out of 996 
41 sites, none trimmed because no target specified
Clustering..........
Effective number of samples: 1.1	(20% identical neighborhood = 1.000 samples)
iter	time	obj	|x|	|g|	crit
1	0.1	123.9	0.0	0.0	0.0


Iteration 2:

sh3_hi_sampled_seqs_cluster0_iter2:

OpenMP: Using 6 of 6 threads
Alphabet length:21
985 valid sequences out of 985 
41 sites, none trimmed because no target specified
Clustering..........
Effective number of samples: 1.1	(20% identical neighborhood = 1.000 samples)
iter	time	obj	|x|	|g|	crit
1	0.1	123.5	0.0	0.0	0.0


sh3_hi_sampled_seqs_cluster1_iter2:

OpenMP: Using 6 of 6 threads
Alphabet length:21
1015 valid sequences out of 1015 
41 sites, none trimmed because no target specified
Clustering..........
Effective number of samples: 1.1	(20% identical neighborhood = 1.000 samples)
iter	time	obj	|x|	|g|	crit
1	0.1	123.7	0.0	0.0	0.0


Iteration 3:

sh3_hi_sampled_seqs_cluster0_iter3:

OpenMP: Using 6 of 6 threads
Alphabet length:21
963 valid sequences out of 963 
41 sites, none trimmed because no target specified
Clustering..........
Effective number of samples: 1.1	(20% identical neighborhood = 1.000 samples)
iter	time	obj	|x|	|g|	crit
1	0.1	123.4	0.0	0.0	0.0


sh3_hi_sampled_seqs_cluster1_iter3:

OpenMP: Using 6 of 6 threads
Alphabet length:21
1037 valid sequences out of 1037 
41 sites, none trimmed because no target specified
Clustering..........
Effective number of samples: 1.1	(20% identical neighborhood = 1.000 samples)
iter	time	obj	|x|	|g|	crit
1	0.1	123.6	0.0	0.0	0.0


Iteration 4:

sh3_hi_sampled_seqs_cluster0_iter4:

OpenMP: Using 6 of 6 threads
Alphabet length:21
960 valid sequences out of 960 
41 sites, none trimmed because no target specified
Clustering..........
Effective number of samples: 1.1	(20% identical neighborhood = 1.000 samples)
iter	time	obj	|x|	|g|	crit
1	0.2	123.1	0.0	0.0	0.0


sh3_hi_sampled_seqs_cluster1_iter4:

OpenMP: Using 6 of 6 threads
Alphabet length:21
1040 valid sequences out of 1040 
41 sites, none trimmed because no target specified
Clustering..........
Effective number of samples: 1.1	(20% identical neighborhood = 1.000 samples)
iter	time	obj	|x|	|g|	crit
1	0.1	123.8	0.0	0.0	0.0


Iteration 5:

sh3_hi_sampled_seqs_cluster0_iter5:

OpenMP: Using 6 of 6 threads
Alphabet length:21
936 valid sequences out of 936 
41 sites, none trimmed because no target specified
Clustering..........
Effective number of samples: 1.1	(20% identical neighborhood = 1.000 samples)
iter	time	obj	|x|	|g|	crit
1	0.1	123.0	0.0	0.0	0.0


sh3_hi_sampled_seqs_cluster1_iter5:

OpenMP: Using 6 of 6 threads
Alphabet length:21
1064 valid sequences out of 1064 
41 sites, none trimmed because no target specified
Clustering..........
Effective number of samples: 1.1	(20% identical neighborhood = 1.000 samples)
iter	time	obj	|x|	|g|	crit
1	0.1	123.8	0.0	0.0	0.0


Iteration 6:

sh3_hi_sampled_seqs_cluster0_iter6:

OpenMP: Using 6 of 6 threads
Alphabet length:21
924 valid sequences out of 924 
41 sites, none trimmed because no target specified
Clustering..........
Effective number of samples: 1.1	(20% identical neighborhood = 1.000 samples)
iter	time	obj	|x|	|g|	crit
1	0.1	122.9	0.0	0.0	0.0


sh3_hi_sampled_seqs_cluster1_iter6:

OpenMP: Using 6 of 6 threads
Alphabet length:21
1076 valid sequences out of 1076 
41 sites, none trimmed because no target specified
Clustering..........
Effective number of samples: 1.1	(20% identical neighborhood = 1.000 samples)
iter	time	obj	|x|	|g|	crit
1	0.1	123.7	0.0	0.0	0.0


Iteration 7:

sh3_hi_sampled_seqs_cluster0_iter7:

OpenMP: Using 6 of 6 threads
Alphabet length:21
899 valid sequences out of 899 
41 sites, none trimmed because no target specified
Clustering..........
Effective number of samples: 1.1	(20% identical neighborhood = 1.000 samples)
iter	time	obj	|x|	|g|	crit
1	0.1	122.9	0.0	0.0	0.0


sh3_hi_sampled_seqs_cluster1_iter7:

OpenMP: Using 6 of 6 threads
Alphabet length:21
1101 valid sequences out of 1101 
41 sites, none trimmed because no target specified
Clustering..........
Effective number of samples: 1.1	(20% identical neighborhood = 1.000 samples)
iter	time	obj	|x|	|g|	crit
1	0.1	123.5	0.0	0.0	0.0


Iteration 8:

sh3_hi_sampled_seqs_cluster0_iter8:

OpenMP: Using 6 of 6 threads
Alphabet length:21
889 valid sequences out of 889 
41 sites, none trimmed because no target specified
Clustering..........
Effective number of samples: 1.1	(20% identical neighborhood = 1.000 samples)
iter	time	obj	|x|	|g|	crit
1	0.1	122.7	0.0	0.0	0.0


sh3_hi_sampled_seqs_cluster1_iter8:

OpenMP: Using 6 of 6 threads
Alphabet length:21
1111 valid sequences out of 1111 
41 sites, none trimmed because no target specified
Clustering..........
Effective number of samples: 1.1	(20% identical neighborhood = 1.000 samples)
iter	time	obj	|x|	|g|	crit
1	0.1	123.4	0.0	0.0	0.0


Iteration 9:

sh3_hi_sampled_seqs_cluster0_iter9:

OpenMP: Using 6 of 6 threads
Alphabet length:21
898 valid sequences out of 898 
41 sites, none trimmed because no target specified
Clustering..........
Effective number of samples: 1.1	(20% identical neighborhood = 1.000 samples)
iter	time	obj	|x|	|g|	crit
1	0.1	122.7	0.0	0.0	0.0


sh3_hi_sampled_seqs_cluster1_iter9:

OpenMP: Using 6 of 6 threads
Alphabet length:21
1102 valid sequences out of 1102 
41 sites, none trimmed because no target specified
Clustering..........
Effective number of samples: 1.1	(20% identical neighborhood = 1.000 samples)
iter	time	obj	|x|	|g|	crit
1	0.1	123.3	0.0	0.0	0.0


Iteration 10:

sh3_hi_sampled_seqs_cluster0_iter10:

OpenMP: Using 6 of 6 threads
Alphabet length:21
895 valid sequences out of 895 
41 sites, none trimmed because no target specified
Clustering..........
Effective number of samples: 1.1	(20% identical neighborhood = 1.000 samples)
iter	time	obj	|x|	|g|	crit
1	0.1	122.3	0.0	0.0	0.0


sh3_hi_sampled_seqs_cluster1_iter10:

OpenMP: Using 6 of 6 threads
Alphabet length:21
1105 valid sequences out of 1105 
41 sites, none trimmed because no target specified
Clustering..........
Effective number of samples: 1.1	(20% identical neighborhood = 1.000 samples)
iter	time	obj	|x|	|g|	crit
1	0.1	123.3	0.0	0.0	0.0


Iteration 11:

sh3_hi_sampled_seqs_cluster0_iter11:

OpenMP: Using 6 of 6 threads
Alphabet length:21
912 valid sequences out of 912 
41 sites, none trimmed because no target specified
Clustering..........
Effective number of samples: 1.1	(20% identical neighborhood = 1.000 samples)
iter	time	obj	|x|	|g|	crit
1	0.1	121.9	0.0	0.0	0.0


sh3_hi_sampled_seqs_cluster1_iter11:

OpenMP: Using 6 of 6 threads
Alphabet length:21
1088 valid sequences out of 1088 
41 sites, none trimmed because no target specified
Clustering..........
Effective number of samples: 1.1	(20% identical neighborhood = 1.000 samples)
iter	time	obj	|x|	|g|	crit
1	0.1	123.5	0.0	0.0	0.0


Iteration 12:

sh3_hi_sampled_seqs_cluster0_iter12:

OpenMP: Using 6 of 6 threads
Alphabet length:21
921 valid sequences out of 921 
41 sites, none trimmed because no target specified
Clustering..........
Effective number of samples: 1.1	(20% identical neighborhood = 1.000 samples)
iter	time	obj	|x|	|g|	crit
1	0.1	121.6	0.0	0.0	0.0


sh3_hi_sampled_seqs_cluster1_iter12:

OpenMP: Using 6 of 6 threads
Alphabet length:21
1079 valid sequences out of 1079 
41 sites, none trimmed because no target specified
Clustering..........
Effective number of samples: 1.1	(20% identical neighborhood = 1.000 samples)
iter	time	obj	|x|	|g|	crit
1	0.1	123.4	0.0	0.0	0.0


Iteration 13:

sh3_hi_sampled_seqs_cluster0_iter13:

OpenMP: Using 6 of 6 threads
Alphabet length:21
926 valid sequences out of 926 
41 sites, none trimmed because no target specified
Clustering..........
Effective number of samples: 1.1	(20% identical neighborhood = 1.000 samples)
iter	time	obj	|x|	|g|	crit
1	0.1	121.3	0.0	0.0	0.0


sh3_hi_sampled_seqs_cluster1_iter13:

OpenMP: Using 6 of 6 threads
Alphabet length:21
1074 valid sequences out of 1074 
41 sites, none trimmed because no target specified
Clustering..........
Effective number of samples: 1.1	(20% identical neighborhood = 1.000 samples)
iter	time	obj	|x|	|g|	crit
1	0.1	123.4	0.0	0.0	0.0


Iteration 14:

sh3_hi_sampled_seqs_cluster0_iter14:

OpenMP: Using 6 of 6 threads
Alphabet length:21
918 valid sequences out of 918 
41 sites, none trimmed because no target specified
Clustering..........
Effective number of samples: 1.1	(20% identical neighborhood = 1.000 samples)
iter	time	obj	|x|	|g|	crit
1	0.1	120.8	0.0	0.0	0.0


sh3_hi_sampled_seqs_cluster1_iter14:

OpenMP: Using 6 of 6 threads
Alphabet length:21
1082 valid sequences out of 1082 
41 sites, none trimmed because no target specified
Clustering..........
Effective number of samples: 1.1	(20% identical neighborhood = 1.000 samples)
iter	time	obj	|x|	|g|	crit
1	0.1	123.4	0.0	0.0	0.0


Iteration 15:

sh3_hi_sampled_seqs_cluster0_iter15:

OpenMP: Using 6 of 6 threads
Alphabet length:21
930 valid sequences out of 930 
41 sites, none trimmed because no target specified
Clustering..........
Effective number of samples: 1.1	(20% identical neighborhood = 1.000 samples)
iter	time	obj	|x|	|g|	crit
1	0.1	120.7	0.0	0.0	0.0


sh3_hi_sampled_seqs_cluster1_iter15:

OpenMP: Using 6 of 6 threads
Alphabet length:21
1070 valid sequences out of 1070 
41 sites, none trimmed because no target specified
Clustering..........
Effective number of samples: 1.1	(20% identical neighborhood = 1.000 samples)
iter	time	obj	|x|	|g|	crit
1	0.1	123.4	0.0	0.0	0.0


Iteration 16:

sh3_hi_sampled_seqs_cluster0_iter16:

OpenMP: Using 6 of 6 threads
Alphabet length:21
922 valid sequences out of 922 
41 sites, none trimmed because no target specified
Clustering..........
Effective number of samples: 1.1	(20% identical neighborhood = 1.000 samples)
iter	time	obj	|x|	|g|	crit
1	0.1	120.3	0.0	0.0	0.0


sh3_hi_sampled_seqs_cluster1_iter16:

OpenMP: Using 6 of 6 threads
Alphabet length:21
1078 valid sequences out of 1078 
41 sites, none trimmed because no target specified
Clustering..........
Effective number of samples: 1.1	(20% identical neighborhood = 1.000 samples)
iter	time	obj	|x|	|g|	crit
1	0.1	123.5	0.0	0.0	0.0


Iteration 17:

sh3_hi_sampled_seqs_cluster0_iter17:

OpenMP: Using 6 of 6 threads
Alphabet length:21
926 valid sequences out of 926 
41 sites, none trimmed because no target specified
Clustering..........
Effective number of samples: 1.0	(20% identical neighborhood = 1.000 samples)
iter	time	obj	|x|	|g|	crit
1	0.1	120.1	0.0	0.0	0.0


sh3_hi_sampled_seqs_cluster1_iter17:

OpenMP: Using 6 of 6 threads
Alphabet length:21
1074 valid sequences out of 1074 
41 sites, none trimmed because no target specified
Clustering..........
Effective number of samples: 1.1	(20% identical neighborhood = 1.000 samples)
iter	time	obj	|x|	|g|	crit
1	0.1	123.4	0.0	0.0	0.0


Iteration 18:

sh3_hi_sampled_seqs_cluster0_iter18:

OpenMP: Using 6 of 6 threads
Alphabet length:21
933 valid sequences out of 933 
41 sites, none trimmed because no target specified
Clustering..........
Effective number of samples: 1.0	(20% identical neighborhood = 1.000 samples)
iter	time	obj	|x|	|g|	crit
1	0.1	120.0	0.0	0.0	0.0


sh3_hi_sampled_seqs_cluster1_iter18:

OpenMP: Using 6 of 6 threads
Alphabet length:21
1067 valid sequences out of 1067 
41 sites, none trimmed because no target specified
Clustering..........
Effective number of samples: 1.1	(20% identical neighborhood = 1.000 samples)
iter	time	obj	|x|	|g|	crit
1	0.1	123.4	0.0	0.0	0.0


Iteration 19:

sh3_hi_sampled_seqs_cluster0_iter19:

OpenMP: Using 6 of 6 threads
Alphabet length:21
940 valid sequences out of 940 
41 sites, none trimmed because no target specified
Clustering..........
Effective number of samples: 1.0	(20% identical neighborhood = 1.000 samples)
iter	time	obj	|x|	|g|	crit
1	0.1	119.8	0.0	0.0	0.0


sh3_hi_sampled_seqs_cluster1_iter19:

OpenMP: Using 6 of 6 threads
Alphabet length:21
1060 valid sequences out of 1060 
41 sites, none trimmed because no target specified
Clustering..........
Effective number of samples: 1.1	(20% identical neighborhood = 1.000 samples)
iter	time	obj	|x|	|g|	crit
1	0.1	123.3	0.0	0.0	0.0


Iteration 20:

sh3_hi_sampled_seqs_cluster0_iter20:

OpenMP: Using 6 of 6 threads
Alphabet length:21
951 valid sequences out of 951 
41 sites, none trimmed because no target specified
Clustering..........
Effective number of samples: 1.0	(20% identical neighborhood = 1.000 samples)
iter	time	obj	|x|	|g|	crit
1	0.1	119.4	0.0	0.0	0.0


sh3_hi_sampled_seqs_cluster1_iter20:

OpenMP: Using 6 of 6 threads
Alphabet length:21
1049 valid sequences out of 1049 
41 sites, none trimmed because no target specified
Clustering..........
Effective number of samples: 1.1	(20% identical neighborhood = 1.000 samples)
iter	time	obj	|x|	|g|	crit
1	0.1	123.4	0.0	0.0	0.0


Iteration 21:

sh3_hi_sampled_seqs_cluster0_iter21:

OpenMP: Using 6 of 6 threads
Alphabet length:21
950 valid sequences out of 950 
41 sites, none trimmed because no target specified
Clustering..........
Effective number of samples: 1.0	(20% identical neighborhood = 1.000 samples)
iter	time	obj	|x|	|g|	crit
1	0.1	119.3	0.0	0.0	0.0


sh3_hi_sampled_seqs_cluster1_iter21:

OpenMP: Using 6 of 6 threads
Alphabet length:21
1050 valid sequences out of 1050 
41 sites, none trimmed because no target specified
Clustering..........
Effective number of samples: 1.1	(20% identical neighborhood = 1.000 samples)
iter	time	obj	|x|	|g|	crit
1	0.1	123.2	0.0	0.0	0.0


Iteration 22:

sh3_hi_sampled_seqs_cluster0_iter22:

OpenMP: Using 6 of 6 threads
Alphabet length:21
962 valid sequences out of 962 
41 sites, none trimmed because no target specified
Clustering..........
Effective number of samples: 1.0	(20% identical neighborhood = 1.000 samples)
iter	time	obj	|x|	|g|	crit
1	0.1	119.1	0.0	0.0	0.0


sh3_hi_sampled_seqs_cluster1_iter22:

OpenMP: Using 6 of 6 threads
Alphabet length:21
1038 valid sequences out of 1038 
41 sites, none trimmed because no target specified
Clustering..........
Effective number of samples: 1.1	(20% identical neighborhood = 1.000 samples)
iter	time	obj	|x|	|g|	crit
1	0.2	123.3	0.0	0.0	0.0


Iteration 23:

sh3_hi_sampled_seqs_cluster0_iter23:

OpenMP: Using 6 of 6 threads
Alphabet length:21
971 valid sequences out of 971 
41 sites, none trimmed because no target specified
Clustering..........
Effective number of samples: 1.0	(20% identical neighborhood = 1.000 samples)
iter	time	obj	|x|	|g|	crit
1	0.1	118.9	0.0	0.0	0.0


sh3_hi_sampled_seqs_cluster1_iter23:

OpenMP: Using 6 of 6 threads
Alphabet length:21
1029 valid sequences out of 1029 
41 sites, none trimmed because no target specified
Clustering..........
Effective number of samples: 1.1	(20% identical neighborhood = 1.000 samples)
iter	time	obj	|x|	|g|	crit
1	0.1	123.3	0.0	0.0	0.0


Iteration 24:

sh3_hi_sampled_seqs_cluster0_iter24:

OpenMP: Using 6 of 6 threads
Alphabet length:21
972 valid sequences out of 972 
41 sites, none trimmed because no target specified
Clustering..........
Effective number of samples: 1.0	(20% identical neighborhood = 1.000 samples)
iter	time	obj	|x|	|g|	crit
1	0.1	118.7	0.0	0.0	0.0


sh3_hi_sampled_seqs_cluster1_iter24:

OpenMP: Using 6 of 6 threads
Alphabet length:21
1028 valid sequences out of 1028 
41 sites, none trimmed because no target specified
Clustering..........
Effective number of samples: 1.1	(20% identical neighborhood = 1.000 samples)
iter	time	obj	|x|	|g|	crit
1	0.1	123.3	0.0	0.0	0.0


Iteration 25:

sh3_hi_sampled_seqs_cluster0_iter25:

OpenMP: Using 6 of 6 threads
Alphabet length:21
982 valid sequences out of 982 
41 sites, none trimmed because no target specified
Clustering..........
Effective number of samples: 1.0	(20% identical neighborhood = 1.000 samples)
iter	time	obj	|x|	|g|	crit
1	0.1	118.7	0.0	0.0	0.0


sh3_hi_sampled_seqs_cluster1_iter25:

OpenMP: Using 6 of 6 threads
Alphabet length:21
1018 valid sequences out of 1018 
41 sites, none trimmed because no target specified
Clustering..........
Effective number of samples: 1.1	(20% identical neighborhood = 1.000 samples)
iter	time	obj	|x|	|g|	crit
1	0.1	123.2	0.0	0.0	0.0


Iteration 26:

sh3_hi_sampled_seqs_cluster0_iter26:

OpenMP: Using 6 of 6 threads
Alphabet length:21
986 valid sequences out of 986 
41 sites, none trimmed because no target specified
Clustering..........
Effective number of samples: 1.0	(20% identical neighborhood = 1.000 samples)
iter	time	obj	|x|	|g|	crit
1	0.1	118.7	0.0	0.0	0.0


sh3_hi_sampled_seqs_cluster1_iter26:

OpenMP: Using 6 of 6 threads
Alphabet length:21
1014 valid sequences out of 1014 
41 sites, none trimmed because no target specified
Clustering..........
Effective number of samples: 1.1	(20% identical neighborhood = 1.000 samples)
iter	time	obj	|x|	|g|	crit
1	0.1	123.1	0.0	0.0	0.0


Iteration 27:

sh3_hi_sampled_seqs_cluster0_iter27:

OpenMP: Using 6 of 6 threads
Alphabet length:21
992 valid sequences out of 992 
41 sites, none trimmed because no target specified
Clustering..........
Effective number of samples: 1.0	(20% identical neighborhood = 1.000 samples)
iter	time	obj	|x|	|g|	crit
1	0.1	118.4	0.0	0.0	0.0


sh3_hi_sampled_seqs_cluster1_iter27:

OpenMP: Using 6 of 6 threads
Alphabet length:21
1008 valid sequences out of 1008 
41 sites, none trimmed because no target specified
Clustering..........
Effective number of samples: 1.1	(20% identical neighborhood = 1.000 samples)
iter	time	obj	|x|	|g|	crit
1	0.1	123.2	0.0	0.0	0.0


Iteration 28:

sh3_hi_sampled_seqs_cluster0_iter28:

OpenMP: Using 6 of 6 threads
Alphabet length:21
988 valid sequences out of 988 
41 sites, none trimmed because no target specified
Clustering..........
Effective number of samples: 1.0	(20% identical neighborhood = 1.000 samples)
iter	time	obj	|x|	|g|	crit
1	0.1	118.3	0.0	0.0	0.0


sh3_hi_sampled_seqs_cluster1_iter28:

OpenMP: Using 6 of 6 threads
Alphabet length:21
1012 valid sequences out of 1012 
41 sites, none trimmed because no target specified
Clustering..........
Effective number of samples: 1.1	(20% identical neighborhood = 1.000 samples)
iter	time	obj	|x|	|g|	crit
1	0.1	123.2	0.0	0.0	0.0


Iteration 29:

sh3_hi_sampled_seqs_cluster0_iter29:

OpenMP: Using 6 of 6 threads
Alphabet length:21
999 valid sequences out of 999 
41 sites, none trimmed because no target specified
Clustering..........
Effective number of samples: 1.0	(20% identical neighborhood = 1.000 samples)
iter	time	obj	|x|	|g|	crit
1	0.1	118.4	0.0	0.0	0.0


sh3_hi_sampled_seqs_cluster1_iter29:

OpenMP: Using 6 of 6 threads
Alphabet length:21
1001 valid sequences out of 1001 
41 sites, none trimmed because no target specified
Clustering..........
Effective number of samples: 1.1	(20% identical neighborhood = 1.000 samples)
iter	time	obj	|x|	|g|	crit
1	0.1	123.0	0.0	0.0	0.0


Iteration 30:

sh3_hi_sampled_seqs_cluster0_iter30:

OpenMP: Using 6 of 6 threads
Alphabet length:21
1004 valid sequences out of 1004 
41 sites, none trimmed because no target specified
Clustering..........
Effective number of samples: 1.0	(20% identical neighborhood = 1.000 samples)
iter	time	obj	|x|	|g|	crit
1	0.1	118.3	0.0	0.0	0.0


sh3_hi_sampled_seqs_cluster1_iter30:

OpenMP: Using 6 of 6 threads
Alphabet length:21
996 valid sequences out of 996 
41 sites, none trimmed because no target specified
Clustering..........
Effective number of samples: 1.1	(20% identical neighborhood = 1.000 samples)
iter	time	obj	|x|	|g|	crit
1	0.1	122.9	0.0	0.0	0.0

