{'msa-file-name': 'sh3_hi_sampled_seqs.fa', 'em_maxiter': 30, 'em_numclusters': 2, 'em_device': None, 'em_init': 'kmeans', 'em_no_iter_print': 0, 'plmc': '../../plmc/bin/plmc', 'output': 'tuning/outputs/tuning_run_10', 'fast': 0, 'scale': None, 'theta': '0.8', 'lambdah': '0.01', 'lambdae': '16.0', 'lambdag': None, 'gapignore': 1, 'maxiter': '10', 'ncores': 6, 'gapignore_tune': '1', 'fast_tune': '0', 'em_iter_print': 1, 'iterations_dir': 'tuning/outputs/tuning_run_10/iterations/', 'final_dir': 'tuning/outputs/tuning_run_10/output/', 'output_dir': 'tuning/outputs/tuning_run_10/', 'plmc_options': ['-t 0.8', '-lh 0.01', '-le 16.0', '-m 10', '-n 6', '-g'], 'device': device(type='cpu')}

Using cpu


Iteration 0:

sh3_hi_sampled_seqs_cluster0_iter0:

OpenMP: Using 6 of 6 threads
Alphabet length:21
1139 valid sequences out of 1139 
41 sites, none trimmed because no target specified
Effective number of samples: 1.0	(20% identical neighborhood = 1.000 samples)
iter	time	cond	fx	-loglk	||h||	||e||
1	0.2	1.09	113.9	110.2	2.7	0.5
2	0.3	1.05	108.7	104.5	4.6	0.5
3	0.4	0.43	90.3	83.3	23.9	0.3
4	0.5	0.38	89.9	82.7	23.8	0.3
5	0.5	0.08	88.0	83.1	21.4	0.1
6	0.6	0.05	87.8	83.6	19.9	0.1
7	0.6	0.05	87.7	83.5	20.0	0.1
8	0.7	0.20	86.8	82.0	20.5	0.2
9	0.7	0.23	85.6	80.1	21.9	0.2
10	0.8	0.21	85.4	79.6	22.4	0.2
Gradient optimization: MAXIMUMITERATION


sh3_hi_sampled_seqs_cluster1_iter0:

OpenMP: Using 6 of 6 threads
Alphabet length:21
861 valid sequences out of 861 
41 sites, none trimmed because no target specified
Effective number of samples: 1.1	(20% identical neighborhood = 1.000 samples)
iter	time	cond	fx	-loglk	||h||	||e||
1	0.2	1.09	116.7	112.9	2.8	0.5
2	0.3	1.11	111.4	107.1	4.7	0.5
3	0.4	0.45	91.2	84.1	22.3	0.4
4	0.5	0.40	90.9	83.8	22.3	0.4
5	0.5	0.08	89.6	84.5	21.4	0.2
6	0.6	0.05	89.5	84.9	20.7	0.1
7	0.6	0.05	89.4	84.9	20.6	0.1
8	0.7	0.13	88.8	84.8	19.8	0.1
9	0.7	0.21	88.1	84.1	19.8	0.1
10	0.8	0.36	87.8	82.6	21.2	0.2
Gradient optimization: MAXIMUMITERATION


Iteration 1:

sh3_hi_sampled_seqs_cluster0_iter1:

OpenMP: Using 6 of 6 threads
Alphabet length:21
1129 valid sequences out of 1129 
41 sites, none trimmed because no target specified
Effective number of samples: 1.0	(20% identical neighborhood = 1.000 samples)
iter	time	cond	fx	-loglk	||h||	||e||
1	0.1	1.09	113.5	109.7	2.7	0.5
2	0.3	1.05	108.3	104.1	4.6	0.5
3	0.4	0.43	89.8	82.7	23.9	0.3
4	0.5	0.38	89.4	82.2	23.8	0.3
5	0.5	0.08	87.5	82.5	21.5	0.1
6	0.6	0.05	87.3	83.1	20.0	0.1
7	0.6	0.05	87.2	83.0	20.0	0.1
8	0.7	0.20	86.1	81.3	20.5	0.2
9	0.7	0.21	85.0	79.4	22.0	0.2
10	0.8	0.20	84.8	79.1	22.4	0.2
Gradient optimization: MAXIMUMITERATION


sh3_hi_sampled_seqs_cluster1_iter1:

OpenMP: Using 6 of 6 threads
Alphabet length:21
871 valid sequences out of 871 
41 sites, none trimmed because no target specified
Effective number of samples: 1.1	(20% identical neighborhood = 1.000 samples)
iter	time	cond	fx	-loglk	||h||	||e||
1	0.1	1.08	117.6	113.9	2.8	0.5
2	0.3	1.11	112.3	108.1	4.7	0.5
3	0.3	0.45	92.0	84.9	22.3	0.4
4	0.4	0.40	91.7	84.7	22.3	0.4
5	0.5	0.08	90.4	85.4	21.4	0.2
6	0.5	0.05	90.4	85.8	20.8	0.1
7	0.6	0.05	90.3	85.8	20.6	0.1
8	0.6	0.13	89.7	85.7	19.9	0.1
9	0.6	0.21	89.0	84.9	19.9	0.1
10	0.7	0.39	88.8	83.5	21.3	0.2
Gradient optimization: MAXIMUMITERATION


Iteration 2:

sh3_hi_sampled_seqs_cluster0_iter2:

OpenMP: Using 6 of 6 threads
Alphabet length:21
1127 valid sequences out of 1127 
41 sites, none trimmed because no target specified
Effective number of samples: 1.0	(20% identical neighborhood = 1.000 samples)
iter	time	cond	fx	-loglk	||h||	||e||
1	0.2	1.09	113.5	109.7	2.7	0.5
2	0.3	1.05	108.3	104.1	4.7	0.5
3	0.3	0.43	89.7	82.6	23.9	0.3
4	0.4	0.38	89.4	82.1	23.8	0.3
5	0.5	0.08	87.4	82.5	21.5	0.1
6	0.5	0.05	87.3	83.0	20.0	0.1
7	0.6	0.05	87.2	82.9	20.1	0.1
8	0.6	0.20	86.1	81.2	20.6	0.2
9	0.7	0.21	84.9	79.4	22.1	0.2
10	0.7	0.19	84.8	79.1	22.4	0.2
Gradient optimization: MAXIMUMITERATION


sh3_hi_sampled_seqs_cluster1_iter2:

OpenMP: Using 6 of 6 threads
Alphabet length:21
873 valid sequences out of 873 
41 sites, none trimmed because no target specified
Effective number of samples: 1.1	(20% identical neighborhood = 1.000 samples)
iter	time	cond	fx	-loglk	||h||	||e||
1	0.1	1.08	117.7	114.0	2.8	0.5
2	0.2	1.11	112.4	108.2	4.7	0.5
3	0.3	0.44	92.1	85.0	22.3	0.4
4	0.4	0.40	91.8	84.8	22.3	0.4
5	0.4	0.08	90.5	85.5	21.4	0.2
6	0.5	0.05	90.5	85.9	20.8	0.1
7	0.5	0.05	90.4	85.9	20.6	0.1
8	0.6	0.13	89.8	85.8	19.9	0.1
9	0.6	0.21	89.1	85.0	19.9	0.1
10	0.7	0.38	88.9	83.6	21.3	0.2
Gradient optimization: MAXIMUMITERATION


Iteration 3:

sh3_hi_sampled_seqs_cluster0_iter3:

OpenMP: Using 6 of 6 threads
Alphabet length:21
1127 valid sequences out of 1127 
41 sites, none trimmed because no target specified
Effective number of samples: 1.0	(20% identical neighborhood = 1.000 samples)
iter	time	cond	fx	-loglk	||h||	||e||
1	0.2	1.09	113.5	109.7	2.7	0.5
2	0.3	1.05	108.2	104.1	4.7	0.5
3	0.3	0.43	89.7	82.6	23.8	0.3
4	0.4	0.38	89.3	82.1	23.8	0.3
5	0.5	0.08	87.4	82.5	21.5	0.1
6	0.5	0.05	87.2	83.0	20.0	0.1
7	0.6	0.05	87.1	82.9	20.1	0.1
8	0.6	0.20	86.0	81.2	20.6	0.2
9	0.7	0.21	84.9	79.3	22.1	0.2
10	0.8	0.19	84.7	79.0	22.4	0.2
Gradient optimization: MAXIMUMITERATION


sh3_hi_sampled_seqs_cluster1_iter3:

OpenMP: Using 6 of 6 threads
Alphabet length:21
873 valid sequences out of 873 
41 sites, none trimmed because no target specified
Effective number of samples: 1.1	(20% identical neighborhood = 1.000 samples)
iter	time	cond	fx	-loglk	||h||	||e||
1	0.1	1.08	117.8	114.0	2.8	0.5
2	0.3	1.11	112.5	108.2	4.7	0.5
3	0.3	0.44	92.2	85.1	22.3	0.4
4	0.4	0.40	91.9	84.8	22.3	0.4
5	0.4	0.08	90.6	85.6	21.4	0.2
6	0.5	0.05	90.5	85.9	20.8	0.1
7	0.6	0.05	90.5	86.0	20.6	0.1
8	0.6	0.13	89.9	85.9	19.9	0.1
9	0.7	0.21	89.1	85.1	19.9	0.1
10	0.7	0.39	89.0	83.7	21.3	0.2
Gradient optimization: MAXIMUMITERATION


Iteration 4:

sh3_hi_sampled_seqs_cluster0_iter4:

OpenMP: Using 6 of 6 threads
Alphabet length:21
1126 valid sequences out of 1126 
41 sites, none trimmed because no target specified
Effective number of samples: 1.0	(20% identical neighborhood = 1.000 samples)
iter	time	cond	fx	-loglk	||h||	||e||
1	0.2	1.09	113.4	109.7	2.7	0.5
2	0.3	1.05	108.2	104.0	4.7	0.5
3	0.3	0.43	89.7	82.6	23.8	0.3
4	0.4	0.38	89.3	82.1	23.8	0.3
5	0.5	0.08	87.4	82.5	21.5	0.1
6	0.5	0.05	87.2	83.0	20.0	0.1
7	0.6	0.05	87.1	82.9	20.1	0.1
8	0.6	0.20	86.0	81.2	20.6	0.2
9	0.7	0.21	84.8	79.3	22.1	0.2
10	0.7	0.19	84.7	79.0	22.4	0.2
Gradient optimization: MAXIMUMITERATION


sh3_hi_sampled_seqs_cluster1_iter4:

OpenMP: Using 6 of 6 threads
Alphabet length:21
874 valid sequences out of 874 
41 sites, none trimmed because no target specified
Effective number of samples: 1.1	(20% identical neighborhood = 1.000 samples)
iter	time	cond	fx	-loglk	||h||	||e||
1	0.1	1.08	117.8	114.0	2.8	0.5
2	0.2	1.11	112.5	108.2	4.7	0.5
3	0.3	0.44	92.2	85.1	22.3	0.4
4	0.4	0.40	91.9	84.9	22.3	0.4
5	0.4	0.08	90.6	85.6	21.4	0.2
6	0.5	0.05	90.5	86.0	20.8	0.1
7	0.5	0.05	90.5	86.0	20.6	0.1
8	0.6	0.13	89.9	85.9	19.8	0.1
9	0.6	0.21	89.1	85.1	19.9	0.1
10	0.7	0.38	88.9	83.7	21.3	0.2
Gradient optimization: MAXIMUMITERATION


Iteration 5:
TERMINATING: Repeated cluster assignments
