tuning/outputs/tuning_run_15/ created
tuning/outputs/tuning_run_15/iterations/ created
tuning/outputs/tuning_run_15/output/ created
{'msa-file-name': 'sh3_hi_sampled_seqs.fa', 'em_maxiter': 30, 'em_numclusters': 2, 'em_device': None, 'em_init': 'random', 'em_no_iter_print': 0, 'plmc': '../../plmc/bin/plmc', 'output': 'tuning/outputs/tuning_run_15', 'fast': 0, 'scale': None, 'theta': '0.8', 'lambdah': '0.01', 'lambdae': '16.0', 'lambdag': None, 'gapignore': 1, 'maxiter': '20', 'ncores': 6, 'gapignore_tune': '1', 'fast_tune': '0', 'em_iter_print': 1, 'iterations_dir': 'tuning/outputs/tuning_run_15/iterations/', 'final_dir': 'tuning/outputs/tuning_run_15/output/', 'output_dir': 'tuning/outputs/tuning_run_15/', 'plmc_options': ['-t 0.8', '-lh 0.01', '-le 16.0', '-m 20', '-n 6', '-g'], 'device': device(type='cpu')}

Using cpu


Iteration 0:

sh3_hi_sampled_seqs_cluster0_iter0:

OpenMP: Using 6 of 6 threads
Alphabet length:21
1000 valid sequences out of 1000 
41 sites, none trimmed because no target specified
Effective number of samples: 1.1	(20% identical neighborhood = 1.000 samples)
iter	time	cond	fx	-loglk	||h||	||e||
1	0.1	1.09	119.5	116.0	2.8	0.5
2	0.3	1.07	114.3	110.3	4.7	0.5
3	0.3	0.40	95.0	88.1	23.1	0.3
4	0.4	0.36	94.7	87.8	23.1	0.3
5	0.4	0.07	93.3	88.3	21.5	0.2
6	0.5	0.05	93.2	88.8	20.5	0.1
7	0.6	0.07	92.8	88.7	19.7	0.1
8	0.7	0.22	92.2	88.1	19.1	0.2
9	0.8	0.07	90.9	86.5	20.4	0.1
10	0.8	0.10	90.4	84.7	22.9	0.2
11	0.9	0.03	90.3	84.5	23.6	0.1
12	1.0	0.02	90.2	84.5	23.6	0.1
13	1.0	0.02	90.2	84.4	23.7	0.1
14	1.1	0.05	90.1	84.3	23.9	0.1
15	1.1	0.06	90.0	84.0	24.1	0.1
16	1.2	0.11	89.8	83.6	24.7	0.1
17	1.2	0.09	89.7	83.3	24.9	0.1
18	1.2	0.02	89.6	83.3	24.8	0.1
19	1.3	0.01	89.6	83.3	24.7	0.1
20	1.3	0.01	89.6	83.3	24.7	0.1
Gradient optimization: MAXIMUMITERATION


sh3_hi_sampled_seqs_cluster1_iter0:

OpenMP: Using 6 of 6 threads
Alphabet length:21
1000 valid sequences out of 1000 
41 sites, none trimmed because no target specified
Effective number of samples: 1.1	(20% identical neighborhood = 1.000 samples)
iter	time	cond	fx	-loglk	||h||	||e||
1	0.2	1.09	120.2	116.7	2.8	0.5
2	0.3	1.08	115.0	111.0	4.7	0.5
3	0.3	0.40	95.8	89.0	23.0	0.3
4	0.4	0.36	95.5	88.6	23.0	0.3
5	0.4	0.07	94.1	89.2	21.3	0.2
6	0.5	0.05	94.0	89.6	20.3	0.1
7	0.6	0.08	93.5	89.4	19.6	0.1
8	0.6	0.26	92.5	88.4	18.9	0.2
9	0.7	0.21	91.4	86.4	21.7	0.2
10	0.8	0.05	90.9	85.4	23.0	0.1
11	0.8	0.02	90.9	85.2	23.5	0.1
12	0.9	0.02	90.9	85.1	23.7	0.1
13	1.0	0.05	90.8	84.6	24.5	0.1
14	1.0	0.04	90.7	84.4	24.9	0.1
15	1.1	0.05	90.5	84.1	25.1	0.1
16	1.1	0.08	90.3	83.9	24.9	0.1
17	1.2	0.04	90.2	84.0	24.8	0.1
18	1.3	0.01	90.2	84.1	24.5	0.1
19	1.3	0.01	90.2	84.1	24.4	0.1
20	1.4	0.01	90.2	84.1	24.3	0.1
Gradient optimization: MAXIMUMITERATION


Iteration 1:

sh3_hi_sampled_seqs_cluster0_iter1:

OpenMP: Using 6 of 6 threads
Alphabet length:21
1096 valid sequences out of 1096 
41 sites, none trimmed because no target specified
Effective number of samples: 1.1	(20% identical neighborhood = 1.000 samples)
iter	time	cond	fx	-loglk	||h||	||e||
1	0.1	1.09	118.2	114.6	2.8	0.5
2	0.2	1.09	112.9	108.9	4.7	0.5
3	0.2	0.41	93.1	86.2	22.8	0.3
4	0.3	0.37	92.8	85.9	22.8	0.3
5	0.4	0.07	91.6	86.5	21.6	0.2
6	0.5	0.05	91.5	86.9	20.8	0.1
7	0.5	0.05	91.4	87.0	20.6	0.1
8	0.6	0.31	90.9	86.6	19.5	0.2
9	0.6	0.14	89.9	86.0	19.6	0.1
10	0.7	0.09	89.1	84.5	21.1	0.1
11	0.8	0.06	88.7	83.0	23.3	0.1
12	0.9	0.03	88.6	82.9	23.6	0.1
13	0.9	0.02	88.6	82.8	23.8	0.1
14	0.9	0.03	88.6	82.7	23.9	0.1
15	1.0	0.06	88.5	82.6	24.1	0.1
16	1.1	0.08	88.4	82.3	24.5	0.1
17	1.1	0.11	88.2	81.9	24.8	0.1
18	1.2	0.13	88.1	81.8	24.9	0.1
19	1.3	0.04	88.0	81.8	24.6	0.1
20	1.3	0.01	88.0	81.9	24.4	0.1
Gradient optimization: MAXIMUMITERATION


sh3_hi_sampled_seqs_cluster1_iter1:

OpenMP: Using 6 of 6 threads
Alphabet length:21
904 valid sequences out of 904 
41 sites, none trimmed because no target specified
Effective number of samples: 1.1	(20% identical neighborhood = 1.000 samples)
iter	time	cond	fx	-loglk	||h||	||e||
1	0.1	1.09	119.9	116.4	2.8	0.5
2	0.3	1.07	114.7	110.7	4.7	0.5
3	0.3	0.41	95.8	89.0	23.3	0.3
4	0.5	0.37	95.5	88.6	23.2	0.3
5	0.5	0.07	93.9	89.0	21.2	0.2
6	0.6	0.05	93.8	89.5	20.1	0.1
7	0.7	0.12	93.3	89.2	19.6	0.1
8	0.8	0.15	91.9	87.6	19.7	0.2
9	0.9	0.21	91.6	87.2	20.3	0.1
10	1.0	0.07	90.7	85.2	22.8	0.1
11	1.1	0.08	90.6	84.8	23.5	0.1
12	1.1	0.02	90.6	84.8	23.8	0.1
13	1.2	0.02	90.5	84.7	23.8	0.1
14	1.3	0.04	90.5	84.6	23.9	0.1
15	1.3	0.07	90.4	84.3	24.1	0.1
16	1.4	0.08	90.2	84.1	24.2	0.1
17	1.5	0.07	90.1	84.1	24.1	0.1
18	1.5	0.03	90.0	84.1	24.0	0.1
19	1.6	0.01	90.0	84.2	23.8	0.1
20	1.6	0.02	90.0	84.2	23.7	0.1
Gradient optimization: MAXIMUMITERATION


Iteration 2:

sh3_hi_sampled_seqs_cluster0_iter2:

OpenMP: Using 6 of 6 threads
Alphabet length:21
1008 valid sequences out of 1008 
41 sites, none trimmed because no target specified
Effective number of samples: 1.1	(20% identical neighborhood = 1.000 samples)
iter	time	cond	fx	-loglk	||h||	||e||
1	0.1	1.09	117.3	113.6	2.8	0.5
2	0.3	1.09	112.0	107.9	4.7	0.5
3	0.3	0.42	92.1	85.1	22.7	0.3
4	0.4	0.38	91.8	84.8	22.7	0.3
5	0.5	0.07	90.5	85.4	21.5	0.2
6	0.6	0.05	90.4	85.8	20.8	0.1
7	0.7	0.05	90.3	85.9	20.6	0.1
8	0.8	0.20	89.5	85.5	19.5	0.1
9	0.8	0.28	88.9	84.7	19.7	0.1
10	0.9	0.12	88.1	83.5	20.9	0.1
11	0.9	0.04	87.5	81.9	23.2	0.1
12	1.0	0.04	87.5	81.7	23.9	0.1
13	1.0	0.02	87.5	81.6	24.0	0.1
14	1.1	0.03	87.5	81.5	24.0	0.1
15	1.1	0.08	87.4	81.4	24.0	0.1
16	1.2	0.11	87.2	81.1	24.0	0.1
17	1.3	0.11	87.0	80.8	24.3	0.1
18	1.4	0.10	86.9	80.8	24.3	0.1
19	1.5	0.04	86.8	80.7	24.4	0.1
20	1.6	0.01	86.8	80.7	24.4	0.1
Gradient optimization: MAXIMUMITERATION


sh3_hi_sampled_seqs_cluster1_iter2:

OpenMP: Using 6 of 6 threads
Alphabet length:21
992 valid sequences out of 992 
41 sites, none trimmed because no target specified
Effective number of samples: 1.1	(20% identical neighborhood = 1.000 samples)
iter	time	cond	fx	-loglk	||h||	||e||
1	0.1	1.09	117.6	114.0	2.8	0.5
2	0.3	1.05	112.3	108.3	4.7	0.5
3	0.4	0.42	93.8	86.9	23.7	0.3
4	0.5	0.37	93.5	86.4	23.7	0.3
5	0.6	0.07	91.6	86.7	21.3	0.1
6	0.7	0.05	91.5	87.2	20.0	0.1
7	0.8	0.05	91.3	87.1	19.9	0.1
8	0.9	0.20	90.3	85.6	20.2	0.2
9	0.9	0.21	89.0	83.6	21.7	0.2
10	1.0	0.19	88.8	83.3	21.9	0.2
11	1.0	0.07	88.4	82.7	23.3	0.1
12	1.1	0.02	88.4	82.7	23.6	0.1
13	1.2	0.02	88.4	82.7	23.6	0.1
14	1.2	0.03	88.4	82.6	23.7	0.1
15	1.2	0.05	88.3	82.4	24.0	0.1
16	1.3	0.06	88.2	82.1	24.3	0.1
17	1.4	0.07	88.1	82.0	24.5	0.1
18	1.5	0.04	88.0	81.8	24.5	0.1
19	1.6	0.04	87.9	81.9	24.2	0.1
20	1.6	0.03	87.8	81.9	23.9	0.1
Gradient optimization: MAXIMUMITERATION


Iteration 3:

sh3_hi_sampled_seqs_cluster0_iter3:

OpenMP: Using 6 of 6 threads
Alphabet length:21
832 valid sequences out of 832 
41 sites, none trimmed because no target specified
Effective number of samples: 1.0	(20% identical neighborhood = 1.000 samples)
iter	time	cond	fx	-loglk	||h||	||e||
1	0.1	1.09	115.9	112.1	2.8	0.5
2	0.3	1.10	110.6	106.3	4.7	0.5
3	0.4	0.44	90.6	83.5	22.6	0.4
4	0.4	0.39	90.3	83.2	22.6	0.4
5	0.5	0.08	88.9	83.9	21.4	0.2
6	0.5	0.05	88.8	84.3	20.7	0.1
7	0.6	0.08	88.6	84.5	19.9	0.1
8	0.6	0.15	87.9	84.0	19.6	0.1
9	0.7	0.30	86.9	82.1	20.9	0.2
10	0.7	0.12	86.0	80.8	22.6	0.1
11	0.7	0.04	85.8	80.2	23.4	0.1
12	0.8	0.02	85.8	79.9	23.9	0.1
13	0.8	0.02	85.8	79.8	24.1	0.1
14	0.9	0.03	85.8	79.7	24.3	0.1
15	0.9	0.07	85.6	79.1	24.9	0.1
16	1.0	0.10	85.4	78.7	25.5	0.1
17	1.0	0.06	85.3	78.5	25.7	0.1
18	1.0	0.03	85.2	78.7	25.1	0.1
19	1.1	0.02	85.2	78.9	24.7	0.1
20	1.1	0.01	85.2	78.9	24.7	0.1
Gradient optimization: MAXIMUMITERATION


sh3_hi_sampled_seqs_cluster1_iter3:

OpenMP: Using 6 of 6 threads
Alphabet length:21
1168 valid sequences out of 1168 
41 sites, none trimmed because no target specified
Effective number of samples: 1.0	(20% identical neighborhood = 1.000 samples)
iter	time	cond	fx	-loglk	||h||	||e||
1	0.2	1.09	116.0	112.3	2.8	0.5
2	0.5	1.05	110.7	106.6	4.7	0.5
3	0.5	0.42	92.3	85.3	23.8	0.3
4	0.7	0.37	91.9	84.7	23.8	0.3
5	0.8	0.07	90.0	85.1	21.4	0.1
6	0.8	0.05	89.8	85.6	20.0	0.1
7	0.9	0.05	89.7	85.5	20.0	0.1
8	0.9	0.20	88.7	84.0	20.4	0.2
9	1.0	0.23	87.5	82.0	21.8	0.2
10	1.1	0.20	87.3	81.6	22.2	0.2
11	1.2	0.07	86.8	81.1	23.3	0.1
12	1.2	0.03	86.8	81.1	23.5	0.1
13	1.2	0.02	86.8	81.1	23.6	0.1
14	1.3	0.02	86.8	81.1	23.6	0.1
15	1.3	0.05	86.7	80.9	23.9	0.1
16	1.4	0.06	86.6	80.6	24.3	0.1
17	1.4	0.10	86.5	80.3	24.6	0.1
18	1.4	0.04	86.4	80.1	24.8	0.1
19	1.5	0.02	86.3	80.1	24.6	0.1
20	1.5	0.03	86.2	80.3	24.2	0.1
Gradient optimization: MAXIMUMITERATION


Iteration 4:

sh3_hi_sampled_seqs_cluster0_iter4:

OpenMP: Using 6 of 6 threads
Alphabet length:21
820 valid sequences out of 820 
41 sites, none trimmed because no target specified
Effective number of samples: 1.1	(20% identical neighborhood = 1.000 samples)
iter	time	cond	fx	-loglk	||h||	||e||
1	0.1	1.08	115.9	112.1	2.8	0.5
2	0.3	1.11	110.6	106.3	4.7	0.5
3	0.3	0.45	90.4	83.2	22.3	0.4
4	0.4	0.40	90.1	83.0	22.3	0.4
5	0.5	0.08	88.7	83.7	21.4	0.2
6	0.5	0.05	88.6	84.1	20.8	0.1
7	0.6	0.05	88.6	84.1	20.6	0.1
8	0.6	0.13	88.0	84.0	19.9	0.1
9	0.7	0.20	87.3	83.2	19.9	0.1
10	0.7	0.39	87.1	81.8	21.2	0.2
11	0.8	0.11	85.9	80.7	22.3	0.1
12	0.8	0.05	85.6	80.1	23.2	0.1
13	0.8	0.02	85.6	79.6	24.0	0.1
14	0.9	0.04	85.5	79.4	24.3	0.1
15	0.9	0.03	85.5	79.4	24.4	0.1
16	0.9	0.04	85.4	79.2	24.6	0.1
17	1.0	0.08	85.3	79.0	24.8	0.1
18	1.0	0.09	85.1	78.5	25.2	0.1
19	1.2	0.09	85.0	78.6	25.0	0.1
20	1.2	0.04	85.0	78.5	25.1	0.1
Gradient optimization: MAXIMUMITERATION


sh3_hi_sampled_seqs_cluster1_iter4:

OpenMP: Using 6 of 6 threads
Alphabet length:21
1180 valid sequences out of 1180 
41 sites, none trimmed because no target specified
Effective number of samples: 1.0	(20% identical neighborhood = 1.000 samples)
iter	time	cond	fx	-loglk	||h||	||e||
1	0.2	1.09	115.0	111.3	2.8	0.5
2	0.4	1.04	109.8	105.7	4.7	0.5
3	0.5	0.42	91.4	84.4	24.0	0.3
4	0.5	0.37	91.0	83.8	23.9	0.3
5	0.6	0.08	89.1	84.1	21.4	0.1
6	0.7	0.05	88.9	84.7	19.9	0.1
7	0.7	0.05	88.8	84.6	20.0	0.1
8	0.8	0.19	87.9	83.2	20.4	0.2
9	0.8	0.24	86.8	81.3	21.7	0.2
10	0.9	0.21	86.4	80.5	22.7	0.2
11	1.0	0.05	85.9	80.2	23.5	0.1
12	1.1	0.02	85.9	80.3	23.4	0.1
13	1.1	0.02	85.9	80.3	23.4	0.1
14	1.2	0.03	85.9	80.3	23.5	0.1
15	1.3	0.06	85.8	80.1	23.7	0.1
16	1.3	0.07	85.7	79.8	24.1	0.1
17	1.4	0.13	85.7	79.3	25.1	0.1
18	1.4	0.04	85.6	79.1	25.3	0.1
19	1.5	0.02	85.5	79.1	25.3	0.1
20	1.5	0.01	85.5	79.0	25.4	0.1
Gradient optimization: MAXIMUMITERATION


Iteration 5:

sh3_hi_sampled_seqs_cluster0_iter5:

OpenMP: Using 6 of 6 threads
Alphabet length:21
848 valid sequences out of 848 
41 sites, none trimmed because no target specified
Effective number of samples: 1.1	(20% identical neighborhood = 1.000 samples)
iter	time	cond	fx	-loglk	||h||	||e||
1	0.1	1.08	117.0	113.2	2.8	0.5
2	0.2	1.11	111.7	107.4	4.7	0.5
3	0.3	0.45	91.4	84.2	22.3	0.4
4	0.5	0.40	91.1	84.0	22.3	0.4
5	0.5	0.08	89.8	84.7	21.4	0.2
6	0.6	0.05	89.7	85.1	20.8	0.1
7	0.6	0.05	89.6	85.1	20.6	0.1
8	0.7	0.13	89.1	85.0	19.9	0.1
9	0.7	0.20	88.3	84.3	19.9	0.1
10	0.8	0.26	87.7	83.2	20.6	0.1
11	0.9	0.12	86.9	81.7	22.3	0.1
12	0.9	0.05	86.6	80.9	23.7	0.1
13	1.0	0.06	86.6	80.4	24.3	0.1
14	1.0	0.02	86.5	80.5	24.2	0.1
15	1.1	0.02	86.5	80.5	24.2	0.1
16	1.1	0.05	86.5	80.5	24.2	0.1
17	1.2	0.09	86.4	80.4	24.2	0.1
18	1.2	0.12	86.2	80.3	24.2	0.1
19	1.2	0.11	86.1	80.0	24.3	0.1
20	1.3	0.09	86.1	80.0	24.4	0.1
Gradient optimization: MAXIMUMITERATION


sh3_hi_sampled_seqs_cluster1_iter5:

OpenMP: Using 6 of 6 threads
Alphabet length:21
1152 valid sequences out of 1152 
41 sites, none trimmed because no target specified
Effective number of samples: 1.0	(20% identical neighborhood = 1.000 samples)
iter	time	cond	fx	-loglk	||h||	||e||
1	0.2	1.09	114.2	110.5	2.7	0.5
2	0.4	1.05	109.0	104.8	4.7	0.5
3	0.4	0.43	90.5	83.4	23.9	0.3
4	0.5	0.38	90.1	82.9	23.8	0.3
5	0.6	0.08	88.2	83.2	21.5	0.1
6	0.7	0.05	88.0	83.8	20.0	0.1
7	0.7	0.05	87.9	83.7	20.0	0.1
8	0.8	0.20	86.9	82.1	20.5	0.2
9	0.8	0.23	85.8	80.3	21.9	0.2
10	0.9	0.21	85.6	79.8	22.4	0.2
11	1.0	0.07	85.1	79.4	23.3	0.1
12	1.0	0.03	85.1	79.4	23.5	0.1
13	1.1	0.02	85.1	79.4	23.5	0.1
14	1.1	0.02	85.0	79.4	23.5	0.1
15	1.2	0.05	85.0	79.3	23.7	0.1
16	1.3	0.07	84.9	79.0	24.0	0.1
17	1.3	0.08	84.8	78.6	24.5	0.1
18	1.4	0.09	84.8	78.5	24.6	0.1
19	1.4	0.05	84.6	78.3	25.0	0.1
20	1.5	0.02	84.6	78.2	25.0	0.1
Gradient optimization: MAXIMUMITERATION


Iteration 6:

sh3_hi_sampled_seqs_cluster0_iter6:

OpenMP: Using 6 of 6 threads
Alphabet length:21
856 valid sequences out of 856 
41 sites, none trimmed because no target specified
Effective number of samples: 1.1	(20% identical neighborhood = 1.000 samples)
iter	time	cond	fx	-loglk	||h||	||e||
1	0.1	1.08	117.1	113.3	2.8	0.5
2	0.2	1.11	111.8	107.5	4.7	0.5
3	0.2	0.45	91.5	84.3	22.3	0.4
4	0.3	0.40	91.2	84.1	22.3	0.4
5	0.4	0.08	89.9	84.8	21.4	0.2
6	0.4	0.05	89.8	85.2	20.8	0.1
7	0.5	0.05	89.7	85.2	20.6	0.1
8	0.5	0.13	89.2	85.1	19.9	0.1
9	0.6	0.20	88.4	84.4	19.9	0.1
10	0.7	0.26	87.8	83.3	20.6	0.1
11	0.7	0.12	87.0	81.8	22.4	0.1
12	0.8	0.05	86.7	80.9	23.7	0.1
13	0.8	0.06	86.7	80.5	24.3	0.1
14	0.9	0.02	86.7	80.6	24.2	0.1
15	0.9	0.02	86.6	80.6	24.2	0.1
16	0.9	0.05	86.6	80.6	24.2	0.1
17	1.0	0.08	86.5	80.6	24.2	0.1
18	1.0	0.12	86.3	80.4	24.2	0.1
19	1.1	0.11	86.2	80.2	24.3	0.1
20	1.1	0.07	86.1	80.1	24.3	0.1
Gradient optimization: MAXIMUMITERATION


sh3_hi_sampled_seqs_cluster1_iter6:

OpenMP: Using 6 of 6 threads
Alphabet length:21
1144 valid sequences out of 1144 
41 sites, none trimmed because no target specified
Effective number of samples: 1.0	(20% identical neighborhood = 1.000 samples)
iter	time	cond	fx	-loglk	||h||	||e||
1	0.1	1.09	114.1	110.3	2.8	0.5
2	0.3	1.05	108.8	104.7	4.7	0.5
3	0.3	0.43	90.3	83.3	23.9	0.3
4	0.4	0.38	90.0	82.8	23.8	0.3
5	0.5	0.08	88.1	83.1	21.5	0.1
6	0.5	0.05	87.9	83.7	20.0	0.1
7	0.6	0.05	87.8	83.5	20.0	0.1
8	0.7	0.20	86.8	82.0	20.5	0.2
9	0.7	0.22	85.6	80.1	21.9	0.2
10	0.8	0.20	85.4	79.7	22.3	0.2
11	0.9	0.07	85.0	79.3	23.2	0.1
12	1.0	0.03	84.9	79.3	23.5	0.1
13	1.0	0.02	84.9	79.3	23.5	0.1
14	1.1	0.02	84.9	79.3	23.5	0.1
15	1.1	0.05	84.9	79.1	23.7	0.1
16	1.2	0.07	84.8	78.9	24.0	0.1
17	1.2	0.08	84.7	78.5	24.5	0.1
18	1.3	0.09	84.6	78.4	24.6	0.1
19	1.3	0.04	84.5	78.2	24.9	0.1
20	1.4	0.02	84.4	78.1	24.9	0.1
Gradient optimization: MAXIMUMITERATION


Iteration 7:

sh3_hi_sampled_seqs_cluster0_iter7:

OpenMP: Using 6 of 6 threads
Alphabet length:21
860 valid sequences out of 860 
41 sites, none trimmed because no target specified
Effective number of samples: 1.1	(20% identical neighborhood = 1.000 samples)
iter	time	cond	fx	-loglk	||h||	||e||
1	0.1	1.08	117.2	113.4	2.8	0.5
2	0.3	1.11	111.8	107.6	4.7	0.5
3	0.3	0.45	91.6	84.4	22.3	0.4
4	0.4	0.40	91.3	84.2	22.3	0.4
5	0.4	0.08	90.0	84.9	21.4	0.2
6	0.5	0.05	89.9	85.3	20.8	0.1
7	0.5	0.05	89.8	85.3	20.6	0.1
8	0.6	0.13	89.2	85.2	19.9	0.1
9	0.6	0.20	88.5	84.5	19.9	0.1
10	0.7	0.26	87.9	83.4	20.6	0.1
11	0.7	0.12	87.1	81.9	22.3	0.1
12	0.8	0.05	86.8	81.1	23.7	0.1
13	0.8	0.06	86.8	80.6	24.2	0.1
14	0.9	0.02	86.7	80.7	24.2	0.1
15	0.9	0.02	86.7	80.7	24.2	0.1
16	1.0	0.05	86.7	80.7	24.2	0.1
17	1.0	0.09	86.6	80.7	24.2	0.1
18	1.0	0.12	86.4	80.5	24.2	0.1
19	1.1	0.11	86.3	80.3	24.3	0.1
20	1.1	0.07	86.2	80.2	24.3	0.1
Gradient optimization: MAXIMUMITERATION


sh3_hi_sampled_seqs_cluster1_iter7:

OpenMP: Using 6 of 6 threads
Alphabet length:21
1140 valid sequences out of 1140 
41 sites, none trimmed because no target specified
Effective number of samples: 1.0	(20% identical neighborhood = 1.000 samples)
iter	time	cond	fx	-loglk	||h||	||e||
1	0.2	1.09	114.0	110.2	2.8	0.5
2	0.3	1.05	108.8	104.6	4.7	0.5
3	0.3	0.43	90.3	83.2	23.9	0.3
4	0.4	0.38	89.9	82.7	23.8	0.3
5	0.5	0.08	88.0	83.0	21.5	0.1
6	0.5	0.05	87.8	83.6	20.0	0.1
7	0.6	0.05	87.7	83.5	20.0	0.1
8	0.7	0.20	86.7	81.9	20.5	0.2
9	0.7	0.22	85.5	80.0	21.9	0.2
10	0.8	0.20	85.3	79.6	22.3	0.2
11	0.9	0.07	84.9	79.2	23.3	0.1
12	0.9	0.03	84.9	79.2	23.5	0.1
13	1.0	0.02	84.8	79.2	23.5	0.1
14	1.1	0.02	84.8	79.2	23.5	0.1
15	1.1	0.05	84.8	79.0	23.7	0.1
16	1.2	0.07	84.7	78.8	24.0	0.1
17	1.2	0.08	84.6	78.4	24.5	0.1
18	1.3	0.09	84.5	78.3	24.5	0.1
19	1.3	0.04	84.4	78.1	24.9	0.1
20	1.3	0.02	84.3	78.1	24.9	0.1
Gradient optimization: MAXIMUMITERATION


Iteration 8:

sh3_hi_sampled_seqs_cluster0_iter8:

OpenMP: Using 6 of 6 threads
Alphabet length:21
864 valid sequences out of 864 
41 sites, none trimmed because no target specified
Effective number of samples: 1.1	(20% identical neighborhood = 1.000 samples)
iter	time	cond	fx	-loglk	||h||	||e||
1	0.2	1.08	117.2	113.4	2.8	0.5
2	0.3	1.11	111.9	107.6	4.7	0.5
3	0.4	0.45	91.6	84.4	22.3	0.4
4	0.5	0.40	91.3	84.2	22.3	0.4
5	0.6	0.08	90.0	84.9	21.4	0.2
6	0.6	0.05	89.9	85.3	20.8	0.1
7	0.7	0.05	89.8	85.3	20.6	0.1
8	0.7	0.13	89.2	85.2	19.9	0.1
9	0.8	0.20	88.5	84.5	19.9	0.1
10	0.9	0.26	87.9	83.4	20.6	0.1
11	1.0	0.11	87.1	81.9	22.4	0.1
12	1.0	0.04	86.8	81.1	23.7	0.1
13	1.1	0.06	86.8	80.6	24.2	0.1
14	1.1	0.02	86.8	80.7	24.2	0.1
15	1.2	0.02	86.8	80.7	24.2	0.1
16	1.2	0.05	86.7	80.7	24.2	0.1
17	1.3	0.09	86.6	80.7	24.2	0.1
18	1.3	0.12	86.4	80.5	24.2	0.1
19	1.4	0.11	86.3	80.3	24.3	0.1
20	1.4	0.07	86.2	80.2	24.3	0.1
Gradient optimization: MAXIMUMITERATION


sh3_hi_sampled_seqs_cluster1_iter8:

OpenMP: Using 6 of 6 threads
Alphabet length:21
1136 valid sequences out of 1136 
41 sites, none trimmed because no target specified
Effective number of samples: 1.0	(20% identical neighborhood = 1.000 samples)
iter	time	cond	fx	-loglk	||h||	||e||
1	0.2	1.09	114.0	110.2	2.8	0.5
2	0.3	1.05	108.7	104.6	4.7	0.5
3	0.4	0.43	90.2	83.2	23.9	0.3
4	0.5	0.38	89.9	82.6	23.8	0.3
5	0.6	0.08	87.9	83.0	21.5	0.1
6	0.6	0.05	87.8	83.5	20.0	0.1
7	0.7	0.05	87.7	83.4	20.0	0.1
8	0.7	0.20	86.6	81.8	20.5	0.2
9	0.8	0.22	85.5	79.9	22.0	0.2
10	0.9	0.20	85.3	79.6	22.3	0.2
11	1.0	0.07	84.9	79.2	23.2	0.1
12	1.0	0.03	84.8	79.2	23.5	0.1
13	1.1	0.02	84.8	79.2	23.5	0.1
14	1.1	0.02	84.8	79.2	23.5	0.1
15	1.2	0.05	84.8	79.0	23.7	0.1
16	1.2	0.07	84.7	78.8	24.0	0.1
17	1.3	0.08	84.6	78.4	24.5	0.1
18	1.4	0.09	84.5	78.3	24.5	0.1
19	1.4	0.04	84.4	78.1	24.9	0.1
20	1.5	0.02	84.3	78.0	24.8	0.1
Gradient optimization: MAXIMUMITERATION


Iteration 9:
TERMINATING: Repeated cluster assignments
