tuning/outputs/tuning_run_14/ created
tuning/outputs/tuning_run_14/iterations/ created
tuning/outputs/tuning_run_14/output/ created
{'msa-file-name': 'sh3_hi_sampled_seqs.fa', 'em_maxiter': 30, 'em_numclusters': 2, 'em_device': None, 'em_init': 'kmeans', 'em_no_iter_print': 0, 'plmc': '../../plmc/bin/plmc', 'output': 'tuning/outputs/tuning_run_14', 'fast': 0, 'scale': None, 'theta': '0.8', 'lambdah': '0.01', 'lambdae': '16.0', 'lambdag': None, 'gapignore': 1, 'maxiter': '20', 'ncores': 6, 'gapignore_tune': '1', 'fast_tune': '0', 'em_iter_print': 1, 'iterations_dir': 'tuning/outputs/tuning_run_14/iterations/', 'final_dir': 'tuning/outputs/tuning_run_14/output/', 'output_dir': 'tuning/outputs/tuning_run_14/', 'plmc_options': ['-t 0.8', '-lh 0.01', '-le 16.0', '-m 20', '-n 6', '-g'], 'device': device(type='cpu')}

Using cpu


Iteration 0:

sh3_hi_sampled_seqs_cluster0_iter0:

OpenMP: Using 6 of 6 threads
Alphabet length:21
861 valid sequences out of 861 
41 sites, none trimmed because no target specified
Effective number of samples: 1.1	(20% identical neighborhood = 1.000 samples)
iter	time	cond	fx	-loglk	||h||	||e||
1	0.1	1.09	116.7	112.9	2.8	0.5
2	0.3	1.11	111.4	107.1	4.7	0.5
3	0.3	0.45	91.2	84.1	22.3	0.4
4	0.4	0.40	90.9	83.8	22.3	0.4
5	0.4	0.08	89.6	84.5	21.4	0.2
6	0.5	0.05	89.5	84.9	20.8	0.1
7	0.5	0.05	89.4	85.0	20.6	0.1
8	0.5	0.13	88.9	84.9	19.8	0.1
9	0.6	0.21	88.1	84.1	19.8	0.1
10	0.6	0.38	87.9	82.7	21.2	0.2
11	0.7	0.11	86.7	81.6	22.3	0.1
12	0.7	0.04	86.5	80.9	23.2	0.1
13	0.8	0.02	86.4	80.5	24.0	0.1
14	0.8	0.05	86.4	80.3	24.2	0.1
15	0.8	0.03	86.4	80.3	24.3	0.1
16	0.9	0.04	86.3	80.2	24.4	0.1
17	0.9	0.08	86.2	80.0	24.6	0.1
18	1.0	0.10	86.0	79.6	24.9	0.1
19	1.0	0.12	86.0	79.6	24.7	0.1
20	1.1	0.04	85.8	79.5	24.9	0.1
Gradient optimization: MAXIMUMITERATION


sh3_hi_sampled_seqs_cluster1_iter0:

OpenMP: Using 6 of 6 threads
Alphabet length:21
1139 valid sequences out of 1139 
41 sites, none trimmed because no target specified
Effective number of samples: 1.0	(20% identical neighborhood = 1.000 samples)
iter	time	cond	fx	-loglk	||h||	||e||
1	0.1	1.09	113.9	110.2	2.7	0.5
2	0.2	1.05	108.7	104.5	4.6	0.5
3	0.3	0.43	90.3	83.3	23.9	0.3
4	0.4	0.38	89.9	82.7	23.8	0.3
5	0.4	0.08	88.0	83.1	21.4	0.1
6	0.5	0.05	87.8	83.6	19.9	0.1
7	0.5	0.05	87.7	83.5	20.0	0.1
8	0.6	0.20	86.7	82.0	20.5	0.2
9	0.7	0.23	85.6	80.1	21.9	0.2
10	0.8	0.21	85.4	79.6	22.4	0.2
11	0.8	0.07	84.9	79.2	23.2	0.1
12	0.9	0.03	84.9	79.2	23.5	0.1
13	0.9	0.02	84.9	79.3	23.4	0.1
14	1.0	0.02	84.9	79.2	23.4	0.1
15	1.0	0.05	84.8	79.2	23.5	0.1
16	1.1	0.08	84.7	78.9	23.7	0.1
17	1.1	0.09	84.6	78.5	24.2	0.1
18	1.2	0.15	84.6	78.3	24.4	0.1
19	1.2	0.05	84.4	78.2	24.7	0.1
20	1.3	0.02	84.4	78.2	24.5	0.1
Gradient optimization: MAXIMUMITERATION


Iteration 1:

sh3_hi_sampled_seqs_cluster0_iter1:

OpenMP: Using 6 of 6 threads
Alphabet length:21
872 valid sequences out of 872 
41 sites, none trimmed because no target specified
Effective number of samples: 1.1	(20% identical neighborhood = 1.000 samples)
iter	time	cond	fx	-loglk	||h||	||e||
1	0.1	1.08	117.1	113.3	2.8	0.5
2	0.2	1.11	111.8	107.5	4.7	0.5
3	0.3	0.45	91.5	84.4	22.3	0.4
4	0.3	0.40	91.2	84.1	22.4	0.4
5	0.4	0.08	89.9	84.9	21.4	0.2
6	0.4	0.05	89.8	85.2	20.8	0.1
7	0.5	0.05	89.8	85.3	20.6	0.1
8	0.5	0.13	89.2	85.2	19.9	0.1
9	0.6	0.21	88.4	84.4	19.9	0.1
10	0.6	0.38	88.2	82.9	21.4	0.2
11	0.7	0.11	87.0	81.8	22.4	0.1
12	0.7	0.04	86.8	81.2	23.3	0.1
13	0.7	0.02	86.7	80.7	24.1	0.1
14	0.8	0.04	86.7	80.6	24.3	0.1
15	0.8	0.03	86.7	80.6	24.4	0.1
16	0.8	0.05	86.5	80.2	24.9	0.1
17	0.9	0.08	86.4	79.9	25.1	0.1
18	0.9	0.08	86.2	79.3	25.9	0.1
19	1.0	0.05	86.1	79.6	25.2	0.1
20	1.0	0.02	86.1	79.7	25.1	0.1
Gradient optimization: MAXIMUMITERATION


sh3_hi_sampled_seqs_cluster1_iter1:

OpenMP: Using 6 of 6 threads
Alphabet length:21
1128 valid sequences out of 1128 
41 sites, none trimmed because no target specified
Effective number of samples: 1.0	(20% identical neighborhood = 1.000 samples)
iter	time	cond	fx	-loglk	||h||	||e||
1	0.1	1.09	113.8	110.1	2.7	0.5
2	0.3	1.05	108.6	104.4	4.7	0.5
3	0.3	0.43	90.1	83.1	23.8	0.3
4	0.4	0.38	89.8	82.6	23.7	0.3
5	0.4	0.08	87.9	82.9	21.5	0.1
6	0.5	0.05	87.7	83.5	20.0	0.1
7	0.5	0.05	87.6	83.4	20.0	0.1
8	0.6	0.20	86.5	81.7	20.5	0.2
9	0.6	0.21	85.3	79.8	22.0	0.2
10	0.7	0.20	85.2	79.5	22.3	0.2
11	0.8	0.07	84.8	79.1	23.2	0.1
12	0.8	0.02	84.8	79.1	23.4	0.1
13	0.9	0.02	84.7	79.1	23.4	0.1
14	0.9	0.03	84.7	79.1	23.5	0.1
15	1.0	0.05	84.7	79.0	23.7	0.1
16	1.0	0.07	84.6	78.7	24.0	0.1
17	1.1	0.07	84.5	78.3	24.4	0.1
18	1.1	0.07	84.4	78.2	24.6	0.1
19	1.1	0.02	84.3	78.1	24.7	0.1
20	1.2	0.02	84.2	78.1	24.5	0.1
Gradient optimization: MAXIMUMITERATION


Iteration 2:

sh3_hi_sampled_seqs_cluster0_iter2:

OpenMP: Using 6 of 6 threads
Alphabet length:21
887 valid sequences out of 887 
41 sites, none trimmed because no target specified
Effective number of samples: 1.1	(20% identical neighborhood = 1.000 samples)
iter	time	cond	fx	-loglk	||h||	||e||
1	0.1	1.08	117.3	113.5	2.8	0.5
2	0.2	1.11	112.0	107.7	4.7	0.5
3	0.3	0.44	91.7	84.6	22.4	0.4
4	0.3	0.39	91.4	84.3	22.5	0.4
5	0.4	0.08	90.1	85.0	21.4	0.2
6	0.4	0.05	90.0	85.4	20.8	0.1
7	0.5	0.05	89.9	85.4	20.6	0.1
8	0.5	0.13	89.3	85.3	19.8	0.1
9	0.6	0.22	88.5	84.4	19.9	0.1
10	0.6	0.25	87.8	83.0	21.3	0.1
11	0.7	0.09	87.1	81.7	22.7	0.1
12	0.7	0.03	86.9	81.1	23.7	0.1
13	0.7	0.03	86.9	80.8	24.2	0.1
14	0.8	0.02	86.9	80.8	24.3	0.1
15	0.8	0.03	86.9	80.7	24.5	0.1
16	0.9	0.07	86.8	80.5	24.7	0.1
17	0.9	0.10	86.6	80.2	25.0	0.1
18	1.0	0.10	86.5	79.6	25.8	0.1
19	1.0	0.06	86.3	79.8	25.4	0.1
20	1.1	0.02	86.3	79.8	25.2	0.1
Gradient optimization: MAXIMUMITERATION


sh3_hi_sampled_seqs_cluster1_iter2:

OpenMP: Using 6 of 6 threads
Alphabet length:21
1113 valid sequences out of 1113 
41 sites, none trimmed because no target specified
Effective number of samples: 1.0	(20% identical neighborhood = 1.000 samples)
iter	time	cond	fx	-loglk	||h||	||e||
1	0.1	1.09	113.8	110.0	2.8	0.5
2	0.3	1.05	108.5	104.3	4.7	0.5
3	0.3	0.43	90.0	82.9	23.8	0.3
4	0.4	0.38	89.6	82.4	23.7	0.3
5	0.4	0.07	87.7	82.8	21.5	0.1
6	0.5	0.05	87.6	83.3	20.0	0.1
7	0.6	0.12	87.2	82.8	20.1	0.1
8	0.6	0.21	86.3	81.4	20.5	0.2
9	0.7	0.22	85.1	79.0	23.3	0.2
10	0.7	0.08	84.7	78.8	23.7	0.1
11	0.8	0.03	84.7	79.1	23.2	0.1
12	0.8	0.02	84.6	79.1	23.3	0.1
13	0.9	0.03	84.6	79.1	23.4	0.1
14	0.9	0.04	84.6	78.9	23.7	0.1
15	1.0	0.04	84.5	78.7	24.1	0.1
16	1.0	0.05	84.5	78.5	24.4	0.1
17	1.1	0.03	84.5	78.2	24.8	0.1
18	1.1	0.02	84.4	78.0	25.1	0.1
19	1.2	0.04	84.4	77.9	25.3	0.1
20	1.2	0.05	84.3	77.7	25.4	0.1
Gradient optimization: MAXIMUMITERATION


Iteration 3:

sh3_hi_sampled_seqs_cluster0_iter3:

OpenMP: Using 6 of 6 threads
Alphabet length:21
899 valid sequences out of 899 
41 sites, none trimmed because no target specified
Effective number of samples: 1.1	(20% identical neighborhood = 1.000 samples)
iter	time	cond	fx	-loglk	||h||	||e||
1	0.1	1.08	117.7	114.0	2.8	0.5
2	0.2	1.11	112.4	108.2	4.7	0.5
3	0.3	0.44	92.1	85.0	22.4	0.4
4	0.3	0.39	91.9	84.8	22.5	0.4
5	0.4	0.08	90.6	85.5	21.4	0.2
6	0.4	0.05	90.5	85.9	20.8	0.1
7	0.5	0.05	90.4	85.9	20.6	0.1
8	0.5	0.13	89.7	85.8	19.8	0.1
9	0.6	0.23	89.0	84.9	19.9	0.1
10	0.6	0.22	88.2	83.5	21.3	0.1
11	0.6	0.08	87.5	82.1	22.8	0.1
12	0.7	0.04	87.4	81.5	23.9	0.1
13	0.7	0.03	87.4	81.3	24.2	0.1
14	0.8	0.02	87.4	81.3	24.2	0.1
15	0.8	0.03	87.3	81.3	24.2	0.1
16	0.9	0.07	87.2	81.3	24.2	0.1
17	0.9	0.11	87.1	81.1	24.3	0.1
18	1.0	0.11	86.9	80.8	24.5	0.1
19	1.0	0.11	86.9	80.6	24.8	0.1
20	1.1	0.05	86.8	80.4	24.9	0.1
Gradient optimization: MAXIMUMITERATION


sh3_hi_sampled_seqs_cluster1_iter3:

OpenMP: Using 6 of 6 threads
Alphabet length:21
1101 valid sequences out of 1101 
41 sites, none trimmed because no target specified
Effective number of samples: 1.0	(20% identical neighborhood = 1.000 samples)
iter	time	cond	fx	-loglk	||h||	||e||
1	0.1	1.09	113.5	109.7	2.8	0.5
2	0.2	1.05	108.3	104.1	4.7	0.5
3	0.3	0.43	89.6	82.6	23.7	0.3
4	0.4	0.38	89.3	82.1	23.7	0.3
5	0.4	0.07	87.4	82.5	21.5	0.1
6	0.5	0.05	87.2	83.0	20.1	0.1
7	0.5	0.12	86.9	82.5	20.1	0.1
8	0.6	0.21	85.9	81.0	20.5	0.2
9	0.6	0.22	84.8	78.7	23.3	0.2
10	0.7	0.08	84.4	78.5	23.6	0.1
11	0.7	0.03	84.4	78.8	23.2	0.1
12	0.8	0.02	84.3	78.8	23.3	0.1
13	0.8	0.03	84.3	78.7	23.4	0.1
14	0.9	0.04	84.3	78.6	23.8	0.1
15	0.9	0.04	84.2	78.3	24.2	0.1
16	1.0	0.04	84.2	78.0	24.7	0.1
17	1.1	0.02	84.1	77.8	24.9	0.1
18	1.1	0.05	84.1	77.7	25.0	0.1
19	1.1	0.06	84.0	77.5	25.1	0.1
20	1.2	0.08	84.0	77.4	25.2	0.1
Gradient optimization: MAXIMUMITERATION


Iteration 4:

sh3_hi_sampled_seqs_cluster0_iter4:

OpenMP: Using 6 of 6 threads
Alphabet length:21
898 valid sequences out of 898 
41 sites, none trimmed because no target specified
Effective number of samples: 1.1	(20% identical neighborhood = 1.000 samples)
iter	time	cond	fx	-loglk	||h||	||e||
1	0.1	1.08	117.7	114.0	2.8	0.5
2	0.2	1.11	112.4	108.2	4.7	0.5
3	0.3	0.44	92.2	85.1	22.4	0.4
4	0.3	0.39	91.9	84.8	22.5	0.4
5	0.4	0.08	90.6	85.5	21.4	0.2
6	0.4	0.05	90.5	85.9	20.8	0.1
7	0.5	0.05	90.4	85.9	20.6	0.1
8	0.5	0.13	89.8	85.8	19.8	0.1
9	0.6	0.23	89.0	84.9	19.9	0.1
10	0.6	0.22	88.2	83.5	21.3	0.1
11	0.7	0.08	87.6	82.1	22.8	0.1
12	0.7	0.03	87.4	81.5	23.9	0.1
13	0.8	0.03	87.4	81.3	24.2	0.1
14	0.8	0.02	87.4	81.3	24.2	0.1
15	0.9	0.03	87.3	81.3	24.3	0.1
16	0.9	0.07	87.3	81.2	24.3	0.1
17	1.0	0.11	87.1	81.0	24.5	0.1
18	1.0	0.11	86.9	80.7	24.7	0.1
19	1.1	0.10	86.8	80.5	25.0	0.1
20	1.1	0.04	86.8	80.4	25.0	0.1
Gradient optimization: MAXIMUMITERATION


sh3_hi_sampled_seqs_cluster1_iter4:

OpenMP: Using 6 of 6 threads
Alphabet length:21
1102 valid sequences out of 1102 
41 sites, none trimmed because no target specified
Effective number of samples: 1.0	(20% identical neighborhood = 1.000 samples)
iter	time	cond	fx	-loglk	||h||	||e||
1	0.1	1.09	113.5	109.7	2.8	0.5
2	0.2	1.05	108.3	104.1	4.7	0.5
3	0.3	0.43	89.6	82.6	23.7	0.3
4	0.4	0.38	89.3	82.1	23.7	0.3
5	0.4	0.07	87.4	82.5	21.5	0.1
6	0.5	0.05	87.2	83.0	20.1	0.1
7	0.5	0.12	86.9	82.5	20.1	0.1
8	0.6	0.21	85.9	81.0	20.5	0.2
9	0.6	0.22	84.8	78.7	23.3	0.2
10	0.7	0.08	84.4	78.5	23.6	0.1
11	0.8	0.03	84.4	78.8	23.2	0.1
12	0.8	0.02	84.3	78.8	23.3	0.1
13	0.8	0.03	84.3	78.8	23.4	0.1
14	0.9	0.04	84.3	78.6	23.8	0.1
15	0.9	0.04	84.2	78.3	24.2	0.1
16	1.0	0.04	84.2	78.1	24.6	0.1
17	1.1	0.02	84.2	77.9	24.9	0.1
18	1.1	0.04	84.1	77.7	25.0	0.1
19	1.1	0.06	84.1	77.6	25.1	0.1
20	1.2	0.07	84.0	77.4	25.3	0.1
Gradient optimization: MAXIMUMITERATION


Iteration 5:

sh3_hi_sampled_seqs_cluster0_iter5:

OpenMP: Using 6 of 6 threads
Alphabet length:21
899 valid sequences out of 899 
41 sites, none trimmed because no target specified
Effective number of samples: 1.1	(20% identical neighborhood = 1.000 samples)
iter	time	cond	fx	-loglk	||h||	||e||
1	0.1	1.08	117.7	114.0	2.8	0.5
2	0.2	1.11	112.4	108.2	4.7	0.5
3	0.2	0.44	92.2	85.1	22.4	0.4
4	0.3	0.39	91.9	84.8	22.5	0.4
5	0.3	0.08	90.6	85.5	21.4	0.2
6	0.4	0.05	90.5	85.9	20.8	0.1
7	0.4	0.05	90.4	85.9	20.6	0.1
8	0.5	0.13	89.8	85.8	19.8	0.1
9	0.5	0.23	89.0	84.9	19.9	0.1
10	0.6	0.22	88.2	83.5	21.3	0.1
11	0.6	0.08	87.6	82.1	22.8	0.1
12	0.7	0.04	87.4	81.5	23.9	0.1
13	0.7	0.03	87.4	81.3	24.2	0.1
14	0.8	0.02	87.4	81.3	24.2	0.1
15	0.8	0.03	87.3	81.3	24.2	0.1
16	0.8	0.07	87.3	81.3	24.3	0.1
17	0.9	0.11	87.1	81.1	24.4	0.1
18	0.9	0.11	86.9	80.8	24.6	0.1
19	1.0	0.11	86.9	80.6	24.8	0.1
20	1.0	0.04	86.8	80.4	25.0	0.1
Gradient optimization: MAXIMUMITERATION


sh3_hi_sampled_seqs_cluster1_iter5:

OpenMP: Using 6 of 6 threads
Alphabet length:21
1101 valid sequences out of 1101 
41 sites, none trimmed because no target specified
Effective number of samples: 1.0	(20% identical neighborhood = 1.000 samples)
iter	time	cond	fx	-loglk	||h||	||e||
1	0.1	1.09	113.5	109.7	2.8	0.5
2	0.3	1.05	108.3	104.1	4.7	0.5
3	0.3	0.43	89.6	82.6	23.7	0.3
4	0.4	0.38	89.3	82.1	23.7	0.3
5	0.4	0.07	87.4	82.5	21.5	0.1
6	0.5	0.05	87.2	83.0	20.1	0.1
7	0.6	0.12	86.9	82.5	20.1	0.1
8	0.6	0.21	85.9	81.0	20.5	0.2
9	0.7	0.22	84.7	78.7	23.3	0.2
10	0.8	0.08	84.4	78.5	23.6	0.1
11	0.8	0.03	84.3	78.8	23.2	0.1
12	0.9	0.02	84.3	78.8	23.3	0.1
13	0.9	0.03	84.3	78.7	23.4	0.1
14	0.9	0.04	84.3	78.6	23.8	0.1
15	1.0	0.04	84.2	78.3	24.2	0.1
16	1.1	0.04	84.2	78.0	24.7	0.1
17	1.1	0.02	84.1	77.8	24.9	0.1
18	1.2	0.05	84.1	77.7	25.0	0.1
19	1.3	0.06	84.0	77.5	25.1	0.1
20	1.3	0.07	83.9	77.4	25.3	0.1
Gradient optimization: MAXIMUMITERATION


Iteration 6:

sh3_hi_sampled_seqs_cluster0_iter6:

OpenMP: Using 6 of 6 threads
Alphabet length:21
900 valid sequences out of 900 
41 sites, none trimmed because no target specified
Effective number of samples: 1.1	(20% identical neighborhood = 1.000 samples)
iter	time	cond	fx	-loglk	||h||	||e||
1	0.1	1.08	117.7	114.0	2.8	0.5
2	0.3	1.11	112.4	108.2	4.7	0.5
3	0.3	0.44	92.2	85.1	22.4	0.4
4	0.4	0.39	91.9	84.8	22.5	0.4
5	0.4	0.08	90.6	85.5	21.4	0.2
6	0.5	0.05	90.5	85.9	20.8	0.1
7	0.5	0.05	90.4	85.9	20.6	0.1
8	0.5	0.13	89.8	85.8	19.8	0.1
9	0.6	0.23	89.0	84.9	19.9	0.1
10	0.6	0.21	88.2	83.5	21.2	0.1
11	0.7	0.08	87.6	82.1	22.8	0.1
12	0.7	0.04	87.4	81.5	23.9	0.1
13	0.8	0.03	87.4	81.3	24.2	0.1
14	0.8	0.02	87.4	81.3	24.2	0.1
15	0.8	0.03	87.3	81.4	24.2	0.1
16	0.9	0.06	87.3	81.3	24.2	0.1
17	0.9	0.10	87.1	81.2	24.3	0.1
18	1.0	0.11	86.9	80.9	24.5	0.1
19	1.0	0.11	86.9	80.7	24.7	0.1
20	1.1	0.05	86.8	80.5	24.9	0.1
Gradient optimization: MAXIMUMITERATION


sh3_hi_sampled_seqs_cluster1_iter6:

OpenMP: Using 6 of 6 threads
Alphabet length:21
1100 valid sequences out of 1100 
41 sites, none trimmed because no target specified
Effective number of samples: 1.0	(20% identical neighborhood = 1.000 samples)
iter	time	cond	fx	-loglk	||h||	||e||
1	0.1	1.09	113.5	109.7	2.8	0.5
2	0.2	1.05	108.3	104.0	4.7	0.5
3	0.3	0.43	89.6	82.6	23.7	0.3
4	0.4	0.38	89.3	82.1	23.7	0.3
5	0.4	0.07	87.4	82.5	21.5	0.1
6	0.5	0.05	87.2	83.0	20.1	0.1
7	0.6	0.12	86.9	82.5	20.1	0.1
8	0.6	0.21	85.9	81.0	20.5	0.2
9	0.7	0.22	84.7	78.7	23.3	0.2
10	0.8	0.08	84.4	78.5	23.6	0.1
11	0.8	0.03	84.3	78.8	23.2	0.1
12	0.8	0.02	84.3	78.8	23.3	0.1
13	0.9	0.03	84.3	78.7	23.4	0.1
14	0.9	0.04	84.3	78.5	23.8	0.1
15	1.0	0.04	84.2	78.3	24.2	0.1
16	1.0	0.03	84.2	78.0	24.8	0.1
17	1.1	0.02	84.1	77.8	24.9	0.1
18	1.1	0.05	84.1	77.7	25.0	0.1
19	1.2	0.06	84.0	77.5	25.1	0.1
20	1.2	0.08	83.9	77.4	25.2	0.1
Gradient optimization: MAXIMUMITERATION


Iteration 7:
TERMINATING: Repeated cluster assignments
