{'msa-file-name': 'sh3_hi_sampled_seqs.fa', 'em_maxiter': 30, 'em_numclusters': 2, 'em_device': None, 'em_init': 'kmeans', 'em_no_iter_print': 0, 'plmc': '../../plmc/bin/plmc', 'output': 'tuning/outputs/tuning_run_6', 'fast': 0, 'scale': None, 'theta': '0.8', 'lambdah': '0.01', 'lambdae': '16.0', 'lambdag': None, 'gapignore': 1, 'maxiter': '5', 'ncores': 6, 'gapignore_tune': '1', 'fast_tune': '0', 'em_iter_print': 1, 'iterations_dir': 'tuning/outputs/tuning_run_6/iterations/', 'final_dir': 'tuning/outputs/tuning_run_6/output/', 'output_dir': 'tuning/outputs/tuning_run_6/', 'plmc_options': ['-t 0.8', '-lh 0.01', '-le 16.0', '-m 5', '-n 6', '-g'], 'device': device(type='cpu')}

Using cpu


Iteration 0:

sh3_hi_sampled_seqs_cluster0_iter0:

OpenMP: Using 6 of 6 threads
Alphabet length:21
1147 valid sequences out of 1147 
41 sites, none trimmed because no target specified
Effective number of samples: 1.0	(20% identical neighborhood = 1.000 samples)
iter	time	cond	fx	-loglk	||h||	||e||
1	0.2	1.09	114.0	110.2	2.7	0.5
2	0.3	1.05	108.8	104.6	4.6	0.5
3	0.3	0.43	90.4	83.4	23.9	0.3
4	0.4	0.38	90.0	82.8	23.8	0.3
5	0.4	0.08	88.1	83.1	21.4	0.1
Gradient optimization: MAXIMUMITERATION


sh3_hi_sampled_seqs_cluster1_iter0:

OpenMP: Using 6 of 6 threads
Alphabet length:21
853 valid sequences out of 853 
41 sites, none trimmed because no target specified
Effective number of samples: 1.1	(20% identical neighborhood = 1.000 samples)
iter	time	cond	fx	-loglk	||h||	||e||
1	0.1	1.08	116.6	112.8	2.8	0.5
2	0.2	1.11	111.3	107.1	4.7	0.5
3	0.3	0.45	91.1	84.0	22.2	0.4
4	0.3	0.40	90.8	83.7	22.3	0.4
5	0.4	0.08	89.5	84.5	21.4	0.2
Gradient optimization: MAXIMUMITERATION


Iteration 1:

sh3_hi_sampled_seqs_cluster0_iter1:

OpenMP: Using 6 of 6 threads
Alphabet length:21
1107 valid sequences out of 1107 
41 sites, none trimmed because no target specified
Effective number of samples: 1.0	(20% identical neighborhood = 1.000 samples)
iter	time	cond	fx	-loglk	||h||	||e||
1	0.1	1.09	113.5	109.7	2.7	0.5
2	0.3	1.05	108.2	104.1	4.6	0.5
3	0.3	0.43	89.8	82.7	23.8	0.3
4	0.4	0.38	89.4	82.2	23.7	0.3
5	0.4	0.08	87.5	82.6	21.4	0.1
Gradient optimization: MAXIMUMITERATION


sh3_hi_sampled_seqs_cluster1_iter1:

OpenMP: Using 6 of 6 threads
Alphabet length:21
893 valid sequences out of 893 
41 sites, none trimmed because no target specified
Effective number of samples: 1.1	(20% identical neighborhood = 1.000 samples)
iter	time	cond	fx	-loglk	||h||	||e||
1	0.1	1.09	117.3	113.5	2.8	0.5
2	0.2	1.11	112.0	107.8	4.7	0.5
3	0.3	0.44	91.8	84.7	22.4	0.4
4	0.4	0.39	91.5	84.5	22.4	0.4
5	0.4	0.08	90.2	85.2	21.4	0.2
Gradient optimization: MAXIMUMITERATION


Iteration 2:

sh3_hi_sampled_seqs_cluster0_iter2:

OpenMP: Using 6 of 6 threads
Alphabet length:21
1088 valid sequences out of 1088 
41 sites, none trimmed because no target specified
Effective number of samples: 1.0	(20% identical neighborhood = 1.000 samples)
iter	time	cond	fx	-loglk	||h||	||e||
1	0.1	1.09	113.2	109.4	2.7	0.5
2	0.2	1.05	108.0	103.8	4.6	0.5
3	0.3	0.43	89.4	82.4	23.7	0.3
4	0.3	0.38	89.1	81.9	23.7	0.3
5	0.4	0.08	87.2	82.3	21.4	0.1
Gradient optimization: MAXIMUMITERATION


sh3_hi_sampled_seqs_cluster1_iter2:

OpenMP: Using 6 of 6 threads
Alphabet length:21
912 valid sequences out of 912 
41 sites, none trimmed because no target specified
Effective number of samples: 1.1	(20% identical neighborhood = 1.000 samples)
iter	time	cond	fx	-loglk	||h||	||e||
1	0.1	1.09	117.7	113.9	2.8	0.5
2	0.2	1.10	112.3	108.1	4.7	0.5
3	0.3	0.44	92.2	85.1	22.5	0.4
4	0.3	0.39	91.9	84.8	22.5	0.4
5	0.4	0.08	90.6	85.5	21.4	0.2
Gradient optimization: MAXIMUMITERATION


Iteration 3:

sh3_hi_sampled_seqs_cluster0_iter3:

OpenMP: Using 6 of 6 threads
Alphabet length:21
1083 valid sequences out of 1083 
41 sites, none trimmed because no target specified
Effective number of samples: 1.0	(20% identical neighborhood = 1.000 samples)
iter	time	cond	fx	-loglk	||h||	||e||
1	0.1	1.09	113.1	109.3	2.7	0.5
2	0.2	1.05	107.9	103.7	4.6	0.5
3	0.3	0.43	89.3	82.3	23.7	0.3
4	0.4	0.38	89.0	81.8	23.6	0.3
5	0.4	0.08	87.1	82.2	21.4	0.1
Gradient optimization: MAXIMUMITERATION


sh3_hi_sampled_seqs_cluster1_iter3:

OpenMP: Using 6 of 6 threads
Alphabet length:21
917 valid sequences out of 917 
41 sites, none trimmed because no target specified
Effective number of samples: 1.1	(20% identical neighborhood = 1.000 samples)
iter	time	cond	fx	-loglk	||h||	||e||
1	0.1	1.09	117.8	114.1	2.8	0.5
2	0.2	1.10	112.5	108.3	4.7	0.5
3	0.3	0.44	92.3	85.3	22.5	0.4
4	0.4	0.39	92.0	85.0	22.5	0.4
5	0.4	0.08	90.7	85.7	21.4	0.2
Gradient optimization: MAXIMUMITERATION


Iteration 4:

sh3_hi_sampled_seqs_cluster0_iter4:

OpenMP: Using 6 of 6 threads
Alphabet length:21
1080 valid sequences out of 1080 
41 sites, none trimmed because no target specified
Effective number of samples: 1.0	(20% identical neighborhood = 1.000 samples)
iter	time	cond	fx	-loglk	||h||	||e||
1	0.1	1.09	113.1	109.3	2.7	0.5
2	0.2	1.05	107.9	103.7	4.6	0.5
3	0.3	0.43	89.3	82.3	23.7	0.3
4	0.3	0.38	89.0	81.8	23.6	0.3
5	0.4	0.08	87.1	82.2	21.4	0.1
Gradient optimization: MAXIMUMITERATION


sh3_hi_sampled_seqs_cluster1_iter4:

OpenMP: Using 6 of 6 threads
Alphabet length:21
920 valid sequences out of 920 
41 sites, none trimmed because no target specified
Effective number of samples: 1.1	(20% identical neighborhood = 1.000 samples)
iter	time	cond	fx	-loglk	||h||	||e||
1	0.1	1.09	117.8	114.1	2.8	0.5
2	0.3	1.10	112.5	108.3	4.7	0.5
3	0.3	0.44	92.3	85.3	22.5	0.4
4	0.4	0.39	92.0	85.0	22.5	0.4
5	0.4	0.08	90.7	85.7	21.4	0.2
Gradient optimization: MAXIMUMITERATION


Iteration 5:
TERMINATING: Repeated cluster assignments
