{'msa-file-name': 'sh3_hi_sampled_seqs.fa', 'em_maxiter': 30, 'em_numclusters': 2, 'em_device': None, 'em_init': 'kmeans', 'em_no_iter_print': 0, 'plmc': '../../plmc/bin/plmc', 'output': 'tuning/outputs/tuning_run_2', 'fast': 0, 'scale': None, 'theta': '0.8', 'lambdah': '0.01', 'lambdae': '16.0', 'lambdag': None, 'gapignore': 1, 'maxiter': '2', 'ncores': 6, 'gapignore_tune': '1', 'fast_tune': '0', 'em_iter_print': 1, 'iterations_dir': 'tuning/outputs/tuning_run_2/iterations/', 'final_dir': 'tuning/outputs/tuning_run_2/output/', 'output_dir': 'tuning/outputs/tuning_run_2/', 'plmc_options': ['-t 0.8', '-lh 0.01', '-le 16.0', '-m 2', '-n 6', '-g'], 'device': device(type='cpu')}

Using cpu


Iteration 0:

sh3_hi_sampled_seqs_cluster0_iter0:

OpenMP: Using 6 of 6 threads
Alphabet length:21
1142 valid sequences out of 1142 
41 sites, none trimmed because no target specified
Effective number of samples: 1.0	(20% identical neighborhood = 1.000 samples)
iter	time	cond	fx	-loglk	||h||	||e||
1	0.2	1.09	113.9	110.2	2.7	0.5
2	0.3	1.05	108.7	104.5	4.6	0.5
Gradient optimization: MAXIMUMITERATION


sh3_hi_sampled_seqs_cluster1_iter0:

OpenMP: Using 6 of 6 threads
Alphabet length:21
858 valid sequences out of 858 
41 sites, none trimmed because no target specified
Effective number of samples: 1.1	(20% identical neighborhood = 1.000 samples)
iter	time	cond	fx	-loglk	||h||	||e||
1	0.1	1.09	116.7	112.9	2.8	0.5
2	0.2	1.11	111.4	107.1	4.7	0.5
Gradient optimization: MAXIMUMITERATION


Iteration 1:

sh3_hi_sampled_seqs_cluster0_iter1:

OpenMP: Using 6 of 6 threads
Alphabet length:21
1136 valid sequences out of 1136 
41 sites, none trimmed because no target specified
Effective number of samples: 1.0	(20% identical neighborhood = 1.000 samples)
iter	time	cond	fx	-loglk	||h||	||e||
1	0.1	1.09	113.9	110.1	2.7	0.5
2	0.2	1.05	108.7	104.5	4.6	0.5
Gradient optimization: MAXIMUMITERATION


sh3_hi_sampled_seqs_cluster1_iter1:

OpenMP: Using 6 of 6 threads
Alphabet length:21
864 valid sequences out of 864 
41 sites, none trimmed because no target specified
Effective number of samples: 1.1	(20% identical neighborhood = 1.000 samples)
iter	time	cond	fx	-loglk	||h||	||e||
1	0.1	1.08	116.8	113.0	2.8	0.5
2	0.2	1.11	111.5	107.2	4.7	0.5
Gradient optimization: MAXIMUMITERATION


Iteration 2:

sh3_hi_sampled_seqs_cluster0_iter2:

OpenMP: Using 6 of 6 threads
Alphabet length:21
1131 valid sequences out of 1131 
41 sites, none trimmed because no target specified
Effective number of samples: 1.0	(20% identical neighborhood = 1.000 samples)
iter	time	cond	fx	-loglk	||h||	||e||
1	0.2	1.09	113.8	110.1	2.7	0.5
2	0.3	1.05	108.6	104.4	4.6	0.5
Gradient optimization: MAXIMUMITERATION


sh3_hi_sampled_seqs_cluster1_iter2:

OpenMP: Using 6 of 6 threads
Alphabet length:21
869 valid sequences out of 869 
41 sites, none trimmed because no target specified
Effective number of samples: 1.1	(20% identical neighborhood = 1.000 samples)
iter	time	cond	fx	-loglk	||h||	||e||
1	0.1	1.08	116.8	113.1	2.8	0.5
2	0.2	1.11	111.5	107.3	4.7	0.5
Gradient optimization: MAXIMUMITERATION


Iteration 3:

sh3_hi_sampled_seqs_cluster0_iter3:

OpenMP: Using 6 of 6 threads
Alphabet length:21
1129 valid sequences out of 1129 
41 sites, none trimmed because no target specified
Effective number of samples: 1.0	(20% identical neighborhood = 1.000 samples)
iter	time	cond	fx	-loglk	||h||	||e||
1	0.1	1.09	113.8	110.1	2.7	0.5
2	0.2	1.05	108.6	104.4	4.6	0.5
Gradient optimization: MAXIMUMITERATION


sh3_hi_sampled_seqs_cluster1_iter3:

OpenMP: Using 6 of 6 threads
Alphabet length:21
871 valid sequences out of 871 
41 sites, none trimmed because no target specified
Effective number of samples: 1.1	(20% identical neighborhood = 1.000 samples)
iter	time	cond	fx	-loglk	||h||	||e||
1	0.1	1.08	116.9	113.1	2.8	0.5
2	0.2	1.11	111.6	107.3	4.7	0.5
Gradient optimization: MAXIMUMITERATION


Iteration 4:

sh3_hi_sampled_seqs_cluster0_iter4:

OpenMP: Using 6 of 6 threads
Alphabet length:21
1128 valid sequences out of 1128 
41 sites, none trimmed because no target specified
Effective number of samples: 1.0	(20% identical neighborhood = 1.000 samples)
iter	time	cond	fx	-loglk	||h||	||e||
1	0.1	1.09	113.8	110.1	2.7	0.5
2	0.2	1.05	108.6	104.4	4.6	0.5
Gradient optimization: MAXIMUMITERATION


sh3_hi_sampled_seqs_cluster1_iter4:

OpenMP: Using 6 of 6 threads
Alphabet length:21
872 valid sequences out of 872 
41 sites, none trimmed because no target specified
Effective number of samples: 1.1	(20% identical neighborhood = 1.000 samples)
iter	time	cond	fx	-loglk	||h||	||e||
1	0.1	1.08	116.9	113.1	2.8	0.5
2	0.2	1.11	111.6	107.3	4.7	0.5
Gradient optimization: MAXIMUMITERATION


Iteration 5:

sh3_hi_sampled_seqs_cluster0_iter5:

OpenMP: Using 6 of 6 threads
Alphabet length:21
1128 valid sequences out of 1128 
41 sites, none trimmed because no target specified
Effective number of samples: 1.0	(20% identical neighborhood = 1.000 samples)
iter	time	cond	fx	-loglk	||h||	||e||
1	0.1	1.09	113.8	110.1	2.7	0.5
2	0.3	1.05	108.6	104.4	4.7	0.5
Gradient optimization: MAXIMUMITERATION


sh3_hi_sampled_seqs_cluster1_iter5:

OpenMP: Using 6 of 6 threads
Alphabet length:21
872 valid sequences out of 872 
41 sites, none trimmed because no target specified
Effective number of samples: 1.1	(20% identical neighborhood = 1.000 samples)
iter	time	cond	fx	-loglk	||h||	||e||
1	0.1	1.08	116.8	113.1	2.8	0.5
2	0.2	1.11	111.5	107.3	4.7	0.5
Gradient optimization: MAXIMUMITERATION


Iteration 6:
TERMINATING: Repeated cluster assignments
