tuning/outputs/tuning_run_22/ created
tuning/outputs/tuning_run_22/iterations/ created
tuning/outputs/tuning_run_22/output/ created
{'msa-file-name': 'sh3_hi_sampled_seqs.fa', 'em_maxiter': 30, 'em_numclusters': 2, 'em_device': None, 'em_init': 'kmeans', 'em_no_iter_print': 0, 'plmc': '../../plmc/bin/plmc', 'output': 'tuning/outputs/tuning_run_22', 'fast': 0, 'scale': None, 'theta': '2', 'lambdah': '0.01', 'lambdae': '16.0', 'lambdag': None, 'gapignore': 1, 'maxiter': '5', 'ncores': 6, 'gapignore_tune': '1', 'fast_tune': '0', 'em_iter_print': 1, 'iterations_dir': 'tuning/outputs/tuning_run_22/iterations/', 'final_dir': 'tuning/outputs/tuning_run_22/output/', 'output_dir': 'tuning/outputs/tuning_run_22/', 'plmc_options': ['-t 2', '-lh 0.01', '-le 16.0', '-m 5', '-n 6', '-g'], 'device': device(type='cpu')}

Using cpu


Iteration 0:

sh3_hi_sampled_seqs_cluster0_iter0:

OpenMP: Using 6 of 6 threads
Alphabet length:21
859 valid sequences out of 859 
41 sites, none trimmed because no target specified
Theta not between 0 and 1, no sequence reweighting applied (N = 859.00)
iter	time	cond	fx	-loglk	||h||	||e||
1	0.1	35.36	59839.1	59804.0	43.8	1.0
2	0.2	38.24	54001.6	52898.0	43.9	8.2
3	0.2	69.62	53978.2	50243.0	43.9	15.2
4	0.3	31.63	51225.6	47687.1	43.9	14.8
5	0.3	26.94	50545.3	47115.0	43.9	14.6
Gradient optimization: MAXIMUMITERATION


sh3_hi_sampled_seqs_cluster1_iter0:

OpenMP: Using 6 of 6 threads
Alphabet length:21
1141 valid sequences out of 1141 
41 sites, none trimmed because no target specified
Theta not between 0 and 1, no sequence reweighting applied (N = 1141.00)
iter	time	cond	fx	-loglk	||h||	||e||
1	0.2	34.94	81289.8	81254.2	44.3	1.0
2	0.2	49.51	74599.4	73379.6	44.5	8.7
3	0.3	59.34	72618.8	70023.5	44.5	12.7
4	0.4	23.91	70811.2	66209.6	44.5	16.9
5	0.4	18.86	70216.1	64897.9	44.5	18.2
Gradient optimization: MAXIMUMITERATION


Iteration 1:

sh3_hi_sampled_seqs_cluster0_iter1:

OpenMP: Using 6 of 6 threads
Alphabet length:21
860 valid sequences out of 860 
41 sites, none trimmed because no target specified
Theta not between 0 and 1, no sequence reweighting applied (N = 860.00)
iter	time	cond	fx	-loglk	||h||	||e||
1	0.1	35.40	59902.0	59866.8	43.8	1.0
2	0.2	38.37	54052.5	52945.0	43.9	8.2
3	0.2	69.57	54023.0	50289.6	43.9	15.2
4	0.2	31.64	51279.2	47742.7	43.9	14.8
5	0.3	26.90	50598.6	47170.1	43.9	14.6
Gradient optimization: MAXIMUMITERATION


sh3_hi_sampled_seqs_cluster1_iter1:

OpenMP: Using 6 of 6 threads
Alphabet length:21
1140 valid sequences out of 1140 
41 sites, none trimmed because no target specified
Theta not between 0 and 1, no sequence reweighting applied (N = 1140.00)
iter	time	cond	fx	-loglk	||h||	||e||
1	0.1	34.94	81222.3	81186.7	44.3	1.0
2	0.1	49.52	74539.5	73322.2	44.4	8.7
3	0.2	59.35	72553.4	69957.2	44.5	12.7
4	0.3	23.88	70743.0	66137.3	44.5	16.9
5	0.3	18.83	70148.6	64828.3	44.5	18.2
Gradient optimization: MAXIMUMITERATION


Iteration 2:
TERMINATING: Repeated cluster assignments
