tuning/outputs/tuning_run_42/ created
tuning/outputs/tuning_run_42/iterations/ created
tuning/outputs/tuning_run_42/output/ created
{'msa-file-name': 'sh3_hi_sampled_seqs.fa', 'em_maxiter': 30, 'em_numclusters': 2, 'em_device': None, 'em_init': 'kmeans', 'em_no_iter_print': 0, 'plmc': '../../plmc/bin/plmc', 'output': 'tuning/outputs/tuning_run_42', 'fast': 0, 'scale': None, 'theta': '0.8', 'lambdah': '0.01', 'lambdae': '16.0', 'lambdag': None, 'gapignore': 0, 'maxiter': '10', 'ncores': 6, 'gapignore_tune': '0', 'fast_tune': '0', 'em_iter_print': 1, 'iterations_dir': 'tuning/outputs/tuning_run_42/iterations/', 'final_dir': 'tuning/outputs/tuning_run_42/output/', 'output_dir': 'tuning/outputs/tuning_run_42/', 'plmc_options': ['-t 0.8', '-lh 0.01', '-le 16.0', '-m 10', '-n 6'], 'device': device(type='cpu')}

Using cpu


Iteration 0:

sh3_hi_sampled_seqs_cluster0_iter0:

OpenMP: Using 6 of 6 threads
Alphabet length:21
1146 valid sequences out of 1146 
41 sites, none trimmed because no target specified
Effective number of samples: 1.0	(20% identical neighborhood = 1.000 samples)
iter	time	cond	fx	-loglk	||h||	||e||
1	0.2	1.10	115.9	112.1	2.8	0.5
2	0.3	1.03	110.6	106.3	4.7	0.5
3	0.4	0.42	92.0	84.4	25.1	0.3
4	0.5	0.37	91.5	83.7	24.9	0.3
5	0.5	0.08	89.2	84.0	22.1	0.1
6	0.6	0.05	88.9	84.6	20.2	0.1
7	0.7	0.06	88.8	84.5	20.3	0.1
8	0.8	0.15	88.4	83.7	20.8	0.2
9	0.8	0.25	87.4	81.8	21.9	0.2
10	0.8	0.20	86.3	79.9	23.8	0.2
Gradient optimization: MAXIMUMITERATION


sh3_hi_sampled_seqs_cluster1_iter0:

OpenMP: Using 6 of 6 threads
Alphabet length:21
854 valid sequences out of 854 
41 sites, none trimmed because no target specified
Effective number of samples: 1.1	(20% identical neighborhood = 1.000 samples)
iter	time	cond	fx	-loglk	||h||	||e||
1	0.1	1.09	118.5	114.6	2.8	0.5
2	0.2	1.09	113.1	108.7	4.8	0.5
3	0.3	0.43	92.3	84.7	23.4	0.4
4	0.4	0.39	92.0	84.4	23.4	0.4
5	0.4	0.08	90.5	85.2	22.0	0.2
6	0.5	0.05	90.3	85.6	21.1	0.1
7	0.6	0.07	90.0	85.7	20.4	0.1
8	0.6	0.26	89.3	85.0	20.0	0.1
9	0.6	0.16	88.0	83.5	21.0	0.1
10	0.7	0.05	87.2	81.5	23.4	0.1
Gradient optimization: MAXIMUMITERATION


Iteration 1:

sh3_hi_sampled_seqs_cluster0_iter1:

OpenMP: Using 6 of 6 threads
Alphabet length:21
1110 valid sequences out of 1110 
41 sites, none trimmed because no target specified
Effective number of samples: 1.0	(20% identical neighborhood = 1.000 samples)
iter	time	cond	fx	-loglk	||h||	||e||
1	0.3	1.09	115.3	111.5	2.8	0.5
2	0.6	1.03	109.9	105.7	4.7	0.5
3	0.7	0.42	91.1	83.5	24.9	0.3
4	0.8	0.37	90.7	82.9	24.8	0.3
5	0.8	0.08	88.4	83.2	22.1	0.1
6	0.9	0.05	88.2	83.9	20.3	0.1
7	1.0	0.05	88.1	83.7	20.4	0.1
8	1.0	0.16	87.6	82.7	20.9	0.2
9	1.1	0.25	86.5	80.9	22.0	0.2
10	1.1	0.18	85.5	79.0	24.0	0.2
Gradient optimization: MAXIMUMITERATION


sh3_hi_sampled_seqs_cluster1_iter1:

OpenMP: Using 6 of 6 threads
Alphabet length:21
890 valid sequences out of 890 
41 sites, none trimmed because no target specified
Effective number of samples: 1.1	(20% identical neighborhood = 1.000 samples)
iter	time	cond	fx	-loglk	||h||	||e||
1	0.1	1.09	119.6	115.7	2.8	0.5
2	0.3	1.09	114.1	109.8	4.8	0.5
3	0.4	0.43	93.3	85.8	23.6	0.4
4	0.5	0.38	93.0	85.4	23.6	0.4
5	0.5	0.07	91.5	86.2	22.1	0.2
6	0.5	0.05	91.4	86.6	21.2	0.1
7	0.7	0.07	91.0	86.7	20.4	0.1
8	0.7	0.36	90.5	85.9	19.9	0.2
9	0.8	0.14	89.1	84.6	20.9	0.1
10	0.8	0.06	88.3	82.6	23.3	0.1
Gradient optimization: MAXIMUMITERATION


Iteration 2:

sh3_hi_sampled_seqs_cluster0_iter2:

OpenMP: Using 6 of 6 threads
Alphabet length:21
1105 valid sequences out of 1105 
41 sites, none trimmed because no target specified
Effective number of samples: 1.0	(20% identical neighborhood = 1.000 samples)
iter	time	cond	fx	-loglk	||h||	||e||
1	0.3	1.09	115.3	111.5	2.8	0.5
2	0.4	1.03	109.9	105.7	4.7	0.5
3	0.5	0.42	91.1	83.5	24.9	0.3
4	0.6	0.37	90.7	82.9	24.8	0.3
5	0.6	0.08	88.4	83.2	22.1	0.1
6	0.7	0.05	88.2	83.8	20.4	0.1
7	0.8	0.05	88.1	83.7	20.4	0.1
8	0.8	0.16	87.5	82.7	20.9	0.2
9	0.9	0.25	86.5	80.8	22.0	0.2
10	0.9	0.17	85.4	79.0	24.1	0.2
Gradient optimization: MAXIMUMITERATION


sh3_hi_sampled_seqs_cluster1_iter2:

OpenMP: Using 6 of 6 threads
Alphabet length:21
895 valid sequences out of 895 
41 sites, none trimmed because no target specified
Effective number of samples: 1.1	(20% identical neighborhood = 1.000 samples)
iter	time	cond	fx	-loglk	||h||	||e||
1	0.2	1.09	119.6	115.8	2.8	0.5
2	0.3	1.09	114.2	109.9	4.8	0.5
3	0.4	0.42	93.4	85.8	23.6	0.4
4	0.5	0.38	93.1	85.5	23.6	0.4
5	0.5	0.07	91.6	86.2	22.1	0.2
6	0.6	0.05	91.5	86.7	21.2	0.1
7	0.7	0.07	91.1	86.7	20.4	0.1
8	0.7	0.37	90.6	86.0	19.9	0.2
9	0.8	0.14	89.2	84.7	20.9	0.1
10	0.8	0.07	88.3	82.7	23.2	0.1
Gradient optimization: MAXIMUMITERATION


Iteration 3:

sh3_hi_sampled_seqs_cluster0_iter3:

OpenMP: Using 6 of 6 threads
Alphabet length:21
1106 valid sequences out of 1106 
41 sites, none trimmed because no target specified
Effective number of samples: 1.0	(20% identical neighborhood = 1.000 samples)
iter	time	cond	fx	-loglk	||h||	||e||
1	0.1	1.09	115.3	111.5	2.8	0.5
2	0.3	1.03	110.0	105.7	4.7	0.5
3	0.4	0.42	91.1	83.5	24.9	0.3
4	0.5	0.37	90.7	82.9	24.8	0.3
5	0.5	0.08	88.4	83.2	22.1	0.1
6	0.6	0.05	88.2	83.8	20.4	0.1
7	0.7	0.05	88.1	83.7	20.4	0.1
8	0.7	0.16	87.5	82.7	20.9	0.2
9	0.8	0.25	86.5	80.8	22.0	0.2
10	0.9	0.17	85.4	79.0	24.0	0.2
Gradient optimization: MAXIMUMITERATION


sh3_hi_sampled_seqs_cluster1_iter3:

OpenMP: Using 6 of 6 threads
Alphabet length:21
894 valid sequences out of 894 
41 sites, none trimmed because no target specified
Effective number of samples: 1.1	(20% identical neighborhood = 1.000 samples)
iter	time	cond	fx	-loglk	||h||	||e||
1	0.2	1.09	119.7	115.9	2.8	0.5
2	0.3	1.09	114.3	109.9	4.8	0.5
3	0.4	0.43	93.4	85.9	23.5	0.4
4	0.5	0.38	93.1	85.6	23.6	0.4
5	0.5	0.07	91.7	86.3	22.0	0.2
6	0.6	0.05	91.5	86.8	21.2	0.1
7	0.7	0.07	91.2	86.8	20.4	0.1
8	0.7	0.35	90.6	86.1	19.9	0.2
9	0.8	0.14	89.3	84.8	20.9	0.1
10	0.8	0.06	88.4	82.8	23.3	0.1
Gradient optimization: MAXIMUMITERATION


Iteration 4:

sh3_hi_sampled_seqs_cluster0_iter4:

OpenMP: Using 6 of 6 threads
Alphabet length:21
1104 valid sequences out of 1104 
41 sites, none trimmed because no target specified
Effective number of samples: 1.0	(20% identical neighborhood = 1.000 samples)
iter	time	cond	fx	-loglk	||h||	||e||
1	0.2	1.09	115.3	111.5	2.8	0.5
2	0.3	1.03	109.9	105.7	4.7	0.5
3	0.4	0.42	91.1	83.5	24.9	0.3
4	0.5	0.37	90.6	82.9	24.8	0.3
5	0.5	0.08	88.4	83.2	22.1	0.1
6	0.6	0.05	88.2	83.8	20.4	0.1
7	0.7	0.05	88.1	83.7	20.4	0.1
8	0.8	0.16	87.5	82.7	20.9	0.2
9	0.8	0.25	86.5	80.8	22.0	0.2
10	0.9	0.17	85.4	79.0	24.1	0.2
Gradient optimization: MAXIMUMITERATION


sh3_hi_sampled_seqs_cluster1_iter4:

OpenMP: Using 6 of 6 threads
Alphabet length:21
896 valid sequences out of 896 
41 sites, none trimmed because no target specified
Effective number of samples: 1.1	(20% identical neighborhood = 1.000 samples)
iter	time	cond	fx	-loglk	||h||	||e||
1	0.2	1.09	119.8	115.9	2.8	0.5
2	0.3	1.09	114.3	110.0	4.8	0.5
3	0.4	0.42	93.5	85.9	23.5	0.4
4	0.5	0.38	93.2	85.6	23.5	0.4
5	0.5	0.07	91.7	86.4	22.1	0.2
6	0.6	0.05	91.6	86.8	21.2	0.1
7	0.6	0.07	91.2	86.9	20.4	0.1
8	0.7	0.35	90.6	86.1	19.9	0.2
9	0.8	0.14	89.3	84.8	20.9	0.1
10	0.8	0.06	88.4	82.8	23.3	0.1
Gradient optimization: MAXIMUMITERATION


Iteration 5:

sh3_hi_sampled_seqs_cluster0_iter5:

OpenMP: Using 6 of 6 threads
Alphabet length:21
1103 valid sequences out of 1103 
41 sites, none trimmed because no target specified
Effective number of samples: 1.0	(20% identical neighborhood = 1.000 samples)
iter	time	cond	fx	-loglk	||h||	||e||
1	0.2	1.09	115.3	111.4	2.8	0.5
2	0.3	1.03	109.9	105.7	4.7	0.5
3	0.4	0.42	91.0	83.5	24.9	0.3
4	0.5	0.37	90.6	82.9	24.8	0.3
5	0.6	0.08	88.4	83.2	22.1	0.1
6	0.6	0.05	88.2	83.8	20.4	0.1
7	0.7	0.05	88.1	83.6	20.4	0.1
8	0.7	0.16	87.5	82.6	20.9	0.2
9	0.8	0.25	86.4	80.8	22.0	0.2
10	0.9	0.17	85.4	79.0	24.1	0.2
Gradient optimization: MAXIMUMITERATION


sh3_hi_sampled_seqs_cluster1_iter5:

OpenMP: Using 6 of 6 threads
Alphabet length:21
897 valid sequences out of 897 
41 sites, none trimmed because no target specified
Effective number of samples: 1.1	(20% identical neighborhood = 1.000 samples)
iter	time	cond	fx	-loglk	||h||	||e||
1	0.1	1.09	119.8	115.9	2.8	0.5
2	0.3	1.09	114.3	110.0	4.8	0.5
3	0.4	0.42	93.5	86.0	23.6	0.4
4	0.5	0.38	93.2	85.6	23.6	0.4
5	0.6	0.07	91.7	86.4	22.1	0.2
6	0.6	0.05	91.6	86.8	21.2	0.1
7	0.8	0.07	91.2	86.9	20.4	0.1
8	0.9	0.36	90.7	86.1	19.9	0.2
9	0.9	0.14	89.3	84.8	20.9	0.1
10	1.0	0.07	88.5	82.8	23.3	0.1
Gradient optimization: MAXIMUMITERATION


Iteration 6:
TERMINATING: Repeated cluster assignments
