tuning/outputs/tuning_run_61/ created
tuning/outputs/tuning_run_61/iterations/ created
tuning/outputs/tuning_run_61/output/ created
{'msa-file-name': 'sh3_hi_sampled_seqs.fa', 'em_maxiter': 30, 'em_numclusters': 2, 'em_device': None, 'em_init': 'random', 'em_no_iter_print': 0, 'plmc': '../../plmc/bin/plmc', 'output': 'tuning/outputs/tuning_run_61', 'fast': 1, 'scale': None, 'theta': '2', 'lambdah': '0.01', 'lambdae': '16.0', 'lambdag': None, 'gapignore': 0, 'maxiter': '20', 'ncores': 6, 'gapignore_tune': '0', 'fast_tune': '1', 'em_iter_print': 1, 'iterations_dir': 'tuning/outputs/tuning_run_61/iterations/', 'final_dir': 'tuning/outputs/tuning_run_61/output/', 'output_dir': 'tuning/outputs/tuning_run_61/', 'plmc_options': ['-t 2', '-lh 0.01', '-le 16.0', '-m 20', '-n 6', '--fast'], 'device': device(type='cpu')}

Using cpu


Iteration 0:

sh3_hi_sampled_seqs_cluster0_iter0:

OpenMP: Using 6 of 6 threads
Alphabet length:21
1000 valid sequences out of 1000 
41 sites, none trimmed because no target specified
Theta not between 0 and 1, no sequence reweighting applied (N = 1000.00)
iter	time	obj	|x|	|g|	crit
1	0.1	74185.3	0.0	0.1	0.1
2	0.2	71780.7	0.0	0.2	0.2
3	0.3	69620.7	0.0	0.3	0.3
4	0.4	67664.0	0.0	0.3	0.3
5	0.4	66227.8	0.0	0.3	0.3
6	0.5	65002.1	0.0	0.3	0.3
7	0.6	63921.3	0.0	0.3	0.3
8	0.7	62879.0	0.0	0.3	0.3
9	0.8	62326.5	0.0	0.3	0.3
10	0.8	61535.5	0.0	0.3	0.3
11	0.9	61423.7	0.0	0.3	0.3
12	1.0	60910.8	0.0	0.3	0.3
13	1.1	60422.7	0.0	0.3	0.3
14	1.1	60136.6	0.0	0.3	0.3
15	1.2	59884.2	0.0	0.3	0.3
16	1.3	59788.9	0.0	0.3	0.3
17	1.4	59512.7	0.0	0.2	0.2
18	1.4	59330.1	0.0	0.2	0.2
19	1.5	59321.3	0.0	0.2	0.2
20	1.6	59276.9	0.0	0.2	0.2


sh3_hi_sampled_seqs_cluster1_iter0:

OpenMP: Using 6 of 6 threads
Alphabet length:21
1000 valid sequences out of 1000 
41 sites, none trimmed because no target specified
Theta not between 0 and 1, no sequence reweighting applied (N = 1000.00)
iter	time	obj	|x|	|g|	crit
1	0.2	73499.8	0.0	0.1	0.1
2	0.3	71566.9	0.0	0.2	0.2
3	0.3	69133.8	0.0	0.3	0.3
4	0.4	67115.9	0.0	0.3	0.3
5	0.5	65907.0	0.0	0.3	0.3
6	0.6	64824.1	0.0	0.3	0.3
7	0.7	63892.8	0.0	0.3	0.3
8	0.7	62697.0	0.0	0.3	0.3
9	0.8	62038.9	0.0	0.3	0.3
10	0.9	61346.7	0.0	0.3	0.3
11	1.0	60968.0	0.0	0.3	0.3
12	1.0	60400.7	0.0	0.3	0.3
13	1.1	60156.9	0.0	0.3	0.3
14	1.2	59979.9	0.0	0.3	0.3
15	1.3	59587.9	0.0	0.3	0.3
16	1.3	59551.1	0.0	0.3	0.3
17	1.4	59395.3	0.0	0.2	0.2
18	1.5	59313.4	0.0	0.2	0.2
19	1.6	59124.5	0.0	0.2	0.2
20	1.6	58980.7	0.0	0.2	0.2


Iteration 1:

sh3_hi_sampled_seqs_cluster0_iter1:

OpenMP: Using 6 of 6 threads
Alphabet length:21
1000 valid sequences out of 1000 
41 sites, none trimmed because no target specified
Theta not between 0 and 1, no sequence reweighting applied (N = 1000.00)
iter	time	obj	|x|	|g|	crit
1	0.1	74280.0	0.0	0.1	0.1
2	0.2	71888.5	0.0	0.2	0.2
3	0.3	69662.7	0.0	0.3	0.3
4	0.4	67599.1	0.0	0.3	0.3
5	0.4	66161.3	0.0	0.3	0.3
6	0.5	65123.0	0.0	0.3	0.3
7	0.6	64075.2	0.0	0.3	0.3
8	0.7	62855.7	0.0	0.3	0.3
9	0.7	62423.0	0.0	0.3	0.3
10	0.8	61511.1	0.0	0.3	0.3
11	0.9	61283.6	0.0	0.3	0.3
12	1.0	60759.3	0.0	0.3	0.3
13	1.0	60406.6	0.0	0.3	0.3
14	1.1	60144.5	0.0	0.3	0.3
15	1.2	59797.5	0.0	0.3	0.3
16	1.2	59850.9	0.0	0.3	0.3
17	1.3	59507.6	0.0	0.2	0.2
18	1.4	59638.6	0.0	0.2	0.2
19	1.5	59221.9	0.0	0.2	0.2
20	1.5	59154.7	0.0	0.2	0.2


sh3_hi_sampled_seqs_cluster1_iter1:

OpenMP: Using 6 of 6 threads
Alphabet length:21
1000 valid sequences out of 1000 
41 sites, none trimmed because no target specified
Theta not between 0 and 1, no sequence reweighting applied (N = 1000.00)
iter	time	obj	|x|	|g|	crit
1	0.1	73790.1	0.0	0.1	0.1
2	0.2	71246.3	0.0	0.2	0.2
3	0.2	69235.8	0.0	0.3	0.3
4	0.3	67149.0	0.0	0.3	0.3
5	0.4	65941.8	0.0	0.3	0.3
6	0.5	64860.2	0.0	0.3	0.3
7	0.5	63601.5	0.0	0.3	0.3
8	0.6	62628.0	0.0	0.3	0.3
9	0.7	62054.3	0.0	0.3	0.3
10	0.8	61232.6	0.0	0.3	0.3
11	0.8	61033.7	0.0	0.3	0.3
12	0.9	60542.7	0.0	0.3	0.3
13	1.0	60078.2	0.0	0.3	0.3
14	1.0	59721.1	0.0	0.3	0.3
15	1.1	59452.4	0.0	0.3	0.3
16	1.2	59639.0	0.0	0.3	0.3
17	1.3	59298.3	0.0	0.2	0.2
18	1.3	59280.1	0.0	0.2	0.2
19	1.4	58939.2	0.0	0.2	0.2
20	1.5	58898.1	0.0	0.2	0.2


Iteration 2:
TERMINATING: Repeated cluster assignments
