tuning/outputs/tuning_run_62/ created
tuning/outputs/tuning_run_62/iterations/ created
tuning/outputs/tuning_run_62/output/ created
{'msa-file-name': 'sh3_hi_sampled_seqs.fa', 'em_maxiter': 30, 'em_numclusters': 2, 'em_device': None, 'em_init': 'kmeans', 'em_no_iter_print': 0, 'plmc': '../../plmc/bin/plmc', 'output': 'tuning/outputs/tuning_run_62', 'fast': 0, 'scale': None, 'theta': '2', 'lambdah': '0.01', 'lambdae': '16.0', 'lambdag': None, 'gapignore': 0, 'maxiter': '20', 'ncores': 6, 'gapignore_tune': '0', 'fast_tune': '0', 'em_iter_print': 1, 'iterations_dir': 'tuning/outputs/tuning_run_62/iterations/', 'final_dir': 'tuning/outputs/tuning_run_62/output/', 'output_dir': 'tuning/outputs/tuning_run_62/', 'plmc_options': ['-t 2', '-lh 0.01', '-le 16.0', '-m 20', '-n 6'], 'device': device(type='cpu')}

Using cpu


Iteration 0:

sh3_hi_sampled_seqs_cluster0_iter0:

OpenMP: Using 6 of 6 threads
Alphabet length:21
854 valid sequences out of 854 
41 sites, none trimmed because no target specified
Theta not between 0 and 1, no sequence reweighting applied (N = 854.00)
iter	time	cond	fx	-loglk	||h||	||e||
1	0.1	33.37	59519.3	59481.8	46.4	1.0
2	0.1	34.94	53739.7	52678.5	46.5	8.1
3	0.2	35.66	52092.3	50040.6	46.5	11.3
4	0.3	22.15	50935.6	47913.7	46.5	13.7
5	0.3	19.91	49862.9	45354.9	46.5	16.7
6	0.4	29.97	49099.1	42892.4	46.5	19.7
7	0.4	17.41	48272.3	41868.9	46.5	20.0
8	0.5	15.22	47627.4	41474.6	46.5	19.6
9	0.5	11.28	47362.0	41025.5	46.5	19.9
10	0.6	10.35	47060.0	40185.0	46.6	20.7
11	0.6	9.58	46919.0	39691.0	46.6	21.2
12	0.7	7.00	46821.6	39257.5	46.6	21.7
13	0.7	5.19	46755.9	39039.0	46.6	21.9
14	0.7	4.57	46693.1	38857.5	46.6	22.1
15	0.8	8.34	46663.8	38667.9	46.6	22.3
16	0.8	3.11	46624.5	38599.6	46.6	22.4
17	0.9	2.40	46611.8	38586.1	46.7	22.4
18	0.9	2.79	46597.0	38517.1	46.7	22.4
19	1.0	5.15	46590.7	38404.8	46.7	22.6
20	1.0	1.70	46579.6	38402.4	46.7	22.6
Gradient optimization: MAXIMUMITERATION


sh3_hi_sampled_seqs_cluster1_iter0:

OpenMP: Using 6 of 6 threads
Alphabet length:21
1146 valid sequences out of 1146 
41 sites, none trimmed because no target specified
Theta not between 0 and 1, no sequence reweighting applied (N = 1146.00)
iter	time	cond	fx	-loglk	||h||	||e||
1	0.1	32.93	81726.5	81687.9	47.5	1.0
2	0.2	47.37	75295.8	74187.0	47.7	8.2
3	0.3	57.25	73118.8	70543.6	47.8	12.6
4	0.3	22.26	71203.4	66532.6	47.8	17.0
5	0.4	18.00	70634.1	65342.0	47.8	18.1
6	0.4	23.81	69833.1	63530.4	47.8	19.8
7	0.5	33.31	69166.3	62040.2	47.7	21.1
8	0.5	16.38	68429.0	60773.5	47.7	21.8
9	0.6	11.59	68056.9	60129.3	47.7	22.2
10	0.6	15.59	67884.0	59498.7	47.8	22.9
11	0.7	8.73	67738.6	59142.2	47.8	23.1
12	0.7	7.41	67622.2	58659.5	47.8	23.6
13	0.8	7.30	67528.8	58185.3	47.8	24.1
14	0.8	19.58	67505.2	57399.9	47.9	25.1
15	0.9	4.92	67380.1	57332.8	47.9	25.0
16	0.9	3.59	67355.0	57362.5	47.9	25.0
17	1.0	4.11	67322.3	57286.0	47.9	25.0
18	1.0	9.97	67308.8	57200.8	47.9	25.1
19	1.1	3.75	67278.2	57159.3	47.9	25.1
20	1.1	2.45	67264.5	57130.4	47.9	25.1
Gradient optimization: MAXIMUMITERATION


Iteration 1:
TERMINATING: Repeated cluster assignments
