tuning/outputs/tuning_run_54/ created
tuning/outputs/tuning_run_54/iterations/ created
tuning/outputs/tuning_run_54/output/ created
{'msa-file-name': 'sh3_hi_sampled_seqs.fa', 'em_maxiter': 30, 'em_numclusters': 2, 'em_device': None, 'em_init': 'kmeans', 'em_no_iter_print': 0, 'plmc': '../../plmc/bin/plmc', 'output': 'tuning/outputs/tuning_run_54', 'fast': 0, 'scale': None, 'theta': '2', 'lambdah': '0.01', 'lambdae': '16.0', 'lambdag': None, 'gapignore': 0, 'maxiter': '5', 'ncores': 6, 'gapignore_tune': '0', 'fast_tune': '0', 'em_iter_print': 1, 'iterations_dir': 'tuning/outputs/tuning_run_54/iterations/', 'final_dir': 'tuning/outputs/tuning_run_54/output/', 'output_dir': 'tuning/outputs/tuning_run_54/', 'plmc_options': ['-t 2', '-lh 0.01', '-le 16.0', '-m 5', '-n 6'], 'device': device(type='cpu')}

Using cpu


Iteration 0:

sh3_hi_sampled_seqs_cluster0_iter0:

OpenMP: Using 6 of 6 threads
Alphabet length:21
1144 valid sequences out of 1144 
41 sites, none trimmed because no target specified
Theta not between 0 and 1, no sequence reweighting applied (N = 1144.00)
iter	time	cond	fx	-loglk	||h||	||e||
1	0.1	32.92	81571.9	81533.4	47.5	1.0
2	0.2	47.41	75157.3	74052.6	47.7	8.2
3	0.3	57.15	72962.0	70377.3	47.7	12.7
4	0.3	22.15	71044.4	66352.0	47.8	17.1
5	0.3	17.91	70479.4	65177.0	47.8	18.2
Gradient optimization: MAXIMUMITERATION


sh3_hi_sampled_seqs_cluster1_iter0:

OpenMP: Using 6 of 6 threads
Alphabet length:21
856 valid sequences out of 856 
41 sites, none trimmed because no target specified
Theta not between 0 and 1, no sequence reweighting applied (N = 856.00)
iter	time	cond	fx	-loglk	||h||	||e||
1	0.1	33.40	59668.8	59631.3	46.4	1.0
2	0.2	35.36	53892.6	52828.7	46.5	8.1
3	0.2	66.56	53880.4	50164.9	46.6	15.2
4	0.2	30.01	51068.1	47534.4	46.6	14.8
5	0.3	25.08	50378.9	46945.8	46.6	14.6
Gradient optimization: MAXIMUMITERATION


Iteration 1:

sh3_hi_sampled_seqs_cluster0_iter1:

OpenMP: Using 6 of 6 threads
Alphabet length:21
1143 valid sequences out of 1143 
41 sites, none trimmed because no target specified
Theta not between 0 and 1, no sequence reweighting applied (N = 1143.00)
iter	time	cond	fx	-loglk	||h||	||e||
1	0.1	32.92	81504.6	81466.0	47.5	1.0
2	0.2	47.41	75097.2	73994.7	47.7	8.2
3	0.3	57.15	72895.9	70309.5	47.7	12.7
4	0.3	22.11	70975.8	66278.5	47.8	17.1
5	0.4	17.88	70411.7	65106.8	47.8	18.2
Gradient optimization: MAXIMUMITERATION


sh3_hi_sampled_seqs_cluster1_iter1:

OpenMP: Using 6 of 6 threads
Alphabet length:21
857 valid sequences out of 857 
41 sites, none trimmed because no target specified
Theta not between 0 and 1, no sequence reweighting applied (N = 857.00)
iter	time	cond	fx	-loglk	||h||	||e||
1	0.1	33.43	59731.7	59694.2	46.4	1.0
2	0.2	35.47	53943.0	52875.3	46.6	8.1
3	0.2	66.53	53926.7	50212.2	46.6	15.2
4	0.2	30.03	51121.5	47589.4	46.6	14.8
5	0.3	25.06	50432.3	47000.6	46.6	14.6
Gradient optimization: MAXIMUMITERATION


Iteration 2:
TERMINATING: Repeated cluster assignments
