tuning/outputs/tuning_run_46/ created
tuning/outputs/tuning_run_46/iterations/ created
tuning/outputs/tuning_run_46/output/ created
{'msa-file-name': 'sh3_hi_sampled_seqs.fa', 'em_maxiter': 30, 'em_numclusters': 2, 'em_device': None, 'em_init': 'kmeans', 'em_no_iter_print': 0, 'plmc': '../../plmc/bin/plmc', 'output': 'tuning/outputs/tuning_run_46', 'fast': 0, 'scale': None, 'theta': '0.8', 'lambdah': '0.01', 'lambdae': '16.0', 'lambdag': None, 'gapignore': 0, 'maxiter': '20', 'ncores': 6, 'gapignore_tune': '0', 'fast_tune': '0', 'em_iter_print': 1, 'iterations_dir': 'tuning/outputs/tuning_run_46/iterations/', 'final_dir': 'tuning/outputs/tuning_run_46/output/', 'output_dir': 'tuning/outputs/tuning_run_46/', 'plmc_options': ['-t 0.8', '-lh 0.01', '-le 16.0', '-m 20', '-n 6'], 'device': device(type='cpu')}

Using cpu


Iteration 0:

sh3_hi_sampled_seqs_cluster0_iter0:

OpenMP: Using 6 of 6 threads
Alphabet length:21
1139 valid sequences out of 1139 
41 sites, none trimmed because no target specified
Effective number of samples: 1.0	(20% identical neighborhood = 1.000 samples)
iter	time	cond	fx	-loglk	||h||	||e||
1	0.2	1.10	115.8	112.0	2.8	0.5
2	0.3	1.03	110.5	106.2	4.7	0.5
3	0.3	0.42	91.8	84.2	25.0	0.3
4	0.4	0.37	91.4	83.6	24.9	0.3
5	0.5	0.08	89.1	83.8	22.1	0.1
6	0.6	0.05	88.8	84.5	20.2	0.1
7	0.6	0.06	88.7	84.3	20.4	0.1
8	0.7	0.15	88.3	83.5	20.8	0.2
9	0.7	0.25	87.3	81.7	22.0	0.2
10	0.8	0.19	86.1	79.8	23.8	0.2
11	0.9	0.18	86.0	79.7	24.0	0.2
12	0.9	0.06	85.7	79.7	24.1	0.1
13	1.0	0.02	85.7	79.9	23.7	0.1
14	1.0	0.02	85.7	79.9	23.6	0.1
15	1.1	0.03	85.6	80.0	23.5	0.1
16	1.2	0.07	85.6	80.0	23.4	0.1
17	1.2	0.10	85.4	79.9	23.4	0.1
18	1.3	0.12	85.3	79.6	23.7	0.1
19	1.3	0.07	85.2	79.2	24.1	0.1
20	1.3	0.02	85.1	79.1	24.2	0.1
Gradient optimization: MAXIMUMITERATION


sh3_hi_sampled_seqs_cluster1_iter0:

OpenMP: Using 6 of 6 threads
Alphabet length:21
861 valid sequences out of 861 
41 sites, none trimmed because no target specified
Effective number of samples: 1.1	(20% identical neighborhood = 1.000 samples)
iter	time	cond	fx	-loglk	||h||	||e||
1	0.1	1.09	118.6	114.7	2.8	0.5
2	0.3	1.09	113.2	108.8	4.8	0.5
3	0.3	0.43	92.4	84.9	23.5	0.4
4	0.4	0.39	92.1	84.6	23.5	0.4
5	0.4	0.08	90.6	85.3	22.0	0.2
6	0.5	0.05	90.5	85.7	21.1	0.1
7	0.6	0.07	90.2	85.8	20.4	0.1
8	0.6	0.30	89.4	85.1	19.9	0.2
9	0.6	0.15	88.2	83.7	20.9	0.1
10	0.7	0.06	87.4	81.7	23.4	0.1
11	0.8	0.07	87.3	81.0	24.5	0.1
12	0.8	0.03	87.2	80.8	24.9	0.1
13	0.9	0.02	87.2	80.9	24.7	0.1
14	0.9	0.02	87.2	81.0	24.5	0.1
15	1.0	0.05	87.1	81.1	24.2	0.1
16	1.0	0.08	87.0	81.0	24.1	0.1
17	1.1	0.10	86.8	80.8	24.1	0.1
18	1.1	0.07	86.7	80.6	24.5	0.1
19	1.2	0.02	86.7	80.4	24.8	0.1
20	1.2	0.01	86.7	80.2	25.1	0.1
Gradient optimization: MAXIMUMITERATION


Iteration 1:

sh3_hi_sampled_seqs_cluster0_iter1:

OpenMP: Using 6 of 6 threads
Alphabet length:21
1142 valid sequences out of 1142 
41 sites, none trimmed because no target specified
Effective number of samples: 1.0	(20% identical neighborhood = 1.000 samples)
iter	time	cond	fx	-loglk	||h||	||e||
1	0.2	1.09	116.1	112.3	2.8	0.5
2	0.3	1.03	110.8	106.6	4.7	0.5
3	0.4	0.42	92.1	84.5	25.0	0.3
4	0.5	0.37	91.7	83.9	24.9	0.3
5	0.6	0.08	89.4	84.1	22.1	0.1
6	0.6	0.05	89.1	84.8	20.3	0.1
7	0.7	0.06	89.0	84.6	20.4	0.1
8	0.7	0.15	88.5	83.8	20.8	0.2
9	0.8	0.25	87.5	81.9	21.9	0.2
10	0.8	0.19	86.4	80.0	23.8	0.2
11	0.9	0.18	86.3	80.0	24.1	0.2
12	1.0	0.06	86.0	79.9	24.1	0.1
13	1.0	0.02	86.0	80.1	23.8	0.1
14	1.1	0.02	85.9	80.2	23.7	0.1
15	1.1	0.03	85.9	80.3	23.6	0.1
16	1.2	0.07	85.8	80.3	23.4	0.1
17	1.3	0.10	85.7	80.1	23.4	0.1
18	1.3	0.12	85.6	79.8	23.8	0.1
19	1.4	0.06	85.5	79.5	24.1	0.1
20	1.4	0.02	85.4	79.4	24.3	0.1
Gradient optimization: MAXIMUMITERATION


sh3_hi_sampled_seqs_cluster1_iter1:

OpenMP: Using 6 of 6 threads
Alphabet length:21
858 valid sequences out of 858 
41 sites, none trimmed because no target specified
Effective number of samples: 1.1	(20% identical neighborhood = 1.000 samples)
iter	time	cond	fx	-loglk	||h||	||e||
1	0.2	1.09	118.3	114.4	2.8	0.5
2	0.3	1.09	112.9	108.5	4.8	0.5
3	0.3	0.43	92.1	84.5	23.5	0.4
4	0.4	0.39	91.7	84.2	23.5	0.4
5	0.4	0.08	90.2	84.9	22.0	0.2
6	0.5	0.05	90.1	85.4	21.2	0.1
7	0.6	0.07	89.8	85.4	20.5	0.1
8	0.6	0.27	89.0	84.7	20.0	0.1
9	0.7	0.16	87.8	83.3	21.0	0.1
10	0.7	0.05	87.0	81.3	23.5	0.1
11	0.8	0.10	87.0	80.6	24.7	0.1
12	0.8	0.02	86.9	80.5	24.8	0.1
13	0.9	0.02	86.9	80.6	24.7	0.1
14	0.9	0.04	86.8	80.8	24.2	0.1
15	1.0	0.09	86.6	80.8	23.7	0.1
16	1.0	0.06	86.5	80.6	23.8	0.1
17	1.1	0.07	86.3	79.9	24.9	0.1
18	1.2	0.01	86.2	79.7	25.2	0.1
19	1.2	0.01	86.2	79.7	25.2	0.1
20	1.3	0.02	86.2	79.6	25.3	0.1
Gradient optimization: MAXIMUMITERATION


Iteration 2:

sh3_hi_sampled_seqs_cluster0_iter2:

OpenMP: Using 6 of 6 threads
Alphabet length:21
1133 valid sequences out of 1133 
41 sites, none trimmed because no target specified
Effective number of samples: 1.0	(20% identical neighborhood = 1.000 samples)
iter	time	cond	fx	-loglk	||h||	||e||
1	0.2	1.09	116.0	112.2	2.8	0.5
2	0.3	1.03	110.7	106.5	4.7	0.5
3	0.3	0.42	92.0	84.4	25.0	0.3
4	0.4	0.37	91.5	83.8	24.9	0.3
5	0.5	0.08	89.3	84.0	22.1	0.1
6	0.5	0.05	89.0	84.7	20.3	0.1
7	0.6	0.06	88.9	84.5	20.4	0.1
8	0.7	0.15	88.4	83.7	20.8	0.2
9	0.7	0.25	87.4	81.8	22.0	0.2
10	0.8	0.19	86.3	79.9	23.9	0.2
11	0.9	0.17	86.2	79.9	24.1	0.2
12	0.9	0.06	85.9	79.9	24.1	0.1
13	1.0	0.02	85.9	80.1	23.8	0.1
14	1.0	0.02	85.9	80.1	23.7	0.1
15	1.1	0.04	85.8	80.2	23.6	0.1
16	1.1	0.07	85.7	80.2	23.4	0.1
17	1.2	0.10	85.6	80.0	23.4	0.1
18	1.2	0.13	85.5	79.7	23.8	0.1
19	1.3	0.05	85.3	79.4	24.2	0.1
20	1.3	0.02	85.3	79.3	24.3	0.1
Gradient optimization: MAXIMUMITERATION


sh3_hi_sampled_seqs_cluster1_iter2:

OpenMP: Using 6 of 6 threads
Alphabet length:21
867 valid sequences out of 867 
41 sites, none trimmed because no target specified
Effective number of samples: 1.1	(20% identical neighborhood = 1.000 samples)
iter	time	cond	fx	-loglk	||h||	||e||
1	0.1	1.09	118.5	114.6	2.8	0.5
2	0.3	1.09	113.1	108.7	4.8	0.5
3	0.3	0.43	92.2	84.7	23.5	0.4
4	0.4	0.39	91.9	84.4	23.5	0.4
5	0.4	0.08	90.4	85.1	22.1	0.2
6	0.5	0.05	90.3	85.5	21.2	0.1
7	0.6	0.07	90.0	85.6	20.5	0.1
8	0.6	0.28	89.2	84.9	20.0	0.2
9	0.7	0.15	88.0	83.5	21.0	0.1
10	0.7	0.06	87.2	81.5	23.5	0.1
11	0.8	0.09	87.1	80.8	24.7	0.1
12	0.8	0.02	87.0	80.7	24.9	0.1
13	0.8	0.02	87.0	80.7	24.7	0.1
14	0.9	0.03	87.0	80.8	24.4	0.1
15	0.9	0.06	86.9	80.9	24.0	0.1
16	1.0	0.09	86.7	80.9	23.8	0.1
17	1.0	0.09	86.5	80.5	24.2	0.1
18	1.1	0.06	86.5	80.0	24.9	0.1
19	1.1	0.01	86.4	79.9	25.2	0.1
20	1.2	0.01	86.4	79.9	25.2	0.1
Gradient optimization: MAXIMUMITERATION


Iteration 3:

sh3_hi_sampled_seqs_cluster0_iter3:

OpenMP: Using 6 of 6 threads
Alphabet length:21
1129 valid sequences out of 1129 
41 sites, none trimmed because no target specified
Effective number of samples: 1.0	(20% identical neighborhood = 1.000 samples)
iter	time	cond	fx	-loglk	||h||	||e||
1	0.2	1.09	116.0	112.2	2.8	0.5
2	0.3	1.03	110.6	106.4	4.7	0.5
3	0.3	0.42	91.9	84.4	25.0	0.3
4	0.4	0.37	91.5	83.7	24.9	0.3
5	0.5	0.08	89.2	84.0	22.1	0.1
6	0.5	0.05	89.0	84.6	20.3	0.1
7	0.6	0.06	88.9	84.5	20.4	0.1
8	0.7	0.16	88.4	83.6	20.8	0.2
9	0.7	0.25	87.3	81.8	22.0	0.2
10	0.8	0.19	86.2	79.8	23.9	0.2
11	0.9	0.17	86.1	79.8	24.1	0.2
12	0.9	0.05	85.9	79.8	24.1	0.1
13	1.0	0.02	85.8	80.0	23.8	0.1
14	1.0	0.02	85.8	80.1	23.7	0.1
15	1.1	0.04	85.8	80.1	23.5	0.1
16	1.1	0.07	85.7	80.1	23.4	0.1
17	1.2	0.10	85.5	80.0	23.5	0.1
18	1.3	0.13	85.4	79.6	23.9	0.1
19	1.3	0.05	85.3	79.3	24.2	0.1
20	1.4	0.02	85.3	79.2	24.4	0.1
Gradient optimization: MAXIMUMITERATION


sh3_hi_sampled_seqs_cluster1_iter3:

OpenMP: Using 6 of 6 threads
Alphabet length:21
871 valid sequences out of 871 
41 sites, none trimmed because no target specified
Effective number of samples: 1.1	(20% identical neighborhood = 1.000 samples)
iter	time	cond	fx	-loglk	||h||	||e||
1	0.1	1.09	118.6	114.7	2.8	0.5
2	0.2	1.09	113.2	108.8	4.8	0.5
3	0.3	0.43	92.3	84.8	23.5	0.4
4	0.4	0.38	92.0	84.4	23.5	0.4
5	0.4	0.08	90.5	85.2	22.1	0.2
6	0.5	0.05	90.4	85.6	21.2	0.1
7	0.6	0.07	90.1	85.7	20.5	0.1
8	0.6	0.30	89.3	84.9	20.0	0.2
9	0.7	0.15	88.1	83.6	21.0	0.1
10	0.7	0.06	87.3	81.5	23.5	0.1
11	0.8	0.07	87.2	80.9	24.6	0.1
12	0.9	0.04	87.1	80.7	25.0	0.1
13	0.9	0.02	87.1	80.8	24.8	0.1
14	1.0	0.02	87.1	80.8	24.6	0.1
15	1.0	0.05	87.0	80.9	24.3	0.1
16	1.1	0.08	86.9	80.8	24.2	0.1
17	1.1	0.09	86.7	80.7	24.2	0.1
18	1.2	0.07	86.6	80.6	24.3	0.1
19	1.2	0.03	86.6	80.3	24.7	0.1
20	1.3	0.01	86.6	80.1	25.2	0.1
Gradient optimization: MAXIMUMITERATION


Iteration 4:
TERMINATING: Repeated cluster assignments
