tuning/outputs/tuning_run_43/ created
tuning/outputs/tuning_run_43/iterations/ created
tuning/outputs/tuning_run_43/output/ created
{'msa-file-name': 'sh3_hi_sampled_seqs.fa', 'em_maxiter': 30, 'em_numclusters': 2, 'em_device': None, 'em_init': 'random', 'em_no_iter_print': 0, 'plmc': '../../plmc/bin/plmc', 'output': 'tuning/outputs/tuning_run_43', 'fast': 0, 'scale': None, 'theta': '0.8', 'lambdah': '0.01', 'lambdae': '16.0', 'lambdag': None, 'gapignore': 0, 'maxiter': '10', 'ncores': 6, 'gapignore_tune': '0', 'fast_tune': '0', 'em_iter_print': 1, 'iterations_dir': 'tuning/outputs/tuning_run_43/iterations/', 'final_dir': 'tuning/outputs/tuning_run_43/output/', 'output_dir': 'tuning/outputs/tuning_run_43/', 'plmc_options': ['-t 0.8', '-lh 0.01', '-le 16.0', '-m 10', '-n 6'], 'device': device(type='cpu')}

Using cpu


Iteration 0:

sh3_hi_sampled_seqs_cluster0_iter0:

OpenMP: Using 6 of 6 threads
Alphabet length:21
1000 valid sequences out of 1000 
41 sites, none trimmed because no target specified
Effective number of samples: 1.1	(20% identical neighborhood = 1.000 samples)
iter	time	cond	fx	-loglk	||h||	||e||
1	0.1	1.09	121.8	118.2	2.8	0.5
2	0.3	1.05	116.4	112.3	4.7	0.5
3	0.3	0.39	96.7	89.5	24.3	0.3
4	0.4	0.35	96.4	89.0	24.2	0.3
5	0.5	0.07	94.7	89.5	22.1	0.2
6	0.5	0.05	94.6	90.0	20.7	0.1
7	0.6	0.05	94.5	89.9	20.6	0.1
8	0.6	0.18	93.1	88.3	20.5	0.2
9	0.7	0.18	91.8	86.3	22.3	0.2
10	0.8	0.08	91.5	85.8	22.9	0.2
Gradient optimization: MAXIMUMITERATION


sh3_hi_sampled_seqs_cluster1_iter0:

OpenMP: Using 6 of 6 threads
Alphabet length:21
1000 valid sequences out of 1000 
41 sites, none trimmed because no target specified
Effective number of samples: 1.1	(20% identical neighborhood = 1.000 samples)
iter	time	cond	fx	-loglk	||h||	||e||
1	0.1	1.09	121.9	118.3	2.8	0.5
2	0.3	1.05	116.5	112.5	4.7	0.5
3	0.3	0.39	96.8	89.6	24.2	0.3
4	0.4	0.35	96.5	89.1	24.2	0.3
5	0.5	0.07	94.9	89.6	22.0	0.2
6	0.5	0.05	94.7	90.1	20.7	0.1
7	0.6	0.05	94.6	90.0	20.6	0.1
8	0.6	0.18	93.2	88.4	20.4	0.2
9	0.7	0.19	92.0	86.5	22.3	0.2
10	0.8	0.06	91.7	86.0	23.0	0.1
Gradient optimization: MAXIMUMITERATION


Iteration 1:

sh3_hi_sampled_seqs_cluster0_iter1:

OpenMP: Using 6 of 6 threads
Alphabet length:21
1018 valid sequences out of 1018 
41 sites, none trimmed because no target specified
Effective number of samples: 1.1	(20% identical neighborhood = 1.000 samples)
iter	time	cond	fx	-loglk	||h||	||e||
1	0.2	1.09	119.7	116.1	2.8	0.5
2	0.3	1.05	114.4	110.3	4.7	0.5
3	0.3	0.40	94.9	87.6	24.3	0.3
4	0.4	0.36	94.6	87.1	24.2	0.3
5	0.4	0.07	92.8	87.6	22.0	0.2
6	0.5	0.05	92.6	88.1	20.6	0.1
7	0.5	0.05	92.5	88.0	20.6	0.1
8	0.6	0.19	91.2	86.3	20.5	0.2
9	0.6	0.18	89.8	84.3	22.2	0.2
10	0.7	0.12	89.6	83.9	22.7	0.2
Gradient optimization: MAXIMUMITERATION


sh3_hi_sampled_seqs_cluster1_iter1:

OpenMP: Using 6 of 6 threads
Alphabet length:21
982 valid sequences out of 982 
41 sites, none trimmed because no target specified
Effective number of samples: 1.1	(20% identical neighborhood = 1.000 samples)
iter	time	cond	fx	-loglk	||h||	||e||
1	0.2	1.09	122.2	118.6	2.8	0.5
2	0.3	1.06	116.8	112.8	4.7	0.5
3	0.4	0.39	96.5	89.1	24.2	0.3
4	0.4	0.35	96.2	88.7	24.2	0.3
5	0.5	0.07	94.7	89.3	22.2	0.2
6	0.5	0.05	94.5	89.8	21.1	0.1
7	0.6	0.05	94.4	89.8	20.9	0.1
8	0.6	0.09	92.7	88.3	20.1	0.2
9	0.7	0.15	92.5	88.1	20.5	0.1
10	0.8	0.10	91.7	86.2	22.4	0.2
Gradient optimization: MAXIMUMITERATION


Iteration 2:

sh3_hi_sampled_seqs_cluster0_iter2:

OpenMP: Using 6 of 6 threads
Alphabet length:21
1144 valid sequences out of 1144 
41 sites, none trimmed because no target specified
Effective number of samples: 1.0	(20% identical neighborhood = 1.000 samples)
iter	time	cond	fx	-loglk	||h||	||e||
1	0.2	1.09	117.5	113.7	2.8	0.5
2	0.3	1.04	112.1	108.0	4.7	0.5
3	0.4	0.41	93.0	85.5	24.7	0.3
4	0.4	0.36	92.6	85.0	24.6	0.3
5	0.5	0.07	90.6	85.3	22.1	0.1
6	0.6	0.05	90.4	85.9	20.5	0.1
7	0.6	0.05	90.2	85.8	20.5	0.1
8	0.7	0.19	89.4	84.5	20.8	0.2
9	0.7	0.25	88.2	82.5	22.0	0.2
10	0.8	0.26	87.8	80.8	24.4	0.3
Gradient optimization: MAXIMUMITERATION


sh3_hi_sampled_seqs_cluster1_iter2:

OpenMP: Using 6 of 6 threads
Alphabet length:21
856 valid sequences out of 856 
41 sites, none trimmed because no target specified
Effective number of samples: 1.1	(20% identical neighborhood = 1.000 samples)
iter	time	cond	fx	-loglk	||h||	||e||
1	0.1	1.09	122.2	118.5	2.8	0.5
2	0.2	1.07	116.8	112.7	4.8	0.5
3	0.3	0.39	96.0	88.6	23.9	0.3
4	0.4	0.35	95.8	88.3	23.9	0.3
5	0.4	0.07	94.4	89.0	22.3	0.2
6	0.4	0.05	94.2	89.4	21.3	0.1
7	0.5	0.07	93.8	89.4	20.4	0.1
8	0.6	0.21	93.2	88.9	19.8	0.2
9	0.6	0.09	91.9	87.4	20.9	0.1
10	0.7	0.09	91.2	85.1	23.7	0.2
Gradient optimization: MAXIMUMITERATION


Iteration 3:

sh3_hi_sampled_seqs_cluster0_iter3:

OpenMP: Using 6 of 6 threads
Alphabet length:21
1125 valid sequences out of 1125 
41 sites, none trimmed because no target specified
Effective number of samples: 1.0	(20% identical neighborhood = 1.000 samples)
iter	time	cond	fx	-loglk	||h||	||e||
1	0.1	1.09	115.6	111.7	2.8	0.5
2	0.3	1.04	110.2	105.9	4.7	0.5
3	0.3	0.42	91.2	83.7	24.9	0.3
4	0.4	0.37	90.8	83.1	24.8	0.3
5	0.5	0.08	88.6	83.4	22.1	0.1
6	0.5	0.05	88.4	84.0	20.4	0.1
7	0.6	0.05	88.3	83.9	20.5	0.1
8	0.6	0.17	87.7	82.8	20.9	0.2
9	0.7	0.25	86.6	81.0	22.0	0.2
10	0.7	0.16	85.6	79.1	24.1	0.2
Gradient optimization: MAXIMUMITERATION


sh3_hi_sampled_seqs_cluster1_iter3:

OpenMP: Using 6 of 6 threads
Alphabet length:21
875 valid sequences out of 875 
41 sites, none trimmed because no target specified
Effective number of samples: 1.1	(20% identical neighborhood = 1.000 samples)
iter	time	cond	fx	-loglk	||h||	||e||
1	0.2	1.09	121.3	117.5	2.8	0.5
2	0.3	1.09	115.8	111.6	4.8	0.5
3	0.3	0.41	94.9	87.4	23.6	0.3
4	0.4	0.37	94.6	87.1	23.6	0.3
5	0.4	0.07	93.2	87.8	22.1	0.2
6	0.5	0.05	93.1	88.2	21.3	0.1
7	0.6	0.07	92.7	88.4	20.4	0.1
8	0.6	0.37	92.3	87.7	19.9	0.2
9	0.6	0.15	91.0	86.6	20.7	0.1
10	0.7	0.07	90.0	84.4	23.1	0.1
Gradient optimization: MAXIMUMITERATION


Iteration 4:

sh3_hi_sampled_seqs_cluster0_iter4:

OpenMP: Using 6 of 6 threads
Alphabet length:21
1101 valid sequences out of 1101 
41 sites, none trimmed because no target specified
Effective number of samples: 1.0	(20% identical neighborhood = 1.000 samples)
iter	time	cond	fx	-loglk	||h||	||e||
1	0.1	1.09	115.2	111.3	2.8	0.5
2	0.3	1.03	109.8	105.5	4.7	0.5
3	0.3	0.42	90.9	83.3	24.9	0.3
4	0.4	0.37	90.5	82.7	24.8	0.3
5	0.5	0.08	88.2	83.0	22.1	0.1
6	0.5	0.05	88.0	83.7	20.4	0.1
7	0.6	0.05	87.9	83.5	20.4	0.1
8	0.6	0.16	87.4	82.5	20.9	0.2
9	0.6	0.25	86.3	80.7	22.0	0.2
10	0.7	0.17	85.3	78.8	24.1	0.2
Gradient optimization: MAXIMUMITERATION


sh3_hi_sampled_seqs_cluster1_iter4:

OpenMP: Using 6 of 6 threads
Alphabet length:21
899 valid sequences out of 899 
41 sites, none trimmed because no target specified
Effective number of samples: 1.1	(20% identical neighborhood = 1.000 samples)
iter	time	cond	fx	-loglk	||h||	||e||
1	0.1	1.09	120.4	116.6	2.8	0.5
2	0.2	1.09	114.9	110.6	4.8	0.5
3	0.3	0.42	94.0	86.5	23.5	0.4
4	0.4	0.38	93.7	86.2	23.5	0.4
5	0.4	0.07	92.3	86.9	22.1	0.2
6	0.5	0.05	92.2	87.4	21.2	0.1
7	0.6	0.07	91.8	87.5	20.4	0.1
8	0.6	0.31	91.2	86.8	20.0	0.2
9	0.7	0.15	89.9	85.5	20.8	0.1
10	0.7	0.06	89.0	83.3	23.5	0.1
Gradient optimization: MAXIMUMITERATION


Iteration 5:

sh3_hi_sampled_seqs_cluster0_iter5:

OpenMP: Using 6 of 6 threads
Alphabet length:21
1086 valid sequences out of 1086 
41 sites, none trimmed because no target specified
Effective number of samples: 1.0	(20% identical neighborhood = 1.000 samples)
iter	time	cond	fx	-loglk	||h||	||e||
1	0.2	1.09	115.0	111.2	2.8	0.5
2	0.3	1.04	109.7	105.4	4.7	0.5
3	0.3	0.42	90.7	83.1	24.9	0.3
4	0.4	0.37	90.3	82.5	24.8	0.3
5	0.5	0.08	88.1	82.8	22.1	0.1
6	0.5	0.05	87.8	83.5	20.4	0.1
7	0.6	0.05	87.7	83.3	20.5	0.1
8	0.6	0.17	87.1	82.3	20.9	0.2
9	0.7	0.25	86.1	80.4	22.1	0.2
10	0.7	0.17	85.1	78.6	24.1	0.2
Gradient optimization: MAXIMUMITERATION


sh3_hi_sampled_seqs_cluster1_iter5:

OpenMP: Using 6 of 6 threads
Alphabet length:21
914 valid sequences out of 914 
41 sites, none trimmed because no target specified
Effective number of samples: 1.1	(20% identical neighborhood = 1.000 samples)
iter	time	cond	fx	-loglk	||h||	||e||
1	0.1	1.09	120.4	116.6	2.8	0.5
2	0.3	1.09	114.9	110.6	4.8	0.5
3	0.3	0.42	94.1	86.6	23.5	0.3
4	0.4	0.38	93.8	86.2	23.5	0.4
5	0.4	0.07	92.3	87.0	22.1	0.2
6	0.5	0.05	92.2	87.4	21.2	0.1
7	0.6	0.07	91.9	87.5	20.4	0.1
8	0.6	0.35	91.3	86.8	19.9	0.2
9	0.7	0.15	90.0	85.5	20.8	0.1
10	0.7	0.07	89.1	83.4	23.3	0.1
Gradient optimization: MAXIMUMITERATION


Iteration 6:

sh3_hi_sampled_seqs_cluster0_iter6:

OpenMP: Using 6 of 6 threads
Alphabet length:21
1090 valid sequences out of 1090 
41 sites, none trimmed because no target specified
Effective number of samples: 1.0	(20% identical neighborhood = 1.000 samples)
iter	time	cond	fx	-loglk	||h||	||e||
1	0.2	1.09	115.1	111.2	2.8	0.5
2	0.3	1.04	109.7	105.5	4.7	0.5
3	0.4	0.42	90.8	83.2	24.9	0.3
4	0.5	0.37	90.4	82.6	24.8	0.3
5	0.5	0.08	88.2	82.9	22.1	0.1
6	0.6	0.05	87.9	83.6	20.4	0.1
7	0.6	0.05	87.8	83.4	20.5	0.1
8	0.6	0.16	87.3	82.4	20.9	0.2
9	0.7	0.25	86.2	80.6	22.1	0.2
10	0.7	0.17	85.2	78.7	24.1	0.2
Gradient optimization: MAXIMUMITERATION


sh3_hi_sampled_seqs_cluster1_iter6:

OpenMP: Using 6 of 6 threads
Alphabet length:21
910 valid sequences out of 910 
41 sites, none trimmed because no target specified
Effective number of samples: 1.1	(20% identical neighborhood = 1.000 samples)
iter	time	cond	fx	-loglk	||h||	||e||
1	0.2	1.09	120.2	116.4	2.8	0.5
2	0.3	1.09	114.7	110.4	4.8	0.5
3	0.3	0.42	93.9	86.4	23.5	0.3
4	0.4	0.38	93.6	86.1	23.6	0.4
5	0.4	0.07	92.1	86.8	22.1	0.2
6	0.5	0.05	92.0	87.2	21.2	0.1
7	0.6	0.07	91.7	87.3	20.4	0.1
8	0.6	0.35	91.1	86.6	19.9	0.2
9	0.7	0.15	89.8	85.3	20.8	0.1
10	0.7	0.06	88.9	83.2	23.3	0.1
Gradient optimization: MAXIMUMITERATION


Iteration 7:

sh3_hi_sampled_seqs_cluster0_iter7:

OpenMP: Using 6 of 6 threads
Alphabet length:21
1091 valid sequences out of 1091 
41 sites, none trimmed because no target specified
Effective number of samples: 1.0	(20% identical neighborhood = 1.000 samples)
iter	time	cond	fx	-loglk	||h||	||e||
1	0.2	1.09	115.1	111.2	2.8	0.5
2	0.3	1.04	109.7	105.4	4.7	0.5
3	0.3	0.42	90.8	83.2	24.9	0.3
4	0.4	0.37	90.4	82.6	24.8	0.3
5	0.5	0.08	88.2	82.9	22.1	0.1
6	0.5	0.05	87.9	83.6	20.4	0.1
7	0.6	0.05	87.8	83.4	20.5	0.1
8	0.6	0.16	87.3	82.4	20.9	0.2
9	0.7	0.25	86.2	80.6	22.1	0.2
10	0.7	0.17	85.2	78.7	24.1	0.2
Gradient optimization: MAXIMUMITERATION


sh3_hi_sampled_seqs_cluster1_iter7:

OpenMP: Using 6 of 6 threads
Alphabet length:21
909 valid sequences out of 909 
41 sites, none trimmed because no target specified
Effective number of samples: 1.1	(20% identical neighborhood = 1.000 samples)
iter	time	cond	fx	-loglk	||h||	||e||
1	0.2	1.09	120.2	116.4	2.8	0.5
2	0.3	1.09	114.7	110.4	4.8	0.5
3	0.3	0.42	93.9	86.4	23.5	0.3
4	0.4	0.38	93.6	86.1	23.5	0.4
5	0.4	0.07	92.1	86.8	22.1	0.2
6	0.5	0.05	92.0	87.2	21.2	0.1
7	0.6	0.07	91.7	87.3	20.4	0.1
8	0.6	0.35	91.1	86.6	19.9	0.2
9	0.7	0.15	89.8	85.3	20.8	0.1
10	0.7	0.06	88.9	83.2	23.3	0.1
Gradient optimization: MAXIMUMITERATION


Iteration 8:

sh3_hi_sampled_seqs_cluster0_iter8:

OpenMP: Using 6 of 6 threads
Alphabet length:21
1093 valid sequences out of 1093 
41 sites, none trimmed because no target specified
Effective number of samples: 1.0	(20% identical neighborhood = 1.000 samples)
iter	time	cond	fx	-loglk	||h||	||e||
1	0.2	1.09	115.1	111.2	2.8	0.5
2	0.3	1.04	109.7	105.4	4.7	0.5
3	0.3	0.42	90.8	83.2	24.9	0.3
4	0.4	0.37	90.4	82.6	24.8	0.3
5	0.5	0.08	88.1	82.9	22.1	0.1
6	0.5	0.05	87.9	83.6	20.4	0.1
7	0.6	0.05	87.8	83.4	20.5	0.1
8	0.6	0.16	87.2	82.4	20.9	0.2
9	0.7	0.25	86.2	80.6	22.1	0.2
10	0.7	0.17	85.2	78.7	24.1	0.2
Gradient optimization: MAXIMUMITERATION


sh3_hi_sampled_seqs_cluster1_iter8:

OpenMP: Using 6 of 6 threads
Alphabet length:21
907 valid sequences out of 907 
41 sites, none trimmed because no target specified
Effective number of samples: 1.1	(20% identical neighborhood = 1.000 samples)
iter	time	cond	fx	-loglk	||h||	||e||
1	0.2	1.09	120.2	116.4	2.8	0.5
2	0.3	1.09	114.8	110.5	4.8	0.5
3	0.3	0.42	93.9	86.4	23.5	0.4
4	0.4	0.38	93.6	86.1	23.5	0.4
5	0.4	0.07	92.1	86.8	22.1	0.2
6	0.5	0.05	92.0	87.3	21.2	0.1
7	0.6	0.07	91.7	87.3	20.4	0.1
8	0.6	0.34	91.1	86.6	19.9	0.2
9	0.7	0.15	89.8	85.3	20.8	0.1
10	0.7	0.06	88.9	83.2	23.3	0.1
Gradient optimization: MAXIMUMITERATION


Iteration 9:
TERMINATING: Repeated cluster assignments
