tuning/outputs/tuning_run_30/ created
tuning/outputs/tuning_run_30/iterations/ created
tuning/outputs/tuning_run_30/output/ created
{'msa-file-name': 'sh3_hi_sampled_seqs.fa', 'em_maxiter': 30, 'em_numclusters': 2, 'em_device': None, 'em_init': 'kmeans', 'em_no_iter_print': 0, 'plmc': '../../plmc/bin/plmc', 'output': 'tuning/outputs/tuning_run_30', 'fast': 0, 'scale': None, 'theta': '2', 'lambdah': '0.01', 'lambdae': '16.0', 'lambdag': None, 'gapignore': 1, 'maxiter': '20', 'ncores': 6, 'gapignore_tune': '1', 'fast_tune': '0', 'em_iter_print': 1, 'iterations_dir': 'tuning/outputs/tuning_run_30/iterations/', 'final_dir': 'tuning/outputs/tuning_run_30/output/', 'output_dir': 'tuning/outputs/tuning_run_30/', 'plmc_options': ['-t 2', '-lh 0.01', '-le 16.0', '-m 20', '-n 6', '-g'], 'device': device(type='cpu')}

Using cpu


Iteration 0:

sh3_hi_sampled_seqs_cluster0_iter0:

OpenMP: Using 6 of 6 threads
Alphabet length:21
1137 valid sequences out of 1137 
41 sites, none trimmed because no target specified
Theta not between 0 and 1, no sequence reweighting applied (N = 1137.00)
iter	time	cond	fx	-loglk	||h||	||e||
1	0.1	34.65	80953.5	80918.0	44.2	1.0
2	0.2	48.35	74154.4	72872.8	44.4	8.9
3	0.3	58.42	72277.6	69668.3	44.4	12.7
4	0.3	24.26	70528.4	65959.8	44.5	16.9
5	0.4	18.77	69911.9	64568.3	44.5	18.2
6	0.4	25.04	69171.6	62792.2	44.4	19.9
7	0.5	32.58	68507.6	61362.7	44.4	21.1
8	0.5	16.83	67752.5	60032.4	44.4	21.9
9	0.6	13.39	67391.9	59432.4	44.4	22.3
10	0.6	15.62	67223.3	58869.5	44.4	22.8
11	0.7	8.97	67099.5	58625.0	44.4	23.0
12	0.7	7.69	66982.8	58135.7	44.5	23.5
13	0.8	7.63	66898.0	57678.2	44.5	24.0
14	0.9	11.67	66830.1	57150.4	44.5	24.6
15	0.9	4.95	66756.1	56744.1	44.5	25.0
16	1.0	3.91	66725.1	56653.5	44.5	25.1
17	1.0	5.02	66695.8	56607.0	44.5	25.1
18	1.1	5.76	66672.2	56572.3	44.5	25.1
19	1.1	3.46	66652.0	56589.5	44.5	25.1
20	1.2	2.83	66631.7	56621.4	44.5	25.0
Gradient optimization: MAXIMUMITERATION


sh3_hi_sampled_seqs_cluster1_iter0:

OpenMP: Using 6 of 6 threads
Alphabet length:21
863 valid sequences out of 863 
41 sites, none trimmed because no target specified
Theta not between 0 and 1, no sequence reweighting applied (N = 863.00)
iter	time	cond	fx	-loglk	||h||	||e||
1	0.1	35.59	60192.3	60157.2	43.8	1.0
2	0.1	37.93	54333.9	53248.7	43.9	8.2
3	0.2	37.86	52673.0	50592.8	43.9	11.3
4	0.3	23.60	51530.7	48497.3	43.9	13.7
5	0.3	21.71	50465.7	45947.3	43.9	16.8
6	0.3	30.55	49671.4	43495.9	43.9	19.6
7	0.4	18.99	48848.3	42449.8	43.9	20.0
8	0.4	17.05	48156.6	41929.1	43.9	19.7
9	0.5	13.11	47894.4	41480.1	43.9	20.0
10	0.5	10.36	47638.8	40854.9	43.9	20.6
11	0.6	9.32	47441.4	40181.4	44.0	21.3
12	0.7	9.72	47366.4	39817.3	44.0	21.7
13	0.7	5.88	47296.5	39581.1	44.0	21.9
14	0.8	5.02	47227.7	39367.8	44.0	22.1
15	0.8	5.65	47175.7	39187.1	44.0	22.3
16	0.8	6.66	47153.8	39042.7	44.0	22.5
17	0.9	2.91	47127.8	39052.2	44.0	22.4
18	0.9	2.28	47113.7	39043.0	44.0	22.4
19	1.0	3.01	47103.0	39005.2	44.0	22.5
20	1.0	2.75	47092.8	38947.9	44.0	22.5
Gradient optimization: MAXIMUMITERATION


Iteration 1:
TERMINATING: Repeated cluster assignments
