tuning/outputs/tuning_run_19/ created
tuning/outputs/tuning_run_19/iterations/ created
tuning/outputs/tuning_run_19/output/ created
{'msa-file-name': 'sh3_hi_sampled_seqs.fa', 'em_maxiter': 30, 'em_numclusters': 2, 'em_device': None, 'em_init': 'random', 'em_no_iter_print': 0, 'plmc': '../../plmc/bin/plmc', 'output': 'tuning/outputs/tuning_run_19', 'fast': 0, 'scale': None, 'theta': '2', 'lambdah': '0.01', 'lambdae': '16.0', 'lambdag': None, 'gapignore': 1, 'maxiter': '2', 'ncores': 6, 'gapignore_tune': '1', 'fast_tune': '0', 'em_iter_print': 1, 'iterations_dir': 'tuning/outputs/tuning_run_19/iterations/', 'final_dir': 'tuning/outputs/tuning_run_19/output/', 'output_dir': 'tuning/outputs/tuning_run_19/', 'plmc_options': ['-t 2', '-lh 0.01', '-le 16.0', '-m 2', '-n 6', '-g'], 'device': device(type='cpu')}

Using cpu


Iteration 0:

sh3_hi_sampled_seqs_cluster0_iter0:

OpenMP: Using 6 of 6 threads
Alphabet length:21
1000 valid sequences out of 1000 
41 sites, none trimmed because no target specified
Theta not between 0 and 1, no sequence reweighting applied (N = 1000.00)
iter	time	cond	fx	-loglk	||h||	||e||
1	0.1	37.24	72376.5	72341.3	43.9	1.0
2	0.2	96.52	67956.6	66597.2	44.0	9.2
Gradient optimization: MAXIMUMITERATION


sh3_hi_sampled_seqs_cluster1_iter0:

OpenMP: Using 6 of 6 threads
Alphabet length:21
1000 valid sequences out of 1000 
41 sites, none trimmed because no target specified
Theta not between 0 and 1, no sequence reweighting applied (N = 1000.00)
iter	time	cond	fx	-loglk	||h||	||e||
1	0.1	36.59	72199.6	72164.0	44.2	1.0
2	0.2	87.45	67173.6	65721.8	44.3	9.5
Gradient optimization: MAXIMUMITERATION


Iteration 1:

sh3_hi_sampled_seqs_cluster0_iter1:

OpenMP: Using 6 of 6 threads
Alphabet length:21
990 valid sequences out of 990 
41 sites, none trimmed because no target specified
Theta not between 0 and 1, no sequence reweighting applied (N = 990.00)
iter	time	cond	fx	-loglk	||h||	||e||
1	0.1	37.06	71719.0	71683.8	43.8	1.0
2	0.2	97.18	67326.0	65946.1	43.9	9.2
Gradient optimization: MAXIMUMITERATION


sh3_hi_sampled_seqs_cluster1_iter1:

OpenMP: Using 6 of 6 threads
Alphabet length:21
1010 valid sequences out of 1010 
41 sites, none trimmed because no target specified
Theta not between 0 and 1, no sequence reweighting applied (N = 1010.00)
iter	time	cond	fx	-loglk	||h||	||e||
1	0.2	36.88	72843.4	72807.8	44.3	1.0
2	0.2	86.37	67738.8	66304.3	44.4	9.4
Gradient optimization: MAXIMUMITERATION


Iteration 2:

sh3_hi_sampled_seqs_cluster0_iter2:

OpenMP: Using 6 of 6 threads
Alphabet length:21
988 valid sequences out of 988 
41 sites, none trimmed because no target specified
Theta not between 0 and 1, no sequence reweighting applied (N = 988.00)
iter	time	cond	fx	-loglk	||h||	||e||
1	0.1	37.02	71587.0	71551.8	43.8	1.0
2	0.2	97.57	67199.3	65807.0	43.9	9.3
Gradient optimization: MAXIMUMITERATION


sh3_hi_sampled_seqs_cluster1_iter2:

OpenMP: Using 6 of 6 threads
Alphabet length:21
1012 valid sequences out of 1012 
41 sites, none trimmed because no target specified
Theta not between 0 and 1, no sequence reweighting applied (N = 1012.00)
iter	time	cond	fx	-loglk	||h||	||e||
1	0.1	36.94	72971.7	72936.1	44.3	1.0
2	0.2	86.15	67863.5	66439.2	44.4	9.4
Gradient optimization: MAXIMUMITERATION


Iteration 3:

sh3_hi_sampled_seqs_cluster0_iter3:

OpenMP: Using 6 of 6 threads
Alphabet length:21
987 valid sequences out of 987 
41 sites, none trimmed because no target specified
Theta not between 0 and 1, no sequence reweighting applied (N = 987.00)
iter	time	cond	fx	-loglk	||h||	||e||
1	0.2	37.00	71523.3	71488.2	43.8	1.0
2	0.2	98.11	67156.3	65758.7	43.9	9.3
Gradient optimization: MAXIMUMITERATION


sh3_hi_sampled_seqs_cluster1_iter3:

OpenMP: Using 6 of 6 threads
Alphabet length:21
1013 valid sequences out of 1013 
41 sites, none trimmed because no target specified
Theta not between 0 and 1, no sequence reweighting applied (N = 1013.00)
iter	time	cond	fx	-loglk	||h||	||e||
1	0.1	36.97	73035.3	72999.7	44.3	1.0
2	0.2	85.49	67901.6	66483.5	44.4	9.3
Gradient optimization: MAXIMUMITERATION


Iteration 4:
TERMINATING: Repeated cluster assignments
