tuning/outputs/tuning_run_58/ created
tuning/outputs/tuning_run_58/iterations/ created
tuning/outputs/tuning_run_58/output/ created
{'msa-file-name': 'sh3_hi_sampled_seqs.fa', 'em_maxiter': 30, 'em_numclusters': 2, 'em_device': None, 'em_init': 'kmeans', 'em_no_iter_print': 0, 'plmc': '../../plmc/bin/plmc', 'output': 'tuning/outputs/tuning_run_58', 'fast': 0, 'scale': None, 'theta': '2', 'lambdah': '0.01', 'lambdae': '16.0', 'lambdag': None, 'gapignore': 0, 'maxiter': '10', 'ncores': 6, 'gapignore_tune': '0', 'fast_tune': '0', 'em_iter_print': 1, 'iterations_dir': 'tuning/outputs/tuning_run_58/iterations/', 'final_dir': 'tuning/outputs/tuning_run_58/output/', 'output_dir': 'tuning/outputs/tuning_run_58/', 'plmc_options': ['-t 2', '-lh 0.01', '-le 16.0', '-m 10', '-n 6'], 'device': device(type='cpu')}

Using cpu


Iteration 0:

sh3_hi_sampled_seqs_cluster0_iter0:

OpenMP: Using 6 of 6 threads
Alphabet length:21
1143 valid sequences out of 1143 
41 sites, none trimmed because no target specified
Theta not between 0 and 1, no sequence reweighting applied (N = 1143.00)
iter	time	cond	fx	-loglk	||h||	||e||
1	0.1	32.91	81490.2	81451.7	47.5	1.0
2	0.2	47.31	75078.9	73974.9	47.7	8.2
3	0.3	57.08	72888.4	70307.8	47.7	12.6
4	0.3	22.14	70973.5	66287.7	47.8	17.1
5	0.4	17.88	70409.6	65114.5	47.8	18.2
6	0.5	23.70	69599.4	63291.8	47.7	19.8
7	0.5	33.87	68944.4	61795.0	47.7	21.1
8	0.6	16.50	68221.1	60580.9	47.7	21.8
9	0.6	11.49	67852.8	59945.5	47.7	22.2
10	0.7	14.85	67677.8	59339.3	47.7	22.8
Gradient optimization: MAXIMUMITERATION


sh3_hi_sampled_seqs_cluster1_iter0:

OpenMP: Using 6 of 6 threads
Alphabet length:21
857 valid sequences out of 857 
41 sites, none trimmed because no target specified
Theta not between 0 and 1, no sequence reweighting applied (N = 857.00)
iter	time	cond	fx	-loglk	||h||	||e||
1	0.1	33.42	59736.6	59699.1	46.4	1.0
2	0.2	35.34	53958.5	52896.9	46.5	8.1
3	0.2	66.75	53954.1	50232.6	46.6	15.2
4	0.2	30.14	51129.3	47589.4	46.6	14.8
5	0.3	25.27	50441.5	47004.3	46.5	14.6
6	0.3	18.30	49885.9	46118.0	46.5	15.3
7	0.4	16.20	48381.8	42827.1	46.5	18.6
8	0.4	20.47	47839.0	41216.8	46.6	20.3
9	0.5	13.95	47476.6	40229.5	46.6	21.3
10	0.5	9.14	47298.4	40189.3	46.6	21.0
Gradient optimization: MAXIMUMITERATION


Iteration 1:
TERMINATING: Repeated cluster assignments
