tuning/outputs/tuning_run_49/ created
tuning/outputs/tuning_run_49/iterations/ created
tuning/outputs/tuning_run_49/output/ created
{'msa-file-name': 'sh3_hi_sampled_seqs.fa', 'em_maxiter': 30, 'em_numclusters': 2, 'em_device': None, 'em_init': 'random', 'em_no_iter_print': 0, 'plmc': '../../plmc/bin/plmc', 'output': 'tuning/outputs/tuning_run_49', 'fast': 1, 'scale': None, 'theta': '2', 'lambdah': '0.01', 'lambdae': '16.0', 'lambdag': None, 'gapignore': 0, 'maxiter': '2', 'ncores': 6, 'gapignore_tune': '0', 'fast_tune': '1', 'em_iter_print': 1, 'iterations_dir': 'tuning/outputs/tuning_run_49/iterations/', 'final_dir': 'tuning/outputs/tuning_run_49/output/', 'output_dir': 'tuning/outputs/tuning_run_49/', 'plmc_options': ['-t 2', '-lh 0.01', '-le 16.0', '-m 2', '-n 6', '--fast'], 'device': device(type='cpu')}

Using cpu


Iteration 0:

sh3_hi_sampled_seqs_cluster0_iter0:

OpenMP: Using 6 of 6 threads
Alphabet length:21
1000 valid sequences out of 1000 
41 sites, none trimmed because no target specified
Theta not between 0 and 1, no sequence reweighting applied (N = 1000.00)
iter	time	obj	|x|	|g|	crit
1	0.1	73814.3	0.0	0.1	0.1
2	0.2	71594.9	0.0	0.2	0.2


sh3_hi_sampled_seqs_cluster1_iter0:

OpenMP: Using 6 of 6 threads
Alphabet length:21
1000 valid sequences out of 1000 
41 sites, none trimmed because no target specified
Theta not between 0 and 1, no sequence reweighting applied (N = 1000.00)
iter	time	obj	|x|	|g|	crit
1	0.1	73858.6	0.0	0.1	0.1
2	0.2	71471.8	0.0	0.2	0.2


Iteration 1:

sh3_hi_sampled_seqs_cluster0_iter1:

OpenMP: Using 6 of 6 threads
Alphabet length:21
997 valid sequences out of 997 
41 sites, none trimmed because no target specified
Theta not between 0 and 1, no sequence reweighting applied (N = 997.00)
iter	time	obj	|x|	|g|	crit
1	0.1	73563.6	0.0	0.1	0.1
2	0.2	71434.2	0.0	0.2	0.2


sh3_hi_sampled_seqs_cluster1_iter1:

OpenMP: Using 6 of 6 threads
Alphabet length:21
1003 valid sequences out of 1003 
41 sites, none trimmed because no target specified
Theta not between 0 and 1, no sequence reweighting applied (N = 1003.00)
iter	time	obj	|x|	|g|	crit
1	0.1	74177.2	0.0	0.1	0.1
2	0.2	71730.7	0.0	0.2	0.2


Iteration 2:

sh3_hi_sampled_seqs_cluster0_iter2:

OpenMP: Using 6 of 6 threads
Alphabet length:21
1006 valid sequences out of 1006 
41 sites, none trimmed because no target specified
Theta not between 0 and 1, no sequence reweighting applied (N = 1006.00)
iter	time	obj	|x|	|g|	crit
1	0.1	74281.7	0.0	0.1	0.1
2	0.2	72018.7	0.0	0.2	0.2


sh3_hi_sampled_seqs_cluster1_iter2:

OpenMP: Using 6 of 6 threads
Alphabet length:21
994 valid sequences out of 994 
41 sites, none trimmed because no target specified
Theta not between 0 and 1, no sequence reweighting applied (N = 994.00)
iter	time	obj	|x|	|g|	crit
1	0.1	73305.9	0.0	0.1	0.1
2	0.2	70941.7	0.0	0.2	0.2


Iteration 3:

sh3_hi_sampled_seqs_cluster0_iter3:

OpenMP: Using 6 of 6 threads
Alphabet length:21
992 valid sequences out of 992 
41 sites, none trimmed because no target specified
Theta not between 0 and 1, no sequence reweighting applied (N = 992.00)
iter	time	obj	|x|	|g|	crit
1	0.1	73214.7	0.0	0.1	0.1
2	0.2	70954.0	0.0	0.2	0.2


sh3_hi_sampled_seqs_cluster1_iter3:

OpenMP: Using 6 of 6 threads
Alphabet length:21
1008 valid sequences out of 1008 
41 sites, none trimmed because no target specified
Theta not between 0 and 1, no sequence reweighting applied (N = 1008.00)
iter	time	obj	|x|	|g|	crit
1	0.1	74302.9	0.0	0.1	0.1
2	0.2	71805.6	0.0	0.2	0.2


Iteration 4:

sh3_hi_sampled_seqs_cluster0_iter4:

OpenMP: Using 6 of 6 threads
Alphabet length:21
960 valid sequences out of 960 
41 sites, none trimmed because no target specified
Theta not between 0 and 1, no sequence reweighting applied (N = 960.00)
iter	time	obj	|x|	|g|	crit
1	0.1	70699.8	0.0	0.1	0.1
2	0.2	68480.3	0.0	0.2	0.2


sh3_hi_sampled_seqs_cluster1_iter4:

OpenMP: Using 6 of 6 threads
Alphabet length:21
1040 valid sequences out of 1040 
41 sites, none trimmed because no target specified
Theta not between 0 and 1, no sequence reweighting applied (N = 1040.00)
iter	time	obj	|x|	|g|	crit
1	0.1	76396.4	0.0	0.1	0.1
2	0.2	73931.3	0.0	0.2	0.2


Iteration 5:

sh3_hi_sampled_seqs_cluster0_iter5:

OpenMP: Using 6 of 6 threads
Alphabet length:21
914 valid sequences out of 914 
41 sites, none trimmed because no target specified
Theta not between 0 and 1, no sequence reweighting applied (N = 914.00)
iter	time	obj	|x|	|g|	crit
1	0.1	66613.0	0.0	0.1	0.1
2	0.2	64784.5	0.0	0.2	0.2


sh3_hi_sampled_seqs_cluster1_iter5:

OpenMP: Using 6 of 6 threads
Alphabet length:21
1086 valid sequences out of 1086 
41 sites, none trimmed because no target specified
Theta not between 0 and 1, no sequence reweighting applied (N = 1086.00)
iter	time	obj	|x|	|g|	crit
1	0.1	79374.5	0.0	0.1	0.1
2	0.2	77000.4	0.0	0.2	0.2


Iteration 6:

sh3_hi_sampled_seqs_cluster0_iter6:

OpenMP: Using 6 of 6 threads
Alphabet length:21
904 valid sequences out of 904 
41 sites, none trimmed because no target specified
Theta not between 0 and 1, no sequence reweighting applied (N = 904.00)
iter	time	obj	|x|	|g|	crit
1	0.1	65557.7	0.0	0.1	0.1
2	0.2	63566.1	0.0	0.2	0.2


sh3_hi_sampled_seqs_cluster1_iter6:

OpenMP: Using 6 of 6 threads
Alphabet length:21
1096 valid sequences out of 1096 
41 sites, none trimmed because no target specified
Theta not between 0 and 1, no sequence reweighting applied (N = 1096.00)
iter	time	obj	|x|	|g|	crit
1	0.1	80005.2	0.0	0.1	0.1
2	0.2	77929.9	0.0	0.2	0.2


Iteration 7:

sh3_hi_sampled_seqs_cluster0_iter7:

OpenMP: Using 6 of 6 threads
Alphabet length:21
917 valid sequences out of 917 
41 sites, none trimmed because no target specified
Theta not between 0 and 1, no sequence reweighting applied (N = 917.00)
iter	time	obj	|x|	|g|	crit
1	0.2	65937.1	0.0	0.1	0.1
2	0.2	63728.4	0.0	0.2	0.2


sh3_hi_sampled_seqs_cluster1_iter7:

OpenMP: Using 6 of 6 threads
Alphabet length:21
1083 valid sequences out of 1083 
41 sites, none trimmed because no target specified
Theta not between 0 and 1, no sequence reweighting applied (N = 1083.00)
iter	time	obj	|x|	|g|	crit
1	0.1	79307.6	0.0	0.1	0.1
2	0.2	76908.1	0.0	0.2	0.2


Iteration 8:

sh3_hi_sampled_seqs_cluster0_iter8:

OpenMP: Using 6 of 6 threads
Alphabet length:21
963 valid sequences out of 963 
41 sites, none trimmed because no target specified
Theta not between 0 and 1, no sequence reweighting applied (N = 963.00)
iter	time	obj	|x|	|g|	crit
1	0.1	69198.2	0.0	0.1	0.1
2	0.2	67261.1	0.0	0.2	0.2


sh3_hi_sampled_seqs_cluster1_iter8:

OpenMP: Using 6 of 6 threads
Alphabet length:21
1037 valid sequences out of 1037 
41 sites, none trimmed because no target specified
Theta not between 0 and 1, no sequence reweighting applied (N = 1037.00)
iter	time	obj	|x|	|g|	crit
1	0.1	75933.1	0.0	0.1	0.1
2	0.2	73170.4	0.0	0.2	0.2


Iteration 9:

sh3_hi_sampled_seqs_cluster0_iter9:

OpenMP: Using 6 of 6 threads
Alphabet length:21
982 valid sequences out of 982 
41 sites, none trimmed because no target specified
Theta not between 0 and 1, no sequence reweighting applied (N = 982.00)
iter	time	obj	|x|	|g|	crit
1	0.1	70338.5	0.0	0.1	0.1
2	0.2	68324.2	0.0	0.2	0.2


sh3_hi_sampled_seqs_cluster1_iter9:

OpenMP: Using 6 of 6 threads
Alphabet length:21
1018 valid sequences out of 1018 
41 sites, none trimmed because no target specified
Theta not between 0 and 1, no sequence reweighting applied (N = 1018.00)
iter	time	obj	|x|	|g|	crit
1	0.1	74223.4	0.0	0.1	0.1
2	0.2	71716.6	0.0	0.2	0.2


Iteration 10:

sh3_hi_sampled_seqs_cluster0_iter10:

OpenMP: Using 6 of 6 threads
Alphabet length:21
1014 valid sequences out of 1014 
41 sites, none trimmed because no target specified
Theta not between 0 and 1, no sequence reweighting applied (N = 1014.00)
iter	time	obj	|x|	|g|	crit
1	0.1	72887.6	0.0	0.1	0.1
2	0.2	70720.7	0.0	0.2	0.2


sh3_hi_sampled_seqs_cluster1_iter10:

OpenMP: Using 6 of 6 threads
Alphabet length:21
986 valid sequences out of 986 
41 sites, none trimmed because no target specified
Theta not between 0 and 1, no sequence reweighting applied (N = 986.00)
iter	time	obj	|x|	|g|	crit
1	0.2	71755.9	0.0	0.1	0.1
2	0.2	68996.6	0.0	0.2	0.2


Iteration 11:

sh3_hi_sampled_seqs_cluster0_iter11:

OpenMP: Using 6 of 6 threads
Alphabet length:21
1031 valid sequences out of 1031 
41 sites, none trimmed because no target specified
Theta not between 0 and 1, no sequence reweighting applied (N = 1031.00)
iter	time	obj	|x|	|g|	crit
1	0.1	74016.0	0.0	0.1	0.1
2	0.2	72211.7	0.0	0.2	0.2


sh3_hi_sampled_seqs_cluster1_iter11:

OpenMP: Using 6 of 6 threads
Alphabet length:21
969 valid sequences out of 969 
41 sites, none trimmed because no target specified
Theta not between 0 and 1, no sequence reweighting applied (N = 969.00)
iter	time	obj	|x|	|g|	crit
1	0.1	70164.6	0.0	0.1	0.1
2	0.2	67820.0	0.0	0.2	0.2


Iteration 12:

sh3_hi_sampled_seqs_cluster0_iter12:

OpenMP: Using 6 of 6 threads
Alphabet length:21
1040 valid sequences out of 1040 
41 sites, none trimmed because no target specified
Theta not between 0 and 1, no sequence reweighting applied (N = 1040.00)
iter	time	obj	|x|	|g|	crit
1	0.1	74722.4	0.0	0.1	0.1
2	0.2	72595.8	0.0	0.2	0.2


sh3_hi_sampled_seqs_cluster1_iter12:

OpenMP: Using 6 of 6 threads
Alphabet length:21
960 valid sequences out of 960 
41 sites, none trimmed because no target specified
Theta not between 0 and 1, no sequence reweighting applied (N = 960.00)
iter	time	obj	|x|	|g|	crit
1	0.1	69187.5	0.0	0.1	0.1
2	0.2	67056.2	0.0	0.2	0.2


Iteration 13:

sh3_hi_sampled_seqs_cluster0_iter13:

OpenMP: Using 6 of 6 threads
Alphabet length:21
1048 valid sequences out of 1048 
41 sites, none trimmed because no target specified
Theta not between 0 and 1, no sequence reweighting applied (N = 1048.00)
iter	time	obj	|x|	|g|	crit
1	0.1	75410.4	0.0	0.1	0.1
2	0.2	73436.8	0.0	0.2	0.2


sh3_hi_sampled_seqs_cluster1_iter13:

OpenMP: Using 6 of 6 threads
Alphabet length:21
952 valid sequences out of 952 
41 sites, none trimmed because no target specified
Theta not between 0 and 1, no sequence reweighting applied (N = 952.00)
iter	time	obj	|x|	|g|	crit
1	0.1	68635.1	0.0	0.1	0.1
2	0.2	66508.2	0.0	0.2	0.2


Iteration 14:

sh3_hi_sampled_seqs_cluster0_iter14:

OpenMP: Using 6 of 6 threads
Alphabet length:21
1045 valid sequences out of 1045 
41 sites, none trimmed because no target specified
Theta not between 0 and 1, no sequence reweighting applied (N = 1045.00)
iter	time	obj	|x|	|g|	crit
1	0.1	75146.7	0.0	0.1	0.1
2	0.2	73253.1	0.0	0.2	0.2


sh3_hi_sampled_seqs_cluster1_iter14:

OpenMP: Using 6 of 6 threads
Alphabet length:21
955 valid sequences out of 955 
41 sites, none trimmed because no target specified
Theta not between 0 and 1, no sequence reweighting applied (N = 955.00)
iter	time	obj	|x|	|g|	crit
1	0.1	68875.4	0.0	0.1	0.1
2	0.2	66644.5	0.0	0.2	0.2


Iteration 15:

sh3_hi_sampled_seqs_cluster0_iter15:

OpenMP: Using 6 of 6 threads
Alphabet length:21
1044 valid sequences out of 1044 
41 sites, none trimmed because no target specified
Theta not between 0 and 1, no sequence reweighting applied (N = 1044.00)
iter	time	obj	|x|	|g|	crit
1	0.1	75122.0	0.0	0.1	0.1
2	0.2	73145.2	0.0	0.2	0.2


sh3_hi_sampled_seqs_cluster1_iter15:

OpenMP: Using 6 of 6 threads
Alphabet length:21
956 valid sequences out of 956 
41 sites, none trimmed because no target specified
Theta not between 0 and 1, no sequence reweighting applied (N = 956.00)
iter	time	obj	|x|	|g|	crit
1	0.1	68896.9	0.0	0.1	0.1
2	0.2	67021.4	0.0	0.2	0.2


Iteration 16:

sh3_hi_sampled_seqs_cluster0_iter16:

OpenMP: Using 6 of 6 threads
Alphabet length:21
1044 valid sequences out of 1044 
41 sites, none trimmed because no target specified
Theta not between 0 and 1, no sequence reweighting applied (N = 1044.00)
iter	time	obj	|x|	|g|	crit
1	0.1	75054.7	0.0	0.1	0.1
2	0.2	73146.3	0.0	0.2	0.2


sh3_hi_sampled_seqs_cluster1_iter16:

OpenMP: Using 6 of 6 threads
Alphabet length:21
956 valid sequences out of 956 
41 sites, none trimmed because no target specified
Theta not between 0 and 1, no sequence reweighting applied (N = 956.00)
iter	time	obj	|x|	|g|	crit
1	0.1	68896.5	0.0	0.1	0.1
2	0.2	66919.8	0.0	0.2	0.2


Iteration 17:

sh3_hi_sampled_seqs_cluster0_iter17:

OpenMP: Using 6 of 6 threads
Alphabet length:21
1040 valid sequences out of 1040 
41 sites, none trimmed because no target specified
Theta not between 0 and 1, no sequence reweighting applied (N = 1040.00)
iter	time	obj	|x|	|g|	crit
1	0.1	74828.8	0.0	0.1	0.1
2	0.2	72836.2	0.0	0.2	0.2


sh3_hi_sampled_seqs_cluster1_iter17:

OpenMP: Using 6 of 6 threads
Alphabet length:21
960 valid sequences out of 960 
41 sites, none trimmed because no target specified
Theta not between 0 and 1, no sequence reweighting applied (N = 960.00)
iter	time	obj	|x|	|g|	crit
1	0.1	69218.4	0.0	0.1	0.1
2	0.2	67086.5	0.0	0.2	0.2


Iteration 18:

sh3_hi_sampled_seqs_cluster0_iter18:

OpenMP: Using 6 of 6 threads
Alphabet length:21
1039 valid sequences out of 1039 
41 sites, none trimmed because no target specified
Theta not between 0 and 1, no sequence reweighting applied (N = 1039.00)
iter	time	obj	|x|	|g|	crit
1	0.1	74650.8	0.0	0.1	0.1
2	0.2	72737.4	0.0	0.2	0.2


sh3_hi_sampled_seqs_cluster1_iter18:

OpenMP: Using 6 of 6 threads
Alphabet length:21
961 valid sequences out of 961 
41 sites, none trimmed because no target specified
Theta not between 0 and 1, no sequence reweighting applied (N = 961.00)
iter	time	obj	|x|	|g|	crit
1	0.1	69355.9	0.0	0.1	0.1
2	0.2	66908.6	0.0	0.2	0.2


Iteration 19:

sh3_hi_sampled_seqs_cluster0_iter19:

OpenMP: Using 6 of 6 threads
Alphabet length:21
1036 valid sequences out of 1036 
41 sites, none trimmed because no target specified
Theta not between 0 and 1, no sequence reweighting applied (N = 1036.00)
iter	time	obj	|x|	|g|	crit
1	0.1	74337.7	0.0	0.1	0.1
2	0.2	72715.1	0.0	0.2	0.2


sh3_hi_sampled_seqs_cluster1_iter19:

OpenMP: Using 6 of 6 threads
Alphabet length:21
964 valid sequences out of 964 
41 sites, none trimmed because no target specified
Theta not between 0 and 1, no sequence reweighting applied (N = 964.00)
iter	time	obj	|x|	|g|	crit
1	0.1	69746.6	0.0	0.1	0.1
2	0.2	67387.8	0.0	0.2	0.2


Iteration 20:

sh3_hi_sampled_seqs_cluster0_iter20:

OpenMP: Using 6 of 6 threads
Alphabet length:21
1037 valid sequences out of 1037 
41 sites, none trimmed because no target specified
Theta not between 0 and 1, no sequence reweighting applied (N = 1037.00)
iter	time	obj	|x|	|g|	crit
1	0.1	74442.6	0.0	0.1	0.1
2	0.2	72494.6	0.0	0.2	0.2


sh3_hi_sampled_seqs_cluster1_iter20:

OpenMP: Using 6 of 6 threads
Alphabet length:21
963 valid sequences out of 963 
41 sites, none trimmed because no target specified
Theta not between 0 and 1, no sequence reweighting applied (N = 963.00)
iter	time	obj	|x|	|g|	crit
1	0.1	69602.1	0.0	0.1	0.1
2	0.2	67073.9	0.0	0.2	0.2


Iteration 21:
TERMINATING: Repeated cluster assignments
