tuning/outputs/tuning_run_28/ created
tuning/outputs/tuning_run_28/iterations/ created
tuning/outputs/tuning_run_28/output/ created
{'msa-file-name': 'sh3_hi_sampled_seqs.fa', 'em_maxiter': 30, 'em_numclusters': 2, 'em_device': None, 'em_init': 'kmeans', 'em_no_iter_print': 0, 'plmc': '../../plmc/bin/plmc', 'output': 'tuning/outputs/tuning_run_28', 'fast': 1, 'scale': None, 'theta': '2', 'lambdah': '0.01', 'lambdae': '16.0', 'lambdag': None, 'gapignore': 1, 'maxiter': '20', 'ncores': 6, 'gapignore_tune': '1', 'fast_tune': '1', 'em_iter_print': 1, 'iterations_dir': 'tuning/outputs/tuning_run_28/iterations/', 'final_dir': 'tuning/outputs/tuning_run_28/output/', 'output_dir': 'tuning/outputs/tuning_run_28/', 'plmc_options': ['-t 2', '-lh 0.01', '-le 16.0', '-m 20', '-n 6', '-g', '--fast'], 'device': device(type='cpu')}

Using cpu


Iteration 0:

sh3_hi_sampled_seqs_cluster0_iter0:

OpenMP: Using 6 of 6 threads
Alphabet length:21
1137 valid sequences out of 1137 
41 sites, none trimmed because no target specified
Theta not between 0 and 1, no sequence reweighting applied (N = 1137.00)
iter	time	obj	|x|	|g|	crit
1	0.1	82212.7	0.0	0.1	0.1
2	0.2	80321.9	0.0	0.2	0.2
3	0.3	78132.0	0.0	0.3	0.3
4	0.3	76226.6	0.0	0.3	0.3
5	0.4	75011.9	0.0	0.3	0.3
6	0.5	74008.1	0.0	0.4	0.4
7	0.5	72722.9	0.0	0.4	0.4
8	0.6	71863.5	0.0	0.4	0.4
9	0.6	71152.8	0.0	0.4	0.4
10	0.7	70469.1	0.0	0.4	0.4
11	0.7	69822.7	0.0	0.4	0.4
12	0.8	69595.0	0.0	0.4	0.4
13	0.9	69290.3	0.0	0.3	0.3
14	0.9	68913.8	0.0	0.3	0.3
15	1.0	68598.8	0.0	0.3	0.3
16	1.1	68667.0	0.0	0.3	0.3
17	1.1	68510.5	0.0	0.3	0.3
18	1.2	68372.9	0.0	0.3	0.3
19	1.2	68050.4	0.0	0.3	0.3
20	1.3	67758.9	0.0	0.3	0.3


sh3_hi_sampled_seqs_cluster1_iter0:

OpenMP: Using 6 of 6 threads
Alphabet length:21
863 valid sequences out of 863 
41 sites, none trimmed because no target specified
Theta not between 0 and 1, no sequence reweighting applied (N = 863.00)
iter	time	obj	|x|	|g|	crit
1	0.1	61785.1	0.0	0.1	0.1
2	0.2	59687.4	0.0	0.2	0.2
3	0.2	57630.3	0.0	0.2	0.2
4	0.3	55885.4	0.0	0.3	0.3
5	0.4	54581.5	0.0	0.3	0.3
6	0.5	53744.3	0.0	0.3	0.3
7	0.6	52672.6	0.0	0.3	0.3
8	0.6	51792.1	0.0	0.3	0.3
9	0.7	51245.2	0.0	0.3	0.3
10	0.7	50611.5	0.0	0.3	0.3
11	0.8	50282.9	0.0	0.3	0.3
12	0.9	50079.3	0.0	0.3	0.3
13	0.9	49539.4	0.0	0.3	0.3
14	1.0	49308.3	0.0	0.3	0.3
15	1.1	49052.3	0.0	0.2	0.2
16	1.1	49170.9	0.0	0.2	0.2
17	1.2	48843.9	0.0	0.2	0.2
18	1.2	48833.0	0.0	0.2	0.2
19	1.3	48582.6	0.0	0.2	0.2
20	1.4	48319.4	0.0	0.2	0.2


Iteration 1:

sh3_hi_sampled_seqs_cluster0_iter1:

OpenMP: Using 6 of 6 threads
Alphabet length:21
1136 valid sequences out of 1136 
41 sites, none trimmed because no target specified
Theta not between 0 and 1, no sequence reweighting applied (N = 1136.00)
iter	time	obj	|x|	|g|	crit
1	0.1	82232.9	0.0	0.1	0.1
2	0.2	80258.1	0.0	0.2	0.2
3	0.2	78000.9	0.0	0.3	0.3
4	0.3	76309.5	0.0	0.3	0.3
5	0.3	74812.7	0.0	0.3	0.3
6	0.4	73784.8	0.0	0.4	0.4
7	0.5	72780.5	0.0	0.4	0.4
8	0.5	71728.7	0.0	0.4	0.4
9	0.6	71067.9	0.0	0.4	0.4
10	0.7	70380.6	0.0	0.4	0.4
11	0.7	69838.9	0.0	0.4	0.4
12	0.8	69528.5	0.0	0.4	0.4
13	0.9	69147.0	0.0	0.3	0.3
14	0.9	68826.1	0.0	0.3	0.3
15	1.0	68596.1	0.0	0.3	0.3
16	1.0	68771.1	0.0	0.3	0.3
17	1.1	68235.0	0.0	0.3	0.3
18	1.2	68452.9	0.0	0.3	0.3
19	1.2	68042.2	0.0	0.3	0.3
20	1.3	67856.7	0.0	0.3	0.3


sh3_hi_sampled_seqs_cluster1_iter1:

OpenMP: Using 6 of 6 threads
Alphabet length:21
864 valid sequences out of 864 
41 sites, none trimmed because no target specified
Theta not between 0 and 1, no sequence reweighting applied (N = 864.00)
iter	time	obj	|x|	|g|	crit
1	0.1	61722.4	0.0	0.1	0.1
2	0.1	59805.6	0.0	0.2	0.2
3	0.2	57739.5	0.0	0.2	0.2
4	0.2	56003.5	0.0	0.3	0.3
5	0.3	54672.6	0.0	0.3	0.3
6	0.4	53710.8	0.0	0.3	0.3
7	0.4	52628.3	0.0	0.3	0.3
8	0.5	51823.9	0.0	0.3	0.3
9	0.5	51266.6	0.0	0.3	0.3
10	0.6	50608.4	0.0	0.3	0.3
11	0.7	50304.5	0.0	0.3	0.3
12	0.7	50027.4	0.0	0.3	0.3
13	0.8	49642.9	0.0	0.3	0.3
14	0.8	49307.3	0.0	0.3	0.3
15	0.9	49127.6	0.0	0.2	0.2
16	1.0	49356.5	0.0	0.2	0.2
17	1.0	48926.1	0.0	0.2	0.2
18	1.1	48865.9	0.0	0.2	0.2
19	1.1	48686.8	0.0	0.2	0.2
20	1.2	48365.4	0.0	0.2	0.2


Iteration 2:
TERMINATING: Repeated cluster assignments
