tuning/outputs/tuning_run_33/ created
tuning/outputs/tuning_run_33/iterations/ created
tuning/outputs/tuning_run_33/output/ created
{'msa-file-name': 'sh3_hi_sampled_seqs.fa', 'em_maxiter': 30, 'em_numclusters': 2, 'em_device': None, 'em_init': 'random', 'em_no_iter_print': 0, 'plmc': '../../plmc/bin/plmc', 'output': 'tuning/outputs/tuning_run_33', 'fast': 1, 'scale': None, 'theta': '0.8', 'lambdah': '0.01', 'lambdae': '16.0', 'lambdag': None, 'gapignore': 0, 'maxiter': '2', 'ncores': 6, 'gapignore_tune': '0', 'fast_tune': '1', 'em_iter_print': 1, 'iterations_dir': 'tuning/outputs/tuning_run_33/iterations/', 'final_dir': 'tuning/outputs/tuning_run_33/output/', 'output_dir': 'tuning/outputs/tuning_run_33/', 'plmc_options': ['-t 0.8', '-lh 0.01', '-le 16.0', '-m 2', '-n 6', '--fast'], 'device': device(type='cpu')}

Using cpu


Iteration 0:

sh3_hi_sampled_seqs_cluster0_iter0:

OpenMP: Using 6 of 6 threads
Alphabet length:21
1000 valid sequences out of 1000 
41 sites, none trimmed because no target specified
Clustering..........
Effective number of samples: 1.1	(20% identical neighborhood = 1.000 samples)
iter	time	obj	|x|	|g|	crit
1	0.1	126.3	0.0	0.0	0.0


sh3_hi_sampled_seqs_cluster1_iter0:

OpenMP: Using 6 of 6 threads
Alphabet length:21
1000 valid sequences out of 1000 
41 sites, none trimmed because no target specified
Clustering..........
Effective number of samples: 1.1	(20% identical neighborhood = 1.000 samples)
iter	time	obj	|x|	|g|	crit
1	0.1	125.0	0.0	0.0	0.0


Iteration 1:

sh3_hi_sampled_seqs_cluster0_iter1:

OpenMP: Using 6 of 6 threads
Alphabet length:21
1003 valid sequences out of 1003 
41 sites, none trimmed because no target specified
Clustering..........
Effective number of samples: 1.1	(20% identical neighborhood = 1.000 samples)
iter	time	obj	|x|	|g|	crit
1	0.1	126.2	0.0	0.0	0.0


sh3_hi_sampled_seqs_cluster1_iter1:

OpenMP: Using 6 of 6 threads
Alphabet length:21
997 valid sequences out of 997 
41 sites, none trimmed because no target specified
Clustering..........
Effective number of samples: 1.1	(20% identical neighborhood = 1.000 samples)
iter	time	obj	|x|	|g|	crit
1	0.1	125.2	0.0	0.0	0.0


Iteration 2:

sh3_hi_sampled_seqs_cluster0_iter2:

OpenMP: Using 6 of 6 threads
Alphabet length:21
981 valid sequences out of 981 
41 sites, none trimmed because no target specified
Clustering..........
Effective number of samples: 1.1	(20% identical neighborhood = 1.000 samples)
iter	time	obj	|x|	|g|	crit
1	0.1	126.2	0.0	0.0	0.0


sh3_hi_sampled_seqs_cluster1_iter2:

OpenMP: Using 6 of 6 threads
Alphabet length:21
1019 valid sequences out of 1019 
41 sites, none trimmed because no target specified
Clustering..........
Effective number of samples: 1.1	(20% identical neighborhood = 1.000 samples)
iter	time	obj	|x|	|g|	crit
1	0.1	125.2	0.0	0.0	0.0


Iteration 3:

sh3_hi_sampled_seqs_cluster0_iter3:

OpenMP: Using 6 of 6 threads
Alphabet length:21
985 valid sequences out of 985 
41 sites, none trimmed because no target specified
Clustering..........
Effective number of samples: 1.1	(20% identical neighborhood = 1.000 samples)
iter	time	obj	|x|	|g|	crit
1	0.1	126.0	0.0	0.0	0.0


sh3_hi_sampled_seqs_cluster1_iter3:

OpenMP: Using 6 of 6 threads
Alphabet length:21
1015 valid sequences out of 1015 
41 sites, none trimmed because no target specified
Clustering..........
Effective number of samples: 1.1	(20% identical neighborhood = 1.000 samples)
iter	time	obj	|x|	|g|	crit
1	0.1	125.2	0.0	0.0	0.0


Iteration 4:

sh3_hi_sampled_seqs_cluster0_iter4:

OpenMP: Using 6 of 6 threads
Alphabet length:21
974 valid sequences out of 974 
41 sites, none trimmed because no target specified
Clustering..........
Effective number of samples: 1.1	(20% identical neighborhood = 1.000 samples)
iter	time	obj	|x|	|g|	crit
1	0.1	125.8	0.0	0.0	0.0


sh3_hi_sampled_seqs_cluster1_iter4:

OpenMP: Using 6 of 6 threads
Alphabet length:21
1026 valid sequences out of 1026 
41 sites, none trimmed because no target specified
Clustering..........
Effective number of samples: 1.1	(20% identical neighborhood = 1.000 samples)
iter	time	obj	|x|	|g|	crit
1	0.1	125.3	0.0	0.0	0.0


Iteration 5:

sh3_hi_sampled_seqs_cluster0_iter5:

OpenMP: Using 6 of 6 threads
Alphabet length:21
974 valid sequences out of 974 
41 sites, none trimmed because no target specified
Clustering..........
Effective number of samples: 1.1	(20% identical neighborhood = 1.000 samples)
iter	time	obj	|x|	|g|	crit
1	0.1	125.7	0.0	0.0	0.0


sh3_hi_sampled_seqs_cluster1_iter5:

OpenMP: Using 6 of 6 threads
Alphabet length:21
1026 valid sequences out of 1026 
41 sites, none trimmed because no target specified
Clustering..........
Effective number of samples: 1.1	(20% identical neighborhood = 1.000 samples)
iter	time	obj	|x|	|g|	crit
1	0.1	125.3	0.0	0.0	0.0


Iteration 6:

sh3_hi_sampled_seqs_cluster0_iter6:

OpenMP: Using 6 of 6 threads
Alphabet length:21
956 valid sequences out of 956 
41 sites, none trimmed because no target specified
Clustering..........
Effective number of samples: 1.1	(20% identical neighborhood = 1.000 samples)
iter	time	obj	|x|	|g|	crit
1	0.1	125.9	0.0	0.0	0.0


sh3_hi_sampled_seqs_cluster1_iter6:

OpenMP: Using 6 of 6 threads
Alphabet length:21
1044 valid sequences out of 1044 
41 sites, none trimmed because no target specified
Clustering..........
Effective number of samples: 1.1	(20% identical neighborhood = 1.000 samples)
iter	time	obj	|x|	|g|	crit
1	0.1	125.1	0.0	0.0	0.0


Iteration 7:

sh3_hi_sampled_seqs_cluster0_iter7:

OpenMP: Using 6 of 6 threads
Alphabet length:21
955 valid sequences out of 955 
41 sites, none trimmed because no target specified
Clustering..........
Effective number of samples: 1.1	(20% identical neighborhood = 1.000 samples)
iter	time	obj	|x|	|g|	crit
1	0.1	126.0	0.0	0.0	0.0


sh3_hi_sampled_seqs_cluster1_iter7:

OpenMP: Using 6 of 6 threads
Alphabet length:21
1045 valid sequences out of 1045 
41 sites, none trimmed because no target specified
Clustering..........
Effective number of samples: 1.1	(20% identical neighborhood = 1.000 samples)
iter	time	obj	|x|	|g|	crit
1	0.1	125.0	0.0	0.0	0.0


Iteration 8:

sh3_hi_sampled_seqs_cluster0_iter8:

OpenMP: Using 6 of 6 threads
Alphabet length:21
961 valid sequences out of 961 
41 sites, none trimmed because no target specified
Clustering..........
Effective number of samples: 1.1	(20% identical neighborhood = 1.000 samples)
iter	time	obj	|x|	|g|	crit
1	0.1	125.7	0.0	0.0	0.0


sh3_hi_sampled_seqs_cluster1_iter8:

OpenMP: Using 6 of 6 threads
Alphabet length:21
1039 valid sequences out of 1039 
41 sites, none trimmed because no target specified
Clustering..........
Effective number of samples: 1.1	(20% identical neighborhood = 1.000 samples)
iter	time	obj	|x|	|g|	crit
1	0.1	125.2	0.0	0.0	0.0


Iteration 9:

sh3_hi_sampled_seqs_cluster0_iter9:

OpenMP: Using 6 of 6 threads
Alphabet length:21
956 valid sequences out of 956 
41 sites, none trimmed because no target specified
Clustering..........
Effective number of samples: 1.1	(20% identical neighborhood = 1.000 samples)
iter	time	obj	|x|	|g|	crit
1	0.1	125.7	0.0	0.0	0.0


sh3_hi_sampled_seqs_cluster1_iter9:

OpenMP: Using 6 of 6 threads
Alphabet length:21
1044 valid sequences out of 1044 
41 sites, none trimmed because no target specified
Clustering..........
Effective number of samples: 1.1	(20% identical neighborhood = 1.000 samples)
iter	time	obj	|x|	|g|	crit
1	0.1	125.2	0.0	0.0	0.0


Iteration 10:

sh3_hi_sampled_seqs_cluster0_iter10:

OpenMP: Using 6 of 6 threads
Alphabet length:21
940 valid sequences out of 940 
41 sites, none trimmed because no target specified
Clustering..........
Effective number of samples: 1.1	(20% identical neighborhood = 1.000 samples)
iter	time	obj	|x|	|g|	crit
1	0.1	125.7	0.0	0.0	0.0


sh3_hi_sampled_seqs_cluster1_iter10:

OpenMP: Using 6 of 6 threads
Alphabet length:21
1060 valid sequences out of 1060 
41 sites, none trimmed because no target specified
Clustering..........
Effective number of samples: 1.1	(20% identical neighborhood = 1.000 samples)
iter	time	obj	|x|	|g|	crit
1	0.1	125.2	0.0	0.0	0.0


Iteration 11:

sh3_hi_sampled_seqs_cluster0_iter11:

OpenMP: Using 6 of 6 threads
Alphabet length:21
931 valid sequences out of 931 
41 sites, none trimmed because no target specified
Clustering..........
Effective number of samples: 1.1	(20% identical neighborhood = 1.000 samples)
iter	time	obj	|x|	|g|	crit
1	0.1	125.4	0.0	0.0	0.0


sh3_hi_sampled_seqs_cluster1_iter11:

OpenMP: Using 6 of 6 threads
Alphabet length:21
1069 valid sequences out of 1069 
41 sites, none trimmed because no target specified
Clustering..........
Effective number of samples: 1.1	(20% identical neighborhood = 1.000 samples)
iter	time	obj	|x|	|g|	crit
1	0.1	125.4	0.0	0.0	0.0


Iteration 12:

sh3_hi_sampled_seqs_cluster0_iter12:

OpenMP: Using 6 of 6 threads
Alphabet length:21
931 valid sequences out of 931 
41 sites, none trimmed because no target specified
Clustering..........
Effective number of samples: 1.1	(20% identical neighborhood = 1.000 samples)
iter	time	obj	|x|	|g|	crit
1	0.1	125.5	0.0	0.0	0.0


sh3_hi_sampled_seqs_cluster1_iter12:

OpenMP: Using 6 of 6 threads
Alphabet length:21
1069 valid sequences out of 1069 
41 sites, none trimmed because no target specified
Clustering..........
Effective number of samples: 1.1	(20% identical neighborhood = 1.000 samples)
iter	time	obj	|x|	|g|	crit
1	0.1	125.4	0.0	0.0	0.0


Iteration 13:

sh3_hi_sampled_seqs_cluster0_iter13:

OpenMP: Using 6 of 6 threads
Alphabet length:21
928 valid sequences out of 928 
41 sites, none trimmed because no target specified
Clustering..........
Effective number of samples: 1.1	(20% identical neighborhood = 1.000 samples)
iter	time	obj	|x|	|g|	crit
1	0.1	125.7	0.0	0.0	0.0


sh3_hi_sampled_seqs_cluster1_iter13:

OpenMP: Using 6 of 6 threads
Alphabet length:21
1072 valid sequences out of 1072 
41 sites, none trimmed because no target specified
Clustering..........
Effective number of samples: 1.1	(20% identical neighborhood = 1.000 samples)
iter	time	obj	|x|	|g|	crit
1	0.1	125.2	0.0	0.0	0.0


Iteration 14:

sh3_hi_sampled_seqs_cluster0_iter14:

OpenMP: Using 6 of 6 threads
Alphabet length:21
926 valid sequences out of 926 
41 sites, none trimmed because no target specified
Clustering..........
Effective number of samples: 1.1	(20% identical neighborhood = 1.000 samples)
iter	time	obj	|x|	|g|	crit
1	0.1	125.5	0.0	0.0	0.0


sh3_hi_sampled_seqs_cluster1_iter14:

OpenMP: Using 6 of 6 threads
Alphabet length:21
1074 valid sequences out of 1074 
41 sites, none trimmed because no target specified
Clustering..........
Effective number of samples: 1.1	(20% identical neighborhood = 1.000 samples)
iter	time	obj	|x|	|g|	crit
1	0.1	125.4	0.0	0.0	0.0


Iteration 15:

sh3_hi_sampled_seqs_cluster0_iter15:

OpenMP: Using 6 of 6 threads
Alphabet length:21
912 valid sequences out of 912 
41 sites, none trimmed because no target specified
Clustering..........
Effective number of samples: 1.1	(20% identical neighborhood = 1.000 samples)
iter	time	obj	|x|	|g|	crit
1	0.1	125.5	0.0	0.0	0.0


sh3_hi_sampled_seqs_cluster1_iter15:

OpenMP: Using 6 of 6 threads
Alphabet length:21
1088 valid sequences out of 1088 
41 sites, none trimmed because no target specified
Clustering..........
Effective number of samples: 1.1	(20% identical neighborhood = 1.000 samples)
iter	time	obj	|x|	|g|	crit
1	0.1	125.3	0.0	0.0	0.0


Iteration 16:

sh3_hi_sampled_seqs_cluster0_iter16:

OpenMP: Using 6 of 6 threads
Alphabet length:21
909 valid sequences out of 909 
41 sites, none trimmed because no target specified
Clustering..........
Effective number of samples: 1.1	(20% identical neighborhood = 1.000 samples)
iter	time	obj	|x|	|g|	crit
1	0.1	125.4	0.0	0.0	0.0


sh3_hi_sampled_seqs_cluster1_iter16:

OpenMP: Using 6 of 6 threads
Alphabet length:21
1091 valid sequences out of 1091 
41 sites, none trimmed because no target specified
Clustering..........
Effective number of samples: 1.1	(20% identical neighborhood = 1.000 samples)
iter	time	obj	|x|	|g|	crit
1	0.1	125.4	0.0	0.0	0.0


Iteration 17:

sh3_hi_sampled_seqs_cluster0_iter17:

OpenMP: Using 6 of 6 threads
Alphabet length:21
906 valid sequences out of 906 
41 sites, none trimmed because no target specified
Clustering..........
Effective number of samples: 1.1	(20% identical neighborhood = 1.000 samples)
iter	time	obj	|x|	|g|	crit
1	0.1	125.2	0.0	0.0	0.0


sh3_hi_sampled_seqs_cluster1_iter17:

OpenMP: Using 6 of 6 threads
Alphabet length:21
1094 valid sequences out of 1094 
41 sites, none trimmed because no target specified
Clustering..........
Effective number of samples: 1.1	(20% identical neighborhood = 1.000 samples)
iter	time	obj	|x|	|g|	crit
1	0.1	125.6	0.0	0.0	0.0


Iteration 18:

sh3_hi_sampled_seqs_cluster0_iter18:

OpenMP: Using 6 of 6 threads
Alphabet length:21
909 valid sequences out of 909 
41 sites, none trimmed because no target specified
Clustering..........
Effective number of samples: 1.1	(20% identical neighborhood = 1.000 samples)
iter	time	obj	|x|	|g|	crit
1	0.1	125.2	0.0	0.0	0.0


sh3_hi_sampled_seqs_cluster1_iter18:

OpenMP: Using 6 of 6 threads
Alphabet length:21
1091 valid sequences out of 1091 
41 sites, none trimmed because no target specified
Clustering..........
Effective number of samples: 1.1	(20% identical neighborhood = 1.000 samples)
iter	time	obj	|x|	|g|	crit
1	0.1	125.6	0.0	0.0	0.0


Iteration 19:

sh3_hi_sampled_seqs_cluster0_iter19:

OpenMP: Using 6 of 6 threads
Alphabet length:21
900 valid sequences out of 900 
41 sites, none trimmed because no target specified
Clustering..........
Effective number of samples: 1.1	(20% identical neighborhood = 1.000 samples)
iter	time	obj	|x|	|g|	crit
1	0.1	125.1	0.0	0.0	0.0


sh3_hi_sampled_seqs_cluster1_iter19:

OpenMP: Using 6 of 6 threads
Alphabet length:21
1100 valid sequences out of 1100 
41 sites, none trimmed because no target specified
Clustering..........
Effective number of samples: 1.1	(20% identical neighborhood = 1.000 samples)
iter	time	obj	|x|	|g|	crit
1	0.1	125.6	0.0	0.0	0.0


Iteration 20:

sh3_hi_sampled_seqs_cluster0_iter20:

OpenMP: Using 6 of 6 threads
Alphabet length:21
902 valid sequences out of 902 
41 sites, none trimmed because no target specified
Clustering..........
Effective number of samples: 1.1	(20% identical neighborhood = 1.000 samples)
iter	time	obj	|x|	|g|	crit
1	0.1	124.9	0.0	0.0	0.0


sh3_hi_sampled_seqs_cluster1_iter20:

OpenMP: Using 6 of 6 threads
Alphabet length:21
1098 valid sequences out of 1098 
41 sites, none trimmed because no target specified
Clustering..........
Effective number of samples: 1.1	(20% identical neighborhood = 1.000 samples)
iter	time	obj	|x|	|g|	crit
1	0.1	125.7	0.0	0.0	0.0


Iteration 21:

sh3_hi_sampled_seqs_cluster0_iter21:

OpenMP: Using 6 of 6 threads
Alphabet length:21
891 valid sequences out of 891 
41 sites, none trimmed because no target specified
Clustering..........
Effective number of samples: 1.1	(20% identical neighborhood = 1.000 samples)
iter	time	obj	|x|	|g|	crit
1	0.1	124.8	0.0	0.0	0.0


sh3_hi_sampled_seqs_cluster1_iter21:

OpenMP: Using 6 of 6 threads
Alphabet length:21
1109 valid sequences out of 1109 
41 sites, none trimmed because no target specified
Clustering..........
Effective number of samples: 1.1	(20% identical neighborhood = 1.000 samples)
iter	time	obj	|x|	|g|	crit
1	0.1	125.8	0.0	0.0	0.0


Iteration 22:

sh3_hi_sampled_seqs_cluster0_iter22:

OpenMP: Using 6 of 6 threads
Alphabet length:21
896 valid sequences out of 896 
41 sites, none trimmed because no target specified
Clustering..........
Effective number of samples: 1.1	(20% identical neighborhood = 1.000 samples)
iter	time	obj	|x|	|g|	crit
1	0.1	124.6	0.0	0.0	0.0


sh3_hi_sampled_seqs_cluster1_iter22:

OpenMP: Using 6 of 6 threads
Alphabet length:21
1104 valid sequences out of 1104 
41 sites, none trimmed because no target specified
Clustering..........
Effective number of samples: 1.1	(20% identical neighborhood = 1.000 samples)
iter	time	obj	|x|	|g|	crit
1	0.1	126.0	0.0	0.0	0.0


Iteration 23:

sh3_hi_sampled_seqs_cluster0_iter23:

OpenMP: Using 6 of 6 threads
Alphabet length:21
895 valid sequences out of 895 
41 sites, none trimmed because no target specified
Clustering..........
Effective number of samples: 1.1	(20% identical neighborhood = 1.000 samples)
iter	time	obj	|x|	|g|	crit
1	0.1	124.4	0.0	0.0	0.0


sh3_hi_sampled_seqs_cluster1_iter23:

OpenMP: Using 6 of 6 threads
Alphabet length:21
1105 valid sequences out of 1105 
41 sites, none trimmed because no target specified
Clustering..........
Effective number of samples: 1.1	(20% identical neighborhood = 1.000 samples)
iter	time	obj	|x|	|g|	crit
1	0.1	126.1	0.0	0.0	0.0


Iteration 24:

sh3_hi_sampled_seqs_cluster0_iter24:

OpenMP: Using 6 of 6 threads
Alphabet length:21
890 valid sequences out of 890 
41 sites, none trimmed because no target specified
Clustering..........
Effective number of samples: 1.1	(20% identical neighborhood = 1.000 samples)
iter	time	obj	|x|	|g|	crit
1	0.1	124.5	0.0	0.0	0.0


sh3_hi_sampled_seqs_cluster1_iter24:

OpenMP: Using 6 of 6 threads
Alphabet length:21
1110 valid sequences out of 1110 
41 sites, none trimmed because no target specified
Clustering..........
Effective number of samples: 1.1	(20% identical neighborhood = 1.000 samples)
iter	time	obj	|x|	|g|	crit
1	0.1	126.1	0.0	0.0	0.0


Iteration 25:

sh3_hi_sampled_seqs_cluster0_iter25:

OpenMP: Using 6 of 6 threads
Alphabet length:21
888 valid sequences out of 888 
41 sites, none trimmed because no target specified
Clustering..........
Effective number of samples: 1.1	(20% identical neighborhood = 1.000 samples)
iter	time	obj	|x|	|g|	crit
1	0.1	124.6	0.0	0.0	0.0


sh3_hi_sampled_seqs_cluster1_iter25:

OpenMP: Using 6 of 6 threads
Alphabet length:21
1112 valid sequences out of 1112 
41 sites, none trimmed because no target specified
Clustering..........
Effective number of samples: 1.1	(20% identical neighborhood = 1.000 samples)
iter	time	obj	|x|	|g|	crit
1	0.1	125.9	0.0	0.0	0.0


Iteration 26:

sh3_hi_sampled_seqs_cluster0_iter26:

OpenMP: Using 6 of 6 threads
Alphabet length:21
890 valid sequences out of 890 
41 sites, none trimmed because no target specified
Clustering..........
Effective number of samples: 1.1	(20% identical neighborhood = 1.000 samples)
iter	time	obj	|x|	|g|	crit
1	0.1	124.6	0.0	0.0	0.0


sh3_hi_sampled_seqs_cluster1_iter26:

OpenMP: Using 6 of 6 threads
Alphabet length:21
1110 valid sequences out of 1110 
41 sites, none trimmed because no target specified
Clustering..........
Effective number of samples: 1.1	(20% identical neighborhood = 1.000 samples)
iter	time	obj	|x|	|g|	crit
1	0.1	125.9	0.0	0.0	0.0


Iteration 27:

sh3_hi_sampled_seqs_cluster0_iter27:

OpenMP: Using 6 of 6 threads
Alphabet length:21
897 valid sequences out of 897 
41 sites, none trimmed because no target specified
Clustering..........
Effective number of samples: 1.1	(20% identical neighborhood = 1.000 samples)
iter	time	obj	|x|	|g|	crit
1	0.1	124.5	0.0	0.0	0.0


sh3_hi_sampled_seqs_cluster1_iter27:

OpenMP: Using 6 of 6 threads
Alphabet length:21
1103 valid sequences out of 1103 
41 sites, none trimmed because no target specified
Clustering..........
Effective number of samples: 1.1	(20% identical neighborhood = 1.000 samples)
iter	time	obj	|x|	|g|	crit
1	0.1	126.0	0.0	0.0	0.0


Iteration 28:

sh3_hi_sampled_seqs_cluster0_iter28:

OpenMP: Using 6 of 6 threads
Alphabet length:21
900 valid sequences out of 900 
41 sites, none trimmed because no target specified
Clustering..........
Effective number of samples: 1.1	(20% identical neighborhood = 1.000 samples)
iter	time	obj	|x|	|g|	crit
1	0.1	124.5	0.0	0.0	0.0


sh3_hi_sampled_seqs_cluster1_iter28:

OpenMP: Using 6 of 6 threads
Alphabet length:21
1100 valid sequences out of 1100 
41 sites, none trimmed because no target specified
Clustering..........
Effective number of samples: 1.1	(20% identical neighborhood = 1.000 samples)
iter	time	obj	|x|	|g|	crit
1	0.1	126.0	0.0	0.0	0.0


Iteration 29:

sh3_hi_sampled_seqs_cluster0_iter29:

OpenMP: Using 6 of 6 threads
Alphabet length:21
895 valid sequences out of 895 
41 sites, none trimmed because no target specified
Clustering..........
Effective number of samples: 1.1	(20% identical neighborhood = 1.000 samples)
iter	time	obj	|x|	|g|	crit
1	0.1	124.3	0.0	0.0	0.0


sh3_hi_sampled_seqs_cluster1_iter29:

OpenMP: Using 6 of 6 threads
Alphabet length:21
1105 valid sequences out of 1105 
41 sites, none trimmed because no target specified
Clustering..........
Effective number of samples: 1.1	(20% identical neighborhood = 1.000 samples)
iter	time	obj	|x|	|g|	crit
1	0.1	126.1	0.0	0.0	0.0


Iteration 30:

sh3_hi_sampled_seqs_cluster0_iter30:

OpenMP: Using 6 of 6 threads
Alphabet length:21
901 valid sequences out of 901 
41 sites, none trimmed because no target specified
Clustering..........
Effective number of samples: 1.1	(20% identical neighborhood = 1.000 samples)
iter	time	obj	|x|	|g|	crit
1	0.1	124.2	0.0	0.0	0.0


sh3_hi_sampled_seqs_cluster1_iter30:

OpenMP: Using 6 of 6 threads
Alphabet length:21
1099 valid sequences out of 1099 
41 sites, none trimmed because no target specified
Clustering..........
Effective number of samples: 1.1	(20% identical neighborhood = 1.000 samples)
iter	time	obj	|x|	|g|	crit
1	0.1	126.2	0.0	0.0	0.0

