tuning/outputs/tuning_run_18/ created
tuning/outputs/tuning_run_18/iterations/ created
tuning/outputs/tuning_run_18/output/ created
{'msa-file-name': 'sh3_hi_sampled_seqs.fa', 'em_maxiter': 30, 'em_numclusters': 2, 'em_device': None, 'em_init': 'kmeans', 'em_no_iter_print': 0, 'plmc': '../../plmc/bin/plmc', 'output': 'tuning/outputs/tuning_run_18', 'fast': 0, 'scale': None, 'theta': '2', 'lambdah': '0.01', 'lambdae': '16.0', 'lambdag': None, 'gapignore': 1, 'maxiter': '2', 'ncores': 6, 'gapignore_tune': '1', 'fast_tune': '0', 'em_iter_print': 1, 'iterations_dir': 'tuning/outputs/tuning_run_18/iterations/', 'final_dir': 'tuning/outputs/tuning_run_18/output/', 'output_dir': 'tuning/outputs/tuning_run_18/', 'plmc_options': ['-t 2', '-lh 0.01', '-le 16.0', '-m 2', '-n 6', '-g'], 'device': device(type='cpu')}

Using cpu


Iteration 0:

sh3_hi_sampled_seqs_cluster0_iter0:

OpenMP: Using 6 of 6 threads
Alphabet length:21
859 valid sequences out of 859 
41 sites, none trimmed because no target specified
Theta not between 0 and 1, no sequence reweighting applied (N = 859.00)
iter	time	cond	fx	-loglk	||h||	||e||
1	0.1	35.39	59847.2	59812.1	43.8	1.0
2	0.1	38.31	54007.5	52904.1	43.9	8.2
Gradient optimization: MAXIMUMITERATION


sh3_hi_sampled_seqs_cluster1_iter0:

OpenMP: Using 6 of 6 threads
Alphabet length:21
1141 valid sequences out of 1141 
41 sites, none trimmed because no target specified
Theta not between 0 and 1, no sequence reweighting applied (N = 1141.00)
iter	time	cond	fx	-loglk	||h||	||e||
1	0.1	34.93	81283.8	81248.2	44.3	1.0
2	0.1	49.47	74596.8	73376.7	44.4	8.7
Gradient optimization: MAXIMUMITERATION


Iteration 1:

sh3_hi_sampled_seqs_cluster0_iter1:

OpenMP: Using 6 of 6 threads
Alphabet length:21
861 valid sequences out of 861 
41 sites, none trimmed because no target specified
Theta not between 0 and 1, no sequence reweighting applied (N = 861.00)
iter	time	cond	fx	-loglk	||h||	||e||
1	0.1	35.48	59979.3	59944.1	43.8	1.0
2	0.2	38.51	54104.1	52992.2	43.9	8.3
Gradient optimization: MAXIMUMITERATION


sh3_hi_sampled_seqs_cluster1_iter1:

OpenMP: Using 6 of 6 threads
Alphabet length:21
1139 valid sequences out of 1139 
41 sites, none trimmed because no target specified
Theta not between 0 and 1, no sequence reweighting applied (N = 1139.00)
iter	time	cond	fx	-loglk	||h||	||e||
1	0.1	34.91	81125.4	81089.8	44.3	1.0
2	0.2	49.39	74447.1	73229.2	44.4	8.7
Gradient optimization: MAXIMUMITERATION


Iteration 2:

sh3_hi_sampled_seqs_cluster0_iter2:

OpenMP: Using 6 of 6 threads
Alphabet length:21
860 valid sequences out of 860 
41 sites, none trimmed because no target specified
Theta not between 0 and 1, no sequence reweighting applied (N = 860.00)
iter	time	cond	fx	-loglk	||h||	||e||
1	0.1	35.47	59911.6	59876.5	43.8	1.0
2	0.1	38.51	54041.8	52930.3	43.9	8.3
Gradient optimization: MAXIMUMITERATION


sh3_hi_sampled_seqs_cluster1_iter2:

OpenMP: Using 6 of 6 threads
Alphabet length:21
1140 valid sequences out of 1140 
41 sites, none trimmed because no target specified
Theta not between 0 and 1, no sequence reweighting applied (N = 1140.00)
iter	time	cond	fx	-loglk	||h||	||e||
1	0.1	34.92	81189.4	81153.8	44.3	1.0
2	0.2	49.33	74500.8	73279.2	44.5	8.7
Gradient optimization: MAXIMUMITERATION


Iteration 3:
TERMINATING: Repeated cluster assignments
