tuning/outputs/tuning_run_38/ created
tuning/outputs/tuning_run_38/iterations/ created
tuning/outputs/tuning_run_38/output/ created
{'msa-file-name': 'sh3_hi_sampled_seqs.fa', 'em_maxiter': 30, 'em_numclusters': 2, 'em_device': None, 'em_init': 'kmeans', 'em_no_iter_print': 0, 'plmc': '../../plmc/bin/plmc', 'output': 'tuning/outputs/tuning_run_38', 'fast': 0, 'scale': None, 'theta': '0.8', 'lambdah': '0.01', 'lambdae': '16.0', 'lambdag': None, 'gapignore': 0, 'maxiter': '5', 'ncores': 6, 'gapignore_tune': '0', 'fast_tune': '0', 'em_iter_print': 1, 'iterations_dir': 'tuning/outputs/tuning_run_38/iterations/', 'final_dir': 'tuning/outputs/tuning_run_38/output/', 'output_dir': 'tuning/outputs/tuning_run_38/', 'plmc_options': ['-t 0.8', '-lh 0.01', '-le 16.0', '-m 5', '-n 6'], 'device': device(type='cpu')}

Using cpu


Iteration 0:

sh3_hi_sampled_seqs_cluster0_iter0:

OpenMP: Using 6 of 6 threads
Alphabet length:21
1149 valid sequences out of 1149 
41 sites, none trimmed because no target specified
Effective number of samples: 1.0	(20% identical neighborhood = 1.000 samples)
iter	time	cond	fx	-loglk	||h||	||e||
1	0.2	1.10	115.9	112.1	2.8	0.5
2	0.3	1.03	110.5	106.3	4.7	0.5
3	0.3	0.42	92.0	84.4	25.1	0.3
4	0.4	0.37	91.5	83.7	25.0	0.3
5	0.5	0.08	89.2	84.0	22.1	0.1
Gradient optimization: MAXIMUMITERATION


sh3_hi_sampled_seqs_cluster1_iter0:

OpenMP: Using 6 of 6 threads
Alphabet length:21
851 valid sequences out of 851 
41 sites, none trimmed because no target specified
Effective number of samples: 1.1	(20% identical neighborhood = 1.000 samples)
iter	time	cond	fx	-loglk	||h||	||e||
1	0.1	1.09	118.5	114.6	2.8	0.5
2	0.3	1.09	113.1	108.7	4.8	0.5
3	0.3	0.43	92.3	84.8	23.4	0.4
4	0.4	0.39	92.0	84.4	23.4	0.4
5	0.5	0.08	90.5	85.2	22.0	0.2
Gradient optimization: MAXIMUMITERATION


Iteration 1:

sh3_hi_sampled_seqs_cluster0_iter1:

OpenMP: Using 6 of 6 threads
Alphabet length:21
1108 valid sequences out of 1108 
41 sites, none trimmed because no target specified
Effective number of samples: 1.0	(20% identical neighborhood = 1.000 samples)
iter	time	cond	fx	-loglk	||h||	||e||
1	0.2	1.09	115.4	111.5	2.8	0.5
2	0.3	1.03	110.0	105.8	4.7	0.5
3	0.4	0.42	91.2	83.7	24.9	0.3
4	0.4	0.37	90.8	83.1	24.8	0.3
5	0.5	0.08	88.6	83.3	22.1	0.1
Gradient optimization: MAXIMUMITERATION


sh3_hi_sampled_seqs_cluster1_iter1:

OpenMP: Using 6 of 6 threads
Alphabet length:21
892 valid sequences out of 892 
41 sites, none trimmed because no target specified
Effective number of samples: 1.1	(20% identical neighborhood = 1.000 samples)
iter	time	cond	fx	-loglk	||h||	||e||
1	0.2	1.09	119.2	115.4	2.8	0.5
2	0.3	1.09	113.8	109.5	4.8	0.5
3	0.3	0.43	93.1	85.5	23.6	0.3
4	0.4	0.38	92.8	85.2	23.6	0.4
5	0.5	0.07	91.2	85.9	22.0	0.2
Gradient optimization: MAXIMUMITERATION


Iteration 2:

sh3_hi_sampled_seqs_cluster0_iter2:

OpenMP: Using 6 of 6 threads
Alphabet length:21
1089 valid sequences out of 1089 
41 sites, none trimmed because no target specified
Effective number of samples: 1.0	(20% identical neighborhood = 1.000 samples)
iter	time	cond	fx	-loglk	||h||	||e||
1	0.2	1.09	115.1	111.2	2.8	0.5
2	0.3	1.04	109.7	105.5	4.7	0.5
3	0.3	0.42	90.9	83.3	24.9	0.3
4	0.4	0.37	90.5	82.7	24.8	0.3
5	0.5	0.08	88.2	83.0	22.1	0.1
Gradient optimization: MAXIMUMITERATION


sh3_hi_sampled_seqs_cluster1_iter2:

OpenMP: Using 6 of 6 threads
Alphabet length:21
911 valid sequences out of 911 
41 sites, none trimmed because no target specified
Effective number of samples: 1.1	(20% identical neighborhood = 1.000 samples)
iter	time	cond	fx	-loglk	||h||	||e||
1	0.1	1.09	119.6	115.8	2.8	0.5
2	0.3	1.08	114.2	109.9	4.8	0.5
3	0.3	0.42	93.5	86.0	23.7	0.3
4	0.4	0.38	93.2	85.6	23.7	0.3
5	0.4	0.07	91.6	86.3	22.0	0.2
Gradient optimization: MAXIMUMITERATION


Iteration 3:

sh3_hi_sampled_seqs_cluster0_iter3:

OpenMP: Using 6 of 6 threads
Alphabet length:21
1084 valid sequences out of 1084 
41 sites, none trimmed because no target specified
Effective number of samples: 1.0	(20% identical neighborhood = 1.000 samples)
iter	time	cond	fx	-loglk	||h||	||e||
1	0.2	1.09	115.0	111.1	2.8	0.5
2	0.3	1.04	109.7	105.4	4.7	0.5
3	0.3	0.42	90.8	83.2	24.9	0.3
4	0.4	0.37	90.4	82.6	24.8	0.3
5	0.5	0.08	88.2	82.9	22.1	0.1
Gradient optimization: MAXIMUMITERATION


sh3_hi_sampled_seqs_cluster1_iter3:

OpenMP: Using 6 of 6 threads
Alphabet length:21
916 valid sequences out of 916 
41 sites, none trimmed because no target specified
Effective number of samples: 1.1	(20% identical neighborhood = 1.000 samples)
iter	time	cond	fx	-loglk	||h||	||e||
1	0.1	1.09	119.7	115.9	2.8	0.5
2	0.3	1.08	114.3	110.0	4.8	0.5
3	0.3	0.42	93.6	86.1	23.7	0.3
4	0.4	0.38	93.3	85.7	23.7	0.3
5	0.4	0.07	91.8	86.4	22.0	0.2
Gradient optimization: MAXIMUMITERATION


Iteration 4:

sh3_hi_sampled_seqs_cluster0_iter4:

OpenMP: Using 6 of 6 threads
Alphabet length:21
1080 valid sequences out of 1080 
41 sites, none trimmed because no target specified
Effective number of samples: 1.0	(20% identical neighborhood = 1.000 samples)
iter	time	cond	fx	-loglk	||h||	||e||
1	0.2	1.09	115.0	111.1	2.8	0.5
2	0.3	1.04	109.6	105.4	4.7	0.5
3	0.3	0.42	90.8	83.2	24.8	0.3
4	0.5	0.37	90.3	82.6	24.7	0.3
5	0.5	0.08	88.1	82.9	22.1	0.1
Gradient optimization: MAXIMUMITERATION


sh3_hi_sampled_seqs_cluster1_iter4:

OpenMP: Using 6 of 6 threads
Alphabet length:21
920 valid sequences out of 920 
41 sites, none trimmed because no target specified
Effective number of samples: 1.1	(20% identical neighborhood = 1.000 samples)
iter	time	cond	fx	-loglk	||h||	||e||
1	0.2	1.09	119.7	115.9	2.8	0.5
2	0.3	1.08	114.3	110.0	4.8	0.5
3	0.3	0.42	93.6	86.1	23.7	0.3
4	0.4	0.38	93.3	85.8	23.7	0.3
5	0.4	0.07	91.8	86.5	22.1	0.2
Gradient optimization: MAXIMUMITERATION


Iteration 5:
TERMINATING: Repeated cluster assignments
