tuning/outputs/tuning_run_39/ created
tuning/outputs/tuning_run_39/iterations/ created
tuning/outputs/tuning_run_39/output/ created
{'msa-file-name': 'sh3_hi_sampled_seqs.fa', 'em_maxiter': 30, 'em_numclusters': 2, 'em_device': None, 'em_init': 'random', 'em_no_iter_print': 0, 'plmc': '../../plmc/bin/plmc', 'output': 'tuning/outputs/tuning_run_39', 'fast': 0, 'scale': None, 'theta': '0.8', 'lambdah': '0.01', 'lambdae': '16.0', 'lambdag': None, 'gapignore': 0, 'maxiter': '5', 'ncores': 6, 'gapignore_tune': '0', 'fast_tune': '0', 'em_iter_print': 1, 'iterations_dir': 'tuning/outputs/tuning_run_39/iterations/', 'final_dir': 'tuning/outputs/tuning_run_39/output/', 'output_dir': 'tuning/outputs/tuning_run_39/', 'plmc_options': ['-t 0.8', '-lh 0.01', '-le 16.0', '-m 5', '-n 6'], 'device': device(type='cpu')}

Using cpu


Iteration 0:

sh3_hi_sampled_seqs_cluster0_iter0:

OpenMP: Using 6 of 6 threads
Alphabet length:21
1000 valid sequences out of 1000 
41 sites, none trimmed because no target specified
Effective number of samples: 1.1	(20% identical neighborhood = 1.000 samples)
iter	time	cond	fx	-loglk	||h||	||e||
1	0.1	1.09	121.5	117.9	2.8	0.5
2	0.3	1.06	116.1	112.1	4.7	0.5
3	0.3	0.40	96.4	89.1	24.1	0.3
4	0.4	0.35	96.1	88.7	24.1	0.3
5	0.4	0.07	94.5	89.2	22.0	0.2
Gradient optimization: MAXIMUMITERATION


sh3_hi_sampled_seqs_cluster1_iter0:

OpenMP: Using 6 of 6 threads
Alphabet length:21
1000 valid sequences out of 1000 
41 sites, none trimmed because no target specified
Effective number of samples: 1.1	(20% identical neighborhood = 1.000 samples)
iter	time	cond	fx	-loglk	||h||	||e||
1	0.1	1.09	122.2	118.7	2.8	0.5
2	0.3	1.05	116.8	112.8	4.7	0.5
3	0.3	0.39	97.2	89.9	24.4	0.3
4	0.4	0.34	96.9	89.4	24.4	0.3
5	0.5	0.07	95.2	89.9	22.1	0.2
Gradient optimization: MAXIMUMITERATION


Iteration 1:

sh3_hi_sampled_seqs_cluster0_iter1:

OpenMP: Using 6 of 6 threads
Alphabet length:21
818 valid sequences out of 818 
41 sites, none trimmed because no target specified
Effective number of samples: 1.1	(20% identical neighborhood = 1.000 samples)
iter	time	cond	fx	-loglk	||h||	||e||
1	0.1	1.10	119.8	116.2	2.8	0.5
2	0.2	1.08	114.5	110.4	4.7	0.5
3	0.3	0.41	94.6	87.4	23.4	0.3
4	0.4	0.37	94.4	87.1	23.4	0.3
5	0.4	0.07	92.9	87.7	21.8	0.2
Gradient optimization: MAXIMUMITERATION


sh3_hi_sampled_seqs_cluster1_iter1:

OpenMP: Using 6 of 6 threads
Alphabet length:21
1182 valid sequences out of 1182 
41 sites, none trimmed because no target specified
Effective number of samples: 1.1	(20% identical neighborhood = 1.000 samples)
iter	time	cond	fx	-loglk	||h||	||e||
1	0.2	1.09	121.2	117.6	2.8	0.5
2	0.3	1.05	115.9	111.8	4.7	0.5
3	0.4	0.39	96.1	88.7	24.6	0.3
4	0.5	0.34	95.8	88.2	24.6	0.3
5	0.5	0.07	94.0	88.7	22.3	0.1
Gradient optimization: MAXIMUMITERATION


Iteration 2:

sh3_hi_sampled_seqs_cluster0_iter2:

OpenMP: Using 6 of 6 threads
Alphabet length:21
774 valid sequences out of 774 
41 sites, none trimmed because no target specified
Effective number of samples: 1.1	(20% identical neighborhood = 1.000 samples)
iter	time	cond	fx	-loglk	||h||	||e||
1	0.1	1.09	118.1	114.3	2.8	0.5
2	0.2	1.08	112.7	108.4	4.7	0.5
3	0.3	0.44	92.7	85.3	23.5	0.3
4	0.3	0.39	92.4	85.0	23.4	0.3
5	0.4	0.08	90.8	85.6	21.7	0.2
Gradient optimization: MAXIMUMITERATION


sh3_hi_sampled_seqs_cluster1_iter2:

OpenMP: Using 6 of 6 threads
Alphabet length:21
1226 valid sequences out of 1226 
41 sites, none trimmed because no target specified
Effective number of samples: 1.1	(20% identical neighborhood = 1.000 samples)
iter	time	cond	fx	-loglk	||h||	||e||
1	0.2	1.09	119.3	115.6	2.8	0.5
2	0.3	1.03	113.9	109.7	4.7	0.5
3	0.3	0.41	94.9	87.4	25.0	0.3
4	0.4	0.35	94.5	86.8	24.9	0.3
5	0.5	0.07	92.3	87.1	22.1	0.1
Gradient optimization: MAXIMUMITERATION


Iteration 3:

sh3_hi_sampled_seqs_cluster0_iter3:

OpenMP: Using 6 of 6 threads
Alphabet length:21
790 valid sequences out of 790 
41 sites, none trimmed because no target specified
Effective number of samples: 1.0	(20% identical neighborhood = 1.000 samples)
iter	time	cond	fx	-loglk	||h||	||e||
1	0.2	1.09	117.4	113.4	2.8	0.5
2	0.3	1.09	111.9	107.5	4.8	0.5
3	0.3	0.44	91.4	83.8	23.4	0.4
4	0.4	0.40	91.0	83.5	23.4	0.4
5	0.4	0.08	89.5	84.2	21.9	0.2
Gradient optimization: MAXIMUMITERATION


sh3_hi_sampled_seqs_cluster1_iter3:

OpenMP: Using 6 of 6 threads
Alphabet length:21
1210 valid sequences out of 1210 
41 sites, none trimmed because no target specified
Effective number of samples: 1.0	(20% identical neighborhood = 1.000 samples)
iter	time	cond	fx	-loglk	||h||	||e||
1	0.2	1.09	117.3	113.6	2.8	0.5
2	0.3	1.03	112.0	107.8	4.7	0.5
3	0.4	0.42	93.4	85.8	25.2	0.3
4	0.5	0.36	92.9	85.1	25.1	0.3
5	0.5	0.08	90.5	85.3	22.1	0.1
Gradient optimization: MAXIMUMITERATION


Iteration 4:

sh3_hi_sampled_seqs_cluster0_iter4:

OpenMP: Using 6 of 6 threads
Alphabet length:21
841 valid sequences out of 841 
41 sites, none trimmed because no target specified
Effective number of samples: 1.1	(20% identical neighborhood = 1.000 samples)
iter	time	cond	fx	-loglk	||h||	||e||
1	0.1	1.09	118.1	114.2	2.8	0.5
2	0.2	1.09	112.7	108.3	4.8	0.5
3	0.3	0.43	92.0	84.5	23.4	0.4
4	0.4	0.39	91.7	84.1	23.4	0.4
5	0.4	0.08	90.2	84.9	22.0	0.2
Gradient optimization: MAXIMUMITERATION


sh3_hi_sampled_seqs_cluster1_iter4:

OpenMP: Using 6 of 6 threads
Alphabet length:21
1159 valid sequences out of 1159 
41 sites, none trimmed because no target specified
Effective number of samples: 1.0	(20% identical neighborhood = 1.000 samples)
iter	time	cond	fx	-loglk	||h||	||e||
1	0.2	1.09	116.2	112.4	2.8	0.5
2	0.3	1.03	110.9	106.7	4.7	0.5
3	0.3	0.42	92.3	84.7	25.1	0.3
4	0.4	0.37	91.8	84.0	25.0	0.3
5	0.5	0.08	89.5	84.3	22.1	0.1
Gradient optimization: MAXIMUMITERATION


Iteration 5:

sh3_hi_sampled_seqs_cluster0_iter5:

OpenMP: Using 6 of 6 threads
Alphabet length:21
880 valid sequences out of 880 
41 sites, none trimmed because no target specified
Effective number of samples: 1.1	(20% identical neighborhood = 1.000 samples)
iter	time	cond	fx	-loglk	||h||	||e||
1	0.1	1.09	119.0	115.1	2.8	0.5
2	0.3	1.09	113.5	109.2	4.8	0.5
3	0.3	0.43	92.8	85.3	23.5	0.4
4	0.4	0.38	92.5	85.0	23.5	0.4
5	0.5	0.07	91.0	85.7	22.0	0.2
Gradient optimization: MAXIMUMITERATION


sh3_hi_sampled_seqs_cluster1_iter5:

OpenMP: Using 6 of 6 threads
Alphabet length:21
1120 valid sequences out of 1120 
41 sites, none trimmed because no target specified
Effective number of samples: 1.0	(20% identical neighborhood = 1.000 samples)
iter	time	cond	fx	-loglk	||h||	||e||
1	0.2	1.09	115.5	111.7	2.8	0.5
2	0.3	1.03	110.2	105.9	4.7	0.5
3	0.3	0.42	91.5	83.9	25.0	0.3
4	0.4	0.37	91.1	83.3	24.9	0.3
5	0.5	0.08	88.8	83.6	22.1	0.1
Gradient optimization: MAXIMUMITERATION


Iteration 6:

sh3_hi_sampled_seqs_cluster0_iter6:

OpenMP: Using 6 of 6 threads
Alphabet length:21
908 valid sequences out of 908 
41 sites, none trimmed because no target specified
Effective number of samples: 1.1	(20% identical neighborhood = 1.000 samples)
iter	time	cond	fx	-loglk	||h||	||e||
1	0.2	1.09	119.5	115.7	2.8	0.5
2	0.3	1.08	114.1	109.8	4.8	0.5
3	0.3	0.42	93.4	85.9	23.7	0.3
4	0.4	0.38	93.1	85.5	23.7	0.3
5	0.5	0.07	91.5	86.2	22.0	0.2
Gradient optimization: MAXIMUMITERATION


sh3_hi_sampled_seqs_cluster1_iter6:

OpenMP: Using 6 of 6 threads
Alphabet length:21
1092 valid sequences out of 1092 
41 sites, none trimmed because no target specified
Effective number of samples: 1.0	(20% identical neighborhood = 1.000 samples)
iter	time	cond	fx	-loglk	||h||	||e||
1	0.2	1.09	115.1	111.3	2.8	0.5
2	0.3	1.04	109.8	105.5	4.7	0.5
3	0.4	0.42	91.0	83.4	24.9	0.3
4	0.4	0.37	90.5	82.8	24.8	0.3
5	0.5	0.08	88.3	83.1	22.1	0.1
Gradient optimization: MAXIMUMITERATION


Iteration 7:

sh3_hi_sampled_seqs_cluster0_iter7:

OpenMP: Using 6 of 6 threads
Alphabet length:21
917 valid sequences out of 917 
41 sites, none trimmed because no target specified
Effective number of samples: 1.1	(20% identical neighborhood = 1.000 samples)
iter	time	cond	fx	-loglk	||h||	||e||
1	0.2	1.09	119.7	115.9	2.8	0.5
2	0.3	1.08	114.3	110.0	4.8	0.5
3	0.3	0.42	93.6	86.1	23.7	0.3
4	0.4	0.38	93.3	85.8	23.7	0.3
5	0.5	0.07	91.8	86.4	22.1	0.2
Gradient optimization: MAXIMUMITERATION


sh3_hi_sampled_seqs_cluster1_iter7:

OpenMP: Using 6 of 6 threads
Alphabet length:21
1083 valid sequences out of 1083 
41 sites, none trimmed because no target specified
Effective number of samples: 1.0	(20% identical neighborhood = 1.000 samples)
iter	time	cond	fx	-loglk	||h||	||e||
1	0.2	1.09	115.0	111.1	2.8	0.5
2	0.3	1.04	109.6	105.4	4.7	0.5
3	0.3	0.42	90.8	83.2	24.8	0.3
4	0.4	0.37	90.4	82.6	24.7	0.3
5	0.5	0.08	88.2	82.9	22.1	0.1
Gradient optimization: MAXIMUMITERATION


Iteration 8:

sh3_hi_sampled_seqs_cluster0_iter8:

OpenMP: Using 6 of 6 threads
Alphabet length:21
921 valid sequences out of 921 
41 sites, none trimmed because no target specified
Effective number of samples: 1.1	(20% identical neighborhood = 1.000 samples)
iter	time	cond	fx	-loglk	||h||	||e||
1	0.2	1.09	119.7	115.9	2.8	0.5
2	0.3	1.08	114.3	110.0	4.8	0.5
3	0.3	0.42	93.6	86.1	23.7	0.3
4	0.4	0.38	93.3	85.8	23.7	0.3
5	0.4	0.07	91.8	86.5	22.1	0.2
Gradient optimization: MAXIMUMITERATION


sh3_hi_sampled_seqs_cluster1_iter8:

OpenMP: Using 6 of 6 threads
Alphabet length:21
1079 valid sequences out of 1079 
41 sites, none trimmed because no target specified
Effective number of samples: 1.0	(20% identical neighborhood = 1.000 samples)
iter	time	cond	fx	-loglk	||h||	||e||
1	0.2	1.09	115.0	111.1	2.8	0.5
2	0.3	1.04	109.6	105.3	4.7	0.5
3	0.4	0.42	90.8	83.2	24.8	0.3
4	0.5	0.37	90.3	82.6	24.7	0.3
5	0.5	0.08	88.1	82.9	22.1	0.1
Gradient optimization: MAXIMUMITERATION


Iteration 9:

sh3_hi_sampled_seqs_cluster0_iter9:

OpenMP: Using 6 of 6 threads
Alphabet length:21
922 valid sequences out of 922 
41 sites, none trimmed because no target specified
Effective number of samples: 1.1	(20% identical neighborhood = 1.000 samples)
iter	time	cond	fx	-loglk	||h||	||e||
1	0.2	1.09	119.8	115.9	2.8	0.5
2	0.3	1.08	114.3	110.0	4.8	0.5
3	0.3	0.42	93.6	86.1	23.7	0.3
4	0.4	0.38	93.3	85.8	23.7	0.3
5	0.5	0.07	91.8	86.5	22.1	0.2
Gradient optimization: MAXIMUMITERATION


sh3_hi_sampled_seqs_cluster1_iter9:

OpenMP: Using 6 of 6 threads
Alphabet length:21
1078 valid sequences out of 1078 
41 sites, none trimmed because no target specified
Effective number of samples: 1.0	(20% identical neighborhood = 1.000 samples)
iter	time	cond	fx	-loglk	||h||	||e||
1	0.2	1.09	115.0	111.1	2.8	0.5
2	0.3	1.04	109.6	105.3	4.7	0.5
3	0.3	0.42	90.7	83.2	24.8	0.3
4	0.4	0.37	90.3	82.6	24.7	0.3
5	0.5	0.08	88.1	82.9	22.1	0.1
Gradient optimization: MAXIMUMITERATION


Iteration 10:
TERMINATING: Repeated cluster assignments
