tuning/outputs/tuning_run_11/ created
tuning/outputs/tuning_run_11/iterations/ created
tuning/outputs/tuning_run_11/output/ created
{'msa-file-name': 'sh3_pdz_combined.fa', 'em_maxiter': 30, 'em_numclusters': 2, 'em_device': None, 'em_init': 'random', 'em_no_iter_print': 0, 'plmc': '../../plmc/bin/plmc', 'output': 'tuning/outputs/tuning_run_11', 'fast': 0, 'scale': None, 'theta': '0.8', 'lambdah': '0.01', 'lambdae': '16.0', 'lambdag': None, 'gapignore': 1, 'maxiter': '10', 'ncores': 6, 'gapignore_tune': '1', 'fast_tune': '0', 'em_iter_print': 1, 'iterations_dir': 'tuning/outputs/tuning_run_11/iterations/', 'final_dir': 'tuning/outputs/tuning_run_11/output/', 'output_dir': 'tuning/outputs/tuning_run_11/', 'plmc_options': ['-t 0.8', '-lh 0.01', '-le 16.0', '-m 10', '-n 6', '-g'], 'device': device(type='cpu')}

Using cpu


Iteration 0:

sh3_pdz_combined_cluster0_iter0:

OpenMP: Using 6 of 6 threads
Alphabet length:21
14789 valid sequences out of 14789 
41 sites, none trimmed because no target specified
Effective number of samples: 2.6	(20% identical neighborhood = 1.000 samples)
iter	time	cond	fx	-loglk	||h||	||e||
1	0.8	2.70	276.0	260.5	4.3	1.0
2	1.2	0.99	273.8	266.4	4.4	0.7
3	1.6	0.96	273.1	266.8	4.6	0.6
4	2.0	1.89	266.1	264.5	6.8	0.3
5	2.4	1.86	256.8	255.4	10.8	0.1
6	2.8	1.08	245.3	240.5	17.1	0.3
7	3.3	1.05	244.8	241.0	17.4	0.2
8	3.7	0.39	240.2	234.8	19.6	0.3
9	4.1	0.11	239.1	231.8	19.7	0.5
10	4.5	0.14	238.9	231.3	19.6	0.5
Gradient optimization: MAXIMUMITERATION


sh3_pdz_combined_cluster1_iter0:

OpenMP: Using 6 of 6 threads
Alphabet length:21
14789 valid sequences out of 14789 
41 sites, none trimmed because no target specified
Effective number of samples: 2.5	(20% identical neighborhood = 1.000 samples)
iter	time	cond	fx	-loglk	||h||	||e||
1	0.9	2.71	274.8	259.3	4.3	1.0
2	1.3	0.99	272.7	265.2	4.4	0.7
3	1.7	0.96	272.0	265.6	4.6	0.6
4	2.0	1.89	265.0	263.4	6.8	0.3
5	2.5	1.86	255.6	254.2	10.8	0.1
6	2.9	1.08	244.1	239.4	17.2	0.3
7	3.8	1.05	243.6	239.9	17.5	0.2
8	4.2	0.39	239.1	233.7	19.6	0.3
9	4.6	0.11	238.0	230.8	19.7	0.5
10	4.8	0.14	237.8	230.2	19.5	0.5
Gradient optimization: MAXIMUMITERATION


Iteration 1:

sh3_pdz_combined_cluster0_iter1:

OpenMP: Using 6 of 6 threads
Alphabet length:21
14250 valid sequences out of 14250 
41 sites, none trimmed because no target specified
Effective number of samples: 2.6	(20% identical neighborhood = 1.000 samples)
iter	time	cond	fx	-loglk	||h||	||e||
1	0.6	2.65	276.2	260.7	4.4	1.0
2	1.1	0.99	274.1	266.5	4.4	0.7
3	1.4	0.96	273.4	266.9	4.6	0.6
4	1.7	1.88	266.5	264.9	6.8	0.3
5	2.1	1.88	257.2	255.8	10.7	0.1
6	2.4	1.11	245.4	240.7	17.1	0.3
7	3.3	1.08	244.9	241.2	17.4	0.2
8	3.6	0.42	240.0	234.6	19.8	0.3
9	4.1	0.12	238.7	231.4	19.9	0.5
10	4.5	0.15	238.5	230.7	19.8	0.5
Gradient optimization: MAXIMUMITERATION


sh3_pdz_combined_cluster1_iter1:

OpenMP: Using 6 of 6 threads
Alphabet length:21
15328 valid sequences out of 15328 
41 sites, none trimmed because no target specified
Effective number of samples: 2.4	(20% identical neighborhood = 1.000 samples)
iter	time	cond	fx	-loglk	||h||	||e||
1	0.8	2.64	263.8	248.2	4.3	1.0
2	1.1	0.99	261.8	254.0	4.4	0.7
3	1.5	0.96	261.1	254.5	4.5	0.6
4	1.9	1.90	254.4	252.7	6.7	0.3
5	2.3	1.90	245.3	243.9	10.6	0.1
6	2.9	1.13	233.5	229.0	17.0	0.3
7	3.9	1.10	233.1	229.4	17.3	0.2
8	4.4	0.43	228.1	222.7	19.7	0.3
9	4.6	0.11	226.8	219.4	19.8	0.5
10	4.9	0.14	226.6	218.8	19.7	0.5
Gradient optimization: MAXIMUMITERATION


Iteration 2:

sh3_pdz_combined_cluster0_iter2:

OpenMP: Using 6 of 6 threads
Alphabet length:21
14930 valid sequences out of 14930 
41 sites, none trimmed because no target specified
Effective number of samples: 2.6	(20% identical neighborhood = 1.000 samples)
iter	time	cond	fx	-loglk	||h||	||e||
1	0.7	2.66	279.1	263.6	4.4	1.0
2	1.0	0.99	277.0	269.5	4.5	0.7
3	1.4	0.96	276.3	269.9	4.6	0.6
4	1.8	1.88	269.3	267.7	6.8	0.3
5	2.2	1.87	260.0	258.6	10.7	0.1
6	2.6	1.10	248.3	243.6	17.1	0.3
7	3.5	1.07	247.8	244.1	17.4	0.2
8	3.9	0.41	243.1	237.8	19.6	0.3
9	4.3	0.12	241.9	234.7	19.7	0.5
10	4.7	0.15	241.7	234.0	19.6	0.5
Gradient optimization: MAXIMUMITERATION


sh3_pdz_combined_cluster1_iter2:

OpenMP: Using 6 of 6 threads
Alphabet length:21
14648 valid sequences out of 14648 
41 sites, none trimmed because no target specified
Effective number of samples: 2.4	(20% identical neighborhood = 1.000 samples)
iter	time	cond	fx	-loglk	||h||	||e||
1	0.9	2.64	253.1	237.6	4.2	1.0
2	1.3	0.99	251.2	243.3	4.3	0.7
3	1.6	0.97	250.5	243.8	4.5	0.6
4	1.9	1.91	243.9	242.1	6.6	0.3
5	2.3	1.91	234.9	233.6	10.5	0.1
6	2.7	1.14	223.2	218.7	17.0	0.3
7	3.5	1.12	222.7	219.0	17.3	0.2
8	3.9	0.43	217.6	212.2	19.8	0.3
9	4.3	0.11	216.3	208.9	19.9	0.5
10	4.8	0.14	216.1	208.2	19.8	0.5
Gradient optimization: MAXIMUMITERATION


Iteration 3:

sh3_pdz_combined_cluster0_iter3:

OpenMP: Using 6 of 6 threads
Alphabet length:21
15093 valid sequences out of 15093 
41 sites, none trimmed because no target specified
Effective number of samples: 2.6	(20% identical neighborhood = 1.000 samples)
iter	time	cond	fx	-loglk	||h||	||e||
1	0.8	2.67	281.4	265.9	4.4	1.0
2	1.3	0.99	279.2	271.7	4.5	0.7
3	1.7	0.96	278.5	272.1	4.6	0.6
4	2.1	1.88	271.5	269.9	6.9	0.3
5	2.5	1.87	262.1	260.7	10.7	0.1
6	2.9	1.09	250.7	245.9	17.0	0.3
7	3.6	1.05	250.1	246.4	17.4	0.2
8	4.1	0.40	245.6	240.3	19.4	0.3
9	4.5	0.12	244.5	237.3	19.4	0.5
10	4.8	0.15	244.3	236.7	19.3	0.5
Gradient optimization: MAXIMUMITERATION


sh3_pdz_combined_cluster1_iter3:

OpenMP: Using 6 of 6 threads
Alphabet length:21
14485 valid sequences out of 14485 
41 sites, none trimmed because no target specified
Effective number of samples: 2.3	(20% identical neighborhood = 1.000 samples)
iter	time	cond	fx	-loglk	||h||	||e||
1	0.7	2.61	244.7	229.1	4.2	1.0
2	1.0	0.99	242.8	234.8	4.3	0.7
3	1.4	0.97	242.1	235.3	4.4	0.6
4	1.8	1.92	235.7	233.8	6.6	0.3
5	2.2	1.93	226.8	225.5	10.4	0.1
6	2.6	1.17	214.9	210.4	17.0	0.3
7	3.3	1.14	214.3	210.6	17.4	0.2
8	3.8	0.45	209.0	203.5	20.0	0.3
9	4.2	0.11	207.5	199.9	20.2	0.5
10	4.6	0.14	207.3	199.3	20.1	0.5
Gradient optimization: MAXIMUMITERATION


Iteration 4:

sh3_pdz_combined_cluster0_iter4:

OpenMP: Using 6 of 6 threads
Alphabet length:21
15259 valid sequences out of 15259 
41 sites, none trimmed because no target specified
Effective number of samples: 2.6	(20% identical neighborhood = 1.000 samples)
iter	time	cond	fx	-loglk	||h||	||e||
1	0.7	2.68	281.8	266.4	4.4	1.0
2	1.1	0.99	279.7	272.2	4.5	0.7
3	1.4	0.96	279.0	272.6	4.6	0.6
4	1.8	1.88	272.0	270.4	6.9	0.3
5	2.1	1.86	262.6	261.2	10.7	0.1
6	2.5	1.08	251.2	246.4	17.0	0.3
7	3.3	1.05	250.7	246.9	17.3	0.2
8	3.7	0.39	246.3	240.9	19.4	0.3
9	4.1	0.12	245.1	238.0	19.3	0.5
10	4.5	0.14	244.9	237.4	19.2	0.5
Gradient optimization: MAXIMUMITERATION


sh3_pdz_combined_cluster1_iter4:

OpenMP: Using 6 of 6 threads
Alphabet length:21
14319 valid sequences out of 14319 
41 sites, none trimmed because no target specified
Effective number of samples: 2.2	(20% identical neighborhood = 1.000 samples)
iter	time	cond	fx	-loglk	||h||	||e||
1	0.7	2.60	237.4	221.8	4.2	1.0
2	1.0	0.99	235.6	227.5	4.2	0.7
3	1.6	0.97	234.9	228.0	4.4	0.7
4	2.0	1.93	228.6	226.7	6.5	0.3
5	2.3	1.95	219.8	218.5	10.3	0.1
6	2.7	1.19	207.6	203.2	17.0	0.3
7	3.4	1.16	207.0	203.2	17.4	0.2
8	3.7	0.45	201.4	195.8	20.3	0.3
9	4.1	0.11	199.9	192.1	20.6	0.5
10	4.4	0.14	199.6	191.4	20.4	0.5
Gradient optimization: MAXIMUMITERATION


Iteration 5:

sh3_pdz_combined_cluster0_iter5:

OpenMP: Using 6 of 6 threads
Alphabet length:21
15281 valid sequences out of 15281 
41 sites, none trimmed because no target specified
Effective number of samples: 2.6	(20% identical neighborhood = 1.000 samples)
iter	time	cond	fx	-loglk	||h||	||e||
1	0.8	2.68	282.0	266.5	4.4	1.0
2	1.1	0.99	279.9	272.4	4.5	0.7
3	1.5	0.96	279.1	272.8	4.6	0.6
4	1.9	1.88	272.1	270.6	6.9	0.3
5	2.2	1.86	262.8	261.3	10.7	0.1
6	2.6	1.08	251.3	246.6	17.0	0.3
7	3.4	1.05	250.8	247.1	17.3	0.2
8	3.7	0.39	246.4	241.1	19.4	0.3
9	4.1	0.12	245.3	238.2	19.3	0.5
10	4.5	0.14	245.1	237.6	19.2	0.5
Gradient optimization: MAXIMUMITERATION


sh3_pdz_combined_cluster1_iter5:

OpenMP: Using 6 of 6 threads
Alphabet length:21
14297 valid sequences out of 14297 
41 sites, none trimmed because no target specified
Effective number of samples: 2.2	(20% identical neighborhood = 1.000 samples)
iter	time	cond	fx	-loglk	||h||	||e||
1	0.7	2.58	234.4	218.8	4.1	1.0
2	1.2	0.99	232.6	224.4	4.2	0.7
3	1.7	0.97	231.9	224.9	4.4	0.7
4	2.1	1.93	225.7	223.7	6.5	0.3
5	2.5	1.96	216.9	215.7	10.2	0.1
6	2.9	1.21	204.7	200.3	17.0	0.3
7	3.7	1.17	203.9	200.0	17.5	0.2
8	4.1	0.45	198.1	192.3	20.5	0.3
9	4.4	0.11	196.5	188.6	20.8	0.5
10	4.8	0.14	196.3	187.8	20.7	0.5
Gradient optimization: MAXIMUMITERATION


Iteration 6:

sh3_pdz_combined_cluster0_iter6:

OpenMP: Using 6 of 6 threads
Alphabet length:21
15457 valid sequences out of 15457 
41 sites, none trimmed because no target specified
Effective number of samples: 2.6	(20% identical neighborhood = 1.000 samples)
iter	time	cond	fx	-loglk	||h||	||e||
1	0.9	2.67	282.4	266.9	4.4	1.0
2	1.2	0.99	280.2	272.7	4.5	0.7
3	1.6	0.96	279.5	273.1	4.6	0.6
4	2.0	1.88	272.5	270.9	6.9	0.3
5	2.4	1.87	263.1	261.7	10.7	0.1
6	2.8	1.09	251.7	246.9	17.0	0.3
7	3.6	1.05	251.2	247.4	17.3	0.2
8	4.1	0.39	246.7	241.4	19.4	0.3
9	4.3	0.12	245.6	238.5	19.4	0.5
10	4.6	0.15	245.4	237.8	19.3	0.5
Gradient optimization: MAXIMUMITERATION


sh3_pdz_combined_cluster1_iter6:

OpenMP: Using 6 of 6 threads
Alphabet length:21
14121 valid sequences out of 14121 
41 sites, none trimmed because no target specified
Effective number of samples: 2.2	(20% identical neighborhood = 1.000 samples)
iter	time	cond	fx	-loglk	||h||	||e||
1	0.7	2.56	233.2	217.6	4.2	1.0
2	1.0	0.99	231.4	223.2	4.2	0.7
3	1.4	0.97	230.8	223.7	4.4	0.7
4	1.8	1.93	224.6	222.6	6.5	0.3
5	2.2	1.97	215.8	214.6	10.2	0.1
6	2.5	1.22	203.5	199.2	17.0	0.3
7	3.1	1.18	202.6	198.7	17.6	0.2
8	3.5	0.45	196.7	190.9	20.6	0.3
9	3.9	0.11	195.1	187.1	20.9	0.5
10	4.2	0.15	194.9	186.3	20.8	0.5
Gradient optimization: MAXIMUMITERATION


Iteration 7:

sh3_pdz_combined_cluster0_iter7:

OpenMP: Using 6 of 6 threads
Alphabet length:21
15618 valid sequences out of 15618 
41 sites, none trimmed because no target specified
Effective number of samples: 2.6	(20% identical neighborhood = 1.000 samples)
iter	time	cond	fx	-loglk	||h||	||e||
1	0.8	2.67	282.3	266.9	4.4	1.0
2	1.1	0.99	280.2	272.7	4.5	0.7
3	1.5	0.96	279.5	273.1	4.6	0.6
4	1.9	1.88	272.5	270.9	6.8	0.3
5	2.3	1.87	263.2	261.8	10.7	0.1
6	2.7	1.09	251.7	247.0	17.0	0.3
7	3.4	1.05	251.2	247.5	17.3	0.2
8	3.8	0.40	246.7	241.4	19.4	0.3
9	4.2	0.12	245.6	238.4	19.4	0.5
10	4.5	0.15	245.4	237.8	19.3	0.5
Gradient optimization: MAXIMUMITERATION


sh3_pdz_combined_cluster1_iter7:

OpenMP: Using 6 of 6 threads
Alphabet length:21
13960 valid sequences out of 13960 
41 sites, none trimmed because no target specified
Effective number of samples: 2.2	(20% identical neighborhood = 1.000 samples)
iter	time	cond	fx	-loglk	||h||	||e||
1	0.6	2.55	232.3	216.7	4.2	1.0
2	1.0	0.99	230.5	222.2	4.2	0.7
3	1.4	0.97	229.8	222.8	4.4	0.7
4	1.8	1.93	223.7	221.7	6.4	0.3
5	2.2	1.97	214.9	213.7	10.2	0.1
6	2.6	1.22	202.6	198.3	17.0	0.3
7	3.3	1.18	201.6	197.5	17.6	0.2
8	3.7	0.45	195.6	189.6	20.7	0.3
9	4.1	0.11	194.0	185.9	21.0	0.5
10	4.6	0.15	193.7	185.1	20.9	0.5
Gradient optimization: MAXIMUMITERATION


Iteration 8:

sh3_pdz_combined_cluster0_iter8:

OpenMP: Using 6 of 6 threads
Alphabet length:21
15703 valid sequences out of 15703 
41 sites, none trimmed because no target specified
Effective number of samples: 2.6	(20% identical neighborhood = 1.000 samples)
iter	time	cond	fx	-loglk	||h||	||e||
1	0.9	2.67	282.3	266.8	4.4	1.0
2	1.2	0.99	280.1	272.6	4.5	0.7
3	1.6	0.96	279.4	273.0	4.6	0.6
4	1.9	1.88	272.4	270.9	6.8	0.3
5	2.4	1.87	263.1	261.7	10.7	0.1
6	2.8	1.09	251.6	246.9	17.0	0.3
7	3.7	1.05	251.1	247.4	17.3	0.2
8	4.0	0.40	246.7	241.3	19.4	0.3
9	4.3	0.12	245.5	238.4	19.4	0.5
10	4.5	0.15	245.3	237.7	19.3	0.5
Gradient optimization: MAXIMUMITERATION


sh3_pdz_combined_cluster1_iter8:

OpenMP: Using 6 of 6 threads
Alphabet length:21
13875 valid sequences out of 13875 
41 sites, none trimmed because no target specified
Effective number of samples: 2.2	(20% identical neighborhood = 1.000 samples)
iter	time	cond	fx	-loglk	||h||	||e||
1	0.6	2.54	232.1	216.5	4.2	1.0
2	0.9	0.99	230.3	222.0	4.2	0.7
3	1.3	0.97	229.7	222.6	4.4	0.7
4	1.6	1.93	223.6	221.5	6.4	0.3
5	2.0	1.98	214.8	213.6	10.2	0.1
6	2.4	1.23	202.5	198.1	17.0	0.3
7	3.1	1.18	201.3	197.2	17.7	0.2
8	3.6	0.45	195.3	189.2	20.8	0.3
9	4.0	0.11	193.7	185.5	21.1	0.5
10	4.4	0.15	193.4	184.7	21.0	0.5
Gradient optimization: MAXIMUMITERATION


Iteration 9:

sh3_pdz_combined_cluster0_iter9:

OpenMP: Using 6 of 6 threads
Alphabet length:21
15747 valid sequences out of 15747 
41 sites, none trimmed because no target specified
Effective number of samples: 2.6	(20% identical neighborhood = 1.000 samples)
iter	time	cond	fx	-loglk	||h||	||e||
1	0.7	2.67	282.1	266.6	4.4	1.0
2	1.1	0.99	280.0	272.5	4.5	0.7
3	1.6	0.96	279.2	272.9	4.6	0.6
4	2.0	1.88	272.3	270.7	6.8	0.3
5	2.4	1.87	262.9	261.5	10.7	0.1
6	2.8	1.09	251.5	246.7	17.0	0.3
7	3.7	1.05	251.0	247.2	17.3	0.2
8	4.0	0.40	246.5	241.2	19.4	0.3
9	4.5	0.12	245.4	238.2	19.4	0.5
10	4.8	0.15	245.2	237.6	19.3	0.5
Gradient optimization: MAXIMUMITERATION


sh3_pdz_combined_cluster1_iter9:

OpenMP: Using 6 of 6 threads
Alphabet length:21
13831 valid sequences out of 13831 
41 sites, none trimmed because no target specified
Effective number of samples: 2.2	(20% identical neighborhood = 1.000 samples)
iter	time	cond	fx	-loglk	||h||	||e||
1	0.8	2.54	232.1	216.5	4.2	1.0
2	1.2	0.99	230.3	222.0	4.2	0.7
3	1.6	0.97	229.7	222.5	4.4	0.7
4	2.0	1.93	223.6	221.5	6.4	0.3
5	2.4	1.98	214.8	213.6	10.2	0.1
6	2.8	1.23	202.5	198.1	17.0	0.3
7	3.6	1.18	201.3	197.1	17.7	0.3
8	3.9	0.44	195.2	189.2	20.8	0.3
9	4.3	0.11	193.6	185.4	21.1	0.5
10	4.8	0.15	193.3	184.6	21.0	0.5
Gradient optimization: MAXIMUMITERATION


Iteration 10:

sh3_pdz_combined_cluster0_iter10:

OpenMP: Using 6 of 6 threads
Alphabet length:21
15758 valid sequences out of 15758 
41 sites, none trimmed because no target specified
Effective number of samples: 2.6	(20% identical neighborhood = 1.000 samples)
iter	time	cond	fx	-loglk	||h||	||e||
1	0.9	2.67	282.1	266.6	4.4	1.0
2	1.4	0.99	280.0	272.5	4.5	0.7
3	1.8	0.96	279.2	272.9	4.6	0.6
4	2.3	1.88	272.3	270.7	6.8	0.3
5	2.7	1.87	262.9	261.5	10.7	0.1
6	3.1	1.09	251.5	246.7	17.0	0.3
7	4.0	1.05	251.0	247.2	17.3	0.2
8	4.4	0.40	246.5	241.2	19.4	0.3
9	4.8	0.12	245.4	238.2	19.4	0.5
10	5.0	0.15	245.2	237.6	19.3	0.5
Gradient optimization: MAXIMUMITERATION


sh3_pdz_combined_cluster1_iter10:

OpenMP: Using 6 of 6 threads
Alphabet length:21
13820 valid sequences out of 13820 
41 sites, none trimmed because no target specified
Effective number of samples: 2.2	(20% identical neighborhood = 1.000 samples)
iter	time	cond	fx	-loglk	||h||	||e||
1	0.8	2.53	232.1	216.5	4.2	1.0
2	1.2	0.99	230.3	222.0	4.2	0.7
3	1.5	0.97	229.7	222.5	4.4	0.7
4	1.9	1.93	223.6	221.5	6.4	0.3
5	2.4	1.98	214.8	213.6	10.2	0.1
6	2.8	1.23	202.4	198.1	17.0	0.3
7	3.7	1.18	201.2	197.1	17.7	0.3
8	4.1	0.44	195.2	189.1	20.8	0.3
9	4.5	0.11	193.6	185.4	21.1	0.5
10	5.0	0.15	193.3	184.6	21.0	0.5
Gradient optimization: MAXIMUMITERATION


Iteration 11:

sh3_pdz_combined_cluster0_iter11:

OpenMP: Using 6 of 6 threads
Alphabet length:21
15756 valid sequences out of 15756 
41 sites, none trimmed because no target specified
Effective number of samples: 2.6	(20% identical neighborhood = 1.000 samples)
iter	time	cond	fx	-loglk	||h||	||e||
1	0.8	2.67	282.1	266.6	4.4	1.0
2	1.1	0.99	280.0	272.5	4.5	0.7
3	1.6	0.96	279.2	272.9	4.6	0.6
4	2.0	1.88	272.3	270.7	6.8	0.3
5	2.5	1.87	262.9	261.5	10.7	0.1
6	2.9	1.09	251.5	246.7	17.0	0.3
7	3.7	1.05	251.0	247.2	17.3	0.2
8	4.0	0.40	246.5	241.1	19.4	0.3
9	4.3	0.12	245.3	238.2	19.4	0.5
10	4.6	0.15	245.1	237.6	19.3	0.5
Gradient optimization: MAXIMUMITERATION


sh3_pdz_combined_cluster1_iter11:

OpenMP: Using 6 of 6 threads
Alphabet length:21
13822 valid sequences out of 13822 
41 sites, none trimmed because no target specified
Effective number of samples: 2.2	(20% identical neighborhood = 1.000 samples)
iter	time	cond	fx	-loglk	||h||	||e||
1	0.6	2.54	232.1	216.5	4.2	1.0
2	0.9	0.99	230.3	222.0	4.2	0.7
3	1.2	0.97	229.7	222.5	4.4	0.7
4	1.5	1.93	223.6	221.5	6.4	0.3
5	1.9	1.98	214.8	213.6	10.2	0.1
6	2.3	1.23	202.5	198.1	17.0	0.3
7	3.0	1.18	201.2	197.1	17.7	0.3
8	3.3	0.44	195.2	189.1	20.8	0.3
9	3.6	0.11	193.6	185.4	21.1	0.5
10	4.0	0.15	193.3	184.6	21.0	0.5
Gradient optimization: MAXIMUMITERATION


Iteration 12:

sh3_pdz_combined_cluster0_iter12:

OpenMP: Using 6 of 6 threads
Alphabet length:21
15750 valid sequences out of 15750 
41 sites, none trimmed because no target specified
Effective number of samples: 2.6	(20% identical neighborhood = 1.000 samples)
iter	time	cond	fx	-loglk	||h||	||e||
1	0.9	2.67	282.0	266.6	4.4	1.0
2	1.3	0.99	279.9	272.4	4.5	0.7
3	1.7	0.96	279.2	272.8	4.6	0.6
4	2.1	1.88	272.2	270.6	6.8	0.3
5	2.6	1.87	262.9	261.5	10.7	0.1
6	3.0	1.09	251.4	246.7	17.0	0.3
7	3.8	1.05	250.9	247.2	17.3	0.2
8	4.2	0.40	246.4	241.1	19.4	0.3
9	4.5	0.12	245.3	238.1	19.4	0.5
10	4.7	0.15	245.1	237.5	19.3	0.5
Gradient optimization: MAXIMUMITERATION


sh3_pdz_combined_cluster1_iter12:

OpenMP: Using 6 of 6 threads
Alphabet length:21
13828 valid sequences out of 13828 
41 sites, none trimmed because no target specified
Effective number of samples: 2.2	(20% identical neighborhood = 1.000 samples)
iter	time	cond	fx	-loglk	||h||	||e||
1	0.6	2.53	232.1	216.5	4.2	1.0
2	1.1	0.99	230.4	222.1	4.2	0.7
3	1.4	0.97	229.7	222.6	4.4	0.7
4	1.8	1.93	223.6	221.5	6.4	0.3
5	2.3	1.98	214.9	213.7	10.2	0.1
6	2.7	1.23	202.5	198.2	17.0	0.3
7	3.4	1.18	201.3	197.2	17.7	0.3
8	3.8	0.44	195.2	189.2	20.8	0.3
9	4.3	0.11	193.6	185.4	21.1	0.5
10	4.6	0.15	193.4	184.6	21.0	0.5
Gradient optimization: MAXIMUMITERATION


Iteration 13:

sh3_pdz_combined_cluster0_iter13:

OpenMP: Using 6 of 6 threads
Alphabet length:21
15747 valid sequences out of 15747 
41 sites, none trimmed because no target specified
Effective number of samples: 2.6	(20% identical neighborhood = 1.000 samples)
iter	time	cond	fx	-loglk	||h||	||e||
1	0.9	2.67	282.0	266.6	4.4	1.0
2	1.2	0.99	279.9	272.4	4.5	0.7
3	1.7	0.96	279.2	272.8	4.6	0.6
4	2.1	1.88	272.2	270.6	6.8	0.3
5	2.6	1.87	262.9	261.5	10.7	0.1
6	3.0	1.09	251.4	246.7	17.0	0.3
7	3.9	1.05	250.9	247.2	17.3	0.2
8	4.3	0.40	246.4	241.1	19.4	0.3
9	4.6	0.12	245.3	238.1	19.4	0.5
10	4.9	0.15	245.1	237.5	19.3	0.5
Gradient optimization: MAXIMUMITERATION


sh3_pdz_combined_cluster1_iter13:

OpenMP: Using 6 of 6 threads
Alphabet length:21
13831 valid sequences out of 13831 
41 sites, none trimmed because no target specified
Effective number of samples: 2.2	(20% identical neighborhood = 1.000 samples)
iter	time	cond	fx	-loglk	||h||	||e||
1	0.7	2.53	232.2	216.6	4.2	1.0
2	1.1	0.99	230.4	222.1	4.2	0.7
3	1.6	0.97	229.7	222.6	4.4	0.7
4	2.0	1.93	223.6	221.6	6.4	0.3
5	2.3	1.98	214.9	213.7	10.2	0.1
6	2.7	1.23	202.5	198.2	17.0	0.3
7	3.5	1.18	201.3	197.2	17.7	0.3
8	3.9	0.44	195.3	189.2	20.8	0.3
9	4.3	0.11	193.6	185.4	21.1	0.5
10	4.7	0.15	193.4	184.6	21.0	0.5
Gradient optimization: MAXIMUMITERATION


Iteration 14:

sh3_pdz_combined_cluster0_iter14:

OpenMP: Using 6 of 6 threads
Alphabet length:21
15755 valid sequences out of 15755 
41 sites, none trimmed because no target specified
Effective number of samples: 2.6	(20% identical neighborhood = 1.000 samples)
iter	time	cond	fx	-loglk	||h||	||e||
1	0.8	2.67	282.1	266.6	4.4	1.0
2	1.2	0.99	280.0	272.4	4.5	0.7
3	1.6	0.96	279.2	272.9	4.6	0.6
4	2.0	1.88	272.2	270.7	6.8	0.3
5	2.5	1.87	262.9	261.5	10.7	0.1
6	2.9	1.09	251.4	246.7	17.0	0.3
7	3.9	1.05	250.9	247.2	17.3	0.2
8	4.3	0.40	246.5	241.1	19.4	0.3
9	4.6	0.12	245.3	238.2	19.4	0.5
10	5.0	0.15	245.1	237.6	19.3	0.5
Gradient optimization: MAXIMUMITERATION


sh3_pdz_combined_cluster1_iter14:

OpenMP: Using 6 of 6 threads
Alphabet length:21
13823 valid sequences out of 13823 
41 sites, none trimmed because no target specified
Effective number of samples: 2.2	(20% identical neighborhood = 1.000 samples)
iter	time	cond	fx	-loglk	||h||	||e||
1	0.8	2.53	232.1	216.5	4.2	1.0
2	1.2	0.99	230.4	222.1	4.2	0.7
3	1.5	0.97	229.7	222.6	4.4	0.7
4	1.8	1.93	223.6	221.5	6.4	0.3
5	2.1	1.98	214.9	213.7	10.2	0.1
6	2.5	1.23	202.5	198.2	17.0	0.3
7	3.2	1.18	201.3	197.1	17.7	0.3
8	3.5	0.44	195.2	189.1	20.8	0.3
9	3.9	0.11	193.6	185.4	21.1	0.5
10	4.3	0.15	193.4	184.6	21.0	0.5
Gradient optimization: MAXIMUMITERATION


Iteration 15:

sh3_pdz_combined_cluster0_iter15:

OpenMP: Using 6 of 6 threads
Alphabet length:21
15768 valid sequences out of 15768 
41 sites, none trimmed because no target specified
Effective number of samples: 2.6	(20% identical neighborhood = 1.000 samples)
iter	time	cond	fx	-loglk	||h||	||e||
1	0.9	2.67	282.1	266.6	4.4	1.0
2	1.3	0.99	280.0	272.5	4.5	0.7
3	1.7	0.96	279.2	272.9	4.6	0.6
4	2.1	1.88	272.3	270.7	6.8	0.3
5	2.5	1.87	262.9	261.5	10.7	0.1
6	2.9	1.09	251.5	246.7	17.0	0.3
7	3.7	1.05	251.0	247.2	17.3	0.2
8	4.1	0.40	246.5	241.2	19.4	0.3
9	4.5	0.12	245.4	238.2	19.4	0.5
10	4.8	0.15	245.1	237.6	19.3	0.5
Gradient optimization: MAXIMUMITERATION


sh3_pdz_combined_cluster1_iter15:

OpenMP: Using 6 of 6 threads
Alphabet length:21
13810 valid sequences out of 13810 
41 sites, none trimmed because no target specified
Effective number of samples: 2.2	(20% identical neighborhood = 1.000 samples)
iter	time	cond	fx	-loglk	||h||	||e||
1	0.6	2.53	232.1	216.5	4.2	1.0
2	1.0	0.99	230.4	222.0	4.2	0.7
3	1.4	0.97	229.7	222.6	4.4	0.7
4	1.8	1.93	223.6	221.5	6.4	0.3
5	2.2	1.98	214.9	213.6	10.2	0.1
6	2.6	1.24	202.5	198.1	17.0	0.3
7	3.4	1.18	201.2	197.0	17.7	0.3
8	3.9	0.44	195.1	189.1	20.8	0.3
9	4.3	0.11	193.5	185.3	21.2	0.5
10	4.7	0.15	193.3	184.5	21.0	0.5
Gradient optimization: MAXIMUMITERATION


Iteration 16:

sh3_pdz_combined_cluster0_iter16:

OpenMP: Using 6 of 6 threads
Alphabet length:21
15771 valid sequences out of 15771 
41 sites, none trimmed because no target specified
Effective number of samples: 2.6	(20% identical neighborhood = 1.000 samples)
iter	time	cond	fx	-loglk	||h||	||e||
1	0.9	2.67	282.1	266.6	4.4	1.0
2	1.3	0.99	280.0	272.5	4.5	0.7
3	1.7	0.96	279.3	272.9	4.6	0.6
4	2.1	1.88	272.3	270.7	6.8	0.3
5	2.6	1.87	262.9	261.5	10.7	0.1
6	3.0	1.09	251.5	246.8	17.0	0.3
7	3.9	1.05	251.0	247.2	17.3	0.2
8	4.4	0.40	246.5	241.2	19.4	0.3
9	4.9	0.12	245.4	238.2	19.4	0.5
10	5.2	0.15	245.2	237.6	19.3	0.5
Gradient optimization: MAXIMUMITERATION


sh3_pdz_combined_cluster1_iter16:

OpenMP: Using 6 of 6 threads
Alphabet length:21
13807 valid sequences out of 13807 
41 sites, none trimmed because no target specified
Effective number of samples: 2.2	(20% identical neighborhood = 1.000 samples)
iter	time	cond	fx	-loglk	||h||	||e||
1	0.8	2.53	232.1	216.5	4.2	1.0
2	1.3	0.99	230.4	222.0	4.2	0.7
3	1.7	0.97	229.7	222.5	4.4	0.7
4	2.1	1.93	223.6	221.5	6.4	0.3
5	2.5	1.98	214.9	213.6	10.2	0.1
6	2.9	1.24	202.5	198.1	17.0	0.3
7	3.7	1.18	201.2	197.0	17.7	0.3
8	4.1	0.44	195.1	189.0	20.8	0.3
9	4.4	0.11	193.5	185.3	21.2	0.5
10	4.8	0.15	193.3	184.5	21.0	0.5
Gradient optimization: MAXIMUMITERATION


Iteration 17:

sh3_pdz_combined_cluster0_iter17:

OpenMP: Using 6 of 6 threads
Alphabet length:21
15760 valid sequences out of 15760 
41 sites, none trimmed because no target specified
Effective number of samples: 2.6	(20% identical neighborhood = 1.000 samples)
iter	time	cond	fx	-loglk	||h||	||e||
1	0.7	2.67	282.1	266.6	4.4	1.0
2	1.1	0.99	280.0	272.5	4.5	0.7
3	1.5	0.96	279.3	272.9	4.6	0.6
4	1.9	1.88	272.3	270.7	6.8	0.3
5	2.4	1.87	262.9	261.5	10.7	0.1
6	2.9	1.09	251.5	246.8	17.0	0.3
7	3.8	1.05	251.0	247.2	17.3	0.2
8	4.1	0.40	246.5	241.2	19.4	0.3
9	4.3	0.12	245.4	238.2	19.4	0.5
10	4.6	0.15	245.2	237.6	19.3	0.5
Gradient optimization: MAXIMUMITERATION


sh3_pdz_combined_cluster1_iter17:

OpenMP: Using 6 of 6 threads
Alphabet length:21
13818 valid sequences out of 13818 
41 sites, none trimmed because no target specified
Effective number of samples: 2.2	(20% identical neighborhood = 1.000 samples)
iter	time	cond	fx	-loglk	||h||	||e||
1	0.8	2.53	232.1	216.5	4.2	1.0
2	1.1	0.99	230.4	222.1	4.2	0.7
3	1.5	0.97	229.7	222.6	4.4	0.7
4	1.9	1.93	223.6	221.5	6.4	0.3
5	2.4	1.98	214.9	213.6	10.2	0.1
6	2.8	1.24	202.5	198.2	17.0	0.3
7	3.6	1.18	201.2	197.1	17.7	0.3
8	3.9	0.44	195.2	189.1	20.8	0.3
9	4.3	0.11	193.6	185.3	21.2	0.5
10	4.7	0.15	193.3	184.5	21.0	0.5
Gradient optimization: MAXIMUMITERATION


Iteration 18:

sh3_pdz_combined_cluster0_iter18:

OpenMP: Using 6 of 6 threads
Alphabet length:21
15775 valid sequences out of 15775 
41 sites, none trimmed because no target specified
Effective number of samples: 2.6	(20% identical neighborhood = 1.000 samples)
iter	time	cond	fx	-loglk	||h||	||e||
1	0.8	2.67	282.2	266.7	4.4	1.0
2	1.2	0.99	280.1	272.6	4.5	0.7
3	1.7	0.96	279.4	273.0	4.6	0.6
4	2.1	1.88	272.4	270.8	6.8	0.3
5	2.6	1.87	263.1	261.7	10.7	0.1
6	3.0	1.09	251.6	246.9	17.0	0.3
7	3.8	1.05	251.1	247.3	17.3	0.2
8	4.3	0.40	246.6	241.3	19.4	0.3
9	4.6	0.12	245.5	238.3	19.4	0.5
10	4.9	0.15	245.3	237.7	19.3	0.5
Gradient optimization: MAXIMUMITERATION


sh3_pdz_combined_cluster1_iter18:

OpenMP: Using 6 of 6 threads
Alphabet length:21
13803 valid sequences out of 13803 
41 sites, none trimmed because no target specified
Effective number of samples: 2.2	(20% identical neighborhood = 1.000 samples)
iter	time	cond	fx	-loglk	||h||	||e||
1	0.7	2.53	232.0	216.4	4.2	1.0
2	1.1	0.99	230.3	221.9	4.2	0.7
3	1.5	0.97	229.6	222.5	4.4	0.7
4	1.9	1.93	223.5	221.4	6.4	0.3
5	2.3	1.98	214.8	213.5	10.2	0.1
6	2.7	1.24	202.4	198.0	17.0	0.3
7	3.5	1.18	201.1	196.9	17.7	0.3
8	3.9	0.44	195.1	189.0	20.8	0.3
9	4.3	0.11	193.5	185.2	21.2	0.5
10	4.7	0.15	193.2	184.4	21.0	0.5
Gradient optimization: MAXIMUMITERATION


Iteration 19:

sh3_pdz_combined_cluster0_iter19:

OpenMP: Using 6 of 6 threads
Alphabet length:21
15778 valid sequences out of 15778 
41 sites, none trimmed because no target specified
Effective number of samples: 2.6	(20% identical neighborhood = 1.000 samples)
iter	time	cond	fx	-loglk	||h||	||e||
1	0.8	2.67	282.2	266.7	4.4	1.0
2	1.2	0.99	280.1	272.6	4.5	0.7
3	1.7	0.96	279.4	273.0	4.6	0.6
4	2.1	1.88	272.4	270.8	6.8	0.3
5	2.5	1.87	263.1	261.6	10.7	0.1
6	3.0	1.09	251.6	246.9	17.0	0.3
7	3.8	1.05	251.1	247.3	17.3	0.2
8	4.2	0.40	246.6	241.3	19.4	0.3
9	4.5	0.12	245.5	238.3	19.4	0.5
10	4.8	0.15	245.2	237.7	19.3	0.5
Gradient optimization: MAXIMUMITERATION


sh3_pdz_combined_cluster1_iter19:

OpenMP: Using 6 of 6 threads
Alphabet length:21
13800 valid sequences out of 13800 
41 sites, none trimmed because no target specified
Effective number of samples: 2.2	(20% identical neighborhood = 1.000 samples)
iter	time	cond	fx	-loglk	||h||	||e||
1	0.7	2.53	232.0	216.4	4.2	1.0
2	1.1	0.99	230.3	221.9	4.2	0.7
3	1.5	0.97	229.6	222.5	4.4	0.7
4	1.8	1.93	223.5	221.4	6.4	0.3
5	2.2	1.98	214.8	213.5	10.2	0.1
6	2.6	1.24	202.4	198.1	17.0	0.3
7	3.4	1.18	201.1	196.9	17.7	0.3
8	3.8	0.44	195.0	188.9	20.8	0.3
9	4.2	0.11	193.4	185.2	21.2	0.5
10	4.6	0.15	193.2	184.4	21.0	0.5
Gradient optimization: MAXIMUMITERATION


Iteration 20:

sh3_pdz_combined_cluster0_iter20:

OpenMP: Using 6 of 6 threads
Alphabet length:21
15786 valid sequences out of 15786 
41 sites, none trimmed because no target specified
Effective number of samples: 2.6	(20% identical neighborhood = 1.000 samples)
iter	time	cond	fx	-loglk	||h||	||e||
1	1.0	2.67	282.2	266.7	4.4	1.0
2	1.4	0.99	280.1	272.6	4.5	0.7
3	1.9	0.96	279.3	273.0	4.6	0.6
4	2.4	1.88	272.4	270.8	6.8	0.3
5	2.8	1.87	263.0	261.6	10.7	0.1
6	3.3	1.09	251.6	246.8	17.0	0.3
7	4.2	1.05	251.1	247.3	17.3	0.2
8	4.6	0.40	246.6	241.2	19.4	0.3
9	4.9	0.12	245.4	238.3	19.4	0.5
10	5.1	0.15	245.2	237.7	19.3	0.5
Gradient optimization: MAXIMUMITERATION


sh3_pdz_combined_cluster1_iter20:

OpenMP: Using 6 of 6 threads
Alphabet length:21
13792 valid sequences out of 13792 
41 sites, none trimmed because no target specified
Effective number of samples: 2.2	(20% identical neighborhood = 1.000 samples)
iter	time	cond	fx	-loglk	||h||	||e||
1	1.0	2.53	232.0	216.4	4.2	1.0
2	1.5	0.99	230.3	221.9	4.2	0.7
3	2.0	0.97	229.6	222.5	4.4	0.7
4	2.3	1.93	223.5	221.4	6.4	0.3
5	2.7	1.98	214.8	213.5	10.2	0.1
6	3.1	1.24	202.4	198.0	17.0	0.3
7	3.8	1.18	201.1	196.9	17.7	0.3
8	4.2	0.44	195.0	188.9	20.8	0.3
9	4.6	0.11	193.4	185.2	21.2	0.5
10	5.0	0.15	193.2	184.4	21.0	0.5
Gradient optimization: MAXIMUMITERATION


Iteration 21:

sh3_pdz_combined_cluster0_iter21:

OpenMP: Using 6 of 6 threads
Alphabet length:21
15792 valid sequences out of 15792 
41 sites, none trimmed because no target specified
Effective number of samples: 2.6	(20% identical neighborhood = 1.000 samples)
iter	time	cond	fx	-loglk	||h||	||e||
1	1.0	2.67	282.2	266.7	4.4	1.0
2	1.5	0.99	280.1	272.5	4.5	0.7
3	1.9	0.96	279.3	273.0	4.6	0.6
4	2.3	1.88	272.3	270.8	6.8	0.3
5	2.8	1.87	263.0	261.6	10.7	0.1
6	3.2	1.09	251.6	246.8	17.0	0.3
7	4.1	1.05	251.0	247.3	17.3	0.2
8	4.4	0.40	246.6	241.2	19.4	0.3
9	4.7	0.12	245.4	238.3	19.4	0.5
10	5.1	0.15	245.2	237.6	19.3	0.5
Gradient optimization: MAXIMUMITERATION


sh3_pdz_combined_cluster1_iter21:

OpenMP: Using 6 of 6 threads
Alphabet length:21
13786 valid sequences out of 13786 
41 sites, none trimmed because no target specified
Effective number of samples: 2.2	(20% identical neighborhood = 1.000 samples)
iter	time	cond	fx	-loglk	||h||	||e||
1	0.8	2.53	232.0	216.4	4.2	1.0
2	1.3	0.99	230.3	221.9	4.2	0.7
3	1.6	0.97	229.6	222.4	4.4	0.7
4	2.0	1.93	223.5	221.4	6.4	0.3
5	2.4	1.98	214.8	213.5	10.2	0.1
6	2.8	1.24	202.4	198.0	17.0	0.3
7	3.7	1.18	201.1	196.9	17.7	0.3
8	4.1	0.44	195.0	188.9	20.8	0.3
9	4.5	0.11	193.4	185.2	21.2	0.5
10	4.9	0.15	193.2	184.4	21.0	0.5
Gradient optimization: MAXIMUMITERATION


Iteration 22:

sh3_pdz_combined_cluster0_iter22:

OpenMP: Using 6 of 6 threads
Alphabet length:21
15792 valid sequences out of 15792 
41 sites, none trimmed because no target specified
Effective number of samples: 2.6	(20% identical neighborhood = 1.000 samples)
iter	time	cond	fx	-loglk	||h||	||e||
1	0.9	2.67	282.2	266.7	4.4	1.0
2	1.4	0.99	280.1	272.6	4.5	0.7
3	1.8	0.96	279.3	273.0	4.6	0.6
4	2.3	1.88	272.4	270.8	6.8	0.3
5	2.8	1.87	263.0	261.6	10.7	0.1
6	3.3	1.09	251.6	246.8	17.0	0.3
7	4.0	1.05	251.0	247.3	17.3	0.2
8	4.3	0.40	246.6	241.2	19.4	0.3
9	4.5	0.12	245.4	238.3	19.4	0.5
10	4.9	0.15	245.2	237.6	19.3	0.5
Gradient optimization: MAXIMUMITERATION


sh3_pdz_combined_cluster1_iter22:

OpenMP: Using 6 of 6 threads
Alphabet length:21
13786 valid sequences out of 13786 
41 sites, none trimmed because no target specified
Effective number of samples: 2.2	(20% identical neighborhood = 1.000 samples)
iter	time	cond	fx	-loglk	||h||	||e||
1	0.8	2.53	232.0	216.4	4.2	1.0
2	1.2	0.99	230.3	221.9	4.2	0.7
3	1.6	0.97	229.6	222.4	4.4	0.7
4	1.9	1.93	223.5	221.4	6.4	0.3
5	2.3	1.98	214.8	213.5	10.2	0.1
6	2.7	1.24	202.4	198.0	17.0	0.3
7	3.4	1.18	201.1	196.9	17.7	0.3
8	3.7	0.44	195.0	188.9	20.8	0.3
9	4.1	0.11	193.4	185.2	21.2	0.5
10	4.5	0.15	193.2	184.4	21.0	0.5
Gradient optimization: MAXIMUMITERATION


Iteration 23:

sh3_pdz_combined_cluster0_iter23:

OpenMP: Using 6 of 6 threads
Alphabet length:21
15795 valid sequences out of 15795 
41 sites, none trimmed because no target specified
Effective number of samples: 2.6	(20% identical neighborhood = 1.000 samples)
iter	time	cond	fx	-loglk	||h||	||e||
1	0.9	2.67	282.2	266.7	4.4	1.0
2	1.3	0.99	280.1	272.6	4.5	0.7
3	1.8	0.96	279.3	273.0	4.6	0.6
4	2.3	1.88	272.4	270.8	6.8	0.3
5	2.7	1.87	263.0	261.6	10.7	0.1
6	3.1	1.09	251.6	246.8	17.0	0.3
7	4.0	1.05	251.1	247.3	17.3	0.2
8	4.2	0.40	246.6	241.2	19.4	0.3
9	4.5	0.12	245.4	238.3	19.4	0.5
10	4.8	0.15	245.2	237.7	19.3	0.5
Gradient optimization: MAXIMUMITERATION


sh3_pdz_combined_cluster1_iter23:

OpenMP: Using 6 of 6 threads
Alphabet length:21
13783 valid sequences out of 13783 
41 sites, none trimmed because no target specified
Effective number of samples: 2.2	(20% identical neighborhood = 1.000 samples)
iter	time	cond	fx	-loglk	||h||	||e||
1	0.7	2.53	232.0	216.4	4.2	1.0
2	1.0	0.99	230.2	221.9	4.2	0.7
3	1.4	0.97	229.6	222.4	4.4	0.7
4	1.8	1.93	223.5	221.4	6.4	0.3
5	2.2	1.98	214.7	213.5	10.2	0.1
6	2.5	1.24	202.4	198.0	17.0	0.3
7	3.3	1.18	201.1	196.9	17.7	0.3
8	3.7	0.44	195.0	188.9	20.8	0.3
9	4.1	0.11	193.4	185.2	21.2	0.5
10	4.5	0.15	193.2	184.4	21.1	0.5
Gradient optimization: MAXIMUMITERATION


Iteration 24:

sh3_pdz_combined_cluster0_iter24:

OpenMP: Using 6 of 6 threads
Alphabet length:21
15797 valid sequences out of 15797 
41 sites, none trimmed because no target specified
Effective number of samples: 2.6	(20% identical neighborhood = 1.000 samples)
iter	time	cond	fx	-loglk	||h||	||e||
1	0.9	2.67	282.2	266.7	4.4	1.0
2	1.3	0.99	280.1	272.6	4.5	0.7
3	1.8	0.96	279.3	273.0	4.6	0.6
4	2.1	1.88	272.4	270.8	6.8	0.3
5	2.6	1.87	263.0	261.6	10.7	0.1
6	3.0	1.09	251.6	246.8	17.0	0.3
7	3.8	1.05	251.1	247.3	17.3	0.2
8	4.3	0.40	246.6	241.2	19.4	0.3
9	4.5	0.12	245.4	238.3	19.4	0.5
10	4.8	0.15	245.2	237.7	19.3	0.5
Gradient optimization: MAXIMUMITERATION


sh3_pdz_combined_cluster1_iter24:

OpenMP: Using 6 of 6 threads
Alphabet length:21
13781 valid sequences out of 13781 
41 sites, none trimmed because no target specified
Effective number of samples: 2.2	(20% identical neighborhood = 1.000 samples)
iter	time	cond	fx	-loglk	||h||	||e||
1	0.7	2.53	232.0	216.4	4.2	1.0
2	1.0	0.99	230.2	221.9	4.2	0.7
3	1.4	0.97	229.6	222.4	4.4	0.7
4	1.8	1.93	223.5	221.4	6.4	0.3
5	2.2	1.98	214.8	213.5	10.2	0.1
6	2.5	1.24	202.4	198.0	17.0	0.3
7	3.2	1.18	201.1	196.9	17.7	0.3
8	3.6	0.44	195.0	188.9	20.8	0.3
9	4.0	0.11	193.4	185.2	21.2	0.5
10	4.4	0.15	193.1	184.4	21.1	0.5
Gradient optimization: MAXIMUMITERATION


Iteration 25:

sh3_pdz_combined_cluster0_iter25:

OpenMP: Using 6 of 6 threads
Alphabet length:21
15798 valid sequences out of 15798 
41 sites, none trimmed because no target specified
Effective number of samples: 2.6	(20% identical neighborhood = 1.000 samples)
iter	time	cond	fx	-loglk	||h||	||e||
1	0.7	2.67	282.2	266.7	4.4	1.0
2	1.2	0.99	280.1	272.6	4.5	0.7
3	1.6	0.96	279.3	273.0	4.6	0.6
4	2.0	1.88	272.4	270.8	6.8	0.3
5	2.5	1.87	263.0	261.6	10.7	0.1
6	2.9	1.09	251.6	246.8	17.0	0.3
7	3.7	1.05	251.1	247.3	17.3	0.2
8	4.1	0.40	246.6	241.2	19.4	0.3
9	4.5	0.12	245.4	238.3	19.4	0.5
10	4.8	0.15	245.2	237.7	19.3	0.5
Gradient optimization: MAXIMUMITERATION


sh3_pdz_combined_cluster1_iter25:

OpenMP: Using 6 of 6 threads
Alphabet length:21
13780 valid sequences out of 13780 
41 sites, none trimmed because no target specified
Effective number of samples: 2.2	(20% identical neighborhood = 1.000 samples)
iter	time	cond	fx	-loglk	||h||	||e||
1	0.7	2.53	232.0	216.4	4.2	1.0
2	1.1	0.99	230.2	221.9	4.2	0.7
3	1.5	0.97	229.6	222.4	4.4	0.7
4	1.9	1.93	223.5	221.4	6.4	0.3
5	2.3	1.98	214.7	213.5	10.2	0.1
6	2.8	1.24	202.4	198.0	17.0	0.3
7	3.6	1.18	201.1	196.9	17.7	0.3
8	4.1	0.44	195.0	188.9	20.8	0.3
9	4.5	0.11	193.4	185.2	21.2	0.5
10	4.9	0.15	193.1	184.4	21.1	0.5
Gradient optimization: MAXIMUMITERATION


Iteration 26:
TERMINATING: Repeated cluster assignments
