tuning/outputs/tuning_run_29/ created
tuning/outputs/tuning_run_29/iterations/ created
tuning/outputs/tuning_run_29/output/ created
{'msa-file-name': 'sh3_pdz_combined.fa', 'em_maxiter': 30, 'em_numclusters': 2, 'em_device': None, 'em_init': 'random', 'em_no_iter_print': 0, 'plmc': '../../plmc/bin/plmc', 'output': 'tuning/outputs/tuning_run_29', 'fast': 1, 'scale': None, 'theta': '2', 'lambdah': '0.01', 'lambdae': '16.0', 'lambdag': None, 'gapignore': 1, 'maxiter': '20', 'ncores': 6, 'gapignore_tune': '1', 'fast_tune': '1', 'em_iter_print': 1, 'iterations_dir': 'tuning/outputs/tuning_run_29/iterations/', 'final_dir': 'tuning/outputs/tuning_run_29/output/', 'output_dir': 'tuning/outputs/tuning_run_29/', 'plmc_options': ['-t 2', '-lh 0.01', '-le 16.0', '-m 20', '-n 6', '-g', '--fast'], 'device': device(type='cpu')}

Using cpu


Iteration 0:

sh3_pdz_combined_cluster0_iter0:

OpenMP: Using 6 of 6 threads
Alphabet length:21
14789 valid sequences out of 14789 
41 sites, none trimmed because no target specified
Theta not between 0 and 1, no sequence reweighting applied (N = 14789.00)
iter	time	obj	|x|	|g|	crit
1	0.2	1295865.0	0.0	4.4	4.4
2	0.3	1188269.6	0.0	7.1	7.1
3	0.4	1112211.6	0.0	8.8	8.8
4	0.6	1052058.7	0.0	9.7	9.7
5	0.7	1008196.0	0.0	10.2	10.2
6	0.9	981197.0	0.0	10.4	10.4
7	1.0	950060.3	0.0	10.5	10.5
8	1.1	940163.9	0.0	10.4	10.4
9	1.3	912608.4	0.0	10.3	10.3
10	1.4	887535.8	0.0	10.2	10.2
11	1.5	866767.1	0.1	10.0	10.0
12	1.7	852024.5	0.1	9.8	9.8
13	1.8	840328.8	0.1	9.6	9.6
14	1.9	826803.2	0.1	9.3	9.3
15	2.1	804518.1	0.1	9.0	9.0
16	2.2	795288.7	0.1	8.7	8.7
17	2.3	778846.1	0.1	8.4	8.4
18	2.4	774161.7	0.1	8.1	8.1
19	2.5	769381.8	0.1	7.8	7.8
20	2.7	762426.4	0.1	7.5	7.5


sh3_pdz_combined_cluster1_iter0:

OpenMP: Using 6 of 6 threads
Alphabet length:21
14789 valid sequences out of 14789 
41 sites, none trimmed because no target specified
Theta not between 0 and 1, no sequence reweighting applied (N = 14789.00)
iter	time	obj	|x|	|g|	crit
1	0.2	1294802.5	0.0	4.4	4.4
2	0.3	1196688.1	0.0	7.2	7.2
3	0.4	1108230.0	0.0	8.9	8.9
4	0.6	1057641.3	0.0	9.8	9.8
5	0.7	1013516.9	0.0	10.2	10.2
6	0.9	985390.4	0.0	10.3	10.3
7	1.0	957416.7	0.0	10.4	10.4
8	1.1	930189.8	0.0	10.4	10.4
9	1.3	904714.2	0.0	10.3	10.3
10	1.4	876619.0	0.0	10.2	10.2
11	1.5	866069.0	0.1	10.0	10.0
12	1.7	853186.6	0.1	9.8	9.8
13	1.8	836299.6	0.1	9.5	9.5
14	1.9	805951.4	0.1	9.3	9.3
15	2.1	812681.3	0.1	9.0	9.0
16	2.2	794048.3	0.1	8.7	8.7
17	2.3	774673.5	0.1	8.4	8.4
18	2.4	766073.9	0.1	8.1	8.1
19	2.5	762405.9	0.1	7.8	7.8
20	2.7	755469.0	0.1	7.5	7.5


Iteration 1:

sh3_pdz_combined_cluster0_iter1:

OpenMP: Using 6 of 6 threads
Alphabet length:21
14743 valid sequences out of 14743 
41 sites, none trimmed because no target specified
Theta not between 0 and 1, no sequence reweighting applied (N = 14743.00)
iter	time	obj	|x|	|g|	crit
1	0.2	1298143.2	0.0	4.5	4.5
2	0.3	1187045.6	0.0	7.4	7.4
3	0.4	1096084.5	0.0	9.1	9.1
4	0.5	1036006.5	0.0	10.2	10.2
5	0.6	991246.2	0.0	10.8	10.8
6	0.7	954990.9	0.0	11.1	11.1
7	0.9	912331.4	0.0	11.2	11.2
8	1.0	895640.4	0.0	11.2	11.2
9	1.1	864036.3	0.0	11.2	11.2
10	1.2	835492.1	0.1	11.0	11.0
11	1.4	814486.5	0.1	10.8	10.8
12	1.5	795801.8	0.1	10.6	10.6
13	1.6	778272.7	0.1	10.3	10.3
14	1.8	772802.6	0.1	9.9	9.9
15	1.9	754778.4	0.1	9.6	9.6
16	2.0	745292.0	0.1	9.2	9.2
17	2.1	735903.0	0.1	8.9	8.9
18	2.2	723404.8	0.1	8.6	8.6
19	2.3	709788.7	0.1	8.2	8.2
20	2.4	710003.8	0.1	7.9	7.9


sh3_pdz_combined_cluster1_iter1:

OpenMP: Using 6 of 6 threads
Alphabet length:21
14835 valid sequences out of 14835 
41 sites, none trimmed because no target specified
Theta not between 0 and 1, no sequence reweighting applied (N = 14835.00)
iter	time	obj	|x|	|g|	crit
1	0.2	1295128.6	0.0	4.5	4.5
2	0.3	1185051.9	0.0	7.2	7.2
3	0.4	1099835.7	0.0	9.0	9.0
4	0.5	1044647.9	0.0	10.0	10.0
5	0.6	988288.5	0.0	10.5	10.5
6	0.7	954200.9	0.0	10.9	10.9
7	0.9	922472.9	0.0	11.0	11.0
8	1.0	897558.6	0.0	11.0	11.0
9	1.1	873171.2	0.0	10.9	10.9
10	1.2	843687.3	0.0	10.8	10.8
11	1.4	836442.8	0.1	10.6	10.6
12	1.5	813580.3	0.1	10.4	10.4
13	1.6	797805.8	0.1	10.1	10.1
14	1.7	770159.2	0.1	9.8	9.8
15	1.8	769531.6	0.1	9.4	9.4
16	2.0	752328.7	0.1	9.1	9.1
17	2.1	740280.5	0.1	8.8	8.8
18	2.2	730503.7	0.1	8.4	8.4
19	2.3	728715.4	0.1	8.1	8.1
20	2.4	727864.8	0.1	7.8	7.8


Iteration 2:

sh3_pdz_combined_cluster0_iter2:

OpenMP: Using 6 of 6 threads
Alphabet length:21
14747 valid sequences out of 14747 
41 sites, none trimmed because no target specified
Theta not between 0 and 1, no sequence reweighting applied (N = 14747.00)
iter	time	obj	|x|	|g|	crit
1	0.1	1304243.9	0.0	4.6	4.6
2	0.2	1184086.7	0.0	7.5	7.5
3	0.3	1093370.1	0.0	9.4	9.4
4	0.4	1027613.3	0.0	10.5	10.5
5	0.5	970876.0	0.0	11.1	11.1
6	0.6	943558.5	0.0	11.4	11.4
7	0.7	906401.1	0.0	11.5	11.5
8	0.8	881400.4	0.0	11.5	11.5
9	1.0	844749.8	0.0	11.4	11.4
10	1.1	816588.4	0.1	11.3	11.3
11	1.2	798946.7	0.1	11.1	11.1
12	1.3	788643.8	0.1	10.8	10.8
13	1.4	768787.1	0.1	10.5	10.5
14	1.5	746793.9	0.1	10.1	10.1
15	1.6	737989.5	0.1	9.8	9.8
16	1.8	735446.3	0.1	9.4	9.4
17	1.9	721098.1	0.1	9.0	9.0
18	2.0	708884.7	0.1	8.6	8.6
19	2.1	705382.9	0.1	8.3	8.3
20	2.2	691915.0	0.1	7.9	7.9


sh3_pdz_combined_cluster1_iter2:

OpenMP: Using 6 of 6 threads
Alphabet length:21
14831 valid sequences out of 14831 
41 sites, none trimmed because no target specified
Theta not between 0 and 1, no sequence reweighting applied (N = 14831.00)
iter	time	obj	|x|	|g|	crit
1	0.1	1293284.1	0.0	4.5	4.5
2	0.2	1179075.0	0.0	7.3	7.3
3	0.3	1095192.5	0.0	9.1	9.1
4	0.4	1035184.3	0.0	10.1	10.1
5	0.6	980665.0	0.0	10.8	10.8
6	0.7	948604.2	0.0	11.1	11.1
7	0.8	911909.7	0.0	11.2	11.2
8	0.9	887108.0	0.0	11.2	11.2
9	1.1	851778.8	0.0	11.1	11.1
10	1.2	836904.3	0.1	11.0	11.0
11	1.3	809449.6	0.1	10.8	10.8
12	1.4	798417.6	0.1	10.5	10.5
13	1.5	774233.6	0.1	10.2	10.2
14	1.6	768119.8	0.1	9.9	9.9
15	1.7	752656.2	0.1	9.5	9.5
16	1.8	734801.0	0.1	9.2	9.2
17	2.0	732192.7	0.1	8.8	8.8
18	2.1	722820.5	0.1	8.5	8.5
19	2.2	697801.5	0.1	8.1	8.1
20	2.3	692682.5	0.1	7.8	7.8


Iteration 3:

sh3_pdz_combined_cluster0_iter3:

OpenMP: Using 6 of 6 threads
Alphabet length:21
14634 valid sequences out of 14634 
41 sites, none trimmed because no target specified
Theta not between 0 and 1, no sequence reweighting applied (N = 14634.00)
iter	time	obj	|x|	|g|	crit
1	0.1	1290799.3	0.0	4.6	4.6
2	0.3	1172893.7	0.0	7.5	7.5
3	0.4	1085739.6	0.0	9.4	9.4
4	0.5	1023619.7	0.0	10.4	10.4
5	0.6	967067.3	0.0	11.1	11.1
6	0.8	934178.8	0.0	11.4	11.4
7	0.9	899465.4	0.0	11.5	11.5
8	1.0	872083.4	0.0	11.5	11.5
9	1.2	836262.7	0.0	11.4	11.4
10	1.3	808451.1	0.1	11.3	11.3
11	1.4	782343.3	0.1	11.1	11.1
12	1.5	778671.2	0.1	10.8	10.8
13	1.6	757910.9	0.1	10.5	10.5
14	1.8	750174.9	0.1	10.1	10.1
15	1.9	722750.6	0.1	9.7	9.7
16	2.0	720040.3	0.1	9.3	9.3
17	2.1	702549.7	0.1	9.0	9.0
18	2.2	699205.2	0.1	8.6	8.6
19	2.3	694125.4	0.1	8.2	8.2
20	2.4	671871.8	0.1	7.9	7.9


sh3_pdz_combined_cluster1_iter3:

OpenMP: Using 6 of 6 threads
Alphabet length:21
14944 valid sequences out of 14944 
41 sites, none trimmed because no target specified
Theta not between 0 and 1, no sequence reweighting applied (N = 14944.00)
iter	time	obj	|x|	|g|	crit
1	0.1	1298535.1	0.0	4.5	4.5
2	0.3	1187683.2	0.0	7.4	7.4
3	0.4	1099357.7	0.0	9.2	9.2
4	0.5	1038563.0	0.0	10.4	10.4
5	0.7	986376.6	0.0	11.0	11.0
6	0.8	949546.5	0.0	11.3	11.3
7	0.9	911562.5	0.0	11.4	11.4
8	1.0	883213.3	0.0	11.5	11.5
9	1.1	863256.3	0.0	11.4	11.4
10	1.3	831525.2	0.1	11.2	11.2
11	1.4	810167.9	0.1	11.0	11.0
12	1.5	800118.3	0.1	10.7	10.7
13	1.7	786043.1	0.1	10.4	10.4
14	1.8	770940.1	0.1	10.1	10.1
15	1.9	743504.5	0.1	9.7	9.7
16	2.0	741508.0	0.1	9.3	9.3
17	2.1	727628.3	0.1	8.9	8.9
18	2.2	707552.2	0.1	8.6	8.6
19	2.3	710054.1	0.1	8.2	8.2
20	2.4	700826.2	0.1	7.8	7.8


Iteration 4:

sh3_pdz_combined_cluster0_iter4:

OpenMP: Using 6 of 6 threads
Alphabet length:21
14527 valid sequences out of 14527 
41 sites, none trimmed because no target specified
Theta not between 0 and 1, no sequence reweighting applied (N = 14527.00)
iter	time	obj	|x|	|g|	crit
1	0.2	1283708.2	0.0	4.6	4.6
2	0.3	1158819.1	0.0	7.5	7.5
3	0.4	1073833.6	0.0	9.3	9.3
4	0.6	1015668.7	0.0	10.4	10.4
5	0.7	959367.4	0.0	11.0	11.0
6	0.7	923738.1	0.0	11.3	11.3
7	0.8	881213.0	0.0	11.5	11.5
8	0.9	861325.9	0.0	11.4	11.4
9	1.1	833236.9	0.0	11.4	11.4
10	1.2	808012.9	0.1	11.2	11.2
11	1.3	780777.5	0.1	11.0	11.0
12	1.4	758618.1	0.1	10.8	10.8
13	1.6	738175.6	0.1	10.5	10.5
14	1.7	737065.3	0.1	10.1	10.1
15	1.8	722488.6	0.1	9.7	9.7
16	1.9	707796.9	0.1	9.3	9.3
17	2.0	696742.3	0.1	8.9	8.9
18	2.1	694552.5	0.1	8.5	8.5
19	2.2	680057.4	0.1	8.2	8.2
20	2.3	667502.7	0.1	7.8	7.8


sh3_pdz_combined_cluster1_iter4:

OpenMP: Using 6 of 6 threads
Alphabet length:21
15051 valid sequences out of 15051 
41 sites, none trimmed because no target specified
Theta not between 0 and 1, no sequence reweighting applied (N = 15051.00)
iter	time	obj	|x|	|g|	crit
1	0.1	1310073.3	0.0	4.6	4.6
2	0.3	1192739.4	0.0	7.5	7.5
3	0.4	1113596.4	0.0	9.4	9.4
4	0.5	1038349.3	0.0	10.5	10.5
5	0.6	987895.0	0.0	11.2	11.2
6	0.7	950872.0	0.0	11.5	11.5
7	0.8	919959.9	0.0	11.6	11.6
8	0.9	881067.5	0.0	11.7	11.7
9	1.0	854741.7	0.0	11.6	11.6
10	1.1	829497.9	0.1	11.4	11.4
11	1.2	807531.5	0.1	11.2	11.2
12	1.3	793822.9	0.1	10.9	10.9
13	1.4	770753.1	0.1	10.5	10.5
14	1.5	757049.8	0.1	10.2	10.2
15	1.7	748165.1	0.1	9.8	9.8
16	1.8	744518.5	0.1	9.4	9.4
17	1.9	726206.2	0.1	9.0	9.0
18	2.0	714257.7	0.1	8.6	8.6
19	2.1	693605.5	0.1	8.3	8.3
20	2.2	706510.5	0.1	7.9	7.9


Iteration 5:

sh3_pdz_combined_cluster0_iter5:

OpenMP: Using 6 of 6 threads
Alphabet length:21
14491 valid sequences out of 14491 
41 sites, none trimmed because no target specified
Theta not between 0 and 1, no sequence reweighting applied (N = 14491.00)
iter	time	obj	|x|	|g|	crit
1	0.1	1276410.0	0.0	4.6	4.6
2	0.2	1155427.4	0.0	7.6	7.6
3	0.3	1069626.2	0.0	9.4	9.4
4	0.5	1008416.7	0.0	10.5	10.5
5	0.6	961376.4	0.0	11.1	11.1
6	0.7	918084.4	0.0	11.4	11.4
7	0.9	882856.6	0.0	11.5	11.5
8	1.0	859892.9	0.0	11.5	11.5
9	1.1	827282.1	0.0	11.4	11.4
10	1.2	800903.8	0.1	11.3	11.3
11	1.3	785112.3	0.1	11.0	11.0
12	1.5	769976.7	0.1	10.7	10.7
13	1.6	745816.8	0.1	10.4	10.4
14	1.7	723146.6	0.1	10.1	10.1
15	1.8	726684.4	0.1	9.7	9.7
16	1.9	705870.4	0.1	9.3	9.3
17	2.0	693559.3	0.1	8.9	8.9
18	2.1	688455.8	0.1	8.5	8.5
19	2.3	669735.0	0.1	8.2	8.2
20	2.4	674786.0	0.1	7.8	7.8


sh3_pdz_combined_cluster1_iter5:

OpenMP: Using 6 of 6 threads
Alphabet length:21
15087 valid sequences out of 15087 
41 sites, none trimmed because no target specified
Theta not between 0 and 1, no sequence reweighting applied (N = 15087.00)
iter	time	obj	|x|	|g|	crit
1	0.1	1310355.4	0.0	4.6	4.6
2	0.3	1192560.7	0.0	7.5	7.5
3	0.4	1105446.0	0.0	9.4	9.4
4	0.5	1041460.6	0.0	10.6	10.6
5	0.7	986523.9	0.0	11.2	11.2
6	0.8	949705.8	0.0	11.6	11.6
7	0.9	909359.7	0.0	11.7	11.7
8	1.1	889196.7	0.0	11.7	11.7
9	1.2	861381.1	0.0	11.6	11.6
10	1.3	830141.6	0.1	11.4	11.4
11	1.4	811303.4	0.1	11.2	11.2
12	1.6	792398.1	0.1	10.9	10.9
13	1.7	772929.3	0.1	10.6	10.6
14	1.8	748349.5	0.1	10.2	10.2
15	2.0	751083.5	0.1	9.9	9.9
16	2.1	734301.7	0.1	9.5	9.5
17	2.2	719379.1	0.1	9.1	9.1
18	2.3	707417.0	0.1	8.7	8.7
19	2.4	704265.1	0.1	8.3	8.3
20	2.5	696268.3	0.1	7.9	7.9


Iteration 6:

sh3_pdz_combined_cluster0_iter6:

OpenMP: Using 6 of 6 threads
Alphabet length:21
14531 valid sequences out of 14531 
41 sites, none trimmed because no target specified
Theta not between 0 and 1, no sequence reweighting applied (N = 14531.00)
iter	time	obj	|x|	|g|	crit
1	0.1	1280325.0	0.0	4.6	4.6
2	0.2	1161270.6	0.0	7.6	7.6
3	0.4	1071625.2	0.0	9.4	9.4
4	0.5	1009768.7	0.0	10.5	10.5
5	0.6	958192.1	0.0	11.1	11.1
6	0.7	920250.8	0.0	11.4	11.4
7	0.8	888444.9	0.0	11.5	11.5
8	0.9	859816.9	0.0	11.5	11.5
9	1.0	842820.7	0.0	11.4	11.4
10	1.2	803219.2	0.1	11.2	11.2
11	1.3	778190.4	0.1	11.0	11.0
12	1.4	772267.8	0.1	10.7	10.7
13	1.5	735889.2	0.1	10.4	10.4
14	1.6	733349.2	0.1	10.1	10.1
15	1.7	733556.3	0.1	9.7	9.7
16	1.8	710422.6	0.1	9.3	9.3
17	1.9	690542.2	0.1	8.9	8.9
18	2.0	680321.5	0.1	8.6	8.6
19	2.1	684079.3	0.1	8.2	8.2
20	2.2	682949.2	0.1	7.8	7.8


sh3_pdz_combined_cluster1_iter6:

OpenMP: Using 6 of 6 threads
Alphabet length:21
15047 valid sequences out of 15047 
41 sites, none trimmed because no target specified
Theta not between 0 and 1, no sequence reweighting applied (N = 15047.00)
iter	time	obj	|x|	|g|	crit
1	0.1	1304771.2	0.0	4.6	4.6
2	0.3	1192577.3	0.0	7.6	7.6
3	0.4	1097653.5	0.0	9.4	9.4
4	0.5	1035388.5	0.0	10.5	10.5
5	0.6	991534.7	0.0	11.2	11.2
6	0.7	942494.0	0.0	11.5	11.5
7	0.8	921756.6	0.0	11.6	11.6
8	1.0	890245.5	0.0	11.7	11.7
9	1.1	844564.9	0.0	11.6	11.6
10	1.2	827925.9	0.1	11.4	11.4
11	1.3	815717.5	0.1	11.2	11.2
12	1.4	790547.6	0.1	10.9	10.9
13	1.5	773961.4	0.1	10.6	10.6
14	1.6	752759.7	0.1	10.2	10.2
15	1.7	753348.8	0.1	9.8	9.8
16	1.8	731418.5	0.1	9.4	9.4
17	1.9	726096.6	0.1	9.0	9.0
18	2.0	721777.9	0.1	8.7	8.7
19	2.2	701268.9	0.1	8.3	8.3
20	2.3	710750.5	0.1	7.9	7.9


Iteration 7:

sh3_pdz_combined_cluster0_iter7:

OpenMP: Using 6 of 6 threads
Alphabet length:21
14571 valid sequences out of 14571 
41 sites, none trimmed because no target specified
Theta not between 0 and 1, no sequence reweighting applied (N = 14571.00)
iter	time	obj	|x|	|g|	crit
1	0.1	1287637.6	0.0	4.6	4.6
2	0.2	1164049.1	0.0	7.5	7.5
3	0.3	1080251.3	0.0	9.4	9.4
4	0.4	1010606.0	0.0	10.5	10.5
5	0.5	961176.2	0.0	11.1	11.1
6	0.6	919592.2	0.0	11.4	11.4
7	0.7	893754.2	0.0	11.5	11.5
8	0.8	856199.9	0.0	11.5	11.5
9	0.9	826888.4	0.0	11.4	11.4
10	1.0	804899.4	0.1	11.3	11.3
11	1.1	785924.3	0.1	11.1	11.1
12	1.2	769184.3	0.1	10.8	10.8
13	1.3	747864.2	0.1	10.5	10.5
14	1.4	725528.6	0.1	10.1	10.1
15	1.6	715278.6	0.1	9.7	9.7
16	1.7	715338.8	0.1	9.3	9.3
17	1.8	703104.8	0.1	9.0	9.0
18	2.0	684640.4	0.1	8.6	8.6
19	2.1	668050.5	0.1	8.2	8.2
20	2.2	681788.1	0.1	7.8	7.8


sh3_pdz_combined_cluster1_iter7:

OpenMP: Using 6 of 6 threads
Alphabet length:21
15007 valid sequences out of 15007 
41 sites, none trimmed because no target specified
Theta not between 0 and 1, no sequence reweighting applied (N = 15007.00)
iter	time	obj	|x|	|g|	crit
1	0.1	1307484.8	0.0	4.6	4.6
2	0.3	1190237.0	0.0	7.5	7.5
3	0.4	1104222.2	0.0	9.3	9.3
4	0.4	1036486.1	0.0	10.5	10.5
5	0.5	982897.6	0.0	11.1	11.1
6	0.7	945000.3	0.0	11.5	11.5
7	0.8	916371.3	0.0	11.6	11.6
8	0.9	881701.0	0.0	11.6	11.6
9	1.0	854452.2	0.0	11.5	11.5
10	1.2	829299.2	0.1	11.4	11.4
11	1.3	805564.0	0.1	11.1	11.1
12	1.4	802379.2	0.1	10.9	10.9
13	1.6	769243.4	0.1	10.5	10.5
14	1.7	752924.8	0.1	10.2	10.2
15	1.8	741101.3	0.1	9.8	9.8
16	1.9	727648.6	0.1	9.4	9.4
17	2.0	723736.6	0.1	9.0	9.0
18	2.2	702235.8	0.1	8.6	8.6
19	2.3	700589.9	0.1	8.3	8.3
20	2.4	700951.2	0.1	7.9	7.9


Iteration 8:

sh3_pdz_combined_cluster0_iter8:

OpenMP: Using 6 of 6 threads
Alphabet length:21
14591 valid sequences out of 14591 
41 sites, none trimmed because no target specified
Theta not between 0 and 1, no sequence reweighting applied (N = 14591.00)
iter	time	obj	|x|	|g|	crit
1	0.1	1287255.2	0.0	4.6	4.6
2	0.2	1167888.8	0.0	7.6	7.6
3	0.3	1079960.6	0.0	9.4	9.4
4	0.5	1013697.4	0.0	10.5	10.5
5	0.6	970964.9	0.0	11.1	11.1
6	0.7	923860.8	0.0	11.4	11.4
7	0.8	895304.5	0.0	11.5	11.5
8	1.0	861892.6	0.0	11.5	11.5
9	1.1	833948.5	0.0	11.5	11.5
10	1.2	808205.0	0.1	11.3	11.3
11	1.4	795903.8	0.1	11.1	11.1
12	1.5	765988.4	0.1	10.8	10.8
13	1.6	745529.1	0.1	10.5	10.5
14	1.7	736551.2	0.1	10.2	10.2
15	1.8	728269.0	0.1	9.8	9.8
16	2.0	720491.7	0.1	9.4	9.4
17	2.1	696501.2	0.1	9.0	9.0
18	2.2	690709.1	0.1	8.6	8.6
19	2.3	693620.8	0.1	8.2	8.2
20	2.5	675873.2	0.1	7.8	7.8


sh3_pdz_combined_cluster1_iter8:

OpenMP: Using 6 of 6 threads
Alphabet length:21
14987 valid sequences out of 14987 
41 sites, none trimmed because no target specified
Theta not between 0 and 1, no sequence reweighting applied (N = 14987.00)
iter	time	obj	|x|	|g|	crit
1	0.1	1301675.4	0.0	4.5	4.5
2	0.2	1184379.9	0.0	7.5	7.5
3	0.4	1097242.8	0.0	9.4	9.4
4	0.5	1030933.5	0.0	10.5	10.5
5	0.6	982325.6	0.0	11.1	11.1
6	0.8	950249.8	0.0	11.4	11.4
7	0.9	915361.1	0.0	11.6	11.6
8	1.0	875138.4	0.0	11.6	11.6
9	1.1	853896.4	0.0	11.5	11.5
10	1.3	821279.5	0.1	11.4	11.4
11	1.4	816923.0	0.1	11.2	11.2
12	1.5	781470.6	0.1	10.9	10.9
13	1.6	769467.4	0.1	10.5	10.5
14	1.8	745803.9	0.1	10.2	10.2
15	1.9	746658.1	0.1	9.8	9.8
16	2.0	723519.3	0.1	9.4	9.4
17	2.1	709336.6	0.1	9.0	9.0
18	2.2	692743.3	0.1	8.6	8.6
19	2.4	696913.0	0.1	8.3	8.3
20	2.5	695745.0	0.1	7.9	7.9


Iteration 9:

sh3_pdz_combined_cluster0_iter9:

OpenMP: Using 6 of 6 threads
Alphabet length:21
14608 valid sequences out of 14608 
41 sites, none trimmed because no target specified
Theta not between 0 and 1, no sequence reweighting applied (N = 14608.00)
iter	time	obj	|x|	|g|	crit
1	0.1	1285956.5	0.0	4.6	4.6
2	0.3	1166780.8	0.0	7.6	7.6
3	0.4	1078588.5	0.0	9.4	9.4
4	0.5	1012069.4	0.0	10.5	10.5
5	0.6	963464.5	0.0	11.1	11.1
6	0.8	922122.8	0.0	11.4	11.4
7	0.9	888466.3	0.0	11.6	11.6
8	1.0	855210.1	0.0	11.6	11.6
9	1.1	831202.4	0.0	11.5	11.5
10	1.3	802871.7	0.1	11.4	11.4
11	1.4	787007.9	0.1	11.2	11.2
12	1.5	768075.3	0.1	10.9	10.9
13	1.7	756834.7	0.1	10.5	10.5
14	1.8	731441.5	0.1	10.2	10.2
15	1.9	727883.6	0.1	9.8	9.8
16	2.0	722630.8	0.1	9.4	9.4
17	2.1	690793.0	0.1	9.0	9.0
18	2.3	704971.4	0.1	8.6	8.6
19	2.4	670228.5	0.1	8.2	8.2
20	2.5	680258.2	0.1	7.9	7.9


sh3_pdz_combined_cluster1_iter9:

OpenMP: Using 6 of 6 threads
Alphabet length:21
14970 valid sequences out of 14970 
41 sites, none trimmed because no target specified
Theta not between 0 and 1, no sequence reweighting applied (N = 14970.00)
iter	time	obj	|x|	|g|	crit
1	0.1	1306111.1	0.0	4.6	4.6
2	0.3	1188169.8	0.0	7.5	7.5
3	0.4	1103069.9	0.0	9.4	9.4
4	0.5	1032874.1	0.0	10.5	10.5
5	0.6	987099.0	0.0	11.1	11.1
6	0.8	934755.8	0.0	11.5	11.5
7	0.9	912713.1	0.0	11.6	11.6
8	1.0	880734.2	0.0	11.6	11.6
9	1.1	855047.2	0.0	11.5	11.5
10	1.3	825547.9	0.1	11.4	11.4
11	1.4	797340.3	0.1	11.1	11.1
12	1.5	780133.7	0.1	10.9	10.9
13	1.7	759027.1	0.1	10.6	10.6
14	1.8	747512.8	0.1	10.2	10.2
15	1.9	747994.1	0.1	9.8	9.8
16	2.0	729182.8	0.1	9.4	9.4
17	2.1	725096.7	0.1	9.0	9.0
18	2.3	710306.1	0.1	8.6	8.6
19	2.4	686829.5	0.1	8.3	8.3
20	2.5	687448.6	0.1	7.9	7.9


Iteration 10:

sh3_pdz_combined_cluster0_iter10:

OpenMP: Using 6 of 6 threads
Alphabet length:21
14604 valid sequences out of 14604 
41 sites, none trimmed because no target specified
Theta not between 0 and 1, no sequence reweighting applied (N = 14604.00)
iter	time	obj	|x|	|g|	crit
1	0.2	1287297.3	0.0	4.6	4.6
2	0.3	1166517.9	0.0	7.6	7.6
3	0.4	1078055.7	0.0	9.4	9.4
4	0.5	1013630.9	0.0	10.6	10.6
5	0.7	958209.5	0.0	11.2	11.2
6	0.8	930231.6	0.0	11.5	11.5
7	0.9	893173.7	0.0	11.6	11.6
8	1.0	853671.0	0.0	11.6	11.6
9	1.1	829930.5	0.0	11.5	11.5
10	1.2	804055.2	0.1	11.3	11.3
11	1.4	789076.0	0.1	11.1	11.1
12	1.5	764944.6	0.1	10.8	10.8
13	1.6	750376.5	0.1	10.5	10.5
14	1.7	737381.4	0.1	10.1	10.1
15	1.8	723154.7	0.1	9.8	9.8
16	1.9	724520.7	0.1	9.4	9.4
17	2.1	695221.2	0.1	9.0	9.0
18	2.2	690400.6	0.1	8.6	8.6
19	2.3	694691.7	0.1	8.2	8.2
20	2.4	672846.4	0.1	7.9	7.9


sh3_pdz_combined_cluster1_iter10:

OpenMP: Using 6 of 6 threads
Alphabet length:21
14974 valid sequences out of 14974 
41 sites, none trimmed because no target specified
Theta not between 0 and 1, no sequence reweighting applied (N = 14974.00)
iter	time	obj	|x|	|g|	crit
1	0.2	1303502.9	0.0	4.6	4.6
2	0.3	1183459.9	0.0	7.5	7.5
3	0.4	1095355.6	0.0	9.3	9.3
4	0.5	1031090.5	0.0	10.5	10.5
5	0.7	976179.4	0.0	11.1	11.1
6	0.8	945946.0	0.0	11.5	11.5
7	0.9	909440.1	0.0	11.6	11.6
8	1.0	877959.4	0.0	11.6	11.6
9	1.1	854388.6	0.0	11.5	11.5
10	1.3	835855.4	0.1	11.4	11.4
11	1.4	804291.8	0.1	11.1	11.1
12	1.5	782730.2	0.1	10.8	10.8
13	1.6	772729.0	0.1	10.5	10.5
14	1.7	743909.7	0.1	10.2	10.2
15	1.8	733745.2	0.1	9.8	9.8
16	1.9	726961.2	0.1	9.4	9.4
17	2.0	707343.9	0.1	9.0	9.0
18	2.2	696378.4	0.1	8.6	8.6
19	2.3	698753.1	0.1	8.2	8.2
20	2.4	696479.8	0.1	7.9	7.9


Iteration 11:

sh3_pdz_combined_cluster0_iter11:

OpenMP: Using 6 of 6 threads
Alphabet length:21
14592 valid sequences out of 14592 
41 sites, none trimmed because no target specified
Theta not between 0 and 1, no sequence reweighting applied (N = 14592.00)
iter	time	obj	|x|	|g|	crit
1	0.1	1289232.0	0.0	4.6	4.6
2	0.3	1162974.4	0.0	7.6	7.6
3	0.4	1082516.4	0.0	9.4	9.4
4	0.5	1007466.3	0.0	10.6	10.6
5	0.6	966744.0	0.0	11.2	11.2
6	0.7	927705.0	0.0	11.5	11.5
7	0.9	881885.9	0.0	11.7	11.7
8	1.0	851569.5	0.0	11.7	11.7
9	1.1	835090.9	0.0	11.6	11.6
10	1.2	806734.2	0.1	11.4	11.4
11	1.4	778480.7	0.1	11.1	11.1
12	1.5	768550.7	0.1	10.9	10.9
13	1.6	737184.8	0.1	10.6	10.6
14	1.8	728716.4	0.1	10.2	10.2
15	1.9	729135.1	0.1	9.8	9.8
16	2.0	718572.7	0.1	9.4	9.4
17	2.1	695800.4	0.1	9.0	9.0
18	2.2	678581.1	0.1	8.6	8.6
19	2.3	683786.7	0.1	8.2	8.2
20	2.4	666196.8	0.1	7.9	7.9


sh3_pdz_combined_cluster1_iter11:

OpenMP: Using 6 of 6 threads
Alphabet length:21
14986 valid sequences out of 14986 
41 sites, none trimmed because no target specified
Theta not between 0 and 1, no sequence reweighting applied (N = 14986.00)
iter	time	obj	|x|	|g|	crit
1	0.1	1302196.9	0.0	4.6	4.6
2	0.3	1189324.3	0.0	7.5	7.5
3	0.4	1096708.5	0.0	9.4	9.4
4	0.5	1030492.6	0.0	10.5	10.5
5	0.6	982100.1	0.0	11.1	11.1
6	0.7	935856.8	0.0	11.5	11.5
7	0.9	913727.5	0.0	11.6	11.6
8	1.0	867683.2	0.0	11.7	11.7
9	1.1	852418.7	0.0	11.6	11.6
10	1.2	821219.6	0.1	11.4	11.4
11	1.4	810723.5	0.1	11.2	11.2
12	1.5	780802.5	0.1	10.9	10.9
13	1.6	762122.2	0.1	10.6	10.6
14	1.8	744176.5	0.1	10.2	10.2
15	1.9	737130.2	0.1	9.9	9.9
16	2.0	716046.8	0.1	9.5	9.5
17	2.1	717584.0	0.1	9.1	9.1
18	2.2	702476.6	0.1	8.7	8.7
19	2.3	688645.2	0.1	8.3	8.3
20	2.5	688604.6	0.1	7.9	7.9


Iteration 12:

sh3_pdz_combined_cluster0_iter12:

OpenMP: Using 6 of 6 threads
Alphabet length:21
14590 valid sequences out of 14590 
41 sites, none trimmed because no target specified
Theta not between 0 and 1, no sequence reweighting applied (N = 14590.00)
iter	time	obj	|x|	|g|	crit
1	0.1	1286786.5	0.0	4.6	4.6
2	0.2	1162736.6	0.0	7.6	7.6
3	0.4	1076873.9	0.0	9.5	9.5
4	0.5	1010221.2	0.0	10.6	10.6
5	0.6	964029.9	0.0	11.2	11.2
6	0.8	919753.6	0.0	11.5	11.5
7	0.9	881784.7	0.0	11.6	11.6
8	1.0	859857.0	0.0	11.6	11.6
9	1.1	832361.5	0.0	11.5	11.5
10	1.2	804131.8	0.1	11.3	11.3
11	1.4	784332.2	0.1	11.1	11.1
12	1.5	767334.1	0.1	10.8	10.8
13	1.6	747455.5	0.1	10.5	10.5
14	1.8	731707.6	0.1	10.1	10.1
15	1.9	722785.8	0.1	9.8	9.8
16	2.0	714718.4	0.1	9.4	9.4
17	2.1	692183.3	0.1	9.0	9.0
18	2.2	678437.3	0.1	8.6	8.6
19	2.4	678720.6	0.1	8.2	8.2
20	2.5	672759.1	0.1	7.9	7.9


sh3_pdz_combined_cluster1_iter12:

OpenMP: Using 6 of 6 threads
Alphabet length:21
14988 valid sequences out of 14988 
41 sites, none trimmed because no target specified
Theta not between 0 and 1, no sequence reweighting applied (N = 14988.00)
iter	time	obj	|x|	|g|	crit
1	0.1	1307889.0	0.0	4.6	4.6
2	0.2	1185665.7	0.0	7.6	7.6
3	0.3	1099978.0	0.0	9.5	9.5
4	0.5	1034206.5	0.0	10.6	10.6
5	0.6	980450.6	0.0	11.3	11.3
6	0.7	934505.4	0.0	11.6	11.6
7	0.8	907548.7	0.0	11.7	11.7
8	0.9	874809.5	0.0	11.7	11.7
9	1.1	849390.2	0.0	11.7	11.7
10	1.2	827858.0	0.1	11.5	11.5
11	1.3	807629.9	0.1	11.3	11.3
12	1.4	777010.7	0.1	11.0	11.0
13	1.6	766559.0	0.1	10.6	10.6
14	1.7	737184.6	0.1	10.3	10.3
15	1.8	735893.7	0.1	9.8	9.8
16	1.9	716908.1	0.1	9.5	9.5
17	2.1	714027.5	0.1	9.1	9.1
18	2.2	701559.6	0.1	8.7	8.7
19	2.3	688081.9	0.1	8.3	8.3
20	2.5	695974.3	0.1	7.9	7.9


Iteration 13:

sh3_pdz_combined_cluster0_iter13:

OpenMP: Using 6 of 6 threads
Alphabet length:21
14610 valid sequences out of 14610 
41 sites, none trimmed because no target specified
Theta not between 0 and 1, no sequence reweighting applied (N = 14610.00)
iter	time	obj	|x|	|g|	crit
1	0.1	1286203.0	0.0	4.6	4.6
2	0.3	1165790.0	0.0	7.5	7.5
3	0.4	1080179.7	0.0	9.4	9.4
4	0.5	1010790.1	0.0	10.5	10.5
5	0.6	965292.1	0.0	11.1	11.1
6	0.7	932511.7	0.0	11.4	11.4
7	0.9	893390.8	0.0	11.5	11.5
8	1.0	860194.3	0.0	11.5	11.5
9	1.1	834879.3	0.0	11.5	11.5
10	1.2	815128.2	0.1	11.3	11.3
11	1.2	798445.4	0.1	11.0	11.0
12	1.4	771968.4	0.1	10.8	10.8
13	1.5	744100.1	0.1	10.5	10.5
14	1.7	735866.4	0.1	10.1	10.1
15	1.8	720506.4	0.1	9.8	9.8
16	1.9	715224.7	0.1	9.4	9.4
17	2.0	691842.5	0.1	9.0	9.0
18	2.2	692574.2	0.1	8.6	8.6
19	2.3	681519.7	0.1	8.3	8.3
20	2.4	666612.8	0.1	7.9	7.9


sh3_pdz_combined_cluster1_iter13:

OpenMP: Using 6 of 6 threads
Alphabet length:21
14968 valid sequences out of 14968 
41 sites, none trimmed because no target specified
Theta not between 0 and 1, no sequence reweighting applied (N = 14968.00)
iter	time	obj	|x|	|g|	crit
1	0.2	1303626.8	0.0	4.5	4.5
2	0.3	1179218.8	0.0	7.5	7.5
3	0.4	1095991.8	0.0	9.3	9.3
4	0.5	1035243.9	0.0	10.4	10.4
5	0.6	980269.3	0.0	11.1	11.1
6	0.7	939061.1	0.0	11.5	11.5
7	0.9	907476.5	0.0	11.6	11.6
8	1.0	871933.0	0.0	11.7	11.7
9	1.1	846222.8	0.0	11.6	11.6
10	1.2	826560.7	0.1	11.4	11.4
11	1.3	804472.1	0.1	11.2	11.2
12	1.4	783371.1	0.1	10.9	10.9
13	1.5	754406.8	0.1	10.6	10.6
14	1.7	747273.9	0.1	10.3	10.3
15	1.8	736028.4	0.1	9.9	9.9
16	1.9	721137.5	0.1	9.5	9.5
17	2.0	703401.4	0.1	9.1	9.1
18	2.2	693121.2	0.1	8.7	8.7
19	2.3	694440.0	0.1	8.3	8.3
20	2.4	688656.0	0.1	7.9	7.9


Iteration 14:

sh3_pdz_combined_cluster0_iter14:

OpenMP: Using 6 of 6 threads
Alphabet length:21
14596 valid sequences out of 14596 
41 sites, none trimmed because no target specified
Theta not between 0 and 1, no sequence reweighting applied (N = 14596.00)
iter	time	obj	|x|	|g|	crit
1	0.1	1285382.7	0.0	4.6	4.6
2	0.3	1168261.4	0.0	7.6	7.6
3	0.4	1077298.9	0.0	9.5	9.5
4	0.5	1016646.8	0.0	10.6	10.6
5	0.7	968640.3	0.0	11.2	11.2
6	0.8	920508.3	0.0	11.5	11.5
7	0.9	890424.5	0.0	11.6	11.6
8	1.0	868385.2	0.0	11.6	11.6
9	1.1	827502.6	0.0	11.5	11.5
10	1.2	799103.9	0.1	11.3	11.3
11	1.4	789215.7	0.1	11.1	11.1
12	1.5	767289.8	0.1	10.8	10.8
13	1.6	748729.8	0.1	10.5	10.5
14	1.7	737636.0	0.1	10.1	10.1
15	1.8	719414.7	0.1	9.8	9.8
16	1.9	717849.8	0.1	9.4	9.4
17	2.0	685489.7	0.1	9.0	9.0
18	2.1	678857.5	0.1	8.6	8.6
19	2.3	670523.1	0.1	8.2	8.2
20	2.4	671448.4	0.1	7.9	7.9


sh3_pdz_combined_cluster1_iter14:

OpenMP: Using 6 of 6 threads
Alphabet length:21
14982 valid sequences out of 14982 
41 sites, none trimmed because no target specified
Theta not between 0 and 1, no sequence reweighting applied (N = 14982.00)
iter	time	obj	|x|	|g|	crit
1	0.1	1300845.4	0.0	4.6	4.6
2	0.3	1182134.0	0.0	7.5	7.5
3	0.4	1100004.1	0.0	9.3	9.3
4	0.5	1035030.3	0.0	10.5	10.5
5	0.6	977613.1	0.0	11.1	11.1
6	0.8	939638.0	0.0	11.5	11.5
7	0.9	911348.6	0.0	11.6	11.6
8	1.0	869019.5	0.0	11.6	11.6
9	1.1	853899.1	0.0	11.5	11.5
10	1.2	821436.2	0.1	11.4	11.4
11	1.4	808810.7	0.1	11.2	11.2
12	1.5	778347.9	0.1	10.9	10.9
13	1.6	769195.2	0.1	10.6	10.6
14	1.8	750582.3	0.1	10.3	10.3
15	1.9	746806.7	0.1	9.9	9.9
16	2.0	710580.3	0.1	9.5	9.5
17	2.1	711033.3	0.1	9.1	9.1
18	2.2	704836.9	0.1	8.7	8.7
19	2.4	690308.7	0.1	8.3	8.3
20	2.5	697281.3	0.1	7.9	7.9


Iteration 15:

sh3_pdz_combined_cluster0_iter15:

OpenMP: Using 6 of 6 threads
Alphabet length:21
14597 valid sequences out of 14597 
41 sites, none trimmed because no target specified
Theta not between 0 and 1, no sequence reweighting applied (N = 14597.00)
iter	time	obj	|x|	|g|	crit
1	0.1	1283239.3	0.0	4.6	4.6
2	0.3	1157905.3	0.0	7.5	7.5
3	0.4	1078633.2	0.0	9.4	9.4
4	0.5	1018528.0	0.0	10.5	10.5
5	0.6	965384.7	0.0	11.1	11.1
6	0.7	925074.8	0.0	11.4	11.4
7	0.8	894144.4	0.0	11.5	11.5
8	0.9	856888.5	0.0	11.5	11.5
9	1.0	826751.2	0.0	11.5	11.5
10	1.1	805059.0	0.1	11.3	11.3
11	1.3	792523.5	0.1	11.1	11.1
12	1.4	765138.9	0.1	10.8	10.8
13	1.5	753083.7	0.1	10.5	10.5
14	1.6	729600.2	0.1	10.1	10.1
15	1.8	714182.7	0.1	9.7	9.7
16	1.9	715928.1	0.1	9.3	9.3
17	2.0	695935.5	0.1	9.0	9.0
18	2.1	691870.2	0.1	8.6	8.6
19	2.2	682709.0	0.1	8.2	8.2
20	2.3	680624.6	0.1	7.8	7.8


sh3_pdz_combined_cluster1_iter15:

OpenMP: Using 6 of 6 threads
Alphabet length:21
14981 valid sequences out of 14981 
41 sites, none trimmed because no target specified
Theta not between 0 and 1, no sequence reweighting applied (N = 14981.00)
iter	time	obj	|x|	|g|	crit
1	0.1	1298716.2	0.0	4.5	4.5
2	0.3	1184736.9	0.0	7.5	7.5
3	0.4	1092943.4	0.0	9.3	9.3
4	0.5	1025332.2	0.0	10.5	10.5
5	0.6	980767.7	0.0	11.2	11.2
6	0.7	941897.4	0.0	11.6	11.6
7	0.8	903975.8	0.0	11.7	11.7
8	0.9	869644.5	0.0	11.7	11.7
9	1.0	841699.1	0.0	11.6	11.6
10	1.1	819018.7	0.1	11.5	11.5
11	1.3	803710.4	0.1	11.2	11.2
12	1.4	770811.5	0.1	11.0	11.0
13	1.5	770035.7	0.1	10.6	10.6
14	1.6	745999.0	0.1	10.2	10.2
15	1.8	749041.2	0.1	9.8	9.8
16	1.9	714563.7	0.1	9.5	9.5
17	2.0	714771.2	0.1	9.0	9.0
18	2.1	700876.9	0.1	8.6	8.6
19	2.2	698706.9	0.1	8.2	8.2
20	2.3	691536.4	0.1	7.9	7.9


Iteration 16:

sh3_pdz_combined_cluster0_iter16:

OpenMP: Using 6 of 6 threads
Alphabet length:21
14624 valid sequences out of 14624 
41 sites, none trimmed because no target specified
Theta not between 0 and 1, no sequence reweighting applied (N = 14624.00)
iter	time	obj	|x|	|g|	crit
1	0.1	1285566.6	0.0	4.6	4.6
2	0.2	1170242.4	0.0	7.6	7.6
3	0.3	1078794.1	0.0	9.5	9.5
4	0.5	1010875.1	0.0	10.6	10.6
5	0.6	963453.7	0.0	11.2	11.2
6	0.7	923553.6	0.0	11.5	11.5
7	0.8	890164.6	0.0	11.6	11.6
8	1.0	862004.7	0.0	11.7	11.7
9	1.1	833009.6	0.0	11.5	11.5
10	1.2	805723.5	0.1	11.4	11.4
11	1.4	787252.6	0.1	11.1	11.1
12	1.5	770447.8	0.1	10.9	10.9
13	1.6	750910.1	0.1	10.5	10.5
14	1.7	740974.1	0.1	10.2	10.2
15	1.9	730881.2	0.1	9.8	9.8
16	2.0	719492.2	0.1	9.4	9.4
17	2.1	701668.7	0.1	9.0	9.0
18	2.2	693105.0	0.1	8.6	8.6
19	2.4	678081.6	0.1	8.2	8.2
20	2.5	675420.3	0.1	7.9	7.9


sh3_pdz_combined_cluster1_iter16:

OpenMP: Using 6 of 6 threads
Alphabet length:21
14954 valid sequences out of 14954 
41 sites, none trimmed because no target specified
Theta not between 0 and 1, no sequence reweighting applied (N = 14954.00)
iter	time	obj	|x|	|g|	crit
1	0.1	1297928.7	0.0	4.5	4.5
2	0.3	1189241.6	0.0	7.5	7.5
3	0.4	1096190.8	0.0	9.3	9.3
4	0.5	1027355.4	0.0	10.5	10.5
5	0.6	976709.0	0.0	11.1	11.1
6	0.8	944890.6	0.0	11.5	11.5
7	0.9	905589.1	0.0	11.7	11.7
8	1.0	875272.1	0.0	11.7	11.7
9	1.2	845823.7	0.0	11.6	11.6
10	1.3	822118.8	0.1	11.5	11.5
11	1.4	807371.4	0.1	11.2	11.2
12	1.5	780804.8	0.1	11.0	11.0
13	1.7	756830.3	0.1	10.6	10.6
14	1.8	743296.7	0.1	10.3	10.3
15	1.9	740040.7	0.1	9.9	9.9
16	2.0	714859.2	0.1	9.5	9.5
17	2.1	713418.1	0.1	9.0	9.0
18	2.3	695017.9	0.1	8.6	8.6
19	2.4	687085.3	0.1	8.3	8.3
20	2.5	680070.5	0.1	7.9	7.9


Iteration 17:

sh3_pdz_combined_cluster0_iter17:

OpenMP: Using 6 of 6 threads
Alphabet length:21
14613 valid sequences out of 14613 
41 sites, none trimmed because no target specified
Theta not between 0 and 1, no sequence reweighting applied (N = 14613.00)
iter	time	obj	|x|	|g|	crit
1	0.1	1283946.9	0.0	4.6	4.6
2	0.3	1168614.1	0.0	7.6	7.6
3	0.4	1082381.6	0.0	9.4	9.4
4	0.5	1021669.6	0.0	10.6	10.6
5	0.7	967514.5	0.0	11.1	11.1
6	0.8	928823.1	0.0	11.4	11.4
7	0.9	896191.3	0.0	11.6	11.6
8	1.0	860210.3	0.0	11.6	11.6
9	1.1	835370.4	0.0	11.5	11.5
10	1.2	806023.3	0.1	11.3	11.3
11	1.3	792061.5	0.1	11.1	11.1
12	1.4	769092.9	0.1	10.8	10.8
13	1.6	742193.9	0.1	10.5	10.5
14	1.7	732018.9	0.1	10.2	10.2
15	1.8	726885.3	0.1	9.8	9.8
16	2.0	706665.2	0.1	9.4	9.4
17	2.1	695038.9	0.1	9.0	9.0
18	2.2	680358.9	0.1	8.6	8.6
19	2.3	680402.4	0.1	8.2	8.2
20	2.4	676181.6	0.1	7.9	7.9


sh3_pdz_combined_cluster1_iter17:

OpenMP: Using 6 of 6 threads
Alphabet length:21
14965 valid sequences out of 14965 
41 sites, none trimmed because no target specified
Theta not between 0 and 1, no sequence reweighting applied (N = 14965.00)
iter	time	obj	|x|	|g|	crit
1	0.1	1300156.8	0.0	4.6	4.6
2	0.3	1181355.1	0.0	7.5	7.5
3	0.4	1099276.9	0.0	9.3	9.3
4	0.5	1029663.9	0.0	10.5	10.5
5	0.6	980658.2	0.0	11.1	11.1
6	0.8	941306.4	0.0	11.5	11.5
7	0.9	900075.2	0.0	11.7	11.7
8	1.0	862499.1	0.0	11.7	11.7
9	1.1	848202.0	0.0	11.7	11.7
10	1.2	829191.6	0.1	11.5	11.5
11	1.3	800746.0	0.1	11.3	11.3
12	1.4	779509.8	0.1	11.0	11.0
13	1.6	772041.9	0.1	10.7	10.7
14	1.7	750914.2	0.1	10.3	10.3
15	1.8	735464.0	0.1	9.9	9.9
16	2.0	720330.5	0.1	9.5	9.5
17	2.1	710309.4	0.1	9.1	9.1
18	2.3	695709.1	0.1	8.7	8.7
19	2.4	689381.7	0.1	8.3	8.3
20	2.6	673286.7	0.1	7.9	7.9


Iteration 18:

sh3_pdz_combined_cluster0_iter18:

OpenMP: Using 6 of 6 threads
Alphabet length:21
14626 valid sequences out of 14626 
41 sites, none trimmed because no target specified
Theta not between 0 and 1, no sequence reweighting applied (N = 14626.00)
iter	time	obj	|x|	|g|	crit
1	0.1	1283318.1	0.0	4.6	4.6
2	0.3	1172167.3	0.0	7.6	7.6
3	0.4	1083962.7	0.0	9.5	9.5
4	0.5	1012692.5	0.0	10.6	10.6
5	0.7	961401.8	0.0	11.2	11.2
6	0.8	927909.3	0.0	11.5	11.5
7	0.9	891500.8	0.0	11.6	11.6
8	1.0	863983.4	0.0	11.6	11.6
9	1.2	835483.5	0.0	11.5	11.5
10	1.3	803255.7	0.1	11.4	11.4
11	1.4	796478.4	0.1	11.1	11.1
12	1.6	768491.6	0.1	10.8	10.8
13	1.7	749808.5	0.1	10.5	10.5
14	1.8	737204.4	0.1	10.2	10.2
15	1.9	733025.6	0.1	9.8	9.8
16	2.1	711392.1	0.1	9.4	9.4
17	2.2	694067.9	0.1	9.0	9.0
18	2.3	689146.0	0.1	8.6	8.6
19	2.4	681613.3	0.1	8.2	8.2
20	2.6	676283.2	0.1	7.9	7.9


sh3_pdz_combined_cluster1_iter18:

OpenMP: Using 6 of 6 threads
Alphabet length:21
14952 valid sequences out of 14952 
41 sites, none trimmed because no target specified
Theta not between 0 and 1, no sequence reweighting applied (N = 14952.00)
iter	time	obj	|x|	|g|	crit
1	0.1	1297651.9	0.0	4.6	4.6
2	0.3	1175537.5	0.0	7.5	7.5
3	0.4	1094375.9	0.0	9.3	9.3
4	0.5	1028919.1	0.0	10.5	10.5
5	0.7	972620.2	0.0	11.1	11.1
6	0.8	941751.8	0.0	11.5	11.5
7	0.9	910541.4	0.0	11.7	11.7
8	1.0	867421.5	0.0	11.7	11.7
9	1.2	846701.3	0.0	11.6	11.6
10	1.3	807817.2	0.1	11.5	11.5
11	1.4	798440.6	0.1	11.2	11.2
12	1.5	776669.1	0.1	10.9	10.9
13	1.7	757192.5	0.1	10.6	10.6
14	1.8	742560.7	0.1	10.3	10.3
15	1.9	736002.4	0.1	9.8	9.8
16	2.1	709709.9	0.1	9.5	9.5
17	2.2	690355.3	0.1	9.1	9.1
18	2.3	698721.6	0.1	8.7	8.7
19	2.4	684665.1	0.1	8.3	8.3
20	2.6	672555.1	0.1	7.9	7.9


Iteration 19:

sh3_pdz_combined_cluster0_iter19:

OpenMP: Using 6 of 6 threads
Alphabet length:21
14612 valid sequences out of 14612 
41 sites, none trimmed because no target specified
Theta not between 0 and 1, no sequence reweighting applied (N = 14612.00)
iter	time	obj	|x|	|g|	crit
1	0.2	1285256.6	0.0	4.6	4.6
2	0.3	1164258.2	0.0	7.6	7.6
3	0.4	1079802.7	0.0	9.5	9.5
4	0.5	1010548.1	0.0	10.6	10.6
5	0.6	967666.1	0.0	11.2	11.2
6	0.8	930600.5	0.0	11.5	11.5
7	0.9	889845.2	0.0	11.6	11.6
8	1.0	864326.3	0.0	11.6	11.6
9	1.1	832705.9	0.0	11.5	11.5
10	1.2	801939.1	0.1	11.3	11.3
11	1.4	801350.1	0.1	11.1	11.1
12	1.5	774966.4	0.1	10.8	10.8
13	1.6	755778.7	0.1	10.5	10.5
14	1.8	735130.5	0.1	10.1	10.1
15	1.9	729587.2	0.1	9.7	9.7
16	2.1	712461.8	0.1	9.3	9.3
17	2.2	694771.9	0.1	8.9	8.9
18	2.3	681875.1	0.1	8.6	8.6
19	2.4	676071.4	0.1	8.2	8.2
20	2.6	683921.7	0.1	7.8	7.8


sh3_pdz_combined_cluster1_iter19:

OpenMP: Using 6 of 6 threads
Alphabet length:21
14966 valid sequences out of 14966 
41 sites, none trimmed because no target specified
Theta not between 0 and 1, no sequence reweighting applied (N = 14966.00)
iter	time	obj	|x|	|g|	crit
1	0.1	1299893.9	0.0	4.6	4.6
2	0.3	1186199.7	0.0	7.5	7.5
3	0.4	1093755.1	0.0	9.4	9.4
4	0.5	1033156.8	0.0	10.5	10.5
5	0.6	979582.4	0.0	11.2	11.2
6	0.7	935159.3	0.0	11.6	11.6
7	0.9	896131.5	0.0	11.7	11.7
8	1.0	873231.9	0.0	11.7	11.7
9	1.1	846711.0	0.0	11.7	11.7
10	1.2	817638.0	0.1	11.5	11.5
11	1.3	802836.1	0.1	11.2	11.2
12	1.5	778887.0	0.1	10.9	10.9
13	1.6	758925.7	0.1	10.6	10.6
14	1.8	750859.7	0.1	10.2	10.2
15	1.9	731475.7	0.1	9.8	9.8
16	2.0	721370.4	0.1	9.4	9.4
17	2.2	710659.6	0.1	9.0	9.0
18	2.3	701142.5	0.1	8.6	8.6
19	2.4	688627.2	0.1	8.2	8.2
20	2.6	690814.7	0.1	7.9	7.9


Iteration 20:

sh3_pdz_combined_cluster0_iter20:

OpenMP: Using 6 of 6 threads
Alphabet length:21
14597 valid sequences out of 14597 
41 sites, none trimmed because no target specified
Theta not between 0 and 1, no sequence reweighting applied (N = 14597.00)
iter	time	obj	|x|	|g|	crit
1	0.1	1286646.3	0.0	4.6	4.6
2	0.3	1169218.0	0.0	7.6	7.6
3	0.4	1071888.7	0.0	9.5	9.5
4	0.5	1007674.1	0.0	10.7	10.7
5	0.6	956663.3	0.0	11.3	11.3
6	0.8	926619.8	0.0	11.5	11.5
7	0.9	892544.2	0.0	11.6	11.6
8	1.1	861919.0	0.0	11.6	11.6
9	1.2	830105.9	0.0	11.5	11.5
10	1.3	808679.9	0.1	11.3	11.3
11	1.4	798675.5	0.1	11.1	11.1
12	1.5	769389.8	0.1	10.8	10.8
13	1.6	735424.7	0.1	10.5	10.5
14	1.7	742386.0	0.1	10.1	10.1
15	1.9	719489.3	0.1	9.8	9.8
16	2.0	708711.6	0.1	9.4	9.4
17	2.1	694759.2	0.1	9.0	9.0
18	2.2	687321.4	0.1	8.6	8.6
19	2.4	685870.2	0.1	8.2	8.2
20	2.5	675735.2	0.1	7.9	7.9


sh3_pdz_combined_cluster1_iter20:

OpenMP: Using 6 of 6 threads
Alphabet length:21
14981 valid sequences out of 14981 
41 sites, none trimmed because no target specified
Theta not between 0 and 1, no sequence reweighting applied (N = 14981.00)
iter	time	obj	|x|	|g|	crit
1	0.1	1304187.9	0.0	4.6	4.6
2	0.3	1180119.2	0.0	7.5	7.5
3	0.4	1098953.4	0.0	9.4	9.4
4	0.5	1033211.7	0.0	10.6	10.6
5	0.6	980235.6	0.0	11.2	11.2
6	0.8	941254.1	0.0	11.6	11.6
7	0.9	904197.6	0.0	11.7	11.7
8	1.1	867461.8	0.0	11.7	11.7
9	1.2	849075.5	0.0	11.6	11.6
10	1.3	820412.5	0.1	11.5	11.5
11	1.4	800172.1	0.1	11.3	11.3
12	1.5	776265.9	0.1	11.0	11.0
13	1.6	766742.8	0.1	10.6	10.6
14	1.8	745006.1	0.1	10.3	10.3
15	1.9	746037.6	0.1	9.9	9.9
16	2.0	723351.9	0.1	9.5	9.5
17	2.1	705921.4	0.1	9.1	9.1
18	2.2	715603.1	0.1	8.7	8.7
19	2.4	690368.7	0.1	8.3	8.3
20	2.5	690051.9	0.1	7.9	7.9


Iteration 21:

sh3_pdz_combined_cluster0_iter21:

OpenMP: Using 6 of 6 threads
Alphabet length:21
14575 valid sequences out of 14575 
41 sites, none trimmed because no target specified
Theta not between 0 and 1, no sequence reweighting applied (N = 14575.00)
iter	time	obj	|x|	|g|	crit
1	0.1	1284620.9	0.0	4.7	4.7
2	0.3	1169007.7	0.0	7.6	7.6
3	0.4	1078461.7	0.0	9.5	9.5
4	0.6	1013038.8	0.0	10.6	10.6
5	0.7	955994.8	0.0	11.2	11.2
6	0.9	918872.8	0.0	11.5	11.5
7	1.0	887852.2	0.0	11.6	11.6
8	1.1	855021.0	0.0	11.6	11.6
9	1.3	831675.7	0.0	11.5	11.5
10	1.4	804121.8	0.1	11.3	11.3
11	1.5	792481.8	0.1	11.1	11.1
12	1.7	764410.7	0.1	10.8	10.8
13	1.8	741245.3	0.1	10.5	10.5
14	2.0	735810.2	0.1	10.1	10.1
15	2.1	719024.4	0.1	9.7	9.7
16	2.2	707479.6	0.1	9.4	9.4
17	2.3	687844.2	0.1	9.0	9.0
18	2.5	688271.4	0.1	8.6	8.6
19	2.6	679918.0	0.1	8.2	8.2
20	2.7	673414.4	0.1	7.8	7.8


sh3_pdz_combined_cluster1_iter21:

OpenMP: Using 6 of 6 threads
Alphabet length:21
15003 valid sequences out of 15003 
41 sites, none trimmed because no target specified
Theta not between 0 and 1, no sequence reweighting applied (N = 15003.00)
iter	time	obj	|x|	|g|	crit
1	0.2	1302402.8	0.0	4.6	4.6
2	0.3	1181688.9	0.0	7.5	7.5
3	0.4	1095264.7	0.0	9.3	9.3
4	0.6	1028401.3	0.0	10.5	10.5
5	0.7	976341.5	0.0	11.1	11.1
6	0.9	938873.7	0.0	11.5	11.5
7	1.0	907865.9	0.0	11.7	11.7
8	1.1	879040.7	0.0	11.7	11.7
9	1.3	847303.7	0.0	11.6	11.6
10	1.4	826185.0	0.1	11.5	11.5
11	1.5	806535.5	0.1	11.2	11.2
12	1.7	778321.9	0.1	10.9	10.9
13	1.8	767370.3	0.1	10.6	10.6
14	1.9	743595.0	0.1	10.2	10.2
15	2.1	744814.4	0.1	9.9	9.9
16	2.2	716265.3	0.1	9.5	9.5
17	2.3	709401.5	0.1	9.1	9.1
18	2.5	699940.0	0.1	8.7	8.7
19	2.6	686120.4	0.1	8.3	8.3
20	2.7	697118.9	0.1	7.9	7.9


Iteration 22:

sh3_pdz_combined_cluster0_iter22:

OpenMP: Using 6 of 6 threads
Alphabet length:21
14591 valid sequences out of 14591 
41 sites, none trimmed because no target specified
Theta not between 0 and 1, no sequence reweighting applied (N = 14591.00)
iter	time	obj	|x|	|g|	crit
1	0.2	1285627.0	0.0	4.7	4.7
2	0.3	1164225.9	0.0	7.6	7.6
3	0.4	1081056.6	0.0	9.4	9.4
4	0.5	1017644.8	0.0	10.5	10.5
5	0.6	965555.2	0.0	11.1	11.1
6	0.8	924830.2	0.0	11.4	11.4
7	0.9	887400.1	0.0	11.5	11.5
8	1.0	864557.4	0.0	11.6	11.6
9	1.2	823971.7	0.0	11.5	11.5
10	1.3	808846.3	0.1	11.3	11.3
11	1.4	790825.4	0.1	11.1	11.1
12	1.6	772587.6	0.1	10.8	10.8
13	1.7	735759.2	0.1	10.5	10.5
14	1.8	740332.8	0.1	10.1	10.1
15	1.9	726742.3	0.1	9.7	9.7
16	2.1	707994.1	0.1	9.3	9.3
17	2.2	690307.5	0.1	8.9	8.9
18	2.3	690506.6	0.1	8.5	8.5
19	2.4	681852.8	0.1	8.2	8.2
20	2.5	669641.1	0.1	7.8	7.8


sh3_pdz_combined_cluster1_iter22:

OpenMP: Using 6 of 6 threads
Alphabet length:21
14987 valid sequences out of 14987 
41 sites, none trimmed because no target specified
Theta not between 0 and 1, no sequence reweighting applied (N = 14987.00)
iter	time	obj	|x|	|g|	crit
1	0.2	1302292.0	0.0	4.5	4.5
2	0.3	1182143.5	0.0	7.5	7.5
3	0.4	1104344.0	0.0	9.3	9.3
4	0.5	1036027.4	0.0	10.4	10.4
5	0.7	979506.3	0.0	11.1	11.1
6	0.8	941488.0	0.0	11.5	11.5
7	0.9	900465.3	0.0	11.6	11.6
8	1.0	869871.9	0.0	11.6	11.6
9	1.2	848796.8	0.0	11.6	11.6
10	1.3	821458.6	0.1	11.4	11.4
11	1.4	803603.3	0.1	11.2	11.2
12	1.6	777476.6	0.1	10.9	10.9
13	1.7	765327.3	0.1	10.6	10.6
14	1.8	746511.7	0.1	10.2	10.2
15	2.0	736741.2	0.1	9.8	9.8
16	2.1	706678.9	0.1	9.5	9.5
17	2.2	709981.7	0.1	9.1	9.1
18	2.3	697469.4	0.1	8.7	8.7
19	2.5	679874.9	0.1	8.3	8.3
20	2.6	688453.1	0.1	7.9	7.9


Iteration 23:

sh3_pdz_combined_cluster0_iter23:

OpenMP: Using 6 of 6 threads
Alphabet length:21
14564 valid sequences out of 14564 
41 sites, none trimmed because no target specified
Theta not between 0 and 1, no sequence reweighting applied (N = 14564.00)
iter	time	obj	|x|	|g|	crit
1	0.1	1284335.7	0.0	4.6	4.6
2	0.2	1160149.4	0.0	7.6	7.6
3	0.3	1075808.4	0.0	9.4	9.4
4	0.4	1008827.7	0.0	10.5	10.5
5	0.5	957175.8	0.0	11.1	11.1
6	0.6	929102.9	0.0	11.4	11.4
7	0.8	889670.5	0.0	11.6	11.6
8	0.9	848629.2	0.0	11.6	11.6
9	1.0	828393.9	0.0	11.5	11.5
10	1.2	802025.1	0.1	11.3	11.3
11	1.3	784470.9	0.1	11.1	11.1
12	1.4	760178.0	0.1	10.8	10.8
13	1.5	745131.0	0.1	10.5	10.5
14	1.6	741540.3	0.1	10.1	10.1
15	1.8	722437.8	0.1	9.7	9.7
16	1.9	709250.9	0.1	9.3	9.3
17	2.0	692503.2	0.1	8.9	8.9
18	2.1	690510.0	0.1	8.6	8.6
19	2.3	679242.9	0.1	8.2	8.2
20	2.4	677686.6	0.1	7.8	7.8


sh3_pdz_combined_cluster1_iter23:

OpenMP: Using 6 of 6 threads
Alphabet length:21
15014 valid sequences out of 15014 
41 sites, none trimmed because no target specified
Theta not between 0 and 1, no sequence reweighting applied (N = 15014.00)
iter	time	obj	|x|	|g|	crit
1	0.1	1304123.0	0.0	4.6	4.6
2	0.2	1189818.3	0.0	7.5	7.5
3	0.3	1096760.5	0.0	9.4	9.4
4	0.5	1035913.6	0.0	10.5	10.5
5	0.6	976154.0	0.0	11.2	11.2
6	0.7	940945.4	0.0	11.6	11.6
7	0.9	917404.7	0.0	11.7	11.7
8	1.0	879049.3	0.0	11.7	11.7
9	1.1	848976.9	0.0	11.6	11.6
10	1.2	821531.5	0.1	11.5	11.5
11	1.3	798796.8	0.1	11.2	11.2
12	1.5	774553.6	0.1	11.0	11.0
13	1.6	772344.2	0.1	10.6	10.6
14	1.7	758579.5	0.1	10.3	10.3
15	1.8	748803.8	0.1	9.9	9.9
16	2.0	722461.4	0.1	9.5	9.5
17	2.1	702059.8	0.1	9.1	9.1
18	2.2	688963.4	0.1	8.7	8.7
19	2.3	681090.1	0.1	8.3	8.3
20	2.4	672424.1	0.1	7.9	7.9


Iteration 24:

sh3_pdz_combined_cluster0_iter24:

OpenMP: Using 6 of 6 threads
Alphabet length:21
14575 valid sequences out of 14575 
41 sites, none trimmed because no target specified
Theta not between 0 and 1, no sequence reweighting applied (N = 14575.00)
iter	time	obj	|x|	|g|	crit
1	0.1	1282817.8	0.0	4.6	4.6
2	0.2	1168907.0	0.0	7.5	7.5
3	0.4	1075911.4	0.0	9.4	9.4
4	0.5	1010085.0	0.0	10.5	10.5
5	0.6	967840.3	0.0	11.1	11.1
6	0.8	918861.6	0.0	11.5	11.5
7	0.9	884597.3	0.0	11.6	11.6
8	1.0	858988.0	0.0	11.6	11.6
9	1.1	831310.8	0.0	11.5	11.5
10	1.1	811532.2	0.1	11.3	11.3
11	1.2	794478.6	0.1	11.1	11.1
12	1.4	773749.0	0.1	10.8	10.8
13	1.5	753132.1	0.1	10.5	10.5
14	1.6	724951.7	0.1	10.1	10.1
15	1.7	723145.6	0.1	9.7	9.7
16	1.8	703120.9	0.1	9.3	9.3
17	2.0	685406.9	0.1	8.9	8.9
18	2.1	690436.4	0.1	8.6	8.6
19	2.2	671968.9	0.1	8.2	8.2
20	2.3	672377.1	0.1	7.8	7.8


sh3_pdz_combined_cluster1_iter24:

OpenMP: Using 6 of 6 threads
Alphabet length:21
15003 valid sequences out of 15003 
41 sites, none trimmed because no target specified
Theta not between 0 and 1, no sequence reweighting applied (N = 15003.00)
iter	time	obj	|x|	|g|	crit
1	0.2	1301930.4	0.0	4.5	4.5
2	0.3	1188860.8	0.0	7.5	7.5
3	0.5	1097183.3	0.0	9.4	9.4
4	0.6	1030113.1	0.0	10.5	10.5
5	0.8	981456.9	0.0	11.2	11.2
6	0.9	952057.9	0.0	11.6	11.6
7	1.1	900381.4	0.0	11.7	11.7
8	1.2	877743.0	0.0	11.7	11.7
9	1.3	842103.9	0.0	11.6	11.6
10	1.5	816505.4	0.1	11.5	11.5
11	1.6	804445.5	0.1	11.3	11.3
12	1.7	781409.6	0.1	11.0	11.0
13	1.8	757324.8	0.1	10.6	10.6
14	2.0	745128.0	0.1	10.3	10.3
15	2.1	737462.1	0.1	9.9	9.9
16	2.2	726469.0	0.1	9.4	9.4
17	2.3	707408.6	0.1	9.1	9.1
18	2.4	696453.0	0.1	8.7	8.7
19	2.5	682505.8	0.1	8.3	8.3
20	2.6	696669.5	0.1	7.9	7.9


Iteration 25:

sh3_pdz_combined_cluster0_iter25:

OpenMP: Using 6 of 6 threads
Alphabet length:21
14601 valid sequences out of 14601 
41 sites, none trimmed because no target specified
Theta not between 0 and 1, no sequence reweighting applied (N = 14601.00)
iter	time	obj	|x|	|g|	crit
1	0.1	1283683.3	0.0	4.6	4.6
2	0.3	1166215.1	0.0	7.6	7.6
3	0.4	1079602.1	0.0	9.5	9.5
4	0.5	1009149.9	0.0	10.6	10.6
5	0.6	964116.3	0.0	11.2	11.2
6	0.7	927204.8	0.0	11.5	11.5
7	0.9	883780.5	0.0	11.6	11.6
8	1.0	860560.7	0.0	11.6	11.6
9	1.1	831589.3	0.0	11.5	11.5
10	1.2	803931.3	0.1	11.4	11.4
11	1.3	786142.2	0.1	11.1	11.1
12	1.5	771598.7	0.1	10.8	10.8
13	1.6	746776.0	0.1	10.5	10.5
14	1.7	730403.2	0.1	10.1	10.1
15	1.8	725854.5	0.1	9.8	9.8
16	2.0	715342.3	0.1	9.4	9.4
17	2.1	693612.6	0.1	9.0	9.0
18	2.2	695008.3	0.1	8.6	8.6
19	2.3	675388.1	0.1	8.2	8.2
20	2.5	682178.0	0.1	7.8	7.8


sh3_pdz_combined_cluster1_iter25:

OpenMP: Using 6 of 6 threads
Alphabet length:21
14977 valid sequences out of 14977 
41 sites, none trimmed because no target specified
Theta not between 0 and 1, no sequence reweighting applied (N = 14977.00)
iter	time	obj	|x|	|g|	crit
1	0.1	1298011.8	0.0	4.6	4.6
2	0.3	1179180.4	0.0	7.5	7.5
3	0.4	1097835.2	0.0	9.4	9.4
4	0.5	1027099.0	0.0	10.5	10.5
5	0.6	978571.8	0.0	11.2	11.2
6	0.7	933721.4	0.0	11.6	11.6
7	0.9	903212.4	0.0	11.7	11.7
8	1.0	862962.8	0.0	11.8	11.8
9	1.1	846820.2	0.0	11.7	11.7
10	1.2	812023.9	0.1	11.5	11.5
11	1.4	791370.6	0.1	11.3	11.3
12	1.5	777755.4	0.1	11.0	11.0
13	1.6	761170.4	0.1	10.7	10.7
14	1.7	756317.5	0.1	10.3	10.3
15	1.8	732552.0	0.1	9.9	9.9
16	2.0	717117.4	0.1	9.5	9.5
17	2.1	713603.0	0.1	9.1	9.1
18	2.2	687461.9	0.1	8.7	8.7
19	2.3	685830.9	0.1	8.3	8.3
20	2.5	693809.4	0.1	7.9	7.9


Iteration 26:

sh3_pdz_combined_cluster0_iter26:

OpenMP: Using 6 of 6 threads
Alphabet length:21
14584 valid sequences out of 14584 
41 sites, none trimmed because no target specified
Theta not between 0 and 1, no sequence reweighting applied (N = 14584.00)
iter	time	obj	|x|	|g|	crit
1	0.1	1282365.0	0.0	4.6	4.6
2	0.2	1166741.0	0.0	7.6	7.6
3	0.3	1070793.6	0.0	9.5	9.5
4	0.4	1009335.1	0.0	10.6	10.6
5	0.5	959542.5	0.0	11.2	11.2
6	0.6	931526.2	0.0	11.5	11.5
7	0.8	890407.8	0.0	11.7	11.7
8	0.9	860964.7	0.0	11.6	11.6
9	1.0	838419.3	0.0	11.5	11.5
10	1.1	796995.4	0.1	11.4	11.4
11	1.3	783248.9	0.1	11.1	11.1
12	1.4	766663.7	0.1	10.8	10.8
13	1.5	752139.1	0.1	10.5	10.5
14	1.7	731631.3	0.1	10.1	10.1
15	1.8	724905.0	0.1	9.8	9.8
16	1.9	717874.6	0.1	9.3	9.3
17	2.1	695775.0	0.1	9.0	9.0
18	2.2	686433.6	0.1	8.6	8.6
19	2.3	679643.7	0.1	8.2	8.2
20	2.4	685680.1	0.1	7.8	7.8


sh3_pdz_combined_cluster1_iter26:

OpenMP: Using 6 of 6 threads
Alphabet length:21
14994 valid sequences out of 14994 
41 sites, none trimmed because no target specified
Theta not between 0 and 1, no sequence reweighting applied (N = 14994.00)
iter	time	obj	|x|	|g|	crit
1	0.1	1304626.8	0.0	4.6	4.6
2	0.2	1177187.8	0.0	7.5	7.5
3	0.3	1099829.2	0.0	9.3	9.3
4	0.4	1031922.2	0.0	10.5	10.5
5	0.6	976943.3	0.0	11.2	11.2
6	0.7	933213.6	0.0	11.5	11.5
7	0.8	907146.1	0.0	11.7	11.7
8	0.9	876781.1	0.0	11.7	11.7
9	1.1	844547.3	0.0	11.6	11.6
10	1.2	811318.4	0.1	11.5	11.5
11	1.3	795483.4	0.1	11.3	11.3
12	1.5	796340.8	0.1	11.0	11.0
13	1.6	760012.2	0.1	10.6	10.6
14	1.7	744565.7	0.1	10.3	10.3
15	1.9	739636.4	0.1	9.9	9.9
16	2.0	722570.5	0.1	9.5	9.5
17	2.1	708328.2	0.1	9.1	9.1
18	2.2	698801.7	0.1	8.7	8.7
19	2.4	686509.4	0.1	8.3	8.3
20	2.5	685404.7	0.1	7.9	7.9


Iteration 27:

sh3_pdz_combined_cluster0_iter27:

OpenMP: Using 6 of 6 threads
Alphabet length:21
14580 valid sequences out of 14580 
41 sites, none trimmed because no target specified
Theta not between 0 and 1, no sequence reweighting applied (N = 14580.00)
iter	time	obj	|x|	|g|	crit
1	0.1	1286046.8	0.0	4.6	4.6
2	0.3	1164599.0	0.0	7.6	7.6
3	0.4	1078531.9	0.0	9.4	9.4
4	0.6	1015058.3	0.0	10.6	10.6
5	0.7	961240.3	0.0	11.1	11.1
6	0.8	922764.4	0.0	11.4	11.4
7	0.9	892647.7	0.0	11.6	11.6
8	1.1	861030.7	0.0	11.5	11.5
9	1.2	825208.4	0.0	11.5	11.5
10	1.3	812309.7	0.1	11.3	11.3
11	1.4	787184.7	0.1	11.1	11.1
12	1.6	762719.5	0.1	10.8	10.8
13	1.7	750440.4	0.1	10.5	10.5
14	1.9	734329.1	0.1	10.1	10.1
15	2.0	718248.9	0.1	9.7	9.7
16	2.1	702330.6	0.1	9.3	9.3
17	2.2	698685.4	0.1	8.9	8.9
18	2.3	692264.6	0.1	8.5	8.5
19	2.5	675465.3	0.1	8.2	8.2
20	2.6	668742.7	0.1	7.8	7.8


sh3_pdz_combined_cluster1_iter27:

OpenMP: Using 6 of 6 threads
Alphabet length:21
14998 valid sequences out of 14998 
41 sites, none trimmed because no target specified
Theta not between 0 and 1, no sequence reweighting applied (N = 14998.00)
iter	time	obj	|x|	|g|	crit
1	0.2	1304170.8	0.0	4.6	4.6
2	0.3	1183557.5	0.0	7.6	7.6
3	0.4	1098735.2	0.0	9.4	9.4
4	0.6	1032971.8	0.0	10.5	10.5
5	0.7	982367.6	0.0	11.2	11.2
6	0.8	942313.4	0.0	11.5	11.5
7	1.0	914633.5	0.0	11.7	11.7
8	1.1	878009.1	0.0	11.7	11.7
9	1.2	843665.9	0.0	11.6	11.6
10	1.3	816485.4	0.1	11.5	11.5
11	1.5	813415.6	0.1	11.3	11.3
12	1.6	775345.3	0.1	11.0	11.0
13	1.7	766284.5	0.1	10.7	10.7
14	1.9	740802.5	0.1	10.3	10.3
15	2.0	730591.6	0.1	9.9	9.9
16	2.1	720118.3	0.1	9.5	9.5
17	2.2	704175.9	0.1	9.1	9.1
18	2.4	695720.2	0.1	8.7	8.7
19	2.5	685137.2	0.1	8.3	8.3
20	2.6	685250.5	0.1	8.0	8.0


Iteration 28:

sh3_pdz_combined_cluster0_iter28:

OpenMP: Using 6 of 6 threads
Alphabet length:21
14585 valid sequences out of 14585 
41 sites, none trimmed because no target specified
Theta not between 0 and 1, no sequence reweighting applied (N = 14585.00)
iter	time	obj	|x|	|g|	crit
1	0.2	1278377.3	0.0	4.6	4.6
2	0.3	1164323.9	0.0	7.6	7.6
3	0.4	1078704.6	0.0	9.4	9.4
4	0.5	1014065.7	0.0	10.5	10.5
5	0.6	965941.7	0.0	11.1	11.1
6	0.7	925323.3	0.0	11.4	11.4
7	0.9	890606.0	0.0	11.6	11.6
8	1.0	855552.0	0.0	11.5	11.5
9	1.1	819565.4	0.0	11.5	11.5
10	1.2	799219.7	0.1	11.3	11.3
11	1.4	792248.9	0.1	11.1	11.1
12	1.5	771914.2	0.1	10.8	10.8
13	1.6	749687.9	0.1	10.5	10.5
14	1.7	727003.9	0.1	10.1	10.1
15	1.9	714486.9	0.1	9.7	9.7
16	2.0	707483.1	0.1	9.4	9.4
17	2.1	702687.2	0.1	9.0	9.0
18	2.3	687653.4	0.1	8.6	8.6
19	2.4	675917.7	0.1	8.2	8.2
20	2.5	678349.5	0.1	7.8	7.8


sh3_pdz_combined_cluster1_iter28:

OpenMP: Using 6 of 6 threads
Alphabet length:21
14993 valid sequences out of 14993 
41 sites, none trimmed because no target specified
Theta not between 0 and 1, no sequence reweighting applied (N = 14993.00)
iter	time	obj	|x|	|g|	crit
1	0.1	1304635.2	0.0	4.6	4.6
2	0.2	1187923.4	0.0	7.5	7.5
3	0.4	1096994.7	0.0	9.3	9.3
4	0.5	1033640.1	0.0	10.5	10.5
5	0.5	981075.8	0.0	11.2	11.2
6	0.6	944174.8	0.0	11.5	11.5
7	0.8	912822.2	0.0	11.6	11.6
8	0.9	874414.0	0.0	11.7	11.7
9	1.0	847646.4	0.0	11.6	11.6
10	1.1	814013.3	0.1	11.5	11.5
11	1.2	803870.9	0.1	11.2	11.2
12	1.4	778789.2	0.1	11.0	11.0
13	1.5	763454.6	0.1	10.6	10.6
14	1.6	736991.8	0.1	10.3	10.3
15	1.7	736205.7	0.1	9.9	9.9
16	1.9	713571.3	0.1	9.5	9.5
17	2.0	704938.8	0.1	9.1	9.1
18	2.1	696016.7	0.1	8.7	8.7
19	2.3	699023.2	0.1	8.3	8.3
20	2.4	685465.4	0.1	7.9	7.9


Iteration 29:

sh3_pdz_combined_cluster0_iter29:

OpenMP: Using 6 of 6 threads
Alphabet length:21
14578 valid sequences out of 14578 
41 sites, none trimmed because no target specified
Theta not between 0 and 1, no sequence reweighting applied (N = 14578.00)
iter	time	obj	|x|	|g|	crit
1	0.1	1284133.3	0.0	4.6	4.6
2	0.3	1163303.4	0.0	7.6	7.6
3	0.4	1076581.3	0.0	9.4	9.4
4	0.5	1012537.5	0.0	10.5	10.5
5	0.6	963193.2	0.0	11.2	11.2
6	0.7	932681.2	0.0	11.4	11.4
7	0.8	891225.0	0.0	11.6	11.6
8	1.0	854064.2	0.0	11.6	11.6
9	1.1	831813.1	0.0	11.5	11.5
10	1.2	805737.7	0.1	11.3	11.3
11	1.3	784406.3	0.1	11.1	11.1
12	1.4	770172.5	0.1	10.8	10.8
13	1.5	752182.1	0.1	10.4	10.4
14	1.7	728205.2	0.1	10.1	10.1
15	1.8	734450.5	0.1	9.7	9.7
16	1.9	705205.5	0.1	9.3	9.3
17	2.0	694441.7	0.1	8.9	8.9
18	2.1	695339.3	0.1	8.5	8.5
19	2.2	667450.8	0.1	8.2	8.2
20	2.3	684009.4	0.1	7.8	7.8


sh3_pdz_combined_cluster1_iter29:

OpenMP: Using 6 of 6 threads
Alphabet length:21
15000 valid sequences out of 15000 
41 sites, none trimmed because no target specified
Theta not between 0 and 1, no sequence reweighting applied (N = 15000.00)
iter	time	obj	|x|	|g|	crit
1	0.1	1303944.8	0.0	4.6	4.6
2	0.3	1184307.0	0.0	7.5	7.5
3	0.4	1099316.8	0.0	9.3	9.3
4	0.5	1027965.8	0.0	10.5	10.5
5	0.6	983572.0	0.0	11.2	11.2
6	0.7	942688.7	0.0	11.6	11.6
7	0.8	902265.2	0.0	11.7	11.7
8	1.0	874904.1	0.0	11.7	11.7
9	1.1	839401.1	0.0	11.7	11.7
10	1.2	809993.8	0.1	11.5	11.5
11	1.3	800928.6	0.1	11.3	11.3
12	1.4	775143.7	0.1	11.0	11.0
13	1.4	756317.2	0.1	10.7	10.7
14	1.5	749949.8	0.1	10.3	10.3
15	1.7	735413.5	0.1	9.9	9.9
16	1.8	715869.4	0.1	9.5	9.5
17	1.9	716342.6	0.1	9.1	9.1
18	2.0	699665.5	0.1	8.7	8.7
19	2.1	692198.5	0.1	8.3	8.3
20	2.2	687445.2	0.1	7.9	7.9


Iteration 30:

sh3_pdz_combined_cluster0_iter30:

OpenMP: Using 6 of 6 threads
Alphabet length:21
14596 valid sequences out of 14596 
41 sites, none trimmed because no target specified
Theta not between 0 and 1, no sequence reweighting applied (N = 14596.00)
iter	time	obj	|x|	|g|	crit
1	0.2	1286398.1	0.0	4.6	4.6
2	0.3	1168431.3	0.0	7.6	7.6
3	0.4	1073297.5	0.0	9.5	9.5
4	0.5	1009340.8	0.0	10.6	10.6
5	0.7	966682.9	0.0	11.2	11.2
6	0.8	924629.1	0.0	11.5	11.5
7	0.9	889399.7	0.0	11.6	11.6
8	1.0	857786.0	0.0	11.6	11.6
9	1.1	824900.3	0.0	11.5	11.5
10	1.2	798157.5	0.1	11.4	11.4
11	1.4	795083.9	0.1	11.1	11.1
12	1.5	760233.0	0.1	10.9	10.9
13	1.6	743641.4	0.1	10.5	10.5
14	1.7	739452.5	0.1	10.2	10.2
15	1.8	707791.8	0.1	9.8	9.8
16	1.9	714980.2	0.1	9.4	9.4
17	2.0	695393.1	0.1	9.0	9.0
18	2.1	697955.5	0.1	8.6	8.6
19	2.2	682128.8	0.1	8.2	8.2
20	2.3	674206.1	0.1	7.8	7.8


sh3_pdz_combined_cluster1_iter30:

OpenMP: Using 6 of 6 threads
Alphabet length:21
14982 valid sequences out of 14982 
41 sites, none trimmed because no target specified
Theta not between 0 and 1, no sequence reweighting applied (N = 14982.00)
iter	time	obj	|x|	|g|	crit
1	0.1	1299456.7	0.0	4.6	4.6
2	0.3	1181292.0	0.0	7.5	7.5
3	0.4	1092699.3	0.0	9.4	9.4
4	0.5	1023620.7	0.0	10.5	10.5
5	0.7	976024.3	0.0	11.2	11.2
6	0.8	933951.6	0.0	11.6	11.6
7	0.9	904513.1	0.0	11.7	11.7
8	1.0	873071.8	0.0	11.7	11.7
9	1.1	850071.2	0.0	11.6	11.6
10	1.2	813247.8	0.1	11.5	11.5
11	1.4	803407.6	0.1	11.3	11.3
12	1.5	780230.6	0.1	11.0	11.0
13	1.6	768750.8	0.1	10.6	10.6
14	1.7	738174.2	0.1	10.3	10.3
15	1.8	725176.1	0.1	9.9	9.9
16	1.9	720935.6	0.1	9.5	9.5
17	2.0	700560.8	0.1	9.1	9.1
18	2.1	691040.1	0.1	8.7	8.7
19	2.3	694082.4	0.1	8.3	8.3
20	2.4	682137.8	0.1	7.9	7.9

