tuning/outputs/tuning_run_27/ created
tuning/outputs/tuning_run_27/iterations/ created
tuning/outputs/tuning_run_27/output/ created
{'msa-file-name': 'sh3_pdz_combined.fa', 'em_maxiter': 30, 'em_numclusters': 2, 'em_device': None, 'em_init': 'random', 'em_no_iter_print': 0, 'plmc': '../../plmc/bin/plmc', 'output': 'tuning/outputs/tuning_run_27', 'fast': 0, 'scale': None, 'theta': '2', 'lambdah': '0.01', 'lambdae': '16.0', 'lambdag': None, 'gapignore': 1, 'maxiter': '10', 'ncores': 6, 'gapignore_tune': '1', 'fast_tune': '0', 'em_iter_print': 1, 'iterations_dir': 'tuning/outputs/tuning_run_27/iterations/', 'final_dir': 'tuning/outputs/tuning_run_27/output/', 'output_dir': 'tuning/outputs/tuning_run_27/', 'plmc_options': ['-t 2', '-lh 0.01', '-le 16.0', '-m 10', '-n 6', '-g'], 'device': device(type='cpu')}

Using cpu


Iteration 0:

sh3_pdz_combined_cluster0_iter0:

OpenMP: Using 6 of 6 threads
Alphabet length:21
14789 valid sequences out of 14789 
41 sites, none trimmed because no target specified
Theta not between 0 and 1, no sequence reweighting applied (N = 14789.00)
iter	time	cond	fx	-loglk	||h||	||e||
1	1.1	1425.59	1220079.8	1220042.2	46.4	1.0
2	1.7	623.67	1097044.1	1096777.0	46.4	3.9
3	2.2	458.85	1034028.3	1033342.6	46.3	6.4
4	2.7	686.91	947862.7	944924.6	46.1	13.5
5	3.2	575.84	891992.2	884163.9	45.9	22.1
6	3.6	347.83	863297.1	853371.7	45.9	24.9
7	4.0	281.18	840157.8	827499.3	45.7	28.1
8	4.4	315.33	814968.6	798040.1	45.6	32.5
9	4.8	376.92	791035.3	767661.0	45.4	38.2
10	5.3	214.15	769597.9	742792.9	45.4	40.9
Gradient optimization: MAXIMUMITERATION


sh3_pdz_combined_cluster1_iter0:

OpenMP: Using 6 of 6 threads
Alphabet length:21
14789 valid sequences out of 14789 
41 sites, none trimmed because no target specified
Theta not between 0 and 1, no sequence reweighting applied (N = 14789.00)
iter	time	cond	fx	-loglk	||h||	||e||
1	1.1	1418.48	1220990.3	1220952.4	46.8	1.0
2	1.6	619.24	1097470.2	1097202.6	46.7	3.9
3	2.1	453.51	1034345.1	1033657.0	46.7	6.5
4	2.6	662.75	948415.7	945482.7	46.5	13.5
5	3.1	584.64	895434.2	887621.0	46.3	22.1
6	3.5	342.22	866227.2	856459.4	46.2	24.7
7	4.0	278.36	843737.0	831430.5	46.1	27.7
8	4.4	308.42	820036.5	803927.0	46.0	31.7
9	4.9	381.92	793915.6	770489.4	45.8	38.2
10	5.3	223.67	771745.6	743787.2	45.7	41.8
Gradient optimization: MAXIMUMITERATION


Iteration 1:

sh3_pdz_combined_cluster0_iter1:

OpenMP: Using 6 of 6 threads
Alphabet length:21
14573 valid sequences out of 14573 
41 sites, none trimmed because no target specified
Theta not between 0 and 1, no sequence reweighting applied (N = 14573.00)
iter	time	cond	fx	-loglk	||h||	||e||
1	1.1	1377.27	1197035.2	1196996.7	47.5	1.0
2	1.6	625.07	1067412.1	1067121.1	47.4	4.1
3	2.1	473.04	995283.3	994492.3	47.4	6.9
4	2.6	784.67	899166.3	895457.7	47.2	15.2
5	3.1	513.68	832794.4	823777.2	47.0	23.7
6	3.5	314.87	805184.9	793877.9	46.9	26.6
7	4.0	261.72	779657.4	764981.8	46.8	30.3
8	4.5	316.10	750794.3	730402.7	46.6	35.7
9	5.0	350.12	728008.5	701132.1	46.4	41.0
10	5.3	203.27	708404.7	680035.2	46.4	42.1
Gradient optimization: MAXIMUMITERATION


sh3_pdz_combined_cluster1_iter1:

OpenMP: Using 6 of 6 threads
Alphabet length:21
15005 valid sequences out of 15005 
41 sites, none trimmed because no target specified
Theta not between 0 and 1, no sequence reweighting applied (N = 15005.00)
iter	time	cond	fx	-loglk	||h||	||e||
1	1.0	1462.30	1238934.7	1238896.3	47.3	1.0
2	1.5	653.82	1106554.6	1106279.8	47.3	4.0
3	1.9	485.42	1034443.9	1033704.5	47.2	6.7
4	2.3	654.61	929952.4	926567.9	47.0	14.5
5	2.7	634.17	870375.3	860822.4	46.8	24.4
6	3.2	341.35	834381.3	822590.4	46.7	27.1
7	3.6	271.55	811376.3	797117.4	46.6	29.8
8	4.0	297.75	787092.2	768951.6	46.5	33.7
9	4.5	342.63	756409.9	729917.2	46.3	40.7
10	5.0	250.76	732252.2	698549.7	46.2	45.9
Gradient optimization: MAXIMUMITERATION


Iteration 2:

sh3_pdz_combined_cluster0_iter2:

OpenMP: Using 6 of 6 threads
Alphabet length:21
14629 valid sequences out of 14629 
41 sites, none trimmed because no target specified
Theta not between 0 and 1, no sequence reweighting applied (N = 14629.00)
iter	time	cond	fx	-loglk	||h||	||e||
1	1.0	1384.39	1200616.7	1200578.2	47.5	1.0
2	1.5	635.09	1066474.7	1066173.0	47.5	4.2
3	1.9	483.39	989904.7	989066.0	47.4	7.1
4	2.4	821.75	890116.8	886090.0	47.2	15.8
5	2.8	496.84	820210.4	810769.9	47.0	24.3
6	3.3	306.55	792813.9	781075.3	47.0	27.1
7	3.8	254.62	766161.6	750814.2	46.8	30.9
8	4.2	312.89	737319.5	716098.2	46.7	36.4
9	4.6	326.28	714511.2	686595.5	46.5	41.8
10	5.0	193.22	695990.3	667137.6	46.5	42.4
Gradient optimization: MAXIMUMITERATION


sh3_pdz_combined_cluster1_iter2:

OpenMP: Using 6 of 6 threads
Alphabet length:21
14949 valid sequences out of 14949 
41 sites, none trimmed because no target specified
Theta not between 0 and 1, no sequence reweighting applied (N = 14949.00)
iter	time	cond	fx	-loglk	||h||	||e||
1	1.0	1453.39	1232481.1	1232442.0	48.0	1.0
2	1.5	658.79	1097184.8	1096905.7	48.0	4.0
3	2.0	492.37	1021090.2	1020323.4	47.9	6.8
4	2.4	651.67	909301.8	905683.9	47.7	15.0
5	2.8	635.28	847818.7	837582.8	47.5	25.3
6	3.3	331.86	810537.4	798089.7	47.4	27.9
7	3.8	264.27	788064.0	773339.4	47.4	30.3
8	4.2	290.49	763106.9	744465.7	47.3	34.1
9	4.8	317.02	731884.5	705281.2	47.1	40.8
10	5.2	255.72	707695.1	672811.7	46.9	46.7
Gradient optimization: MAXIMUMITERATION


Iteration 3:

sh3_pdz_combined_cluster0_iter3:

OpenMP: Using 6 of 6 threads
Alphabet length:21
14674 valid sequences out of 14674 
41 sites, none trimmed because no target specified
Theta not between 0 and 1, no sequence reweighting applied (N = 14674.00)
iter	time	cond	fx	-loglk	||h||	||e||
1	1.0	1389.42	1204143.4	1204104.9	47.4	1.0
2	1.5	640.61	1068630.8	1068325.2	47.3	4.2
3	2.0	489.34	990510.4	989653.5	47.3	7.2
4	2.5	847.07	890637.7	886489.7	47.0	16.1
5	3.0	489.47	819836.2	810401.4	46.9	24.3
6	3.5	304.93	792923.4	781230.9	46.8	27.0
7	4.0	253.90	765511.7	750057.8	46.7	31.1
8	4.5	315.57	736680.5	715239.6	46.5	36.6
9	5.0	315.42	713918.2	685645.1	46.3	42.0
10	5.5	190.92	696029.9	667185.8	46.3	42.4
Gradient optimization: MAXIMUMITERATION


sh3_pdz_combined_cluster1_iter3:

OpenMP: Using 6 of 6 threads
Alphabet length:21
14904 valid sequences out of 14904 
41 sites, none trimmed because no target specified
Theta not between 0 and 1, no sequence reweighting applied (N = 14904.00)
iter	time	cond	fx	-loglk	||h||	||e||
1	1.1	1453.69	1227675.0	1227635.6	48.3	1.0
2	1.6	662.71	1090390.8	1090109.1	48.3	4.0
3	2.0	495.66	1012131.2	1011348.6	48.2	6.9
4	2.5	647.10	897798.4	894076.0	48.0	15.2
5	3.0	634.74	836168.5	825794.8	47.8	25.4
6	3.4	322.99	798613.7	786070.5	47.7	28.0
7	4.0	260.03	776475.1	761716.3	47.7	30.3
8	4.4	288.36	750627.0	731772.2	47.5	34.3
9	5.0	317.98	720585.8	693874.8	47.4	40.8
10	5.5	231.60	695122.0	660744.6	47.2	46.3
Gradient optimization: MAXIMUMITERATION


Iteration 4:

sh3_pdz_combined_cluster0_iter4:

OpenMP: Using 6 of 6 threads
Alphabet length:21
14607 valid sequences out of 14607 
41 sites, none trimmed because no target specified
Theta not between 0 and 1, no sequence reweighting applied (N = 14607.00)
iter	time	cond	fx	-loglk	||h||	||e||
1	1.1	1391.89	1199112.3	1199074.1	47.1	1.0
2	1.6	643.38	1063581.8	1063275.0	47.1	4.2
3	2.1	491.39	985060.6	984195.7	47.0	7.3
4	2.6	844.66	885046.2	880856.0	46.8	16.1
5	3.2	492.73	815023.4	805522.1	46.6	24.3
6	3.7	304.87	788054.6	776330.7	46.5	27.0
7	4.2	253.63	760696.7	745265.8	46.4	31.0
8	4.6	303.46	731937.3	710812.2	46.2	36.3
9	5.1	348.94	710442.0	681867.6	46.0	42.2
10	5.6	189.86	691603.0	662640.7	46.0	42.5
Gradient optimization: MAXIMUMITERATION


sh3_pdz_combined_cluster1_iter4:

OpenMP: Using 6 of 6 threads
Alphabet length:21
14971 valid sequences out of 14971 
41 sites, none trimmed because no target specified
Theta not between 0 and 1, no sequence reweighting applied (N = 14971.00)
iter	time	cond	fx	-loglk	||h||	||e||
1	1.0	1463.69	1232064.8	1232025.5	48.4	1.0
2	1.5	669.10	1092964.5	1092680.8	48.3	4.0
3	2.0	500.30	1013188.5	1012396.2	48.3	6.9
4	2.5	653.40	897772.3	893995.2	48.1	15.3
5	3.1	631.46	835616.2	825246.5	47.8	25.4
6	3.6	323.38	798417.8	785896.5	47.8	27.9
7	4.2	260.85	776223.5	761488.7	47.7	30.3
8	4.7	289.33	750104.8	731247.8	47.6	34.3
9	5.2	320.35	719973.9	693316.0	47.4	40.8
10	5.6	227.21	694456.5	660283.0	47.3	46.2
Gradient optimization: MAXIMUMITERATION


Iteration 5:

sh3_pdz_combined_cluster0_iter5:

OpenMP: Using 6 of 6 threads
Alphabet length:21
14570 valid sequences out of 14570 
41 sites, none trimmed because no target specified
Theta not between 0 and 1, no sequence reweighting applied (N = 14570.00)
iter	time	cond	fx	-loglk	||h||	||e||
1	1.0	1395.46	1196432.9	1196394.8	47.0	1.0
2	1.4	644.99	1061072.6	1060767.0	47.0	4.2
3	1.9	491.54	982476.1	981612.3	46.9	7.3
4	2.3	825.04	880800.0	876605.9	46.6	16.1
5	2.8	506.61	811801.8	802088.3	46.5	24.6
6	3.2	305.18	783884.7	771956.2	46.4	27.3
7	3.7	253.81	757371.0	741979.0	46.3	31.0
8	4.2	281.77	729026.8	708493.3	46.1	35.8
9	4.7	415.09	709725.4	681071.7	45.9	42.3
10	5.1	190.16	687760.5	658399.4	45.9	42.8
Gradient optimization: MAXIMUMITERATION


sh3_pdz_combined_cluster1_iter5:

OpenMP: Using 6 of 6 threads
Alphabet length:21
15008 valid sequences out of 15008 
41 sites, none trimmed because no target specified
Theta not between 0 and 1, no sequence reweighting applied (N = 15008.00)
iter	time	cond	fx	-loglk	||h||	||e||
1	1.0	1463.34	1234471.5	1234432.0	48.5	1.0
2	1.6	670.48	1094323.3	1094037.3	48.5	4.1
3	2.1	501.67	1013646.5	1012846.2	48.4	7.0
4	2.6	660.94	897875.7	894054.6	48.2	15.4
5	3.1	620.62	835626.6	825252.6	48.0	25.4
6	3.5	328.04	799115.2	786646.0	47.9	27.9
7	4.0	264.48	776282.6	761561.0	47.8	30.3
8	4.5	290.54	750908.4	732276.8	47.7	34.1
9	4.9	319.67	719485.4	692851.4	47.5	40.8
10	5.2	238.96	694791.7	660378.4	47.4	46.4
Gradient optimization: MAXIMUMITERATION


Iteration 6:

sh3_pdz_combined_cluster0_iter6:

OpenMP: Using 6 of 6 threads
Alphabet length:21
14560 valid sequences out of 14560 
41 sites, none trimmed because no target specified
Theta not between 0 and 1, no sequence reweighting applied (N = 14560.00)
iter	time	cond	fx	-loglk	||h||	||e||
1	1.3	1399.10	1196134.1	1196096.1	46.9	1.0
2	1.8	646.54	1060776.9	1060471.8	46.8	4.2
3	2.3	492.51	982109.0	981245.6	46.8	7.3
4	2.9	816.39	879369.7	875167.3	46.5	16.2
5	3.4	513.33	810769.7	800926.5	46.4	24.8
6	3.9	305.99	782353.8	770297.1	46.3	27.4
7	4.3	254.29	756154.1	740733.0	46.2	31.0
8	4.6	276.10	728274.3	707935.8	46.0	35.6
9	5.1	428.24	708855.7	680396.0	45.8	42.2
10	5.6	189.98	686096.3	656461.2	45.8	43.0
Gradient optimization: MAXIMUMITERATION


sh3_pdz_combined_cluster1_iter6:

OpenMP: Using 6 of 6 threads
Alphabet length:21
15018 valid sequences out of 15018 
41 sites, none trimmed because no target specified
Theta not between 0 and 1, no sequence reweighting applied (N = 15018.00)
iter	time	cond	fx	-loglk	||h||	||e||
1	1.3	1459.60	1234546.8	1234507.1	48.6	1.0
2	2.0	669.70	1093982.6	1093695.5	48.6	4.1
3	2.5	501.17	1012889.8	1012085.8	48.6	7.0
4	3.0	664.10	897045.1	893204.2	48.4	15.4
5	3.5	612.08	834300.5	823931.8	48.1	25.4
6	4.0	327.89	798307.7	785851.2	48.1	27.9
7	4.5	265.07	775253.1	760512.7	48.0	30.3
8	5.0	290.50	749910.6	731282.8	47.9	34.1
9	5.5	320.16	718242.4	691600.9	47.7	40.8
10	5.8	241.79	694031.0	659646.5	47.6	46.3
Gradient optimization: MAXIMUMITERATION


Iteration 7:

sh3_pdz_combined_cluster0_iter7:

OpenMP: Using 6 of 6 threads
Alphabet length:21
14581 valid sequences out of 14581 
41 sites, none trimmed because no target specified
Theta not between 0 and 1, no sequence reweighting applied (N = 14581.00)
iter	time	cond	fx	-loglk	||h||	||e||
1	1.2	1401.75	1198345.3	1198307.4	46.8	1.0
2	1.7	647.75	1062801.0	1062495.9	46.8	4.2
3	2.2	493.48	983996.1	983132.4	46.8	7.3
4	2.6	814.94	880796.8	876587.9	46.5	16.2
5	3.1	515.71	812150.1	802263.6	46.3	24.8
6	3.6	306.62	783508.0	771398.2	46.2	27.5
7	4.1	254.66	757333.5	741879.2	46.1	31.1
8	4.5	274.92	729440.9	709102.4	46.0	35.6
9	5.0	429.97	709891.7	681451.2	45.8	42.1
10	5.5	190.00	686948.9	657198.0	45.7	43.1
Gradient optimization: MAXIMUMITERATION


sh3_pdz_combined_cluster1_iter7:

OpenMP: Using 6 of 6 threads
Alphabet length:21
14997 valid sequences out of 14997 
41 sites, none trimmed because no target specified
Theta not between 0 and 1, no sequence reweighting applied (N = 14997.00)
iter	time	cond	fx	-loglk	||h||	||e||
1	1.2	1456.53	1232200.2	1232160.5	48.7	1.0
2	1.7	668.69	1091645.5	1091358.1	48.7	4.1
3	2.1	500.38	1010469.2	1009664.0	48.6	7.0
4	2.5	663.43	894647.5	890800.7	48.4	15.5
5	3.1	609.23	831852.9	821478.9	48.2	25.4
6	3.6	327.23	795992.2	783533.3	48.1	27.9
7	4.1	264.74	772914.1	758165.1	48.1	30.3
8	4.6	289.76	747591.8	728959.4	48.0	34.1
9	5.1	319.57	715772.4	689150.1	47.8	40.8
10	5.6	244.62	691982.0	657552.1	47.6	46.4
Gradient optimization: MAXIMUMITERATION


Iteration 8:

sh3_pdz_combined_cluster0_iter8:

OpenMP: Using 6 of 6 threads
Alphabet length:21
14626 valid sequences out of 14626 
41 sites, none trimmed because no target specified
Theta not between 0 and 1, no sequence reweighting applied (N = 14626.00)
iter	time	cond	fx	-loglk	||h||	||e||
1	1.1	1406.99	1202136.4	1202098.4	46.8	1.0
2	1.6	650.21	1066155.6	1065850.5	46.8	4.2
3	2.1	495.28	987097.2	986232.9	46.7	7.3
4	2.6	817.33	883681.1	879472.1	46.5	16.2
5	3.0	517.53	814909.4	805036.1	46.3	24.8
6	3.5	307.92	786151.5	774048.2	46.2	27.5
7	3.9	255.61	759843.8	744382.5	46.1	31.1
8	4.4	275.85	731791.4	711425.5	45.9	35.7
9	4.8	432.36	712293.6	683816.2	45.7	42.2
10	5.2	190.35	689285.7	659545.8	45.7	43.1
Gradient optimization: MAXIMUMITERATION


sh3_pdz_combined_cluster1_iter8:

OpenMP: Using 6 of 6 threads
Alphabet length:21
14952 valid sequences out of 14952 
41 sites, none trimmed because no target specified
Theta not between 0 and 1, no sequence reweighting applied (N = 14952.00)
iter	time	cond	fx	-loglk	||h||	||e||
1	1.1	1452.46	1228309.7	1228270.0	48.7	1.0
2	1.6	667.21	1087974.1	1087686.5	48.7	4.1
3	2.0	499.39	1006806.0	1005999.4	48.7	7.0
4	2.5	661.35	890939.7	887081.7	48.5	15.5
5	3.0	610.18	828417.7	818005.7	48.2	25.5
6	3.5	326.34	792454.7	779963.7	48.2	27.9
7	3.9	263.78	769511.2	754748.3	48.1	30.4
8	4.4	288.28	744346.4	725725.5	48.0	34.1
9	4.8	317.73	712396.1	685826.5	47.8	40.7
10	5.4	248.97	689019.4	654437.9	47.7	46.5
Gradient optimization: MAXIMUMITERATION


Iteration 9:

sh3_pdz_combined_cluster0_iter9:

OpenMP: Using 6 of 6 threads
Alphabet length:21
14638 valid sequences out of 14638 
41 sites, none trimmed because no target specified
Theta not between 0 and 1, no sequence reweighting applied (N = 14638.00)
iter	time	cond	fx	-loglk	||h||	||e||
1	1.0	1408.39	1203288.6	1203250.7	46.8	1.0
2	1.5	650.78	1067271.3	1066966.3	46.8	4.2
3	2.0	495.71	988217.9	987354.4	46.7	7.3
4	2.5	817.65	884785.1	880581.0	46.5	16.2
5	3.0	518.76	816102.9	806239.6	46.3	24.8
6	3.4	308.51	787296.5	775210.0	46.2	27.5
7	3.9	256.20	760943.4	745505.5	46.1	31.0
8	4.4	275.36	732948.0	712638.9	45.9	35.6
9	4.9	433.58	713330.4	684910.1	45.7	42.1
10	5.4	190.44	690199.1	660440.8	45.7	43.1
Gradient optimization: MAXIMUMITERATION


sh3_pdz_combined_cluster1_iter9:

OpenMP: Using 6 of 6 threads
Alphabet length:21
14940 valid sequences out of 14940 
41 sites, none trimmed because no target specified
Theta not between 0 and 1, no sequence reweighting applied (N = 14940.00)
iter	time	cond	fx	-loglk	||h||	||e||
1	1.1	1451.46	1227114.5	1227074.7	48.8	1.0
2	1.5	666.97	1086771.6	1086483.8	48.7	4.1
3	2.0	499.24	1005531.9	1004724.2	48.7	7.0
4	2.5	661.16	889570.4	885704.3	48.5	15.5
5	3.1	609.80	827030.1	816598.5	48.3	25.5
6	3.5	325.89	791050.5	778539.6	48.2	27.9
7	3.9	263.38	768102.2	753317.3	48.1	30.4
8	4.4	287.93	742911.2	724257.0	48.0	34.1
9	4.9	317.52	710987.0	684378.7	47.8	40.8
10	5.4	248.69	687639.2	653000.1	47.7	46.5
Gradient optimization: MAXIMUMITERATION


Iteration 10:

sh3_pdz_combined_cluster0_iter10:

OpenMP: Using 6 of 6 threads
Alphabet length:21
14651 valid sequences out of 14651 
41 sites, none trimmed because no target specified
Theta not between 0 and 1, no sequence reweighting applied (N = 14651.00)
iter	time	cond	fx	-loglk	||h||	||e||
1	1.4	1409.95	1204460.4	1204422.5	46.8	1.0
2	2.1	651.42	1068307.2	1068002.3	46.8	4.2
3	2.7	496.10	989197.6	988334.1	46.7	7.3
4	3.2	817.26	885642.0	881439.2	46.5	16.2
5	3.6	519.91	816988.4	807119.4	46.3	24.8
6	4.0	308.91	788141.8	776050.8	46.2	27.5
7	4.4	256.49	761863.6	746440.4	46.1	31.0
8	4.9	276.21	733880.2	713598.9	45.9	35.6
9	5.5	432.85	714128.7	685780.4	45.7	42.1
10	5.9	190.98	691082.3	661353.2	45.7	43.1
Gradient optimization: MAXIMUMITERATION


sh3_pdz_combined_cluster1_iter10:

OpenMP: Using 6 of 6 threads
Alphabet length:21
14927 valid sequences out of 14927 
41 sites, none trimmed because no target specified
Theta not between 0 and 1, no sequence reweighting applied (N = 14927.00)
iter	time	cond	fx	-loglk	||h||	||e||
1	1.5	1450.18	1225910.4	1225870.6	48.8	1.0
2	2.1	666.55	1085642.5	1085354.7	48.7	4.1
3	2.8	498.96	1004400.3	1003592.1	48.7	7.0
4	3.3	660.83	888468.9	884599.7	48.5	15.5
5	3.8	609.13	825930.1	815495.1	48.3	25.5
6	4.2	325.30	789970.8	777455.8	48.2	27.9
7	4.5	263.02	767008.1	752215.6	48.1	30.4
8	4.9	287.76	741750.2	723072.1	48.0	34.1
9	5.4	317.45	709863.0	683239.2	47.8	40.8
10	5.9	248.58	686605.1	651937.8	47.7	46.5
Gradient optimization: MAXIMUMITERATION


Iteration 11:

sh3_pdz_combined_cluster0_iter11:

OpenMP: Using 6 of 6 threads
Alphabet length:21
14660 valid sequences out of 14660 
41 sites, none trimmed because no target specified
Theta not between 0 and 1, no sequence reweighting applied (N = 14660.00)
iter	time	cond	fx	-loglk	||h||	||e||
1	1.4	1413.54	1205267.0	1205229.2	46.7	1.0
2	2.0	653.01	1068999.0	1068694.2	46.7	4.2
3	2.5	497.02	989819.5	988956.1	46.6	7.3
4	3.1	815.28	885957.1	881755.7	46.4	16.2
5	3.5	523.05	817450.5	807550.9	46.2	24.8
6	4.0	309.62	788430.7	776308.4	46.1	27.5
7	4.4	257.06	762300.0	746886.7	46.0	31.0
8	4.8	275.62	734397.5	714180.1	45.8	35.5
9	5.2	432.50	714325.9	686107.1	45.6	42.0
10	5.6	191.68	691234.8	661427.7	45.6	43.1
Gradient optimization: MAXIMUMITERATION


sh3_pdz_combined_cluster1_iter11:

OpenMP: Using 6 of 6 threads
Alphabet length:21
14918 valid sequences out of 14918 
41 sites, none trimmed because no target specified
Theta not between 0 and 1, no sequence reweighting applied (N = 14918.00)
iter	time	cond	fx	-loglk	||h||	||e||
1	1.4	1447.26	1225095.4	1225055.6	48.8	1.0
2	2.0	665.35	1084863.4	1084575.3	48.8	4.1
3	2.5	498.19	1003617.5	1002808.8	48.7	7.0
4	2.9	661.09	887764.3	883891.1	48.5	15.5
5	3.4	606.17	825154.2	814721.9	48.3	25.5
6	3.9	325.16	789308.2	776796.0	48.2	27.9
7	4.3	263.27	766199.7	751386.3	48.2	30.4
8	4.7	287.25	741043.5	722359.3	48.1	34.2
9	5.2	318.17	708949.3	682247.1	47.9	40.8
10	5.6	249.72	685910.2	651137.3	47.8	46.6
Gradient optimization: MAXIMUMITERATION


Iteration 12:

sh3_pdz_combined_cluster0_iter12:

OpenMP: Using 6 of 6 threads
Alphabet length:21
14646 valid sequences out of 14646 
41 sites, none trimmed because no target specified
Theta not between 0 and 1, no sequence reweighting applied (N = 14646.00)
iter	time	cond	fx	-loglk	||h||	||e||
1	1.4	1412.90	1204143.0	1204105.2	46.7	1.0
2	2.0	652.81	1067930.6	1067625.8	46.7	4.2
3	2.5	496.79	988743.2	987879.3	46.6	7.3
4	2.9	813.50	884768.2	880562.4	46.4	16.2
5	3.3	523.24	816305.1	806380.0	46.2	24.9
6	3.8	309.34	787233.2	775083.7	46.1	27.5
7	4.2	256.87	761160.2	745732.4	46.0	31.0
8	4.7	274.77	733289.1	713072.5	45.8	35.5
9	5.2	431.13	713074.5	684870.1	45.6	42.0
10	5.5	191.45	689966.4	660076.6	45.6	43.2
Gradient optimization: MAXIMUMITERATION


sh3_pdz_combined_cluster1_iter12:

OpenMP: Using 6 of 6 threads
Alphabet length:21
14932 valid sequences out of 14932 
41 sites, none trimmed because no target specified
Theta not between 0 and 1, no sequence reweighting applied (N = 14932.00)
iter	time	cond	fx	-loglk	||h||	||e||
1	1.4	1448.02	1226220.1	1226180.2	48.8	1.0
2	1.9	665.64	1085902.0	1085613.9	48.8	4.1
3	2.3	498.42	1004633.1	1003824.5	48.8	7.0
4	2.8	662.14	888798.3	884927.2	48.6	15.5
5	3.2	605.36	826128.1	815708.2	48.3	25.5
6	3.6	325.72	790337.4	777839.6	48.3	27.9
7	3.9	263.85	767139.0	752329.4	48.2	30.4
8	4.3	287.48	742050.2	723386.3	48.1	34.1
9	4.7	319.22	709869.0	683154.2	47.9	40.8
10	5.1	250.41	686922.5	652174.8	47.8	46.6
Gradient optimization: MAXIMUMITERATION


Iteration 13:

sh3_pdz_combined_cluster0_iter13:

OpenMP: Using 6 of 6 threads
Alphabet length:21
14636 valid sequences out of 14636 
41 sites, none trimmed because no target specified
Theta not between 0 and 1, no sequence reweighting applied (N = 14636.00)
iter	time	cond	fx	-loglk	||h||	||e||
1	1.2	1411.98	1203299.6	1203261.8	46.7	1.0
2	1.7	652.48	1067125.8	1066820.9	46.7	4.2
3	2.2	496.51	987932.5	987068.2	46.6	7.3
4	2.7	812.17	883891.1	879682.8	46.4	16.2
5	3.2	523.25	815486.6	805546.3	46.2	24.9
6	3.7	309.15	786403.6	774240.7	46.1	27.5
7	4.2	256.71	760392.1	744964.1	46.0	31.0
8	4.6	274.44	732560.0	712358.3	45.8	35.5
9	5.0	430.40	712269.2	684106.3	45.6	41.9
10	5.5	191.46	689189.5	659284.5	45.6	43.2
Gradient optimization: MAXIMUMITERATION


sh3_pdz_combined_cluster1_iter13:

OpenMP: Using 6 of 6 threads
Alphabet length:21
14942 valid sequences out of 14942 
41 sites, none trimmed because no target specified
Theta not between 0 and 1, no sequence reweighting applied (N = 14942.00)
iter	time	cond	fx	-loglk	||h||	||e||
1	1.2	1448.76	1227056.1	1227016.2	48.8	1.0
2	1.8	665.97	1086645.1	1086357.0	48.8	4.1
3	2.3	498.67	1005329.3	1004520.5	48.8	7.0
4	2.7	663.33	889502.5	885630.4	48.6	15.5
5	3.2	604.73	826738.5	816327.7	48.3	25.5
6	3.7	325.73	791006.4	778518.0	48.3	27.9
7	4.2	264.12	767777.1	752971.3	48.2	30.4
8	4.9	287.73	742678.4	724018.8	48.1	34.1
9	5.4	319.38	710430.1	683713.5	47.9	40.8
10	5.8	250.51	687466.0	652733.7	47.8	46.6
Gradient optimization: MAXIMUMITERATION


Iteration 14:

sh3_pdz_combined_cluster0_iter14:

OpenMP: Using 6 of 6 threads
Alphabet length:21
14630 valid sequences out of 14630 
41 sites, none trimmed because no target specified
Theta not between 0 and 1, no sequence reweighting applied (N = 14630.00)
iter	time	cond	fx	-loglk	||h||	||e||
1	1.1	1411.72	1202833.3	1202795.5	46.7	1.0
2	1.5	652.35	1066697.3	1066392.4	46.7	4.2
3	2.0	496.41	987516.7	986652.4	46.6	7.3
4	2.5	811.39	883414.5	879204.9	46.4	16.2
5	2.9	523.52	815037.5	805086.2	46.2	24.9
6	3.5	309.10	785927.3	773752.4	46.1	27.6
7	4.0	256.62	759956.6	744523.6	46.0	31.0
8	4.5	274.23	732155.5	711956.7	45.8	35.5
9	4.9	429.99	711804.9	683656.7	45.6	41.9
10	5.5	191.55	688743.1	658811.6	45.6	43.2
Gradient optimization: MAXIMUMITERATION


sh3_pdz_combined_cluster1_iter14:

OpenMP: Using 6 of 6 threads
Alphabet length:21
14948 valid sequences out of 14948 
41 sites, none trimmed because no target specified
Theta not between 0 and 1, no sequence reweighting applied (N = 14948.00)
iter	time	cond	fx	-loglk	||h||	||e||
1	1.1	1449.02	1227519.6	1227479.8	48.8	1.0
2	1.5	666.10	1087072.4	1086784.2	48.8	4.1
3	2.0	498.75	1005741.3	1004932.6	48.8	7.0
4	2.5	663.73	889931.1	886059.8	48.6	15.5
5	3.1	604.54	827160.1	816753.6	48.3	25.5
6	3.5	325.96	791448.9	778966.8	48.3	27.9
7	4.0	264.33	768195.5	753394.8	48.2	30.4
8	4.5	287.85	743107.4	724459.6	48.1	34.1
9	5.0	319.69	710829.1	684119.6	47.9	40.8
10	5.4	250.96	687916.2	653195.7	47.8	46.6
Gradient optimization: MAXIMUMITERATION


Iteration 15:

sh3_pdz_combined_cluster0_iter15:

OpenMP: Using 6 of 6 threads
Alphabet length:21
14628 valid sequences out of 14628 
41 sites, none trimmed because no target specified
Theta not between 0 and 1, no sequence reweighting applied (N = 14628.00)
iter	time	cond	fx	-loglk	||h||	||e||
1	1.0	1411.45	1202643.8	1202605.9	46.7	1.0
2	1.5	652.26	1066531.4	1066226.5	46.7	4.2
3	1.8	496.39	987358.8	986494.5	46.6	7.3
4	2.2	812.17	883315.3	879105.1	46.4	16.2
5	2.6	522.93	814897.3	804950.9	46.2	24.9
6	2.9	309.01	785840.7	773671.7	46.1	27.6
7	3.4	256.55	759859.1	744426.1	46.0	31.0
8	3.8	274.58	732035.9	711824.8	45.8	35.5
9	4.2	430.68	711801.4	683636.4	45.6	41.9
10	4.6	191.56	688755.2	658866.1	45.6	43.2
Gradient optimization: MAXIMUMITERATION


sh3_pdz_combined_cluster1_iter15:

OpenMP: Using 6 of 6 threads
Alphabet length:21
14950 valid sequences out of 14950 
41 sites, none trimmed because no target specified
Theta not between 0 and 1, no sequence reweighting applied (N = 14950.00)
iter	time	cond	fx	-loglk	||h||	||e||
1	1.0	1449.25	1227703.7	1227663.8	48.8	1.0
2	1.4	666.19	1087230.2	1086942.0	48.8	4.1
3	1.9	498.80	1005885.8	1005077.0	48.8	7.0
4	2.3	663.62	890055.9	886184.5	48.6	15.5
5	2.8	604.78	827258.3	816852.9	48.3	25.5
6	3.2	325.72	791528.7	779045.0	48.3	27.9
7	3.6	264.17	768293.4	753491.5	48.2	30.4
8	4.1	287.86	743146.8	724484.4	48.1	34.1
9	4.5	319.80	710936.8	684222.3	47.9	40.8
10	4.8	249.82	687922.6	653222.6	47.8	46.6
Gradient optimization: MAXIMUMITERATION


Iteration 16:

sh3_pdz_combined_cluster0_iter16:

OpenMP: Using 6 of 6 threads
Alphabet length:21
14631 valid sequences out of 14631 
41 sites, none trimmed because no target specified
Theta not between 0 and 1, no sequence reweighting applied (N = 14631.00)
iter	time	cond	fx	-loglk	||h||	||e||
1	0.8	1411.82	1202865.6	1202827.8	46.7	1.0
2	1.2	652.36	1066744.4	1066439.6	46.7	4.2
3	1.7	496.40	987579.3	986715.5	46.6	7.3
4	2.1	811.46	883478.0	879270.8	46.4	16.2
5	2.6	523.51	815078.3	805128.9	46.2	24.9
6	3.0	309.10	785975.4	773802.3	46.1	27.6
7	3.4	256.64	760027.7	744599.3	46.0	31.0
8	3.9	274.49	732213.3	712015.3	45.9	35.5
9	4.3	430.01	711878.1	683740.5	45.6	41.9
10	4.6	191.71	688840.5	658931.6	45.6	43.2
Gradient optimization: MAXIMUMITERATION


sh3_pdz_combined_cluster1_iter16:

OpenMP: Using 6 of 6 threads
Alphabet length:21
14947 valid sequences out of 14947 
41 sites, none trimmed because no target specified
Theta not between 0 and 1, no sequence reweighting applied (N = 14947.00)
iter	time	cond	fx	-loglk	||h||	||e||
1	0.9	1448.82	1227485.8	1227445.9	48.8	1.0
2	1.2	666.05	1087018.1	1086729.8	48.8	4.1
3	1.6	498.72	1005666.6	1004857.4	48.8	7.0
4	2.0	663.75	889853.6	885979.8	48.6	15.5
5	2.4	604.26	827060.8	816652.7	48.3	25.5
6	2.8	325.77	791358.5	778872.4	48.3	27.9
7	3.2	264.23	768100.2	753292.7	48.2	30.4
8	3.5	287.81	742974.7	724310.3	48.1	34.1
9	4.0	320.00	710750.1	684020.8	47.9	40.9
10	4.4	250.00	687784.8	653074.6	47.8	46.6
Gradient optimization: MAXIMUMITERATION


Iteration 17:

sh3_pdz_combined_cluster0_iter17:

OpenMP: Using 6 of 6 threads
Alphabet length:21
14630 valid sequences out of 14630 
41 sites, none trimmed because no target specified
Theta not between 0 and 1, no sequence reweighting applied (N = 14630.00)
iter	time	cond	fx	-loglk	||h||	||e||
1	1.0	1411.77	1202786.3	1202748.5	46.7	1.0
2	1.5	652.34	1066671.5	1066366.7	46.7	4.2
3	1.9	496.37	987508.3	986644.5	46.6	7.3
4	2.2	811.29	883398.8	879191.4	46.4	16.2
5	2.6	523.57	815006.3	805055.0	46.2	24.9
6	3.0	309.08	785894.1	773718.9	46.1	27.6
7	3.4	256.62	759943.4	744513.3	46.0	31.0
8	3.9	274.31	732138.8	711942.3	45.9	35.5
9	4.3	429.93	711779.9	683641.9	45.6	41.9
10	4.7	191.68	688730.5	658805.5	45.6	43.2
Gradient optimization: MAXIMUMITERATION


sh3_pdz_combined_cluster1_iter17:

OpenMP: Using 6 of 6 threads
Alphabet length:21
14948 valid sequences out of 14948 
41 sites, none trimmed because no target specified
Theta not between 0 and 1, no sequence reweighting applied (N = 14948.00)
iter	time	cond	fx	-loglk	||h||	||e||
1	1.2	1448.88	1227566.5	1227526.6	48.8	1.0
2	1.7	666.07	1087094.8	1086806.4	48.8	4.1
3	2.1	498.74	1005743.6	1004934.4	48.8	7.0
4	2.5	663.84	889929.2	886055.6	48.6	15.5
5	3.0	604.21	827132.2	816724.4	48.3	25.5
6	3.4	325.88	791435.4	778949.9	48.3	27.9
7	3.9	264.29	768170.5	753362.9	48.2	30.4
8	4.3	287.84	743054.6	724392.6	48.1	34.1
9	4.7	320.04	710825.5	684096.0	47.9	40.9
10	4.9	250.01	687858.0	653151.2	47.8	46.6
Gradient optimization: MAXIMUMITERATION


Iteration 18:

sh3_pdz_combined_cluster0_iter18:

OpenMP: Using 6 of 6 threads
Alphabet length:21
14629 valid sequences out of 14629 
41 sites, none trimmed because no target specified
Theta not between 0 and 1, no sequence reweighting applied (N = 14629.00)
iter	time	cond	fx	-loglk	||h||	||e||
1	1.1	1411.73	1202708.7	1202670.9	46.7	1.0
2	1.5	652.32	1066600.2	1066295.4	46.7	4.2
3	1.9	496.36	987438.5	986574.7	46.6	7.3
4	2.3	811.11	883320.5	879112.9	46.4	16.2
5	2.8	523.63	814934.4	804981.2	46.2	24.9
6	3.2	309.06	785812.4	773635.1	46.1	27.6
7	3.7	256.61	759858.4	744426.3	46.0	31.0
8	4.1	274.13	732062.7	711867.1	45.9	35.5
9	4.5	429.83	711678.7	683539.4	45.6	41.9
10	5.0	191.64	688617.0	658674.7	45.6	43.2
Gradient optimization: MAXIMUMITERATION


sh3_pdz_combined_cluster1_iter18:

OpenMP: Using 6 of 6 threads
Alphabet length:21
14949 valid sequences out of 14949 
41 sites, none trimmed because no target specified
Theta not between 0 and 1, no sequence reweighting applied (N = 14949.00)
iter	time	cond	fx	-loglk	||h||	||e||
1	1.1	1448.92	1227644.9	1227605.0	48.8	1.0
2	1.5	666.08	1087168.9	1086880.6	48.8	4.1
3	1.9	498.76	1005817.8	1005008.7	48.8	7.0
4	2.4	663.93	890001.5	886128.1	48.6	15.5
5	2.8	604.16	827200.1	816792.6	48.3	25.5
6	3.3	325.99	791508.8	779023.7	48.3	27.9
7	3.8	264.35	768237.2	753429.5	48.2	30.4
8	4.1	287.88	743130.5	724470.8	48.1	34.1
9	4.5	320.07	710896.3	684166.4	47.9	40.9
10	5.0	250.03	687926.6	653222.6	47.8	46.6
Gradient optimization: MAXIMUMITERATION


Iteration 19:
TERMINATING: Repeated cluster assignments
