tuning/outputs/tuning_run_46/ created
tuning/outputs/tuning_run_46/iterations/ created
tuning/outputs/tuning_run_46/output/ created
{'msa-file-name': 'sh3_pdz_combined.fa', 'em_maxiter': 30, 'em_numclusters': 2, 'em_device': None, 'em_init': 'kmeans', 'em_no_iter_print': 0, 'plmc': '../../plmc/bin/plmc', 'output': 'tuning/outputs/tuning_run_46', 'fast': 0, 'scale': None, 'theta': '0.8', 'lambdah': '0.01', 'lambdae': '16.0', 'lambdag': None, 'gapignore': 0, 'maxiter': '20', 'ncores': 6, 'gapignore_tune': '0', 'fast_tune': '0', 'em_iter_print': 1, 'iterations_dir': 'tuning/outputs/tuning_run_46/iterations/', 'final_dir': 'tuning/outputs/tuning_run_46/output/', 'output_dir': 'tuning/outputs/tuning_run_46/', 'plmc_options': ['-t 0.8', '-lh 0.01', '-le 16.0', '-m 20', '-n 6'], 'device': device(type='cpu')}

Using cpu


Iteration 0:

sh3_pdz_combined_cluster0_iter0:

OpenMP: Using 6 of 6 threads
Alphabet length:21
11658 valid sequences out of 11658 
41 sites, none trimmed because no target specified
Effective number of samples: 1.3	(20% identical neighborhood = 1.000 samples)
iter	time	cond	fx	-loglk	||h||	||e||
1	1.1	1.10	142.2	138.3	3.0	0.5
2	2.0	1.22	136.1	131.6	5.1	0.5
3	2.3	0.49	115.5	108.2	20.5	0.4
4	3.0	0.42	115.0	108.2	20.6	0.4
5	3.3	0.09	113.9	109.1	20.4	0.2
6	3.7	0.06	113.8	109.3	20.2	0.2
7	4.0	0.08	113.7	109.4	20.1	0.1
8	4.4	0.16	113.4	109.4	19.9	0.1
9	4.7	0.27	112.7	108.8	19.8	0.1
10	5.0	0.34	111.5	107.2	20.4	0.1
11	5.4	0.30	110.5	105.1	21.9	0.2
12	5.7	0.17	110.1	104.1	23.9	0.2
13	6.0	0.03	109.6	103.8	23.4	0.1
14	6.4	0.03	109.5	103.6	23.5	0.2
15	6.7	0.05	109.5	103.3	24.0	0.2
16	7.0	0.09	109.4	102.9	25.1	0.1
17	7.3	0.02	109.4	102.8	25.1	0.1
18	7.6	0.02	109.3	102.7	25.1	0.1
19	7.9	0.04	109.3	102.6	25.3	0.1
20	8.3	0.05	109.2	102.4	25.6	0.1
Gradient optimization: MAXIMUMITERATION


sh3_pdz_combined_cluster1_iter0:

OpenMP: Using 6 of 6 threads
Alphabet length:21
17920 valid sequences out of 17920 
41 sites, none trimmed because no target specified
Effective number of samples: 1.3	(20% identical neighborhood = 1.000 samples)
iter	time	cond	fx	-loglk	||h||	||e||
1	1.4	1.08	148.5	144.7	3.1	0.5
2	2.8	1.38	142.4	136.4	5.2	0.6
3	3.2	0.97	124.0	114.2	17.4	0.7
4	3.7	0.67	121.6	113.3	19.8	0.5
5	4.2	0.15	119.1	114.1	20.3	0.2
6	4.6	0.06	118.9	114.4	20.4	0.2
7	5.1	0.07	118.9	114.4	20.5	0.1
8	5.6	0.15	118.6	114.2	20.7	0.1
9	6.1	0.25	118.0	113.5	21.2	0.0
10	6.5	0.32	116.9	111.7	22.4	0.1
11	7.0	0.25	115.8	109.9	23.7	0.1
12	7.7	0.20	115.6	109.7	24.1	0.1
13	8.0	0.05	115.2	109.2	24.2	0.1
14	8.3	0.03	115.2	109.1	23.9	0.1
15	8.5	0.03	115.1	109.1	23.9	0.1
16	8.8	0.08	115.0	108.9	23.6	0.2
17	9.1	0.10	114.8	108.7	23.5	0.2
18	9.4	0.16	114.8	108.6	23.4	0.2
19	9.6	0.04	114.6	108.7	23.5	0.2
20	9.9	0.02	114.6	108.7	23.6	0.1
Gradient optimization: MAXIMUMITERATION


Iteration 1:
TERMINATING: Repeated cluster assignments
