tuning/outputs/tuning_run_6/ created
tuning/outputs/tuning_run_6/iterations/ created
tuning/outputs/tuning_run_6/output/ created
{'msa-file-name': 'sh3_pdz_combined.fa', 'em_maxiter': 30, 'em_numclusters': 2, 'em_device': None, 'em_init': 'kmeans', 'em_no_iter_print': 0, 'plmc': '../../plmc/bin/plmc', 'output': 'tuning/outputs/tuning_run_6', 'fast': 0, 'scale': None, 'theta': '0.8', 'lambdah': '0.01', 'lambdae': '16.0', 'lambdag': None, 'gapignore': 1, 'maxiter': '5', 'ncores': 6, 'gapignore_tune': '1', 'fast_tune': '0', 'em_iter_print': 1, 'iterations_dir': 'tuning/outputs/tuning_run_6/iterations/', 'final_dir': 'tuning/outputs/tuning_run_6/output/', 'output_dir': 'tuning/outputs/tuning_run_6/', 'plmc_options': ['-t 0.8', '-lh 0.01', '-le 16.0', '-m 5', '-n 6', '-g'], 'device': device(type='cpu')}

Using cpu


Iteration 0:

sh3_pdz_combined_cluster0_iter0:

OpenMP: Using 6 of 6 threads
Alphabet length:21
17920 valid sequences out of 17920 
41 sites, none trimmed because no target specified
Effective number of samples: 1.3	(20% identical neighborhood = 1.000 samples)
iter	time	cond	fx	-loglk	||h||	||e||
1	1.3	1.06	140.9	137.0	3.1	0.5
2	2.5	1.10	134.5	130.2	5.3	0.5
3	2.9	0.37	113.6	106.7	23.3	0.3
4	3.7	0.33	113.4	106.4	23.3	0.3
5	4.1	0.07	111.9	106.9	21.2	0.2
Gradient optimization: MAXIMUMITERATION


sh3_pdz_combined_cluster1_iter0:

OpenMP: Using 6 of 6 threads
Alphabet length:21
11658 valid sequences out of 11658 
41 sites, none trimmed because no target specified
Effective number of samples: 1.3	(20% identical neighborhood = 1.000 samples)
iter	time	cond	fx	-loglk	||h||	||e||
1	1.1	1.06	133.2	129.4	3.1	0.5
2	2.0	1.15	127.2	122.8	5.2	0.5
3	2.3	0.43	106.3	99.4	21.5	0.4
4	2.9	0.37	106.0	99.2	21.6	0.4
5	3.3	0.08	104.9	100.0	21.0	0.2
Gradient optimization: MAXIMUMITERATION


Iteration 1:
TERMINATING: Repeated cluster assignments
