tuning/outputs/tuning_run_38/ created
tuning/outputs/tuning_run_38/iterations/ created
tuning/outputs/tuning_run_38/output/ created
{'msa-file-name': 'sh3_pdz_combined.fa', 'em_maxiter': 30, 'em_numclusters': 2, 'em_device': None, 'em_init': 'kmeans', 'em_no_iter_print': 0, 'plmc': '../../plmc/bin/plmc', 'output': 'tuning/outputs/tuning_run_38', 'fast': 0, 'scale': None, 'theta': '0.8', 'lambdah': '0.01', 'lambdae': '16.0', 'lambdag': None, 'gapignore': 0, 'maxiter': '5', 'ncores': 6, 'gapignore_tune': '0', 'fast_tune': '0', 'em_iter_print': 1, 'iterations_dir': 'tuning/outputs/tuning_run_38/iterations/', 'final_dir': 'tuning/outputs/tuning_run_38/output/', 'output_dir': 'tuning/outputs/tuning_run_38/', 'plmc_options': ['-t 0.8', '-lh 0.01', '-le 16.0', '-m 5', '-n 6'], 'device': device(type='cpu')}

Using cpu


Iteration 0:

sh3_pdz_combined_cluster0_iter0:

OpenMP: Using 6 of 6 threads
Alphabet length:21
17920 valid sequences out of 17920 
41 sites, none trimmed because no target specified
Effective number of samples: 1.3	(20% identical neighborhood = 1.000 samples)
iter	time	cond	fx	-loglk	||h||	||e||
1	1.4	1.08	148.5	144.7	3.1	0.5
2	2.7	1.38	142.4	136.4	5.2	0.6
3	2.9	0.97	124.0	114.2	17.4	0.7
4	3.2	0.67	121.6	113.3	19.8	0.5
5	3.6	0.15	119.1	114.1	20.3	0.2
Gradient optimization: MAXIMUMITERATION


sh3_pdz_combined_cluster1_iter0:

OpenMP: Using 6 of 6 threads
Alphabet length:21
11658 valid sequences out of 11658 
41 sites, none trimmed because no target specified
Effective number of samples: 1.3	(20% identical neighborhood = 1.000 samples)
iter	time	cond	fx	-loglk	||h||	||e||
1	0.9	1.10	142.2	138.3	3.0	0.5
2	1.9	1.22	136.1	131.6	5.1	0.5
3	2.2	0.49	115.5	108.2	20.5	0.4
4	2.8	0.42	115.0	108.2	20.6	0.4
5	3.1	0.09	113.9	109.1	20.4	0.2
Gradient optimization: MAXIMUMITERATION


Iteration 1:
TERMINATING: Repeated cluster assignments
