tuning/outputs/tuning_run_13/ created
tuning/outputs/tuning_run_13/iterations/ created
tuning/outputs/tuning_run_13/output/ created
{'msa-file-name': 'sh3_pdz_combined.fa', 'em_maxiter': 30, 'em_numclusters': 2, 'em_device': None, 'em_init': 'random', 'em_no_iter_print': 0, 'plmc': '../../plmc/bin/plmc', 'output': 'tuning/outputs/tuning_run_13', 'fast': 1, 'scale': None, 'theta': '0.8', 'lambdah': '0.01', 'lambdae': '16.0', 'lambdag': None, 'gapignore': 1, 'maxiter': '20', 'ncores': 6, 'gapignore_tune': '1', 'fast_tune': '1', 'em_iter_print': 1, 'iterations_dir': 'tuning/outputs/tuning_run_13/iterations/', 'final_dir': 'tuning/outputs/tuning_run_13/output/', 'output_dir': 'tuning/outputs/tuning_run_13/', 'plmc_options': ['-t 0.8', '-lh 0.01', '-le 16.0', '-m 20', '-n 6', '-g', '--fast'], 'device': device(type='cpu')}

Using cpu


Iteration 0:

sh3_pdz_combined_cluster0_iter0:

OpenMP: Using 6 of 6 threads
Alphabet length:21
14789 valid sequences out of 14789 
41 sites, none trimmed because no target specified
Clustering..........
Effective number of samples: 2.6	(20% identical neighborhood = 1.000 samples)
iter	time	obj	|x|	|g|	crit
1	0.1	281.7	0.0	0.0	0.0


sh3_pdz_combined_cluster1_iter0:

OpenMP: Using 6 of 6 threads
Alphabet length:21
14789 valid sequences out of 14789 
41 sites, none trimmed because no target specified
Clustering..........
Effective number of samples: 2.6	(20% identical neighborhood = 1.000 samples)
iter	time	obj	|x|	|g|	crit
1	0.1	284.9	0.0	0.0	0.0


Iteration 1:

sh3_pdz_combined_cluster0_iter1:

OpenMP: Using 6 of 6 threads
Alphabet length:21
14186 valid sequences out of 14186 
41 sites, none trimmed because no target specified
Clustering..........
Effective number of samples: 2.6	(20% identical neighborhood = 1.000 samples)
iter	time	obj	|x|	|g|	crit
1	0.1	283.0	0.0	0.0	0.0


sh3_pdz_combined_cluster1_iter1:

OpenMP: Using 6 of 6 threads
Alphabet length:21
15392 valid sequences out of 15392 
41 sites, none trimmed because no target specified
Clustering..........
Effective number of samples: 2.6	(20% identical neighborhood = 1.000 samples)
iter	time	obj	|x|	|g|	crit
1	0.1	281.8	0.0	0.0	0.0


Iteration 2:

sh3_pdz_combined_cluster0_iter2:

OpenMP: Using 6 of 6 threads
Alphabet length:21
14246 valid sequences out of 14246 
41 sites, none trimmed because no target specified
Clustering..........
Effective number of samples: 2.6	(20% identical neighborhood = 1.000 samples)
iter	time	obj	|x|	|g|	crit
1	0.1	282.6	0.0	0.0	0.0


sh3_pdz_combined_cluster1_iter2:

OpenMP: Using 6 of 6 threads
Alphabet length:21
15332 valid sequences out of 15332 
41 sites, none trimmed because no target specified
Clustering..........
Effective number of samples: 2.6	(20% identical neighborhood = 1.000 samples)
iter	time	obj	|x|	|g|	crit
1	0.1	281.2	0.0	0.0	0.0


Iteration 3:

sh3_pdz_combined_cluster0_iter3:

OpenMP: Using 6 of 6 threads
Alphabet length:21
14613 valid sequences out of 14613 
41 sites, none trimmed because no target specified
Clustering..........
Effective number of samples: 2.6	(20% identical neighborhood = 1.000 samples)
iter	time	obj	|x|	|g|	crit
1	0.1	282.8	0.0	0.0	0.0


sh3_pdz_combined_cluster1_iter3:

OpenMP: Using 6 of 6 threads
Alphabet length:21
14965 valid sequences out of 14965 
41 sites, none trimmed because no target specified
Clustering..........
Effective number of samples: 2.6	(20% identical neighborhood = 1.000 samples)
iter	time	obj	|x|	|g|	crit
1	0.1	280.6	0.0	0.0	0.0


Iteration 4:

sh3_pdz_combined_cluster0_iter4:

OpenMP: Using 6 of 6 threads
Alphabet length:21
14819 valid sequences out of 14819 
41 sites, none trimmed because no target specified
Clustering..........
Effective number of samples: 2.6	(20% identical neighborhood = 1.000 samples)
iter	time	obj	|x|	|g|	crit
1	0.1	281.0	0.0	0.0	0.0


sh3_pdz_combined_cluster1_iter4:

OpenMP: Using 6 of 6 threads
Alphabet length:21
14759 valid sequences out of 14759 
41 sites, none trimmed because no target specified
Clustering..........
Effective number of samples: 2.5	(20% identical neighborhood = 1.000 samples)
iter	time	obj	|x|	|g|	crit
1	0.1	279.1	0.0	0.0	0.0


Iteration 5:

sh3_pdz_combined_cluster0_iter5:

OpenMP: Using 6 of 6 threads
Alphabet length:21
15194 valid sequences out of 15194 
41 sites, none trimmed because no target specified
Clustering..........
Effective number of samples: 2.6	(20% identical neighborhood = 1.000 samples)
iter	time	obj	|x|	|g|	crit
1	0.1	283.1	0.0	0.0	0.0


sh3_pdz_combined_cluster1_iter5:

OpenMP: Using 6 of 6 threads
Alphabet length:21
14384 valid sequences out of 14384 
41 sites, none trimmed because no target specified
Clustering..........
Effective number of samples: 2.5	(20% identical neighborhood = 1.000 samples)
iter	time	obj	|x|	|g|	crit
1	0.1	279.7	0.0	0.0	0.0


Iteration 6:

sh3_pdz_combined_cluster0_iter6:

OpenMP: Using 6 of 6 threads
Alphabet length:21
15135 valid sequences out of 15135 
41 sites, none trimmed because no target specified
Clustering..........
Effective number of samples: 2.6	(20% identical neighborhood = 1.000 samples)
iter	time	obj	|x|	|g|	crit
1	0.1	283.0	0.0	0.0	0.0


sh3_pdz_combined_cluster1_iter6:

OpenMP: Using 6 of 6 threads
Alphabet length:21
14443 valid sequences out of 14443 
41 sites, none trimmed because no target specified
Clustering..........
Effective number of samples: 2.6	(20% identical neighborhood = 1.000 samples)
iter	time	obj	|x|	|g|	crit
1	0.1	279.3	0.0	0.0	0.0


Iteration 7:

sh3_pdz_combined_cluster0_iter7:

OpenMP: Using 6 of 6 threads
Alphabet length:21
15289 valid sequences out of 15289 
41 sites, none trimmed because no target specified
Clustering..........
Effective number of samples: 2.6	(20% identical neighborhood = 1.000 samples)
iter	time	obj	|x|	|g|	crit
1	0.1	284.4	0.0	0.0	0.0


sh3_pdz_combined_cluster1_iter7:

OpenMP: Using 6 of 6 threads
Alphabet length:21
14289 valid sequences out of 14289 
41 sites, none trimmed because no target specified
Clustering..........
Effective number of samples: 2.5	(20% identical neighborhood = 1.000 samples)
iter	time	obj	|x|	|g|	crit
1	0.1	276.4	0.0	0.0	0.0


Iteration 8:

sh3_pdz_combined_cluster0_iter8:

OpenMP: Using 6 of 6 threads
Alphabet length:21
15488 valid sequences out of 15488 
41 sites, none trimmed because no target specified
Clustering..........
Effective number of samples: 2.6	(20% identical neighborhood = 1.000 samples)
iter	time	obj	|x|	|g|	crit
1	0.1	285.7	0.0	0.0	0.0


sh3_pdz_combined_cluster1_iter8:

OpenMP: Using 6 of 6 threads
Alphabet length:21
14090 valid sequences out of 14090 
41 sites, none trimmed because no target specified
Clustering..........
Effective number of samples: 2.5	(20% identical neighborhood = 1.000 samples)
iter	time	obj	|x|	|g|	crit
1	0.1	274.1	0.0	0.0	0.0


Iteration 9:

sh3_pdz_combined_cluster0_iter9:

OpenMP: Using 6 of 6 threads
Alphabet length:21
15950 valid sequences out of 15950 
41 sites, none trimmed because no target specified
Clustering..........
Effective number of samples: 2.6	(20% identical neighborhood = 1.000 samples)
iter	time	obj	|x|	|g|	crit
1	0.1	284.8	0.0	0.0	0.0


sh3_pdz_combined_cluster1_iter9:

OpenMP: Using 6 of 6 threads
Alphabet length:21
13628 valid sequences out of 13628 
41 sites, none trimmed because no target specified
Clustering..........
Effective number of samples: 2.5	(20% identical neighborhood = 1.000 samples)
iter	time	obj	|x|	|g|	crit
1	0.1	274.4	0.0	0.0	0.0


Iteration 10:

sh3_pdz_combined_cluster0_iter10:

OpenMP: Using 6 of 6 threads
Alphabet length:21
15868 valid sequences out of 15868 
41 sites, none trimmed because no target specified
Clustering..........
Effective number of samples: 2.6	(20% identical neighborhood = 1.000 samples)
iter	time	obj	|x|	|g|	crit
1	0.1	285.7	0.0	0.0	0.0


sh3_pdz_combined_cluster1_iter10:

OpenMP: Using 6 of 6 threads
Alphabet length:21
13710 valid sequences out of 13710 
41 sites, none trimmed because no target specified
Clustering..........
Effective number of samples: 2.5	(20% identical neighborhood = 1.000 samples)
iter	time	obj	|x|	|g|	crit
1	0.1	274.9	0.0	0.0	0.0


Iteration 11:

sh3_pdz_combined_cluster0_iter11:

OpenMP: Using 6 of 6 threads
Alphabet length:21
15893 valid sequences out of 15893 
41 sites, none trimmed because no target specified
Clustering..........
Effective number of samples: 2.6	(20% identical neighborhood = 1.000 samples)
iter	time	obj	|x|	|g|	crit
1	0.1	287.0	0.0	0.0	0.0


sh3_pdz_combined_cluster1_iter11:

OpenMP: Using 6 of 6 threads
Alphabet length:21
13685 valid sequences out of 13685 
41 sites, none trimmed because no target specified
Clustering..........
Effective number of samples: 2.5	(20% identical neighborhood = 1.000 samples)
iter	time	obj	|x|	|g|	crit
1	0.1	272.0	0.0	0.0	0.0


Iteration 12:

sh3_pdz_combined_cluster0_iter12:

OpenMP: Using 6 of 6 threads
Alphabet length:21
15842 valid sequences out of 15842 
41 sites, none trimmed because no target specified
Clustering..........
Effective number of samples: 2.6	(20% identical neighborhood = 1.000 samples)
iter	time	obj	|x|	|g|	crit
1	0.1	286.3	0.0	0.0	0.0


sh3_pdz_combined_cluster1_iter12:

OpenMP: Using 6 of 6 threads
Alphabet length:21
13736 valid sequences out of 13736 
41 sites, none trimmed because no target specified
Clustering..........
Effective number of samples: 2.5	(20% identical neighborhood = 1.000 samples)
iter	time	obj	|x|	|g|	crit
1	0.1	271.3	0.0	0.0	0.0


Iteration 13:

sh3_pdz_combined_cluster0_iter13:

OpenMP: Using 6 of 6 threads
Alphabet length:21
15926 valid sequences out of 15926 
41 sites, none trimmed because no target specified
Clustering..........
Effective number of samples: 2.6	(20% identical neighborhood = 1.000 samples)
iter	time	obj	|x|	|g|	crit
1	0.1	286.2	0.0	0.0	0.0


sh3_pdz_combined_cluster1_iter13:

OpenMP: Using 6 of 6 threads
Alphabet length:21
13652 valid sequences out of 13652 
41 sites, none trimmed because no target specified
Clustering..........
Effective number of samples: 2.5	(20% identical neighborhood = 1.000 samples)
iter	time	obj	|x|	|g|	crit
1	0.1	270.1	0.0	0.0	0.0


Iteration 14:

sh3_pdz_combined_cluster0_iter14:

OpenMP: Using 6 of 6 threads
Alphabet length:21
16050 valid sequences out of 16050 
41 sites, none trimmed because no target specified
Clustering..........
Effective number of samples: 2.6	(20% identical neighborhood = 1.000 samples)
iter	time	obj	|x|	|g|	crit
1	0.1	288.6	0.0	0.0	0.0


sh3_pdz_combined_cluster1_iter14:

OpenMP: Using 6 of 6 threads
Alphabet length:21
13528 valid sequences out of 13528 
41 sites, none trimmed because no target specified
Clustering..........
Effective number of samples: 2.4	(20% identical neighborhood = 1.000 samples)
iter	time	obj	|x|	|g|	crit
1	0.1	268.7	0.0	0.0	0.0


Iteration 15:

sh3_pdz_combined_cluster0_iter15:

OpenMP: Using 6 of 6 threads
Alphabet length:21
16281 valid sequences out of 16281 
41 sites, none trimmed because no target specified
Clustering..........
Effective number of samples: 2.6	(20% identical neighborhood = 1.000 samples)
iter	time	obj	|x|	|g|	crit
1	0.1	287.0	0.0	0.0	0.0


sh3_pdz_combined_cluster1_iter15:

OpenMP: Using 6 of 6 threads
Alphabet length:21
13297 valid sequences out of 13297 
41 sites, none trimmed because no target specified
Clustering..........
Effective number of samples: 2.5	(20% identical neighborhood = 1.000 samples)
iter	time	obj	|x|	|g|	crit
1	0.1	269.0	0.0	0.0	0.0


Iteration 16:

sh3_pdz_combined_cluster0_iter16:

OpenMP: Using 6 of 6 threads
Alphabet length:21
16269 valid sequences out of 16269 
41 sites, none trimmed because no target specified
Clustering..........
Effective number of samples: 2.6	(20% identical neighborhood = 1.000 samples)
iter	time	obj	|x|	|g|	crit
1	0.1	287.1	0.0	0.0	0.0


sh3_pdz_combined_cluster1_iter16:

OpenMP: Using 6 of 6 threads
Alphabet length:21
13309 valid sequences out of 13309 
41 sites, none trimmed because no target specified
Clustering..........
Effective number of samples: 2.5	(20% identical neighborhood = 1.000 samples)
iter	time	obj	|x|	|g|	crit
1	0.1	270.7	0.0	0.0	0.0


Iteration 17:

sh3_pdz_combined_cluster0_iter17:

OpenMP: Using 6 of 6 threads
Alphabet length:21
16120 valid sequences out of 16120 
41 sites, none trimmed because no target specified
Clustering..........
Effective number of samples: 2.6	(20% identical neighborhood = 1.000 samples)
iter	time	obj	|x|	|g|	crit
1	0.1	288.5	0.0	0.0	0.0


sh3_pdz_combined_cluster1_iter17:

OpenMP: Using 6 of 6 threads
Alphabet length:21
13458 valid sequences out of 13458 
41 sites, none trimmed because no target specified
Clustering..........
Effective number of samples: 2.5	(20% identical neighborhood = 1.000 samples)
iter	time	obj	|x|	|g|	crit
1	0.1	269.9	0.0	0.0	0.0


Iteration 18:

sh3_pdz_combined_cluster0_iter18:

OpenMP: Using 6 of 6 threads
Alphabet length:21
16125 valid sequences out of 16125 
41 sites, none trimmed because no target specified
Clustering..........
Effective number of samples: 2.6	(20% identical neighborhood = 1.000 samples)
iter	time	obj	|x|	|g|	crit
1	0.1	287.9	0.0	0.0	0.0


sh3_pdz_combined_cluster1_iter18:

OpenMP: Using 6 of 6 threads
Alphabet length:21
13453 valid sequences out of 13453 
41 sites, none trimmed because no target specified
Clustering..........
Effective number of samples: 2.5	(20% identical neighborhood = 1.000 samples)
iter	time	obj	|x|	|g|	crit
1	0.1	273.3	0.0	0.0	0.0


Iteration 19:

sh3_pdz_combined_cluster0_iter19:

OpenMP: Using 6 of 6 threads
Alphabet length:21
15956 valid sequences out of 15956 
41 sites, none trimmed because no target specified
Clustering..........
Effective number of samples: 2.6	(20% identical neighborhood = 1.000 samples)
iter	time	obj	|x|	|g|	crit
1	0.1	287.4	0.0	0.0	0.0


sh3_pdz_combined_cluster1_iter19:

OpenMP: Using 6 of 6 threads
Alphabet length:21
13622 valid sequences out of 13622 
41 sites, none trimmed because no target specified
Clustering..........
Effective number of samples: 2.4	(20% identical neighborhood = 1.000 samples)
iter	time	obj	|x|	|g|	crit
1	0.1	268.2	0.0	0.0	0.0


Iteration 20:

sh3_pdz_combined_cluster0_iter20:

OpenMP: Using 6 of 6 threads
Alphabet length:21
15959 valid sequences out of 15959 
41 sites, none trimmed because no target specified
Clustering..........
Effective number of samples: 2.6	(20% identical neighborhood = 1.000 samples)
iter	time	obj	|x|	|g|	crit
1	0.1	286.9	0.0	0.0	0.0


sh3_pdz_combined_cluster1_iter20:

OpenMP: Using 6 of 6 threads
Alphabet length:21
13619 valid sequences out of 13619 
41 sites, none trimmed because no target specified
Clustering..........
Effective number of samples: 2.4	(20% identical neighborhood = 1.000 samples)
iter	time	obj	|x|	|g|	crit
1	0.1	268.2	0.0	0.0	0.0


Iteration 21:

sh3_pdz_combined_cluster0_iter21:

OpenMP: Using 6 of 6 threads
Alphabet length:21
15916 valid sequences out of 15916 
41 sites, none trimmed because no target specified
Clustering..........
Effective number of samples: 2.6	(20% identical neighborhood = 1.000 samples)
iter	time	obj	|x|	|g|	crit
1	0.1	287.4	0.0	0.0	0.0


sh3_pdz_combined_cluster1_iter21:

OpenMP: Using 6 of 6 threads
Alphabet length:21
13662 valid sequences out of 13662 
41 sites, none trimmed because no target specified
Clustering..........
Effective number of samples: 2.4	(20% identical neighborhood = 1.000 samples)
iter	time	obj	|x|	|g|	crit
1	0.1	269.2	0.0	0.0	0.0


Iteration 22:

sh3_pdz_combined_cluster0_iter22:

OpenMP: Using 6 of 6 threads
Alphabet length:21
15939 valid sequences out of 15939 
41 sites, none trimmed because no target specified
Clustering..........
Effective number of samples: 2.6	(20% identical neighborhood = 1.000 samples)
iter	time	obj	|x|	|g|	crit
1	0.1	285.5	0.0	0.0	0.0


sh3_pdz_combined_cluster1_iter22:

OpenMP: Using 6 of 6 threads
Alphabet length:21
13639 valid sequences out of 13639 
41 sites, none trimmed because no target specified
Clustering..........
Effective number of samples: 2.6	(20% identical neighborhood = 1.000 samples)
iter	time	obj	|x|	|g|	crit
1	0.1	274.8	0.0	0.0	0.0


Iteration 23:

sh3_pdz_combined_cluster0_iter23:

OpenMP: Using 6 of 6 threads
Alphabet length:21
15528 valid sequences out of 15528 
41 sites, none trimmed because no target specified
Clustering..........
Effective number of samples: 2.6	(20% identical neighborhood = 1.000 samples)
iter	time	obj	|x|	|g|	crit
1	0.1	287.8	0.0	0.0	0.0


sh3_pdz_combined_cluster1_iter23:

OpenMP: Using 6 of 6 threads
Alphabet length:21
14050 valid sequences out of 14050 
41 sites, none trimmed because no target specified
Clustering..........
Effective number of samples: 2.4	(20% identical neighborhood = 1.000 samples)
iter	time	obj	|x|	|g|	crit
1	0.1	269.2	0.0	0.0	0.0


Iteration 24:

sh3_pdz_combined_cluster0_iter24:

OpenMP: Using 6 of 6 threads
Alphabet length:21
15567 valid sequences out of 15567 
41 sites, none trimmed because no target specified
Clustering..........
Effective number of samples: 2.6	(20% identical neighborhood = 1.000 samples)
iter	time	obj	|x|	|g|	crit
1	0.1	286.5	0.0	0.0	0.0


sh3_pdz_combined_cluster1_iter24:

OpenMP: Using 6 of 6 threads
Alphabet length:21
14011 valid sequences out of 14011 
41 sites, none trimmed because no target specified
Clustering..........
Effective number of samples: 2.4	(20% identical neighborhood = 1.000 samples)
iter	time	obj	|x|	|g|	crit
1	0.1	267.4	0.0	0.0	0.0


Iteration 25:

sh3_pdz_combined_cluster0_iter25:

OpenMP: Using 6 of 6 threads
Alphabet length:21
15753 valid sequences out of 15753 
41 sites, none trimmed because no target specified
Clustering..........
Effective number of samples: 2.6	(20% identical neighborhood = 1.000 samples)
iter	time	obj	|x|	|g|	crit
1	0.1	286.3	0.0	0.0	0.0


sh3_pdz_combined_cluster1_iter25:

OpenMP: Using 6 of 6 threads
Alphabet length:21
13825 valid sequences out of 13825 
41 sites, none trimmed because no target specified
Clustering..........
Effective number of samples: 2.5	(20% identical neighborhood = 1.000 samples)
iter	time	obj	|x|	|g|	crit
1	0.1	269.6	0.0	0.0	0.0


Iteration 26:

sh3_pdz_combined_cluster0_iter26:

OpenMP: Using 6 of 6 threads
Alphabet length:21
15515 valid sequences out of 15515 
41 sites, none trimmed because no target specified
Clustering..........
Effective number of samples: 2.6	(20% identical neighborhood = 1.000 samples)
iter	time	obj	|x|	|g|	crit
1	0.1	286.3	0.0	0.0	0.0


sh3_pdz_combined_cluster1_iter26:

OpenMP: Using 6 of 6 threads
Alphabet length:21
14063 valid sequences out of 14063 
41 sites, none trimmed because no target specified
Clustering..........
Effective number of samples: 2.5	(20% identical neighborhood = 1.000 samples)
iter	time	obj	|x|	|g|	crit
1	0.1	273.2	0.0	0.0	0.0


Iteration 27:

sh3_pdz_combined_cluster0_iter27:

OpenMP: Using 6 of 6 threads
Alphabet length:21
15154 valid sequences out of 15154 
41 sites, none trimmed because no target specified
Clustering..........
Effective number of samples: 2.6	(20% identical neighborhood = 1.000 samples)
iter	time	obj	|x|	|g|	crit
1	0.1	287.3	0.0	0.0	0.0


sh3_pdz_combined_cluster1_iter27:

OpenMP: Using 6 of 6 threads
Alphabet length:21
14424 valid sequences out of 14424 
41 sites, none trimmed because no target specified
Clustering..........
Effective number of samples: 2.5	(20% identical neighborhood = 1.000 samples)
iter	time	obj	|x|	|g|	crit
1	0.1	268.2	0.0	0.0	0.0


Iteration 28:

sh3_pdz_combined_cluster0_iter28:

OpenMP: Using 6 of 6 threads
Alphabet length:21
15453 valid sequences out of 15453 
41 sites, none trimmed because no target specified
Clustering..........
Effective number of samples: 2.6	(20% identical neighborhood = 1.000 samples)
iter	time	obj	|x|	|g|	crit
1	0.1	285.5	0.0	0.0	0.0


sh3_pdz_combined_cluster1_iter28:

OpenMP: Using 6 of 6 threads
Alphabet length:21
14125 valid sequences out of 14125 
41 sites, none trimmed because no target specified
Clustering..........
Effective number of samples: 2.5	(20% identical neighborhood = 1.000 samples)
iter	time	obj	|x|	|g|	crit
1	0.1	270.3	0.0	0.0	0.0


Iteration 29:

sh3_pdz_combined_cluster0_iter29:

OpenMP: Using 6 of 6 threads
Alphabet length:21
15386 valid sequences out of 15386 
41 sites, none trimmed because no target specified
Clustering..........
Effective number of samples: 2.6	(20% identical neighborhood = 1.000 samples)
iter	time	obj	|x|	|g|	crit
1	0.1	286.1	0.0	0.0	0.0


sh3_pdz_combined_cluster1_iter29:

OpenMP: Using 6 of 6 threads
Alphabet length:21
14192 valid sequences out of 14192 
41 sites, none trimmed because no target specified
Clustering..........
Effective number of samples: 2.5	(20% identical neighborhood = 1.000 samples)
iter	time	obj	|x|	|g|	crit
1	0.1	270.3	0.0	0.0	0.0


Iteration 30:

sh3_pdz_combined_cluster0_iter30:

OpenMP: Using 6 of 6 threads
Alphabet length:21
15331 valid sequences out of 15331 
41 sites, none trimmed because no target specified
Clustering..........
Effective number of samples: 2.6	(20% identical neighborhood = 1.000 samples)
iter	time	obj	|x|	|g|	crit
1	0.1	288.8	0.0	0.0	0.0


sh3_pdz_combined_cluster1_iter30:

OpenMP: Using 6 of 6 threads
Alphabet length:21
14247 valid sequences out of 14247 
41 sites, none trimmed because no target specified
Clustering..........
Effective number of samples: 2.4	(20% identical neighborhood = 1.000 samples)
iter	time	obj	|x|	|g|	crit
1	0.1	267.3	0.0	0.0	0.0

