tuning/outputs/tuning_run_4/ created
tuning/outputs/tuning_run_4/iterations/ created
tuning/outputs/tuning_run_4/output/ created
{'msa-file-name': 'sh3_pdz_combined.fa', 'em_maxiter': 30, 'em_numclusters': 2, 'em_device': None, 'em_init': 'kmeans', 'em_no_iter_print': 0, 'plmc': '../../plmc/bin/plmc', 'output': 'tuning/outputs/tuning_run_4', 'fast': 1, 'scale': None, 'theta': '0.8', 'lambdah': '0.01', 'lambdae': '16.0', 'lambdag': None, 'gapignore': 1, 'maxiter': '5', 'ncores': 6, 'gapignore_tune': '1', 'fast_tune': '1', 'em_iter_print': 1, 'iterations_dir': 'tuning/outputs/tuning_run_4/iterations/', 'final_dir': 'tuning/outputs/tuning_run_4/output/', 'output_dir': 'tuning/outputs/tuning_run_4/', 'plmc_options': ['-t 0.8', '-lh 0.01', '-le 16.0', '-m 5', '-n 6', '-g', '--fast'], 'device': device(type='cpu')}

Using cpu


Iteration 0:

sh3_pdz_combined_cluster0_iter0:

OpenMP: Using 6 of 6 threads
Alphabet length:21
17920 valid sequences out of 17920 
41 sites, none trimmed because no target specified
Clustering..........
Effective number of samples: 1.3	(20% identical neighborhood = 1.000 samples)
iter	time	obj	|x|	|g|	crit
1	0.1	146.0	0.0	0.0	0.0


sh3_pdz_combined_cluster1_iter0:

OpenMP: Using 6 of 6 threads
Alphabet length:21
11658 valid sequences out of 11658 
41 sites, none trimmed because no target specified
Clustering..........
Effective number of samples: 1.3	(20% identical neighborhood = 1.000 samples)
iter	time	obj	|x|	|g|	crit
1	0.1	137.7	0.0	0.0	0.0


Iteration 1:
TERMINATING: Repeated cluster assignments
