tuning/outputs/tuning_run_23/ created
tuning/outputs/tuning_run_23/iterations/ created
tuning/outputs/tuning_run_23/output/ created
{'msa-file-name': 'sh3_pdz_combined.fa', 'em_maxiter': 30, 'em_numclusters': 2, 'em_device': None, 'em_init': 'random', 'em_no_iter_print': 0, 'plmc': '../../plmc/bin/plmc', 'output': 'tuning/outputs/tuning_run_23', 'fast': 0, 'scale': None, 'theta': '2', 'lambdah': '0.01', 'lambdae': '16.0', 'lambdag': None, 'gapignore': 1, 'maxiter': '5', 'ncores': 6, 'gapignore_tune': '1', 'fast_tune': '0', 'em_iter_print': 1, 'iterations_dir': 'tuning/outputs/tuning_run_23/iterations/', 'final_dir': 'tuning/outputs/tuning_run_23/output/', 'output_dir': 'tuning/outputs/tuning_run_23/', 'plmc_options': ['-t 2', '-lh 0.01', '-le 16.0', '-m 5', '-n 6', '-g'], 'device': device(type='cpu')}

Using cpu


Iteration 0:

sh3_pdz_combined_cluster0_iter0:

OpenMP: Using 6 of 6 threads
Alphabet length:21
14789 valid sequences out of 14789 
41 sites, none trimmed because no target specified
Theta not between 0 and 1, no sequence reweighting applied (N = 14789.00)
iter	time	cond	fx	-loglk	||h||	||e||
1	0.8	1415.89	1220348.1	1220310.2	46.8	1.0
2	1.1	619.68	1096839.5	1096571.2	46.8	3.9
3	1.5	455.11	1033426.0	1032735.3	46.7	6.5
4	1.8	678.99	946879.0	943915.9	46.5	13.6
5	2.2	577.82	892001.8	884100.4	46.3	22.2
Gradient optimization: MAXIMUMITERATION


sh3_pdz_combined_cluster1_iter0:

OpenMP: Using 6 of 6 threads
Alphabet length:21
14789 valid sequences out of 14789 
41 sites, none trimmed because no target specified
Theta not between 0 and 1, no sequence reweighting applied (N = 14789.00)
iter	time	cond	fx	-loglk	||h||	||e||
1	0.7	1428.41	1220683.5	1220645.9	46.4	1.0
2	1.1	623.14	1097734.8	1097468.6	46.4	3.9
3	1.4	457.04	1035095.9	1034413.8	46.3	6.4
4	1.8	669.73	949603.9	946701.0	46.1	13.4
5	2.1	583.40	895584.8	887841.0	45.9	22.0
Gradient optimization: MAXIMUMITERATION


Iteration 1:

sh3_pdz_combined_cluster0_iter1:

OpenMP: Using 6 of 6 threads
Alphabet length:21
15222 valid sequences out of 15222 
41 sites, none trimmed because no target specified
Theta not between 0 and 1, no sequence reweighting applied (N = 15222.00)
iter	time	cond	fx	-loglk	||h||	||e||
1	0.8	1452.41	1251058.5	1251019.2	48.3	1.0
2	1.1	671.25	1109383.2	1109087.3	48.3	4.1
3	1.5	506.87	1026636.4	1025803.0	48.2	7.1
4	1.8	805.66	915861.2	911805.8	48.0	15.9
5	2.2	555.75	847179.5	837236.9	47.8	24.9
Gradient optimization: MAXIMUMITERATION


sh3_pdz_combined_cluster1_iter1:

OpenMP: Using 6 of 6 threads
Alphabet length:21
14356 valid sequences out of 14356 
41 sites, none trimmed because no target specified
Theta not between 0 and 1, no sequence reweighting applied (N = 14356.00)
iter	time	cond	fx	-loglk	||h||	||e||
1	0.8	1393.70	1180104.1	1180065.8	47.2	1.0
2	1.1	626.26	1051581.3	1051297.9	47.2	4.0
3	1.4	462.99	981302.8	980534.5	47.1	6.8
4	1.8	627.02	885169.9	881710.8	46.9	14.7
5	2.1	581.75	830880.8	821873.1	46.7	23.7
Gradient optimization: MAXIMUMITERATION


Iteration 2:

sh3_pdz_combined_cluster0_iter2:

OpenMP: Using 6 of 6 threads
Alphabet length:21
14812 valid sequences out of 14812 
41 sites, none trimmed because no target specified
Theta not between 0 and 1, no sequence reweighting applied (N = 14812.00)
iter	time	cond	fx	-loglk	||h||	||e||
1	0.8	1408.41	1210566.1	1210526.3	48.8	1.0
2	1.2	669.30	1065623.1	1065309.1	48.8	4.3
3	1.6	512.41	976297.7	975380.0	48.7	7.5
4	1.9	910.25	867606.2	862963.9	48.5	17.0
5	2.3	465.65	790565.0	780559.9	48.3	25.0
Gradient optimization: MAXIMUMITERATION


sh3_pdz_combined_cluster1_iter2:

OpenMP: Using 6 of 6 threads
Alphabet length:21
14766 valid sequences out of 14766 
41 sites, none trimmed because no target specified
Theta not between 0 and 1, no sequence reweighting applied (N = 14766.00)
iter	time	cond	fx	-loglk	||h||	||e||
1	0.8	1439.98	1214074.5	1214035.8	47.6	1.0
2	1.2	650.27	1078487.8	1078201.5	47.6	4.1
3	1.5	479.83	1003044.5	1002251.7	47.5	6.9
4	1.9	617.89	899005.8	895391.2	47.4	15.0
5	2.3	600.39	841150.5	831717.1	47.1	24.3
Gradient optimization: MAXIMUMITERATION


Iteration 3:

sh3_pdz_combined_cluster0_iter3:

OpenMP: Using 6 of 6 threads
Alphabet length:21
14758 valid sequences out of 14758 
41 sites, none trimmed because no target specified
Theta not between 0 and 1, no sequence reweighting applied (N = 14758.00)
iter	time	cond	fx	-loglk	||h||	||e||
1	0.9	1380.49	1201861.8	1201821.7	49.2	1.0
2	1.3	663.46	1055809.7	1055485.1	49.1	4.3
3	1.6	515.42	964554.7	963598.7	49.1	7.6
4	2.0	987.75	863763.2	858908.7	48.8	17.4
5	2.3	400.91	781953.7	772570.2	48.7	24.2
Gradient optimization: MAXIMUMITERATION


sh3_pdz_combined_cluster1_iter3:

OpenMP: Using 6 of 6 threads
Alphabet length:21
14820 valid sequences out of 14820 
41 sites, none trimmed because no target specified
Theta not between 0 and 1, no sequence reweighting applied (N = 14820.00)
iter	time	cond	fx	-loglk	||h||	||e||
1	0.9	1457.86	1219996.4	1219957.8	47.5	1.0
2	1.3	656.61	1083221.3	1082937.2	47.5	4.0
3	1.7	483.37	1007214.0	1006423.1	47.5	6.9
4	2.0	628.08	902531.3	898929.6	47.3	15.0
5	2.4	602.11	843177.7	833828.3	47.1	24.1
Gradient optimization: MAXIMUMITERATION


Iteration 4:

sh3_pdz_combined_cluster0_iter4:

OpenMP: Using 6 of 6 threads
Alphabet length:21
14721 valid sequences out of 14721 
41 sites, none trimmed because no target specified
Theta not between 0 and 1, no sequence reweighting applied (N = 14721.00)
iter	time	cond	fx	-loglk	||h||	||e||
1	0.8	1364.92	1196286.6	1196246.5	49.1	1.0
2	1.2	660.16	1050165.4	1049833.5	49.1	4.4
3	1.6	520.97	958518.6	957538.8	49.0	7.7
4	1.9	1024.06	862674.4	857712.6	48.7	17.6
5	2.3	381.18	780938.4	771962.4	48.6	23.7
Gradient optimization: MAXIMUMITERATION


sh3_pdz_combined_cluster1_iter4:

OpenMP: Using 6 of 6 threads
Alphabet length:21
14857 valid sequences out of 14857 
41 sites, none trimmed because no target specified
Theta not between 0 and 1, no sequence reweighting applied (N = 14857.00)
iter	time	cond	fx	-loglk	||h||	||e||
1	0.8	1459.55	1223539.2	1223500.3	47.8	1.0
2	1.2	656.76	1085893.1	1085609.7	47.8	4.0
3	1.5	482.73	1009342.9	1008551.7	47.7	6.9
4	1.9	633.13	904440.8	900844.0	47.6	14.9
5	2.2	584.08	843126.3	833851.7	47.3	24.0
Gradient optimization: MAXIMUMITERATION


Iteration 5:

sh3_pdz_combined_cluster0_iter5:

OpenMP: Using 6 of 6 threads
Alphabet length:21
14686 valid sequences out of 14686 
41 sites, none trimmed because no target specified
Theta not between 0 and 1, no sequence reweighting applied (N = 14686.00)
iter	time	cond	fx	-loglk	||h||	||e||
1	0.8	1349.91	1191348.7	1191308.5	49.2	1.0
2	1.2	655.43	1045228.1	1044891.0	49.2	4.4
3	1.5	523.49	953413.0	952417.0	49.1	7.8
4	1.8	1033.73	859526.4	854488.2	48.8	17.7
5	2.2	374.71	778740.4	769924.0	48.7	23.4
Gradient optimization: MAXIMUMITERATION


sh3_pdz_combined_cluster1_iter5:

OpenMP: Using 6 of 6 threads
Alphabet length:21
14892 valid sequences out of 14892 
41 sites, none trimmed because no target specified
Theta not between 0 and 1, no sequence reweighting applied (N = 14892.00)
iter	time	cond	fx	-loglk	||h||	||e||
1	0.8	1466.06	1226919.4	1226880.5	47.9	1.0
2	1.2	659.69	1088646.9	1088364.2	47.8	4.0
3	1.5	484.33	1011647.0	1010856.0	47.8	6.9
4	1.9	636.37	906443.6	902851.8	47.6	14.9
5	2.2	571.80	843950.6	834721.8	47.4	24.0
Gradient optimization: MAXIMUMITERATION


Iteration 6:

sh3_pdz_combined_cluster0_iter6:

OpenMP: Using 6 of 6 threads
Alphabet length:21
14632 valid sequences out of 14632 
41 sites, none trimmed because no target specified
Theta not between 0 and 1, no sequence reweighting applied (N = 14632.00)
iter	time	cond	fx	-loglk	||h||	||e||
1	0.8	1333.46	1185372.8	1185332.5	49.4	1.0
2	1.2	649.50	1039542.6	1039201.4	49.3	4.5
3	1.6	523.71	947722.3	946712.7	49.2	7.8
4	2.0	1034.53	855262.5	850165.1	49.0	17.8
5	2.4	371.37	775494.5	766773.1	48.9	23.3
Gradient optimization: MAXIMUMITERATION


sh3_pdz_combined_cluster1_iter6:

OpenMP: Using 6 of 6 threads
Alphabet length:21
14946 valid sequences out of 14946 
41 sites, none trimmed because no target specified
Theta not between 0 and 1, no sequence reweighting applied (N = 14946.00)
iter	time	cond	fx	-loglk	||h||	||e||
1	0.8	1474.21	1231787.1	1231748.2	47.8	1.0
2	1.2	663.26	1092907.5	1092625.4	47.8	4.0
3	1.6	486.78	1015532.6	1014742.4	47.8	6.9
4	2.0	639.41	909784.0	906197.2	47.6	14.9
5	2.4	566.09	846489.9	837274.4	47.4	24.0
Gradient optimization: MAXIMUMITERATION


Iteration 7:

sh3_pdz_combined_cluster0_iter7:

OpenMP: Using 6 of 6 threads
Alphabet length:21
14576 valid sequences out of 14576 
41 sites, none trimmed because no target specified
Theta not between 0 and 1, no sequence reweighting applied (N = 14576.00)
iter	time	cond	fx	-loglk	||h||	||e||
1	0.8	1321.76	1179918.9	1179878.4	49.4	1.0
2	1.2	645.26	1034409.9	1034065.8	49.4	4.5
3	1.6	523.96	942655.5	941636.1	49.3	7.9
4	1.9	1031.22	850932.0	845796.0	49.1	17.9
5	2.2	369.91	772182.0	763510.0	48.9	23.2
Gradient optimization: MAXIMUMITERATION


sh3_pdz_combined_cluster1_iter7:

OpenMP: Using 6 of 6 threads
Alphabet length:21
15002 valid sequences out of 15002 
41 sites, none trimmed because no target specified
Theta not between 0 and 1, no sequence reweighting applied (N = 15002.00)
iter	time	cond	fx	-loglk	||h||	||e||
1	0.8	1481.11	1236488.4	1236449.5	47.8	1.0
2	1.2	666.19	1097148.5	1096866.9	47.8	4.0
3	1.5	488.76	1019520.9	1018731.9	47.7	6.9
4	1.9	641.94	913393.8	909813.8	47.6	14.9
5	2.3	563.73	849596.2	840395.5	47.3	24.0
Gradient optimization: MAXIMUMITERATION


Iteration 8:

sh3_pdz_combined_cluster0_iter8:

OpenMP: Using 6 of 6 threads
Alphabet length:21
14506 valid sequences out of 14506 
41 sites, none trimmed because no target specified
Theta not between 0 and 1, no sequence reweighting applied (N = 14506.00)
iter	time	cond	fx	-loglk	||h||	||e||
1	0.8	1311.32	1173234.7	1173194.3	49.5	1.0
2	1.2	641.00	1028378.0	1028032.2	49.4	4.5
3	1.5	523.16	937052.5	936028.0	49.4	7.9
4	1.9	1025.63	846214.0	841068.8	49.1	17.9
5	2.2	369.32	768503.8	759889.9	49.0	23.2
Gradient optimization: MAXIMUMITERATION


sh3_pdz_combined_cluster1_iter8:

OpenMP: Using 6 of 6 threads
Alphabet length:21
15072 valid sequences out of 15072 
41 sites, none trimmed because no target specified
Theta not between 0 and 1, no sequence reweighting applied (N = 15072.00)
iter	time	cond	fx	-loglk	||h||	||e||
1	0.8	1488.34	1242560.4	1242521.6	47.8	1.0
2	1.2	670.07	1102161.4	1101879.0	47.8	4.0
3	1.5	491.37	1023760.8	1022967.7	47.8	6.9
4	1.9	647.27	917178.2	913579.1	47.6	15.0
5	2.2	560.58	853043.2	843863.4	47.4	23.9
Gradient optimization: MAXIMUMITERATION


Iteration 9:

sh3_pdz_combined_cluster0_iter9:

OpenMP: Using 6 of 6 threads
Alphabet length:21
14417 valid sequences out of 14417 
41 sites, none trimmed because no target specified
Theta not between 0 and 1, no sequence reweighting applied (N = 14417.00)
iter	time	cond	fx	-loglk	||h||	||e||
1	0.8	1302.35	1164759.8	1164719.3	49.4	1.0
2	1.2	636.86	1020920.6	1020574.8	49.4	4.5
3	1.5	520.63	930264.3	929240.3	49.3	7.9
4	1.9	1022.17	840864.6	835740.2	49.1	17.9
5	2.2	364.81	764202.8	755688.2	49.0	23.0
Gradient optimization: MAXIMUMITERATION


sh3_pdz_combined_cluster1_iter9:

OpenMP: Using 6 of 6 threads
Alphabet length:21
15161 valid sequences out of 15161 
41 sites, none trimmed because no target specified
Theta not between 0 and 1, no sequence reweighting applied (N = 15161.00)
iter	time	cond	fx	-loglk	||h||	||e||
1	0.8	1496.57	1250299.9	1250260.9	47.9	1.0
2	1.2	676.25	1107395.9	1107110.0	47.9	4.1
3	1.6	494.27	1027054.9	1026245.6	47.9	7.0
4	1.9	652.91	920273.0	916619.6	47.7	15.1
5	2.3	554.10	855968.7	846840.8	47.5	23.9
Gradient optimization: MAXIMUMITERATION


Iteration 10:

sh3_pdz_combined_cluster0_iter10:

OpenMP: Using 6 of 6 threads
Alphabet length:21
14414 valid sequences out of 14414 
41 sites, none trimmed because no target specified
Theta not between 0 and 1, no sequence reweighting applied (N = 14414.00)
iter	time	cond	fx	-loglk	||h||	||e||
1	0.8	1300.72	1164163.8	1164123.3	49.4	1.0
2	1.2	636.58	1020308.0	1019961.3	49.4	4.5
3	1.6	521.88	929591.9	928564.8	49.3	7.9
4	1.9	1021.27	840169.6	835034.0	49.1	17.9
5	2.3	364.93	763875.8	755373.2	48.9	23.0
Gradient optimization: MAXIMUMITERATION


sh3_pdz_combined_cluster1_iter10:

OpenMP: Using 6 of 6 threads
Alphabet length:21
15164 valid sequences out of 15164 
41 sites, none trimmed because no target specified
Theta not between 0 and 1, no sequence reweighting applied (N = 15164.00)
iter	time	cond	fx	-loglk	||h||	||e||
1	0.9	1496.65	1250537.6	1250498.6	48.0	1.0
2	1.2	676.36	1107428.7	1107142.4	48.0	4.1
3	1.6	494.01	1026969.2	1026158.5	47.9	7.0
4	1.9	652.63	920256.0	916601.2	47.7	15.1
5	2.3	551.21	855797.4	846678.3	47.5	23.8
Gradient optimization: MAXIMUMITERATION


Iteration 11:

sh3_pdz_combined_cluster0_iter11:

OpenMP: Using 6 of 6 threads
Alphabet length:21
14411 valid sequences out of 14411 
41 sites, none trimmed because no target specified
Theta not between 0 and 1, no sequence reweighting applied (N = 14411.00)
iter	time	cond	fx	-loglk	||h||	||e||
1	0.9	1299.07	1163546.3	1163505.8	49.5	1.0
2	1.2	636.06	1019675.1	1019327.8	49.4	4.5
3	1.6	522.32	928934.3	927905.3	49.4	7.9
4	2.0	1019.77	839504.0	834362.3	49.1	17.9
5	2.3	364.65	763456.7	754962.6	49.0	23.0
Gradient optimization: MAXIMUMITERATION


sh3_pdz_combined_cluster1_iter11:

OpenMP: Using 6 of 6 threads
Alphabet length:21
15167 valid sequences out of 15167 
41 sites, none trimmed because no target specified
Theta not between 0 and 1, no sequence reweighting applied (N = 15167.00)
iter	time	cond	fx	-loglk	||h||	||e||
1	0.9	1497.17	1250993.7	1250954.7	48.0	1.0
2	1.3	676.53	1107879.4	1107593.2	48.0	4.1
3	1.6	494.06	1027427.6	1026617.2	47.9	7.0
4	2.0	652.77	920738.3	917085.9	47.7	15.1
5	2.3	550.74	856236.2	847119.6	47.5	23.8
Gradient optimization: MAXIMUMITERATION


Iteration 12:

sh3_pdz_combined_cluster0_iter12:

OpenMP: Using 6 of 6 threads
Alphabet length:21
14409 valid sequences out of 14409 
41 sites, none trimmed because no target specified
Theta not between 0 and 1, no sequence reweighting applied (N = 14409.00)
iter	time	cond	fx	-loglk	||h||	||e||
1	0.8	1298.29	1163145.9	1163105.5	49.5	1.0
2	1.2	636.02	1019213.2	1018865.3	49.4	4.5
3	1.6	523.08	928399.1	927367.8	49.4	7.9
4	1.9	1018.71	838959.6	833810.4	49.1	17.9
5	2.3	364.46	763132.4	754645.5	49.0	23.0
Gradient optimization: MAXIMUMITERATION


sh3_pdz_combined_cluster1_iter12:

OpenMP: Using 6 of 6 threads
Alphabet length:21
15169 valid sequences out of 15169 
41 sites, none trimmed because no target specified
Theta not between 0 and 1, no sequence reweighting applied (N = 15169.00)
iter	time	cond	fx	-loglk	||h||	||e||
1	0.8	1497.17	1251238.2	1251199.2	48.0	1.0
2	1.2	676.40	1108144.2	1107858.1	48.0	4.1
3	1.6	493.84	1027733.4	1026923.4	47.9	7.0
4	1.9	652.61	921133.9	917485.8	47.7	15.1
5	2.3	549.94	856586.3	847478.1	47.5	23.8
Gradient optimization: MAXIMUMITERATION


Iteration 13:

sh3_pdz_combined_cluster0_iter13:

OpenMP: Using 6 of 6 threads
Alphabet length:21
14408 valid sequences out of 14408 
41 sites, none trimmed because no target specified
Theta not between 0 and 1, no sequence reweighting applied (N = 14408.00)
iter	time	cond	fx	-loglk	||h||	||e||
1	0.8	1297.87	1162964.9	1162924.4	49.5	1.0
2	1.1	636.13	1018907.3	1018558.8	49.4	4.5
3	1.5	523.61	927971.9	926938.1	49.4	7.9
4	1.8	1018.11	838592.4	833435.0	49.1	17.9
5	2.1	364.41	762913.7	754432.1	49.0	23.0
Gradient optimization: MAXIMUMITERATION


sh3_pdz_combined_cluster1_iter13:

OpenMP: Using 6 of 6 threads
Alphabet length:21
15170 valid sequences out of 15170 
41 sites, none trimmed because no target specified
Theta not between 0 and 1, no sequence reweighting applied (N = 15170.00)
iter	time	cond	fx	-loglk	||h||	||e||
1	0.8	1497.04	1251296.5	1251257.5	48.0	1.0
2	1.2	676.17	1108259.5	1107973.6	48.0	4.1
3	1.5	493.57	1027923.7	1027114.5	47.9	7.0
4	1.9	652.20	921448.2	917806.7	47.7	15.0
5	2.2	548.92	856856.9	847763.0	47.5	23.8
Gradient optimization: MAXIMUMITERATION


Iteration 14:

sh3_pdz_combined_cluster0_iter14:

OpenMP: Using 6 of 6 threads
Alphabet length:21
14417 valid sequences out of 14417 
41 sites, none trimmed because no target specified
Theta not between 0 and 1, no sequence reweighting applied (N = 14417.00)
iter	time	cond	fx	-loglk	||h||	||e||
1	0.8	1298.26	1163695.9	1163655.4	49.5	1.0
2	1.2	636.51	1019456.2	1019107.1	49.4	4.5
3	1.6	524.37	928405.2	927369.4	49.3	8.0
4	1.9	1017.76	839025.7	833864.4	49.1	17.9
5	2.3	364.68	763507.4	755034.7	49.0	23.0
Gradient optimization: MAXIMUMITERATION


sh3_pdz_combined_cluster1_iter14:

OpenMP: Using 6 of 6 threads
Alphabet length:21
15161 valid sequences out of 15161 
41 sites, none trimmed because no target specified
Theta not between 0 and 1, no sequence reweighting applied (N = 15161.00)
iter	time	cond	fx	-loglk	||h||	||e||
1	0.8	1496.54	1250460.4	1250421.4	48.0	1.0
2	1.2	675.88	1107531.6	1107245.9	48.0	4.1
3	1.5	493.24	1027271.5	1026462.9	47.9	7.0
4	1.9	651.44	920923.3	917286.5	47.7	15.0
5	2.2	548.53	856384.7	847299.4	47.5	23.8
Gradient optimization: MAXIMUMITERATION


Iteration 15:

sh3_pdz_combined_cluster0_iter15:

OpenMP: Using 6 of 6 threads
Alphabet length:21
14448 valid sequences out of 14448 
41 sites, none trimmed because no target specified
Theta not between 0 and 1, no sequence reweighting applied (N = 14448.00)
iter	time	cond	fx	-loglk	||h||	||e||
1	0.8	1301.04	1166120.7	1166080.3	49.5	1.0
2	1.1	639.17	1020613.0	1020260.8	49.4	4.5
3	1.5	526.34	928592.8	927544.0	49.4	8.0
4	1.9	1018.35	839868.2	834687.2	49.1	18.0
5	2.2	363.56	764473.8	756041.3	49.0	22.9
Gradient optimization: MAXIMUMITERATION


sh3_pdz_combined_cluster1_iter15:

OpenMP: Using 6 of 6 threads
Alphabet length:21
15130 valid sequences out of 15130 
41 sites, none trimmed because no target specified
Theta not between 0 and 1, no sequence reweighting applied (N = 15130.00)
iter	time	cond	fx	-loglk	||h||	||e||
1	0.8	1494.51	1247617.4	1247578.4	48.0	1.0
2	1.2	674.28	1105186.5	1104901.5	48.0	4.0
3	1.6	491.37	1025383.0	1024577.7	47.9	7.0
4	1.9	648.27	919935.8	916329.2	47.7	15.0
5	2.3	543.93	855793.0	846791.2	47.5	23.7
Gradient optimization: MAXIMUMITERATION


Iteration 16:

sh3_pdz_combined_cluster0_iter16:

OpenMP: Using 6 of 6 threads
Alphabet length:21
14474 valid sequences out of 14474 
41 sites, none trimmed because no target specified
Theta not between 0 and 1, no sequence reweighting applied (N = 14474.00)
iter	time	cond	fx	-loglk	||h||	||e||
1	0.8	1303.04	1167986.4	1167945.9	49.5	1.0
2	1.2	641.18	1021303.0	1020947.8	49.5	4.5
3	1.5	527.82	928481.2	927420.2	49.4	8.0
4	1.9	1018.40	840487.4	835301.6	49.1	18.0
5	2.3	363.24	765224.3	756842.4	49.0	22.9
Gradient optimization: MAXIMUMITERATION


sh3_pdz_combined_cluster1_iter16:

OpenMP: Using 6 of 6 threads
Alphabet length:21
15104 valid sequences out of 15104 
41 sites, none trimmed because no target specified
Theta not between 0 and 1, no sequence reweighting applied (N = 15104.00)
iter	time	cond	fx	-loglk	||h||	||e||
1	0.8	1493.56	1245237.3	1245198.3	47.9	1.0
2	1.2	673.81	1103005.1	1102720.2	47.9	4.0
3	1.6	490.63	1023309.3	1022504.4	47.9	7.0
4	1.9	646.58	918133.2	914533.1	47.7	15.0
5	2.3	539.88	854121.3	845138.9	47.5	23.7
Gradient optimization: MAXIMUMITERATION


Iteration 17:

sh3_pdz_combined_cluster0_iter17:

OpenMP: Using 6 of 6 threads
Alphabet length:21
14473 valid sequences out of 14473 
41 sites, none trimmed because no target specified
Theta not between 0 and 1, no sequence reweighting applied (N = 14473.00)
iter	time	cond	fx	-loglk	||h||	||e||
1	0.8	1303.83	1167966.6	1167926.1	49.4	1.0
2	1.1	641.67	1021305.9	1020950.5	49.4	4.5
3	1.4	528.59	928499.4	927437.7	49.3	8.1
4	1.8	1018.46	840537.4	835349.1	49.1	18.0
5	2.1	363.39	765391.5	757013.3	49.0	22.9
Gradient optimization: MAXIMUMITERATION


sh3_pdz_combined_cluster1_iter17:

OpenMP: Using 6 of 6 threads
Alphabet length:21
15105 valid sequences out of 15105 
41 sites, none trimmed because no target specified
Theta not between 0 and 1, no sequence reweighting applied (N = 15105.00)
iter	time	cond	fx	-loglk	||h||	||e||
1	0.8	1490.91	1245196.4	1245157.3	48.0	1.0
2	1.1	672.65	1102910.1	1102625.2	48.0	4.0
3	1.5	489.79	1023164.5	1022359.2	48.0	7.0
4	1.8	644.82	917887.9	914286.3	47.8	15.0
5	2.2	538.58	853834.9	844843.2	47.6	23.7
Gradient optimization: MAXIMUMITERATION


Iteration 18:

sh3_pdz_combined_cluster0_iter18:

OpenMP: Using 6 of 6 threads
Alphabet length:21
14484 valid sequences out of 14484 
41 sites, none trimmed because no target specified
Theta not between 0 and 1, no sequence reweighting applied (N = 14484.00)
iter	time	cond	fx	-loglk	||h||	||e||
1	0.8	1305.45	1168884.6	1168844.2	49.4	1.0
2	1.1	642.39	1022188.6	1021833.3	49.4	4.5
3	1.5	529.39	929394.3	928333.4	49.3	8.0
4	1.8	1020.06	841427.6	836241.9	49.0	18.0
5	2.2	364.61	766287.8	757915.9	48.9	22.8
Gradient optimization: MAXIMUMITERATION


sh3_pdz_combined_cluster1_iter18:

OpenMP: Using 6 of 6 threads
Alphabet length:21
15094 valid sequences out of 15094 
41 sites, none trimmed because no target specified
Theta not between 0 and 1, no sequence reweighting applied (N = 15094.00)
iter	time	cond	fx	-loglk	||h||	||e||
1	0.8	1487.55	1244246.0	1244206.9	48.1	1.0
2	1.1	671.26	1102003.2	1101718.1	48.1	4.0
3	1.5	488.78	1022241.7	1021435.7	48.0	7.0
4	1.8	643.70	916964.5	913359.2	47.9	15.0
5	2.1	537.90	852950.9	843951.1	47.6	23.7
Gradient optimization: MAXIMUMITERATION


Iteration 19:

sh3_pdz_combined_cluster0_iter19:

OpenMP: Using 6 of 6 threads
Alphabet length:21
14492 valid sequences out of 14492 
41 sites, none trimmed because no target specified
Theta not between 0 and 1, no sequence reweighting applied (N = 14492.00)
iter	time	cond	fx	-loglk	||h||	||e||
1	0.8	1306.08	1169614.6	1169574.2	49.4	1.0
2	1.2	642.64	1022881.9	1022526.6	49.4	4.5
3	1.6	529.81	930096.7	929035.8	49.3	8.0
4	1.9	1020.41	842124.0	836940.4	49.0	18.0
5	2.3	364.95	767033.4	758667.5	48.9	22.8
Gradient optimization: MAXIMUMITERATION


sh3_pdz_combined_cluster1_iter19:

OpenMP: Using 6 of 6 threads
Alphabet length:21
15086 valid sequences out of 15086 
41 sites, none trimmed because no target specified
Theta not between 0 and 1, no sequence reweighting applied (N = 15086.00)
iter	time	cond	fx	-loglk	||h||	||e||
1	0.8	1486.38	1243480.2	1243441.0	48.1	1.0
2	1.2	670.83	1101277.0	1100991.9	48.1	4.0
3	1.6	488.48	1021505.9	1020699.8	48.1	7.0
4	1.9	643.26	916208.9	912601.5	47.9	15.0
5	2.3	537.54	852190.7	843184.6	47.7	23.7
Gradient optimization: MAXIMUMITERATION


Iteration 20:

sh3_pdz_combined_cluster0_iter20:

OpenMP: Using 6 of 6 threads
Alphabet length:21
14488 valid sequences out of 14488 
41 sites, none trimmed because no target specified
Theta not between 0 and 1, no sequence reweighting applied (N = 14488.00)
iter	time	cond	fx	-loglk	||h||	||e||
1	0.7	1305.47	1169275.6	1169235.2	49.4	1.0
2	1.1	642.40	1022560.2	1022204.7	49.4	4.5
3	1.5	529.74	929775.9	928714.4	49.3	8.1
4	1.8	1019.85	841822.1	836636.5	49.0	18.0
5	2.2	364.74	766792.0	758426.0	48.9	22.8
Gradient optimization: MAXIMUMITERATION


sh3_pdz_combined_cluster1_iter20:

OpenMP: Using 6 of 6 threads
Alphabet length:21
15090 valid sequences out of 15090 
41 sites, none trimmed because no target specified
Theta not between 0 and 1, no sequence reweighting applied (N = 15090.00)
iter	time	cond	fx	-loglk	||h||	||e||
1	0.8	1486.76	1243811.5	1243772.4	48.1	1.0
2	1.1	670.99	1101584.7	1101299.7	48.1	4.0
3	1.5	488.60	1021801.5	1020995.5	48.1	7.0
4	1.8	643.33	916474.7	912868.0	47.9	15.0
5	2.1	537.59	852429.0	843423.0	47.7	23.7
Gradient optimization: MAXIMUMITERATION


Iteration 21:

sh3_pdz_combined_cluster0_iter21:

OpenMP: Using 6 of 6 threads
Alphabet length:21
14481 valid sequences out of 14481 
41 sites, none trimmed because no target specified
Theta not between 0 and 1, no sequence reweighting applied (N = 14481.00)
iter	time	cond	fx	-loglk	||h||	||e||
1	0.8	1304.04	1168633.8	1168593.4	49.4	1.0
2	1.1	641.89	1021951.5	1021595.7	49.4	4.6
3	1.5	529.76	929154.6	928091.6	49.3	8.1
4	1.8	1018.51	841220.3	836029.0	49.0	18.0
5	2.2	364.38	766333.7	757967.0	48.9	22.8
Gradient optimization: MAXIMUMITERATION


sh3_pdz_combined_cluster1_iter21:

OpenMP: Using 6 of 6 threads
Alphabet length:21
15097 valid sequences out of 15097 
41 sites, none trimmed because no target specified
Theta not between 0 and 1, no sequence reweighting applied (N = 15097.00)
iter	time	cond	fx	-loglk	||h||	||e||
1	0.8	1487.47	1244414.9	1244375.7	48.1	1.0
2	1.2	671.27	1102139.7	1101854.6	48.1	4.0
3	1.5	488.81	1022339.1	1021533.3	48.1	7.0
4	1.9	643.63	916966.5	913361.2	47.9	15.0
5	2.2	537.45	852852.1	843847.2	47.7	23.7
Gradient optimization: MAXIMUMITERATION


Iteration 22:

sh3_pdz_combined_cluster0_iter22:

OpenMP: Using 6 of 6 threads
Alphabet length:21
14468 valid sequences out of 14468 
41 sites, none trimmed because no target specified
Theta not between 0 and 1, no sequence reweighting applied (N = 14468.00)
iter	time	cond	fx	-loglk	||h||	||e||
1	0.8	1301.59	1167466.2	1167425.8	49.4	1.0
2	1.1	641.04	1020839.0	1020482.6	49.4	4.6
3	1.5	529.69	928009.3	926943.6	49.3	8.1
4	1.8	1016.21	840099.8	834899.0	49.1	18.0
5	2.2	363.77	765437.0	757067.2	48.9	22.8
Gradient optimization: MAXIMUMITERATION


sh3_pdz_combined_cluster1_iter22:

OpenMP: Using 6 of 6 threads
Alphabet length:21
15110 valid sequences out of 15110 
41 sites, none trimmed because no target specified
Theta not between 0 and 1, no sequence reweighting applied (N = 15110.00)
iter	time	cond	fx	-loglk	||h||	||e||
1	0.8	1488.72	1245524.6	1245485.5	48.1	1.0
2	1.1	671.78	1103147.0	1102862.1	48.1	4.0
3	1.5	489.22	1023301.8	1022496.4	48.1	7.0
4	1.8	644.20	917820.8	914216.9	47.9	15.0
5	2.2	537.35	853573.0	844567.5	47.7	23.7
Gradient optimization: MAXIMUMITERATION


Iteration 23:

sh3_pdz_combined_cluster0_iter23:

OpenMP: Using 6 of 6 threads
Alphabet length:21
14459 valid sequences out of 14459 
41 sites, none trimmed because no target specified
Theta not between 0 and 1, no sequence reweighting applied (N = 14459.00)
iter	time	cond	fx	-loglk	||h||	||e||
1	0.8	1300.13	1166619.5	1166579.1	49.4	1.0
2	1.2	640.53	1020020.6	1019663.9	49.4	4.6
3	1.5	529.62	927178.0	926110.8	49.3	8.1
4	1.9	1014.66	839275.7	834070.2	49.1	18.0
5	2.2	363.34	764735.3	756363.7	49.0	22.8
Gradient optimization: MAXIMUMITERATION


sh3_pdz_combined_cluster1_iter23:

OpenMP: Using 6 of 6 threads
Alphabet length:21
15119 valid sequences out of 15119 
41 sites, none trimmed because no target specified
Theta not between 0 and 1, no sequence reweighting applied (N = 15119.00)
iter	time	cond	fx	-loglk	||h||	||e||
1	0.8	1489.77	1246340.2	1246301.1	48.1	1.0
2	1.2	672.17	1103904.7	1103619.8	48.1	4.0
3	1.5	489.52	1024043.5	1023238.4	48.1	7.0
4	1.9	644.71	918541.9	914939.4	47.9	15.0
5	2.2	537.11	854225.1	845224.0	47.7	23.7
Gradient optimization: MAXIMUMITERATION


Iteration 24:

sh3_pdz_combined_cluster0_iter24:

OpenMP: Using 6 of 6 threads
Alphabet length:21
14450 valid sequences out of 14450 
41 sites, none trimmed because no target specified
Theta not between 0 and 1, no sequence reweighting applied (N = 14450.00)
iter	time	cond	fx	-loglk	||h||	||e||
1	0.8	1298.78	1165777.7	1165737.3	49.4	1.0
2	1.1	640.11	1019212.4	1018855.2	49.4	4.6
3	1.5	529.83	926366.7	925297.7	49.3	8.1
4	1.8	1012.90	838446.5	833235.1	49.1	18.0
5	2.2	363.08	764115.9	755743.2	49.0	22.8
Gradient optimization: MAXIMUMITERATION


sh3_pdz_combined_cluster1_iter24:

OpenMP: Using 6 of 6 threads
Alphabet length:21
15128 valid sequences out of 15128 
41 sites, none trimmed because no target specified
Theta not between 0 and 1, no sequence reweighting applied (N = 15128.00)
iter	time	cond	fx	-loglk	||h||	||e||
1	0.8	1490.56	1247096.6	1247057.4	48.1	1.0
2	1.2	672.45	1104601.6	1104316.8	48.1	4.0
3	1.5	489.75	1024724.5	1023919.7	48.1	7.0
4	1.9	645.13	919183.5	915582.5	47.9	15.0
5	2.2	536.78	854766.3	845768.6	47.7	23.7
Gradient optimization: MAXIMUMITERATION


Iteration 25:

sh3_pdz_combined_cluster0_iter25:

OpenMP: Using 6 of 6 threads
Alphabet length:21
14443 valid sequences out of 14443 
41 sites, none trimmed because no target specified
Theta not between 0 and 1, no sequence reweighting applied (N = 14443.00)
iter	time	cond	fx	-loglk	||h||	||e||
1	0.8	1297.60	1165136.9	1165096.5	49.4	1.0
2	1.2	639.74	1018584.8	1018227.2	49.4	4.6
3	1.6	529.85	925715.0	924644.5	49.3	8.1
4	1.9	1011.54	837791.9	832575.4	49.1	18.0
5	2.2	362.67	763581.7	755206.5	49.0	22.8
Gradient optimization: MAXIMUMITERATION


sh3_pdz_combined_cluster1_iter25:

OpenMP: Using 6 of 6 threads
Alphabet length:21
15135 valid sequences out of 15135 
41 sites, none trimmed because no target specified
Theta not between 0 and 1, no sequence reweighting applied (N = 15135.00)
iter	time	cond	fx	-loglk	||h||	||e||
1	0.8	1491.34	1247700.3	1247661.1	48.1	1.0
2	1.2	672.71	1105166.6	1104881.9	48.1	4.0
3	1.5	489.94	1025285.4	1024481.1	48.1	7.0
4	1.9	645.35	919721.5	916122.8	47.9	14.9
5	2.2	536.51	855237.7	846243.9	47.7	23.7
Gradient optimization: MAXIMUMITERATION


Iteration 26:

sh3_pdz_combined_cluster0_iter26:

OpenMP: Using 6 of 6 threads
Alphabet length:21
14436 valid sequences out of 14436 
41 sites, none trimmed because no target specified
Theta not between 0 and 1, no sequence reweighting applied (N = 14436.00)
iter	time	cond	fx	-loglk	||h||	||e||
1	0.8	1296.83	1164506.1	1164465.6	49.5	1.0
2	1.2	639.47	1017974.5	1017616.6	49.4	4.6
3	1.5	529.75	925099.3	924027.9	49.3	8.1
4	1.9	1011.05	837190.3	831970.4	49.1	18.0
5	2.2	362.71	763050.8	754673.2	49.0	22.8
Gradient optimization: MAXIMUMITERATION


sh3_pdz_combined_cluster1_iter26:

OpenMP: Using 6 of 6 threads
Alphabet length:21
15142 valid sequences out of 15142 
41 sites, none trimmed because no target specified
Theta not between 0 and 1, no sequence reweighting applied (N = 15142.00)
iter	time	cond	fx	-loglk	||h||	||e||
1	0.8	1492.06	1248303.2	1248264.1	48.1	1.0
2	1.2	672.98	1105738.7	1105454.1	48.1	4.0
3	1.5	490.13	1025854.1	1025050.1	48.1	7.0
4	1.9	645.51	920268.5	916671.8	47.9	14.9
5	2.2	537.01	855773.3	846782.0	47.7	23.7
Gradient optimization: MAXIMUMITERATION


Iteration 27:

sh3_pdz_combined_cluster0_iter27:

OpenMP: Using 6 of 6 threads
Alphabet length:21
14434 valid sequences out of 14434 
41 sites, none trimmed because no target specified
Theta not between 0 and 1, no sequence reweighting applied (N = 14434.00)
iter	time	cond	fx	-loglk	||h||	||e||
1	0.8	1296.74	1164332.1	1164291.6	49.5	1.0
2	1.2	639.43	1017810.4	1017452.6	49.4	4.6
3	1.5	529.65	924935.3	923864.0	49.3	8.1
4	1.8	1011.21	837037.0	831816.6	49.1	18.0
5	2.2	362.78	762873.9	754495.1	49.0	22.9
Gradient optimization: MAXIMUMITERATION


sh3_pdz_combined_cluster1_iter27:

OpenMP: Using 6 of 6 threads
Alphabet length:21
15144 valid sequences out of 15144 
41 sites, none trimmed because no target specified
Theta not between 0 and 1, no sequence reweighting applied (N = 15144.00)
iter	time	cond	fx	-loglk	||h||	||e||
1	0.8	1492.21	1248476.6	1248437.4	48.1	1.0
2	1.2	673.03	1105904.6	1105620.0	48.1	4.0
3	1.6	490.17	1026019.3	1025215.3	48.1	7.0
4	1.9	645.56	920434.2	916837.8	47.9	14.9
5	2.2	537.23	855949.3	846959.0	47.7	23.7
Gradient optimization: MAXIMUMITERATION


Iteration 28:
TERMINATING: Repeated cluster assignments
