tuning/outputs/tuning_run_37/ created
tuning/outputs/tuning_run_37/iterations/ created
tuning/outputs/tuning_run_37/output/ created
{'msa-file-name': 'sh3_pdz_combined.fa', 'em_maxiter': 30, 'em_numclusters': 2, 'em_device': None, 'em_init': 'random', 'em_no_iter_print': 0, 'plmc': '../../plmc/bin/plmc', 'output': 'tuning/outputs/tuning_run_37', 'fast': 1, 'scale': None, 'theta': '0.8', 'lambdah': '0.01', 'lambdae': '16.0', 'lambdag': None, 'gapignore': 0, 'maxiter': '5', 'ncores': 6, 'gapignore_tune': '0', 'fast_tune': '1', 'em_iter_print': 1, 'iterations_dir': 'tuning/outputs/tuning_run_37/iterations/', 'final_dir': 'tuning/outputs/tuning_run_37/output/', 'output_dir': 'tuning/outputs/tuning_run_37/', 'plmc_options': ['-t 0.8', '-lh 0.01', '-le 16.0', '-m 5', '-n 6', '--fast'], 'device': device(type='cpu')}

Using cpu


Iteration 0:

sh3_pdz_combined_cluster0_iter0:

OpenMP: Using 6 of 6 threads
Alphabet length:21
14789 valid sequences out of 14789 
41 sites, none trimmed because no target specified
Clustering..........
Effective number of samples: 2.6	(20% identical neighborhood = 1.000 samples)
iter	time	obj	|x|	|g|	crit
1	0.1	300.9	0.0	0.0	0.0


sh3_pdz_combined_cluster1_iter0:

OpenMP: Using 6 of 6 threads
Alphabet length:21
14789 valid sequences out of 14789 
41 sites, none trimmed because no target specified
Clustering..........
Effective number of samples: 2.6	(20% identical neighborhood = 1.000 samples)
iter	time	obj	|x|	|g|	crit
1	0.1	298.6	0.0	0.0	0.0


Iteration 1:

sh3_pdz_combined_cluster0_iter1:

OpenMP: Using 6 of 6 threads
Alphabet length:21
15242 valid sequences out of 15242 
41 sites, none trimmed because no target specified
Clustering..........
Effective number of samples: 2.6	(20% identical neighborhood = 1.000 samples)
iter	time	obj	|x|	|g|	crit
1	0.1	298.4	0.0	0.0	0.0


sh3_pdz_combined_cluster1_iter1:

OpenMP: Using 6 of 6 threads
Alphabet length:21
14336 valid sequences out of 14336 
41 sites, none trimmed because no target specified
Clustering..........
Effective number of samples: 2.6	(20% identical neighborhood = 1.000 samples)
iter	time	obj	|x|	|g|	crit
1	0.1	301.8	0.0	0.0	0.0


Iteration 2:

sh3_pdz_combined_cluster0_iter2:

OpenMP: Using 6 of 6 threads
Alphabet length:21
14908 valid sequences out of 14908 
41 sites, none trimmed because no target specified
Clustering..........
Effective number of samples: 2.5	(20% identical neighborhood = 1.000 samples)
iter	time	obj	|x|	|g|	crit
1	0.1	297.3	0.0	0.0	0.0


sh3_pdz_combined_cluster1_iter2:

OpenMP: Using 6 of 6 threads
Alphabet length:21
14670 valid sequences out of 14670 
41 sites, none trimmed because no target specified
Clustering..........
Effective number of samples: 2.6	(20% identical neighborhood = 1.000 samples)
iter	time	obj	|x|	|g|	crit
1	0.1	298.5	0.0	0.0	0.0


Iteration 3:

sh3_pdz_combined_cluster0_iter3:

OpenMP: Using 6 of 6 threads
Alphabet length:21
14585 valid sequences out of 14585 
41 sites, none trimmed because no target specified
Clustering..........
Effective number of samples: 2.6	(20% identical neighborhood = 1.000 samples)
iter	time	obj	|x|	|g|	crit
1	0.1	300.3	0.0	0.0	0.0


sh3_pdz_combined_cluster1_iter3:

OpenMP: Using 6 of 6 threads
Alphabet length:21
14993 valid sequences out of 14993 
41 sites, none trimmed because no target specified
Clustering..........
Effective number of samples: 2.5	(20% identical neighborhood = 1.000 samples)
iter	time	obj	|x|	|g|	crit
1	0.1	295.0	0.0	0.0	0.0


Iteration 4:

sh3_pdz_combined_cluster0_iter4:

OpenMP: Using 6 of 6 threads
Alphabet length:21
15090 valid sequences out of 15090 
41 sites, none trimmed because no target specified
Clustering..........
Effective number of samples: 2.6	(20% identical neighborhood = 1.000 samples)
iter	time	obj	|x|	|g|	crit
1	0.1	302.1	0.0	0.0	0.0


sh3_pdz_combined_cluster1_iter4:

OpenMP: Using 6 of 6 threads
Alphabet length:21
14488 valid sequences out of 14488 
41 sites, none trimmed because no target specified
Clustering..........
Effective number of samples: 2.5	(20% identical neighborhood = 1.000 samples)
iter	time	obj	|x|	|g|	crit
1	0.1	292.6	0.0	0.0	0.0


Iteration 5:

sh3_pdz_combined_cluster0_iter5:

OpenMP: Using 6 of 6 threads
Alphabet length:21
15031 valid sequences out of 15031 
41 sites, none trimmed because no target specified
Clustering..........
Effective number of samples: 2.6	(20% identical neighborhood = 1.000 samples)
iter	time	obj	|x|	|g|	crit
1	0.1	303.3	0.0	0.0	0.0


sh3_pdz_combined_cluster1_iter5:

OpenMP: Using 6 of 6 threads
Alphabet length:21
14547 valid sequences out of 14547 
41 sites, none trimmed because no target specified
Clustering..........
Effective number of samples: 2.5	(20% identical neighborhood = 1.000 samples)
iter	time	obj	|x|	|g|	crit
1	0.1	290.9	0.0	0.0	0.0


Iteration 6:

sh3_pdz_combined_cluster0_iter6:

OpenMP: Using 6 of 6 threads
Alphabet length:21
14747 valid sequences out of 14747 
41 sites, none trimmed because no target specified
Clustering..........
Effective number of samples: 2.6	(20% identical neighborhood = 1.000 samples)
iter	time	obj	|x|	|g|	crit
1	0.1	304.5	0.0	0.0	0.0


sh3_pdz_combined_cluster1_iter6:

OpenMP: Using 6 of 6 threads
Alphabet length:21
14831 valid sequences out of 14831 
41 sites, none trimmed because no target specified
Clustering..........
Effective number of samples: 2.5	(20% identical neighborhood = 1.000 samples)
iter	time	obj	|x|	|g|	crit
1	0.1	290.2	0.0	0.0	0.0


Iteration 7:

sh3_pdz_combined_cluster0_iter7:

OpenMP: Using 6 of 6 threads
Alphabet length:21
14572 valid sequences out of 14572 
41 sites, none trimmed because no target specified
Clustering..........
Effective number of samples: 2.6	(20% identical neighborhood = 1.000 samples)
iter	time	obj	|x|	|g|	crit
1	0.1	306.4	0.0	0.0	0.0


sh3_pdz_combined_cluster1_iter7:

OpenMP: Using 6 of 6 threads
Alphabet length:21
15006 valid sequences out of 15006 
41 sites, none trimmed because no target specified
Clustering..........
Effective number of samples: 2.5	(20% identical neighborhood = 1.000 samples)
iter	time	obj	|x|	|g|	crit
1	0.1	288.5	0.0	0.0	0.0


Iteration 8:

sh3_pdz_combined_cluster0_iter8:

OpenMP: Using 6 of 6 threads
Alphabet length:21
14465 valid sequences out of 14465 
41 sites, none trimmed because no target specified
Clustering..........
Effective number of samples: 2.7	(20% identical neighborhood = 1.000 samples)
iter	time	obj	|x|	|g|	crit
1	0.1	313.0	0.0	0.0	0.0


sh3_pdz_combined_cluster1_iter8:

OpenMP: Using 6 of 6 threads
Alphabet length:21
15113 valid sequences out of 15113 
41 sites, none trimmed because no target specified
Clustering..........
Effective number of samples: 2.5	(20% identical neighborhood = 1.000 samples)
iter	time	obj	|x|	|g|	crit
1	0.1	288.5	0.0	0.0	0.0


Iteration 9:

sh3_pdz_combined_cluster0_iter9:

OpenMP: Using 6 of 6 threads
Alphabet length:21
14522 valid sequences out of 14522 
41 sites, none trimmed because no target specified
Clustering..........
Effective number of samples: 2.6	(20% identical neighborhood = 1.000 samples)
iter	time	obj	|x|	|g|	crit
1	0.1	309.2	0.0	0.0	0.0


sh3_pdz_combined_cluster1_iter9:

OpenMP: Using 6 of 6 threads
Alphabet length:21
15056 valid sequences out of 15056 
41 sites, none trimmed because no target specified
Clustering..........
Effective number of samples: 2.5	(20% identical neighborhood = 1.000 samples)
iter	time	obj	|x|	|g|	crit
1	0.1	286.6	0.0	0.0	0.0


Iteration 10:

sh3_pdz_combined_cluster0_iter10:

OpenMP: Using 6 of 6 threads
Alphabet length:21
14746 valid sequences out of 14746 
41 sites, none trimmed because no target specified
Clustering..........
Effective number of samples: 2.7	(20% identical neighborhood = 1.000 samples)
iter	time	obj	|x|	|g|	crit
1	0.1	311.6	0.0	0.0	0.0


sh3_pdz_combined_cluster1_iter10:

OpenMP: Using 6 of 6 threads
Alphabet length:21
14832 valid sequences out of 14832 
41 sites, none trimmed because no target specified
Clustering..........
Effective number of samples: 2.5	(20% identical neighborhood = 1.000 samples)
iter	time	obj	|x|	|g|	crit
1	0.1	286.8	0.0	0.0	0.0


Iteration 11:

sh3_pdz_combined_cluster0_iter11:

OpenMP: Using 6 of 6 threads
Alphabet length:21
14797 valid sequences out of 14797 
41 sites, none trimmed because no target specified
Clustering..........
Effective number of samples: 2.7	(20% identical neighborhood = 1.000 samples)
iter	time	obj	|x|	|g|	crit
1	0.1	310.1	0.0	0.0	0.0


sh3_pdz_combined_cluster1_iter11:

OpenMP: Using 6 of 6 threads
Alphabet length:21
14781 valid sequences out of 14781 
41 sites, none trimmed because no target specified
Clustering..........
Effective number of samples: 2.5	(20% identical neighborhood = 1.000 samples)
iter	time	obj	|x|	|g|	crit
1	0.1	285.6	0.0	0.0	0.0


Iteration 12:

sh3_pdz_combined_cluster0_iter12:

OpenMP: Using 6 of 6 threads
Alphabet length:21
14750 valid sequences out of 14750 
41 sites, none trimmed because no target specified
Clustering..........
Effective number of samples: 2.6	(20% identical neighborhood = 1.000 samples)
iter	time	obj	|x|	|g|	crit
1	0.1	307.3	0.0	0.0	0.0


sh3_pdz_combined_cluster1_iter12:

OpenMP: Using 6 of 6 threads
Alphabet length:21
14828 valid sequences out of 14828 
41 sites, none trimmed because no target specified
Clustering..........
Effective number of samples: 2.4	(20% identical neighborhood = 1.000 samples)
iter	time	obj	|x|	|g|	crit
1	0.1	284.3	0.0	0.0	0.0


Iteration 13:

sh3_pdz_combined_cluster0_iter13:

OpenMP: Using 6 of 6 threads
Alphabet length:21
14760 valid sequences out of 14760 
41 sites, none trimmed because no target specified
Clustering..........
Effective number of samples: 2.7	(20% identical neighborhood = 1.000 samples)
iter	time	obj	|x|	|g|	crit
1	0.1	309.8	0.0	0.0	0.0


sh3_pdz_combined_cluster1_iter13:

OpenMP: Using 6 of 6 threads
Alphabet length:21
14818 valid sequences out of 14818 
41 sites, none trimmed because no target specified
Clustering..........
Effective number of samples: 2.4	(20% identical neighborhood = 1.000 samples)
iter	time	obj	|x|	|g|	crit
1	0.1	283.5	0.0	0.0	0.0


Iteration 14:

sh3_pdz_combined_cluster0_iter14:

OpenMP: Using 6 of 6 threads
Alphabet length:21
14648 valid sequences out of 14648 
41 sites, none trimmed because no target specified
Clustering..........
Effective number of samples: 2.7	(20% identical neighborhood = 1.000 samples)
iter	time	obj	|x|	|g|	crit
1	0.2	309.6	0.0	0.0	0.0


sh3_pdz_combined_cluster1_iter14:

OpenMP: Using 6 of 6 threads
Alphabet length:21
14930 valid sequences out of 14930 
41 sites, none trimmed because no target specified
Clustering..........
Effective number of samples: 2.4	(20% identical neighborhood = 1.000 samples)
iter	time	obj	|x|	|g|	crit
1	0.1	281.9	0.0	0.0	0.0


Iteration 15:

sh3_pdz_combined_cluster0_iter15:

OpenMP: Using 6 of 6 threads
Alphabet length:21
14602 valid sequences out of 14602 
41 sites, none trimmed because no target specified
Clustering..........
Effective number of samples: 2.7	(20% identical neighborhood = 1.000 samples)
iter	time	obj	|x|	|g|	crit
1	0.1	312.5	0.0	0.0	0.0


sh3_pdz_combined_cluster1_iter15:

OpenMP: Using 6 of 6 threads
Alphabet length:21
14976 valid sequences out of 14976 
41 sites, none trimmed because no target specified
Clustering..........
Effective number of samples: 2.4	(20% identical neighborhood = 1.000 samples)
iter	time	obj	|x|	|g|	crit
1	0.1	281.3	0.0	0.0	0.0


Iteration 16:

sh3_pdz_combined_cluster0_iter16:

OpenMP: Using 6 of 6 threads
Alphabet length:21
14624 valid sequences out of 14624 
41 sites, none trimmed because no target specified
Clustering..........
Effective number of samples: 2.7	(20% identical neighborhood = 1.000 samples)
iter	time	obj	|x|	|g|	crit
1	0.1	313.7	0.0	0.0	0.0


sh3_pdz_combined_cluster1_iter16:

OpenMP: Using 6 of 6 threads
Alphabet length:21
14954 valid sequences out of 14954 
41 sites, none trimmed because no target specified
Clustering..........
Effective number of samples: 2.4	(20% identical neighborhood = 1.000 samples)
iter	time	obj	|x|	|g|	crit
1	0.1	280.5	0.0	0.0	0.0


Iteration 17:

sh3_pdz_combined_cluster0_iter17:

OpenMP: Using 6 of 6 threads
Alphabet length:21
14721 valid sequences out of 14721 
41 sites, none trimmed because no target specified
Clustering..........
Effective number of samples: 2.7	(20% identical neighborhood = 1.000 samples)
iter	time	obj	|x|	|g|	crit
1	0.1	312.5	0.0	0.0	0.0


sh3_pdz_combined_cluster1_iter17:

OpenMP: Using 6 of 6 threads
Alphabet length:21
14857 valid sequences out of 14857 
41 sites, none trimmed because no target specified
Clustering..........
Effective number of samples: 2.4	(20% identical neighborhood = 1.000 samples)
iter	time	obj	|x|	|g|	crit
1	0.1	281.0	0.0	0.0	0.0


Iteration 18:

sh3_pdz_combined_cluster0_iter18:

OpenMP: Using 6 of 6 threads
Alphabet length:21
14731 valid sequences out of 14731 
41 sites, none trimmed because no target specified
Clustering..........
Effective number of samples: 2.7	(20% identical neighborhood = 1.000 samples)
iter	time	obj	|x|	|g|	crit
1	0.1	309.6	0.0	0.0	0.0


sh3_pdz_combined_cluster1_iter18:

OpenMP: Using 6 of 6 threads
Alphabet length:21
14847 valid sequences out of 14847 
41 sites, none trimmed because no target specified
Clustering..........
Effective number of samples: 2.4	(20% identical neighborhood = 1.000 samples)
iter	time	obj	|x|	|g|	crit
1	0.1	280.0	0.0	0.0	0.0


Iteration 19:

sh3_pdz_combined_cluster0_iter19:

OpenMP: Using 6 of 6 threads
Alphabet length:21
14972 valid sequences out of 14972 
41 sites, none trimmed because no target specified
Clustering..........
Effective number of samples: 2.6	(20% identical neighborhood = 1.000 samples)
iter	time	obj	|x|	|g|	crit
1	0.1	306.4	0.0	0.0	0.0


sh3_pdz_combined_cluster1_iter19:

OpenMP: Using 6 of 6 threads
Alphabet length:21
14606 valid sequences out of 14606 
41 sites, none trimmed because no target specified
Clustering..........
Effective number of samples: 2.4	(20% identical neighborhood = 1.000 samples)
iter	time	obj	|x|	|g|	crit
1	0.1	280.1	0.0	0.0	0.0


Iteration 20:

sh3_pdz_combined_cluster0_iter20:

OpenMP: Using 6 of 6 threads
Alphabet length:21
15143 valid sequences out of 15143 
41 sites, none trimmed because no target specified
Clustering..........
Effective number of samples: 2.7	(20% identical neighborhood = 1.000 samples)
iter	time	obj	|x|	|g|	crit
1	0.1	313.7	0.0	0.0	0.0


sh3_pdz_combined_cluster1_iter20:

OpenMP: Using 6 of 6 threads
Alphabet length:21
14435 valid sequences out of 14435 
41 sites, none trimmed because no target specified
Clustering..........
Effective number of samples: 2.4	(20% identical neighborhood = 1.000 samples)
iter	time	obj	|x|	|g|	crit
1	0.1	279.6	0.0	0.0	0.0


Iteration 21:

sh3_pdz_combined_cluster0_iter21:

OpenMP: Using 6 of 6 threads
Alphabet length:21
15249 valid sequences out of 15249 
41 sites, none trimmed because no target specified
Clustering..........
Effective number of samples: 2.6	(20% identical neighborhood = 1.000 samples)
iter	time	obj	|x|	|g|	crit
1	0.1	305.2	0.0	0.0	0.0


sh3_pdz_combined_cluster1_iter21:

OpenMP: Using 6 of 6 threads
Alphabet length:21
14329 valid sequences out of 14329 
41 sites, none trimmed because no target specified
Clustering..........
Effective number of samples: 2.4	(20% identical neighborhood = 1.000 samples)
iter	time	obj	|x|	|g|	crit
1	0.1	279.5	0.0	0.0	0.0


Iteration 22:

sh3_pdz_combined_cluster0_iter22:

OpenMP: Using 6 of 6 threads
Alphabet length:21
15381 valid sequences out of 15381 
41 sites, none trimmed because no target specified
Clustering..........
Effective number of samples: 2.7	(20% identical neighborhood = 1.000 samples)
iter	time	obj	|x|	|g|	crit
1	0.1	314.7	0.0	0.0	0.0


sh3_pdz_combined_cluster1_iter22:

OpenMP: Using 6 of 6 threads
Alphabet length:21
14197 valid sequences out of 14197 
41 sites, none trimmed because no target specified
Clustering..........
Effective number of samples: 2.4	(20% identical neighborhood = 1.000 samples)
iter	time	obj	|x|	|g|	crit
1	0.1	278.9	0.0	0.0	0.0


Iteration 23:

sh3_pdz_combined_cluster0_iter23:

OpenMP: Using 6 of 6 threads
Alphabet length:21
15484 valid sequences out of 15484 
41 sites, none trimmed because no target specified
Clustering..........
Effective number of samples: 2.6	(20% identical neighborhood = 1.000 samples)
iter	time	obj	|x|	|g|	crit
1	0.1	309.1	0.0	0.0	0.0


sh3_pdz_combined_cluster1_iter23:

OpenMP: Using 6 of 6 threads
Alphabet length:21
14094 valid sequences out of 14094 
41 sites, none trimmed because no target specified
Clustering..........
Effective number of samples: 2.4	(20% identical neighborhood = 1.000 samples)
iter	time	obj	|x|	|g|	crit
1	0.1	278.5	0.0	0.0	0.0


Iteration 24:

sh3_pdz_combined_cluster0_iter24:

OpenMP: Using 6 of 6 threads
Alphabet length:21
15539 valid sequences out of 15539 
41 sites, none trimmed because no target specified
Clustering..........
Effective number of samples: 2.6	(20% identical neighborhood = 1.000 samples)
iter	time	obj	|x|	|g|	crit
1	0.1	306.9	0.0	0.0	0.0


sh3_pdz_combined_cluster1_iter24:

OpenMP: Using 6 of 6 threads
Alphabet length:21
14039 valid sequences out of 14039 
41 sites, none trimmed because no target specified
Clustering..........
Effective number of samples: 2.4	(20% identical neighborhood = 1.000 samples)
iter	time	obj	|x|	|g|	crit
1	0.1	277.5	0.0	0.0	0.0


Iteration 25:

sh3_pdz_combined_cluster0_iter25:

OpenMP: Using 6 of 6 threads
Alphabet length:21
15525 valid sequences out of 15525 
41 sites, none trimmed because no target specified
Clustering..........
Effective number of samples: 2.7	(20% identical neighborhood = 1.000 samples)
iter	time	obj	|x|	|g|	crit
1	0.1	311.9	0.0	0.0	0.0


sh3_pdz_combined_cluster1_iter25:

OpenMP: Using 6 of 6 threads
Alphabet length:21
14053 valid sequences out of 14053 
41 sites, none trimmed because no target specified
Clustering..........
Effective number of samples: 2.4	(20% identical neighborhood = 1.000 samples)
iter	time	obj	|x|	|g|	crit
1	0.1	277.0	0.0	0.0	0.0


Iteration 26:

sh3_pdz_combined_cluster0_iter26:

OpenMP: Using 6 of 6 threads
Alphabet length:21
15422 valid sequences out of 15422 
41 sites, none trimmed because no target specified
Clustering..........
Effective number of samples: 2.6	(20% identical neighborhood = 1.000 samples)
iter	time	obj	|x|	|g|	crit
1	0.1	309.2	0.0	0.0	0.0


sh3_pdz_combined_cluster1_iter26:

OpenMP: Using 6 of 6 threads
Alphabet length:21
14156 valid sequences out of 14156 
41 sites, none trimmed because no target specified
Clustering..........
Effective number of samples: 2.4	(20% identical neighborhood = 1.000 samples)
iter	time	obj	|x|	|g|	crit
1	0.1	276.8	0.0	0.0	0.0


Iteration 27:

sh3_pdz_combined_cluster0_iter27:

OpenMP: Using 6 of 6 threads
Alphabet length:21
15416 valid sequences out of 15416 
41 sites, none trimmed because no target specified
Clustering..........
Effective number of samples: 2.7	(20% identical neighborhood = 1.000 samples)
iter	time	obj	|x|	|g|	crit
1	0.1	320.0	0.0	0.0	0.0


sh3_pdz_combined_cluster1_iter27:

OpenMP: Using 6 of 6 threads
Alphabet length:21
14162 valid sequences out of 14162 
41 sites, none trimmed because no target specified
Clustering..........
Effective number of samples: 2.4	(20% identical neighborhood = 1.000 samples)
iter	time	obj	|x|	|g|	crit
1	0.1	277.3	0.0	0.0	0.0


Iteration 28:

sh3_pdz_combined_cluster0_iter28:

OpenMP: Using 6 of 6 threads
Alphabet length:21
15499 valid sequences out of 15499 
41 sites, none trimmed because no target specified
Clustering..........
Effective number of samples: 2.6	(20% identical neighborhood = 1.000 samples)
iter	time	obj	|x|	|g|	crit
1	0.1	308.7	0.0	0.0	0.0


sh3_pdz_combined_cluster1_iter28:

OpenMP: Using 6 of 6 threads
Alphabet length:21
14079 valid sequences out of 14079 
41 sites, none trimmed because no target specified
Clustering..........
Effective number of samples: 2.4	(20% identical neighborhood = 1.000 samples)
iter	time	obj	|x|	|g|	crit
1	0.1	276.3	0.0	0.0	0.0


Iteration 29:

sh3_pdz_combined_cluster0_iter29:

OpenMP: Using 6 of 6 threads
Alphabet length:21
15435 valid sequences out of 15435 
41 sites, none trimmed because no target specified
Clustering..........
Effective number of samples: 2.7	(20% identical neighborhood = 1.000 samples)
iter	time	obj	|x|	|g|	crit
1	0.1	312.3	0.0	0.0	0.0


sh3_pdz_combined_cluster1_iter29:

OpenMP: Using 6 of 6 threads
Alphabet length:21
14143 valid sequences out of 14143 
41 sites, none trimmed because no target specified
Clustering..........
Effective number of samples: 2.4	(20% identical neighborhood = 1.000 samples)
iter	time	obj	|x|	|g|	crit
1	0.1	276.4	0.0	0.0	0.0


Iteration 30:

sh3_pdz_combined_cluster0_iter30:

OpenMP: Using 6 of 6 threads
Alphabet length:21
15240 valid sequences out of 15240 
41 sites, none trimmed because no target specified
Clustering..........
Effective number of samples: 2.7	(20% identical neighborhood = 1.000 samples)
iter	time	obj	|x|	|g|	crit
1	0.1	314.0	0.0	0.0	0.0


sh3_pdz_combined_cluster1_iter30:

OpenMP: Using 6 of 6 threads
Alphabet length:21
14338 valid sequences out of 14338 
41 sites, none trimmed because no target specified
Clustering..........
Effective number of samples: 2.4	(20% identical neighborhood = 1.000 samples)
iter	time	obj	|x|	|g|	crit
1	0.1	276.0	0.0	0.0	0.0

