tuning/outputs/tuning_run_15/ created
tuning/outputs/tuning_run_15/iterations/ created
tuning/outputs/tuning_run_15/output/ created
{'msa-file-name': 'sh3_pdz_combined.fa', 'em_maxiter': 30, 'em_numclusters': 2, 'em_device': None, 'em_init': 'random', 'em_no_iter_print': 0, 'plmc': '../../plmc/bin/plmc', 'output': 'tuning/outputs/tuning_run_15', 'fast': 0, 'scale': None, 'theta': '0.8', 'lambdah': '0.01', 'lambdae': '16.0', 'lambdag': None, 'gapignore': 1, 'maxiter': '20', 'ncores': 6, 'gapignore_tune': '1', 'fast_tune': '0', 'em_iter_print': 1, 'iterations_dir': 'tuning/outputs/tuning_run_15/iterations/', 'final_dir': 'tuning/outputs/tuning_run_15/output/', 'output_dir': 'tuning/outputs/tuning_run_15/', 'plmc_options': ['-t 0.8', '-lh 0.01', '-le 16.0', '-m 20', '-n 6', '-g'], 'device': device(type='cpu')}

Using cpu


Iteration 0:

sh3_pdz_combined_cluster0_iter0:

OpenMP: Using 6 of 6 threads
Alphabet length:21
14789 valid sequences out of 14789 
41 sites, none trimmed because no target specified
Effective number of samples: 2.6	(20% identical neighborhood = 1.000 samples)
iter	time	cond	fx	-loglk	||h||	||e||
1	0.7	2.70	275.6	260.1	4.3	1.0
2	1.1	0.99	273.5	266.0	4.4	0.7
3	1.5	0.96	272.8	266.4	4.6	0.6
4	1.8	1.89	265.8	264.2	6.8	0.3
5	2.2	1.86	256.4	255.0	10.8	0.1
6	2.6	1.08	244.9	240.2	17.1	0.3
7	3.3	1.05	244.4	240.7	17.5	0.2
8	3.6	0.40	239.9	234.5	19.6	0.3
9	4.0	0.11	238.7	231.5	19.7	0.5
10	4.3	0.14	238.5	230.9	19.6	0.5
11	4.7	0.26	237.8	229.0	19.5	0.6
12	5.0	0.38	236.3	226.0	20.2	0.6
13	5.4	0.32	234.6	223.7	21.9	0.6
14	6.2	0.32	234.4	223.6	22.1	0.6
15	6.5	0.13	233.5	223.8	23.4	0.5
16	6.9	0.05	233.3	224.5	23.8	0.4
17	7.2	0.08	233.2	224.8	23.8	0.4
18	7.6	0.13	232.9	224.8	24.2	0.4
19	8.0	0.14	232.5	224.0	25.2	0.4
20	8.3	0.21	232.4	223.9	25.5	0.4
Gradient optimization: MAXIMUMITERATION


sh3_pdz_combined_cluster1_iter0:

OpenMP: Using 6 of 6 threads
Alphabet length:21
14789 valid sequences out of 14789 
41 sites, none trimmed because no target specified
Effective number of samples: 2.5	(20% identical neighborhood = 1.000 samples)
iter	time	cond	fx	-loglk	||h||	||e||
1	0.7	2.71	275.1	259.6	4.3	1.0
2	1.1	0.99	273.0	265.5	4.4	0.7
3	1.4	0.96	272.3	265.9	4.6	0.6
4	1.8	1.89	265.2	263.7	6.8	0.3
5	2.1	1.86	255.9	254.5	10.8	0.1
6	2.5	1.08	244.4	239.6	17.1	0.3
7	3.2	1.05	243.9	240.1	17.5	0.2
8	3.5	0.39	239.4	234.0	19.6	0.3
9	3.9	0.11	238.3	231.0	19.7	0.5
10	4.3	0.14	238.1	230.5	19.5	0.5
11	4.6	0.26	237.3	228.5	19.5	0.6
12	5.0	0.38	235.9	225.6	20.2	0.6
13	5.4	0.33	234.1	223.2	21.9	0.6
14	6.1	0.33	233.9	223.1	22.1	0.6
15	6.5	0.14	233.0	223.4	23.4	0.5
16	6.9	0.05	232.8	224.1	23.7	0.4
17	7.2	0.08	232.7	224.3	23.8	0.4
18	7.6	0.13	232.4	224.3	24.2	0.4
19	8.0	0.14	232.0	223.5	25.2	0.4
20	8.3	0.21	231.9	223.4	25.5	0.4
Gradient optimization: MAXIMUMITERATION


Iteration 1:

sh3_pdz_combined_cluster0_iter1:

OpenMP: Using 6 of 6 threads
Alphabet length:21
16345 valid sequences out of 16345 
41 sites, none trimmed because no target specified
Effective number of samples: 2.6	(20% identical neighborhood = 1.000 samples)
iter	time	cond	fx	-loglk	||h||	||e||
1	0.7	2.64	274.8	259.3	4.4	1.0
2	1.1	0.98	272.8	265.1	4.4	0.7
3	1.4	0.96	272.0	265.6	4.6	0.6
4	1.8	1.88	265.2	263.6	6.8	0.3
5	2.2	1.88	256.0	254.6	10.7	0.1
6	2.5	1.11	244.3	239.6	17.1	0.3
7	3.3	1.08	243.8	240.1	17.4	0.2
8	3.6	0.42	238.9	233.5	19.7	0.3
9	4.0	0.12	237.6	230.3	19.8	0.5
10	4.4	0.15	237.4	229.6	19.7	0.5
11	4.7	0.27	236.6	227.5	19.7	0.6
12	5.0	0.38	235.0	224.3	20.6	0.6
13	5.4	0.31	233.2	222.1	22.4	0.6
14	6.2	0.30	233.0	222.1	22.6	0.6
15	6.5	0.11	232.3	222.6	23.8	0.5
16	6.9	0.06	232.1	223.2	24.0	0.4
17	7.2	0.09	232.0	223.5	24.0	0.4
18	7.4	0.14	231.7	223.5	24.3	0.4
19	7.6	0.16	231.2	222.8	25.1	0.4
20	7.8	0.14	230.9	222.0	25.7	0.4
Gradient optimization: MAXIMUMITERATION


sh3_pdz_combined_cluster1_iter1:

OpenMP: Using 6 of 6 threads
Alphabet length:21
13233 valid sequences out of 13233 
41 sites, none trimmed because no target specified
Effective number of samples: 2.5	(20% identical neighborhood = 1.000 samples)
iter	time	cond	fx	-loglk	||h||	||e||
1	0.5	2.69	265.9	250.3	4.3	1.0
2	0.8	0.99	263.8	256.2	4.4	0.7
3	1.1	0.96	263.1	256.6	4.5	0.6
4	1.4	1.90	256.3	254.6	6.7	0.3
5	1.8	1.88	247.0	245.7	10.6	0.1
6	2.1	1.10	235.4	230.7	17.1	0.3
7	2.7	1.07	234.9	231.2	17.4	0.2
8	3.0	0.41	230.2	224.8	19.7	0.3
9	3.4	0.12	228.9	221.6	19.8	0.5
10	3.7	0.15	228.7	221.0	19.7	0.5
11	4.0	0.27	227.9	218.9	19.7	0.6
12	4.4	0.39	226.4	215.7	20.5	0.6
13	4.7	0.32	224.5	213.5	22.4	0.6
14	5.4	0.31	224.3	213.4	22.5	0.6
15	5.7	0.12	223.6	213.9	23.7	0.5
16	6.0	0.05	223.4	214.6	23.9	0.4
17	6.3	0.08	223.3	214.8	24.0	0.4
18	6.6	0.13	223.0	214.8	24.2	0.4
19	7.0	0.15	222.6	214.2	25.0	0.4
20	7.3	0.12	222.3	213.4	25.7	0.4
Gradient optimization: MAXIMUMITERATION


Iteration 2:

sh3_pdz_combined_cluster0_iter2:

OpenMP: Using 6 of 6 threads
Alphabet length:21
16373 valid sequences out of 16373 
41 sites, none trimmed because no target specified
Effective number of samples: 2.6	(20% identical neighborhood = 1.000 samples)
iter	time	cond	fx	-loglk	||h||	||e||
1	0.7	2.64	275.3	259.8	4.4	1.0
2	1.1	0.98	273.2	265.6	4.4	0.7
3	1.4	0.96	272.5	266.0	4.6	0.6
4	1.8	1.88	265.6	264.0	6.8	0.3
5	2.2	1.88	256.4	255.0	10.7	0.1
6	2.6	1.11	244.8	240.1	17.0	0.3
7	3.4	1.08	244.3	240.6	17.3	0.2
8	3.7	0.41	239.5	234.1	19.7	0.3
9	4.1	0.12	238.2	230.9	19.8	0.5
10	4.5	0.15	238.0	230.2	19.7	0.5
11	4.9	0.27	237.2	228.1	19.7	0.6
12	5.3	0.39	235.6	224.9	20.5	0.6
13	5.6	0.32	233.8	222.6	22.4	0.6
14	6.3	0.31	233.6	222.6	22.5	0.6
15	6.7	0.11	232.8	223.0	23.8	0.5
16	7.0	0.05	232.6	223.7	24.0	0.4
17	7.2	0.08	232.5	224.0	24.0	0.4
18	7.4	0.13	232.2	224.0	24.3	0.4
19	7.6	0.16	231.7	223.3	25.1	0.4
20	7.8	0.14	231.4	222.5	25.8	0.4
Gradient optimization: MAXIMUMITERATION


sh3_pdz_combined_cluster1_iter2:

OpenMP: Using 6 of 6 threads
Alphabet length:21
13205 valid sequences out of 13205 
41 sites, none trimmed because no target specified
Effective number of samples: 2.4	(20% identical neighborhood = 1.000 samples)
iter	time	cond	fx	-loglk	||h||	||e||
1	0.6	2.67	260.3	244.8	4.3	1.0
2	0.9	0.99	258.3	250.6	4.3	0.7
3	1.3	0.97	257.6	251.0	4.5	0.6
4	1.5	1.90	250.9	249.2	6.7	0.3
5	1.8	1.90	241.7	240.4	10.6	0.1
6	2.1	1.12	230.0	225.3	17.1	0.3
7	2.7	1.10	229.5	225.7	17.4	0.2
8	3.0	0.43	224.5	219.1	19.8	0.3
9	3.3	0.12	223.2	215.8	19.9	0.5
10	3.7	0.15	222.9	215.1	19.8	0.5
11	4.0	0.27	222.1	213.0	19.9	0.6
12	4.3	0.38	220.6	209.9	20.7	0.6
13	4.6	0.30	218.8	207.7	22.6	0.6
14	5.2	0.29	218.6	207.8	22.8	0.6
15	5.5	0.10	217.9	208.3	23.9	0.5
16	5.9	0.05	217.8	208.9	24.0	0.4
17	6.2	0.07	217.7	209.1	24.0	0.4
18	6.5	0.12	217.5	209.2	24.2	0.4
19	6.9	0.16	217.1	208.8	24.9	0.4
20	7.2	0.12	216.7	207.9	25.7	0.4
Gradient optimization: MAXIMUMITERATION


Iteration 3:

sh3_pdz_combined_cluster0_iter3:

OpenMP: Using 6 of 6 threads
Alphabet length:21
16820 valid sequences out of 16820 
41 sites, none trimmed because no target specified
Effective number of samples: 2.6	(20% identical neighborhood = 1.000 samples)
iter	time	cond	fx	-loglk	||h||	||e||
1	0.7	2.64	277.1	261.5	4.4	1.0
2	1.1	0.98	275.0	267.4	4.4	0.7
3	1.4	0.96	274.3	267.8	4.6	0.6
4	1.8	1.88	267.4	265.8	6.8	0.3
5	2.1	1.88	258.2	256.8	10.6	0.1
6	2.5	1.11	246.6	242.0	17.0	0.3
7	3.3	1.08	246.2	242.4	17.3	0.2
8	3.7	0.41	241.4	236.0	19.6	0.3
9	4.1	0.12	240.1	232.8	19.7	0.5
10	4.5	0.15	239.9	232.1	19.6	0.5
11	4.9	0.27	239.1	230.0	19.6	0.6
12	5.2	0.39	237.5	226.8	20.4	0.6
13	5.6	0.32	235.7	224.5	22.2	0.6
14	6.3	0.32	235.5	224.4	22.4	0.6
15	6.6	0.12	234.6	224.8	23.7	0.5
16	6.8	0.05	234.4	225.5	23.9	0.4
17	7.1	0.08	234.3	225.8	24.0	0.4
18	7.3	0.13	234.1	225.8	24.3	0.4
19	7.6	0.15	233.6	225.1	25.2	0.4
20	7.8	0.14	233.3	224.4	25.7	0.4
Gradient optimization: MAXIMUMITERATION


sh3_pdz_combined_cluster1_iter3:

OpenMP: Using 6 of 6 threads
Alphabet length:21
12758 valid sequences out of 12758 
41 sites, none trimmed because no target specified
Effective number of samples: 2.3	(20% identical neighborhood = 1.000 samples)
iter	time	cond	fx	-loglk	||h||	||e||
1	0.7	2.63	252.6	237.0	4.2	1.0
2	1.0	0.99	250.6	242.8	4.3	0.7
3	1.4	0.97	249.9	243.2	4.5	0.6
4	1.6	1.91	243.3	241.6	6.6	0.3
5	1.9	1.92	234.2	232.9	10.5	0.1
6	2.2	1.15	222.2	217.6	17.1	0.3
7	2.9	1.13	221.7	217.9	17.4	0.2
8	3.2	0.44	216.4	210.9	20.1	0.3
9	3.5	0.12	215.0	207.4	20.3	0.5
10	3.8	0.15	214.7	206.7	20.2	0.5
11	4.1	0.26	213.9	204.7	20.2	0.6
12	4.4	0.36	212.5	201.7	21.0	0.6
13	4.7	0.28	210.8	199.8	22.9	0.6
14	5.3	0.27	210.7	199.9	23.1	0.6
15	5.6	0.09	210.1	200.4	24.1	0.5
16	5.9	0.05	209.9	201.0	24.2	0.4
17	6.2	0.07	209.9	201.2	24.2	0.4
18	6.6	0.12	209.7	201.3	24.3	0.4
19	6.9	0.16	209.3	200.9	24.9	0.4
20	7.1	0.12	208.9	200.0	25.7	0.4
Gradient optimization: MAXIMUMITERATION


Iteration 4:

sh3_pdz_combined_cluster0_iter4:

OpenMP: Using 6 of 6 threads
Alphabet length:21
17166 valid sequences out of 17166 
41 sites, none trimmed because no target specified
Effective number of samples: 2.6	(20% identical neighborhood = 1.000 samples)
iter	time	cond	fx	-loglk	||h||	||e||
1	0.8	2.64	276.4	260.9	4.4	1.0
2	1.2	0.99	274.4	266.7	4.4	0.7
3	1.5	0.96	273.7	267.2	4.6	0.6
4	2.0	1.88	266.9	265.2	6.8	0.3
5	2.3	1.88	257.7	256.3	10.6	0.1
6	2.7	1.11	246.1	241.4	17.0	0.3
7	3.5	1.08	245.6	241.9	17.3	0.2
8	3.9	0.41	240.8	235.4	19.6	0.3
9	4.3	0.12	239.6	232.2	19.7	0.5
10	4.7	0.15	239.3	231.5	19.6	0.5
11	5.1	0.27	238.5	229.5	19.6	0.6
12	5.5	0.39	237.0	226.3	20.3	0.6
13	5.8	0.33	235.1	223.9	22.2	0.6
14	6.4	0.33	234.9	223.8	22.4	0.6
15	6.6	0.13	234.1	224.2	23.7	0.5
16	6.8	0.05	233.8	224.9	24.0	0.4
17	7.0	0.08	233.7	225.1	24.0	0.4
18	7.3	0.13	233.5	225.1	24.3	0.4
19	7.5	0.15	233.0	224.4	25.3	0.4
20	7.7	0.16	232.7	223.9	25.8	0.4
Gradient optimization: MAXIMUMITERATION


sh3_pdz_combined_cluster1_iter4:

OpenMP: Using 6 of 6 threads
Alphabet length:21
12412 valid sequences out of 12412 
41 sites, none trimmed because no target specified
Effective number of samples: 2.3	(20% identical neighborhood = 1.000 samples)
iter	time	cond	fx	-loglk	||h||	||e||
1	0.6	2.54	246.7	231.1	4.3	1.0
2	0.9	0.99	244.9	236.7	4.3	0.7
3	1.2	0.97	244.2	237.2	4.5	0.6
4	1.5	1.92	237.9	235.9	6.6	0.3
5	1.8	1.96	228.9	227.7	10.3	0.1
6	2.1	1.21	216.6	212.1	17.0	0.3
7	2.7	1.18	215.8	211.9	17.5	0.2
8	3.0	0.46	209.9	204.2	20.5	0.3
9	3.3	0.12	208.2	200.3	20.8	0.5
10	3.6	0.16	207.9	199.4	20.7	0.5
11	3.9	0.26	207.1	197.4	20.8	0.6
12	4.2	0.34	205.6	194.6	21.8	0.6
13	4.5	0.22	204.3	193.4	23.7	0.6
14	5.1	0.18	204.1	193.7	24.0	0.5
15	5.4	0.05	203.8	194.3	24.5	0.5
16	5.7	0.05	203.7	194.6	24.4	0.4
17	6.0	0.08	203.6	194.8	24.4	0.4
18	6.3	0.14	203.4	194.8	24.6	0.4
19	6.6	0.16	203.0	194.3	25.2	0.4
20	6.9	0.11	202.6	193.2	26.0	0.4
Gradient optimization: MAXIMUMITERATION


Iteration 5:

sh3_pdz_combined_cluster0_iter5:

OpenMP: Using 6 of 6 threads
Alphabet length:21
16567 valid sequences out of 16567 
41 sites, none trimmed because no target specified
Effective number of samples: 2.6	(20% identical neighborhood = 1.000 samples)
iter	time	cond	fx	-loglk	||h||	||e||
1	0.8	2.60	276.3	260.8	4.4	1.0
2	1.2	0.99	274.3	266.6	4.4	0.7
3	1.6	0.96	273.6	267.0	4.6	0.6
4	2.0	1.89	266.9	265.2	6.8	0.3
5	2.4	1.89	257.8	256.4	10.5	0.1
6	2.7	1.13	246.1	241.5	16.9	0.3
7	3.5	1.10	245.6	241.9	17.2	0.2
8	3.9	0.42	240.7	235.3	19.6	0.3
9	4.3	0.12	239.4	232.0	19.7	0.5
10	4.7	0.15	239.2	231.3	19.6	0.5
11	5.0	0.27	238.3	229.2	19.6	0.6
12	5.4	0.39	236.8	226.0	20.4	0.6
13	5.8	0.33	234.9	223.6	22.2	0.6
14	6.5	0.32	234.7	223.6	22.4	0.6
15	6.9	0.13	233.8	223.9	23.7	0.5
16	7.2	0.05	233.6	224.6	24.0	0.4
17	7.4	0.08	233.5	224.9	24.1	0.4
18	7.7	0.13	233.2	224.9	24.4	0.4
19	8.0	0.16	232.8	224.1	25.3	0.4
20	8.2	0.15	232.4	223.5	25.8	0.4
Gradient optimization: MAXIMUMITERATION


sh3_pdz_combined_cluster1_iter5:

OpenMP: Using 6 of 6 threads
Alphabet length:21
13011 valid sequences out of 13011 
41 sites, none trimmed because no target specified
Effective number of samples: 2.3	(20% identical neighborhood = 1.000 samples)
iter	time	cond	fx	-loglk	||h||	||e||
1	0.5	2.48	243.1	227.5	4.3	1.0
2	0.9	0.99	241.3	233.0	4.3	0.7
3	1.2	0.98	240.6	233.5	4.5	0.7
4	1.4	1.92	234.5	232.5	6.5	0.3
5	1.8	1.98	225.7	224.5	10.2	0.1
6	2.1	1.25	213.2	208.8	16.9	0.3
7	2.7	1.19	211.9	207.6	17.7	0.3
8	3.0	0.45	205.6	199.4	20.9	0.3
9	3.3	0.12	203.8	195.5	21.3	0.5
10	3.6	0.16	203.5	194.6	21.2	0.5
11	3.9	0.26	202.7	192.6	21.3	0.6
12	4.2	0.31	201.3	190.0	22.5	0.6
13	4.5	0.19	200.2	189.3	24.2	0.6
14	5.1	0.10	199.9	189.7	24.7	0.5
15	5.5	0.04	199.7	190.2	24.8	0.5
16	5.8	0.06	199.7	190.5	24.8	0.4
17	6.2	0.10	199.5	190.6	24.8	0.4
18	6.4	0.15	199.2	190.4	25.2	0.4
19	6.7	0.13	198.8	189.5	26.0	0.4
20	7.4	0.13	198.7	189.2	26.1	0.4
Gradient optimization: MAXIMUMITERATION


Iteration 6:

sh3_pdz_combined_cluster0_iter6:

OpenMP: Using 6 of 6 threads
Alphabet length:21
16045 valid sequences out of 16045 
41 sites, none trimmed because no target specified
Effective number of samples: 2.6	(20% identical neighborhood = 1.000 samples)
iter	time	cond	fx	-loglk	||h||	||e||
1	0.7	2.56	276.0	260.4	4.4	1.0
2	1.1	0.99	274.0	266.1	4.5	0.7
3	1.5	0.97	273.2	266.6	4.6	0.6
4	1.8	1.89	266.7	264.9	6.7	0.3
5	2.2	1.91	257.6	256.3	10.5	0.1
6	2.6	1.15	245.9	241.3	16.8	0.3
7	3.3	1.12	245.4	241.7	17.1	0.2
8	3.7	0.44	240.3	234.8	19.6	0.3
9	4.1	0.12	238.9	231.4	19.8	0.5
10	4.4	0.15	238.6	230.6	19.7	0.5
11	4.8	0.27	237.8	228.6	19.7	0.6
12	5.2	0.39	236.3	225.4	20.4	0.6
13	5.6	0.33	234.4	223.0	22.3	0.6
14	6.3	0.33	234.2	223.0	22.5	0.6
15	6.6	0.13	233.3	223.3	23.8	0.5
16	6.8	0.06	233.1	224.0	24.1	0.5
17	7.0	0.08	232.9	224.2	24.1	0.4
18	7.3	0.13	232.7	224.2	24.5	0.4
19	7.5	0.15	232.2	223.4	25.4	0.4
20	7.7	0.17	231.9	223.0	25.9	0.4
Gradient optimization: MAXIMUMITERATION


sh3_pdz_combined_cluster1_iter6:

OpenMP: Using 6 of 6 threads
Alphabet length:21
13533 valid sequences out of 13533 
41 sites, none trimmed because no target specified
Effective number of samples: 2.3	(20% identical neighborhood = 1.000 samples)
iter	time	cond	fx	-loglk	||h||	||e||
1	0.5	2.44	241.4	225.8	4.3	1.0
2	0.8	0.99	239.7	231.2	4.3	0.7
3	1.2	0.98	239.0	231.8	4.5	0.7
4	1.5	1.93	233.0	230.8	6.5	0.3
5	1.8	2.00	224.2	223.0	10.1	0.1
6	2.1	1.27	211.6	207.2	16.9	0.3
7	2.7	1.19	209.8	205.0	17.9	0.3
8	3.0	0.43	203.4	196.7	21.2	0.4
9	3.4	0.12	201.7	193.1	21.6	0.5
10	3.7	0.16	201.4	192.2	21.4	0.5
11	4.0	0.26	200.6	190.3	21.6	0.6
12	4.3	0.29	199.2	187.8	22.9	0.6
13	4.6	0.23	198.3	187.4	24.4	0.6
14	4.9	0.08	197.9	188.0	25.2	0.5
15	5.2	0.04	197.8	188.3	24.9	0.5
16	5.6	0.06	197.7	188.3	24.8	0.4
17	5.9	0.09	197.4	188.1	25.0	0.4
18	6.2	0.11	197.0	186.9	25.8	0.5
19	6.6	0.10	196.9	186.2	26.9	0.5
20	6.9	0.04	196.7	186.1	27.0	0.5
Gradient optimization: MAXIMUMITERATION


Iteration 7:

sh3_pdz_combined_cluster0_iter7:

OpenMP: Using 6 of 6 threads
Alphabet length:21
15494 valid sequences out of 15494 
41 sites, none trimmed because no target specified
Effective number of samples: 2.6	(20% identical neighborhood = 1.000 samples)
iter	time	cond	fx	-loglk	||h||	||e||
1	0.7	2.50	276.0	260.4	4.4	1.0
2	1.0	0.99	274.1	266.0	4.5	0.7
3	1.3	0.97	273.3	266.5	4.7	0.6
4	1.7	1.89	266.9	265.0	6.7	0.3
5	2.0	1.93	257.9	256.6	10.4	0.1
6	2.4	1.18	246.1	241.6	16.6	0.3
7	3.1	1.15	245.6	241.9	17.0	0.2
8	3.5	0.45	240.2	234.7	19.6	0.3
9	3.8	0.12	238.7	231.1	19.9	0.5
10	4.2	0.16	238.4	230.2	19.8	0.5
11	4.6	0.27	237.7	228.3	19.8	0.6
12	4.9	0.39	236.1	225.0	20.6	0.7
13	5.3	0.32	234.2	222.6	22.5	0.6
14	6.1	0.31	234.0	222.8	22.7	0.6
15	6.4	0.12	233.2	223.1	23.9	0.5
16	6.8	0.06	232.9	223.8	24.1	0.5
17	7.0	0.09	232.8	224.0	24.2	0.4
18	7.2	0.14	232.5	224.0	24.5	0.4
19	7.4	0.16	232.0	223.2	25.3	0.4
20	7.7	0.17	231.8	222.7	25.8	0.4
Gradient optimization: MAXIMUMITERATION


sh3_pdz_combined_cluster1_iter7:

OpenMP: Using 6 of 6 threads
Alphabet length:21
14084 valid sequences out of 14084 
41 sites, none trimmed because no target specified
Effective number of samples: 2.3	(20% identical neighborhood = 1.000 samples)
iter	time	cond	fx	-loglk	||h||	||e||
1	0.6	2.43	240.9	225.3	4.3	1.0
2	0.9	0.99	239.2	230.7	4.3	0.7
3	1.3	0.98	238.5	231.3	4.5	0.7
4	1.6	1.93	232.5	230.3	6.5	0.3
5	2.0	2.00	223.8	222.6	10.1	0.1
6	2.3	1.28	211.1	206.7	16.8	0.3
7	3.0	1.19	209.2	204.1	18.0	0.3
8	3.3	0.42	202.6	195.9	21.3	0.4
9	3.6	0.12	201.0	192.3	21.6	0.5
10	3.9	0.16	200.7	191.4	21.5	0.5
11	4.2	0.25	199.9	189.5	21.7	0.6
12	4.5	0.28	198.5	187.1	23.0	0.6
13	4.9	0.25	197.8	186.7	24.5	0.6
14	5.2	0.06	197.2	187.3	25.2	0.5
15	5.5	0.04	197.1	187.6	24.9	0.5
16	5.9	0.06	197.0	187.7	24.9	0.4
17	6.2	0.10	196.7	187.4	25.2	0.4
18	6.5	0.13	196.5	186.2	26.1	0.5
19	6.8	0.04	196.2	185.7	26.8	0.5
20	7.1	0.03	196.2	185.5	27.1	0.5
Gradient optimization: MAXIMUMITERATION


Iteration 8:

sh3_pdz_combined_cluster0_iter8:

OpenMP: Using 6 of 6 threads
Alphabet length:21
15195 valid sequences out of 15195 
41 sites, none trimmed because no target specified
Effective number of samples: 2.6	(20% identical neighborhood = 1.000 samples)
iter	time	cond	fx	-loglk	||h||	||e||
1	0.7	2.45	276.0	260.5	4.4	1.0
2	1.0	0.99	274.2	266.0	4.5	0.7
3	1.4	0.97	273.4	266.5	4.7	0.6
4	1.8	1.89	267.2	265.2	6.7	0.3
5	2.1	1.94	258.3	257.0	10.3	0.1
6	2.4	1.20	246.4	241.9	16.5	0.3
7	3.1	1.17	245.8	242.1	16.9	0.2
8	3.5	0.47	240.2	234.6	19.7	0.3
9	3.9	0.12	238.6	230.8	20.1	0.5
10	4.2	0.16	238.3	229.9	19.9	0.5
11	4.6	0.27	237.5	227.9	20.0	0.6
12	4.9	0.39	235.9	224.6	20.8	0.7
13	5.3	0.31	234.1	222.5	22.7	0.6
14	6.0	0.29	233.9	222.7	22.9	0.6
15	6.4	0.10	233.1	223.2	24.0	0.5
16	6.7	0.06	232.9	223.7	24.1	0.5
17	7.1	0.09	232.8	224.0	24.1	0.4
18	7.4	0.14	232.5	224.0	24.4	0.4
19	7.6	0.17	232.1	223.3	25.1	0.4
20	7.8	0.15	231.7	222.5	25.7	0.4
Gradient optimization: MAXIMUMITERATION


sh3_pdz_combined_cluster1_iter8:

OpenMP: Using 6 of 6 threads
Alphabet length:21
14383 valid sequences out of 14383 
41 sites, none trimmed because no target specified
Effective number of samples: 2.3	(20% identical neighborhood = 1.000 samples)
iter	time	cond	fx	-loglk	||h||	||e||
1	0.5	2.43	240.6	225.0	4.3	1.0
2	0.9	0.99	238.9	230.4	4.3	0.7
3	1.2	0.98	238.2	230.9	4.5	0.7
4	1.5	1.93	232.2	230.0	6.5	0.3
5	1.9	2.00	223.5	222.2	10.1	0.1
6	2.2	1.28	210.7	206.4	16.8	0.3
7	2.9	1.18	208.8	203.7	18.0	0.3
8	3.3	0.42	202.3	195.5	21.3	0.4
9	3.6	0.12	200.7	192.0	21.7	0.5
10	4.0	0.16	200.4	191.1	21.5	0.5
11	4.4	0.25	199.5	189.2	21.7	0.6
12	4.7	0.28	198.2	186.8	23.0	0.6
13	5.1	0.24	197.4	186.4	24.5	0.6
14	5.5	0.06	196.9	186.9	25.2	0.5
15	5.8	0.04	196.8	187.2	24.9	0.5
16	6.2	0.06	196.7	187.4	24.9	0.4
17	6.5	0.10	196.4	187.1	25.2	0.4
18	6.9	0.13	196.2	185.8	26.1	0.5
19	7.2	0.04	195.9	185.4	26.8	0.5
20	7.6	0.03	195.8	185.1	27.1	0.5
Gradient optimization: MAXIMUMITERATION


Iteration 9:

sh3_pdz_combined_cluster0_iter9:

OpenMP: Using 6 of 6 threads
Alphabet length:21
15112 valid sequences out of 15112 
41 sites, none trimmed because no target specified
Effective number of samples: 2.6	(20% identical neighborhood = 1.000 samples)
iter	time	cond	fx	-loglk	||h||	||e||
1	0.7	2.43	276.1	260.6	4.4	1.0
2	1.1	0.99	274.3	266.1	4.5	0.7
3	1.4	0.97	273.5	266.6	4.7	0.6
4	1.8	1.89	267.4	265.3	6.6	0.3
5	2.2	1.94	258.5	257.2	10.2	0.1
6	2.5	1.21	246.5	242.1	16.5	0.3
7	3.2	1.18	245.9	242.2	16.9	0.2
8	3.6	0.47	240.2	234.6	19.7	0.3
9	3.9	0.13	238.6	230.7	20.1	0.5
10	4.3	0.16	238.3	229.7	20.0	0.5
11	4.6	0.28	237.5	227.7	20.1	0.6
12	4.9	0.38	235.8	224.4	21.0	0.7
13	5.3	0.29	234.1	222.4	22.9	0.6
14	6.0	0.27	233.8	222.7	23.1	0.6
15	6.4	0.09	233.2	223.3	24.0	0.5
16	6.7	0.06	233.0	223.8	24.1	0.5
17	7.1	0.09	232.9	224.0	24.1	0.4
18	7.4	0.14	232.6	224.1	24.3	0.4
19	7.8	0.17	232.1	223.4	24.9	0.4
20	8.0	0.13	231.8	222.4	25.7	0.4
Gradient optimization: MAXIMUMITERATION


sh3_pdz_combined_cluster1_iter9:

OpenMP: Using 6 of 6 threads
Alphabet length:21
14466 valid sequences out of 14466 
41 sites, none trimmed because no target specified
Effective number of samples: 2.3	(20% identical neighborhood = 1.000 samples)
iter	time	cond	fx	-loglk	||h||	||e||
1	0.8	2.42	240.5	224.9	4.3	1.0
2	1.1	0.99	238.8	230.3	4.3	0.7
3	1.5	0.98	238.1	230.9	4.5	0.7
4	1.8	1.93	232.2	230.0	6.5	0.3
5	2.1	2.01	223.4	222.2	10.1	0.1
6	2.5	1.28	210.7	206.4	16.8	0.3
7	3.2	1.18	208.7	203.5	18.0	0.3
8	3.6	0.42	202.2	195.4	21.3	0.4
9	3.9	0.12	200.6	191.9	21.7	0.5
10	4.3	0.16	200.3	191.0	21.6	0.5
11	4.6	0.25	199.5	189.1	21.7	0.6
12	4.9	0.28	198.1	186.7	23.0	0.6
13	5.3	0.25	197.3	186.3	24.6	0.6
14	5.7	0.06	196.8	186.8	25.2	0.5
15	6.0	0.04	196.7	187.2	24.9	0.5
16	6.4	0.06	196.6	187.3	24.9	0.4
17	6.7	0.10	196.3	187.0	25.3	0.4
18	7.1	0.13	196.1	185.7	26.2	0.5
19	7.4	0.04	195.8	185.3	26.9	0.5
20	7.8	0.03	195.8	185.0	27.1	0.5
Gradient optimization: MAXIMUMITERATION


Iteration 10:

sh3_pdz_combined_cluster0_iter10:

OpenMP: Using 6 of 6 threads
Alphabet length:21
15062 valid sequences out of 15062 
41 sites, none trimmed because no target specified
Effective number of samples: 2.6	(20% identical neighborhood = 1.000 samples)
iter	time	cond	fx	-loglk	||h||	||e||
1	0.7	2.42	276.4	260.8	4.4	1.0
2	1.0	0.99	274.6	266.3	4.5	0.7
3	1.4	0.97	273.8	266.9	4.7	0.6
4	1.7	1.88	267.6	265.6	6.6	0.3
5	2.1	1.95	258.8	257.4	10.2	0.1
6	2.4	1.21	246.8	242.4	16.5	0.3
7	3.1	1.18	246.1	242.4	16.9	0.2
8	3.5	0.47	240.4	234.8	19.8	0.3
9	3.9	0.13	238.7	230.8	20.2	0.5
10	4.2	0.17	238.4	229.8	20.1	0.5
11	4.5	0.28	237.5	227.7	20.1	0.6
12	4.9	0.38	235.9	224.3	21.1	0.7
13	5.3	0.28	234.2	222.5	23.1	0.6
14	6.0	0.25	233.9	222.9	23.3	0.6
15	6.4	0.07	233.3	223.5	24.1	0.5
16	6.7	0.06	233.2	224.0	24.1	0.5
17	7.1	0.09	233.1	224.2	24.1	0.4
18	7.5	0.15	232.8	224.2	24.3	0.4
19	7.7	0.17	232.4	223.6	24.9	0.4
20	7.9	0.13	232.0	222.5	25.7	0.4
Gradient optimization: MAXIMUMITERATION


sh3_pdz_combined_cluster1_iter10:

OpenMP: Using 6 of 6 threads
Alphabet length:21
14516 valid sequences out of 14516 
41 sites, none trimmed because no target specified
Effective number of samples: 2.3	(20% identical neighborhood = 1.000 samples)
iter	time	cond	fx	-loglk	||h||	||e||
1	0.6	2.42	240.3	224.6	4.3	1.0
2	0.9	0.99	238.6	230.0	4.3	0.7
3	1.2	0.98	237.8	230.6	4.5	0.7
4	1.6	1.93	231.9	229.7	6.5	0.3
5	1.9	2.01	223.2	221.9	10.1	0.1
6	2.2	1.28	210.4	206.1	16.8	0.3
7	2.9	1.18	208.4	203.1	18.1	0.4
8	3.3	0.41	201.9	195.0	21.4	0.4
9	3.7	0.12	200.3	191.5	21.7	0.5
10	4.0	0.16	200.0	190.7	21.6	0.5
11	4.4	0.25	199.1	188.8	21.7	0.6
12	4.7	0.28	197.8	186.4	23.0	0.6
13	5.1	0.25	197.1	185.9	24.6	0.6
14	5.5	0.05	196.5	186.5	25.2	0.5
15	5.8	0.04	196.4	186.9	24.9	0.5
16	6.2	0.07	196.3	187.0	24.9	0.4
17	6.6	0.10	196.0	186.7	25.3	0.4
18	6.9	0.13	195.8	185.5	26.2	0.5
19	7.3	0.04	195.5	185.0	26.9	0.5
20	7.6	0.03	195.5	184.7	27.1	0.5
Gradient optimization: MAXIMUMITERATION


Iteration 11:

sh3_pdz_combined_cluster0_iter11:

OpenMP: Using 6 of 6 threads
Alphabet length:21
15038 valid sequences out of 15038 
41 sites, none trimmed because no target specified
Effective number of samples: 2.6	(20% identical neighborhood = 1.000 samples)
iter	time	cond	fx	-loglk	||h||	||e||
1	0.7	2.43	275.2	259.6	4.4	1.0
2	1.0	0.98	273.4	265.1	4.5	0.7
3	1.4	0.97	272.6	265.7	4.7	0.6
4	1.7	1.88	266.4	264.4	6.6	0.3
5	2.1	1.94	257.6	256.3	10.2	0.1
6	2.5	1.21	245.6	241.2	16.5	0.3
7	3.2	1.18	244.9	241.2	16.9	0.2
8	3.6	0.47	239.2	233.6	19.8	0.3
9	3.9	0.13	237.5	229.5	20.2	0.5
10	4.3	0.17	237.2	228.5	20.1	0.5
11	4.7	0.28	236.3	226.4	20.2	0.6
12	5.0	0.38	234.7	223.1	21.2	0.7
13	5.4	0.27	233.0	221.4	23.1	0.6
14	6.1	0.24	232.7	221.8	23.4	0.6
15	6.5	0.07	232.2	222.4	24.2	0.5
16	6.8	0.06	232.1	222.8	24.2	0.5
17	7.2	0.09	232.0	223.0	24.1	0.4
18	7.4	0.15	231.7	223.1	24.3	0.4
19	7.7	0.17	231.2	222.5	24.9	0.4
20	7.9	0.13	230.8	221.4	25.7	0.4
Gradient optimization: MAXIMUMITERATION


sh3_pdz_combined_cluster1_iter11:

OpenMP: Using 6 of 6 threads
Alphabet length:21
14540 valid sequences out of 14540 
41 sites, none trimmed because no target specified
Effective number of samples: 2.2	(20% identical neighborhood = 1.000 samples)
iter	time	cond	fx	-loglk	||h||	||e||
1	0.6	2.41	240.1	224.5	4.3	1.0
2	0.9	0.99	238.4	229.8	4.3	0.7
3	1.2	0.98	237.7	230.4	4.5	0.7
4	1.6	1.93	231.8	229.6	6.4	0.3
5	1.9	2.01	223.0	221.8	10.1	0.1
6	2.3	1.29	210.3	206.0	16.8	0.3
7	2.9	1.18	208.2	202.8	18.1	0.4
8	3.3	0.41	201.6	194.7	21.4	0.4
9	3.6	0.12	200.1	191.3	21.7	0.5
10	3.9	0.16	199.8	190.4	21.6	0.5
11	4.2	0.25	198.9	188.5	21.7	0.6
12	4.6	0.28	197.5	186.2	23.1	0.6
13	4.9	0.26	196.9	185.7	24.6	0.6
14	5.2	0.05	196.3	186.3	25.1	0.5
15	5.6	0.04	196.2	186.7	24.9	0.5
16	5.9	0.07	196.1	186.8	24.9	0.4
17	6.3	0.10	195.8	186.6	25.3	0.4
18	6.7	0.12	195.5	185.4	26.2	0.5
19	7.0	0.04	195.3	184.7	27.0	0.5
20	7.4	0.02	195.3	184.5	27.2	0.5
Gradient optimization: MAXIMUMITERATION


Iteration 12:

sh3_pdz_combined_cluster0_iter12:

OpenMP: Using 6 of 6 threads
Alphabet length:21
15034 valid sequences out of 15034 
41 sites, none trimmed because no target specified
Effective number of samples: 2.6	(20% identical neighborhood = 1.000 samples)
iter	time	cond	fx	-loglk	||h||	||e||
1	0.7	2.42	274.0	258.4	4.4	1.0
2	1.0	0.98	272.2	263.9	4.5	0.7
3	1.4	0.97	271.4	264.5	4.7	0.6
4	1.8	1.88	265.3	263.2	6.6	0.3
5	2.1	1.95	256.4	255.1	10.2	0.1
6	2.5	1.21	244.4	240.1	16.5	0.3
7	3.2	1.19	243.7	240.1	16.9	0.2
8	3.5	0.47	238.0	232.3	19.8	0.3
9	3.9	0.13	236.3	228.3	20.3	0.5
10	4.2	0.17	235.9	227.3	20.1	0.5
11	4.6	0.28	235.1	225.1	20.2	0.6
12	4.9	0.37	233.4	221.8	21.2	0.7
13	5.3	0.26	231.8	220.2	23.2	0.6
14	6.0	0.23	231.5	220.6	23.5	0.6
15	6.3	0.06	231.0	221.2	24.2	0.5
16	6.7	0.06	230.9	221.6	24.2	0.5
17	7.0	0.09	230.8	221.9	24.2	0.4
18	7.4	0.15	230.5	221.9	24.3	0.4
19	7.5	0.17	230.1	221.3	24.9	0.4
20	7.7	0.13	229.6	220.2	25.7	0.4
Gradient optimization: MAXIMUMITERATION


sh3_pdz_combined_cluster1_iter12:

OpenMP: Using 6 of 6 threads
Alphabet length:21
14544 valid sequences out of 14544 
41 sites, none trimmed because no target specified
Effective number of samples: 2.2	(20% identical neighborhood = 1.000 samples)
iter	time	cond	fx	-loglk	||h||	||e||
1	0.6	2.41	240.0	224.4	4.3	1.0
2	0.9	0.99	238.3	229.7	4.3	0.7
3	1.2	0.98	237.6	230.3	4.5	0.7
4	1.6	1.93	231.7	229.5	6.4	0.3
5	1.9	2.01	223.0	221.8	10.1	0.1
6	2.3	1.29	210.2	205.9	16.8	0.3
7	2.9	1.18	208.0	202.5	18.1	0.4
8	3.3	0.41	201.5	194.4	21.4	0.4
9	3.7	0.12	199.9	191.1	21.7	0.5
10	4.0	0.16	199.6	190.2	21.6	0.5
11	4.4	0.25	198.8	188.4	21.8	0.6
12	4.7	0.28	197.4	186.0	23.1	0.6
13	5.0	0.27	196.8	185.5	24.6	0.6
14	5.4	0.05	196.2	186.1	25.1	0.5
15	5.8	0.04	196.1	186.5	24.9	0.5
16	6.1	0.07	196.0	186.7	24.9	0.4
17	6.4	0.11	195.7	186.5	25.3	0.4
18	6.8	0.10	195.3	185.4	26.1	0.4
19	7.1	0.11	195.3	184.3	27.4	0.5
20	7.5	0.03	195.1	184.3	27.2	0.5
Gradient optimization: MAXIMUMITERATION


Iteration 13:

sh3_pdz_combined_cluster0_iter13:

OpenMP: Using 6 of 6 threads
Alphabet length:21
15071 valid sequences out of 15071 
41 sites, none trimmed because no target specified
Effective number of samples: 2.6	(20% identical neighborhood = 1.000 samples)
iter	time	cond	fx	-loglk	||h||	||e||
1	0.8	2.41	274.1	258.5	4.4	1.0
2	1.1	0.98	272.3	264.0	4.5	0.7
3	1.5	0.97	271.5	264.5	4.7	0.6
4	1.8	1.88	265.4	263.3	6.6	0.3
5	2.2	1.95	256.6	255.3	10.2	0.1
6	2.5	1.22	244.6	240.2	16.5	0.3
7	3.2	1.19	243.8	240.2	16.9	0.2
8	3.6	0.47	238.0	232.4	19.9	0.3
9	3.9	0.13	236.3	228.2	20.3	0.5
10	4.3	0.17	236.0	227.2	20.2	0.5
11	4.6	0.28	235.1	225.0	20.3	0.6
12	5.0	0.37	233.4	221.7	21.4	0.7
13	5.3	0.25	231.8	220.2	23.4	0.6
14	6.0	0.21	231.5	220.7	23.6	0.6
15	6.4	0.06	231.1	221.3	24.2	0.5
16	6.7	0.06	231.0	221.7	24.2	0.5
17	7.1	0.09	230.9	221.9	24.2	0.4
18	7.4	0.15	230.6	222.0	24.3	0.4
19	7.8	0.17	230.1	221.4	24.9	0.4
20	8.0	0.13	229.7	220.1	25.8	0.4
Gradient optimization: MAXIMUMITERATION


sh3_pdz_combined_cluster1_iter13:

OpenMP: Using 6 of 6 threads
Alphabet length:21
14507 valid sequences out of 14507 
41 sites, none trimmed because no target specified
Effective number of samples: 2.2	(20% identical neighborhood = 1.000 samples)
iter	time	cond	fx	-loglk	||h||	||e||
1	0.6	2.40	239.8	224.2	4.3	1.0
2	0.9	0.99	238.1	229.5	4.3	0.7
3	1.2	0.98	237.4	230.1	4.5	0.7
4	1.5	1.93	231.5	229.2	6.4	0.3
5	1.9	2.02	222.8	221.5	10.0	0.1
6	2.2	1.29	210.0	205.7	16.8	0.3
7	2.9	1.17	207.7	202.0	18.2	0.4
8	3.3	0.40	201.1	194.0	21.5	0.4
9	3.6	0.12	199.6	190.7	21.8	0.5
10	4.0	0.16	199.3	189.9	21.6	0.5
11	4.3	0.25	198.5	188.0	21.8	0.6
12	4.7	0.28	197.1	185.7	23.1	0.6
13	5.0	0.28	196.5	185.1	24.6	0.6
14	5.3	0.05	195.9	185.8	25.1	0.5
15	5.7	0.04	195.8	186.2	24.9	0.5
16	6.0	0.07	195.7	186.4	24.9	0.4
17	6.4	0.11	195.4	186.3	25.3	0.4
18	6.7	0.09	195.0	185.2	26.1	0.4
19	7.4	0.08	194.9	184.8	26.6	0.4
20	7.8	0.03	194.8	184.1	27.1	0.5
Gradient optimization: MAXIMUMITERATION


Iteration 14:

sh3_pdz_combined_cluster0_iter14:

OpenMP: Using 6 of 6 threads
Alphabet length:21
15117 valid sequences out of 15117 
41 sites, none trimmed because no target specified
Effective number of samples: 2.6	(20% identical neighborhood = 1.000 samples)
iter	time	cond	fx	-loglk	||h||	||e||
1	0.7	2.41	274.1	258.5	4.4	1.0
2	1.1	0.98	272.3	264.0	4.5	0.7
3	1.4	0.97	271.5	264.5	4.7	0.6
4	1.8	1.88	265.4	263.3	6.6	0.3
5	2.1	1.95	256.6	255.2	10.2	0.1
6	2.5	1.22	244.6	240.2	16.5	0.3
7	3.2	1.19	243.8	240.1	16.9	0.2
8	3.6	0.47	238.0	232.4	19.9	0.3
9	3.9	0.13	236.3	228.2	20.3	0.5
10	4.2	0.17	236.0	227.2	20.2	0.5
11	4.6	0.28	235.1	225.0	20.3	0.6
12	5.0	0.37	233.4	221.7	21.3	0.7
13	5.3	0.25	231.8	220.2	23.3	0.6
14	6.1	0.22	231.6	220.7	23.6	0.6
15	6.4	0.06	231.1	221.3	24.2	0.5
16	6.8	0.06	231.0	221.7	24.2	0.5
17	7.1	0.09	230.9	221.9	24.2	0.4
18	7.5	0.15	230.6	222.0	24.3	0.4
19	7.7	0.17	230.1	221.4	24.9	0.4
20	7.9	0.13	229.7	220.1	25.7	0.4
Gradient optimization: MAXIMUMITERATION


sh3_pdz_combined_cluster1_iter14:

OpenMP: Using 6 of 6 threads
Alphabet length:21
14461 valid sequences out of 14461 
41 sites, none trimmed because no target specified
Effective number of samples: 2.2	(20% identical neighborhood = 1.000 samples)
iter	time	cond	fx	-loglk	||h||	||e||
1	0.6	2.40	239.5	223.9	4.3	1.0
2	0.9	0.99	237.9	229.3	4.3	0.7
3	1.2	0.98	237.1	229.9	4.5	0.7
4	1.6	1.93	231.3	229.0	6.4	0.3
5	1.9	2.02	222.6	221.4	10.0	0.1
6	2.3	1.30	209.8	205.5	16.8	0.3
7	2.9	1.17	207.4	201.6	18.2	0.4
8	3.3	0.40	200.8	193.6	21.5	0.4
9	3.6	0.11	199.3	190.4	21.8	0.5
10	4.0	0.16	199.0	189.6	21.7	0.5
11	4.3	0.25	198.2	187.8	21.8	0.6
12	4.6	0.27	196.8	185.5	23.2	0.6
13	4.9	0.29	196.3	184.8	24.7	0.6
14	5.2	0.06	195.6	185.5	25.1	0.5
15	5.6	0.04	195.5	185.9	24.9	0.5
16	5.9	0.07	195.4	186.1	25.0	0.4
17	6.2	0.11	195.2	186.0	25.3	0.4
18	6.6	0.09	194.8	185.1	26.1	0.4
19	7.3	0.09	194.7	184.7	26.5	0.4
20	7.6	0.04	194.6	183.9	27.1	0.5
Gradient optimization: MAXIMUMITERATION


Iteration 15:

sh3_pdz_combined_cluster0_iter15:

OpenMP: Using 6 of 6 threads
Alphabet length:21
15127 valid sequences out of 15127 
41 sites, none trimmed because no target specified
Effective number of samples: 2.6	(20% identical neighborhood = 1.000 samples)
iter	time	cond	fx	-loglk	||h||	||e||
1	0.6	2.41	273.8	258.3	4.4	1.0
2	1.0	0.98	272.0	263.7	4.5	0.7
3	1.4	0.97	271.3	264.3	4.7	0.6
4	1.7	1.88	265.2	263.1	6.6	0.3
5	2.1	1.95	256.4	255.1	10.2	0.1
6	2.4	1.22	244.4	240.0	16.5	0.3
7	3.1	1.19	243.6	239.9	17.0	0.2
8	3.4	0.47	237.8	232.1	19.9	0.3
9	3.8	0.13	236.0	227.9	20.3	0.5
10	4.2	0.17	235.7	226.9	20.2	0.5
11	4.5	0.28	234.8	224.7	20.3	0.6
12	4.9	0.37	233.2	221.4	21.4	0.7
13	5.2	0.24	231.6	220.0	23.4	0.6
14	5.9	0.21	231.3	220.5	23.6	0.6
15	6.3	0.06	230.9	221.1	24.3	0.5
16	6.7	0.06	230.8	221.5	24.2	0.5
17	7.0	0.09	230.7	221.7	24.2	0.4
18	7.4	0.15	230.4	221.7	24.3	0.4
19	7.7	0.18	229.9	221.1	24.9	0.4
20	8.0	0.13	229.5	219.8	25.8	0.4
Gradient optimization: MAXIMUMITERATION


sh3_pdz_combined_cluster1_iter15:

OpenMP: Using 6 of 6 threads
Alphabet length:21
14451 valid sequences out of 14451 
41 sites, none trimmed because no target specified
Effective number of samples: 2.2	(20% identical neighborhood = 1.000 samples)
iter	time	cond	fx	-loglk	||h||	||e||
1	0.6	2.39	239.5	223.9	4.3	1.0
2	1.0	0.99	237.9	229.2	4.3	0.7
3	1.3	0.98	237.1	229.8	4.5	0.7
4	1.6	1.93	231.3	229.0	6.4	0.3
5	1.9	2.02	222.6	221.3	10.0	0.1
6	2.3	1.30	209.8	205.5	16.8	0.3
7	2.9	1.17	207.3	201.4	18.2	0.4
8	3.3	0.39	200.8	193.5	21.5	0.4
9	3.7	0.11	199.3	190.4	21.8	0.5
10	4.0	0.16	199.0	189.5	21.7	0.5
11	4.3	0.25	198.2	187.7	21.8	0.6
12	4.7	0.27	196.8	185.4	23.2	0.6
13	5.0	0.29	196.3	184.6	24.7	0.6
14	5.4	0.06	195.6	185.5	25.1	0.5
15	5.7	0.04	195.5	185.9	24.9	0.5
16	6.1	0.07	195.4	186.1	25.0	0.4
17	6.4	0.11	195.1	186.0	25.3	0.4
18	6.8	0.10	194.7	185.0	26.1	0.4
19	7.4	0.10	194.7	184.7	26.5	0.4
20	7.8	0.04	194.5	183.9	27.1	0.5
Gradient optimization: MAXIMUMITERATION


Iteration 16:

sh3_pdz_combined_cluster0_iter16:

OpenMP: Using 6 of 6 threads
Alphabet length:21
15129 valid sequences out of 15129 
41 sites, none trimmed because no target specified
Effective number of samples: 2.6	(20% identical neighborhood = 1.000 samples)
iter	time	cond	fx	-loglk	||h||	||e||
1	0.7	2.41	273.2	257.7	4.4	1.0
2	1.1	0.98	271.5	263.1	4.5	0.7
3	1.4	0.97	270.7	263.7	4.7	0.6
4	1.8	1.88	264.6	262.5	6.6	0.3
5	2.1	1.95	255.8	254.5	10.2	0.1
6	2.5	1.22	243.8	239.5	16.5	0.3
7	3.2	1.19	243.0	239.3	17.0	0.2
8	3.6	0.47	237.1	231.5	19.9	0.3
9	4.0	0.13	235.4	227.3	20.3	0.5
10	4.4	0.17	235.1	226.3	20.2	0.5
11	4.8	0.28	234.2	224.0	20.3	0.6
12	5.1	0.37	232.6	220.8	21.4	0.7
13	5.5	0.24	231.0	219.4	23.4	0.6
14	6.2	0.20	230.7	219.9	23.7	0.6
15	6.6	0.05	230.3	220.5	24.3	0.5
16	7.0	0.06	230.2	220.9	24.2	0.5
17	7.3	0.09	230.1	221.1	24.2	0.4
18	7.7	0.15	229.8	221.1	24.3	0.4
19	8.0	0.18	229.3	220.5	24.9	0.4
20	8.3	0.13	228.9	219.2	25.8	0.4
Gradient optimization: MAXIMUMITERATION


sh3_pdz_combined_cluster1_iter16:

OpenMP: Using 6 of 6 threads
Alphabet length:21
14449 valid sequences out of 14449 
41 sites, none trimmed because no target specified
Effective number of samples: 2.2	(20% identical neighborhood = 1.000 samples)
iter	time	cond	fx	-loglk	||h||	||e||
1	0.6	2.39	239.6	224.0	4.3	1.0
2	0.9	0.99	237.9	229.3	4.3	0.7
3	1.3	0.98	237.2	229.9	4.5	0.7
4	1.6	1.93	231.3	229.1	6.4	0.3
5	2.0	2.02	222.6	221.4	10.0	0.1
6	2.3	1.30	209.8	205.5	16.8	0.3
7	3.0	1.17	207.4	201.4	18.3	0.4
8	3.4	0.39	200.8	193.5	21.6	0.4
9	3.7	0.11	199.3	190.4	21.8	0.5
10	4.0	0.16	199.0	189.6	21.7	0.5
11	4.4	0.25	198.2	187.7	21.8	0.6
12	4.7	0.27	196.8	185.5	23.2	0.6
13	5.1	0.29	196.3	184.6	24.7	0.6
14	5.4	0.06	195.6	185.5	25.1	0.5
15	5.8	0.04	195.5	185.9	25.0	0.5
16	6.1	0.07	195.4	186.1	25.0	0.4
17	6.5	0.11	195.2	186.0	25.3	0.4
18	6.8	0.09	194.8	185.1	26.1	0.4
19	7.5	0.10	194.7	184.8	26.5	0.4
20	8.0	0.04	194.5	183.9	27.1	0.5
Gradient optimization: MAXIMUMITERATION


Iteration 17:

sh3_pdz_combined_cluster0_iter17:

OpenMP: Using 6 of 6 threads
Alphabet length:21
15101 valid sequences out of 15101 
41 sites, none trimmed because no target specified
Effective number of samples: 2.6	(20% identical neighborhood = 1.000 samples)
iter	time	cond	fx	-loglk	||h||	||e||
1	0.7	2.39	272.8	257.3	4.4	1.0
2	1.1	0.98	271.1	262.7	4.5	0.7
3	1.4	0.97	270.3	263.3	4.7	0.7
4	1.8	1.88	264.3	262.2	6.6	0.3
5	2.1	1.96	255.5	254.2	10.2	0.1
6	2.5	1.23	243.5	239.2	16.5	0.3
7	3.2	1.20	242.6	238.9	17.0	0.2
8	3.6	0.47	236.7	230.9	20.0	0.3
9	3.9	0.13	234.9	226.7	20.4	0.5
10	4.3	0.17	234.5	225.6	20.3	0.5
11	4.6	0.29	233.6	223.3	20.5	0.6
12	5.0	0.36	232.0	220.1	21.6	0.7
13	5.3	0.23	230.4	218.9	23.6	0.6
14	6.0	0.18	230.2	219.4	23.9	0.6
15	6.4	0.05	229.8	220.1	24.3	0.5
16	6.7	0.06	229.8	220.4	24.3	0.5
17	7.1	0.09	229.6	220.6	24.3	0.4
18	7.4	0.15	229.3	220.6	24.4	0.4
19	7.8	0.17	228.8	219.9	24.9	0.4
20	8.0	0.16	228.5	218.4	26.0	0.5
Gradient optimization: MAXIMUMITERATION


sh3_pdz_combined_cluster1_iter17:

OpenMP: Using 6 of 6 threads
Alphabet length:21
14477 valid sequences out of 14477 
41 sites, none trimmed because no target specified
Effective number of samples: 2.2	(20% identical neighborhood = 1.000 samples)
iter	time	cond	fx	-loglk	||h||	||e||
1	0.6	2.39	239.6	224.0	4.3	1.0
2	0.9	0.99	237.9	229.3	4.4	0.7
3	1.3	0.98	237.2	229.9	4.5	0.7
4	1.6	1.93	231.4	229.1	6.4	0.3
5	1.9	2.02	222.7	221.4	10.0	0.1
6	2.3	1.30	209.8	205.5	16.8	0.3
7	3.0	1.17	207.4	201.4	18.3	0.4
8	3.4	0.39	200.8	193.5	21.6	0.4
9	3.7	0.11	199.3	190.4	21.8	0.5
10	4.1	0.16	199.0	189.5	21.7	0.5
11	4.5	0.25	198.2	187.7	21.8	0.6
12	4.9	0.28	196.8	185.4	23.2	0.6
13	5.2	0.29	196.3	184.6	24.7	0.6
14	5.5	0.06	195.6	185.5	25.1	0.5
15	5.9	0.04	195.5	185.9	25.0	0.5
16	6.2	0.07	195.4	186.1	25.0	0.4
17	6.6	0.11	195.1	186.0	25.3	0.4
18	6.9	0.09	194.8	185.0	26.1	0.4
19	7.7	0.10	194.7	184.7	26.5	0.4
20	8.0	0.04	194.5	183.9	27.1	0.5
Gradient optimization: MAXIMUMITERATION


Iteration 18:

sh3_pdz_combined_cluster0_iter18:

OpenMP: Using 6 of 6 threads
Alphabet length:21
15084 valid sequences out of 15084 
41 sites, none trimmed because no target specified
Effective number of samples: 2.6	(20% identical neighborhood = 1.000 samples)
iter	time	cond	fx	-loglk	||h||	||e||
1	0.7	2.39	272.6	257.0	4.4	1.0
2	1.0	0.98	270.8	262.4	4.5	0.7
3	1.4	0.97	270.0	263.0	4.7	0.7
4	1.7	1.88	264.0	261.9	6.6	0.3
5	2.1	1.96	255.3	254.0	10.2	0.1
6	2.4	1.23	243.2	238.9	16.5	0.3
7	3.1	1.20	242.4	238.7	17.0	0.2
8	3.5	0.47	236.4	230.6	20.0	0.3
9	3.8	0.13	234.6	226.4	20.4	0.5
10	4.1	0.17	234.3	225.3	20.3	0.5
11	4.5	0.29	233.4	223.0	20.5	0.6
12	4.8	0.36	231.7	219.8	21.6	0.7
13	5.2	0.22	230.2	218.6	23.6	0.6
14	5.8	0.17	229.9	219.2	23.9	0.6
15	6.2	0.05	229.6	219.8	24.4	0.5
16	6.5	0.06	229.5	220.1	24.3	0.5
17	6.9	0.10	229.4	220.4	24.3	0.4
18	7.2	0.16	229.1	220.3	24.4	0.4
19	7.6	0.17	228.6	219.7	25.0	0.4
20	7.9	0.18	228.3	218.1	26.0	0.5
Gradient optimization: MAXIMUMITERATION


sh3_pdz_combined_cluster1_iter18:

OpenMP: Using 6 of 6 threads
Alphabet length:21
14494 valid sequences out of 14494 
41 sites, none trimmed because no target specified
Effective number of samples: 2.2	(20% identical neighborhood = 1.000 samples)
iter	time	cond	fx	-loglk	||h||	||e||
1	0.7	2.39	239.7	224.1	4.3	1.0
2	1.1	0.99	238.0	229.4	4.4	0.7
3	1.4	0.98	237.3	230.0	4.5	0.7
4	1.8	1.93	231.4	229.2	6.4	0.3
5	2.1	2.02	222.7	221.5	10.0	0.1
6	2.4	1.30	209.9	205.6	16.8	0.3
7	3.1	1.17	207.5	201.5	18.2	0.4
8	3.5	0.39	200.9	193.6	21.6	0.4
9	3.8	0.11	199.4	190.5	21.8	0.5
10	4.2	0.16	199.1	189.6	21.7	0.5
11	4.5	0.25	198.3	187.8	21.8	0.6
12	4.9	0.28	196.9	185.5	23.2	0.6
13	5.2	0.28	196.4	184.7	24.7	0.6
14	5.6	0.06	195.7	185.5	25.1	0.5
15	5.9	0.04	195.6	185.9	25.0	0.5
16	6.3	0.07	195.5	186.1	25.0	0.4
17	6.6	0.11	195.2	186.0	25.3	0.4
18	7.0	0.09	194.8	185.0	26.1	0.4
19	7.7	0.09	194.7	184.7	26.6	0.4
20	8.0	0.03	194.6	183.9	27.2	0.5
Gradient optimization: MAXIMUMITERATION


Iteration 19:

sh3_pdz_combined_cluster0_iter19:

OpenMP: Using 6 of 6 threads
Alphabet length:21
15074 valid sequences out of 15074 
41 sites, none trimmed because no target specified
Effective number of samples: 2.6	(20% identical neighborhood = 1.000 samples)
iter	time	cond	fx	-loglk	||h||	||e||
1	0.7	2.38	272.3	256.8	4.4	1.0
2	1.0	0.98	270.6	262.2	4.5	0.7
3	1.4	0.97	269.8	262.8	4.7	0.7
4	1.7	1.88	263.8	261.7	6.6	0.3
5	2.1	1.96	255.1	253.8	10.2	0.1
6	2.4	1.24	243.0	238.7	16.5	0.3
7	3.1	1.20	242.1	238.4	17.0	0.2
8	3.4	0.47	236.1	230.4	20.0	0.3
9	3.8	0.13	234.3	226.1	20.5	0.5
10	4.1	0.17	234.0	225.0	20.4	0.6
11	4.4	0.29	233.1	222.7	20.5	0.6
12	4.8	0.36	231.4	219.5	21.7	0.7
13	5.1	0.21	229.9	218.4	23.7	0.6
14	5.8	0.17	229.6	219.0	24.0	0.6
15	6.2	0.05	229.4	219.6	24.4	0.5
16	6.5	0.06	229.3	219.9	24.3	0.5
17	6.9	0.10	229.2	220.1	24.3	0.4
18	7.3	0.16	228.8	220.1	24.4	0.4
19	7.6	0.17	228.3	219.4	25.0	0.4
20	7.8	0.21	228.2	217.7	26.1	0.5
Gradient optimization: MAXIMUMITERATION


sh3_pdz_combined_cluster1_iter19:

OpenMP: Using 6 of 6 threads
Alphabet length:21
14504 valid sequences out of 14504 
41 sites, none trimmed because no target specified
Effective number of samples: 2.2	(20% identical neighborhood = 1.000 samples)
iter	time	cond	fx	-loglk	||h||	||e||
1	0.6	2.39	239.6	224.0	4.3	1.0
2	0.9	0.99	238.0	229.3	4.4	0.7
3	1.3	0.98	237.2	229.9	4.5	0.7
4	1.6	1.93	231.4	229.1	6.4	0.3
5	1.9	2.02	222.7	221.5	10.0	0.1
6	2.3	1.30	209.9	205.6	16.8	0.3
7	2.9	1.17	207.4	201.5	18.2	0.4
8	3.3	0.39	200.9	193.6	21.6	0.4
9	3.6	0.11	199.3	190.4	21.8	0.5
10	3.9	0.16	199.1	189.6	21.7	0.5
11	4.3	0.25	198.2	187.8	21.8	0.6
12	4.6	0.28	196.8	185.5	23.2	0.6
13	4.9	0.28	196.3	184.7	24.7	0.6
14	5.3	0.06	195.6	185.5	25.1	0.5
15	5.7	0.04	195.5	185.9	25.0	0.5
16	6.0	0.07	195.4	186.1	25.0	0.4
17	6.4	0.11	195.2	186.0	25.3	0.4
18	6.7	0.09	194.8	185.0	26.1	0.4
19	7.4	0.08	194.7	184.6	26.6	0.4
20	7.7	0.03	194.6	183.8	27.2	0.5
Gradient optimization: MAXIMUMITERATION


Iteration 20:

sh3_pdz_combined_cluster0_iter20:

OpenMP: Using 6 of 6 threads
Alphabet length:21
15055 valid sequences out of 15055 
41 sites, none trimmed because no target specified
Effective number of samples: 2.6	(20% identical neighborhood = 1.000 samples)
iter	time	cond	fx	-loglk	||h||	||e||
1	0.7	2.39	271.9	256.3	4.4	1.0
2	1.1	0.98	270.1	261.7	4.5	0.7
3	1.4	0.97	269.4	262.3	4.7	0.7
4	1.7	1.88	263.4	261.2	6.6	0.3
5	2.1	1.96	254.6	253.3	10.1	0.1
6	2.4	1.24	242.6	238.3	16.5	0.3
7	3.1	1.20	241.7	237.9	17.0	0.2
8	3.5	0.47	235.7	229.9	20.0	0.3
9	3.8	0.13	233.9	225.6	20.5	0.5
10	4.1	0.17	233.5	224.5	20.4	0.6
11	4.5	0.29	232.6	222.2	20.5	0.6
12	4.8	0.35	231.0	219.1	21.7	0.7
13	5.1	0.21	229.5	218.0	23.7	0.6
14	5.8	0.16	229.2	218.6	24.0	0.6
15	6.1	0.05	229.0	219.2	24.4	0.5
16	6.5	0.06	228.9	219.5	24.3	0.5
17	6.8	0.10	228.8	219.7	24.3	0.4
18	7.2	0.16	228.4	219.7	24.5	0.4
19	7.5	0.17	227.9	218.9	25.0	0.4
20	7.9	0.22	227.8	217.2	26.1	0.5
Gradient optimization: MAXIMUMITERATION


sh3_pdz_combined_cluster1_iter20:

OpenMP: Using 6 of 6 threads
Alphabet length:21
14523 valid sequences out of 14523 
41 sites, none trimmed because no target specified
Effective number of samples: 2.2	(20% identical neighborhood = 1.000 samples)
iter	time	cond	fx	-loglk	||h||	||e||
1	0.7	2.39	239.7	224.1	4.3	1.0
2	1.0	0.99	238.1	229.4	4.4	0.7
3	1.4	0.98	237.3	230.0	4.5	0.7
4	1.7	1.93	231.5	229.2	6.4	0.3
5	2.1	2.02	222.8	221.5	10.0	0.1
6	2.4	1.30	209.9	205.6	16.8	0.3
7	3.1	1.17	207.5	201.6	18.2	0.4
8	3.4	0.39	200.9	193.7	21.6	0.4
9	3.7	0.11	199.4	190.5	21.8	0.5
10	4.0	0.16	199.1	189.7	21.7	0.5
11	4.4	0.25	198.3	187.8	21.8	0.6
12	4.7	0.28	196.9	185.6	23.2	0.6
13	5.1	0.28	196.4	184.7	24.7	0.6
14	5.4	0.06	195.7	185.6	25.2	0.5
15	5.8	0.04	195.6	186.0	25.0	0.5
16	6.1	0.07	195.5	186.2	25.0	0.4
17	6.5	0.11	195.2	186.0	25.3	0.4
18	6.8	0.09	194.9	185.0	26.2	0.4
19	7.5	0.08	194.8	184.6	26.7	0.4
20	7.9	0.03	194.6	183.9	27.2	0.5
Gradient optimization: MAXIMUMITERATION


Iteration 21:

sh3_pdz_combined_cluster0_iter21:

OpenMP: Using 6 of 6 threads
Alphabet length:21
15009 valid sequences out of 15009 
41 sites, none trimmed because no target specified
Effective number of samples: 2.6	(20% identical neighborhood = 1.000 samples)
iter	time	cond	fx	-loglk	||h||	||e||
1	0.7	2.38	270.9	255.4	4.4	1.0
2	1.0	0.98	269.2	260.7	4.5	0.7
3	1.4	0.97	268.4	261.4	4.7	0.7
4	1.7	1.89	262.5	260.3	6.6	0.3
5	2.1	1.97	253.7	252.5	10.1	0.1
6	2.4	1.24	241.7	237.4	16.5	0.3
7	3.1	1.21	240.7	236.9	17.0	0.2
8	3.4	0.47	234.6	228.8	20.1	0.3
9	3.8	0.13	232.8	224.5	20.5	0.5
10	4.2	0.18	232.5	223.4	20.4	0.6
11	4.5	0.29	231.5	221.1	20.6	0.6
12	4.9	0.35	229.9	218.0	21.8	0.7
13	5.2	0.20	228.5	217.1	23.8	0.6
14	5.9	0.14	228.2	217.7	24.1	0.5
15	6.3	0.05	228.0	218.3	24.4	0.5
16	6.6	0.06	227.9	218.5	24.4	0.5
17	7.0	0.11	227.8	218.7	24.3	0.4
18	7.3	0.16	227.4	218.6	24.6	0.4
19	7.6	0.17	226.9	217.8	25.2	0.4
20	8.0	0.17	226.8	217.3	25.5	0.4
Gradient optimization: MAXIMUMITERATION


sh3_pdz_combined_cluster1_iter21:

OpenMP: Using 6 of 6 threads
Alphabet length:21
14569 valid sequences out of 14569 
41 sites, none trimmed because no target specified
Effective number of samples: 2.2	(20% identical neighborhood = 1.000 samples)
iter	time	cond	fx	-loglk	||h||	||e||
1	0.6	2.39	239.9	224.3	4.3	1.0
2	0.9	0.99	238.3	229.6	4.4	0.7
3	1.2	0.98	237.5	230.2	4.5	0.7
4	1.6	1.93	231.7	229.4	6.4	0.3
5	1.9	2.02	223.0	221.8	10.0	0.1
6	2.2	1.30	210.2	205.9	16.8	0.3
7	2.9	1.17	207.8	201.8	18.2	0.4
8	3.3	0.40	201.2	193.9	21.5	0.4
9	3.6	0.11	199.6	190.7	21.8	0.5
10	3.9	0.16	199.3	189.9	21.7	0.5
11	4.3	0.25	198.5	188.0	21.8	0.6
12	4.7	0.28	197.1	185.8	23.2	0.6
13	5.0	0.28	196.6	185.0	24.7	0.6
14	5.4	0.06	195.9	185.8	25.2	0.5
15	5.7	0.04	195.8	186.2	25.0	0.5
16	6.1	0.07	195.7	186.4	25.0	0.4
17	6.4	0.11	195.4	186.2	25.3	0.4
18	6.8	0.09	195.1	185.2	26.2	0.4
19	7.4	0.08	194.9	184.8	26.7	0.4
20	7.8	0.03	194.8	184.1	27.2	0.5
Gradient optimization: MAXIMUMITERATION


Iteration 22:

sh3_pdz_combined_cluster0_iter22:

OpenMP: Using 6 of 6 threads
Alphabet length:21
14866 valid sequences out of 14866 
41 sites, none trimmed because no target specified
Effective number of samples: 2.6	(20% identical neighborhood = 1.000 samples)
iter	time	cond	fx	-loglk	||h||	||e||
1	0.7	2.33	270.3	254.7	4.4	1.0
2	1.0	0.98	268.6	260.0	4.5	0.7
3	1.4	0.97	267.8	260.6	4.7	0.7
4	1.7	1.89	262.0	259.7	6.5	0.3
5	2.1	1.98	253.3	252.0	10.1	0.1
6	2.5	1.26	241.2	237.0	16.4	0.3
7	3.1	1.21	239.9	235.9	17.1	0.3
8	3.5	0.46	233.6	227.5	20.2	0.4
9	3.9	0.13	231.8	223.2	20.7	0.5
10	4.2	0.18	231.4	222.0	20.7	0.6
11	4.6	0.29	230.4	219.6	20.9	0.6
12	4.9	0.32	228.8	216.7	22.3	0.7
13	5.3	0.19	227.6	216.2	24.0	0.6
14	5.6	0.12	227.3	217.5	24.8	0.5
15	6.0	0.05	227.1	217.5	24.5	0.5
16	6.3	0.06	227.0	217.5	24.4	0.5
17	6.7	0.11	226.6	217.0	24.5	0.5
18	7.0	0.13	226.2	215.6	25.2	0.5
19	7.7	0.12	226.0	215.4	25.8	0.5
20	8.0	0.05	225.8	214.9	26.3	0.5
Gradient optimization: MAXIMUMITERATION


sh3_pdz_combined_cluster1_iter22:

OpenMP: Using 6 of 6 threads
Alphabet length:21
14712 valid sequences out of 14712 
41 sites, none trimmed because no target specified
Effective number of samples: 2.3	(20% identical neighborhood = 1.000 samples)
iter	time	cond	fx	-loglk	||h||	||e||
1	0.5	2.39	240.1	224.5	4.3	1.0
2	0.9	0.99	238.5	229.8	4.4	0.7
3	1.2	0.98	237.7	230.4	4.5	0.7
4	1.6	1.93	231.9	229.6	6.4	0.3
5	1.9	2.02	223.1	221.9	10.0	0.1
6	2.3	1.30	210.3	206.0	16.8	0.3
7	3.0	1.17	208.0	202.1	18.2	0.4
8	3.3	0.40	201.4	194.2	21.5	0.4
9	3.7	0.12	199.8	191.0	21.8	0.5
10	4.1	0.16	199.5	190.1	21.7	0.5
11	4.4	0.25	198.7	188.2	21.8	0.6
12	4.7	0.28	197.3	185.9	23.2	0.6
13	5.1	0.28	196.7	185.2	24.7	0.6
14	5.5	0.05	196.1	186.0	25.2	0.5
15	5.8	0.04	196.0	186.4	25.0	0.5
16	6.2	0.07	195.9	186.5	25.0	0.4
17	6.5	0.11	195.6	186.4	25.4	0.4
18	6.9	0.09	195.2	185.3	26.2	0.4
19	7.6	0.06	195.1	184.7	26.9	0.4
20	7.9	0.03	195.0	184.2	27.3	0.5
Gradient optimization: MAXIMUMITERATION


Iteration 23:

sh3_pdz_combined_cluster0_iter23:

OpenMP: Using 6 of 6 threads
Alphabet length:21
15031 valid sequences out of 15031 
41 sites, none trimmed because no target specified
Effective number of samples: 2.5	(20% identical neighborhood = 1.000 samples)
iter	time	cond	fx	-loglk	||h||	||e||
1	0.6	2.32	268.0	252.4	4.4	1.0
2	0.9	0.98	266.3	257.6	4.5	0.7
3	1.3	0.98	265.5	258.3	4.7	0.7
4	1.6	1.89	259.8	257.5	6.5	0.3
5	1.9	1.99	251.2	249.9	10.0	0.1
6	2.3	1.28	239.0	234.8	16.4	0.3
7	3.0	1.21	237.4	233.2	17.3	0.3
8	3.3	0.45	231.0	224.7	20.4	0.4
9	3.7	0.13	229.2	220.4	20.9	0.5
10	4.0	0.18	228.8	219.2	20.8	0.6
11	4.3	0.29	227.8	216.7	21.1	0.6
12	4.7	0.30	226.2	214.1	22.7	0.7
13	5.1	0.25	225.4	213.7	24.0	0.6
14	5.4	0.05	224.8	214.7	24.6	0.5
15	5.8	0.06	224.7	215.1	24.4	0.5
16	6.2	0.09	224.5	215.3	24.3	0.5
17	6.6	0.14	224.1	214.9	24.8	0.4
18	6.9	0.11	223.7	213.5	25.7	0.5
19	7.3	0.04	223.5	212.7	26.3	0.5
20	7.7	0.02	223.5	212.4	26.5	0.5
Gradient optimization: MAXIMUMITERATION


sh3_pdz_combined_cluster1_iter23:

OpenMP: Using 6 of 6 threads
Alphabet length:21
14547 valid sequences out of 14547 
41 sites, none trimmed because no target specified
Effective number of samples: 2.3	(20% identical neighborhood = 1.000 samples)
iter	time	cond	fx	-loglk	||h||	||e||
1	0.6	2.37	240.1	224.5	4.3	1.0
2	1.0	0.99	238.5	229.8	4.4	0.7
3	1.4	0.98	237.7	230.4	4.5	0.7
4	1.7	1.93	231.9	229.6	6.4	0.3
5	2.0	2.02	223.2	222.0	10.0	0.1
6	2.4	1.31	210.4	206.1	16.7	0.3
7	3.1	1.17	207.7	201.5	18.3	0.4
8	3.4	0.38	201.1	193.7	21.6	0.4
9	3.8	0.11	199.7	190.7	21.9	0.5
10	4.1	0.16	199.4	189.9	21.7	0.5
11	4.5	0.25	198.6	188.1	21.9	0.6
12	4.8	0.27	197.2	185.8	23.2	0.6
13	5.2	0.30	196.8	184.7	24.8	0.6
14	5.5	0.06	196.0	185.8	25.1	0.5
15	5.9	0.04	195.9	186.2	25.0	0.5
16	6.2	0.07	195.8	186.4	25.0	0.4
17	6.5	0.11	195.6	186.4	25.3	0.4
18	6.8	0.11	195.2	185.6	26.1	0.4
19	7.5	0.12	195.1	185.1	26.7	0.4
20	7.8	0.05	194.9	184.1	27.5	0.5
Gradient optimization: MAXIMUMITERATION


Iteration 24:

sh3_pdz_combined_cluster0_iter24:

OpenMP: Using 6 of 6 threads
Alphabet length:21
15092 valid sequences out of 15092 
41 sites, none trimmed because no target specified
Effective number of samples: 2.5	(20% identical neighborhood = 1.000 samples)
iter	time	cond	fx	-loglk	||h||	||e||
1	0.7	2.29	266.2	250.6	4.4	1.0
2	1.0	0.98	264.6	255.8	4.5	0.7
3	1.4	0.98	263.8	256.5	4.7	0.7
4	1.8	1.89	258.1	255.8	6.5	0.3
5	2.1	2.00	249.6	248.3	10.0	0.1
6	2.5	1.29	237.4	233.3	16.3	0.3
7	3.2	1.21	235.5	230.8	17.4	0.3
8	3.5	0.43	228.9	222.2	20.6	0.4
9	3.8	0.13	227.2	218.1	21.1	0.5
10	4.2	0.19	226.8	216.9	21.0	0.6
11	4.5	0.29	225.8	214.5	21.3	0.6
12	4.8	0.28	224.2	212.1	23.0	0.7
13	5.2	0.34	223.9	211.9	24.0	0.6
14	5.5	0.07	223.1	212.6	24.4	0.5
15	5.9	0.05	222.9	213.1	24.3	0.5
16	6.2	0.09	222.8	213.5	24.3	0.5
17	6.6	0.13	222.5	213.6	24.4	0.4
18	6.9	0.14	222.0	212.7	25.0	0.4
19	7.3	0.19	222.0	211.8	25.8	0.5
20	7.5	0.05	221.7	211.3	25.9	0.5
Gradient optimization: MAXIMUMITERATION


sh3_pdz_combined_cluster1_iter24:

OpenMP: Using 6 of 6 threads
Alphabet length:21
14486 valid sequences out of 14486 
41 sites, none trimmed because no target specified
Effective number of samples: 2.3	(20% identical neighborhood = 1.000 samples)
iter	time	cond	fx	-loglk	||h||	||e||
1	0.6	2.36	240.1	224.5	4.3	1.0
2	0.9	0.99	238.5	229.7	4.4	0.7
3	1.2	0.99	237.7	230.4	4.5	0.7
4	1.6	1.93	231.9	229.6	6.4	0.3
5	1.9	2.03	223.3	222.0	10.0	0.1
6	2.3	1.31	210.4	206.1	16.7	0.3
7	2.9	1.16	207.6	201.2	18.4	0.4
8	3.2	0.37	201.0	193.5	21.7	0.4
9	3.6	0.11	199.6	190.5	21.9	0.5
10	4.0	0.16	199.3	189.8	21.8	0.5
11	4.3	0.25	198.5	188.0	21.9	0.6
12	4.7	0.27	197.1	185.7	23.3	0.6
13	5.0	0.32	196.8	184.4	24.8	0.6
14	5.4	0.07	195.9	185.6	25.1	0.5
15	5.7	0.04	195.8	186.1	25.0	0.5
16	6.0	0.07	195.7	186.3	25.1	0.4
17	6.4	0.11	195.6	186.3	25.3	0.4
18	6.7	0.12	195.2	185.6	26.1	0.4
19	7.1	0.12	194.9	184.3	27.5	0.4
20	7.5	0.07	194.8	183.3	28.3	0.5
Gradient optimization: MAXIMUMITERATION


Iteration 25:

sh3_pdz_combined_cluster0_iter25:

OpenMP: Using 6 of 6 threads
Alphabet length:21
14886 valid sequences out of 14886 
41 sites, none trimmed because no target specified
Effective number of samples: 2.5	(20% identical neighborhood = 1.000 samples)
iter	time	cond	fx	-loglk	||h||	||e||
1	0.7	2.24	265.7	250.1	4.4	1.0
2	1.1	0.98	264.2	255.2	4.5	0.7
3	1.4	0.98	263.3	255.9	4.7	0.7
4	1.8	1.89	257.8	255.3	6.5	0.4
5	2.1	2.01	249.4	248.1	9.9	0.1
6	2.5	1.32	237.1	233.1	16.2	0.3
7	3.2	1.19	234.6	229.0	17.7	0.4
8	3.5	0.40	227.9	220.6	20.9	0.4
9	3.9	0.13	226.3	216.9	21.3	0.6
10	4.3	0.19	226.0	215.7	21.2	0.6
11	4.6	0.28	224.9	213.3	21.6	0.7
12	5.0	0.25	223.4	211.2	23.4	0.6
13	5.6	0.24	223.0	211.0	23.6	0.6
14	6.0	0.08	222.5	211.8	24.4	0.5
15	6.3	0.05	222.4	212.4	24.4	0.5
16	6.7	0.09	222.3	212.8	24.3	0.5
17	7.0	0.14	222.0	212.9	24.5	0.4
18	7.4	0.16	221.5	212.4	24.9	0.4
19	7.6	0.14	221.2	211.4	25.3	0.5
20	7.8	0.10	221.1	210.0	26.1	0.5
Gradient optimization: MAXIMUMITERATION


sh3_pdz_combined_cluster1_iter25:

OpenMP: Using 6 of 6 threads
Alphabet length:21
14692 valid sequences out of 14692 
41 sites, none trimmed because no target specified
Effective number of samples: 2.3	(20% identical neighborhood = 1.000 samples)
iter	time	cond	fx	-loglk	||h||	||e||
1	0.6	2.37	240.1	224.5	4.3	1.0
2	0.9	0.99	238.5	229.8	4.4	0.7
3	1.2	0.98	237.8	230.4	4.5	0.7
4	1.6	1.93	232.0	229.7	6.4	0.3
5	1.9	2.02	223.3	222.0	10.0	0.1
6	2.3	1.31	210.4	206.1	16.7	0.3
7	3.0	1.16	207.7	201.4	18.4	0.4
8	3.3	0.38	201.1	193.7	21.7	0.4
9	3.6	0.11	199.7	190.7	21.9	0.5
10	4.0	0.16	199.4	189.9	21.7	0.5
11	4.3	0.25	198.6	188.0	21.9	0.6
12	4.6	0.27	197.2	185.8	23.2	0.6
13	5.0	0.30	196.7	184.7	24.8	0.6
14	5.3	0.06	196.0	185.8	25.1	0.5
15	5.7	0.04	195.9	186.2	25.0	0.5
16	6.0	0.07	195.8	186.4	25.1	0.4
17	6.3	0.11	195.6	186.3	25.3	0.4
18	6.6	0.11	195.2	185.6	26.1	0.4
19	7.2	0.12	195.1	185.1	26.7	0.4
20	7.6	0.05	194.9	184.1	27.5	0.5
Gradient optimization: MAXIMUMITERATION


Iteration 26:

sh3_pdz_combined_cluster0_iter26:

OpenMP: Using 6 of 6 threads
Alphabet length:21
14858 valid sequences out of 14858 
41 sites, none trimmed because no target specified
Effective number of samples: 2.5	(20% identical neighborhood = 1.000 samples)
iter	time	cond	fx	-loglk	||h||	||e||
1	0.7	2.21	264.9	249.3	4.4	1.0
2	1.1	0.98	263.3	254.3	4.5	0.7
3	1.4	0.98	262.5	255.1	4.7	0.7
4	1.8	1.89	257.1	254.5	6.4	0.4
5	2.1	2.02	248.7	247.4	9.8	0.1
6	2.5	1.33	236.4	232.4	16.2	0.3
7	3.2	1.18	233.4	227.2	18.0	0.4
8	3.5	0.37	226.8	219.0	21.2	0.5
9	3.9	0.13	225.3	215.6	21.4	0.6
10	4.2	0.19	224.9	214.5	21.3	0.6
11	4.6	0.28	223.8	212.1	21.7	0.7
12	5.0	0.25	222.3	210.2	23.6	0.6
13	5.7	0.24	222.1	209.8	23.7	0.6
14	6.0	0.08	221.5	210.7	24.5	0.6
15	6.4	0.05	221.4	211.3	24.5	0.5
16	6.7	0.08	221.3	211.6	24.5	0.5
17	7.1	0.14	221.1	211.8	24.5	0.4
18	7.5	0.17	220.6	211.4	25.0	0.4
19	7.8	0.12	220.2	210.4	25.4	0.5
20	8.1	0.10	220.1	209.9	25.7	0.5
Gradient optimization: MAXIMUMITERATION


sh3_pdz_combined_cluster1_iter26:

OpenMP: Using 6 of 6 threads
Alphabet length:21
14720 valid sequences out of 14720 
41 sites, none trimmed because no target specified
Effective number of samples: 2.3	(20% identical neighborhood = 1.000 samples)
iter	time	cond	fx	-loglk	||h||	||e||
1	0.6	2.36	240.2	224.6	4.3	1.0
2	0.9	0.99	238.6	229.9	4.4	0.7
3	1.2	0.98	237.9	230.5	4.5	0.7
4	1.6	1.93	232.1	229.8	6.4	0.3
5	2.0	2.03	223.4	222.1	10.0	0.1
6	2.3	1.31	210.5	206.2	16.7	0.3
7	3.0	1.16	207.8	201.4	18.4	0.4
8	3.3	0.38	201.2	193.7	21.7	0.4
9	3.7	0.11	199.8	190.8	21.9	0.5
10	4.1	0.16	199.5	190.0	21.7	0.5
11	4.4	0.25	198.7	188.2	21.9	0.6
12	4.8	0.27	197.3	185.9	23.2	0.6
13	5.1	0.31	196.9	184.7	24.8	0.6
14	5.5	0.06	196.1	185.9	25.1	0.5
15	5.8	0.04	196.0	186.3	25.0	0.5
16	6.2	0.07	195.9	186.5	25.0	0.4
17	6.5	0.11	195.7	186.5	25.3	0.4
18	6.9	0.11	195.3	185.7	26.1	0.4
19	7.5	0.12	195.2	185.1	26.8	0.4
20	7.9	0.05	195.0	184.1	27.6	0.5
Gradient optimization: MAXIMUMITERATION


Iteration 27:

sh3_pdz_combined_cluster0_iter27:

OpenMP: Using 6 of 6 threads
Alphabet length:21
14691 valid sequences out of 14691 
41 sites, none trimmed because no target specified
Effective number of samples: 2.5	(20% identical neighborhood = 1.000 samples)
iter	time	cond	fx	-loglk	||h||	||e||
1	0.7	2.17	265.0	249.3	4.4	1.0
2	1.1	0.98	263.5	254.3	4.5	0.7
3	1.4	0.99	262.6	255.1	4.7	0.7
4	1.7	1.89	257.3	254.6	6.4	0.4
5	2.1	2.03	248.9	247.6	9.8	0.1
6	2.5	1.35	236.6	232.6	16.1	0.3
7	3.2	1.15	233.0	225.9	18.3	0.5
8	3.5	0.33	226.4	218.1	21.5	0.5
9	3.9	0.13	225.1	215.1	21.5	0.6
10	4.2	0.19	224.7	214.1	21.4	0.6
11	4.6	0.28	223.6	211.8	21.8	0.7
12	4.9	0.24	222.2	210.0	23.7	0.6
13	5.7	0.23	222.0	209.5	23.9	0.6
14	6.0	0.08	221.5	210.4	24.6	0.6
15	6.3	0.05	221.4	211.0	24.6	0.5
16	6.7	0.07	221.3	211.3	24.6	0.5
17	7.0	0.13	221.1	211.5	24.7	0.5
18	7.4	0.18	220.7	211.3	25.1	0.4
19	7.8	0.15	220.2	210.4	25.8	0.4
20	8.3	0.14	220.1	209.9	25.8	0.5
Gradient optimization: MAXIMUMITERATION


sh3_pdz_combined_cluster1_iter27:

OpenMP: Using 6 of 6 threads
Alphabet length:21
14887 valid sequences out of 14887 
41 sites, none trimmed because no target specified
Effective number of samples: 2.3	(20% identical neighborhood = 1.000 samples)
iter	time	cond	fx	-loglk	||h||	||e||
1	0.6	2.37	240.5	224.8	4.3	1.0
2	1.0	0.99	238.8	230.1	4.4	0.7
3	1.3	0.98	238.1	230.8	4.5	0.7
4	1.7	1.93	232.2	230.0	6.4	0.3
5	2.0	2.02	223.5	222.3	10.0	0.1
6	2.3	1.30	210.7	206.4	16.8	0.3
7	3.0	1.17	208.1	202.0	18.3	0.4
8	3.4	0.39	201.5	194.2	21.6	0.4
9	3.8	0.11	200.1	191.1	21.8	0.5
10	4.1	0.16	199.8	190.3	21.7	0.5
11	4.5	0.25	198.9	188.5	21.8	0.6
12	4.8	0.28	197.5	186.2	23.2	0.6
13	5.2	0.29	197.0	185.2	24.8	0.6
14	5.5	0.06	196.4	186.2	25.2	0.5
15	5.9	0.04	196.3	186.6	25.0	0.5
16	6.2	0.07	196.1	186.8	25.0	0.4
17	6.6	0.11	195.9	186.7	25.4	0.4
18	6.9	0.09	195.5	185.8	26.2	0.4
19	7.6	0.10	195.4	185.4	26.6	0.4
20	8.0	0.04	195.3	184.6	27.2	0.5
Gradient optimization: MAXIMUMITERATION


Iteration 28:

sh3_pdz_combined_cluster0_iter28:

OpenMP: Using 6 of 6 threads
Alphabet length:21
14595 valid sequences out of 14595 
41 sites, none trimmed because no target specified
Effective number of samples: 2.5	(20% identical neighborhood = 1.000 samples)
iter	time	cond	fx	-loglk	||h||	||e||
1	0.7	2.16	264.9	249.3	4.4	1.0
2	1.0	0.98	263.5	254.2	4.5	0.8
3	1.3	0.99	262.6	255.0	4.7	0.7
4	1.6	1.89	257.3	254.6	6.4	0.4
5	1.9	2.03	249.0	247.7	9.8	0.1
6	2.2	1.35	236.6	232.7	16.1	0.3
7	2.9	1.14	232.8	225.4	18.4	0.5
8	3.3	0.31	226.2	217.8	21.6	0.5
9	3.6	0.13	225.0	214.9	21.6	0.6
10	4.0	0.19	224.6	213.9	21.5	0.6
11	4.3	0.28	223.5	211.7	21.8	0.7
12	4.7	0.24	222.1	209.9	23.7	0.6
13	5.4	0.23	221.9	209.4	23.9	0.7
14	5.7	0.09	221.4	210.2	24.6	0.6
15	6.1	0.04	221.3	210.8	24.7	0.5
16	6.5	0.07	221.2	211.1	24.7	0.5
17	6.8	0.12	221.0	211.3	24.8	0.5
18	7.2	0.18	220.6	211.1	25.2	0.4
19	7.6	0.16	220.1	210.2	26.0	0.4
20	8.2	0.15	220.0	209.9	25.9	0.5
Gradient optimization: MAXIMUMITERATION


sh3_pdz_combined_cluster1_iter28:

OpenMP: Using 6 of 6 threads
Alphabet length:21
14983 valid sequences out of 14983 
41 sites, none trimmed because no target specified
Effective number of samples: 2.3	(20% identical neighborhood = 1.000 samples)
iter	time	cond	fx	-loglk	||h||	||e||
1	0.7	2.38	240.7	225.1	4.3	1.0
2	1.1	0.99	239.0	230.4	4.4	0.7
3	1.4	0.98	238.3	231.0	4.5	0.7
4	1.8	1.93	232.4	230.2	6.4	0.3
5	2.1	2.02	223.7	222.5	10.0	0.1
6	2.5	1.30	210.9	206.6	16.8	0.3
7	3.2	1.17	208.5	202.5	18.2	0.4
8	3.5	0.39	201.9	194.6	21.5	0.4
9	3.9	0.11	200.4	191.5	21.8	0.5
10	4.3	0.16	200.1	190.6	21.7	0.5
11	4.6	0.25	199.2	188.8	21.8	0.6
12	5.0	0.28	197.8	186.5	23.2	0.6
13	5.3	0.27	197.2	185.7	24.7	0.6
14	5.7	0.05	196.6	186.5	25.2	0.5
15	6.0	0.04	196.5	186.9	25.0	0.5
16	6.4	0.07	196.4	187.1	25.0	0.4
17	6.8	0.11	196.1	186.9	25.4	0.4
18	7.1	0.09	195.8	185.8	26.2	0.4
19	7.8	0.06	195.6	185.1	27.0	0.4
20	8.2	0.03	195.5	184.7	27.3	0.5
Gradient optimization: MAXIMUMITERATION


Iteration 29:

sh3_pdz_combined_cluster0_iter29:

OpenMP: Using 6 of 6 threads
Alphabet length:21
14512 valid sequences out of 14512 
41 sites, none trimmed because no target specified
Effective number of samples: 2.5	(20% identical neighborhood = 1.000 samples)
iter	time	cond	fx	-loglk	||h||	||e||
1	0.6	2.16	265.0	249.4	4.4	1.0
2	0.9	0.98	263.5	254.3	4.5	0.8
3	1.2	0.99	262.7	255.1	4.7	0.7
4	1.6	1.89	257.4	254.7	6.4	0.4
5	1.9	2.03	249.1	247.7	9.8	0.1
6	2.3	1.35	236.7	232.8	16.1	0.3
7	2.9	1.14	232.9	225.5	18.4	0.5
8	3.3	0.31	226.3	217.9	21.6	0.5
9	3.6	0.13	225.1	215.0	21.6	0.6
10	4.0	0.19	224.7	214.0	21.5	0.6
11	4.4	0.28	223.6	211.8	21.8	0.7
12	4.7	0.24	222.1	210.0	23.7	0.6
13	5.4	0.23	222.0	209.5	23.9	0.7
14	5.7	0.09	221.5	210.3	24.6	0.6
15	6.1	0.04	221.4	210.9	24.7	0.5
16	6.4	0.07	221.3	211.2	24.7	0.5
17	6.8	0.12	221.1	211.4	24.8	0.5
18	7.2	0.18	220.7	211.2	25.2	0.4
19	7.5	0.16	220.2	210.3	26.0	0.4
20	8.1	0.15	220.1	210.0	25.8	0.5
Gradient optimization: MAXIMUMITERATION


sh3_pdz_combined_cluster1_iter29:

OpenMP: Using 6 of 6 threads
Alphabet length:21
15066 valid sequences out of 15066 
41 sites, none trimmed because no target specified
Effective number of samples: 2.3	(20% identical neighborhood = 1.000 samples)
iter	time	cond	fx	-loglk	||h||	||e||
1	0.7	2.39	240.8	225.2	4.3	1.0
2	1.0	0.99	239.2	230.5	4.4	0.7
3	1.4	0.98	238.4	231.1	4.5	0.7
4	1.7	1.93	232.5	230.3	6.5	0.3
5	2.1	2.02	223.8	222.6	10.1	0.1
6	2.4	1.29	211.0	206.7	16.8	0.3
7	3.1	1.18	208.7	203.0	18.2	0.4
8	3.5	0.40	202.1	195.0	21.5	0.4
9	3.9	0.12	200.6	191.7	21.8	0.5
10	4.2	0.16	200.3	190.9	21.6	0.5
11	4.5	0.25	199.4	189.0	21.8	0.6
12	4.9	0.28	198.0	186.7	23.1	0.6
13	5.2	0.26	197.4	186.0	24.7	0.6
14	5.6	0.05	196.8	186.7	25.2	0.5
15	6.0	0.04	196.7	187.1	25.0	0.5
16	6.3	0.07	196.6	187.2	25.0	0.4
17	6.6	0.10	196.3	187.0	25.4	0.4
18	7.0	0.12	196.0	185.7	26.3	0.5
19	7.3	0.04	195.8	185.1	27.1	0.5
20	7.7	0.03	195.7	184.9	27.3	0.5
Gradient optimization: MAXIMUMITERATION


Iteration 30:

sh3_pdz_combined_cluster0_iter30:

OpenMP: Using 6 of 6 threads
Alphabet length:21
14453 valid sequences out of 14453 
41 sites, none trimmed because no target specified
Effective number of samples: 2.5	(20% identical neighborhood = 1.000 samples)
iter	time	cond	fx	-loglk	||h||	||e||
1	0.7	2.16	265.2	249.6	4.4	1.0
2	1.0	0.98	263.7	254.5	4.5	0.8
3	1.3	0.99	262.9	255.3	4.7	0.7
4	1.7	1.89	257.6	254.9	6.4	0.4
5	2.0	2.03	249.2	247.9	9.8	0.1
6	2.4	1.35	236.9	232.9	16.1	0.3
7	3.1	1.14	233.1	225.7	18.4	0.5
8	3.4	0.31	226.5	218.1	21.5	0.5
9	3.7	0.13	225.3	215.2	21.6	0.6
10	4.1	0.19	224.9	214.2	21.5	0.6
11	4.4	0.28	223.8	212.0	21.8	0.7
12	4.8	0.24	222.3	210.2	23.7	0.6
13	5.5	0.23	222.2	209.7	23.9	0.7
14	5.8	0.09	221.7	210.5	24.6	0.6
15	6.2	0.04	221.6	211.1	24.7	0.5
16	6.5	0.07	221.5	211.4	24.7	0.5
17	6.8	0.12	221.3	211.6	24.8	0.5
18	7.2	0.18	220.9	211.4	25.2	0.4
19	7.5	0.16	220.4	210.5	26.0	0.4
20	7.9	0.15	220.3	210.2	25.8	0.5
Gradient optimization: MAXIMUMITERATION


sh3_pdz_combined_cluster1_iter30:

OpenMP: Using 6 of 6 threads
Alphabet length:21
15125 valid sequences out of 15125 
41 sites, none trimmed because no target specified
Effective number of samples: 2.3	(20% identical neighborhood = 1.000 samples)
iter	time	cond	fx	-loglk	||h||	||e||
1	0.7	2.40	240.9	225.3	4.3	1.0
2	1.1	0.99	239.2	230.6	4.4	0.7
3	1.4	0.98	238.5	231.2	4.5	0.7
4	1.7	1.93	232.6	230.4	6.5	0.3
5	2.1	2.01	223.8	222.6	10.1	0.1
6	2.4	1.29	211.0	206.7	16.8	0.3
7	3.1	1.18	208.8	203.2	18.1	0.4
8	3.5	0.41	202.2	195.2	21.4	0.4
9	3.8	0.12	200.7	191.9	21.8	0.5
10	4.2	0.16	200.4	191.0	21.6	0.5
11	4.5	0.26	199.5	189.1	21.8	0.6
12	4.9	0.28	198.1	186.8	23.1	0.6
13	5.2	0.25	197.5	186.1	24.7	0.6
14	5.6	0.05	196.9	186.9	25.3	0.5
15	5.9	0.04	196.8	187.2	25.0	0.5
16	6.3	0.07	196.7	187.3	25.0	0.4
17	6.6	0.10	196.4	187.0	25.4	0.4
18	7.0	0.12	196.2	185.7	26.3	0.5
19	7.4	0.03	195.9	185.3	27.0	0.5
20	7.7	0.03	195.9	185.0	27.3	0.5
Gradient optimization: MAXIMUMITERATION

