tuning/outputs/tuning_run_47/ created
tuning/outputs/tuning_run_47/iterations/ created
tuning/outputs/tuning_run_47/output/ created
{'msa-file-name': 'sh3_pdz_combined.fa', 'em_maxiter': 30, 'em_numclusters': 2, 'em_device': None, 'em_init': 'random', 'em_no_iter_print': 0, 'plmc': '../../plmc/bin/plmc', 'output': 'tuning/outputs/tuning_run_47', 'fast': 0, 'scale': None, 'theta': '0.8', 'lambdah': '0.01', 'lambdae': '16.0', 'lambdag': None, 'gapignore': 0, 'maxiter': '20', 'ncores': 6, 'gapignore_tune': '0', 'fast_tune': '0', 'em_iter_print': 1, 'iterations_dir': 'tuning/outputs/tuning_run_47/iterations/', 'final_dir': 'tuning/outputs/tuning_run_47/output/', 'output_dir': 'tuning/outputs/tuning_run_47/', 'plmc_options': ['-t 0.8', '-lh 0.01', '-le 16.0', '-m 20', '-n 6'], 'device': device(type='cpu')}

Using cpu


Iteration 0:

sh3_pdz_combined_cluster0_iter0:

OpenMP: Using 6 of 6 threads
Alphabet length:21
14789 valid sequences out of 14789 
41 sites, none trimmed because no target specified
Effective number of samples: 2.6	(20% identical neighborhood = 1.000 samples)
iter	time	cond	fx	-loglk	||h||	||e||
1	0.7	2.66	292.4	276.9	4.3	1.0
2	1.1	1.02	290.3	282.6	4.3	0.7
3	1.5	0.99	289.6	283.1	4.5	0.6
4	1.9	1.92	282.9	281.2	6.6	0.3
5	2.3	1.93	273.6	272.3	10.5	0.1
6	2.7	1.15	261.6	257.0	16.9	0.3
7	3.6	1.12	261.0	257.3	17.3	0.2
8	4.1	0.44	255.9	250.6	19.7	0.3
9	4.4	0.13	254.4	247.0	19.8	0.5
10	4.8	0.17	254.1	246.2	19.7	0.5
11	5.2	0.30	253.1	243.7	19.9	0.6
12	5.6	0.37	251.4	240.5	21.0	0.6
13	6.0	0.24	249.8	239.0	23.0	0.6
14	6.8	0.20	249.5	239.4	23.3	0.5
15	7.2	0.05	249.2	240.0	23.9	0.5
16	7.7	0.05	249.1	240.3	23.9	0.4
17	8.1	0.09	249.0	240.6	23.9	0.4
18	8.5	0.15	248.7	240.6	24.1	0.4
19	8.9	0.18	248.2	240.0	24.8	0.4
20	9.3	0.13	247.7	238.7	25.8	0.4
Gradient optimization: MAXIMUMITERATION


sh3_pdz_combined_cluster1_iter0:

OpenMP: Using 6 of 6 threads
Alphabet length:21
14789 valid sequences out of 14789 
41 sites, none trimmed because no target specified
Effective number of samples: 2.5	(20% identical neighborhood = 1.000 samples)
iter	time	cond	fx	-loglk	||h||	||e||
1	0.9	2.69	289.8	274.3	4.2	1.0
2	1.3	1.02	287.8	280.1	4.3	0.7
3	1.7	0.99	287.1	280.6	4.5	0.6
4	2.1	1.93	280.3	278.6	6.7	0.3
5	2.6	1.92	271.0	269.7	10.5	0.1
6	3.0	1.14	259.0	254.4	17.0	0.3
7	3.8	1.11	258.5	254.7	17.3	0.2
8	4.2	0.43	253.4	248.1	19.7	0.3
9	4.7	0.13	252.0	244.6	19.8	0.5
10	5.1	0.16	251.7	243.8	19.7	0.5
11	5.5	0.29	250.7	241.4	19.8	0.6
12	5.9	0.38	249.0	238.2	20.9	0.6
13	6.3	0.25	247.4	236.6	22.9	0.6
14	7.1	0.22	247.1	236.8	23.2	0.6
15	7.5	0.06	246.7	237.4	23.9	0.5
16	7.9	0.05	246.6	237.8	23.9	0.4
17	8.3	0.08	246.5	238.1	23.9	0.4
18	8.7	0.14	246.2	238.1	24.1	0.4
19	9.1	0.18	245.7	237.5	24.8	0.4
20	9.4	0.13	245.3	236.3	25.8	0.4
Gradient optimization: MAXIMUMITERATION


Iteration 1:

sh3_pdz_combined_cluster0_iter1:

OpenMP: Using 6 of 6 threads
Alphabet length:21
17250 valid sequences out of 17250 
41 sites, none trimmed because no target specified
Effective number of samples: 2.5	(20% identical neighborhood = 1.000 samples)
iter	time	cond	fx	-loglk	||h||	||e||
1	0.9	2.55	288.5	272.9	4.3	1.0
2	1.4	1.01	286.6	278.5	4.3	0.7
3	1.8	0.99	285.8	279.0	4.5	0.6
4	2.3	1.93	279.5	277.6	6.5	0.3
5	2.7	1.97	270.4	269.2	10.2	0.1
6	3.1	1.21	258.2	253.8	16.8	0.3
7	4.0	1.18	257.1	253.3	17.4	0.2
8	4.4	0.46	251.3	245.6	20.1	0.3
9	4.9	0.15	249.4	241.3	20.4	0.5
10	5.3	0.20	249.0	240.2	20.4	0.5
11	5.7	0.31	247.8	237.3	20.9	0.6
12	6.2	0.30	246.1	234.7	22.6	0.6
13	6.6	0.32	245.5	234.2	23.6	0.6
14	6.9	0.06	244.7	235.1	24.1	0.5
15	7.2	0.05	244.6	235.5	23.9	0.5
16	7.6	0.09	244.4	235.9	23.9	0.4
17	7.8	0.13	244.0	235.7	24.1	0.4
18	8.1	0.17	243.7	234.3	24.8	0.5
19	8.3	0.06	243.4	233.7	25.3	0.5
20	8.6	0.03	243.4	233.5	25.3	0.5
Gradient optimization: MAXIMUMITERATION


sh3_pdz_combined_cluster1_iter1:

OpenMP: Using 6 of 6 threads
Alphabet length:21
12328 valid sequences out of 12328 
41 sites, none trimmed because no target specified
Effective number of samples: 2.4	(20% identical neighborhood = 1.000 samples)
iter	time	cond	fx	-loglk	||h||	||e||
1	0.7	2.69	278.5	263.0	4.2	1.0
2	1.0	1.02	276.5	268.8	4.3	0.7
3	1.3	0.99	275.8	269.2	4.5	0.6
4	1.6	1.93	269.0	267.4	6.6	0.3
5	2.0	1.93	259.6	258.3	10.5	0.1
6	2.2	1.15	247.5	242.7	17.1	0.3
7	2.9	1.12	246.9	243.0	17.5	0.2
8	3.2	0.44	241.6	236.2	20.0	0.3
9	3.6	0.14	240.0	232.5	20.2	0.5
10	3.9	0.18	239.7	231.6	20.1	0.5
11	4.2	0.31	238.5	229.0	20.3	0.6
12	4.6	0.37	236.7	225.6	21.6	0.6
13	4.9	0.22	235.1	224.3	23.7	0.6
14	5.6	0.17	234.8	224.6	24.0	0.5
15	5.8	0.05	234.5	225.3	24.4	0.5
16	6.2	0.05	234.5	225.6	24.4	0.4
17	6.5	0.08	234.4	225.8	24.4	0.4
18	6.8	0.14	234.1	225.9	24.5	0.4
19	7.2	0.18	233.6	225.4	25.0	0.4
20	7.5	0.13	233.1	224.1	26.0	0.4
Gradient optimization: MAXIMUMITERATION


Iteration 2:

sh3_pdz_combined_cluster0_iter2:

OpenMP: Using 6 of 6 threads
Alphabet length:21
15762 valid sequences out of 15762 
41 sites, none trimmed because no target specified
Effective number of samples: 2.5	(20% identical neighborhood = 1.000 samples)
iter	time	cond	fx	-loglk	||h||	||e||
1	0.8	2.56	280.1	264.6	4.2	1.0
2	1.2	1.01	278.3	270.2	4.3	0.7
3	1.6	0.99	277.5	270.7	4.5	0.6
4	2.1	1.93	271.3	269.3	6.5	0.3
5	2.5	1.97	262.2	261.0	10.2	0.1
6	2.9	1.22	249.9	245.5	16.8	0.3
7	3.6	1.18	248.7	244.7	17.5	0.2
8	4.1	0.46	242.7	236.9	20.4	0.3
9	4.4	0.15	240.9	232.6	20.7	0.5
10	4.9	0.20	240.4	231.4	20.7	0.5
11	5.3	0.31	239.2	228.6	21.1	0.6
12	5.7	0.29	237.5	226.1	22.9	0.6
13	6.1	0.35	237.3	225.6	23.8	0.6
14	6.5	0.06	236.3	226.6	24.2	0.5
15	6.9	0.05	236.2	227.0	24.1	0.5
16	7.3	0.09	236.0	227.4	24.0	0.4
17	7.7	0.13	235.7	227.3	24.2	0.4
18	8.1	0.12	235.2	226.3	24.7	0.4
19	8.7	0.10	235.1	225.9	25.0	0.4
20	9.0	0.04	235.0	225.3	25.3	0.5
Gradient optimization: MAXIMUMITERATION


sh3_pdz_combined_cluster1_iter2:

OpenMP: Using 6 of 6 threads
Alphabet length:21
13816 valid sequences out of 13816 
41 sites, none trimmed because no target specified
Effective number of samples: 2.5	(20% identical neighborhood = 1.000 samples)
iter	time	cond	fx	-loglk	||h||	||e||
1	0.7	2.66	281.1	265.6	4.3	1.0
2	1.0	1.02	279.1	271.3	4.3	0.7
3	1.4	0.99	278.3	271.8	4.5	0.6
4	1.7	1.93	271.6	270.0	6.6	0.3
5	2.1	1.94	262.3	260.9	10.5	0.1
6	2.5	1.16	250.1	245.4	17.0	0.3
7	3.3	1.13	249.5	245.6	17.4	0.2
8	3.7	0.45	244.1	238.8	19.9	0.3
9	4.1	0.14	242.5	235.0	20.2	0.5
10	4.5	0.18	242.2	234.1	20.1	0.5
11	4.8	0.31	241.0	231.3	20.3	0.6
12	5.2	0.38	239.1	227.9	21.6	0.6
13	5.6	0.22	237.4	226.6	23.8	0.6
14	6.2	0.17	237.2	227.0	24.1	0.5
15	6.6	0.04	236.9	227.6	24.6	0.5
16	7.0	0.05	236.8	227.9	24.5	0.4
17	7.4	0.09	236.7	228.1	24.5	0.4
18	7.8	0.15	236.4	228.2	24.6	0.4
19	8.2	0.18	235.9	227.6	25.1	0.4
20	8.5	0.13	235.5	226.3	26.1	0.4
Gradient optimization: MAXIMUMITERATION


Iteration 3:

sh3_pdz_combined_cluster0_iter3:

OpenMP: Using 6 of 6 threads
Alphabet length:21
15513 valid sequences out of 15513 
41 sites, none trimmed because no target specified
Effective number of samples: 2.4	(20% identical neighborhood = 1.000 samples)
iter	time	cond	fx	-loglk	||h||	||e||
1	0.8	2.56	277.4	261.9	4.2	1.0
2	1.2	1.01	275.6	267.4	4.3	0.7
3	1.6	0.99	274.8	268.0	4.5	0.6
4	2.0	1.93	268.6	266.6	6.5	0.3
5	2.4	1.98	259.5	258.3	10.2	0.1
6	2.8	1.23	247.1	242.7	16.9	0.3
7	3.6	1.18	245.8	241.5	17.6	0.3
8	4.0	0.45	239.6	233.6	20.6	0.3
9	4.4	0.15	237.7	229.3	20.9	0.5
10	4.7	0.20	237.3	228.1	20.9	0.5
11	5.1	0.30	236.1	225.4	21.4	0.6
12	5.5	0.27	234.4	223.0	23.2	0.6
13	6.3	0.25	234.0	222.5	23.5	0.6
14	6.7	0.06	233.4	223.5	24.3	0.5
15	7.0	0.06	233.2	224.0	24.2	0.5
16	7.4	0.09	233.1	224.4	24.2	0.4
17	7.8	0.14	232.8	224.4	24.3	0.4
18	8.2	0.13	232.4	223.6	24.9	0.4
19	8.8	0.14	232.3	223.4	25.0	0.4
20	9.1	0.06	232.1	222.5	25.4	0.4
Gradient optimization: MAXIMUMITERATION


sh3_pdz_combined_cluster1_iter3:

OpenMP: Using 6 of 6 threads
Alphabet length:21
14065 valid sequences out of 14065 
41 sites, none trimmed because no target specified
Effective number of samples: 2.5	(20% identical neighborhood = 1.000 samples)
iter	time	cond	fx	-loglk	||h||	||e||
1	0.6	2.64	283.0	267.5	4.3	1.0
2	1.0	1.02	281.0	273.2	4.3	0.7
3	1.4	0.99	280.2	273.7	4.5	0.6
4	1.8	1.93	273.6	271.9	6.6	0.3
5	2.1	1.94	264.3	262.9	10.4	0.1
6	2.5	1.16	252.1	247.4	17.0	0.3
7	3.3	1.14	251.4	247.6	17.4	0.2
8	3.7	0.45	246.0	240.6	19.9	0.3
9	4.0	0.14	244.3	236.8	20.2	0.5
10	4.4	0.18	244.0	235.8	20.1	0.5
11	4.8	0.32	242.8	233.0	20.4	0.6
12	5.2	0.38	240.9	229.6	21.7	0.6
13	5.6	0.22	239.2	228.4	23.9	0.6
14	6.4	0.15	238.9	228.8	24.2	0.5
15	6.8	0.04	238.7	229.4	24.6	0.4
16	7.2	0.05	238.6	229.7	24.5	0.4
17	7.5	0.09	238.5	229.9	24.5	0.4
18	7.9	0.15	238.2	229.9	24.7	0.4
19	8.3	0.18	237.7	229.3	25.2	0.4
20	8.7	0.13	237.3	227.7	26.3	0.4
Gradient optimization: MAXIMUMITERATION


Iteration 4:

sh3_pdz_combined_cluster0_iter4:

OpenMP: Using 6 of 6 threads
Alphabet length:21
15222 valid sequences out of 15222 
41 sites, none trimmed because no target specified
Effective number of samples: 2.4	(20% identical neighborhood = 1.000 samples)
iter	time	cond	fx	-loglk	||h||	||e||
1	0.8	2.56	277.2	261.7	4.2	1.0
2	1.2	1.01	275.4	267.2	4.3	0.7
3	1.6	0.99	274.6	267.8	4.5	0.6
4	2.0	1.93	268.4	266.4	6.5	0.3
5	2.4	1.98	259.4	258.1	10.2	0.1
6	2.8	1.23	246.8	242.4	16.9	0.3
7	3.6	1.18	245.5	241.2	17.7	0.3
8	4.0	0.45	239.3	233.2	20.6	0.3
9	4.3	0.15	237.4	228.9	21.0	0.5
10	4.8	0.20	237.0	227.7	21.0	0.6
11	5.1	0.30	235.7	225.0	21.5	0.6
12	5.5	0.27	234.1	222.6	23.3	0.6
13	6.3	0.25	233.7	222.1	23.6	0.6
14	6.7	0.07	233.1	223.1	24.3	0.5
15	7.1	0.06	233.0	223.7	24.3	0.5
16	7.5	0.09	232.8	224.1	24.2	0.4
17	7.9	0.14	232.5	224.2	24.3	0.4
18	8.3	0.14	232.1	223.4	24.9	0.4
19	9.0	0.14	232.0	223.2	25.0	0.4
20	9.3	0.06	231.8	222.2	25.4	0.4
Gradient optimization: MAXIMUMITERATION


sh3_pdz_combined_cluster1_iter4:

OpenMP: Using 6 of 6 threads
Alphabet length:21
14356 valid sequences out of 14356 
41 sites, none trimmed because no target specified
Effective number of samples: 2.5	(20% identical neighborhood = 1.000 samples)
iter	time	cond	fx	-loglk	||h||	||e||
1	0.7	2.63	282.5	267.0	4.3	1.0
2	1.0	1.02	280.5	272.6	4.3	0.7
3	1.4	1.00	279.7	273.1	4.5	0.6
4	1.7	1.93	273.1	271.4	6.6	0.3
5	2.1	1.95	263.8	262.5	10.4	0.1
6	2.5	1.17	251.6	246.9	17.0	0.3
7	3.3	1.14	250.9	247.0	17.4	0.2
8	3.7	0.45	245.4	240.0	20.0	0.3
9	4.1	0.14	243.7	236.1	20.2	0.5
10	4.5	0.19	243.3	235.1	20.2	0.5
11	4.8	0.32	242.1	232.3	20.5	0.6
12	5.2	0.37	240.2	228.9	21.9	0.6
13	5.6	0.20	238.6	227.8	24.0	0.6
14	6.4	0.13	238.3	228.3	24.4	0.5
15	6.8	0.04	238.1	228.9	24.6	0.4
16	7.2	0.06	238.0	229.1	24.6	0.4
17	7.6	0.10	237.9	229.3	24.5	0.4
18	8.0	0.16	237.6	229.2	24.8	0.4
19	8.4	0.18	237.0	228.4	25.4	0.4
20	9.1	0.17	236.8	227.4	26.0	0.4
Gradient optimization: MAXIMUMITERATION


Iteration 5:

sh3_pdz_combined_cluster0_iter5:

OpenMP: Using 6 of 6 threads
Alphabet length:21
15235 valid sequences out of 15235 
41 sites, none trimmed because no target specified
Effective number of samples: 2.4	(20% identical neighborhood = 1.000 samples)
iter	time	cond	fx	-loglk	||h||	||e||
1	0.9	2.55	277.9	262.4	4.2	1.0
2	1.2	1.01	276.1	267.9	4.3	0.7
3	1.6	0.99	275.3	268.5	4.5	0.6
4	2.0	1.93	269.1	267.2	6.5	0.3
5	2.4	1.98	260.1	258.8	10.2	0.1
6	2.8	1.23	247.5	243.1	16.9	0.3
7	3.6	1.18	246.2	241.8	17.7	0.3
8	4.0	0.45	239.9	233.8	20.7	0.3
9	4.4	0.15	238.0	229.5	21.0	0.5
10	4.8	0.20	237.6	228.3	21.0	0.6
11	5.2	0.30	236.4	225.6	21.5	0.6
12	5.6	0.27	234.8	223.3	23.4	0.6
13	6.5	0.24	234.3	222.7	23.6	0.6
14	6.9	0.07	233.7	223.7	24.4	0.5
15	7.3	0.06	233.6	224.4	24.3	0.5
16	7.6	0.09	233.5	224.7	24.2	0.4
17	8.1	0.14	233.2	224.8	24.4	0.4
18	8.5	0.14	232.8	224.1	24.8	0.4
19	9.3	0.15	232.7	223.9	25.1	0.4
20	9.7	0.07	232.4	222.8	25.5	0.4
Gradient optimization: MAXIMUMITERATION


sh3_pdz_combined_cluster1_iter5:

OpenMP: Using 6 of 6 threads
Alphabet length:21
14343 valid sequences out of 14343 
41 sites, none trimmed because no target specified
Effective number of samples: 2.5	(20% identical neighborhood = 1.000 samples)
iter	time	cond	fx	-loglk	||h||	||e||
1	0.8	2.62	281.3	265.8	4.3	1.0
2	1.3	1.02	279.3	271.5	4.3	0.7
3	1.6	1.00	278.6	272.0	4.5	0.6
4	2.0	1.93	272.0	270.2	6.6	0.3
5	2.4	1.95	262.7	261.4	10.4	0.1
6	2.8	1.18	250.4	245.7	17.0	0.3
7	3.6	1.15	249.7	245.8	17.4	0.2
8	4.0	0.46	244.1	238.7	20.0	0.3
9	4.4	0.14	242.4	234.8	20.3	0.5
10	4.9	0.19	242.0	233.7	20.2	0.5
11	5.3	0.32	240.8	231.0	20.5	0.6
12	5.6	0.36	239.0	227.7	22.0	0.6
13	6.1	0.20	237.4	226.7	24.0	0.6
14	6.9	0.12	237.1	227.2	24.4	0.5
15	7.3	0.04	236.9	227.7	24.6	0.4
16	7.7	0.06	236.9	228.0	24.6	0.4
17	8.1	0.11	236.7	228.1	24.6	0.4
18	8.5	0.17	236.3	227.9	24.9	0.4
19	8.9	0.17	235.8	227.0	25.7	0.4
20	9.7	0.16	235.7	226.6	25.8	0.4
Gradient optimization: MAXIMUMITERATION


Iteration 6:

sh3_pdz_combined_cluster0_iter6:

OpenMP: Using 6 of 6 threads
Alphabet length:21
15527 valid sequences out of 15527 
41 sites, none trimmed because no target specified
Effective number of samples: 2.5	(20% identical neighborhood = 1.000 samples)
iter	time	cond	fx	-loglk	||h||	||e||
1	0.8	2.56	278.5	262.9	4.2	1.0
2	1.3	1.01	276.6	268.5	4.3	0.7
3	1.6	0.99	275.9	269.0	4.5	0.6
4	2.1	1.93	269.6	267.7	6.5	0.3
5	2.5	1.98	260.5	259.3	10.2	0.1
6	2.9	1.23	248.0	243.6	16.9	0.3
7	3.7	1.18	246.7	242.4	17.7	0.3
8	4.1	0.45	240.5	234.4	20.6	0.3
9	4.5	0.15	238.6	230.1	21.0	0.5
10	4.9	0.20	238.2	229.0	21.0	0.6
11	5.3	0.30	237.0	226.2	21.5	0.6
12	5.7	0.27	235.3	223.8	23.3	0.6
13	6.5	0.25	234.9	223.3	23.6	0.6
14	7.0	0.06	234.2	224.3	24.4	0.5
15	7.4	0.06	234.1	224.9	24.3	0.5
16	7.8	0.09	234.0	225.2	24.3	0.4
17	8.0	0.14	233.7	225.3	24.4	0.4
18	8.2	0.14	233.3	224.5	24.9	0.4
19	8.7	0.14	233.2	224.3	25.1	0.4
20	8.9	0.06	233.0	223.4	25.4	0.4
Gradient optimization: MAXIMUMITERATION


sh3_pdz_combined_cluster1_iter6:

OpenMP: Using 6 of 6 threads
Alphabet length:21
14051 valid sequences out of 14051 
41 sites, none trimmed because no target specified
Effective number of samples: 2.5	(20% identical neighborhood = 1.000 samples)
iter	time	cond	fx	-loglk	||h||	||e||
1	0.7	2.60	280.5	265.0	4.3	1.0
2	1.0	1.02	278.6	270.7	4.3	0.7
3	1.4	1.00	277.8	271.2	4.5	0.6
4	1.7	1.93	271.3	269.5	6.6	0.3
5	2.1	1.96	262.0	260.7	10.4	0.1
6	2.5	1.19	249.7	245.0	16.9	0.3
7	3.2	1.16	248.9	245.0	17.4	0.2
8	3.5	0.46	243.2	237.7	20.1	0.3
9	3.9	0.15	241.4	233.7	20.4	0.5
10	4.2	0.19	241.0	232.6	20.4	0.5
11	4.6	0.32	239.8	229.7	20.7	0.6
12	5.0	0.34	237.9	226.6	22.3	0.6
13	5.4	0.19	236.5	225.9	24.1	0.5
14	5.7	0.14	236.3	226.9	24.9	0.4
15	6.0	0.05	236.0	226.9	24.6	0.4
16	6.4	0.06	235.9	227.0	24.5	0.4
17	6.8	0.11	235.5	226.6	24.6	0.4
18	7.1	0.13	235.0	225.3	25.3	0.5
19	7.9	0.14	234.8	225.0	25.7	0.4
20	8.3	0.05	234.6	224.4	26.4	0.5
Gradient optimization: MAXIMUMITERATION


Iteration 7:

sh3_pdz_combined_cluster0_iter7:

OpenMP: Using 6 of 6 threads
Alphabet length:21
15265 valid sequences out of 15265 
41 sites, none trimmed because no target specified
Effective number of samples: 2.5	(20% identical neighborhood = 1.000 samples)
iter	time	cond	fx	-loglk	||h||	||e||
1	0.8	2.54	279.8	264.3	4.2	1.0
2	1.2	1.01	278.0	269.8	4.3	0.7
3	1.6	0.99	277.2	270.4	4.5	0.6
4	2.0	1.93	271.0	269.1	6.5	0.3
5	2.4	1.98	262.0	260.7	10.2	0.1
6	2.8	1.24	249.4	245.1	16.9	0.3
7	3.6	1.19	248.0	243.6	17.7	0.3
8	4.0	0.45	241.7	235.5	20.7	0.3
9	4.4	0.15	239.8	231.2	21.1	0.5
10	4.8	0.20	239.4	230.0	21.1	0.6
11	5.2	0.30	238.2	227.3	21.6	0.6
12	5.6	0.26	236.6	225.0	23.5	0.6
13	6.3	0.24	236.2	224.5	23.6	0.6
14	6.7	0.06	235.6	225.6	24.4	0.5
15	7.1	0.05	235.5	226.2	24.3	0.5
16	7.5	0.09	235.4	226.5	24.2	0.4
17	7.9	0.14	235.1	226.7	24.3	0.4
18	8.3	0.14	234.7	226.0	24.8	0.4
19	8.9	0.16	234.5	225.8	25.0	0.4
20	9.1	0.07	234.3	224.7	25.5	0.4
Gradient optimization: MAXIMUMITERATION


sh3_pdz_combined_cluster1_iter7:

OpenMP: Using 6 of 6 threads
Alphabet length:21
14313 valid sequences out of 14313 
41 sites, none trimmed because no target specified
Effective number of samples: 2.5	(20% identical neighborhood = 1.000 samples)
iter	time	cond	fx	-loglk	||h||	||e||
1	0.7	2.60	278.5	263.0	4.3	1.0
2	1.1	1.02	276.6	268.6	4.3	0.7
3	1.4	1.00	275.8	269.1	4.5	0.6
4	1.7	1.93	269.3	267.5	6.6	0.3
5	2.1	1.96	260.0	258.7	10.4	0.1
6	2.6	1.19	247.7	243.0	17.0	0.3
7	3.4	1.16	246.8	242.9	17.5	0.2
8	3.7	0.46	241.0	235.5	20.2	0.3
9	4.1	0.15	239.2	231.4	20.5	0.5
10	4.5	0.19	238.8	230.3	20.5	0.5
11	4.9	0.31	237.6	227.5	20.8	0.6
12	5.3	0.34	235.8	224.4	22.4	0.6
13	5.7	0.20	234.5	223.8	24.2	0.5
14	6.1	0.12	234.1	224.8	24.9	0.4
15	6.5	0.06	233.9	224.9	24.6	0.4
16	6.8	0.06	233.8	224.9	24.5	0.4
17	7.2	0.11	233.4	224.4	24.6	0.4
18	7.6	0.13	232.9	223.0	25.4	0.5
19	8.4	0.13	232.8	222.7	25.9	0.5
20	8.8	0.05	232.5	222.2	26.6	0.5
Gradient optimization: MAXIMUMITERATION


Iteration 8:

sh3_pdz_combined_cluster0_iter8:

OpenMP: Using 6 of 6 threads
Alphabet length:21
14816 valid sequences out of 14816 
41 sites, none trimmed because no target specified
Effective number of samples: 2.5	(20% identical neighborhood = 1.000 samples)
iter	time	cond	fx	-loglk	||h||	||e||
1	0.8	2.53	281.5	266.0	4.2	1.0
2	1.2	1.01	279.7	271.5	4.3	0.7
3	1.5	0.99	279.0	272.1	4.5	0.6
4	1.9	1.93	272.8	270.8	6.5	0.3
5	2.3	1.99	263.8	262.5	10.2	0.1
6	2.7	1.24	251.2	246.8	16.8	0.3
7	3.5	1.19	249.7	245.1	17.7	0.3
8	3.9	0.45	243.3	237.0	20.7	0.4
9	4.3	0.15	241.4	232.7	21.1	0.5
10	4.7	0.20	241.0	231.5	21.1	0.6
11	5.1	0.30	239.7	228.7	21.7	0.6
12	5.5	0.25	238.2	226.6	23.6	0.6
13	6.2	0.23	237.8	226.1	23.7	0.6
14	6.6	0.06	237.3	227.2	24.3	0.5
15	7.0	0.05	237.2	227.8	24.3	0.5
16	7.4	0.09	237.1	228.2	24.2	0.4
17	7.8	0.14	236.8	228.4	24.3	0.4
18	8.2	0.15	236.4	227.8	24.7	0.4
19	8.9	0.16	236.2	227.5	25.0	0.4
20	9.1	0.07	235.9	226.2	25.7	0.4
Gradient optimization: MAXIMUMITERATION


sh3_pdz_combined_cluster1_iter8:

OpenMP: Using 6 of 6 threads
Alphabet length:21
14762 valid sequences out of 14762 
41 sites, none trimmed because no target specified
Effective number of samples: 2.4	(20% identical neighborhood = 1.000 samples)
iter	time	cond	fx	-loglk	||h||	||e||
1	0.8	2.60	276.5	261.0	4.3	1.0
2	1.2	1.02	274.6	266.6	4.3	0.7
3	1.6	1.00	273.9	267.1	4.5	0.6
4	1.9	1.93	267.4	265.6	6.6	0.3
5	2.3	1.96	258.1	256.8	10.3	0.1
6	2.7	1.20	245.7	241.1	17.0	0.3
7	3.5	1.17	244.8	240.9	17.5	0.2
8	3.9	0.46	238.9	233.4	20.3	0.3
9	4.3	0.15	237.1	229.3	20.6	0.5
10	4.7	0.19	236.7	228.1	20.6	0.5
11	5.1	0.31	235.5	225.3	20.9	0.6
12	5.5	0.32	233.7	222.4	22.6	0.6
13	5.9	0.22	232.6	221.9	24.1	0.5
14	6.3	0.08	232.1	222.8	24.8	0.4
15	6.7	0.06	231.9	223.0	24.5	0.4
16	7.1	0.08	231.8	223.0	24.4	0.4
17	7.5	0.12	231.3	222.2	24.7	0.4
18	7.9	0.16	231.0	220.7	25.7	0.5
19	8.2	0.07	230.7	220.2	26.5	0.5
20	8.6	0.03	230.6	220.2	26.8	0.5
Gradient optimization: MAXIMUMITERATION


Iteration 9:

sh3_pdz_combined_cluster0_iter9:

OpenMP: Using 6 of 6 threads
Alphabet length:21
14387 valid sequences out of 14387 
41 sites, none trimmed because no target specified
Effective number of samples: 2.5	(20% identical neighborhood = 1.000 samples)
iter	time	cond	fx	-loglk	||h||	||e||
1	0.7	2.51	283.1	267.5	4.3	1.0
2	1.0	1.01	281.3	273.0	4.3	0.7
3	1.5	0.99	280.5	273.6	4.5	0.6
4	1.8	1.93	274.3	272.3	6.5	0.3
5	2.3	1.99	265.3	264.1	10.2	0.1
6	2.7	1.25	252.8	248.4	16.8	0.3
7	3.5	1.19	251.2	246.5	17.7	0.3
8	3.9	0.44	244.8	238.4	20.7	0.4
9	4.3	0.15	242.9	234.1	21.1	0.5
10	4.7	0.20	242.4	232.9	21.1	0.6
11	5.1	0.30	241.1	230.0	21.7	0.6
12	5.5	0.24	239.6	228.1	23.7	0.6
13	6.3	0.22	239.3	227.6	23.8	0.6
14	6.7	0.06	238.8	228.7	24.3	0.5
15	7.0	0.05	238.7	229.3	24.3	0.5
16	7.4	0.08	238.6	229.7	24.2	0.4
17	7.8	0.13	238.3	229.9	24.2	0.4
18	8.2	0.15	237.9	229.4	24.6	0.4
19	8.5	0.22	237.8	228.8	25.4	0.4
20	8.9	0.07	237.4	227.5	25.9	0.4
Gradient optimization: MAXIMUMITERATION


sh3_pdz_combined_cluster1_iter9:

OpenMP: Using 6 of 6 threads
Alphabet length:21
15191 valid sequences out of 15191 
41 sites, none trimmed because no target specified
Effective number of samples: 2.4	(20% identical neighborhood = 1.000 samples)
iter	time	cond	fx	-loglk	||h||	||e||
1	0.8	2.60	275.1	259.6	4.2	1.0
2	1.2	1.02	273.2	265.2	4.3	0.7
3	1.6	1.00	272.4	265.7	4.5	0.6
4	2.0	1.94	266.0	264.1	6.6	0.3
5	2.4	1.97	256.7	255.4	10.3	0.1
6	2.9	1.20	244.3	239.7	17.0	0.3
7	3.7	1.17	243.3	239.4	17.5	0.2
8	4.1	0.46	237.5	231.9	20.3	0.3
9	4.5	0.14	235.6	227.8	20.7	0.5
10	4.9	0.19	235.2	226.6	20.6	0.5
11	5.3	0.31	234.0	223.9	21.0	0.6
12	5.6	0.32	232.2	221.0	22.6	0.6
13	6.1	0.23	231.2	220.5	24.1	0.6
14	6.5	0.07	230.7	221.4	24.7	0.4
15	6.9	0.06	230.5	221.6	24.5	0.4
16	7.3	0.08	230.4	221.6	24.4	0.4
17	7.6	0.13	229.9	220.8	24.8	0.4
18	8.0	0.15	229.5	219.3	25.9	0.5
19	8.4	0.05	229.3	219.0	26.5	0.5
20	8.8	0.02	229.2	218.8	26.8	0.4
Gradient optimization: MAXIMUMITERATION


Iteration 10:

sh3_pdz_combined_cluster0_iter10:

OpenMP: Using 6 of 6 threads
Alphabet length:21
14060 valid sequences out of 14060 
41 sites, none trimmed because no target specified
Effective number of samples: 2.5	(20% identical neighborhood = 1.000 samples)
iter	time	cond	fx	-loglk	||h||	||e||
1	0.7	2.50	284.1	268.5	4.3	1.0
2	1.0	1.01	282.2	274.0	4.3	0.7
3	1.4	1.00	281.5	274.6	4.5	0.6
4	1.8	1.93	275.3	273.3	6.5	0.3
5	2.1	1.99	266.4	265.1	10.1	0.1
6	2.6	1.25	253.8	249.5	16.8	0.3
7	3.3	1.19	252.1	247.4	17.7	0.3
8	3.7	0.44	245.7	239.2	20.8	0.4
9	4.1	0.15	243.8	235.0	21.1	0.5
10	4.4	0.20	243.4	233.7	21.1	0.6
11	4.8	0.30	242.0	230.9	21.8	0.6
12	5.1	0.23	240.5	229.1	23.8	0.6
13	5.8	0.21	240.2	228.6	23.8	0.6
14	6.2	0.06	239.8	229.8	24.3	0.5
15	6.7	0.05	239.7	230.3	24.2	0.5
16	7.0	0.08	239.6	230.7	24.1	0.4
17	7.4	0.14	239.3	230.9	24.2	0.4
18	7.8	0.15	238.9	230.4	24.5	0.4
19	8.2	0.21	238.8	229.8	25.3	0.4
20	8.6	0.07	238.4	228.5	25.9	0.4
Gradient optimization: MAXIMUMITERATION


sh3_pdz_combined_cluster1_iter10:

OpenMP: Using 6 of 6 threads
Alphabet length:21
15518 valid sequences out of 15518 
41 sites, none trimmed because no target specified
Effective number of samples: 2.4	(20% identical neighborhood = 1.000 samples)
iter	time	cond	fx	-loglk	||h||	||e||
1	0.8	2.60	274.2	258.7	4.2	1.0
2	1.2	1.02	272.3	264.3	4.3	0.7
3	1.6	1.00	271.5	264.8	4.5	0.6
4	2.0	1.94	265.1	263.2	6.6	0.3
5	2.4	1.97	255.8	254.6	10.3	0.1
6	2.9	1.20	243.4	238.8	17.0	0.3
7	3.6	1.17	242.4	238.5	17.5	0.2
8	4.0	0.46	236.5	230.9	20.3	0.3
9	4.4	0.14	234.7	226.8	20.7	0.5
10	4.8	0.19	234.3	225.7	20.6	0.5
11	5.2	0.31	233.1	223.0	21.0	0.6
12	5.7	0.32	231.4	220.1	22.6	0.6
13	6.1	0.23	230.3	219.6	24.1	0.6
14	6.5	0.06	229.8	220.5	24.7	0.4
15	6.9	0.06	229.7	220.7	24.5	0.4
16	7.3	0.08	229.5	220.7	24.4	0.4
17	7.7	0.13	229.0	219.9	24.9	0.4
18	8.1	0.14	228.7	218.4	25.9	0.5
19	8.5	0.05	228.4	218.1	26.5	0.5
20	8.7	0.02	228.3	217.9	26.8	0.4
Gradient optimization: MAXIMUMITERATION


Iteration 11:

sh3_pdz_combined_cluster0_iter11:

OpenMP: Using 6 of 6 threads
Alphabet length:21
13726 valid sequences out of 13726 
41 sites, none trimmed because no target specified
Effective number of samples: 2.5	(20% identical neighborhood = 1.000 samples)
iter	time	cond	fx	-loglk	||h||	||e||
1	0.6	2.49	285.2	269.6	4.3	1.0
2	1.0	1.01	283.4	275.1	4.3	0.7
3	1.3	1.00	282.6	275.7	4.5	0.6
4	1.7	1.93	276.5	274.5	6.5	0.3
5	2.1	1.99	267.5	266.3	10.1	0.1
6	2.5	1.25	254.9	250.6	16.8	0.3
7	3.2	1.19	253.2	248.4	17.8	0.3
8	3.6	0.44	246.8	240.2	20.8	0.4
9	4.0	0.15	244.9	235.9	21.2	0.5
10	4.3	0.20	244.4	234.7	21.2	0.6
11	4.6	0.29	243.1	231.9	21.8	0.6
12	5.0	0.22	241.6	230.2	23.9	0.6
13	5.8	0.21	241.3	229.7	23.9	0.6
14	6.2	0.06	240.9	230.8	24.3	0.5
15	6.5	0.05	240.8	231.4	24.2	0.5
16	6.9	0.08	240.7	231.8	24.1	0.4
17	7.2	0.14	240.4	232.0	24.2	0.4
18	7.6	0.15	240.0	231.5	24.5	0.4
19	7.9	0.21	239.9	230.9	25.3	0.4
20	8.3	0.08	239.4	229.5	25.8	0.4
Gradient optimization: MAXIMUMITERATION


sh3_pdz_combined_cluster1_iter11:

OpenMP: Using 6 of 6 threads
Alphabet length:21
15852 valid sequences out of 15852 
41 sites, none trimmed because no target specified
Effective number of samples: 2.4	(20% identical neighborhood = 1.000 samples)
iter	time	cond	fx	-loglk	||h||	||e||
1	0.8	2.60	273.0	257.4	4.2	1.0
2	1.2	1.02	271.1	263.1	4.3	0.7
3	1.6	1.00	270.3	263.6	4.5	0.6
4	2.0	1.94	263.8	262.0	6.6	0.3
5	2.4	1.97	254.6	253.3	10.3	0.1
6	2.8	1.20	242.2	237.5	17.0	0.3
7	3.6	1.17	241.2	237.3	17.5	0.2
8	4.0	0.46	235.4	229.8	20.3	0.3
9	4.4	0.14	233.5	225.7	20.7	0.5
10	4.9	0.19	233.2	224.6	20.6	0.5
11	5.2	0.31	232.0	221.9	21.0	0.6
12	5.7	0.32	230.2	219.1	22.5	0.6
13	6.0	0.21	229.1	218.5	24.1	0.5
14	6.4	0.08	228.7	219.4	24.8	0.4
15	6.9	0.06	228.5	219.6	24.5	0.4
16	7.3	0.07	228.4	219.6	24.4	0.4
17	7.7	0.12	227.9	218.8	24.7	0.4
18	8.1	0.15	227.5	217.3	25.7	0.5
19	8.4	0.09	227.3	216.7	26.7	0.5
20	8.6	0.03	227.2	216.7	26.8	0.5
Gradient optimization: MAXIMUMITERATION


Iteration 12:

sh3_pdz_combined_cluster0_iter12:

OpenMP: Using 6 of 6 threads
Alphabet length:21
13394 valid sequences out of 13394 
41 sites, none trimmed because no target specified
Effective number of samples: 2.5	(20% identical neighborhood = 1.000 samples)
iter	time	cond	fx	-loglk	||h||	||e||
1	0.7	2.49	285.2	269.7	4.3	1.0
2	1.0	1.01	283.4	275.1	4.3	0.7
3	1.4	1.00	282.7	275.7	4.5	0.6
4	1.8	1.93	276.5	274.5	6.5	0.3
5	2.1	1.99	267.6	266.3	10.1	0.1
6	2.4	1.25	255.0	250.7	16.7	0.3
7	3.2	1.19	253.3	248.5	17.7	0.3
8	3.6	0.44	246.9	240.3	20.8	0.4
9	3.9	0.15	244.9	236.0	21.1	0.5
10	4.3	0.21	244.5	234.8	21.1	0.6
11	4.7	0.30	243.1	232.0	21.8	0.6
12	5.0	0.22	241.6	230.2	23.9	0.6
13	5.8	0.20	241.4	229.8	23.9	0.6
14	6.1	0.05	241.0	231.0	24.3	0.5
15	6.4	0.05	240.9	231.5	24.2	0.5
16	6.8	0.08	240.8	231.8	24.1	0.4
17	7.2	0.14	240.5	232.1	24.1	0.4
18	7.5	0.15	240.0	231.6	24.5	0.4
19	7.9	0.21	239.9	231.0	25.3	0.4
20	8.2	0.08	239.5	229.6	25.8	0.4
Gradient optimization: MAXIMUMITERATION


sh3_pdz_combined_cluster1_iter12:

OpenMP: Using 6 of 6 threads
Alphabet length:21
16184 valid sequences out of 16184 
41 sites, none trimmed because no target specified
Effective number of samples: 2.4	(20% identical neighborhood = 1.000 samples)
iter	time	cond	fx	-loglk	||h||	||e||
1	0.8	2.60	271.8	256.3	4.2	1.0
2	1.2	1.02	269.9	261.9	4.3	0.7
3	1.6	1.00	269.1	262.4	4.5	0.6
4	2.1	1.94	262.7	260.9	6.5	0.3
5	2.5	1.97	253.5	252.2	10.3	0.1
6	2.9	1.20	241.0	236.4	17.0	0.3
7	3.7	1.17	240.1	236.1	17.6	0.2
8	4.1	0.46	234.2	228.5	20.4	0.3
9	4.5	0.14	232.3	224.4	20.7	0.5
10	4.9	0.19	231.9	223.4	20.7	0.5
11	5.3	0.30	230.8	220.7	21.0	0.6
12	5.7	0.31	229.1	217.9	22.6	0.6
13	6.2	0.23	228.0	217.4	24.1	0.6
14	6.6	0.06	227.5	218.3	24.7	0.4
15	7.0	0.06	227.4	218.5	24.4	0.4
16	7.4	0.08	227.2	218.4	24.3	0.4
17	7.9	0.13	226.7	217.6	24.9	0.4
18	8.2	0.14	226.4	216.1	26.0	0.5
19	8.4	0.05	226.1	215.8	26.5	0.5
20	8.6	0.02	226.1	215.6	26.8	0.4
Gradient optimization: MAXIMUMITERATION


Iteration 13:

sh3_pdz_combined_cluster0_iter13:

OpenMP: Using 6 of 6 threads
Alphabet length:21
13144 valid sequences out of 13144 
41 sites, none trimmed because no target specified
Effective number of samples: 2.5	(20% identical neighborhood = 1.000 samples)
iter	time	cond	fx	-loglk	||h||	||e||
1	0.8	2.46	287.2	271.6	4.3	1.0
2	1.1	1.01	285.4	277.0	4.4	0.7
3	1.5	1.00	284.6	277.6	4.6	0.6
4	1.8	1.92	278.5	276.5	6.5	0.3
5	2.1	2.00	269.5	268.3	10.1	0.1
6	2.5	1.27	256.9	252.6	16.7	0.3
7	3.1	1.18	254.9	249.7	17.9	0.4
8	3.4	0.43	248.3	241.5	20.9	0.4
9	3.8	0.15	246.5	237.4	21.3	0.5
10	4.2	0.20	246.0	236.2	21.3	0.6
11	4.6	0.29	244.7	233.5	22.0	0.6
12	4.9	0.20	243.3	232.0	24.1	0.6
13	5.6	0.18	243.0	231.6	24.1	0.6
14	6.0	0.05	242.7	232.7	24.4	0.5
15	6.3	0.05	242.6	233.2	24.2	0.5
16	6.7	0.09	242.5	233.5	24.1	0.4
17	7.0	0.14	242.2	233.7	24.1	0.4
18	7.4	0.15	241.7	233.2	24.5	0.4
19	8.2	0.17	241.6	232.9	24.8	0.4
20	8.6	0.07	241.2	231.5	25.6	0.4
Gradient optimization: MAXIMUMITERATION


sh3_pdz_combined_cluster1_iter13:

OpenMP: Using 6 of 6 threads
Alphabet length:21
16434 valid sequences out of 16434 
41 sites, none trimmed because no target specified
Effective number of samples: 2.4	(20% identical neighborhood = 1.000 samples)
iter	time	cond	fx	-loglk	||h||	||e||
1	0.8	2.60	269.3	253.8	4.2	1.0
2	1.2	1.02	267.5	259.4	4.3	0.7
3	1.6	1.00	266.7	259.9	4.5	0.6
4	2.0	1.94	260.3	258.4	6.5	0.3
5	2.5	1.97	251.1	249.8	10.3	0.1
6	2.9	1.21	238.6	234.1	17.0	0.3
7	3.7	1.17	237.7	233.7	17.6	0.2
8	4.1	0.46	231.8	226.1	20.4	0.3
9	4.5	0.14	229.9	222.0	20.7	0.5
10	5.0	0.19	229.5	221.0	20.7	0.5
11	5.4	0.30	228.4	218.3	21.0	0.6
12	5.8	0.31	226.7	215.5	22.6	0.6
13	6.2	0.23	225.7	215.0	24.1	0.6
14	6.6	0.07	225.2	215.9	24.7	0.4
15	7.0	0.06	225.0	216.1	24.4	0.4
16	7.4	0.08	224.9	216.1	24.4	0.4
17	7.8	0.13	224.4	215.2	24.9	0.4
18	8.1	0.15	224.1	213.7	26.0	0.5
19	8.4	0.05	223.8	213.4	26.5	0.5
20	8.6	0.02	223.7	213.3	26.8	0.4
Gradient optimization: MAXIMUMITERATION


Iteration 14:

sh3_pdz_combined_cluster0_iter14:

OpenMP: Using 6 of 6 threads
Alphabet length:21
12908 valid sequences out of 12908 
41 sites, none trimmed because no target specified
Effective number of samples: 2.6	(20% identical neighborhood = 1.000 samples)
iter	time	cond	fx	-loglk	||h||	||e||
1	0.6	2.41	290.1	274.6	4.3	1.0
2	0.9	1.01	288.4	279.9	4.4	0.7
3	1.2	1.00	287.6	280.5	4.6	0.7
4	1.6	1.92	281.6	279.5	6.5	0.3
5	2.0	2.01	272.6	271.4	10.1	0.1
6	2.4	1.28	259.9	255.6	16.7	0.3
7	3.0	1.18	257.4	251.6	18.1	0.4
8	3.3	0.40	250.8	243.5	21.2	0.4
9	3.7	0.15	249.0	239.6	21.5	0.5
10	4.0	0.20	248.5	238.5	21.5	0.6
11	4.4	0.28	247.2	235.9	22.1	0.6
12	4.7	0.18	245.9	234.8	24.3	0.6
13	5.4	0.16	245.7	234.3	24.4	0.6
14	5.8	0.05	245.4	235.3	24.5	0.5
15	6.2	0.06	245.4	235.8	24.3	0.5
16	6.5	0.08	245.3	236.1	24.2	0.5
17	6.9	0.13	244.9	236.3	24.2	0.4
18	7.3	0.14	244.5	235.8	24.4	0.4
19	7.9	0.16	244.4	235.5	24.5	0.4
20	8.3	0.07	244.0	234.4	25.0	0.5
Gradient optimization: MAXIMUMITERATION


sh3_pdz_combined_cluster1_iter14:

OpenMP: Using 6 of 6 threads
Alphabet length:21
16670 valid sequences out of 16670 
41 sites, none trimmed because no target specified
Effective number of samples: 2.4	(20% identical neighborhood = 1.000 samples)
iter	time	cond	fx	-loglk	||h||	||e||
1	0.8	2.60	266.6	251.1	4.2	1.0
2	1.3	1.02	264.8	256.7	4.3	0.7
3	1.7	1.00	264.0	257.2	4.4	0.6
4	2.1	1.94	257.6	255.8	6.5	0.3
5	2.6	1.98	248.5	247.2	10.3	0.1
6	3.0	1.21	236.0	231.4	17.0	0.3
7	3.8	1.17	235.0	230.9	17.6	0.2
8	4.2	0.46	229.0	223.3	20.4	0.3
9	4.7	0.14	227.2	219.2	20.8	0.5
10	5.1	0.19	226.8	218.2	20.7	0.5
11	5.5	0.30	225.6	215.5	21.1	0.6
12	5.9	0.30	224.0	212.8	22.7	0.6
13	6.3	0.25	223.1	212.3	24.0	0.6
14	6.7	0.05	222.5	213.2	24.6	0.4
15	7.1	0.06	222.4	213.5	24.4	0.4
16	7.5	0.09	222.2	213.5	24.3	0.4
17	7.9	0.17	221.7	212.7	25.1	0.4
18	8.2	0.08	221.3	211.5	26.0	0.4
19	8.5	0.03	221.1	210.9	26.6	0.4
20	8.7	0.03	221.1	210.5	26.9	0.5
Gradient optimization: MAXIMUMITERATION


Iteration 15:

sh3_pdz_combined_cluster0_iter15:

OpenMP: Using 6 of 6 threads
Alphabet length:21
12382 valid sequences out of 12382 
41 sites, none trimmed because no target specified
Effective number of samples: 2.6	(20% identical neighborhood = 1.000 samples)
iter	time	cond	fx	-loglk	||h||	||e||
1	0.7	2.38	293.7	278.2	4.3	1.0
2	1.0	1.01	292.0	283.5	4.4	0.7
3	1.3	1.00	291.2	284.1	4.6	0.7
4	1.6	1.92	285.3	283.1	6.5	0.3
5	2.0	2.02	276.3	275.1	10.1	0.1
6	2.3	1.29	263.5	259.2	16.6	0.3
7	2.9	1.17	260.8	254.5	18.2	0.4
8	3.3	0.39	254.1	246.6	21.3	0.4
9	3.7	0.15	252.3	242.8	21.5	0.6
10	4.0	0.20	251.9	241.7	21.5	0.6
11	4.4	0.27	250.6	239.3	22.2	0.6
12	4.7	0.17	249.4	238.3	24.4	0.6
13	5.4	0.15	249.2	237.9	24.5	0.6
14	5.8	0.05	248.9	238.7	24.5	0.5
15	6.1	0.06	248.9	239.3	24.3	0.5
16	6.5	0.08	248.8	239.5	24.2	0.5
17	6.8	0.13	248.4	239.7	24.2	0.4
18	7.1	0.13	248.0	239.2	24.4	0.4
19	7.8	0.15	247.9	238.9	24.4	0.4
20	8.1	0.06	247.5	237.8	24.9	0.5
Gradient optimization: MAXIMUMITERATION


sh3_pdz_combined_cluster1_iter15:

OpenMP: Using 6 of 6 threads
Alphabet length:21
17196 valid sequences out of 17196 
41 sites, none trimmed because no target specified
Effective number of samples: 2.3	(20% identical neighborhood = 1.000 samples)
iter	time	cond	fx	-loglk	||h||	||e||
1	0.9	2.61	264.7	249.2	4.2	1.0
2	1.3	1.02	262.8	254.8	4.3	0.7
3	1.8	1.00	262.1	255.3	4.4	0.6
4	2.2	1.95	255.7	253.8	6.5	0.3
5	2.6	1.97	246.5	245.3	10.3	0.1
6	3.1	1.21	234.1	229.5	17.0	0.3
7	3.9	1.17	233.1	229.2	17.6	0.2
8	4.3	0.46	227.2	221.6	20.4	0.3
9	4.8	0.14	225.4	217.5	20.7	0.5
10	5.2	0.18	225.1	216.5	20.7	0.5
11	5.6	0.30	223.9	213.9	21.0	0.6
12	6.0	0.32	222.3	211.1	22.5	0.6
13	6.4	0.20	221.1	210.6	24.1	0.5
14	6.9	0.10	220.8	211.5	24.9	0.4
15	7.3	0.06	220.6	211.6	24.6	0.4
16	7.6	0.07	220.5	211.6	24.5	0.4
17	7.9	0.11	220.1	210.9	24.7	0.4
18	8.2	0.13	219.6	209.5	25.6	0.5
19	8.7	0.12	219.4	209.1	26.2	0.5
20	8.9	0.05	219.3	208.8	26.8	0.5
Gradient optimization: MAXIMUMITERATION


Iteration 16:

sh3_pdz_combined_cluster0_iter16:

OpenMP: Using 6 of 6 threads
Alphabet length:21
11935 valid sequences out of 11935 
41 sites, none trimmed because no target specified
Effective number of samples: 2.6	(20% identical neighborhood = 1.000 samples)
iter	time	cond	fx	-loglk	||h||	||e||
1	0.6	2.35	297.1	281.5	4.4	1.0
2	1.0	1.01	295.4	286.8	4.5	0.7
3	1.3	1.00	294.5	287.4	4.7	0.7
4	1.6	1.92	288.6	286.4	6.5	0.3
5	1.9	2.02	279.7	278.4	10.0	0.1
6	2.2	1.30	266.8	262.5	16.6	0.3
7	2.9	1.17	263.9	257.3	18.2	0.5
8	3.2	0.38	257.2	249.5	21.3	0.4
9	3.6	0.15	255.5	245.9	21.5	0.6
10	3.9	0.20	255.0	244.8	21.5	0.6
11	4.2	0.27	253.8	242.4	22.2	0.6
12	4.5	0.17	252.6	241.6	24.4	0.6
13	5.1	0.14	252.4	241.1	24.6	0.6
14	5.5	0.05	252.1	241.9	24.6	0.5
15	5.8	0.06	252.1	242.4	24.3	0.5
16	6.1	0.08	252.0	242.7	24.2	0.5
17	6.4	0.13	251.6	242.8	24.2	0.4
18	6.8	0.13	251.2	242.3	24.4	0.4
19	7.4	0.15	251.1	242.0	24.5	0.4
20	7.7	0.06	250.7	240.9	24.9	0.5
Gradient optimization: MAXIMUMITERATION


sh3_pdz_combined_cluster1_iter16:

OpenMP: Using 6 of 6 threads
Alphabet length:21
17643 valid sequences out of 17643 
41 sites, none trimmed because no target specified
Effective number of samples: 2.3	(20% identical neighborhood = 1.000 samples)
iter	time	cond	fx	-loglk	||h||	||e||
1	0.9	2.62	263.2	247.7	4.2	1.0
2	1.3	1.02	261.3	253.3	4.2	0.7
3	1.8	1.00	260.6	253.8	4.4	0.6
4	2.2	1.95	254.2	252.3	6.5	0.3
5	2.6	1.97	245.0	243.8	10.3	0.1
6	3.0	1.20	232.6	228.0	17.0	0.3
7	3.9	1.17	231.7	227.8	17.6	0.2
8	4.4	0.46	225.9	220.2	20.4	0.3
9	4.9	0.14	224.1	216.2	20.7	0.5
10	5.4	0.18	223.7	215.2	20.6	0.5
11	5.8	0.30	222.6	212.7	20.9	0.6
12	6.2	0.32	221.0	209.8	22.4	0.6
13	6.6	0.18	219.7	209.2	24.1	0.5
14	7.1	0.14	219.5	210.2	24.9	0.4
15	7.4	0.05	219.3	210.2	24.6	0.4
16	7.6	0.06	219.2	210.2	24.6	0.4
17	7.9	0.11	218.8	209.7	24.6	0.4
18	8.1	0.13	218.3	208.4	25.4	0.5
19	8.6	0.14	218.1	208.2	25.8	0.5
20	8.9	0.05	217.9	207.5	26.6	0.5
Gradient optimization: MAXIMUMITERATION


Iteration 17:

sh3_pdz_combined_cluster0_iter17:

OpenMP: Using 6 of 6 threads
Alphabet length:21
11641 valid sequences out of 11641 
41 sites, none trimmed because no target specified
Effective number of samples: 2.6	(20% identical neighborhood = 1.000 samples)
iter	time	cond	fx	-loglk	||h||	||e||
1	0.5	2.33	300.0	284.5	4.4	1.0
2	0.9	1.01	298.3	289.7	4.5	0.7
3	1.2	1.01	297.5	290.4	4.7	0.7
4	1.5	1.92	291.6	289.4	6.5	0.3
5	1.8	2.02	282.6	281.4	10.0	0.1
6	2.1	1.31	269.8	265.5	16.5	0.3
7	2.7	1.17	266.8	259.9	18.3	0.5
8	3.0	0.37	260.0	252.1	21.4	0.5
9	3.3	0.15	258.3	248.6	21.6	0.6
10	3.7	0.20	257.9	247.5	21.5	0.6
11	4.0	0.27	256.6	245.1	22.2	0.6
12	4.4	0.18	255.4	244.4	24.4	0.6
13	5.0	0.13	255.2	243.9	24.6	0.6
14	5.3	0.05	255.0	244.7	24.6	0.5
15	5.7	0.06	254.9	245.2	24.4	0.5
16	5.9	0.08	254.8	245.4	24.3	0.5
17	6.3	0.13	254.4	245.6	24.2	0.4
18	6.6	0.13	254.0	245.1	24.4	0.4
19	7.2	0.15	253.9	244.7	24.5	0.4
20	7.5	0.06	253.5	243.6	25.0	0.5
Gradient optimization: MAXIMUMITERATION


sh3_pdz_combined_cluster1_iter17:

OpenMP: Using 6 of 6 threads
Alphabet length:21
17937 valid sequences out of 17937 
41 sites, none trimmed because no target specified
Effective number of samples: 2.3	(20% identical neighborhood = 1.000 samples)
iter	time	cond	fx	-loglk	||h||	||e||
1	0.9	2.63	261.8	246.2	4.2	1.0
2	1.3	1.02	259.9	251.9	4.2	0.7
3	1.9	1.00	259.2	252.4	4.4	0.6
4	2.3	1.95	252.8	250.9	6.5	0.3
5	2.8	1.97	243.6	242.4	10.3	0.1
6	3.2	1.20	231.2	226.6	17.0	0.3
7	4.1	1.17	230.3	226.3	17.6	0.2
8	4.5	0.46	224.5	218.8	20.4	0.3
9	4.9	0.14	222.7	214.8	20.7	0.5
10	5.4	0.18	222.3	213.8	20.6	0.5
11	5.9	0.29	221.2	211.3	20.9	0.6
12	6.4	0.33	219.6	208.4	22.3	0.6
13	6.8	0.18	218.3	207.7	24.1	0.5
14	7.2	0.16	218.1	208.8	24.9	0.4
15	7.4	0.05	217.9	208.7	24.7	0.4
16	7.7	0.05	217.8	208.8	24.6	0.4
17	8.0	0.10	217.4	208.4	24.6	0.4
18	8.2	0.13	216.9	207.2	25.3	0.5
19	8.5	0.21	216.9	206.7	26.2	0.5
20	8.7	0.04	216.5	206.2	26.5	0.4
Gradient optimization: MAXIMUMITERATION


Iteration 18:

sh3_pdz_combined_cluster0_iter18:

OpenMP: Using 6 of 6 threads
Alphabet length:21
11543 valid sequences out of 11543 
41 sites, none trimmed because no target specified
Effective number of samples: 2.7	(20% identical neighborhood = 1.000 samples)
iter	time	cond	fx	-loglk	||h||	||e||
1	0.7	2.31	301.4	285.9	4.4	1.0
2	1.0	1.01	299.8	291.1	4.5	0.7
3	1.3	1.01	298.9	291.8	4.7	0.7
4	1.6	1.92	293.0	290.8	6.5	0.3
5	1.8	2.03	284.1	282.8	10.0	0.1
6	2.1	1.31	271.2	266.9	16.5	0.3
7	2.7	1.17	268.1	261.2	18.3	0.5
8	3.1	0.37	261.3	253.4	21.4	0.5
9	3.4	0.15	259.7	249.9	21.6	0.6
10	3.7	0.20	259.2	248.8	21.5	0.6
11	4.0	0.27	257.9	246.5	22.2	0.6
12	4.4	0.18	256.8	245.8	24.4	0.6
13	4.9	0.13	256.5	245.2	24.7	0.6
14	5.3	0.05	256.3	246.0	24.6	0.5
15	5.6	0.06	256.3	246.6	24.4	0.5
16	5.9	0.08	256.2	246.8	24.3	0.5
17	6.2	0.13	255.8	246.9	24.2	0.4
18	6.6	0.13	255.3	246.4	24.4	0.4
19	7.1	0.15	255.2	246.0	24.5	0.4
20	7.4	0.06	254.9	244.9	25.1	0.5
Gradient optimization: MAXIMUMITERATION


sh3_pdz_combined_cluster1_iter18:

OpenMP: Using 6 of 6 threads
Alphabet length:21
18035 valid sequences out of 18035 
41 sites, none trimmed because no target specified
Effective number of samples: 2.3	(20% identical neighborhood = 1.000 samples)
iter	time	cond	fx	-loglk	||h||	||e||
1	0.9	2.63	260.9	245.4	4.2	1.0
2	1.4	1.02	259.0	251.0	4.2	0.7
3	1.9	1.00	258.3	251.5	4.4	0.6
4	2.3	1.95	251.9	250.1	6.5	0.3
5	2.8	1.97	242.8	241.5	10.3	0.1
6	3.2	1.20	230.4	225.8	17.0	0.3
7	4.1	1.17	229.5	225.5	17.6	0.2
8	4.5	0.46	223.6	218.0	20.4	0.3
9	5.0	0.13	221.8	214.0	20.7	0.5
10	5.5	0.18	221.5	213.0	20.6	0.5
11	5.9	0.29	220.4	210.5	20.9	0.6
12	6.4	0.33	218.8	207.6	22.3	0.6
13	6.8	0.18	217.5	206.9	24.2	0.5
14	7.0	0.17	217.3	207.9	24.9	0.4
15	7.3	0.05	217.0	207.9	24.7	0.4
16	7.6	0.05	217.0	207.9	24.6	0.4
17	7.9	0.10	216.6	207.6	24.6	0.4
18	8.1	0.13	216.1	206.5	25.3	0.5
19	8.4	0.20	216.0	206.0	26.1	0.4
20	8.6	0.04	215.6	205.4	26.5	0.4
Gradient optimization: MAXIMUMITERATION


Iteration 19:

sh3_pdz_combined_cluster0_iter19:

OpenMP: Using 6 of 6 threads
Alphabet length:21
11526 valid sequences out of 11526 
41 sites, none trimmed because no target specified
Effective number of samples: 2.7	(20% identical neighborhood = 1.000 samples)
iter	time	cond	fx	-loglk	||h||	||e||
1	0.6	2.31	301.9	286.3	4.4	1.0
2	0.8	1.01	300.2	291.5	4.5	0.7
3	1.2	1.01	299.3	292.2	4.7	0.7
4	1.5	1.92	293.5	291.2	6.5	0.3
5	1.8	2.03	284.5	283.3	10.0	0.1
6	2.1	1.31	271.6	267.4	16.5	0.3
7	2.8	1.17	268.5	261.5	18.3	0.5
8	3.1	0.37	261.7	253.8	21.4	0.5
9	3.4	0.15	260.1	250.3	21.6	0.6
10	3.8	0.20	259.6	249.2	21.6	0.6
11	4.0	0.27	258.3	246.9	22.2	0.6
12	4.4	0.18	257.2	246.2	24.5	0.6
13	5.0	0.13	256.9	245.7	24.7	0.6
14	5.3	0.05	256.7	246.4	24.6	0.5
15	5.7	0.06	256.7	247.0	24.4	0.5
16	5.9	0.08	256.6	247.2	24.3	0.5
17	6.3	0.13	256.2	247.3	24.2	0.4
18	6.6	0.13	255.7	246.8	24.4	0.4
19	7.2	0.15	255.6	246.3	24.6	0.4
20	7.6	0.06	255.3	245.2	25.1	0.5
Gradient optimization: MAXIMUMITERATION


sh3_pdz_combined_cluster1_iter19:

OpenMP: Using 6 of 6 threads
Alphabet length:21
18052 valid sequences out of 18052 
41 sites, none trimmed because no target specified
Effective number of samples: 2.3	(20% identical neighborhood = 1.000 samples)
iter	time	cond	fx	-loglk	||h||	||e||
1	0.9	2.63	260.7	245.1	4.2	1.0
2	1.4	1.02	258.8	250.8	4.2	0.7
3	1.8	1.00	258.1	251.2	4.4	0.6
4	2.3	1.95	251.6	249.8	6.5	0.3
5	2.7	1.97	242.5	241.3	10.3	0.1
6	3.1	1.20	230.1	225.5	17.0	0.3
7	4.1	1.17	229.2	225.2	17.6	0.2
8	4.5	0.46	223.3	217.7	20.4	0.3
9	5.0	0.13	221.6	213.7	20.7	0.5
10	5.4	0.18	221.2	212.7	20.6	0.5
11	5.9	0.29	220.1	210.2	20.9	0.6
12	6.3	0.33	218.5	207.3	22.3	0.6
13	6.8	0.18	217.2	206.6	24.2	0.5
14	7.0	0.17	217.1	207.7	25.0	0.4
15	7.3	0.05	216.8	207.6	24.7	0.4
16	7.5	0.05	216.7	207.6	24.6	0.4
17	7.8	0.10	216.3	207.3	24.6	0.4
18	8.0	0.13	215.8	206.2	25.3	0.5
19	8.3	0.20	215.7	205.7	26.2	0.4
20	8.6	0.04	215.3	205.1	26.5	0.4
Gradient optimization: MAXIMUMITERATION


Iteration 20:

sh3_pdz_combined_cluster0_iter20:

OpenMP: Using 6 of 6 threads
Alphabet length:21
11549 valid sequences out of 11549 
41 sites, none trimmed because no target specified
Effective number of samples: 2.7	(20% identical neighborhood = 1.000 samples)
iter	time	cond	fx	-loglk	||h||	||e||
1	0.7	2.31	302.2	286.7	4.4	1.0
2	0.9	1.01	300.6	291.9	4.5	0.7
3	1.3	1.01	299.7	292.6	4.7	0.7
4	1.6	1.92	293.8	291.6	6.5	0.3
5	1.9	2.03	284.9	283.6	10.0	0.1
6	2.3	1.31	272.0	267.7	16.5	0.3
7	2.9	1.17	268.9	261.9	18.3	0.5
8	3.2	0.37	262.1	254.1	21.4	0.5
9	3.5	0.15	260.4	250.6	21.6	0.6
10	3.8	0.20	260.0	249.6	21.6	0.6
11	4.1	0.27	258.7	247.2	22.2	0.6
12	4.4	0.18	257.5	246.6	24.5	0.6
13	5.0	0.13	257.3	246.0	24.7	0.6
14	5.3	0.05	257.1	246.8	24.6	0.5
15	5.7	0.06	257.0	247.3	24.4	0.5
16	6.0	0.08	256.9	247.5	24.3	0.5
17	6.3	0.13	256.5	247.6	24.2	0.4
18	6.6	0.13	256.1	247.1	24.4	0.4
19	7.2	0.15	255.9	246.6	24.6	0.5
20	7.5	0.06	255.6	245.5	25.1	0.5
Gradient optimization: MAXIMUMITERATION


sh3_pdz_combined_cluster1_iter20:

OpenMP: Using 6 of 6 threads
Alphabet length:21
18029 valid sequences out of 18029 
41 sites, none trimmed because no target specified
Effective number of samples: 2.3	(20% identical neighborhood = 1.000 samples)
iter	time	cond	fx	-loglk	||h||	||e||
1	0.9	2.63	260.4	244.9	4.2	1.0
2	1.3	1.02	258.6	250.5	4.2	0.7
3	1.7	1.00	257.8	251.0	4.4	0.6
4	2.2	1.95	251.4	249.6	6.5	0.3
5	2.6	1.97	242.3	241.1	10.3	0.1
6	3.1	1.21	229.9	225.3	17.0	0.3
7	4.0	1.17	229.0	225.0	17.6	0.2
8	4.5	0.46	223.1	217.4	20.4	0.3
9	5.0	0.14	221.3	213.4	20.7	0.5
10	5.4	0.18	221.0	212.5	20.7	0.5
11	5.9	0.29	219.9	209.9	20.9	0.6
12	6.3	0.33	218.2	207.1	22.4	0.6
13	6.7	0.18	217.0	206.4	24.2	0.5
14	7.0	0.16	216.8	207.4	25.0	0.4
15	7.3	0.05	216.5	207.4	24.7	0.4
16	7.5	0.05	216.5	207.4	24.6	0.4
17	7.8	0.10	216.1	207.0	24.7	0.4
18	8.0	0.13	215.6	205.8	25.4	0.5
19	8.5	0.14	215.4	205.5	25.8	0.4
20	8.8	0.05	215.1	204.9	26.5	0.4
Gradient optimization: MAXIMUMITERATION


Iteration 21:

sh3_pdz_combined_cluster0_iter21:

OpenMP: Using 6 of 6 threads
Alphabet length:21
11597 valid sequences out of 11597 
41 sites, none trimmed because no target specified
Effective number of samples: 2.7	(20% identical neighborhood = 1.000 samples)
iter	time	cond	fx	-loglk	||h||	||e||
1	0.7	2.31	302.5	287.0	4.4	1.0
2	1.0	1.01	300.8	292.2	4.5	0.7
3	1.2	1.01	300.0	292.9	4.7	0.7
4	1.5	1.92	294.1	291.9	6.5	0.3
5	1.9	2.03	285.2	283.9	10.0	0.1
6	2.2	1.31	272.3	268.0	16.5	0.3
7	2.8	1.17	269.2	262.2	18.3	0.5
8	3.1	0.37	262.4	254.5	21.4	0.5
9	3.4	0.15	260.7	250.9	21.6	0.6
10	3.7	0.20	260.2	249.9	21.6	0.6
11	4.0	0.27	259.0	247.5	22.2	0.6
12	4.3	0.18	257.8	246.9	24.5	0.6
13	4.9	0.13	257.6	246.3	24.7	0.6
14	5.3	0.05	257.4	247.1	24.6	0.5
15	5.6	0.06	257.3	247.6	24.3	0.5
16	5.9	0.08	257.2	247.8	24.3	0.5
17	6.2	0.13	256.8	247.9	24.2	0.4
18	6.5	0.13	256.4	247.4	24.4	0.4
19	7.1	0.15	256.2	246.9	24.6	0.5
20	7.5	0.05	255.9	245.8	25.2	0.5
Gradient optimization: MAXIMUMITERATION


sh3_pdz_combined_cluster1_iter21:

OpenMP: Using 6 of 6 threads
Alphabet length:21
17981 valid sequences out of 17981 
41 sites, none trimmed because no target specified
Effective number of samples: 2.3	(20% identical neighborhood = 1.000 samples)
iter	time	cond	fx	-loglk	||h||	||e||
1	0.9	2.62	260.2	244.7	4.2	1.0
2	1.4	1.02	258.4	250.3	4.2	0.7
3	1.9	1.00	257.6	250.8	4.4	0.6
4	2.3	1.95	251.2	249.4	6.5	0.3
5	2.8	1.97	242.1	240.9	10.3	0.1
6	3.3	1.21	229.7	225.1	17.0	0.3
7	4.2	1.17	228.7	224.7	17.6	0.2
8	4.7	0.46	222.8	217.2	20.4	0.3
9	5.1	0.14	221.0	213.1	20.8	0.5
10	5.6	0.18	220.7	212.2	20.7	0.5
11	6.0	0.29	219.6	209.6	21.0	0.6
12	6.5	0.32	218.0	206.8	22.4	0.6
13	6.9	0.18	216.7	206.1	24.2	0.5
14	7.2	0.14	216.5	207.2	25.0	0.4
15	7.6	0.05	216.3	207.1	24.7	0.4
16	7.9	0.06	216.2	207.2	24.6	0.4
17	8.2	0.11	215.8	206.7	24.7	0.4
18	8.5	0.13	215.3	205.4	25.4	0.5
19	9.0	0.14	215.1	205.2	25.9	0.5
20	9.2	0.05	214.9	204.6	26.6	0.5
Gradient optimization: MAXIMUMITERATION


Iteration 22:

sh3_pdz_combined_cluster0_iter22:

OpenMP: Using 6 of 6 threads
Alphabet length:21
11690 valid sequences out of 11690 
41 sites, none trimmed because no target specified
Effective number of samples: 2.7	(20% identical neighborhood = 1.000 samples)
iter	time	cond	fx	-loglk	||h||	||e||
1	0.7	2.31	302.6	287.0	4.4	1.0
2	1.0	1.01	300.9	292.2	4.5	0.7
3	1.3	1.01	300.0	292.9	4.7	0.7
4	1.6	1.92	294.2	291.9	6.5	0.3
5	1.9	2.03	285.2	283.9	10.0	0.1
6	2.2	1.31	272.3	268.0	16.5	0.3
7	2.9	1.17	269.2	262.3	18.3	0.5
8	3.2	0.37	262.4	254.5	21.4	0.5
9	3.5	0.15	260.7	251.0	21.6	0.6
10	3.8	0.20	260.3	249.9	21.6	0.6
11	4.2	0.27	259.0	247.5	22.3	0.6
12	4.5	0.18	257.8	246.9	24.5	0.6
13	5.1	0.13	257.6	246.4	24.7	0.6
14	5.5	0.05	257.4	247.1	24.6	0.5
15	5.8	0.06	257.3	247.7	24.3	0.5
16	6.1	0.08	257.2	247.9	24.2	0.5
17	6.4	0.13	256.9	248.0	24.2	0.4
18	6.7	0.13	256.4	247.5	24.4	0.4
19	7.4	0.14	256.3	246.9	24.6	0.5
20	7.7	0.05	255.9	245.8	25.2	0.5
Gradient optimization: MAXIMUMITERATION


sh3_pdz_combined_cluster1_iter22:

OpenMP: Using 6 of 6 threads
Alphabet length:21
17888 valid sequences out of 17888 
41 sites, none trimmed because no target specified
Effective number of samples: 2.3	(20% identical neighborhood = 1.000 samples)
iter	time	cond	fx	-loglk	||h||	||e||
1	0.9	2.62	260.0	244.5	4.2	1.0
2	1.3	1.02	258.2	250.1	4.2	0.7
3	1.8	1.00	257.5	250.6	4.4	0.6
4	2.2	1.95	251.1	249.2	6.5	0.3
5	2.7	1.98	242.0	240.7	10.3	0.1
6	3.1	1.21	229.5	225.0	17.0	0.3
7	3.9	1.17	228.5	224.5	17.6	0.2
8	4.4	0.46	222.6	216.9	20.5	0.3
9	4.9	0.14	220.8	212.8	20.8	0.5
10	5.3	0.18	220.4	211.8	20.7	0.5
11	5.7	0.29	219.3	209.3	21.0	0.6
12	6.2	0.32	217.7	206.5	22.5	0.6
13	6.7	0.19	216.5	205.9	24.2	0.5
14	7.1	0.11	216.2	206.9	25.0	0.4
15	7.3	0.05	216.0	207.0	24.7	0.4
16	7.6	0.06	216.0	206.9	24.6	0.4
17	7.9	0.11	215.6	206.4	24.7	0.4
18	8.1	0.13	215.1	205.0	25.6	0.5
19	8.6	0.13	214.9	204.7	26.1	0.5
20	8.8	0.05	214.7	204.2	26.8	0.5
Gradient optimization: MAXIMUMITERATION


Iteration 23:

sh3_pdz_combined_cluster0_iter23:

OpenMP: Using 6 of 6 threads
Alphabet length:21
11797 valid sequences out of 11797 
41 sites, none trimmed because no target specified
Effective number of samples: 2.7	(20% identical neighborhood = 1.000 samples)
iter	time	cond	fx	-loglk	||h||	||e||
1	0.5	2.31	302.8	287.3	4.4	1.0
2	0.8	1.01	301.1	292.4	4.5	0.7
3	1.2	1.01	300.2	293.1	4.7	0.7
4	1.5	1.92	294.4	292.2	6.5	0.3
5	1.8	2.02	285.4	284.2	10.0	0.1
6	2.2	1.31	272.5	268.3	16.5	0.3
7	2.8	1.17	269.5	262.6	18.3	0.5
8	3.2	0.37	262.7	254.8	21.4	0.5
9	3.5	0.15	261.0	251.2	21.6	0.6
10	3.9	0.20	260.5	250.2	21.5	0.6
11	4.2	0.27	259.2	247.8	22.3	0.6
12	4.5	0.18	258.1	247.2	24.5	0.6
13	5.2	0.13	257.8	246.6	24.7	0.6
14	5.4	0.05	257.7	247.4	24.6	0.5
15	5.8	0.06	257.6	247.9	24.3	0.5
16	6.1	0.08	257.5	248.1	24.2	0.5
17	6.4	0.13	257.1	248.2	24.2	0.4
18	6.7	0.13	256.6	247.7	24.4	0.4
19	7.4	0.14	256.5	247.0	24.7	0.5
20	7.7	0.05	256.1	246.0	25.2	0.5
Gradient optimization: MAXIMUMITERATION


sh3_pdz_combined_cluster1_iter23:

OpenMP: Using 6 of 6 threads
Alphabet length:21
17781 valid sequences out of 17781 
41 sites, none trimmed because no target specified
Effective number of samples: 2.3	(20% identical neighborhood = 1.000 samples)
iter	time	cond	fx	-loglk	||h||	||e||
1	0.9	2.61	259.7	244.2	4.2	1.0
2	1.4	1.02	257.9	249.8	4.2	0.7
3	1.8	1.00	257.2	250.3	4.4	0.6
4	2.3	1.95	250.8	248.9	6.5	0.3
5	2.7	1.98	241.7	240.5	10.3	0.1
6	3.2	1.21	229.2	224.7	17.0	0.3
7	4.0	1.17	228.2	224.1	17.6	0.2
8	4.5	0.46	222.2	216.5	20.5	0.3
9	5.0	0.14	220.4	212.4	20.8	0.5
10	5.4	0.18	220.0	211.4	20.8	0.5
11	5.9	0.29	218.9	208.8	21.1	0.6
12	6.3	0.31	217.3	206.1	22.6	0.6
13	6.8	0.20	216.2	205.5	24.2	0.5
14	7.2	0.09	215.8	206.5	24.9	0.4
15	7.4	0.06	215.7	206.6	24.6	0.4
16	7.7	0.07	215.6	206.6	24.5	0.4
17	7.9	0.11	215.1	205.9	24.8	0.4
18	8.2	0.14	214.7	204.4	25.8	0.5
19	8.4	0.11	214.5	203.7	27.0	0.5
20	8.7	0.04	214.4	203.8	26.9	0.5
Gradient optimization: MAXIMUMITERATION


Iteration 24:

sh3_pdz_combined_cluster0_iter24:

OpenMP: Using 6 of 6 threads
Alphabet length:21
11856 valid sequences out of 11856 
41 sites, none trimmed because no target specified
Effective number of samples: 2.7	(20% identical neighborhood = 1.000 samples)
iter	time	cond	fx	-loglk	||h||	||e||
1	0.7	2.31	303.4	287.8	4.4	1.0
2	0.9	1.01	301.7	293.0	4.5	0.7
3	1.2	1.01	300.8	293.7	4.7	0.7
4	1.6	1.91	294.9	292.7	6.5	0.3
5	1.9	2.02	286.0	284.7	10.1	0.1
6	2.2	1.31	273.1	268.8	16.5	0.3
7	2.8	1.17	270.1	263.3	18.2	0.5
8	3.1	0.38	263.2	255.4	21.4	0.5
9	3.5	0.15	261.5	251.8	21.6	0.6
10	3.7	0.21	261.1	250.7	21.5	0.6
11	4.0	0.27	259.8	248.3	22.3	0.6
12	4.4	0.17	258.6	247.7	24.5	0.6
13	5.0	0.13	258.4	247.2	24.7	0.6
14	5.4	0.05	258.2	248.0	24.6	0.5
15	5.8	0.06	258.1	248.5	24.3	0.5
16	6.0	0.08	258.0	248.7	24.2	0.5
17	6.4	0.13	257.6	248.8	24.2	0.4
18	6.7	0.13	257.2	248.3	24.4	0.4
19	7.3	0.14	257.0	247.5	24.7	0.5
20	7.7	0.04	256.7	246.5	25.2	0.5
Gradient optimization: MAXIMUMITERATION


sh3_pdz_combined_cluster1_iter24:

OpenMP: Using 6 of 6 threads
Alphabet length:21
17722 valid sequences out of 17722 
41 sites, none trimmed because no target specified
Effective number of samples: 2.3	(20% identical neighborhood = 1.000 samples)
iter	time	cond	fx	-loglk	||h||	||e||
1	0.9	2.61	259.3	243.7	4.2	1.0
2	1.3	1.02	257.4	249.4	4.2	0.7
3	1.7	1.00	256.7	249.9	4.4	0.6
4	2.2	1.95	250.4	248.5	6.5	0.3
5	2.7	1.98	241.3	240.1	10.2	0.1
6	3.2	1.22	228.8	224.3	17.0	0.3
7	4.1	1.18	227.7	223.7	17.6	0.2
8	4.6	0.46	221.7	215.9	20.5	0.3
9	5.0	0.14	219.9	211.9	20.9	0.5
10	5.5	0.18	219.6	210.9	20.8	0.5
11	6.0	0.29	218.4	208.3	21.1	0.6
12	6.5	0.31	216.8	205.6	22.7	0.6
13	6.9	0.22	215.8	205.1	24.2	0.6
14	7.1	0.07	215.3	206.0	24.9	0.4
15	7.4	0.06	215.2	206.2	24.6	0.4
16	7.7	0.08	215.1	206.2	24.5	0.4
17	7.9	0.12	214.6	205.4	24.9	0.4
18	8.2	0.16	214.3	203.8	26.0	0.5
19	8.5	0.06	214.0	203.6	26.7	0.5
20	8.8	0.02	214.0	203.5	26.9	0.5
Gradient optimization: MAXIMUMITERATION


Iteration 25:

sh3_pdz_combined_cluster0_iter25:

OpenMP: Using 6 of 6 threads
Alphabet length:21
11953 valid sequences out of 11953 
41 sites, none trimmed because no target specified
Effective number of samples: 2.7	(20% identical neighborhood = 1.000 samples)
iter	time	cond	fx	-loglk	||h||	||e||
1	0.6	2.31	304.7	289.2	4.4	1.0
2	0.9	1.01	303.0	294.3	4.5	0.7
3	1.2	1.01	302.1	295.0	4.7	0.7
4	1.5	1.91	296.3	294.0	6.5	0.3
5	1.8	2.02	287.3	286.0	10.1	0.1
6	2.1	1.31	274.4	270.1	16.5	0.3
7	2.7	1.17	271.4	264.7	18.2	0.5
8	3.1	0.38	264.6	256.8	21.3	0.4
9	3.5	0.15	262.8	253.1	21.6	0.6
10	3.8	0.21	262.4	252.0	21.5	0.6
11	4.1	0.27	261.1	249.6	22.3	0.6
12	4.4	0.17	259.9	249.0	24.5	0.6
13	5.0	0.12	259.7	248.5	24.7	0.6
14	5.3	0.05	259.5	249.3	24.6	0.5
15	5.7	0.06	259.4	249.8	24.3	0.5
16	6.0	0.08	259.3	250.0	24.2	0.5
17	6.3	0.13	258.9	250.0	24.2	0.4
18	6.7	0.14	258.5	249.6	24.4	0.4
19	7.2	0.12	258.2	248.5	24.9	0.5
20	7.5	0.03	257.9	247.5	25.4	0.5
Gradient optimization: MAXIMUMITERATION


sh3_pdz_combined_cluster1_iter25:

OpenMP: Using 6 of 6 threads
Alphabet length:21
17625 valid sequences out of 17625 
41 sites, none trimmed because no target specified
Effective number of samples: 2.3	(20% identical neighborhood = 1.000 samples)
iter	time	cond	fx	-loglk	||h||	||e||
1	0.9	2.60	258.4	242.9	4.2	1.0
2	1.4	1.02	256.6	248.5	4.2	0.7
3	1.8	1.00	255.9	249.0	4.4	0.6
4	2.3	1.95	249.5	247.6	6.5	0.3
5	2.7	1.98	240.5	239.2	10.2	0.1
6	3.1	1.22	228.0	223.4	17.0	0.3
7	4.1	1.18	226.8	222.7	17.6	0.2
8	4.6	0.46	220.8	215.0	20.6	0.3
9	5.0	0.14	219.0	211.0	20.9	0.5
10	5.5	0.18	218.7	209.9	20.8	0.5
11	5.9	0.29	217.5	207.4	21.2	0.6
12	6.4	0.30	215.9	204.7	22.7	0.6
13	6.9	0.22	215.0	204.2	24.2	0.6
14	7.2	0.06	214.5	205.2	24.8	0.4
15	7.5	0.06	214.4	205.4	24.5	0.4
16	7.8	0.08	214.2	205.3	24.5	0.4
17	8.0	0.14	213.7	204.5	25.1	0.4
18	8.3	0.12	213.4	203.1	26.2	0.5
19	8.5	0.04	213.2	202.8	26.7	0.5
20	8.8	0.02	213.1	202.5	27.0	0.5
Gradient optimization: MAXIMUMITERATION


Iteration 26:

sh3_pdz_combined_cluster0_iter26:

OpenMP: Using 6 of 6 threads
Alphabet length:21
12179 valid sequences out of 12179 
41 sites, none trimmed because no target specified
Effective number of samples: 2.7	(20% identical neighborhood = 1.000 samples)
iter	time	cond	fx	-loglk	||h||	||e||
1	0.6	2.31	306.6	291.1	4.4	1.0
2	0.9	1.01	304.9	296.2	4.5	0.7
3	1.2	1.01	304.0	297.0	4.7	0.7
4	1.5	1.91	298.1	295.9	6.5	0.3
5	1.9	2.02	289.1	287.8	10.1	0.1
6	2.3	1.31	276.2	271.9	16.5	0.3
7	2.9	1.17	273.2	266.6	18.2	0.5
8	3.2	0.38	266.4	258.6	21.3	0.4
9	3.5	0.16	264.6	254.9	21.6	0.6
10	3.8	0.21	264.2	253.8	21.6	0.6
11	4.2	0.27	262.8	251.3	22.3	0.6
12	4.6	0.17	261.7	250.8	24.6	0.5
13	5.3	0.12	261.5	250.3	24.8	0.6
14	5.6	0.05	261.3	251.1	24.6	0.5
15	5.9	0.06	261.2	251.6	24.3	0.5
16	6.3	0.08	261.1	251.8	24.2	0.5
17	6.5	0.13	260.6	251.7	24.2	0.4
18	6.9	0.19	260.3	251.4	24.5	0.4
19	7.2	0.08	259.9	250.1	25.1	0.5
20	7.6	0.03	259.6	249.0	25.7	0.5
Gradient optimization: MAXIMUMITERATION


sh3_pdz_combined_cluster1_iter26:

OpenMP: Using 6 of 6 threads
Alphabet length:21
17399 valid sequences out of 17399 
41 sites, none trimmed because no target specified
Effective number of samples: 2.3	(20% identical neighborhood = 1.000 samples)
iter	time	cond	fx	-loglk	||h||	||e||
1	0.9	2.60	257.1	241.5	4.1	1.0
2	1.3	1.02	255.2	247.1	4.2	0.7
3	1.8	1.00	254.5	247.6	4.4	0.6
4	2.3	1.95	248.2	246.3	6.4	0.3
5	2.8	1.99	239.2	237.9	10.2	0.1
6	3.2	1.22	226.6	222.1	17.0	0.3
7	4.1	1.18	225.5	221.3	17.7	0.3
8	4.5	0.45	219.4	213.5	20.6	0.3
9	4.9	0.14	217.6	209.5	21.0	0.5
10	5.3	0.18	217.2	208.5	20.9	0.5
11	5.8	0.29	216.1	205.9	21.2	0.6
12	6.3	0.30	214.5	203.4	22.8	0.6
13	6.7	0.24	213.7	202.9	24.2	0.6
14	7.1	0.05	213.1	203.8	24.7	0.4
15	7.3	0.06	213.0	204.0	24.5	0.4
16	7.6	0.09	212.8	204.1	24.4	0.4
17	7.9	0.16	212.3	203.2	25.3	0.4
18	8.1	0.08	212.0	202.1	26.2	0.4
19	8.4	0.03	211.8	201.5	26.7	0.4
20	8.6	0.03	211.8	201.1	27.0	0.5
Gradient optimization: MAXIMUMITERATION


Iteration 27:

sh3_pdz_combined_cluster0_iter27:

OpenMP: Using 6 of 6 threads
Alphabet length:21
12510 valid sequences out of 12510 
41 sites, none trimmed because no target specified
Effective number of samples: 2.7	(20% identical neighborhood = 1.000 samples)
iter	time	cond	fx	-loglk	||h||	||e||
1	0.7	2.32	306.9	291.4	4.4	1.0
2	1.0	1.01	305.2	296.6	4.5	0.7
3	1.4	1.01	304.3	297.3	4.7	0.7
4	1.7	1.91	298.4	296.2	6.6	0.3
5	2.0	2.02	289.4	288.1	10.1	0.1
6	2.3	1.30	276.5	272.1	16.6	0.3
7	2.9	1.18	273.6	267.3	18.1	0.4
8	3.3	0.39	266.8	259.2	21.3	0.4
9	3.7	0.16	265.0	255.4	21.5	0.6
10	4.0	0.21	264.5	254.2	21.5	0.6
11	4.3	0.27	263.2	251.7	22.3	0.6
12	4.6	0.16	262.0	251.1	24.6	0.5
13	5.4	0.12	261.8	250.7	24.8	0.6
14	5.6	0.05	261.6	251.4	24.6	0.5
15	6.0	0.06	261.5	252.0	24.3	0.5
16	6.3	0.08	261.4	252.2	24.2	0.5
17	6.7	0.12	261.0	252.1	24.2	0.4
18	6.9	0.20	260.7	251.9	24.5	0.4
19	7.3	0.08	260.2	250.6	25.1	0.5
20	7.6	0.03	260.0	249.3	25.6	0.5
Gradient optimization: MAXIMUMITERATION


sh3_pdz_combined_cluster1_iter27:

OpenMP: Using 6 of 6 threads
Alphabet length:21
17068 valid sequences out of 17068 
41 sites, none trimmed because no target specified
Effective number of samples: 2.3	(20% identical neighborhood = 1.000 samples)
iter	time	cond	fx	-loglk	||h||	||e||
1	0.9	2.59	256.2	240.6	4.1	1.0
2	1.3	1.02	254.3	246.2	4.2	0.7
3	1.8	1.00	253.6	246.7	4.4	0.6
4	2.3	1.95	247.4	245.4	6.4	0.3
5	2.7	1.99	238.3	237.1	10.2	0.1
6	3.1	1.23	225.8	221.3	17.0	0.3
7	4.1	1.18	224.5	220.2	17.7	0.3
8	4.5	0.45	218.3	212.4	20.7	0.3
9	5.0	0.14	216.5	208.3	21.1	0.5
10	5.4	0.18	216.2	207.3	21.0	0.5
11	5.8	0.29	215.1	204.8	21.4	0.6
12	6.3	0.28	213.5	202.3	23.0	0.6
13	6.7	0.27	212.9	201.9	24.1	0.6
14	7.1	0.05	212.2	202.8	24.6	0.5
15	7.4	0.06	212.1	203.1	24.4	0.4
16	7.7	0.10	211.9	203.3	24.3	0.4
17	8.0	0.13	211.4	203.0	24.8	0.4
18	8.2	0.22	211.3	201.5	25.8	0.4
19	8.4	0.05	210.8	201.0	26.1	0.4
20	8.7	0.02	210.8	200.6	26.2	0.5
Gradient optimization: MAXIMUMITERATION


Iteration 28:

sh3_pdz_combined_cluster0_iter28:

OpenMP: Using 6 of 6 threads
Alphabet length:21
12811 valid sequences out of 12811 
41 sites, none trimmed because no target specified
Effective number of samples: 2.7	(20% identical neighborhood = 1.000 samples)
iter	time	cond	fx	-loglk	||h||	||e||
1	0.6	2.34	306.1	290.6	4.4	1.0
2	1.0	1.01	304.4	295.8	4.5	0.7
3	1.3	1.00	303.5	296.5	4.7	0.7
4	1.6	1.91	297.5	295.4	6.6	0.3
5	2.0	2.01	288.4	287.2	10.1	0.1
6	2.3	1.29	275.6	271.2	16.6	0.3
7	3.0	1.18	272.9	266.9	18.1	0.4
8	3.3	0.40	266.1	258.7	21.2	0.4
9	3.6	0.16	264.3	254.8	21.5	0.6
10	4.0	0.21	263.8	253.6	21.5	0.6
11	4.3	0.27	262.4	251.0	22.3	0.6
12	4.6	0.16	261.2	250.3	24.6	0.6
13	5.3	0.12	261.0	249.9	24.7	0.6
14	5.7	0.05	260.8	250.7	24.6	0.5
15	6.1	0.06	260.7	251.2	24.3	0.5
16	6.4	0.08	260.6	251.5	24.2	0.5
17	6.7	0.12	260.2	251.4	24.1	0.4
18	7.1	0.17	259.8	251.1	24.4	0.4
19	7.4	0.09	259.4	249.7	25.1	0.5
20	7.8	0.03	259.2	248.8	25.5	0.5
Gradient optimization: MAXIMUMITERATION


sh3_pdz_combined_cluster1_iter28:

OpenMP: Using 6 of 6 threads
Alphabet length:21
16767 valid sequences out of 16767 
41 sites, none trimmed because no target specified
Effective number of samples: 2.3	(20% identical neighborhood = 1.000 samples)
iter	time	cond	fx	-loglk	||h||	||e||
1	0.9	2.58	255.9	240.3	4.1	1.0
2	1.3	1.01	254.1	245.9	4.2	0.7
3	1.7	1.00	253.3	246.4	4.4	0.7
4	2.2	1.95	247.1	245.2	6.4	0.3
5	2.6	1.99	238.1	236.9	10.2	0.1
6	3.1	1.24	225.5	221.1	17.0	0.3
7	4.0	1.18	224.1	219.7	17.8	0.3
8	4.4	0.44	217.9	211.7	20.8	0.3
9	4.8	0.14	216.1	207.8	21.2	0.5
10	5.3	0.18	215.7	206.7	21.1	0.5
11	5.7	0.29	214.6	204.2	21.5	0.6
12	6.1	0.27	213.0	201.9	23.2	0.6
13	6.5	0.30	212.7	201.6	24.0	0.6
14	6.9	0.05	211.9	202.4	24.4	0.5
15	7.3	0.05	211.8	202.8	24.3	0.4
16	7.6	0.09	211.6	203.0	24.3	0.4
17	7.9	0.14	211.2	202.9	24.5	0.4
18	8.2	0.14	210.7	201.7	25.2	0.4
19	8.6	0.09	210.6	201.1	25.6	0.4
20	8.9	0.04	210.5	200.6	25.8	0.4
Gradient optimization: MAXIMUMITERATION


Iteration 29:

sh3_pdz_combined_cluster0_iter29:

OpenMP: Using 6 of 6 threads
Alphabet length:21
13010 valid sequences out of 13010 
41 sites, none trimmed because no target specified
Effective number of samples: 2.7	(20% identical neighborhood = 1.000 samples)
iter	time	cond	fx	-loglk	||h||	||e||
1	0.7	2.36	305.6	290.0	4.4	1.0
2	1.1	1.01	303.8	295.3	4.5	0.7
3	1.4	1.00	302.9	296.0	4.7	0.6
4	1.7	1.91	296.9	294.8	6.6	0.3
5	2.1	2.01	287.8	286.6	10.1	0.1
6	2.5	1.29	275.0	270.6	16.6	0.3
7	3.2	1.18	272.5	266.7	18.0	0.4
8	3.5	0.41	265.7	258.5	21.1	0.4
9	3.8	0.16	263.8	254.4	21.4	0.5
10	4.2	0.21	263.3	253.2	21.5	0.6
11	4.5	0.28	262.0	250.6	22.3	0.6
12	4.9	0.16	260.7	249.8	24.5	0.6
13	5.6	0.13	260.5	249.4	24.6	0.6
14	5.9	0.05	260.3	250.3	24.5	0.5
15	6.3	0.06	260.2	250.8	24.3	0.5
16	6.7	0.08	260.1	251.0	24.2	0.5
17	7.1	0.12	259.7	251.0	24.1	0.4
18	7.4	0.15	259.3	250.6	24.4	0.4
19	7.7	0.15	259.1	248.9	25.1	0.5
20	8.1	0.03	258.7	248.5	25.3	0.5
Gradient optimization: MAXIMUMITERATION


sh3_pdz_combined_cluster1_iter29:

OpenMP: Using 6 of 6 threads
Alphabet length:21
16568 valid sequences out of 16568 
41 sites, none trimmed because no target specified
Effective number of samples: 2.3	(20% identical neighborhood = 1.000 samples)
iter	time	cond	fx	-loglk	||h||	||e||
1	0.8	2.57	255.8	240.2	4.1	1.0
2	1.1	1.01	254.0	245.7	4.2	0.7
3	1.6	1.00	253.2	246.3	4.4	0.7
4	2.0	1.95	247.1	245.1	6.4	0.3
5	2.4	2.00	238.1	236.8	10.2	0.1
6	2.9	1.24	225.5	221.0	17.0	0.3
7	3.7	1.18	223.9	219.4	17.8	0.3
8	4.2	0.44	217.7	211.4	20.9	0.3
9	4.6	0.14	215.9	207.5	21.2	0.5
10	5.0	0.18	215.5	206.5	21.2	0.5
11	5.5	0.29	214.4	203.9	21.6	0.6
12	5.9	0.26	212.9	201.7	23.3	0.6
13	6.2	0.31	212.6	201.5	23.9	0.6
14	6.7	0.06	211.8	202.2	24.4	0.5
15	7.1	0.05	211.7	202.6	24.3	0.4
16	7.5	0.09	211.5	202.9	24.2	0.4
17	7.8	0.14	211.1	202.8	24.5	0.4
18	8.0	0.14	210.6	201.6	25.1	0.4
19	8.5	0.11	210.5	201.1	25.5	0.4
20	8.7	0.04	210.4	200.6	25.8	0.4
Gradient optimization: MAXIMUMITERATION


Iteration 30:

sh3_pdz_combined_cluster0_iter30:

OpenMP: Using 6 of 6 threads
Alphabet length:21
13112 valid sequences out of 13112 
41 sites, none trimmed because no target specified
Effective number of samples: 2.7	(20% identical neighborhood = 1.000 samples)
iter	time	cond	fx	-loglk	||h||	||e||
1	0.7	2.37	305.3	289.8	4.4	1.0
2	1.1	1.01	303.6	295.1	4.5	0.7
3	1.4	1.00	302.7	295.8	4.7	0.6
4	1.7	1.91	296.7	294.6	6.6	0.3
5	2.1	2.01	287.6	286.3	10.2	0.1
6	2.4	1.28	274.7	270.4	16.6	0.3
7	3.1	1.18	272.3	266.6	18.0	0.4
8	3.5	0.41	265.6	258.4	21.1	0.4
9	3.8	0.16	263.7	254.3	21.4	0.5
10	4.1	0.21	263.2	253.1	21.4	0.6
11	4.5	0.28	261.8	250.4	22.2	0.6
12	4.8	0.16	260.6	249.6	24.5	0.6
13	5.6	0.13	260.3	249.2	24.6	0.6
14	5.9	0.05	260.1	250.1	24.5	0.5
15	6.2	0.06	260.1	250.6	24.3	0.5
16	6.6	0.08	259.9	250.9	24.1	0.5
17	7.0	0.12	259.5	250.8	24.1	0.4
18	7.3	0.15	259.1	250.4	24.3	0.4
19	8.0	0.12	258.8	249.4	24.7	0.5
20	8.3	0.04	258.5	248.4	25.2	0.5
Gradient optimization: MAXIMUMITERATION


sh3_pdz_combined_cluster1_iter30:

OpenMP: Using 6 of 6 threads
Alphabet length:21
16466 valid sequences out of 16466 
41 sites, none trimmed because no target specified
Effective number of samples: 2.3	(20% identical neighborhood = 1.000 samples)
iter	time	cond	fx	-loglk	||h||	||e||
1	0.8	2.57	255.7	240.1	4.1	1.0
2	1.2	1.01	253.9	245.7	4.2	0.7
3	1.6	1.00	253.2	246.2	4.4	0.7
4	2.1	1.95	247.0	245.0	6.4	0.3
5	2.5	2.00	238.0	236.8	10.1	0.1
6	2.9	1.24	225.4	221.0	17.0	0.3
7	3.8	1.18	223.8	219.2	17.9	0.3
8	4.2	0.44	217.5	211.2	20.9	0.3
9	4.6	0.14	215.7	207.3	21.3	0.5
10	5.0	0.18	215.4	206.3	21.2	0.5
11	5.4	0.29	214.2	203.7	21.6	0.6
12	5.9	0.26	212.7	201.6	23.4	0.6
13	6.3	0.31	212.5	201.4	23.9	0.6
14	6.7	0.05	211.7	202.1	24.4	0.5
15	7.1	0.05	211.6	202.5	24.3	0.4
16	7.6	0.09	211.4	202.8	24.2	0.4
17	8.0	0.14	211.0	202.7	24.5	0.4
18	8.2	0.14	210.5	201.5	25.1	0.4
19	8.7	0.11	210.4	201.1	25.5	0.4
20	8.9	0.04	210.3	200.5	25.8	0.4
Gradient optimization: MAXIMUMITERATION

