tuning/outputs/tuning_run_49/ created
tuning/outputs/tuning_run_49/iterations/ created
tuning/outputs/tuning_run_49/output/ created
{'msa-file-name': 'sh3_pdz_combined.fa', 'em_maxiter': 30, 'em_numclusters': 2, 'em_device': None, 'em_init': 'random', 'em_no_iter_print': 0, 'plmc': '../../plmc/bin/plmc', 'output': 'tuning/outputs/tuning_run_49', 'fast': 1, 'scale': None, 'theta': '2', 'lambdah': '0.01', 'lambdae': '16.0', 'lambdag': None, 'gapignore': 0, 'maxiter': '2', 'ncores': 6, 'gapignore_tune': '0', 'fast_tune': '1', 'em_iter_print': 1, 'iterations_dir': 'tuning/outputs/tuning_run_49/iterations/', 'final_dir': 'tuning/outputs/tuning_run_49/output/', 'output_dir': 'tuning/outputs/tuning_run_49/', 'plmc_options': ['-t 2', '-lh 0.01', '-le 16.0', '-m 2', '-n 6', '--fast'], 'device': device(type='cpu')}

Using cpu


Iteration 0:

sh3_pdz_combined_cluster0_iter0:

OpenMP: Using 6 of 6 threads
Alphabet length:21
14789 valid sequences out of 14789 
41 sites, none trimmed because no target specified
Theta not between 0 and 1, no sequence reweighting applied (N = 14789.00)
iter	time	obj	|x|	|g|	crit
1	0.1	1350203.6	0.0	4.2	4.2
2	0.2	1238460.7	0.0	6.8	6.8


sh3_pdz_combined_cluster1_iter0:

OpenMP: Using 6 of 6 threads
Alphabet length:21
14789 valid sequences out of 14789 
41 sites, none trimmed because no target specified
Theta not between 0 and 1, no sequence reweighting applied (N = 14789.00)
iter	time	obj	|x|	|g|	crit
1	0.1	1360175.7	0.0	4.2	4.2
2	0.2	1243322.8	0.0	6.8	6.8


Iteration 1:

sh3_pdz_combined_cluster0_iter1:

OpenMP: Using 6 of 6 threads
Alphabet length:21
17600 valid sequences out of 17600 
41 sites, none trimmed because no target specified
Theta not between 0 and 1, no sequence reweighting applied (N = 17600.00)
iter	time	obj	|x|	|g|	crit
1	0.1	1574829.9	0.0	4.8	4.8
2	0.2	1440265.6	0.0	7.9	7.9


sh3_pdz_combined_cluster1_iter1:

OpenMP: Using 6 of 6 threads
Alphabet length:21
11978 valid sequences out of 11978 
41 sites, none trimmed because no target specified
Theta not between 0 and 1, no sequence reweighting applied (N = 11978.00)
iter	time	obj	|x|	|g|	crit
1	0.1	1114995.2	0.0	3.7	3.7
2	0.2	1012239.0	0.0	6.0	6.0


Iteration 2:

sh3_pdz_combined_cluster0_iter2:

OpenMP: Using 6 of 6 threads
Alphabet length:21
18074 valid sequences out of 18074 
41 sites, none trimmed because no target specified
Theta not between 0 and 1, no sequence reweighting applied (N = 18074.00)
iter	time	obj	|x|	|g|	crit
1	0.1	1468955.0	0.0	3.0	3.0
2	0.2	1395003.2	0.0	5.1	5.1


sh3_pdz_combined_cluster1_iter2:

OpenMP: Using 6 of 6 threads
Alphabet length:21
11504 valid sequences out of 11504 
41 sites, none trimmed because no target specified
Theta not between 0 and 1, no sequence reweighting applied (N = 11504.00)
iter	time	obj	|x|	|g|	crit
1	0.1	962048.3	0.0	2.3	2.3
2	0.2	896969.2	0.0	3.7	3.7


Iteration 3:

sh3_pdz_combined_cluster0_iter3:

OpenMP: Using 6 of 6 threads
Alphabet length:21
17780 valid sequences out of 17780 
41 sites, none trimmed because no target specified
Theta not between 0 and 1, no sequence reweighting applied (N = 17780.00)
iter	time	obj	|x|	|g|	crit
1	0.1	1357882.1	0.0	2.3	2.3
2	0.2	1304344.2	0.0	3.9	3.9


sh3_pdz_combined_cluster1_iter3:

OpenMP: Using 6 of 6 threads
Alphabet length:21
11798 valid sequences out of 11798 
41 sites, none trimmed because no target specified
Theta not between 0 and 1, no sequence reweighting applied (N = 11798.00)
iter	time	obj	|x|	|g|	crit
1	0.1	910221.8	0.0	1.6	1.6
2	0.2	873266.3	0.0	2.8	2.8


Iteration 4:

sh3_pdz_combined_cluster0_iter4:

OpenMP: Using 6 of 6 threads
Alphabet length:21
17897 valid sequences out of 17897 
41 sites, none trimmed because no target specified
Theta not between 0 and 1, no sequence reweighting applied (N = 17897.00)
iter	time	obj	|x|	|g|	crit
1	0.1	1370612.0	0.0	2.3	2.3
2	0.2	1323844.2	0.0	4.0	4.0


sh3_pdz_combined_cluster1_iter4:

OpenMP: Using 6 of 6 threads
Alphabet length:21
11681 valid sequences out of 11681 
41 sites, none trimmed because no target specified
Theta not between 0 and 1, no sequence reweighting applied (N = 11681.00)
iter	time	obj	|x|	|g|	crit
1	0.1	894638.8	0.0	1.6	1.6
2	0.2	856239.2	0.0	2.7	2.7


Iteration 5:

sh3_pdz_combined_cluster0_iter5:

OpenMP: Using 6 of 6 threads
Alphabet length:21
17918 valid sequences out of 17918 
41 sites, none trimmed because no target specified
Theta not between 0 and 1, no sequence reweighting applied (N = 17918.00)
iter	time	obj	|x|	|g|	crit
1	0.1	1374891.6	0.0	2.4	2.4
2	0.2	1318175.0	0.0	4.0	4.0


sh3_pdz_combined_cluster1_iter5:

OpenMP: Using 6 of 6 threads
Alphabet length:21
11660 valid sequences out of 11660 
41 sites, none trimmed because no target specified
Theta not between 0 and 1, no sequence reweighting applied (N = 11660.00)
iter	time	obj	|x|	|g|	crit
1	0.1	892861.8	0.0	1.6	1.6
2	0.2	852378.5	0.0	2.6	2.6


Iteration 6:

sh3_pdz_combined_cluster0_iter6:

OpenMP: Using 6 of 6 threads
Alphabet length:21
17920 valid sequences out of 17920 
41 sites, none trimmed because no target specified
Theta not between 0 and 1, no sequence reweighting applied (N = 17920.00)
iter	time	obj	|x|	|g|	crit
1	0.1	1376654.6	0.0	2.4	2.4
2	0.2	1314740.0	0.0	4.0	4.0


sh3_pdz_combined_cluster1_iter6:

OpenMP: Using 6 of 6 threads
Alphabet length:21
11658 valid sequences out of 11658 
41 sites, none trimmed because no target specified
Theta not between 0 and 1, no sequence reweighting applied (N = 11658.00)
iter	time	obj	|x|	|g|	crit
1	0.1	888758.6	0.0	1.6	1.6
2	0.2	847986.6	0.0	2.6	2.6


Iteration 7:
TERMINATING: Repeated cluster assignments
