tuning/outputs/tuning_run_31/ created
tuning/outputs/tuning_run_31/iterations/ created
tuning/outputs/tuning_run_31/output/ created
{'msa-file-name': 'sh3_pdz_combined.fa', 'em_maxiter': 30, 'em_numclusters': 2, 'em_device': None, 'em_init': 'random', 'em_no_iter_print': 0, 'plmc': '../../plmc/bin/plmc', 'output': 'tuning/outputs/tuning_run_31', 'fast': 0, 'scale': None, 'theta': '2', 'lambdah': '0.01', 'lambdae': '16.0', 'lambdag': None, 'gapignore': 1, 'maxiter': '20', 'ncores': 6, 'gapignore_tune': '1', 'fast_tune': '0', 'em_iter_print': 1, 'iterations_dir': 'tuning/outputs/tuning_run_31/iterations/', 'final_dir': 'tuning/outputs/tuning_run_31/output/', 'output_dir': 'tuning/outputs/tuning_run_31/', 'plmc_options': ['-t 2', '-lh 0.01', '-le 16.0', '-m 20', '-n 6', '-g'], 'device': device(type='cpu')}

Using cpu


Iteration 0:

sh3_pdz_combined_cluster0_iter0:

OpenMP: Using 6 of 6 threads
Alphabet length:21
14789 valid sequences out of 14789 
41 sites, none trimmed because no target specified
Theta not between 0 and 1, no sequence reweighting applied (N = 14789.00)
iter	time	cond	fx	-loglk	||h||	||e||
1	0.8	1426.08	1219703.3	1219665.8	46.3	1.0
2	1.1	624.73	1096499.2	1096231.2	46.3	3.9
3	1.4	458.89	1033219.1	1032529.1	46.2	6.5
4	1.8	689.40	947808.6	944857.3	46.0	13.5
5	2.2	568.69	892781.6	885057.2	45.8	21.9
6	2.5	348.38	865020.1	855281.5	45.8	24.6
7	2.9	281.47	841859.6	829353.9	45.7	27.9
8	3.2	319.20	817527.4	800835.2	45.5	32.3
9	3.6	365.76	792950.9	769710.7	45.3	38.1
10	3.9	214.24	771222.2	744464.5	45.3	40.9
11	4.3	185.70	754563.0	727372.1	45.2	41.2
12	4.6	237.94	739360.3	711602.3	45.2	41.6
13	5.0	278.62	728994.3	697977.5	45.2	44.0
14	5.3	135.46	718892.8	686711.5	45.2	44.8
15	5.7	135.33	709805.1	674661.1	45.1	46.9
16	6.0	135.08	701807.8	662965.2	45.1	49.3
17	6.4	296.52	699332.3	652202.0	45.0	54.3
18	6.7	106.12	689802.8	642709.8	45.0	54.2
19	7.1	84.90	686251.7	639275.4	45.0	54.2
20	7.5	111.94	681785.0	633151.6	45.0	55.1
Gradient optimization: MAXIMUMITERATION


sh3_pdz_combined_cluster1_iter0:

OpenMP: Using 6 of 6 threads
Alphabet length:21
14789 valid sequences out of 14789 
41 sites, none trimmed because no target specified
Theta not between 0 and 1, no sequence reweighting applied (N = 14789.00)
iter	time	cond	fx	-loglk	||h||	||e||
1	0.8	1422.90	1221358.8	1221321.0	46.7	1.0
2	1.2	620.08	1098129.5	1097863.2	46.7	3.9
3	1.5	454.75	1035389.6	1034707.1	46.6	6.4
4	1.8	661.80	948819.2	945907.2	46.4	13.4
5	2.2	589.98	894791.4	886876.5	46.2	22.2
6	2.6	343.29	864505.1	854535.5	46.1	24.9
7	2.9	280.70	841601.6	829032.2	46.0	28.0
8	3.2	303.07	817387.6	800930.4	45.9	32.1
9	3.6	367.87	790193.9	766543.8	45.7	38.4
10	3.9	243.58	769195.8	740223.2	45.6	42.5
11	4.3	168.86	754228.4	725870.0	45.6	42.1
12	4.6	197.85	735822.1	707536.6	45.6	42.0
13	5.0	327.32	728531.2	696976.2	45.6	44.4
14	5.4	150.47	717761.7	684990.1	45.6	45.2
15	5.7	133.34	709192.9	673376.1	45.5	47.3
16	6.1	131.45	702074.1	662664.9	45.5	49.6
17	6.4	242.41	693725.3	645689.2	45.4	54.8
18	6.8	143.38	686547.1	633509.0	45.4	57.6
19	7.1	83.40	682931.9	631198.0	45.4	56.9
20	7.5	86.34	679161.9	627735.6	45.4	56.7
Gradient optimization: MAXIMUMITERATION


Iteration 1:

sh3_pdz_combined_cluster0_iter1:

OpenMP: Using 6 of 6 threads
Alphabet length:21
14277 valid sequences out of 14277 
41 sites, none trimmed because no target specified
Theta not between 0 and 1, no sequence reweighting applied (N = 14277.00)
iter	time	cond	fx	-loglk	||h||	||e||
1	0.8	1374.42	1174117.6	1174079.7	46.9	1.0
2	1.1	608.43	1052418.5	1052146.1	46.8	4.0
3	1.5	449.63	988207.1	987493.3	46.8	6.6
4	1.8	665.13	898404.8	895258.1	46.6	14.0
5	2.1	568.73	839111.1	830392.7	46.4	23.3
6	2.4	346.31	807848.6	796626.7	46.3	26.5
7	2.8	268.60	782883.8	768403.9	46.1	30.1
8	3.1	303.38	756998.7	737585.9	46.0	34.8
9	3.4	336.25	731734.8	705306.8	45.8	40.6
10	3.8	198.60	708715.5	678416.8	45.7	43.5
11	4.1	179.04	690602.8	659410.1	45.7	44.1
12	4.5	227.21	676073.5	644464.6	45.7	44.4
13	4.8	205.77	664521.4	630546.0	45.7	46.1
14	5.2	123.08	655252.7	619550.8	45.7	47.2
15	5.5	125.53	645467.7	606009.2	45.7	49.6
16	5.8	179.93	638306.5	593580.4	45.6	52.9
17	6.1	115.03	631743.1	582867.4	45.6	55.3
18	6.5	95.01	627128.0	576467.5	45.6	56.3
19	6.8	112.45	621524.0	568127.2	45.5	57.8
20	7.1	141.29	617676.4	561544.6	45.5	59.2
Gradient optimization: MAXIMUMITERATION


sh3_pdz_combined_cluster1_iter1:

OpenMP: Using 6 of 6 threads
Alphabet length:21
15301 valid sequences out of 15301 
41 sites, none trimmed because no target specified
Theta not between 0 and 1, no sequence reweighting applied (N = 15301.00)
iter	time	cond	fx	-loglk	||h||	||e||
1	0.8	1470.75	1264062.6	1264024.4	47.1	1.0
2	1.1	656.55	1130879.4	1130601.7	47.1	4.0
3	1.5	491.04	1058905.2	1058164.8	47.1	6.7
4	1.9	720.87	956296.3	952894.3	46.9	14.5
5	2.2	596.34	891045.9	881780.4	46.6	24.0
6	2.5	350.68	857395.1	845626.1	46.6	27.1
7	2.8	283.81	831745.9	816908.8	46.4	30.4
8	3.2	304.84	804038.1	784531.3	46.3	34.9
9	3.5	374.78	774316.7	746819.2	46.1	41.4
10	3.8	233.83	749077.1	715617.2	46.0	45.7
11	4.1	169.29	731144.5	697618.6	46.0	45.8
12	4.5	198.74	710787.8	677275.9	46.0	45.8
13	4.8	363.86	704325.3	667158.0	46.0	48.2
14	5.1	144.10	691353.5	653902.3	46.0	48.4
15	5.5	120.21	683431.4	643741.6	45.9	49.8
16	5.8	131.39	674861.0	631207.5	45.9	52.2
17	6.2	171.82	663374.4	612159.1	45.9	56.6
18	6.5	207.30	659573.5	598733.6	45.8	61.7
19	6.9	81.96	652234.5	593650.4	45.8	60.5
20	7.2	71.30	648936.1	590951.5	45.8	60.2
Gradient optimization: MAXIMUMITERATION


Iteration 2:

sh3_pdz_combined_cluster0_iter2:

OpenMP: Using 6 of 6 threads
Alphabet length:21
14142 valid sequences out of 14142 
41 sites, none trimmed because no target specified
Theta not between 0 and 1, no sequence reweighting applied (N = 14142.00)
iter	time	cond	fx	-loglk	||h||	||e||
1	0.8	1370.68	1162134.2	1162096.3	46.8	1.0
2	1.2	608.03	1040550.3	1040277.0	46.7	4.0
3	1.5	449.44	975994.2	975273.8	46.7	6.6
4	1.9	650.57	884463.4	881268.3	46.5	14.1
5	2.2	578.02	824051.8	814958.6	46.3	23.8
6	2.6	348.15	791046.5	779251.2	46.1	27.1
7	2.9	264.91	765911.2	750784.7	46.0	30.7
8	3.3	292.69	740247.6	720216.8	45.9	35.4
9	3.6	330.11	714678.0	687392.1	45.7	41.3
10	3.9	196.65	691693.7	660339.2	45.6	44.3
11	4.2	172.16	673685.0	641521.7	45.6	44.8
12	4.6	217.42	658349.9	625657.1	45.6	45.2
13	4.9	243.59	648199.4	612807.5	45.6	47.0
14	5.2	121.25	638728.7	602317.7	45.6	47.7
15	5.6	122.12	630736.5	591588.7	45.6	49.5
16	5.9	127.98	622746.5	579360.1	45.5	52.1
17	6.2	235.99	618940.8	567369.7	45.5	56.8
18	6.5	94.55	611649.5	560067.4	45.5	56.8
19	6.8	81.74	607911.3	555967.2	45.5	57.0
20	7.1	106.45	603716.7	549678.7	45.4	58.1
Gradient optimization: MAXIMUMITERATION


sh3_pdz_combined_cluster1_iter2:

OpenMP: Using 6 of 6 threads
Alphabet length:21
15436 valid sequences out of 15436 
41 sites, none trimmed because no target specified
Theta not between 0 and 1, no sequence reweighting applied (N = 15436.00)
iter	time	cond	fx	-loglk	||h||	||e||
1	0.9	1478.17	1274833.8	1274795.3	47.5	1.0
2	1.2	666.51	1138023.3	1137740.1	47.4	4.0
3	1.6	501.02	1062395.7	1061628.9	47.4	6.8
4	1.9	745.76	955311.1	951713.3	47.2	14.9
5	2.3	592.63	887414.9	877822.9	47.0	24.5
6	2.6	348.29	853320.6	841183.2	46.9	27.5
7	2.9	282.92	826545.8	811172.0	46.8	31.0
8	3.3	304.58	797797.0	777518.0	46.6	35.6
9	3.6	372.03	767380.9	738950.3	46.4	42.1
10	4.0	228.83	741119.7	706541.2	46.3	46.5
11	4.3	166.74	722370.9	687448.9	46.3	46.7
12	4.6	204.52	702371.8	667450.9	46.3	46.7
13	5.0	333.46	694563.5	656612.0	46.3	48.7
14	5.3	140.31	682437.0	644143.7	46.3	48.9
15	5.6	121.10	673928.1	633048.9	46.3	50.5
16	6.0	126.39	665202.2	620214.9	46.2	53.0
17	6.4	211.66	655547.4	602493.4	46.2	57.6
18	6.7	112.70	647519.8	588232.2	46.1	60.9
19	7.0	77.94	643460.4	584549.2	46.1	60.7
20	7.3	113.74	638136.6	578571.4	46.1	61.0
Gradient optimization: MAXIMUMITERATION


Iteration 3:

sh3_pdz_combined_cluster0_iter3:

OpenMP: Using 6 of 6 threads
Alphabet length:21
14080 valid sequences out of 14080 
41 sites, none trimmed because no target specified
Theta not between 0 and 1, no sequence reweighting applied (N = 14080.00)
iter	time	cond	fx	-loglk	||h||	||e||
1	0.7	1369.30	1157158.2	1157120.3	46.8	1.0
2	1.1	607.52	1035678.8	1035405.9	46.8	4.0
3	1.4	449.05	971064.1	970343.4	46.7	6.6
4	1.8	644.57	878748.1	875541.7	46.5	14.1
5	2.1	589.42	818796.3	809544.5	46.3	24.0
6	2.5	343.37	784516.8	772551.8	46.2	27.3
7	2.8	262.10	759618.8	744416.7	46.1	30.8
8	3.1	290.22	733892.6	713862.7	45.9	35.4
9	3.4	335.80	708512.8	681102.5	45.7	41.4
10	3.7	195.49	685754.2	654198.2	45.7	44.4
11	4.0	167.05	668063.5	635775.0	45.7	44.9
12	4.4	207.14	652442.2	619611.2	45.7	45.3
13	4.7	286.28	643935.6	608115.5	45.6	47.3
14	5.0	118.81	633334.8	597067.8	45.6	47.6
15	5.3	117.13	626674.1	588354.5	45.6	48.9
16	5.6	122.63	618611.8	576390.1	45.6	51.4
17	5.9	306.02	617385.5	566353.2	45.5	56.5
18	6.3	104.25	606563.2	555300.0	45.5	56.6
19	6.6	71.71	603208.2	551421.4	45.5	56.9
20	6.9	98.23	599249.3	545277.4	45.5	58.1
Gradient optimization: MAXIMUMITERATION


sh3_pdz_combined_cluster1_iter3:

OpenMP: Using 6 of 6 threads
Alphabet length:21
15498 valid sequences out of 15498 
41 sites, none trimmed because no target specified
Theta not between 0 and 1, no sequence reweighting applied (N = 15498.00)
iter	time	cond	fx	-loglk	||h||	||e||
1	0.8	1476.49	1279108.8	1279070.0	47.7	1.0
2	1.1	669.33	1140479.2	1140192.5	47.7	4.1
3	1.4	504.15	1062982.5	1062200.0	47.6	6.9
4	1.8	754.98	954221.3	950522.5	47.4	15.2
5	2.1	585.33	885100.8	875410.0	47.2	24.6
6	2.4	346.76	851363.9	839116.2	47.1	27.6
7	2.8	281.33	824260.2	808685.1	47.0	31.2
8	3.1	306.50	795284.3	774671.8	46.9	35.9
9	3.5	377.29	765976.5	737230.2	46.7	42.4
10	3.8	219.30	739338.5	705332.7	46.6	46.1
11	4.2	170.63	719833.4	685160.7	46.6	46.5
12	4.5	207.10	700444.9	665337.0	46.6	46.8
13	4.9	349.43	692620.6	653931.3	46.5	49.2
14	5.2	135.22	679096.9	640271.0	46.5	49.2
15	5.6	118.42	671348.0	630483.3	46.5	50.5
16	5.9	125.67	662280.9	617365.3	46.5	53.0
17	6.3	238.74	653939.6	600885.8	46.4	57.6
18	6.6	107.98	645013.0	587009.9	46.4	60.2
19	7.0	77.56	641130.6	583019.9	46.4	60.3
20	7.2	105.66	636030.3	576578.1	46.4	60.9
Gradient optimization: MAXIMUMITERATION


Iteration 4:

sh3_pdz_combined_cluster0_iter4:

OpenMP: Using 6 of 6 threads
Alphabet length:21
14073 valid sequences out of 14073 
41 sites, none trimmed because no target specified
Theta not between 0 and 1, no sequence reweighting applied (N = 14073.00)
iter	time	cond	fx	-loglk	||h||	||e||
1	0.8	1369.73	1156154.7	1156116.8	46.8	1.0
2	1.1	608.11	1034432.2	1034159.0	46.8	4.0
3	1.4	449.92	969545.7	968823.1	46.7	6.6
4	1.7	644.09	876293.5	873064.4	46.5	14.2
5	2.0	595.19	816175.5	806788.7	46.3	24.2
6	2.3	339.93	781023.2	768905.9	46.2	27.5
7	2.7	260.17	756109.7	740769.3	46.1	30.9
8	3.0	286.33	730436.5	710321.4	46.0	35.4
9	3.4	342.30	705107.0	677467.5	45.8	41.5
10	3.7	195.26	682282.4	650415.6	45.7	44.6
11	4.0	164.79	665085.7	632652.5	45.7	45.0
12	4.4	204.88	649284.7	616386.6	45.7	45.3
13	4.7	305.41	641778.2	605901.1	45.7	47.3
14	5.1	118.05	630593.9	594462.7	45.7	47.5
15	5.4	113.81	624300.5	586253.0	45.6	48.8
16	5.7	121.76	616240.3	574339.0	45.6	51.2
17	6.0	265.46	611052.5	561048.3	45.5	55.9
18	6.4	92.31	601668.3	548643.8	45.5	57.6
19	6.7	71.05	598224.0	544424.1	45.5	58.0
20	7.0	105.41	593732.1	537739.5	45.5	59.1
Gradient optimization: MAXIMUMITERATION


sh3_pdz_combined_cluster1_iter4:

OpenMP: Using 6 of 6 threads
Alphabet length:21
15505 valid sequences out of 15505 
41 sites, none trimmed because no target specified
Theta not between 0 and 1, no sequence reweighting applied (N = 15505.00)
iter	time	cond	fx	-loglk	||h||	||e||
1	0.8	1475.39	1279670.5	1279631.6	47.8	1.0
2	1.2	670.33	1140396.7	1140108.7	47.8	4.1
3	1.6	505.09	1062168.6	1061379.8	47.7	6.9
4	2.0	756.28	952842.2	949107.3	47.5	15.2
5	2.3	581.47	883634.6	873915.2	47.3	24.6
6	2.7	346.05	850213.0	837967.0	47.2	27.6
7	3.0	281.58	823060.7	807487.8	47.1	31.2
8	3.4	307.80	794122.0	773522.2	47.0	35.9
9	3.8	380.32	765087.5	736353.4	46.8	42.4
10	4.1	217.63	738389.7	704623.1	46.7	45.9
11	4.4	171.83	718817.3	684361.8	46.7	46.4
12	4.8	205.39	699572.1	664570.9	46.7	46.8
13	5.1	355.88	691816.1	653012.8	46.6	49.2
14	5.4	133.74	677831.8	638931.3	46.6	49.3
15	5.8	117.57	670337.0	629528.8	46.6	50.5
16	6.2	125.63	661220.3	616411.8	46.6	52.9
17	6.5	239.09	652935.8	600062.2	46.5	57.5
18	6.8	103.12	643879.8	586185.7	46.5	60.0
19	7.1	76.05	639985.7	582101.8	46.5	60.1
20	7.3	109.61	634487.7	574847.1	46.5	61.0
Gradient optimization: MAXIMUMITERATION


Iteration 5:

sh3_pdz_combined_cluster0_iter5:

OpenMP: Using 6 of 6 threads
Alphabet length:21
14090 valid sequences out of 14090 
41 sites, none trimmed because no target specified
Theta not between 0 and 1, no sequence reweighting applied (N = 14090.00)
iter	time	cond	fx	-loglk	||h||	||e||
1	0.7	1370.14	1157069.1	1157031.1	46.9	1.0
2	1.1	608.84	1035037.0	1034763.6	46.9	4.0
3	1.4	450.71	969832.7	969108.9	46.8	6.6
4	1.6	646.74	875917.2	872674.5	46.6	14.2
5	2.0	595.42	815518.1	806057.8	46.4	24.3
6	2.3	338.50	780073.0	767893.0	46.3	27.6
7	2.6	259.81	755020.1	739615.4	46.2	31.0
8	2.9	284.01	729362.7	709238.2	46.0	35.4
9	3.2	347.26	703932.0	676209.7	45.8	41.6
10	3.6	196.11	680947.6	648883.8	45.8	44.8
11	3.9	163.70	664150.9	631620.2	45.8	45.1
12	4.2	208.34	648311.9	615392.7	45.8	45.3
13	4.6	301.78	640752.8	605055.6	45.7	47.2
14	4.9	118.52	629889.1	593952.9	45.7	47.4
15	5.3	114.41	623445.3	585503.3	45.7	48.7
16	5.6	122.62	615538.1	573832.4	45.7	51.0
17	5.9	225.69	607793.6	558183.7	45.6	55.7
18	6.2	98.73	599552.7	544818.4	45.6	58.5
19	6.6	71.26	596019.0	541256.7	45.6	58.5
20	6.9	104.56	590968.7	534837.6	45.6	59.2
Gradient optimization: MAXIMUMITERATION


sh3_pdz_combined_cluster1_iter5:

OpenMP: Using 6 of 6 threads
Alphabet length:21
15488 valid sequences out of 15488 
41 sites, none trimmed because no target specified
Theta not between 0 and 1, no sequence reweighting applied (N = 15488.00)
iter	time	cond	fx	-loglk	||h||	||e||
1	0.8	1475.49	1278390.1	1278351.3	47.8	1.0
2	1.1	671.30	1138703.1	1138414.0	47.8	4.1
3	1.5	506.02	1059996.3	1059202.2	47.7	6.9
4	1.8	755.80	950158.8	946389.8	47.5	15.3
5	2.2	580.20	880919.4	871146.2	47.3	24.7
6	2.5	345.15	847641.4	835361.4	47.2	27.7
7	2.9	280.95	820549.7	804962.2	47.1	31.2
8	3.2	306.87	791774.2	771189.9	47.0	35.8
9	3.6	383.34	762958.3	734202.6	46.8	42.4
10	3.9	216.52	736116.3	702420.5	46.7	45.9
11	4.2	171.89	716471.9	682048.3	46.7	46.4
12	4.6	203.31	697374.9	662290.1	46.7	46.8
13	4.9	359.31	689700.9	650702.1	46.6	49.4
14	5.2	132.92	675500.7	636484.6	46.6	49.4
15	5.6	116.59	668135.5	627268.0	46.6	50.5
16	6.0	125.11	659020.7	614171.0	46.6	52.9
17	6.3	235.69	650664.2	597874.4	46.5	57.4
18	6.6	100.71	641706.9	584009.4	46.5	60.0
19	6.9	74.91	637823.5	579923.1	46.5	60.1
20	7.2	105.54	631956.6	572156.1	46.5	61.1
Gradient optimization: MAXIMUMITERATION


Iteration 6:

sh3_pdz_combined_cluster0_iter6:

OpenMP: Using 6 of 6 threads
Alphabet length:21
14129 valid sequences out of 14129 
41 sites, none trimmed because no target specified
Theta not between 0 and 1, no sequence reweighting applied (N = 14129.00)
iter	time	cond	fx	-loglk	||h||	||e||
1	0.8	1373.94	1160248.0	1160210.0	46.9	1.0
2	1.1	610.60	1037815.4	1037542.2	46.9	4.0
3	1.5	452.03	972358.0	971634.2	46.9	6.6
4	1.8	647.73	877919.9	874674.9	46.6	14.2
5	2.1	599.35	817654.8	808163.4	46.4	24.3
6	2.4	336.23	781685.5	769507.7	46.3	27.6
7	2.8	259.96	756445.8	741051.2	46.2	31.0
8	3.1	281.58	730949.0	710931.2	46.1	35.4
9	3.4	356.48	705239.8	677416.1	45.9	41.7
10	3.8	200.09	682102.8	649670.6	45.8	45.0
11	4.1	163.18	666127.0	633536.7	45.8	45.1
12	4.5	216.17	650028.5	617327.9	45.8	45.2
13	4.8	291.12	642159.0	606945.3	45.8	46.9
14	5.1	123.24	632175.3	596640.6	45.8	47.1
15	5.4	118.04	625087.4	587216.0	45.8	48.6
16	5.8	125.19	617544.3	576035.5	45.7	50.9
17	6.1	213.25	608999.5	559357.0	45.7	55.7
18	6.4	98.86	600911.2	545587.5	45.6	58.8
19	6.7	70.55	597278.0	542315.0	45.6	58.6
20	7.0	97.52	591389.5	535193.1	45.6	59.3
Gradient optimization: MAXIMUMITERATION


sh3_pdz_combined_cluster1_iter6:

OpenMP: Using 6 of 6 threads
Alphabet length:21
15449 valid sequences out of 15449 
41 sites, none trimmed because no target specified
Theta not between 0 and 1, no sequence reweighting applied (N = 15449.00)
iter	time	cond	fx	-loglk	||h||	||e||
1	0.8	1471.51	1274991.1	1274952.2	47.8	1.0
2	1.2	670.33	1135279.9	1134989.9	47.8	4.1
3	1.5	505.51	1056355.1	1055556.8	47.7	7.0
4	1.8	755.96	946464.6	942669.7	47.5	15.4
5	2.2	574.30	877001.0	867199.0	47.3	24.7
6	2.5	344.06	844038.0	831726.3	47.2	27.7
7	2.9	280.20	816867.1	801206.3	47.1	31.3
8	3.2	306.58	788183.3	767488.0	47.0	35.9
9	3.5	380.21	759634.5	730800.5	46.8	42.4
10	3.9	214.66	732916.4	699338.2	46.7	45.8
11	4.1	172.68	713097.2	678731.5	46.7	46.3
12	4.5	201.39	694339.3	659265.9	46.7	46.8
13	4.9	360.50	686496.4	647382.3	46.6	49.4
14	5.2	130.61	672040.2	632865.9	46.6	49.5
15	5.5	115.73	664890.9	623916.1	46.6	50.6
16	5.9	123.72	655664.5	610642.7	46.6	53.0
17	6.2	249.91	648249.1	595139.8	46.5	57.6
18	6.6	98.34	638918.3	581717.5	46.5	59.8
19	7.0	74.17	635094.5	577411.6	46.5	60.0
20	7.2	105.80	629633.6	569851.3	46.5	61.1
Gradient optimization: MAXIMUMITERATION


Iteration 7:

sh3_pdz_combined_cluster0_iter7:

OpenMP: Using 6 of 6 threads
Alphabet length:21
14159 valid sequences out of 14159 
41 sites, none trimmed because no target specified
Theta not between 0 and 1, no sequence reweighting applied (N = 14159.00)
iter	time	cond	fx	-loglk	||h||	||e||
1	0.8	1377.47	1162541.7	1162503.6	46.9	1.0
2	1.1	612.10	1039888.7	1039615.9	46.9	4.0
3	1.4	453.06	974298.0	973575.2	46.9	6.6
4	1.8	646.23	879440.1	876199.2	46.7	14.2
5	2.1	603.40	819398.9	809878.9	46.4	24.4
6	2.5	335.87	783000.4	770819.2	46.3	27.6
7	2.8	260.79	757688.2	742318.0	46.2	31.0
8	3.1	279.84	732443.5	712550.2	46.1	35.2
9	3.4	363.16	706531.3	678703.3	45.9	41.7
10	3.8	204.90	683348.1	650655.3	45.8	45.2
11	4.1	163.22	667953.2	635365.1	45.8	45.1
12	4.4	217.91	651366.2	618937.2	45.8	45.0
13	4.8	293.74	643746.1	608802.5	45.8	46.7
14	5.0	128.89	634049.5	598755.8	45.8	47.0
15	5.3	119.86	626617.3	588813.1	45.8	48.6
16	5.6	127.07	619379.4	578024.1	45.7	50.8
17	6.0	213.96	610397.7	560750.2	45.7	55.7
18	6.3	127.29	603148.1	547226.3	45.6	59.1
19	6.6	74.91	599402.0	544375.3	45.6	58.6
20	7.0	88.03	595209.4	540501.9	45.6	58.5
Gradient optimization: MAXIMUMITERATION


sh3_pdz_combined_cluster1_iter7:

OpenMP: Using 6 of 6 threads
Alphabet length:21
15419 valid sequences out of 15419 
41 sites, none trimmed because no target specified
Theta not between 0 and 1, no sequence reweighting applied (N = 15419.00)
iter	time	cond	fx	-loglk	||h||	||e||
1	0.8	1466.78	1272507.8	1272468.9	47.9	1.0
2	1.2	668.98	1132641.0	1132349.8	47.9	4.1
3	1.5	504.81	1053445.2	1052642.3	47.8	7.0
4	1.8	757.85	943522.9	939699.2	47.6	15.4
5	2.2	568.37	873781.0	863961.2	47.4	24.7
6	2.5	341.84	841099.9	828769.9	47.3	27.7
7	2.9	278.74	813771.7	798039.9	47.2	31.3
8	3.2	306.23	785025.1	764182.0	47.1	36.1
9	3.5	376.92	756664.7	727701.1	46.9	42.5
10	3.9	212.83	729996.5	696431.2	46.8	45.8
11	4.2	172.78	709937.4	675506.8	46.8	46.4
12	4.5	199.80	691580.9	656436.3	46.8	46.9
13	4.9	355.49	683294.9	644080.0	46.7	49.5
14	5.3	128.08	668862.0	629490.8	46.7	49.6
15	5.6	115.21	661810.9	620628.5	46.7	50.7
16	6.0	122.01	652459.8	607125.6	46.7	53.2
17	6.3	273.49	646742.0	593012.8	46.6	57.9
18	6.7	100.06	636732.1	580126.2	46.6	59.5
19	7.0	72.50	632924.4	575671.1	46.6	59.8
20	7.3	101.67	628065.5	568600.1	46.6	61.0
Gradient optimization: MAXIMUMITERATION


Iteration 8:

sh3_pdz_combined_cluster0_iter8:

OpenMP: Using 6 of 6 threads
Alphabet length:21
14176 valid sequences out of 14176 
41 sites, none trimmed because no target specified
Theta not between 0 and 1, no sequence reweighting applied (N = 14176.00)
iter	time	cond	fx	-loglk	||h||	||e||
1	0.8	1376.56	1164006.5	1163968.3	47.1	1.0
2	1.2	611.53	1041188.3	1040915.6	47.0	4.0
3	1.5	452.49	975524.8	974802.7	47.0	6.6
4	1.9	642.10	880332.1	877095.2	46.8	14.2
5	2.2	606.59	820615.8	811063.8	46.5	24.4
6	2.5	333.67	783594.2	771397.5	46.4	27.6
7	2.9	261.23	758144.6	742764.5	46.3	31.0
8	3.2	275.84	733216.5	713401.0	46.2	35.2
9	3.5	377.52	707626.5	679628.8	46.0	41.8
10	3.9	212.73	684214.8	651102.8	45.9	45.5
11	4.2	164.54	669494.4	636917.0	45.9	45.1
12	4.5	207.11	652453.1	620567.5	46.0	44.6
13	4.8	293.92	644666.7	610159.4	45.9	46.4
14	5.2	136.29	635008.7	599826.1	45.9	46.9
15	5.5	123.51	626976.0	588731.0	45.9	48.9
16	5.7	126.84	620148.8	578318.0	45.8	51.1
17	6.0	215.99	611328.8	560452.1	45.8	56.4
18	6.4	130.03	604163.0	547232.4	45.7	59.6
19	6.7	73.81	600439.5	544792.4	45.7	59.0
20	7.1	83.77	596346.0	541246.3	45.7	58.7
Gradient optimization: MAXIMUMITERATION


sh3_pdz_combined_cluster1_iter8:

OpenMP: Using 6 of 6 threads
Alphabet length:21
15402 valid sequences out of 15402 
41 sites, none trimmed because no target specified
Theta not between 0 and 1, no sequence reweighting applied (N = 15402.00)
iter	time	cond	fx	-loglk	||h||	||e||
1	0.9	1465.55	1270937.1	1270898.2	47.9	1.0
2	1.2	669.04	1131019.3	1130727.4	47.9	4.1
3	1.5	505.11	1051661.5	1050855.8	47.8	7.0
4	1.9	762.71	941941.1	938099.9	47.6	15.4
5	2.2	562.54	871830.0	862026.1	47.4	24.7
6	2.6	340.75	839544.7	827233.0	47.3	27.7
7	2.9	278.57	812055.4	796274.7	47.2	31.4
8	3.2	307.80	783322.1	762347.8	47.0	36.2
9	3.6	369.32	755038.5	726025.2	46.8	42.6
10	3.9	212.10	728545.4	695097.7	46.8	45.7
11	4.3	174.39	707945.4	673501.6	46.7	46.4
12	4.6	200.48	690019.1	654814.2	46.7	46.9
13	4.9	342.52	680958.9	641751.7	46.7	49.5
14	5.3	125.87	666906.8	627392.3	46.7	49.7
15	5.7	115.77	659816.3	618394.2	46.7	50.9
16	6.0	120.64	650271.8	604513.4	46.6	53.5
17	6.4	306.53	647264.4	592539.8	46.6	58.5
18	6.7	104.09	636033.5	580031.0	46.6	59.2
19	7.0	70.37	632344.3	575826.5	46.6	59.4
20	7.3	97.55	627695.2	568823.3	46.5	60.6
Gradient optimization: MAXIMUMITERATION


Iteration 9:

sh3_pdz_combined_cluster0_iter9:

OpenMP: Using 6 of 6 threads
Alphabet length:21
14208 valid sequences out of 14208 
41 sites, none trimmed because no target specified
Theta not between 0 and 1, no sequence reweighting applied (N = 14208.00)
iter	time	cond	fx	-loglk	||h||	||e||
1	0.7	1379.60	1166573.8	1166535.7	47.1	1.0
2	1.1	612.89	1043465.3	1043192.6	47.1	4.0
3	1.4	453.46	977628.7	976906.5	47.0	6.6
4	1.7	641.91	882098.7	878861.0	46.8	14.2
5	2.1	608.13	822316.4	812748.1	46.5	24.4
6	2.4	333.94	785103.0	772889.9	46.5	27.6
7	2.7	261.74	759615.7	744226.8	46.3	31.0
8	3.0	275.66	734716.4	714910.0	46.2	35.2
9	3.3	381.48	709335.5	681299.9	46.0	41.8
10	3.7	213.60	685761.6	652649.8	45.9	45.5
11	4.0	165.64	671101.8	638563.4	45.9	45.1
12	4.2	205.23	654072.5	622257.0	46.0	44.6
13	4.6	290.28	645888.4	611430.0	45.9	46.4
14	4.9	136.38	636207.1	600937.3	45.9	46.9
15	5.3	124.14	628040.7	589542.1	45.9	49.0
16	5.6	126.32	621185.3	579040.4	45.8	51.3
17	5.9	201.91	612136.4	561053.5	45.8	56.5
18	6.2	104.86	604457.8	547357.5	45.7	59.7
19	6.5	70.69	600792.7	544595.8	45.7	59.3
20	6.8	95.46	595397.8	539077.4	45.7	59.3
Gradient optimization: MAXIMUMITERATION


sh3_pdz_combined_cluster1_iter9:

OpenMP: Using 6 of 6 threads
Alphabet length:21
15370 valid sequences out of 15370 
41 sites, none trimmed because no target specified
Theta not between 0 and 1, no sequence reweighting applied (N = 15370.00)
iter	time	cond	fx	-loglk	||h||	||e||
1	0.8	1463.13	1268273.2	1268234.3	47.9	1.0
2	1.1	668.28	1128485.7	1128193.5	47.8	4.1
3	1.4	504.68	1049122.6	1048315.4	47.8	7.0
4	1.8	763.11	939519.0	935667.3	47.6	15.5
5	2.1	561.00	869441.5	859629.7	47.4	24.7
6	2.4	339.95	837243.0	824927.7	47.3	27.7
7	2.8	278.27	809726.1	793929.5	47.2	31.4
8	3.2	307.56	781036.8	760035.4	47.0	36.2
9	3.5	367.04	752757.9	723717.6	46.8	42.6
10	3.8	211.50	726269.2	692798.8	46.8	45.7
11	4.2	174.15	705561.3	671048.8	46.7	46.4
12	4.6	200.23	687779.8	652495.7	46.7	46.9
13	5.0	336.32	678483.9	639286.0	46.7	49.5
14	5.3	125.23	664680.1	625140.6	46.7	49.7
15	5.6	115.89	657535.6	616031.5	46.7	50.9
16	6.0	120.02	647996.7	602116.0	46.6	53.5
17	6.3	313.42	645731.8	590771.2	46.6	58.6
18	6.7	104.17	634213.7	578376.5	46.6	59.1
19	7.0	70.14	630598.0	574304.7	46.6	59.3
20	7.2	96.78	625915.1	567240.4	46.5	60.5
Gradient optimization: MAXIMUMITERATION


Iteration 10:

sh3_pdz_combined_cluster0_iter10:

OpenMP: Using 6 of 6 threads
Alphabet length:21
14230 valid sequences out of 14230 
41 sites, none trimmed because no target specified
Theta not between 0 and 1, no sequence reweighting applied (N = 14230.00)
iter	time	cond	fx	-loglk	||h||	||e||
1	0.8	1381.60	1168253.7	1168215.6	47.1	1.0
2	1.1	613.93	1044863.1	1044590.3	47.1	4.0
3	1.4	454.18	978857.0	978134.1	47.0	6.6
4	1.8	642.87	883172.7	879932.8	46.8	14.2
5	2.1	608.06	823289.5	813727.4	46.6	24.4
6	2.4	335.11	786188.4	773982.3	46.5	27.6
7	2.8	262.02	760771.6	745415.6	46.4	31.0
8	3.1	277.15	735671.0	715881.6	46.2	35.1
9	3.4	372.49	709868.1	681999.6	46.0	41.7
10	3.7	211.84	686409.4	653322.1	45.9	45.5
11	4.1	163.99	671495.9	638842.4	46.0	45.2
12	4.4	213.90	654376.9	622280.7	46.0	44.8
13	4.7	291.71	646657.2	612041.9	45.9	46.5
14	5.0	135.62	637273.7	602091.4	45.9	46.9
15	5.4	122.49	629306.6	591189.5	45.9	48.8
16	5.6	127.11	622379.8	580730.5	45.9	51.0
17	5.9	204.61	612950.4	562644.3	45.8	56.1
18	6.3	138.15	606182.0	549239.6	45.7	59.6
19	6.6	75.50	602119.8	546405.1	45.8	59.0
20	6.9	83.25	598337.3	543172.5	45.8	58.7
Gradient optimization: MAXIMUMITERATION


sh3_pdz_combined_cluster1_iter10:

OpenMP: Using 6 of 6 threads
Alphabet length:21
15348 valid sequences out of 15348 
41 sites, none trimmed because no target specified
Theta not between 0 and 1, no sequence reweighting applied (N = 15348.00)
iter	time	cond	fx	-loglk	||h||	||e||
1	0.8	1461.31	1266504.4	1266465.5	47.9	1.0
2	1.1	667.66	1126794.4	1126502.1	47.9	4.1
3	1.4	504.25	1047403.3	1046594.8	47.8	7.0
4	1.7	761.80	937726.5	933865.7	47.6	15.5
5	2.1	560.96	867746.0	857904.5	47.4	24.8
6	2.4	338.94	835495.0	823157.3	47.3	27.7
7	2.8	277.57	808001.0	792199.7	47.2	31.4
8	3.1	306.28	779365.1	758392.6	47.0	36.2
9	3.4	367.77	750996.3	721916.7	46.8	42.6
10	3.8	211.09	724453.2	690861.0	46.8	45.8
11	4.1	172.76	703978.6	669377.3	46.7	46.5
12	4.5	198.90	686141.8	650797.7	46.7	47.0
13	4.8	338.58	677103.0	637894.6	46.7	49.5
14	5.1	125.54	663291.1	623784.2	46.7	49.7
15	5.5	115.49	656159.6	614707.1	46.7	50.9
16	5.9	119.83	646713.1	600954.5	46.6	53.5
17	6.2	306.57	643740.0	589150.9	46.6	58.4
18	6.6	103.22	632648.2	576787.0	46.6	59.1
19	7.0	70.71	629014.3	572634.3	46.6	59.3
20	7.2	97.05	624312.2	565542.8	46.5	60.6
Gradient optimization: MAXIMUMITERATION


Iteration 11:

sh3_pdz_combined_cluster0_iter11:

OpenMP: Using 6 of 6 threads
Alphabet length:21
14233 valid sequences out of 14233 
41 sites, none trimmed because no target specified
Theta not between 0 and 1, no sequence reweighting applied (N = 14233.00)
iter	time	cond	fx	-loglk	||h||	||e||
1	0.8	1382.16	1168440.0	1168401.8	47.1	1.0
2	1.1	614.27	1044954.0	1044681.0	47.1	4.0
3	1.5	454.42	978879.9	978156.6	47.0	6.6
4	1.8	642.87	883114.7	879872.5	46.8	14.2
5	2.1	608.31	823284.5	813719.3	46.6	24.4
6	2.5	334.74	786149.8	773949.0	46.5	27.6
7	2.8	262.34	760734.4	745393.1	46.4	30.9
8	3.2	277.02	735648.4	715886.6	46.2	35.1
9	3.5	373.78	709885.3	682007.8	46.0	41.7
10	3.9	212.36	686304.8	653153.3	45.9	45.5
11	4.2	164.07	671436.5	638765.2	46.0	45.2
12	4.5	213.21	654236.4	622167.9	46.0	44.8
13	4.8	290.43	646476.9	611892.6	45.9	46.5
14	5.2	136.14	637147.8	601953.9	45.9	46.9
15	5.5	122.55	629096.0	590889.4	45.9	48.9
16	5.9	126.81	622181.7	580422.9	45.9	51.1
17	6.2	198.21	612615.3	562220.1	45.8	56.1
18	6.6	127.94	605661.1	548555.3	45.7	59.7
19	6.9	74.90	601633.8	545643.1	45.8	59.1
20	7.3	86.96	597470.2	541924.3	45.8	58.9
Gradient optimization: MAXIMUMITERATION


sh3_pdz_combined_cluster1_iter11:

OpenMP: Using 6 of 6 threads
Alphabet length:21
15345 valid sequences out of 15345 
41 sites, none trimmed because no target specified
Theta not between 0 and 1, no sequence reweighting applied (N = 15345.00)
iter	time	cond	fx	-loglk	||h||	||e||
1	0.8	1461.05	1266252.5	1266213.6	47.9	1.0
2	1.1	667.71	1126496.3	1126203.8	47.9	4.1
3	1.5	504.32	1047032.6	1046223.3	47.8	7.0
4	1.8	761.72	937283.2	933416.9	47.6	15.5
5	2.2	560.34	867286.5	857433.8	47.4	24.8
6	2.5	338.91	835053.5	822708.6	47.3	27.8
7	2.8	277.81	807567.1	791765.5	47.2	31.4
8	3.2	306.40	778947.0	757982.4	47.0	36.2
9	3.5	366.52	750537.2	721480.0	46.8	42.6
10	3.9	211.02	723990.9	690392.4	46.8	45.8
11	4.2	172.61	703505.1	668875.5	46.7	46.5
12	4.6	199.35	685687.5	650295.2	46.7	47.0
13	4.9	334.78	676548.2	637352.2	46.7	49.5
14	5.2	125.37	662912.1	623410.1	46.7	49.7
15	5.5	115.66	655712.6	614242.1	46.7	50.9
16	5.9	119.78	646279.7	600515.4	46.6	53.5
17	6.2	309.30	643562.4	588928.3	46.6	58.4
18	6.6	103.36	632351.5	576597.8	46.6	59.0
19	6.9	70.84	628735.3	572480.7	46.6	59.3
20	7.2	96.70	624032.7	565380.8	46.5	60.5
Gradient optimization: MAXIMUMITERATION


Iteration 12:

sh3_pdz_combined_cluster0_iter12:

OpenMP: Using 6 of 6 threads
Alphabet length:21
14233 valid sequences out of 14233 
41 sites, none trimmed because no target specified
Theta not between 0 and 1, no sequence reweighting applied (N = 14233.00)
iter	time	cond	fx	-loglk	||h||	||e||
1	0.7	1382.87	1168568.5	1168530.3	47.1	1.0
2	1.1	614.42	1045059.4	1044786.6	47.1	4.0
3	1.4	454.41	979001.0	978278.2	47.0	6.6
4	1.8	640.72	883157.1	879918.5	46.8	14.2
5	2.1	610.33	823480.2	813903.7	46.6	24.4
6	2.5	334.63	786125.9	773914.3	46.5	27.6
7	2.8	262.62	760753.9	745416.1	46.4	30.9
8	3.2	276.31	735770.1	716039.0	46.2	35.1
9	3.5	378.24	710160.1	682255.1	46.0	41.7
10	3.8	214.92	686541.6	653345.6	45.9	45.5
11	4.1	165.01	671814.5	639189.9	46.0	45.1
12	4.5	208.09	654554.5	622655.5	46.0	44.6
13	4.8	289.68	646628.8	612138.5	45.9	46.4
14	5.1	137.88	637192.4	601965.7	45.9	46.9
15	5.5	124.11	628952.3	590531.0	45.9	49.0
16	5.8	126.63	622148.1	580173.7	45.9	51.2
17	6.1	202.57	612771.3	561886.2	45.8	56.4
18	6.4	130.88	605841.7	548528.3	45.7	59.8
19	6.7	75.26	601892.7	545794.9	45.7	59.2
20	7.1	83.87	597944.4	542441.5	45.8	58.9
Gradient optimization: MAXIMUMITERATION


sh3_pdz_combined_cluster1_iter12:

OpenMP: Using 6 of 6 threads
Alphabet length:21
15345 valid sequences out of 15345 
41 sites, none trimmed because no target specified
Theta not between 0 and 1, no sequence reweighting applied (N = 15345.00)
iter	time	cond	fx	-loglk	||h||	||e||
1	0.8	1460.45	1266099.8	1266060.8	47.9	1.0
2	1.1	667.74	1126305.0	1126012.3	47.9	4.1
3	1.4	504.56	1046750.2	1045939.8	47.8	7.0
4	1.8	764.69	937044.0	933169.0	47.6	15.5
5	2.2	557.90	866847.6	857003.4	47.4	24.8
6	2.5	338.12	834790.6	822457.8	47.3	27.7
7	2.8	277.65	807205.6	791387.5	47.2	31.4
8	3.2	307.71	778524.5	757491.4	47.0	36.2
9	3.5	362.74	750169.4	721096.9	46.8	42.6
10	3.9	210.57	723765.4	690239.8	46.8	45.8
11	4.2	173.45	703031.8	668408.5	46.7	46.5
12	4.5	200.05	685430.0	650043.1	46.7	47.0
13	4.9	325.40	675722.7	636577.0	46.7	49.4
14	5.3	124.21	662355.7	622780.8	46.7	49.7
15	5.6	116.22	655095.4	613477.2	46.7	51.0
16	5.9	119.97	645561.5	599525.4	46.6	53.6
17	6.2	320.36	644327.2	589080.3	46.6	58.8
18	6.6	103.92	632400.2	576871.8	46.6	58.9
19	6.9	70.21	628861.6	572936.8	46.6	59.1
20	7.2	96.00	624161.9	565853.1	46.5	60.4
Gradient optimization: MAXIMUMITERATION


Iteration 13:

sh3_pdz_combined_cluster0_iter13:

OpenMP: Using 6 of 6 threads
Alphabet length:21
14226 valid sequences out of 14226 
41 sites, none trimmed because no target specified
Theta not between 0 and 1, no sequence reweighting applied (N = 14226.00)
iter	time	cond	fx	-loglk	||h||	||e||
1	0.8	1382.52	1168053.3	1168015.1	47.1	1.0
2	1.1	614.29	1044588.0	1044315.2	47.1	4.0
3	1.5	454.30	978540.4	977817.5	47.0	6.6
4	1.8	639.54	882661.0	879422.1	46.8	14.2
5	2.2	610.46	822996.0	813410.0	46.6	24.4
6	2.5	334.32	785572.4	773344.6	46.5	27.6
7	2.9	262.47	760239.8	744890.1	46.4	31.0
8	3.2	275.90	735255.0	715510.7	46.2	35.1
9	3.5	379.76	709731.0	681798.6	46.0	41.8
10	3.9	215.51	686127.4	652919.6	45.9	45.5
11	4.2	165.16	671453.4	638839.4	46.0	45.1
12	4.6	205.90	654201.8	622343.6	46.0	44.6
13	4.9	290.89	646274.6	611789.7	45.9	46.4
14	5.2	138.24	636734.5	601486.0	45.9	46.9
15	5.5	124.15	628485.2	590018.7	45.9	49.0
16	5.8	126.55	621724.4	579701.2	45.9	51.2
17	6.1	202.86	612345.1	561339.7	45.8	56.4
18	6.4	132.47	605467.5	547999.6	45.7	59.9
19	6.8	75.04	601503.2	545324.4	45.7	59.2
20	7.1	82.86	597608.2	542082.6	45.7	58.9
Gradient optimization: MAXIMUMITERATION


sh3_pdz_combined_cluster1_iter13:

OpenMP: Using 6 of 6 threads
Alphabet length:21
15352 valid sequences out of 15352 
41 sites, none trimmed because no target specified
Theta not between 0 and 1, no sequence reweighting applied (N = 15352.00)
iter	time	cond	fx	-loglk	||h||	||e||
1	0.8	1460.73	1266596.2	1266557.2	47.9	1.0
2	1.1	667.91	1126736.5	1126443.7	47.9	4.1
3	1.5	504.78	1047139.7	1046329.0	47.8	7.0
4	1.8	766.55	937449.3	933572.2	47.6	15.5
5	2.1	557.12	867139.2	857303.7	47.4	24.8
6	2.5	337.97	835158.0	822837.9	47.3	27.7
7	2.9	277.67	807497.4	791676.0	47.2	31.4
8	3.2	308.38	778798.9	757741.1	47.0	36.3
9	3.5	360.99	750470.5	721406.2	46.8	42.6
10	3.9	210.54	724130.9	690655.3	46.8	45.7
11	4.2	173.96	703268.5	668664.1	46.8	46.5
12	4.6	200.25	685758.1	650389.0	46.7	47.0
13	5.0	322.02	675826.3	636707.0	46.7	49.4
14	5.3	123.86	662540.8	622946.0	46.7	49.7
15	5.7	116.39	655264.3	613593.7	46.7	51.0
16	6.1	120.26	645673.9	599508.5	46.6	53.7
17	6.4	323.32	644982.5	589460.5	46.6	58.9
18	6.8	103.99	632807.6	577319.4	46.6	58.9
19	7.1	70.12	629297.6	573449.9	46.6	59.1
20	7.4	95.87	624600.0	566385.9	46.6	60.3
Gradient optimization: MAXIMUMITERATION


Iteration 14:

sh3_pdz_combined_cluster0_iter14:

OpenMP: Using 6 of 6 threads
Alphabet length:21
14224 valid sequences out of 14224 
41 sites, none trimmed because no target specified
Theta not between 0 and 1, no sequence reweighting applied (N = 14224.00)
iter	time	cond	fx	-loglk	||h||	||e||
1	0.8	1382.47	1167870.4	1167832.3	47.1	1.0
2	1.2	614.30	1044418.3	1044145.5	47.1	4.0
3	1.5	454.35	978363.3	977640.4	47.0	6.6
4	1.9	638.91	882420.3	879180.5	46.8	14.2
5	2.2	610.82	822765.4	813169.9	46.6	24.5
6	2.5	334.26	785289.6	773050.4	46.5	27.6
7	2.9	262.46	759982.8	744629.2	46.4	31.0
8	3.2	275.74	734995.3	715249.0	46.2	35.1
9	3.5	380.50	709506.2	681572.2	46.0	41.8
10	3.8	215.98	685933.4	652723.4	45.9	45.5
11	4.1	165.18	671281.9	638674.7	46.0	45.1
12	4.4	204.90	654016.0	622172.3	46.0	44.6
13	4.8	292.23	646130.6	611636.9	45.9	46.4
14	5.1	138.51	636523.9	601263.9	45.9	46.9
15	5.4	124.09	628293.3	589824.7	45.9	49.0
16	5.8	126.71	621562.5	579544.9	45.9	51.2
17	6.1	202.94	612108.4	561073.5	45.8	56.5
18	6.5	139.25	605444.9	547807.7	45.7	60.0
19	6.8	74.97	601363.2	545161.3	45.7	59.3
20	7.2	80.76	597648.3	542151.5	45.7	58.9
Gradient optimization: MAXIMUMITERATION


sh3_pdz_combined_cluster1_iter14:

OpenMP: Using 6 of 6 threads
Alphabet length:21
15354 valid sequences out of 15354 
41 sites, none trimmed because no target specified
Theta not between 0 and 1, no sequence reweighting applied (N = 15354.00)
iter	time	cond	fx	-loglk	||h||	||e||
1	0.8	1460.75	1266767.8	1266728.9	47.9	1.0
2	1.2	667.99	1126850.9	1126557.9	47.9	4.1
3	1.6	504.88	1047207.4	1046396.3	47.8	7.0
4	1.9	767.68	937519.7	933639.5	47.6	15.5
5	2.3	556.30	867154.0	857322.0	47.4	24.8
6	2.6	337.70	835236.3	822924.0	47.3	27.7
7	3.0	277.61	807530.2	791707.3	47.2	31.4
8	3.3	308.61	778839.4	757772.9	47.0	36.3
9	3.7	359.64	750510.6	721456.7	46.8	42.6
10	4.0	210.48	724207.6	690751.8	46.8	45.7
11	4.4	174.08	703300.0	668698.3	46.8	46.5
12	4.8	200.49	685839.5	650475.0	46.7	47.0
13	5.1	319.32	675795.1	636712.3	46.7	49.4
14	5.5	123.64	662610.0	623027.4	46.7	49.7
15	5.8	116.47	655304.3	613620.4	46.7	51.0
16	6.1	120.46	645695.7	599482.1	46.6	53.7
17	6.5	323.56	645218.0	589594.0	46.6	59.0
18	6.8	103.85	632986.0	577539.6	46.6	58.9
19	7.2	70.18	629488.5	573703.6	46.6	59.0
20	7.4	95.86	624799.6	566667.6	46.6	60.3
Gradient optimization: MAXIMUMITERATION


Iteration 15:

sh3_pdz_combined_cluster0_iter15:

OpenMP: Using 6 of 6 threads
Alphabet length:21
14225 valid sequences out of 14225 
41 sites, none trimmed because no target specified
Theta not between 0 and 1, no sequence reweighting applied (N = 14225.00)
iter	time	cond	fx	-loglk	||h||	||e||
1	0.8	1382.63	1168018.3	1167980.1	47.1	1.0
2	1.1	614.46	1044532.3	1044259.4	47.1	4.0
3	1.4	454.53	978442.5	977719.2	47.0	6.6
4	1.7	639.41	882437.9	879195.4	46.8	14.2
5	2.1	610.41	822746.5	813143.8	46.6	24.5
6	2.4	334.34	785302.2	773058.3	46.5	27.6
7	2.7	262.56	759991.0	744636.9	46.4	31.0
8	3.0	275.89	734983.3	715239.4	46.2	35.1
9	3.4	379.15	709403.5	681491.5	46.0	41.8
10	3.7	216.33	685891.0	652650.1	45.9	45.6
11	4.0	164.83	671232.0	638602.8	46.0	45.1
12	4.3	205.43	653889.4	622028.2	46.0	44.6
13	4.6	293.49	646138.9	611629.0	45.9	46.4
14	5.0	138.78	636563.5	601319.6	45.9	46.9
15	5.3	123.79	628371.0	589954.7	45.9	49.0
16	5.6	126.88	621664.8	579723.8	45.9	51.2
17	5.9	205.74	612233.2	561280.5	45.8	56.4
18	6.3	148.04	605821.1	548196.6	45.7	60.0
19	6.6	74.98	601622.0	545589.7	45.7	59.2
20	6.9	79.07	598077.8	542729.9	45.7	58.8
Gradient optimization: MAXIMUMITERATION


sh3_pdz_combined_cluster1_iter15:

OpenMP: Using 6 of 6 threads
Alphabet length:21
15353 valid sequences out of 15353 
41 sites, none trimmed because no target specified
Theta not between 0 and 1, no sequence reweighting applied (N = 15353.00)
iter	time	cond	fx	-loglk	||h||	||e||
1	0.8	1460.60	1266590.3	1266551.4	47.9	1.0
2	1.2	667.99	1126637.3	1126344.3	47.9	4.1
3	1.5	504.88	1046946.6	1046135.1	47.8	7.0
4	1.9	767.40	937174.8	933291.6	47.6	15.5
5	2.2	556.39	866808.3	856967.8	47.4	24.8
6	2.5	337.59	834889.5	822570.6	47.3	27.7
7	2.9	277.45	807227.2	791408.1	47.2	31.4
8	3.2	308.33	778548.0	757495.6	47.0	36.3
9	3.5	360.20	750229.7	721184.1	46.9	42.6
10	3.9	210.44	723930.9	690480.1	46.8	45.7
11	4.2	173.82	703100.8	668521.3	46.8	46.5
12	4.6	200.41	685646.5	650312.5	46.8	47.0
13	4.9	320.18	675669.9	636622.5	46.7	49.4
14	5.3	123.66	662466.7	622922.3	46.7	49.7
15	5.6	116.43	655169.6	613534.3	46.7	51.0
16	6.0	120.30	645585.2	599449.4	46.6	53.7
17	6.3	323.21	644985.1	589485.6	46.6	58.9
18	6.7	103.89	632792.7	577378.7	46.6	58.8
19	7.0	70.15	629287.1	573524.6	46.6	59.0
20	7.2	95.86	624597.7	566483.0	46.6	60.3
Gradient optimization: MAXIMUMITERATION


Iteration 16:

sh3_pdz_combined_cluster0_iter16:

OpenMP: Using 6 of 6 threads
Alphabet length:21
14226 valid sequences out of 14226 
41 sites, none trimmed because no target specified
Theta not between 0 and 1, no sequence reweighting applied (N = 14226.00)
iter	time	cond	fx	-loglk	||h||	||e||
1	0.8	1382.51	1168083.9	1168045.8	47.1	1.0
2	1.1	614.48	1044593.4	1044320.4	47.1	4.0
3	1.5	454.61	978487.1	977763.6	47.0	6.6
4	1.8	640.35	882494.1	879249.6	46.8	14.2
5	2.1	609.66	822773.6	813173.7	46.6	24.5
6	2.5	334.21	785397.2	773161.2	46.5	27.6
7	2.8	262.69	760053.3	744703.5	46.4	31.0
8	3.2	276.05	735045.5	715306.4	46.2	35.1
9	3.5	379.06	709482.3	681567.9	46.0	41.8
10	3.9	216.41	685956.2	652717.3	45.9	45.6
11	4.2	164.96	671297.4	638677.9	46.0	45.1
12	4.6	205.01	653952.8	622109.5	46.0	44.6
13	4.9	293.24	646159.3	611665.9	45.9	46.4
14	5.2	138.57	636581.3	601334.4	45.9	46.9
15	5.6	123.72	628386.6	589945.8	45.9	49.0
16	5.9	126.66	621666.8	579686.2	45.9	51.2
17	6.2	200.44	612077.9	561146.0	45.8	56.4
18	6.6	146.84	605707.4	547953.4	45.7	60.1
19	6.9	75.45	601442.9	545197.7	45.7	59.3
20	7.3	79.34	597915.2	542384.2	45.7	58.9
Gradient optimization: MAXIMUMITERATION


sh3_pdz_combined_cluster1_iter16:

OpenMP: Using 6 of 6 threads
Alphabet length:21
15352 valid sequences out of 15352 
41 sites, none trimmed because no target specified
Theta not between 0 and 1, no sequence reweighting applied (N = 15352.00)
iter	time	cond	fx	-loglk	||h||	||e||
1	0.8	1460.62	1266500.9	1266462.0	47.9	1.0
2	1.2	668.03	1126502.6	1126209.6	47.9	4.1
3	1.5	504.89	1046771.1	1045959.4	47.8	7.0
4	1.8	766.66	936891.6	933006.6	47.6	15.5
5	2.2	556.55	866524.8	856673.7	47.4	24.8
6	2.5	337.73	834586.2	822255.6	47.3	27.7
7	2.9	277.44	806972.3	791151.4	47.2	31.4
8	3.2	308.07	778317.8	757276.5	47.1	36.2
9	3.5	360.46	750000.7	720970.3	46.9	42.6
10	3.9	210.45	723691.8	690242.5	46.8	45.7
11	4.2	173.62	702905.3	668334.8	46.8	46.5
12	4.6	200.36	685429.7	650096.2	46.8	47.0
13	4.9	321.21	675531.3	636480.5	46.7	49.4
14	5.3	123.69	662310.2	622784.4	46.7	49.7
15	5.6	116.29	655028.0	613425.7	46.7	51.0
16	6.0	120.06	645468.5	599396.4	46.7	53.6
17	6.3	322.81	644723.0	589331.9	46.6	58.8
18	6.6	103.89	632584.6	577177.1	46.6	58.8
19	7.0	70.19	629070.4	573296.8	46.6	59.0
20	7.3	95.83	624380.6	566241.1	46.6	60.3
Gradient optimization: MAXIMUMITERATION


Iteration 17:

sh3_pdz_combined_cluster0_iter17:

OpenMP: Using 6 of 6 threads
Alphabet length:21
14225 valid sequences out of 14225 
41 sites, none trimmed because no target specified
Theta not between 0 and 1, no sequence reweighting applied (N = 14225.00)
iter	time	cond	fx	-loglk	||h||	||e||
1	0.8	1382.76	1168097.8	1168059.6	47.1	1.0
2	1.2	614.59	1044576.6	1044303.6	47.1	4.0
3	1.5	454.69	978448.0	977724.2	47.0	6.6
4	1.8	639.91	882389.6	879142.9	46.8	14.2
5	2.2	609.93	822694.2	813084.4	46.5	24.5
6	2.5	334.03	785247.5	773000.9	46.5	27.6
7	2.8	262.78	759908.5	744549.8	46.3	31.0
8	3.2	275.63	734953.7	715215.9	46.2	35.1
9	3.5	380.94	709462.0	681522.6	46.0	41.8
10	3.8	217.26	685912.1	652648.3	45.9	45.6
11	4.1	165.31	671307.1	638699.9	45.9	45.1
12	4.5	203.11	653938.2	622150.9	46.0	44.6
13	4.8	292.72	646053.0	611595.9	45.9	46.4
14	5.1	138.85	636425.1	601157.0	45.9	46.9
15	5.4	123.86	628172.3	589620.1	45.9	49.1
16	5.7	126.30	621469.3	579334.8	45.8	51.3
17	6.0	196.91	611828.0	560701.5	45.8	56.5
18	6.4	135.82	605188.3	547246.2	45.7	60.2
19	6.7	75.78	601066.0	544508.4	45.7	59.4
20	7.0	81.60	597257.0	541461.1	45.7	59.0
Gradient optimization: MAXIMUMITERATION


sh3_pdz_combined_cluster1_iter17:

OpenMP: Using 6 of 6 threads
Alphabet length:21
15353 valid sequences out of 15353 
41 sites, none trimmed because no target specified
Theta not between 0 and 1, no sequence reweighting applied (N = 15353.00)
iter	time	cond	fx	-loglk	||h||	||e||
1	0.9	1460.50	1266468.5	1266429.6	47.9	1.0
2	1.2	668.07	1126456.6	1126163.5	47.9	4.1
3	1.6	504.97	1046697.7	1045885.9	47.8	7.0
4	1.9	767.32	936807.0	932920.7	47.6	15.5
5	2.3	556.14	866384.2	856534.6	47.4	24.8
6	2.6	337.64	834477.5	822148.8	47.3	27.7
7	2.9	277.42	806853.7	791029.9	47.2	31.4
8	3.2	308.28	778198.8	757147.1	47.1	36.3
9	3.6	359.97	749928.8	720905.4	46.9	42.6
10	3.9	210.35	723654.7	690248.5	46.8	45.7
11	4.3	173.94	702808.0	668264.6	46.8	46.4
12	4.7	200.37	685405.0	650091.3	46.8	47.0
13	5.0	319.38	675363.2	636329.4	46.7	49.4
14	5.3	123.41	662177.1	622641.9	46.7	49.7
15	5.7	116.40	654899.1	613277.7	46.7	51.0
16	6.0	120.21	645298.7	599168.4	46.7	53.7
17	6.4	323.92	644829.5	589307.7	46.6	58.9
18	6.8	103.73	632588.6	577239.0	46.6	58.8
19	7.1	70.16	629089.4	573392.4	46.6	59.0
20	7.3	95.85	624383.3	566319.8	46.6	60.2
Gradient optimization: MAXIMUMITERATION


Iteration 18:

sh3_pdz_combined_cluster0_iter18:

OpenMP: Using 6 of 6 threads
Alphabet length:21
14225 valid sequences out of 14225 
41 sites, none trimmed because no target specified
Theta not between 0 and 1, no sequence reweighting applied (N = 14225.00)
iter	time	cond	fx	-loglk	||h||	||e||
1	0.8	1383.13	1168086.1	1168047.9	47.1	1.0
2	1.1	614.73	1044545.2	1044272.2	47.1	4.0
3	1.4	454.81	978406.7	977683.0	47.0	6.6
4	1.7	639.80	882310.0	879063.3	46.8	14.2
5	2.1	610.19	822622.8	813010.6	46.5	24.5
6	2.4	333.87	785129.0	772880.8	46.4	27.6
7	2.8	262.82	759769.5	744407.4	46.3	31.0
8	3.1	275.40	734851.4	715114.9	46.2	35.1
9	3.4	382.95	709465.5	681498.6	46.0	41.8
10	3.7	217.48	685861.1	652599.2	45.9	45.6
11	4.1	165.74	671295.5	638713.8	45.9	45.1
12	4.4	201.95	653920.6	622180.0	46.0	44.5
13	4.7	291.94	645904.7	611473.0	45.9	46.4
14	5.0	138.69	636222.2	600924.4	45.9	47.0
15	5.3	123.92	627935.5	589286.4	45.9	49.1
16	5.6	126.05	621224.4	578948.1	45.8	51.4
17	6.0	194.87	611658.2	560398.2	45.8	56.6
18	6.3	115.79	604469.0	546558.8	45.7	60.2
19	6.6	72.42	600580.9	543864.8	45.7	59.5
20	7.0	91.80	595790.6	539536.7	45.7	59.3
Gradient optimization: MAXIMUMITERATION


sh3_pdz_combined_cluster1_iter18:

OpenMP: Using 6 of 6 threads
Alphabet length:21
15353 valid sequences out of 15353 
41 sites, none trimmed because no target specified
Theta not between 0 and 1, no sequence reweighting applied (N = 15353.00)
iter	time	cond	fx	-loglk	||h||	||e||
1	0.8	1459.91	1266469.7	1266430.7	47.9	1.0
2	1.2	667.87	1126462.3	1126169.2	47.9	4.1
3	1.5	504.84	1046693.4	1045881.3	47.8	7.0
4	1.8	767.45	936821.0	932933.3	47.6	15.5
5	2.1	555.79	866402.2	856553.9	47.4	24.8
6	2.5	337.62	834522.1	822195.8	47.3	27.7
7	2.8	277.51	806893.2	791069.4	47.2	31.4
8	3.2	308.35	778255.1	757205.6	47.1	36.3
9	3.6	359.50	749980.7	720970.6	46.9	42.6
10	3.9	210.34	723716.8	690325.4	46.8	45.7
11	4.2	174.01	702871.7	668340.4	46.8	46.4
12	4.6	200.56	685476.4	650172.3	46.8	47.0
13	4.9	317.63	675352.3	636344.8	46.7	49.4
14	5.2	123.30	662225.0	622696.1	46.7	49.7
15	5.6	116.50	654914.3	613274.2	46.7	51.0
16	6.0	120.27	645317.3	599155.2	46.7	53.7
17	6.6	186.36	639751.6	589085.2	46.6	56.3
18	7.0	100.23	632826.7	577673.3	46.6	58.7
19	7.2	78.29	627375.0	568534.3	46.6	60.6
20	7.4	117.66	622369.1	559973.8	46.6	62.4
Gradient optimization: MAXIMUMITERATION


Iteration 19:

sh3_pdz_combined_cluster0_iter19:

OpenMP: Using 6 of 6 threads
Alphabet length:21
14225 valid sequences out of 14225 
41 sites, none trimmed because no target specified
Theta not between 0 and 1, no sequence reweighting applied (N = 14225.00)
iter	time	cond	fx	-loglk	||h||	||e||
1	0.8	1383.27	1168094.2	1168056.0	47.1	1.0
2	1.1	614.76	1044537.8	1044264.9	47.1	4.0
3	1.4	454.79	978395.2	977671.4	47.0	6.6
4	1.8	639.56	882294.4	879048.0	46.8	14.2
5	2.1	610.41	822662.3	813048.9	46.5	24.5
6	2.4	333.61	785119.3	772873.0	46.4	27.6
7	2.8	262.97	759751.6	744391.3	46.3	31.0
8	3.1	275.05	734895.1	715171.4	46.2	35.1
9	3.4	386.58	709717.3	681718.9	46.0	41.8
10	3.8	217.60	686022.9	652806.1	45.9	45.5
11	4.1	166.52	671540.8	639037.1	45.9	45.1
12	4.4	200.33	654188.7	622543.0	46.0	44.5
13	4.8	290.86	645942.5	611558.4	45.9	46.3
14	5.1	138.36	636156.5	600813.8	45.9	47.0
15	5.4	124.00	627834.2	589048.8	45.9	49.2
16	5.7	125.97	621110.8	578627.0	45.8	51.5
17	6.1	208.63	612439.1	560963.9	45.8	56.7
18	6.4	107.46	604657.0	547584.2	45.7	59.7
19	6.7	71.90	601224.9	544952.7	45.7	59.3
20	7.0	90.66	596465.4	540315.4	45.7	59.2
Gradient optimization: MAXIMUMITERATION


sh3_pdz_combined_cluster1_iter19:

OpenMP: Using 6 of 6 threads
Alphabet length:21
15353 valid sequences out of 15353 
41 sites, none trimmed because no target specified
Theta not between 0 and 1, no sequence reweighting applied (N = 15353.00)
iter	time	cond	fx	-loglk	||h||	||e||
1	0.8	1459.60	1266454.3	1266415.3	47.9	1.0
2	1.1	667.79	1126450.0	1126156.9	47.9	4.1
3	1.5	504.82	1046672.2	1045860.0	47.8	7.0
4	1.8	767.54	936790.7	932902.0	47.6	15.5
5	2.2	555.46	866340.3	856491.6	47.4	24.8
6	2.5	337.67	834476.6	822149.4	47.3	27.7
7	2.8	277.59	806836.9	791008.5	47.2	31.4
8	3.2	308.42	778210.1	757153.8	47.1	36.3
9	3.5	358.86	749931.5	720923.4	46.9	42.6
10	3.8	210.33	723672.8	690288.5	46.8	45.7
11	4.2	174.16	702783.1	668248.9	46.8	46.4
12	4.5	200.73	685394.7	650080.9	46.8	47.0
13	4.8	316.04	675199.7	636192.0	46.7	49.4
14	5.2	123.14	662122.5	622582.1	46.7	49.7
15	5.5	116.55	654787.8	613118.2	46.7	51.0
16	5.8	120.26	645183.3	598975.6	46.7	53.7
17	6.5	185.61	639637.9	588927.4	46.6	56.3
18	6.9	100.03	632757.4	577591.6	46.6	58.7
19	7.1	78.30	627290.4	568432.4	46.6	60.6
20	7.3	117.75	622280.1	559863.0	46.6	62.4
Gradient optimization: MAXIMUMITERATION


Iteration 20:

sh3_pdz_combined_cluster0_iter20:

OpenMP: Using 6 of 6 threads
Alphabet length:21
14223 valid sequences out of 14223 
41 sites, none trimmed because no target specified
Theta not between 0 and 1, no sequence reweighting applied (N = 14223.00)
iter	time	cond	fx	-loglk	||h||	||e||
1	0.7	1383.14	1167948.6	1167910.5	47.1	1.0
2	1.1	614.70	1044405.7	1044132.8	47.1	4.0
3	1.4	454.75	978267.6	977543.8	47.0	6.6
4	1.7	639.31	882156.4	878909.5	46.8	14.2
5	2.1	610.42	822539.3	812922.6	46.5	24.5
6	2.4	333.46	784966.9	772716.8	46.4	27.6
7	2.7	263.00	759595.3	744230.4	46.3	31.0
8	3.1	274.85	734762.9	715037.0	46.2	35.1
9	3.4	388.00	709694.6	681670.9	46.0	41.8
10	3.7	217.51	685953.3	652755.6	45.9	45.5
11	4.0	166.89	671502.2	639027.6	45.9	45.0
12	4.3	199.48	654180.7	622566.0	46.0	44.4
13	4.6	290.21	645817.1	611446.0	45.9	46.3
14	4.9	138.00	635975.6	600600.5	45.9	47.0
15	5.2	123.98	627648.7	588793.6	45.9	49.3
16	5.6	126.03	620917.4	578326.6	45.8	51.6
17	5.9	222.93	613100.5	561490.5	45.8	56.8
18	6.3	103.42	604974.2	548608.8	45.7	59.3
19	6.6	71.79	601688.3	545865.4	45.7	59.1
20	7.0	91.84	596816.4	540706.0	45.7	59.2
Gradient optimization: MAXIMUMITERATION


sh3_pdz_combined_cluster1_iter20:

OpenMP: Using 6 of 6 threads
Alphabet length:21
15355 valid sequences out of 15355 
41 sites, none trimmed because no target specified
Theta not between 0 and 1, no sequence reweighting applied (N = 15355.00)
iter	time	cond	fx	-loglk	||h||	||e||
1	0.8	1459.72	1266596.9	1266557.9	47.9	1.0
2	1.1	667.86	1126572.2	1126279.0	47.9	4.1
3	1.5	504.87	1046783.6	1045971.3	47.8	7.0
4	1.8	767.96	936922.7	933034.2	47.6	15.5
5	2.1	555.20	866447.3	856603.7	47.4	24.8
6	2.5	337.64	834608.1	822286.5	47.3	27.7
7	2.8	277.60	806949.7	791121.7	47.2	31.4
8	3.2	308.63	778315.4	757251.7	47.1	36.3
9	3.5	358.23	750044.0	721039.5	46.9	42.6
10	3.9	210.32	723801.2	690432.6	46.8	45.7
11	4.2	174.33	702864.3	668334.9	46.8	46.4
12	4.6	200.86	685504.1	650195.4	46.8	47.0
13	4.9	314.47	675220.5	636225.9	46.7	49.4
14	5.3	122.98	662184.3	622636.9	46.7	49.7
15	5.6	116.59	654833.0	613138.0	46.7	51.0
16	6.0	120.34	645206.3	598943.0	46.7	53.8
17	6.7	184.54	639685.6	588923.5	46.6	56.3
18	7.0	99.80	632866.9	577689.8	46.6	58.7
19	7.2	78.42	627387.1	568507.6	46.6	60.7
20	7.4	117.86	622383.9	559959.1	46.6	62.5
Gradient optimization: MAXIMUMITERATION


Iteration 21:

sh3_pdz_combined_cluster0_iter21:

OpenMP: Using 6 of 6 threads
Alphabet length:21
14224 valid sequences out of 14224 
41 sites, none trimmed because no target specified
Theta not between 0 and 1, no sequence reweighting applied (N = 14224.00)
iter	time	cond	fx	-loglk	||h||	||e||
1	0.7	1383.36	1168028.0	1167989.8	47.1	1.0
2	1.1	614.77	1044484.2	1044211.3	47.1	4.0
3	1.4	454.79	978349.7	977626.0	47.0	6.6
4	1.8	639.15	882227.6	878981.7	46.8	14.2
5	2.1	610.71	822620.5	813003.3	46.5	24.5
6	2.5	333.48	785025.5	772775.4	46.4	27.6
7	2.8	263.04	759658.2	744294.6	46.3	31.0
8	3.2	274.82	734839.0	715116.9	46.2	35.1
9	3.5	388.73	709806.2	681780.0	46.0	41.8
10	3.9	217.55	686051.6	652866.0	45.9	45.5
11	4.3	167.04	671612.8	639154.6	45.9	45.0
12	4.6	199.33	654294.1	622696.2	46.0	44.4
13	4.9	290.34	645904.1	611541.0	45.9	46.3
14	5.2	138.01	636036.7	600659.0	45.9	47.0
15	5.6	123.99	627709.4	588843.3	45.9	49.3
16	5.9	126.07	620980.7	578370.3	45.8	51.6
17	6.3	225.97	613340.7	561688.5	45.8	56.8
18	6.6	102.30	605120.9	548875.4	45.7	59.3
19	6.9	71.87	601857.3	546109.7	45.7	59.0
20	7.2	92.23	596953.6	540837.8	45.7	59.2
Gradient optimization: MAXIMUMITERATION


sh3_pdz_combined_cluster1_iter21:

OpenMP: Using 6 of 6 threads
Alphabet length:21
15354 valid sequences out of 15354 
41 sites, none trimmed because no target specified
Theta not between 0 and 1, no sequence reweighting applied (N = 15354.00)
iter	time	cond	fx	-loglk	||h||	||e||
1	0.8	1459.54	1266516.6	1266477.6	47.9	1.0
2	1.2	667.80	1126493.5	1126200.3	47.9	4.1
3	1.5	504.85	1046700.6	1045888.2	47.8	7.0
4	1.8	768.19	936856.6	932967.0	47.6	15.5
5	2.1	554.96	866370.4	856527.6	47.4	24.8
6	2.5	337.56	834547.0	822226.2	47.3	27.7
7	2.8	277.58	806880.8	791050.9	47.2	31.4
8	3.2	308.71	778240.2	757169.4	47.1	36.3
9	3.5	357.90	749973.2	720966.7	46.9	42.6
10	3.9	210.29	723738.6	690373.5	46.8	45.7
11	4.3	174.38	702779.9	668246.9	46.8	46.4
12	4.6	200.90	685437.7	650125.5	46.8	47.0
13	5.0	313.32	675096.3	636106.2	46.7	49.4
14	5.3	122.89	662093.4	622536.6	46.7	49.7
15	5.6	116.64	654728.6	613011.9	46.7	51.0
16	5.9	120.45	645092.8	598790.8	46.7	53.8
17	6.6	183.79	639585.5	588786.8	46.6	56.3
18	7.0	99.61	632810.0	577627.3	46.6	58.7
19	7.3	78.48	627324.0	568436.8	46.6	60.7
20	7.5	117.86	622323.7	559903.2	46.6	62.4
Gradient optimization: MAXIMUMITERATION


Iteration 22:

sh3_pdz_combined_cluster0_iter22:

OpenMP: Using 6 of 6 threads
Alphabet length:21
14225 valid sequences out of 14225 
41 sites, none trimmed because no target specified
Theta not between 0 and 1, no sequence reweighting applied (N = 14225.00)
iter	time	cond	fx	-loglk	||h||	||e||
1	0.8	1383.40	1168127.8	1168089.6	47.1	1.0
2	1.2	614.79	1044581.6	1044308.7	47.0	4.0
3	1.6	454.81	978448.2	977724.5	47.0	6.6
4	1.9	639.34	882335.6	879089.7	46.8	14.2
5	2.3	610.58	822724.1	813108.5	46.5	24.5
6	2.6	333.48	785139.2	772891.4	46.4	27.6
7	2.9	263.08	759761.3	744398.4	46.3	31.0
8	3.3	274.83	734939.9	715218.5	46.2	35.1
9	3.6	388.70	709898.6	681872.1	46.0	41.8
10	4.0	217.64	686146.1	652956.3	45.9	45.5
11	4.3	167.04	671707.8	639249.3	45.9	45.0
12	4.7	199.23	654383.1	622786.7	46.0	44.4
13	5.0	290.21	645991.9	611629.3	45.9	46.3
14	5.3	137.99	636129.2	600749.4	45.9	47.0
15	5.6	124.03	627800.0	588929.2	45.9	49.3
16	5.9	126.11	621068.1	578449.6	45.8	51.6
17	6.2	227.04	613494.0	561835.9	45.8	56.8
18	6.5	102.16	605260.0	549066.9	45.7	59.3
19	6.8	71.96	602004.2	546296.2	45.7	59.0
20	7.2	92.28	597097.5	540990.5	45.7	59.2
Gradient optimization: MAXIMUMITERATION


sh3_pdz_combined_cluster1_iter22:

OpenMP: Using 6 of 6 threads
Alphabet length:21
15353 valid sequences out of 15353 
41 sites, none trimmed because no target specified
Theta not between 0 and 1, no sequence reweighting applied (N = 15353.00)
iter	time	cond	fx	-loglk	||h||	||e||
1	0.9	1459.46	1266414.9	1266375.9	47.9	1.0
2	1.2	667.77	1126394.4	1126101.1	47.9	4.1
3	1.6	504.82	1046599.6	1045787.2	47.9	7.0
4	1.9	768.00	936741.4	932851.6	47.6	15.5
5	2.3	555.01	866257.3	856412.5	47.4	24.8
6	2.7	337.57	834426.4	822103.2	47.3	27.7
7	3.0	277.56	806766.5	790935.0	47.2	31.4
8	3.3	308.63	778133.1	757062.6	47.1	36.3
9	3.6	357.96	749862.8	720853.4	46.9	42.6
10	4.0	210.26	723619.3	690246.7	46.8	45.7
11	4.3	174.34	702669.3	668129.4	46.8	46.4
12	4.7	200.86	685320.8	650003.9	46.8	47.0
13	5.0	313.52	674993.9	636001.9	46.7	49.4
14	5.4	122.89	661986.2	622428.8	46.7	49.7
15	5.8	116.61	654626.0	612911.5	46.7	51.0
16	6.1	120.42	644991.5	598694.5	46.7	53.8
17	6.8	183.93	639480.9	588685.1	46.7	56.3
18	7.2	99.65	632696.5	577510.4	46.6	58.7
19	7.4	78.47	627209.9	568318.5	46.6	60.7
20	7.6	117.86	622210.1	559783.3	46.6	62.5
Gradient optimization: MAXIMUMITERATION


Iteration 23:

sh3_pdz_combined_cluster0_iter23:

OpenMP: Using 6 of 6 threads
Alphabet length:21
14227 valid sequences out of 14227 
41 sites, none trimmed because no target specified
Theta not between 0 and 1, no sequence reweighting applied (N = 14227.00)
iter	time	cond	fx	-loglk	||h||	||e||
1	0.9	1383.45	1168305.6	1168267.5	47.1	1.0
2	1.2	614.81	1044744.2	1044471.3	47.1	4.0
3	1.6	454.83	978604.3	977880.7	47.0	6.6
4	1.9	639.63	882498.3	879252.2	46.8	14.2
5	2.2	610.41	822878.8	813265.5	46.5	24.5
6	2.6	333.41	785305.8	773061.4	46.4	27.6
7	2.9	263.10	759913.1	744551.0	46.3	31.0
8	3.2	274.80	735090.2	715369.3	46.2	35.1
9	3.5	389.06	710065.7	682031.4	46.0	41.8
10	3.9	217.62	686288.3	653098.7	45.9	45.5
11	4.2	167.12	671855.0	639400.3	45.9	45.0
12	4.6	199.05	654544.4	622952.4	46.0	44.4
13	4.9	289.34	646096.0	611741.0	45.9	46.3
14	5.3	137.81	636235.5	600842.1	45.9	47.0
15	5.6	124.06	627890.9	588983.1	45.9	49.3
16	5.9	126.17	621149.4	578476.8	45.8	51.6
17	6.2	235.18	614114.1	562386.3	45.8	56.8
18	6.6	99.75	605678.8	549889.8	45.7	59.0
19	6.9	72.50	602466.2	547045.2	45.7	58.8
20	7.3	93.17	597523.6	541455.2	45.7	59.2
Gradient optimization: MAXIMUMITERATION


sh3_pdz_combined_cluster1_iter23:

OpenMP: Using 6 of 6 threads
Alphabet length:21
15351 valid sequences out of 15351 
41 sites, none trimmed because no target specified
Theta not between 0 and 1, no sequence reweighting applied (N = 15351.00)
iter	time	cond	fx	-loglk	||h||	||e||
1	0.9	1459.40	1266237.3	1266198.3	47.9	1.0
2	1.3	667.74	1126233.1	1125939.9	47.9	4.1
3	1.6	504.80	1046444.9	1045632.6	47.8	7.0
4	1.9	767.66	936569.3	932679.7	47.6	15.5
5	2.3	555.10	866096.6	856248.8	47.4	24.8
6	2.6	337.64	834252.8	821925.8	47.3	27.7
7	2.9	277.59	806599.3	790765.9	47.2	31.4
8	3.3	308.53	777979.0	756911.6	47.1	36.3
9	3.6	358.15	749707.2	720695.7	46.9	42.6
10	3.9	210.24	723455.2	690074.0	46.8	45.7
11	4.3	174.29	702526.2	667983.7	46.8	46.4
12	4.6	200.78	685156.8	649835.8	46.8	47.0
13	5.0	314.60	674884.3	635880.2	46.7	49.4
14	5.3	122.96	661846.0	622289.8	46.7	49.7
15	5.7	116.54	654500.5	612798.1	46.7	51.0
16	6.0	120.29	644872.4	598599.5	46.7	53.8
17	6.6	184.56	639352.7	588579.5	46.6	56.3
18	7.0	99.81	632532.4	577341.5	46.6	58.7
19	7.3	78.35	627049.9	568153.8	46.6	60.7
20	7.5	117.83	622046.0	559601.1	46.6	62.5
Gradient optimization: MAXIMUMITERATION


Iteration 24:
TERMINATING: Repeated cluster assignments
