tuning/outputs/tuning_run_14/ created
tuning/outputs/tuning_run_14/iterations/ created
tuning/outputs/tuning_run_14/output/ created
{'msa-file-name': 'sh3_pdz_combined.fa', 'em_maxiter': 30, 'em_numclusters': 2, 'em_device': None, 'em_init': 'kmeans', 'em_no_iter_print': 0, 'plmc': '../../plmc/bin/plmc', 'output': 'tuning/outputs/tuning_run_14', 'fast': 0, 'scale': None, 'theta': '0.8', 'lambdah': '0.01', 'lambdae': '16.0', 'lambdag': None, 'gapignore': 1, 'maxiter': '20', 'ncores': 6, 'gapignore_tune': '1', 'fast_tune': '0', 'em_iter_print': 1, 'iterations_dir': 'tuning/outputs/tuning_run_14/iterations/', 'final_dir': 'tuning/outputs/tuning_run_14/output/', 'output_dir': 'tuning/outputs/tuning_run_14/', 'plmc_options': ['-t 0.8', '-lh 0.01', '-le 16.0', '-m 20', '-n 6', '-g'], 'device': device(type='cpu')}

Using cpu


Iteration 0:

sh3_pdz_combined_cluster0_iter0:

OpenMP: Using 6 of 6 threads
Alphabet length:21
17920 valid sequences out of 17920 
41 sites, none trimmed because no target specified
Effective number of samples: 1.3	(20% identical neighborhood = 1.000 samples)
iter	time	cond	fx	-loglk	||h||	||e||
1	1.2	1.06	140.9	137.0	3.1	0.5
2	2.6	1.10	134.5	130.2	5.3	0.5
3	3.0	0.37	113.6	106.7	23.3	0.3
4	3.9	0.33	113.4	106.4	23.3	0.3
5	4.4	0.07	111.9	106.9	21.2	0.2
6	4.8	0.06	111.8	107.3	20.3	0.1
7	5.2	0.08	111.6	107.3	20.0	0.1
8	5.6	0.14	110.5	106.5	19.4	0.1
9	6.1	0.28	109.2	104.5	20.8	0.2
10	6.5	0.24	109.0	103.1	22.9	0.2
11	6.9	0.05	108.1	102.4	23.3	0.1
12	7.2	0.03	108.1	102.3	23.6	0.1
13	7.4	0.03	108.0	102.1	23.9	0.1
14	7.6	0.03	108.0	101.8	24.4	0.1
15	8.1	0.09	107.9	101.5	24.8	0.1
16	8.3	0.07	107.8	101.2	25.2	0.1
17	8.6	0.03	107.4	100.5	25.8	0.1
18	9.1	0.05	107.4	100.6	25.6	0.1
19	9.3	0.02	107.3	100.7	25.3	0.1
20	9.5	0.02	107.3	100.8	25.0	0.1
Gradient optimization: MAXIMUMITERATION


sh3_pdz_combined_cluster1_iter0:

OpenMP: Using 6 of 6 threads
Alphabet length:21
11658 valid sequences out of 11658 
41 sites, none trimmed because no target specified
Effective number of samples: 1.3	(20% identical neighborhood = 1.000 samples)
iter	time	cond	fx	-loglk	||h||	||e||
1	0.8	1.06	133.2	129.4	3.1	0.5
2	1.7	1.15	127.2	122.8	5.2	0.5
3	2.0	0.43	106.3	99.4	21.5	0.4
4	2.6	0.37	106.0	99.2	21.6	0.4
5	2.8	0.08	104.9	100.0	21.0	0.2
6	3.1	0.05	104.9	100.3	20.6	0.1
7	3.5	0.07	104.8	100.3	20.4	0.1
8	3.7	0.15	104.4	100.3	20.0	0.1
9	4.0	0.23	103.7	99.8	19.8	0.0
10	4.3	0.27	102.6	98.1	20.7	0.1
11	4.9	0.24	102.3	97.8	20.9	0.1
12	5.2	0.10	101.6	96.3	22.5	0.1
13	5.4	0.04	101.3	95.3	24.0	0.1
14	5.8	0.07	101.2	95.0	24.5	0.1
15	6.1	0.02	101.2	94.9	24.5	0.1
16	6.4	0.02	101.2	94.9	24.5	0.1
17	6.7	0.05	101.1	94.9	24.6	0.1
18	7.0	0.08	101.0	94.8	24.6	0.1
19	7.3	0.10	100.9	94.8	24.4	0.1
20	7.9	0.09	100.8	94.8	24.4	0.1
Gradient optimization: MAXIMUMITERATION


Iteration 1:
TERMINATING: Repeated cluster assignments
