tuning/outputs/tuning_run_55/ created
tuning/outputs/tuning_run_55/iterations/ created
tuning/outputs/tuning_run_55/output/ created
{'msa-file-name': 'sh3_pdz_combined.fa', 'em_maxiter': 30, 'em_numclusters': 2, 'em_device': None, 'em_init': 'random', 'em_no_iter_print': 0, 'plmc': '../../plmc/bin/plmc', 'output': 'tuning/outputs/tuning_run_55', 'fast': 0, 'scale': None, 'theta': '2', 'lambdah': '0.01', 'lambdae': '16.0', 'lambdag': None, 'gapignore': 0, 'maxiter': '5', 'ncores': 6, 'gapignore_tune': '0', 'fast_tune': '0', 'em_iter_print': 1, 'iterations_dir': 'tuning/outputs/tuning_run_55/iterations/', 'final_dir': 'tuning/outputs/tuning_run_55/output/', 'output_dir': 'tuning/outputs/tuning_run_55/', 'plmc_options': ['-t 2', '-lh 0.01', '-le 16.0', '-m 5', '-n 6'], 'device': device(type='cpu')}

Using cpu


Iteration 0:

sh3_pdz_combined_cluster0_iter0:

OpenMP: Using 6 of 6 threads
Alphabet length:21
14789 valid sequences out of 14789 
41 sites, none trimmed because no target specified
Theta not between 0 and 1, no sequence reweighting applied (N = 14789.00)
iter	time	cond	fx	-loglk	||h||	||e||
1	1.2	1427.71	1274964.7	1274926.5	47.1	1.0
2	1.9	644.42	1144898.3	1144617.4	47.1	4.0
3	2.9	487.08	1073576.5	1072824.1	47.0	6.8
4	3.4	704.54	970198.0	966670.0	46.8	14.8
5	3.9	621.56	912793.6	903273.2	46.6	24.4
Gradient optimization: MAXIMUMITERATION


sh3_pdz_combined_cluster1_iter0:

OpenMP: Using 6 of 6 threads
Alphabet length:21
14789 valid sequences out of 14789 
41 sites, none trimmed because no target specified
Theta not between 0 and 1, no sequence reweighting applied (N = 14789.00)
iter	time	cond	fx	-loglk	||h||	||e||
1	1.2	1413.32	1276625.3	1276586.7	47.5	1.0
2	1.9	638.68	1146948.5	1146667.5	47.5	4.0
3	2.9	483.39	1075702.8	1074949.7	47.4	6.8
4	3.4	713.91	973608.4	970069.6	47.2	14.8
5	3.9	616.17	916499.9	907154.6	46.9	24.1
Gradient optimization: MAXIMUMITERATION


Iteration 1:

sh3_pdz_combined_cluster0_iter1:

OpenMP: Using 6 of 6 threads
Alphabet length:21
14515 valid sequences out of 14515 
41 sites, none trimmed because no target specified
Theta not between 0 and 1, no sequence reweighting applied (N = 14515.00)
iter	time	cond	fx	-loglk	||h||	||e||
1	1.5	1381.85	1243879.2	1243839.4	48.8	1.0
2	2.1	655.30	1100659.7	1100339.4	48.7	4.3
3	2.6	502.07	1013934.5	1013008.4	48.7	7.5
4	3.1	760.18	899599.6	894994.2	48.4	16.9
5	3.6	511.35	835018.1	824276.4	48.2	25.9
Gradient optimization: MAXIMUMITERATION


sh3_pdz_combined_cluster1_iter1:

OpenMP: Using 6 of 6 threads
Alphabet length:21
15063 valid sequences out of 15063 
41 sites, none trimmed because no target specified
Theta not between 0 and 1, no sequence reweighting applied (N = 15063.00)
iter	time	cond	fx	-loglk	||h||	||e||
1	1.5	1458.92	1296776.6	1296737.1	48.4	1.0
2	2.1	680.38	1154003.2	1153708.8	48.4	4.1
3	2.6	514.90	1069144.7	1068301.6	48.3	7.2
4	3.1	744.93	951218.5	947057.3	48.1	16.1
5	3.7	620.55	887757.3	877112.2	47.9	25.8
Gradient optimization: MAXIMUMITERATION


Iteration 2:

sh3_pdz_combined_cluster0_iter2:

OpenMP: Using 6 of 6 threads
Alphabet length:21
14983 valid sequences out of 14983 
41 sites, none trimmed because no target specified
Theta not between 0 and 1, no sequence reweighting applied (N = 14983.00)
iter	time	cond	fx	-loglk	||h||	||e||
1	1.6	1388.81	1277523.0	1277481.9	50.2	1.0
2	2.1	670.54	1124351.6	1124013.3	50.2	4.4
3	2.6	517.36	1029062.1	1028067.3	50.1	7.8
4	3.3	884.54	916618.9	911685.2	49.8	17.5
5	4.0	454.94	844300.0	834115.8	49.6	25.2
Gradient optimization: MAXIMUMITERATION


sh3_pdz_combined_cluster1_iter2:

OpenMP: Using 6 of 6 threads
Alphabet length:21
14595 valid sequences out of 14595 
41 sites, none trimmed because no target specified
Theta not between 0 and 1, no sequence reweighting applied (N = 14595.00)
iter	time	cond	fx	-loglk	||h||	||e||
1	1.6	1431.20	1254928.3	1254888.5	48.8	1.0
2	2.1	676.38	1109552.1	1109248.2	48.8	4.2
3	2.6	506.23	1020351.3	1019448.0	48.7	7.4
4	3.1	708.94	902449.4	898018.7	48.5	16.6
5	3.8	595.33	837430.4	826621.0	48.2	26.0
Gradient optimization: MAXIMUMITERATION


Iteration 3:

sh3_pdz_combined_cluster0_iter3:

OpenMP: Using 6 of 6 threads
Alphabet length:21
15115 valid sequences out of 15115 
41 sites, none trimmed because no target specified
Theta not between 0 and 1, no sequence reweighting applied (N = 15115.00)
iter	time	cond	fx	-loglk	||h||	||e||
1	1.2	1394.10	1288038.3	1287997.2	50.1	1.0
2	1.6	677.00	1132272.2	1131925.2	50.1	4.5
3	2.0	526.34	1035081.0	1034059.3	50.0	7.9
4	2.5	958.07	927155.1	922117.0	49.7	17.7
5	3.0	431.47	852254.8	842524.6	49.6	24.6
Gradient optimization: MAXIMUMITERATION


sh3_pdz_combined_cluster1_iter3:

OpenMP: Using 6 of 6 threads
Alphabet length:21
14463 valid sequences out of 14463 
41 sites, none trimmed because no target specified
Theta not between 0 and 1, no sequence reweighting applied (N = 14463.00)
iter	time	cond	fx	-loglk	||h||	||e||
1	1.4	1419.94	1241365.4	1241325.2	49.2	1.0
2	1.9	673.45	1095172.6	1094867.8	49.2	4.2
3	2.5	502.09	1004453.7	1003536.6	49.1	7.5
4	3.1	692.15	885672.9	881177.2	48.9	16.7
5	3.3	578.54	818012.9	807175.7	48.7	26.0
Gradient optimization: MAXIMUMITERATION


Iteration 4:

sh3_pdz_combined_cluster0_iter4:

OpenMP: Using 6 of 6 threads
Alphabet length:21
15195 valid sequences out of 15195 
41 sites, none trimmed because no target specified
Theta not between 0 and 1, no sequence reweighting applied (N = 15195.00)
iter	time	cond	fx	-loglk	||h||	||e||
1	1.3	1392.38	1294743.2	1294702.1	50.1	1.0
2	2.1	677.95	1137852.5	1137500.8	50.1	4.5
3	2.7	529.24	1039948.1	1038912.1	50.0	7.9
4	3.2	985.86	934827.5	929755.1	49.7	17.8
5	3.8	422.33	859221.2	849754.0	49.6	24.3
Gradient optimization: MAXIMUMITERATION


sh3_pdz_combined_cluster1_iter4:

OpenMP: Using 6 of 6 threads
Alphabet length:21
14383 valid sequences out of 14383 
41 sites, none trimmed because no target specified
Theta not between 0 and 1, no sequence reweighting applied (N = 14383.00)
iter	time	cond	fx	-loglk	||h||	||e||
1	1.4	1416.28	1232600.3	1232559.9	49.4	1.0
2	2.1	672.40	1086128.7	1085824.1	49.4	4.2
3	2.7	500.68	994876.7	993956.1	49.3	7.5
4	3.3	684.75	875652.7	871143.9	49.1	16.7
5	3.9	569.28	807038.1	796200.1	48.8	26.0
Gradient optimization: MAXIMUMITERATION


Iteration 5:

sh3_pdz_combined_cluster0_iter5:

OpenMP: Using 6 of 6 threads
Alphabet length:21
15240 valid sequences out of 15240 
41 sites, none trimmed because no target specified
Theta not between 0 and 1, no sequence reweighting applied (N = 15240.00)
iter	time	cond	fx	-loglk	||h||	||e||
1	1.5	1390.78	1297883.5	1297842.4	50.2	1.0
2	2.1	678.15	1140636.0	1140282.6	50.2	4.5
3	2.7	530.91	1042570.0	1041529.8	50.1	8.0
4	3.4	1001.02	939026.3	933961.6	49.8	17.7
5	3.8	417.69	863176.7	853883.8	49.7	24.1
Gradient optimization: MAXIMUMITERATION


sh3_pdz_combined_cluster1_iter5:

OpenMP: Using 6 of 6 threads
Alphabet length:21
14338 valid sequences out of 14338 
41 sites, none trimmed because no target specified
Theta not between 0 and 1, no sequence reweighting applied (N = 14338.00)
iter	time	cond	fx	-loglk	||h||	||e||
1	1.5	1412.23	1227925.0	1227884.5	49.5	1.0
2	2.2	670.70	1081193.3	1080888.2	49.5	4.2
3	2.7	498.96	989640.9	988716.5	49.4	7.5
4	3.1	681.80	870558.9	866039.8	49.3	16.8
5	3.6	556.53	800791.7	789976.8	49.0	26.0
Gradient optimization: MAXIMUMITERATION


Iteration 6:

sh3_pdz_combined_cluster0_iter6:

OpenMP: Using 6 of 6 threads
Alphabet length:21
15263 valid sequences out of 15263 
41 sites, none trimmed because no target specified
Theta not between 0 and 1, no sequence reweighting applied (N = 15263.00)
iter	time	cond	fx	-loglk	||h||	||e||
1	0.9	1382.78	1298525.6	1298484.2	50.4	1.0
2	1.4	675.37	1141251.2	1140896.1	50.4	4.5
3	1.9	531.02	1043156.8	1042112.0	50.3	8.0
4	2.3	1009.59	941247.7	936186.5	50.0	17.7
5	2.7	408.67	864999.4	855868.9	49.9	23.9
Gradient optimization: MAXIMUMITERATION


sh3_pdz_combined_cluster1_iter6:

OpenMP: Using 6 of 6 threads
Alphabet length:21
14315 valid sequences out of 14315 
41 sites, none trimmed because no target specified
Theta not between 0 and 1, no sequence reweighting applied (N = 14315.00)
iter	time	cond	fx	-loglk	||h||	||e||
1	1.0	1417.78	1226104.2	1226063.8	49.4	1.0
2	1.4	673.15	1078982.5	1078677.0	49.4	4.2
3	1.8	500.25	987191.7	986264.3	49.3	7.5
4	2.3	684.97	868414.0	863891.6	49.1	16.8
5	2.7	546.75	797581.4	786793.9	48.8	25.9
Gradient optimization: MAXIMUMITERATION


Iteration 7:

sh3_pdz_combined_cluster0_iter7:

OpenMP: Using 6 of 6 threads
Alphabet length:21
15308 valid sequences out of 15308 
41 sites, none trimmed because no target specified
Theta not between 0 and 1, no sequence reweighting applied (N = 15308.00)
iter	time	cond	fx	-loglk	||h||	||e||
1	0.9	1379.65	1301475.8	1301434.3	50.5	1.0
2	1.3	674.31	1144083.4	1143727.8	50.5	4.5
3	1.8	531.87	1045965.7	1044920.8	50.4	8.0
4	2.2	1015.06	944781.9	939732.4	50.2	17.7
5	2.6	404.79	868253.5	859230.8	50.0	23.7
Gradient optimization: MAXIMUMITERATION


sh3_pdz_combined_cluster1_iter7:

OpenMP: Using 6 of 6 threads
Alphabet length:21
14270 valid sequences out of 14270 
41 sites, none trimmed because no target specified
Theta not between 0 and 1, no sequence reweighting applied (N = 14270.00)
iter	time	cond	fx	-loglk	||h||	||e||
1	0.9	1411.82	1222324.7	1222284.2	49.5	1.0
2	1.3	670.56	1075080.6	1074774.1	49.5	4.2
3	1.7	497.80	983143.5	982211.2	49.4	7.5
4	2.1	684.22	864887.3	860352.1	49.2	16.8
5	2.5	535.74	793470.0	782698.1	49.0	25.9
Gradient optimization: MAXIMUMITERATION


Iteration 8:

sh3_pdz_combined_cluster0_iter8:

OpenMP: Using 6 of 6 threads
Alphabet length:21
15358 valid sequences out of 15358 
41 sites, none trimmed because no target specified
Theta not between 0 and 1, no sequence reweighting applied (N = 15358.00)
iter	time	cond	fx	-loglk	||h||	||e||
1	0.9	1380.51	1305322.4	1305280.8	50.6	1.0
2	1.4	674.96	1147459.8	1147103.4	50.6	4.5
3	1.8	532.94	1049104.0	1048057.5	50.5	8.0
4	2.2	1018.20	948239.5	943198.6	50.2	17.7
5	2.7	403.75	871532.6	862569.4	50.1	23.6
Gradient optimization: MAXIMUMITERATION


sh3_pdz_combined_cluster1_iter8:

OpenMP: Using 6 of 6 threads
Alphabet length:21
14220 valid sequences out of 14220 
41 sites, none trimmed because no target specified
Theta not between 0 and 1, no sequence reweighting applied (N = 14220.00)
iter	time	cond	fx	-loglk	||h||	||e||
1	0.9	1404.30	1217566.9	1217526.2	49.7	1.0
2	1.3	667.32	1070504.9	1070198.0	49.7	4.2
3	1.8	494.93	978603.6	977669.1	49.6	7.5
4	2.2	681.80	860981.4	856446.4	49.4	16.8
5	2.6	527.60	789391.6	778657.6	49.1	25.9
Gradient optimization: MAXIMUMITERATION


Iteration 9:

sh3_pdz_combined_cluster0_iter9:

OpenMP: Using 6 of 6 threads
Alphabet length:21
15360 valid sequences out of 15360 
41 sites, none trimmed because no target specified
Theta not between 0 and 1, no sequence reweighting applied (N = 15360.00)
iter	time	cond	fx	-loglk	||h||	||e||
1	1.0	1377.45	1305226.5	1305184.8	50.7	1.0
2	1.5	674.01	1147241.4	1146883.8	50.6	4.6
3	1.9	533.18	1048816.5	1047766.1	50.6	8.0
4	2.3	1018.91	948420.2	943372.6	50.3	17.7
5	2.8	401.88	871860.9	862939.8	50.1	23.6
Gradient optimization: MAXIMUMITERATION


sh3_pdz_combined_cluster1_iter9:

OpenMP: Using 6 of 6 threads
Alphabet length:21
14218 valid sequences out of 14218 
41 sites, none trimmed because no target specified
Theta not between 0 and 1, no sequence reweighting applied (N = 14218.00)
iter	time	cond	fx	-loglk	||h||	||e||
1	1.0	1402.86	1217053.2	1217012.4	49.8	1.0
2	1.4	666.73	1069901.1	1069594.3	49.7	4.2
3	1.8	494.32	977907.6	976973.2	49.7	7.5
4	2.2	681.68	860304.1	855773.3	49.5	16.8
5	2.6	524.19	788337.0	777616.0	49.2	25.9
Gradient optimization: MAXIMUMITERATION


Iteration 10:

sh3_pdz_combined_cluster0_iter10:

OpenMP: Using 6 of 6 threads
Alphabet length:21
15377 valid sequences out of 15377 
41 sites, none trimmed because no target specified
Theta not between 0 and 1, no sequence reweighting applied (N = 15377.00)
iter	time	cond	fx	-loglk	||h||	||e||
1	1.0	1377.09	1306474.0	1306432.3	50.7	1.0
2	1.4	673.85	1148429.8	1148072.0	50.7	4.6
3	1.9	533.60	1050038.5	1048988.3	50.6	8.0
4	2.3	1018.81	949773.4	944732.1	50.3	17.7
5	2.7	401.78	873308.6	864418.7	50.2	23.5
Gradient optimization: MAXIMUMITERATION


sh3_pdz_combined_cluster1_iter10:

OpenMP: Using 6 of 6 threads
Alphabet length:21
14201 valid sequences out of 14201 
41 sites, none trimmed because no target specified
Theta not between 0 and 1, no sequence reweighting applied (N = 14201.00)
iter	time	cond	fx	-loglk	||h||	||e||
1	1.0	1402.91	1215555.6	1215514.9	49.7	1.0
2	1.4	666.88	1068385.8	1068078.8	49.7	4.2
3	1.8	494.27	976341.2	975405.4	49.6	7.5
4	2.3	681.74	858867.1	854332.4	49.5	16.8
5	2.7	521.01	786688.6	775973.2	49.2	25.8
Gradient optimization: MAXIMUMITERATION


Iteration 11:

sh3_pdz_combined_cluster0_iter11:

OpenMP: Using 6 of 6 threads
Alphabet length:21
15383 valid sequences out of 15383 
41 sites, none trimmed because no target specified
Theta not between 0 and 1, no sequence reweighting applied (N = 15383.00)
iter	time	cond	fx	-loglk	||h||	||e||
1	1.0	1376.74	1306709.7	1306668.0	50.7	1.0
2	1.4	673.88	1148683.1	1148325.1	50.7	4.6
3	1.9	534.36	1050313.1	1049262.8	50.6	8.0
4	2.4	1019.96	950212.4	945172.0	50.3	17.7
5	2.7	401.09	873719.6	864856.9	50.2	23.5
Gradient optimization: MAXIMUMITERATION


sh3_pdz_combined_cluster1_iter11:

OpenMP: Using 6 of 6 threads
Alphabet length:21
14195 valid sequences out of 14195 
41 sites, none trimmed because no target specified
Theta not between 0 and 1, no sequence reweighting applied (N = 14195.00)
iter	time	cond	fx	-loglk	||h||	||e||
1	0.9	1402.34	1215123.1	1215082.3	49.7	1.0
2	1.4	666.53	1067866.8	1067559.6	49.7	4.2
3	1.7	493.91	975791.8	974854.7	49.7	7.6
4	2.1	682.53	858530.3	853992.6	49.5	16.8
5	2.5	517.54	786145.7	775447.9	49.2	25.8
Gradient optimization: MAXIMUMITERATION


Iteration 12:

sh3_pdz_combined_cluster0_iter12:

OpenMP: Using 6 of 6 threads
Alphabet length:21
15372 valid sequences out of 15372 
41 sites, none trimmed because no target specified
Theta not between 0 and 1, no sequence reweighting applied (N = 15372.00)
iter	time	cond	fx	-loglk	||h||	||e||
1	1.0	1374.30	1305532.6	1305490.9	50.7	1.0
2	1.5	673.25	1147567.3	1147208.3	50.7	4.6
3	1.8	534.87	1049206.4	1048153.2	50.6	8.0
4	2.2	1020.50	949512.8	944464.0	50.3	17.7
5	2.7	399.56	873184.8	864353.6	50.2	23.5
Gradient optimization: MAXIMUMITERATION


sh3_pdz_combined_cluster1_iter12:

OpenMP: Using 6 of 6 threads
Alphabet length:21
14206 valid sequences out of 14206 
41 sites, none trimmed because no target specified
Theta not between 0 and 1, no sequence reweighting applied (N = 14206.00)
iter	time	cond	fx	-loglk	||h||	||e||
1	0.9	1403.75	1216085.6	1216044.8	49.8	1.0
2	1.3	666.98	1068704.6	1068397.6	49.7	4.2
3	1.8	494.22	976597.5	975661.2	49.7	7.5
4	2.2	684.01	859404.7	854872.5	49.5	16.8
5	2.7	514.53	786677.9	776008.4	49.2	25.8
Gradient optimization: MAXIMUMITERATION


Iteration 13:

sh3_pdz_combined_cluster0_iter13:

OpenMP: Using 6 of 6 threads
Alphabet length:21
15366 valid sequences out of 15366 
41 sites, none trimmed because no target specified
Theta not between 0 and 1, no sequence reweighting applied (N = 15366.00)
iter	time	cond	fx	-loglk	||h||	||e||
1	1.0	1372.74	1304917.7	1304876.0	50.7	1.0
2	1.3	672.75	1147009.3	1146650.0	50.7	4.6
3	1.7	534.94	1048677.9	1047623.5	50.6	8.0
4	2.2	1020.78	949192.7	944141.0	50.3	17.7
5	2.6	398.64	872939.9	864124.7	50.2	23.4
Gradient optimization: MAXIMUMITERATION


sh3_pdz_combined_cluster1_iter13:

OpenMP: Using 6 of 6 threads
Alphabet length:21
14212 valid sequences out of 14212 
41 sites, none trimmed because no target specified
Theta not between 0 and 1, no sequence reweighting applied (N = 14212.00)
iter	time	cond	fx	-loglk	||h||	||e||
1	0.9	1403.81	1216606.1	1216565.4	49.8	1.0
2	1.3	666.96	1069157.7	1068850.7	49.8	4.2
3	1.8	494.26	977011.2	976075.1	49.7	7.5
4	2.2	684.38	859792.5	855260.7	49.5	16.8
5	2.6	512.92	786882.6	776221.3	49.3	25.8
Gradient optimization: MAXIMUMITERATION


Iteration 14:

sh3_pdz_combined_cluster0_iter14:

OpenMP: Using 6 of 6 threads
Alphabet length:21
15362 valid sequences out of 15362 
41 sites, none trimmed because no target specified
Theta not between 0 and 1, no sequence reweighting applied (N = 15362.00)
iter	time	cond	fx	-loglk	||h||	||e||
1	1.0	1372.24	1304537.0	1304495.3	50.7	1.0
2	1.4	672.55	1146640.0	1146280.5	50.7	4.6
3	1.7	534.91	1048320.5	1047265.6	50.6	8.0
4	2.2	1020.18	948910.2	943858.0	50.3	17.7
5	2.6	398.40	872704.0	863894.2	50.2	23.4
Gradient optimization: MAXIMUMITERATION


sh3_pdz_combined_cluster1_iter14:

OpenMP: Using 6 of 6 threads
Alphabet length:21
14216 valid sequences out of 14216 
41 sites, none trimmed because no target specified
Theta not between 0 and 1, no sequence reweighting applied (N = 14216.00)
iter	time	cond	fx	-loglk	||h||	||e||
1	0.9	1404.23	1216933.8	1216893.0	49.8	1.0
2	1.3	667.11	1069445.5	1069138.5	49.8	4.2
3	1.7	494.36	977286.0	976350.0	49.7	7.5
4	2.2	684.73	860076.1	855545.7	49.5	16.8
5	2.6	512.70	787089.4	776432.2	49.3	25.8
Gradient optimization: MAXIMUMITERATION


Iteration 15:

sh3_pdz_combined_cluster0_iter15:

OpenMP: Using 6 of 6 threads
Alphabet length:21
15354 valid sequences out of 15354 
41 sites, none trimmed because no target specified
Theta not between 0 and 1, no sequence reweighting applied (N = 15354.00)
iter	time	cond	fx	-loglk	||h||	||e||
1	1.0	1371.59	1303776.6	1303734.9	50.7	1.0
2	1.4	672.26	1145927.9	1145568.3	50.7	4.6
3	1.9	534.73	1047635.2	1046580.0	50.6	8.0
4	2.3	1020.00	948301.2	943247.8	50.3	17.7
5	2.7	398.18	872113.6	863305.4	50.2	23.4
Gradient optimization: MAXIMUMITERATION


sh3_pdz_combined_cluster1_iter15:

OpenMP: Using 6 of 6 threads
Alphabet length:21
14224 valid sequences out of 14224 
41 sites, none trimmed because no target specified
Theta not between 0 and 1, no sequence reweighting applied (N = 14224.00)
iter	time	cond	fx	-loglk	||h||	||e||
1	1.0	1404.77	1217666.3	1217625.5	49.8	1.0
2	1.4	667.32	1070110.9	1069803.9	49.8	4.2
3	1.8	494.47	977925.5	976989.6	49.7	7.5
4	2.3	684.87	860713.3	856184.8	49.5	16.8
5	2.7	512.86	787698.6	777045.6	49.3	25.8
Gradient optimization: MAXIMUMITERATION


Iteration 16:

sh3_pdz_combined_cluster0_iter16:

OpenMP: Using 6 of 6 threads
Alphabet length:21
15350 valid sequences out of 15350 
41 sites, none trimmed because no target specified
Theta not between 0 and 1, no sequence reweighting applied (N = 15350.00)
iter	time	cond	fx	-loglk	||h||	||e||
1	0.9	1371.15	1303380.1	1303338.4	50.7	1.0
2	1.4	672.07	1145553.3	1145193.6	50.7	4.6
3	1.9	534.65	1047274.7	1046219.3	50.6	8.0
4	2.3	1020.02	948002.2	942948.3	50.3	17.7
5	2.6	398.02	871813.5	863007.8	50.2	23.4
Gradient optimization: MAXIMUMITERATION


sh3_pdz_combined_cluster1_iter16:

OpenMP: Using 6 of 6 threads
Alphabet length:21
14228 valid sequences out of 14228 
41 sites, none trimmed because no target specified
Theta not between 0 and 1, no sequence reweighting applied (N = 14228.00)
iter	time	cond	fx	-loglk	||h||	||e||
1	0.9	1405.06	1218046.9	1218006.1	49.8	1.0
2	1.4	667.45	1070461.7	1070154.7	49.8	4.2
3	1.7	494.55	978261.5	977325.5	49.7	7.5
4	2.0	685.09	861049.7	856521.6	49.5	16.8
5	2.5	512.79	788010.5	777359.6	49.3	25.8
Gradient optimization: MAXIMUMITERATION


Iteration 17:

sh3_pdz_combined_cluster0_iter17:

OpenMP: Using 6 of 6 threads
Alphabet length:21
15350 valid sequences out of 15350 
41 sites, none trimmed because no target specified
Theta not between 0 and 1, no sequence reweighting applied (N = 15350.00)
iter	time	cond	fx	-loglk	||h||	||e||
1	0.9	1370.87	1303355.8	1303314.0	50.7	1.0
2	1.4	671.91	1145533.1	1145173.4	50.7	4.6
3	1.8	534.58	1047266.5	1046211.1	50.6	8.0
4	2.3	1019.98	948028.5	942975.1	50.3	17.7
5	2.6	397.96	871850.0	863047.5	50.2	23.4
Gradient optimization: MAXIMUMITERATION


sh3_pdz_combined_cluster1_iter17:

OpenMP: Using 6 of 6 threads
Alphabet length:21
14228 valid sequences out of 14228 
41 sites, none trimmed because no target specified
Theta not between 0 and 1, no sequence reweighting applied (N = 14228.00)
iter	time	cond	fx	-loglk	||h||	||e||
1	0.9	1404.84	1218042.5	1218001.7	49.8	1.0
2	1.3	667.36	1070449.9	1070142.9	49.8	4.2
3	1.6	494.46	978245.0	977309.0	49.7	7.5
4	1.9	684.96	861044.7	856516.8	49.5	16.8
5	2.3	512.52	787991.0	777341.6	49.3	25.8
Gradient optimization: MAXIMUMITERATION


Iteration 18:

sh3_pdz_combined_cluster0_iter18:

OpenMP: Using 6 of 6 threads
Alphabet length:21
15355 valid sequences out of 15355 
41 sites, none trimmed because no target specified
Theta not between 0 and 1, no sequence reweighting applied (N = 15355.00)
iter	time	cond	fx	-loglk	||h||	||e||
1	1.0	1371.30	1303831.0	1303789.3	50.7	1.0
2	1.4	672.06	1145957.0	1145597.3	50.7	4.6
3	1.9	534.60	1047665.7	1046610.3	50.6	8.0
4	2.3	1019.50	948346.7	943293.5	50.3	17.7
5	2.7	398.33	872177.0	863370.8	50.2	23.4
Gradient optimization: MAXIMUMITERATION


sh3_pdz_combined_cluster1_iter18:

OpenMP: Using 6 of 6 threads
Alphabet length:21
14223 valid sequences out of 14223 
41 sites, none trimmed because no target specified
Theta not between 0 and 1, no sequence reweighting applied (N = 14223.00)
iter	time	cond	fx	-loglk	||h||	||e||
1	1.0	1404.32	1217571.1	1217530.3	49.8	1.0
2	1.4	667.14	1070024.7	1069717.7	49.8	4.2
3	1.8	494.32	977839.7	976903.8	49.7	7.5
4	2.3	684.38	860637.3	856109.6	49.5	16.8
5	2.7	512.51	787605.2	776954.0	49.3	25.8
Gradient optimization: MAXIMUMITERATION


Iteration 19:

sh3_pdz_combined_cluster0_iter19:

OpenMP: Using 6 of 6 threads
Alphabet length:21
15360 valid sequences out of 15360 
41 sites, none trimmed because no target specified
Theta not between 0 and 1, no sequence reweighting applied (N = 15360.00)
iter	time	cond	fx	-loglk	||h||	||e||
1	1.0	1371.69	1304254.6	1304212.8	50.7	1.0
2	1.5	672.18	1146355.0	1145995.4	50.7	4.6
3	1.9	534.67	1048066.6	1047011.6	50.6	8.0
4	2.3	1019.51	948721.8	943670.8	50.3	17.7
5	2.8	398.48	872558.5	863754.9	50.2	23.4
Gradient optimization: MAXIMUMITERATION


sh3_pdz_combined_cluster1_iter19:

OpenMP: Using 6 of 6 threads
Alphabet length:21
14218 valid sequences out of 14218 
41 sites, none trimmed because no target specified
Theta not between 0 and 1, no sequence reweighting applied (N = 14218.00)
iter	time	cond	fx	-loglk	||h||	||e||
1	1.0	1404.01	1217147.6	1217106.8	49.8	1.0
2	1.4	667.05	1069624.5	1069317.5	49.8	4.2
3	1.9	494.25	977438.4	976502.2	49.7	7.5
4	2.3	684.23	860241.0	855711.6	49.5	16.8
5	2.7	512.50	787220.7	776565.5	49.3	25.8
Gradient optimization: MAXIMUMITERATION


Iteration 20:

sh3_pdz_combined_cluster0_iter20:

OpenMP: Using 6 of 6 threads
Alphabet length:21
15361 valid sequences out of 15361 
41 sites, none trimmed because no target specified
Theta not between 0 and 1, no sequence reweighting applied (N = 15361.00)
iter	time	cond	fx	-loglk	||h||	||e||
1	1.1	1371.81	1304356.2	1304314.5	50.7	1.0
2	1.5	672.21	1146444.6	1146085.0	50.7	4.6
3	1.9	534.64	1048151.2	1047096.2	50.6	8.0
4	2.3	1019.28	948774.2	943723.6	50.3	17.7
5	2.6	398.64	872621.6	863815.8	50.2	23.4
Gradient optimization: MAXIMUMITERATION


sh3_pdz_combined_cluster1_iter20:

OpenMP: Using 6 of 6 threads
Alphabet length:21
14217 valid sequences out of 14217 
41 sites, none trimmed because no target specified
Theta not between 0 and 1, no sequence reweighting applied (N = 14217.00)
iter	time	cond	fx	-loglk	||h||	||e||
1	0.8	1403.98	1217042.6	1217001.8	49.8	1.0
2	1.1	667.03	1069534.8	1069227.8	49.8	4.2
3	1.5	494.24	977359.8	976423.7	49.7	7.5
4	2.0	684.02	860160.2	855631.4	49.5	16.8
5	2.3	512.93	787180.2	776524.9	49.3	25.8
Gradient optimization: MAXIMUMITERATION


Iteration 21:

sh3_pdz_combined_cluster0_iter21:

OpenMP: Using 6 of 6 threads
Alphabet length:21
15359 valid sequences out of 15359 
41 sites, none trimmed because no target specified
Theta not between 0 and 1, no sequence reweighting applied (N = 15359.00)
iter	time	cond	fx	-loglk	||h||	||e||
1	0.9	1371.54	1304163.6	1304121.9	50.7	1.0
2	1.4	672.15	1146263.0	1145903.3	50.7	4.6
3	1.9	534.68	1047967.7	1046912.4	50.6	8.0
4	2.3	1019.28	948627.0	943575.3	50.3	17.7
5	2.8	398.52	872500.2	863696.7	50.2	23.4
Gradient optimization: MAXIMUMITERATION


sh3_pdz_combined_cluster1_iter21:

OpenMP: Using 6 of 6 threads
Alphabet length:21
14219 valid sequences out of 14219 
41 sites, none trimmed because no target specified
Theta not between 0 and 1, no sequence reweighting applied (N = 14219.00)
iter	time	cond	fx	-loglk	||h||	||e||
1	0.9	1404.19	1217215.1	1217174.3	49.8	1.0
2	1.4	667.09	1069693.1	1069386.1	49.8	4.2
3	1.9	494.28	977520.4	976584.5	49.7	7.5
4	2.3	684.08	860318.5	855790.7	49.5	16.8
5	2.8	512.94	787333.9	776681.5	49.3	25.8
Gradient optimization: MAXIMUMITERATION


Iteration 22:

sh3_pdz_combined_cluster0_iter22:

OpenMP: Using 6 of 6 threads
Alphabet length:21
15358 valid sequences out of 15358 
41 sites, none trimmed because no target specified
Theta not between 0 and 1, no sequence reweighting applied (N = 15358.00)
iter	time	cond	fx	-loglk	||h||	||e||
1	1.0	1371.42	1304063.4	1304021.7	50.7	1.0
2	1.5	672.13	1146165.1	1145805.4	50.7	4.6
3	1.9	534.71	1047866.8	1046811.4	50.6	8.0
4	2.5	1019.25	948539.2	943486.9	50.3	17.7
5	2.8	398.46	872423.8	863621.1	50.2	23.4
Gradient optimization: MAXIMUMITERATION


sh3_pdz_combined_cluster1_iter22:

OpenMP: Using 6 of 6 threads
Alphabet length:21
14220 valid sequences out of 14220 
41 sites, none trimmed because no target specified
Theta not between 0 and 1, no sequence reweighting applied (N = 14220.00)
iter	time	cond	fx	-loglk	||h||	||e||
1	1.0	1404.30	1217309.2	1217268.4	49.8	1.0
2	1.4	667.12	1069782.5	1069475.6	49.8	4.2
3	1.9	494.31	977611.5	976675.7	49.7	7.5
4	2.2	684.14	860407.7	855880.4	49.5	16.8
5	2.6	512.93	787415.2	776763.9	49.3	25.8
Gradient optimization: MAXIMUMITERATION


Iteration 23:

sh3_pdz_combined_cluster0_iter23:

OpenMP: Using 6 of 6 threads
Alphabet length:21
15355 valid sequences out of 15355 
41 sites, none trimmed because no target specified
Theta not between 0 and 1, no sequence reweighting applied (N = 15355.00)
iter	time	cond	fx	-loglk	||h||	||e||
1	0.9	1370.98	1303783.4	1303741.7	50.7	1.0
2	1.3	672.01	1145894.1	1145534.2	50.7	4.6
3	1.7	534.76	1047589.7	1046533.6	50.6	8.0
4	2.2	1019.33	948322.7	943268.4	50.3	17.7
5	2.6	398.24	872234.3	863434.9	50.2	23.4
Gradient optimization: MAXIMUMITERATION


sh3_pdz_combined_cluster1_iter23:

OpenMP: Using 6 of 6 threads
Alphabet length:21
14223 valid sequences out of 14223 
41 sites, none trimmed because no target specified
Theta not between 0 and 1, no sequence reweighting applied (N = 14223.00)
iter	time	cond	fx	-loglk	||h||	||e||
1	0.9	1404.61	1217565.9	1217525.1	49.8	1.0
2	1.4	667.21	1070026.0	1069719.2	49.8	4.2
3	1.8	494.38	977861.0	976925.5	49.7	7.5
4	2.2	684.28	860654.6	856129.1	49.5	16.8
5	2.7	512.84	787638.5	776991.2	49.3	25.8
Gradient optimization: MAXIMUMITERATION


Iteration 24:

sh3_pdz_combined_cluster0_iter24:

OpenMP: Using 6 of 6 threads
Alphabet length:21
15353 valid sequences out of 15353 
41 sites, none trimmed because no target specified
Theta not between 0 and 1, no sequence reweighting applied (N = 15353.00)
iter	time	cond	fx	-loglk	||h||	||e||
1	1.2	1370.73	1303596.9	1303555.2	50.7	1.0
2	1.6	671.93	1145710.8	1145350.8	50.7	4.6
3	2.1	534.79	1047404.9	1046348.5	50.6	8.0
4	2.5	1019.35	948172.8	943117.4	50.3	17.7
5	2.8	398.13	872104.3	863306.8	50.2	23.4
Gradient optimization: MAXIMUMITERATION


sh3_pdz_combined_cluster1_iter24:

OpenMP: Using 6 of 6 threads
Alphabet length:21
14225 valid sequences out of 14225 
41 sites, none trimmed because no target specified
Theta not between 0 and 1, no sequence reweighting applied (N = 14225.00)
iter	time	cond	fx	-loglk	||h||	||e||
1	0.8	1404.77	1217742.7	1217701.9	49.8	1.0
2	1.2	667.27	1070198.4	1069891.6	49.8	4.2
3	1.6	494.42	978035.4	977100.2	49.7	7.5
4	2.0	684.39	860825.9	856301.3	49.5	16.8
5	2.4	512.82	787795.1	777149.8	49.3	25.8
Gradient optimization: MAXIMUMITERATION


Iteration 25:

sh3_pdz_combined_cluster0_iter25:

OpenMP: Using 6 of 6 threads
Alphabet length:21
15352 valid sequences out of 15352 
41 sites, none trimmed because no target specified
Theta not between 0 and 1, no sequence reweighting applied (N = 15352.00)
iter	time	cond	fx	-loglk	||h||	||e||
1	0.9	1370.60	1303505.1	1303463.4	50.7	1.0
2	1.4	671.90	1145623.4	1145263.4	50.7	4.6
3	1.8	534.80	1047317.8	1046261.2	50.6	8.0
4	2.2	1019.39	948105.3	943049.6	50.3	17.7
5	2.7	398.04	872044.4	863248.0	50.2	23.4
Gradient optimization: MAXIMUMITERATION


sh3_pdz_combined_cluster1_iter25:

OpenMP: Using 6 of 6 threads
Alphabet length:21
14226 valid sequences out of 14226 
41 sites, none trimmed because no target specified
Theta not between 0 and 1, no sequence reweighting applied (N = 14226.00)
iter	time	cond	fx	-loglk	||h||	||e||
1	0.9	1404.86	1217826.6	1217785.8	49.8	1.0
2	1.4	667.29	1070277.7	1069971.0	49.8	4.2
3	1.8	494.44	978116.0	977180.8	49.7	7.5
4	2.2	684.48	860906.8	856382.6	49.5	16.8
5	2.6	512.76	787863.6	777219.4	49.3	25.8
Gradient optimization: MAXIMUMITERATION


Iteration 26:
TERMINATING: Repeated cluster assignments
