tuning/outputs/tuning_run_63/ created
tuning/outputs/tuning_run_63/iterations/ created
tuning/outputs/tuning_run_63/output/ created
{'msa-file-name': 'sh3_pdz_combined.fa', 'em_maxiter': 30, 'em_numclusters': 2, 'em_device': None, 'em_init': 'random', 'em_no_iter_print': 0, 'plmc': '../../plmc/bin/plmc', 'output': 'tuning/outputs/tuning_run_63', 'fast': 0, 'scale': None, 'theta': '2', 'lambdah': '0.01', 'lambdae': '16.0', 'lambdag': None, 'gapignore': 0, 'maxiter': '20', 'ncores': 6, 'gapignore_tune': '0', 'fast_tune': '0', 'em_iter_print': 1, 'iterations_dir': 'tuning/outputs/tuning_run_63/iterations/', 'final_dir': 'tuning/outputs/tuning_run_63/output/', 'output_dir': 'tuning/outputs/tuning_run_63/', 'plmc_options': ['-t 2', '-lh 0.01', '-le 16.0', '-m 20', '-n 6'], 'device': device(type='cpu')}

Using cpu


Iteration 0:

sh3_pdz_combined_cluster0_iter0:

OpenMP: Using 6 of 6 threads
Alphabet length:21
14789 valid sequences out of 14789 
41 sites, none trimmed because no target specified
Theta not between 0 and 1, no sequence reweighting applied (N = 14789.00)
iter	time	cond	fx	-loglk	||h||	||e||
1	1.0	1434.88	1276135.8	1276097.8	46.9	1.0
2	1.5	646.68	1146361.8	1146082.4	46.9	4.0
3	1.9	488.56	1075403.7	1074655.5	46.8	6.7
4	2.3	702.69	972389.3	968886.0	46.6	14.8
5	2.7	631.26	915344.1	905870.5	46.3	24.3
6	3.1	349.15	881466.3	870013.9	46.3	26.7
7	3.5	287.32	857974.3	844107.9	46.2	29.4
8	4.0	305.14	834284.4	816792.8	46.0	33.0
9	4.4	336.83	803642.3	778587.1	45.8	39.6
10	4.9	353.60	788465.3	754153.5	45.6	46.3
11	5.3	173.46	767379.6	735539.4	45.7	44.6
12	5.7	188.65	752937.0	721823.5	45.7	44.1
13	6.1	191.60	742131.2	709571.8	45.7	45.1
14	6.6	175.17	730470.3	694037.4	45.7	47.7
15	7.0	196.79	722642.1	682251.9	45.6	50.2
16	7.4	144.77	714969.8	672375.8	45.6	51.6
17	7.9	113.27	705277.3	657952.7	45.5	54.4
18	8.3	151.76	699643.4	648252.1	45.5	56.7
19	8.7	102.25	693812.0	640146.2	45.5	57.9
20	9.2	100.38	687233.9	629395.9	45.4	60.1
Gradient optimization: MAXIMUMITERATION


sh3_pdz_combined_cluster1_iter0:

OpenMP: Using 6 of 6 threads
Alphabet length:21
14789 valid sequences out of 14789 
41 sites, none trimmed because no target specified
Theta not between 0 and 1, no sequence reweighting applied (N = 14789.00)
iter	time	cond	fx	-loglk	||h||	||e||
1	1.0	1410.50	1275547.5	1275508.9	47.5	1.0
2	1.4	637.87	1145801.8	1145519.8	47.5	4.0
3	1.8	483.01	1074439.7	1073684.5	47.4	6.8
4	2.3	720.21	972378.9	968828.0	47.2	14.9
5	2.7	608.60	914804.1	905459.6	47.0	24.1
6	3.1	350.67	883535.9	872329.1	46.9	26.4
7	3.6	287.24	859911.2	846254.1	46.8	29.2
8	4.0	311.42	836053.8	818762.7	46.7	32.9
9	4.4	362.32	807509.7	782964.9	46.5	39.1
10	4.9	269.14	786678.1	755380.2	46.3	44.2
11	5.3	170.38	770768.8	740360.2	46.4	43.6
12	5.7	198.93	752063.9	721492.2	46.4	43.7
13	6.2	279.13	743056.7	709663.1	46.3	45.7
14	6.6	150.58	732443.2	696768.2	46.3	47.2
15	7.0	132.38	722404.4	682822.1	46.2	49.7
16	7.4	135.62	714256.6	670574.1	46.2	52.2
17	7.8	265.00	709190.2	657154.7	46.1	57.0
18	8.3	101.77	700002.5	647840.4	46.1	57.1
19	8.7	83.52	696126.1	644061.8	46.1	57.0
20	9.1	109.49	691642.4	637796.1	46.1	58.0
Gradient optimization: MAXIMUMITERATION


Iteration 1:

sh3_pdz_combined_cluster0_iter1:

OpenMP: Using 6 of 6 threads
Alphabet length:21
15324 valid sequences out of 15324 
41 sites, none trimmed because no target specified
Theta not between 0 and 1, no sequence reweighting applied (N = 15324.00)
iter	time	cond	fx	-loglk	||h||	||e||
1	0.8	1486.15	1318806.1	1318767.7	47.4	1.0
2	1.3	678.91	1180016.7	1179729.4	47.4	4.1
3	1.7	518.60	1101659.8	1100872.8	47.3	6.9
4	2.1	762.03	986095.2	982259.5	47.0	15.4
5	2.5	640.97	918228.2	907758.7	46.8	25.6
6	2.9	355.23	880235.0	867377.8	46.7	28.3
7	3.3	293.28	851958.1	835936.0	46.6	31.6
8	3.7	309.38	824923.8	804468.0	46.4	35.7
9	4.1	397.54	792639.7	762567.8	46.2	43.3
10	4.5	292.22	767931.2	729764.8	46.1	48.8
11	4.9	175.58	750000.6	713824.4	46.1	47.5
12	5.3	198.95	730747.4	696103.8	46.1	46.5
13	5.7	250.37	720660.5	684007.6	46.1	47.8
14	6.1	149.52	709830.3	671081.7	46.1	49.2
15	6.5	155.25	697414.4	653069.2	46.0	52.6
16	6.9	179.27	689355.7	639559.0	46.0	55.8
17	7.3	107.83	681576.1	627312.6	45.9	58.2
18	7.7	88.14	674459.1	616646.1	45.9	60.1
19	8.1	139.49	667505.7	604724.3	45.9	62.6
20	8.5	106.37	662375.0	596304.0	45.8	64.3
Gradient optimization: MAXIMUMITERATION


sh3_pdz_combined_cluster1_iter1:

OpenMP: Using 6 of 6 threads
Alphabet length:21
14254 valid sequences out of 14254 
41 sites, none trimmed because no target specified
Theta not between 0 and 1, no sequence reweighting applied (N = 14254.00)
iter	time	cond	fx	-loglk	||h||	||e||
1	0.9	1350.55	1229733.6	1229694.3	48.3	1.0
2	1.3	623.84	1099713.0	1099420.5	48.3	4.1
3	1.7	477.16	1024439.3	1023627.1	48.2	7.0
4	2.1	691.97	914170.9	910140.2	48.0	15.8
5	2.4	588.95	853865.6	843163.3	47.7	25.8
6	2.8	345.66	821008.7	808115.3	47.6	28.4
7	3.2	274.08	797121.5	781643.5	47.5	31.1
8	3.6	299.03	772063.9	752463.8	47.4	35.0
9	4.0	325.18	745226.5	718684.8	47.2	40.7
10	4.4	222.54	722261.5	688914.0	47.1	45.6
11	4.8	163.68	705622.8	671783.5	47.1	46.0
12	5.3	195.51	686419.5	652048.1	47.1	46.3
13	5.7	341.09	680483.2	642546.0	47.1	48.7
14	6.1	149.77	668547.7	630270.9	47.1	48.9
15	6.5	119.36	660624.3	620435.9	47.0	50.1
16	6.9	132.82	653488.1	610486.2	47.0	51.8
17	7.2	155.85	640776.7	591300.1	47.0	55.6
18	8.0	149.20	635540.0	581675.6	46.9	58.0
19	8.4	84.30	630374.2	573997.9	46.9	59.3
20	8.7	90.59	625838.3	567236.0	46.9	60.5
Gradient optimization: MAXIMUMITERATION


Iteration 2:

sh3_pdz_combined_cluster0_iter2:

OpenMP: Using 6 of 6 threads
Alphabet length:21
15132 valid sequences out of 15132 
41 sites, none trimmed because no target specified
Theta not between 0 and 1, no sequence reweighting applied (N = 15132.00)
iter	time	cond	fx	-loglk	||h||	||e||
1	0.9	1468.96	1299910.0	1299871.4	47.6	1.0
2	1.3	678.47	1159912.8	1159619.2	47.6	4.1
3	1.7	521.70	1079069.1	1078253.2	47.5	7.0
4	2.1	786.24	960593.7	956521.0	47.2	15.9
5	2.5	618.16	889732.8	878854.8	47.0	26.0
6	2.9	347.73	852664.8	839365.8	46.9	28.8
7	3.3	287.09	823183.7	806437.4	46.8	32.3
8	3.7	303.58	795609.1	774179.5	46.6	36.6
9	4.1	404.61	764433.4	732885.1	46.4	44.4
10	4.5	252.45	737084.6	698293.7	46.3	49.2
11	4.9	169.29	720196.1	682944.7	46.3	48.2
12	5.2	206.42	699220.8	663532.0	46.3	47.2
13	5.7	317.77	692283.9	653912.6	46.3	49.0
14	6.1	158.29	681229.6	641904.0	46.3	49.6
15	6.5	138.44	670850.0	627808.0	46.2	51.9
16	6.9	142.85	663394.5	616564.3	46.2	54.1
17	7.3	283.48	654909.0	596928.5	46.1	60.2
18	7.8	103.52	643716.4	580948.9	46.0	62.6
19	8.1	77.60	640398.9	579014.1	46.0	61.9
20	8.5	89.67	634067.8	572280.6	46.1	62.1
Gradient optimization: MAXIMUMITERATION


sh3_pdz_combined_cluster1_iter2:

OpenMP: Using 6 of 6 threads
Alphabet length:21
14446 valid sequences out of 14446 
41 sites, none trimmed because no target specified
Theta not between 0 and 1, no sequence reweighting applied (N = 14446.00)
iter	time	cond	fx	-loglk	||h||	||e||
1	0.9	1359.30	1247195.1	1247155.3	48.8	1.0
2	1.3	629.11	1114455.7	1114161.9	48.7	4.1
3	1.7	481.20	1037006.0	1036183.6	48.7	7.1
4	2.1	675.05	921880.5	917768.1	48.4	16.0
5	2.5	603.11	860888.0	849736.8	48.2	26.4
6	2.9	350.83	825436.9	812003.5	48.1	29.0
7	3.2	274.99	801245.5	785340.3	48.0	31.5
8	3.7	296.68	775871.0	755935.7	47.9	35.3
9	4.1	297.82	747589.3	720711.4	47.7	41.0
10	4.4	246.85	724491.1	689451.7	47.6	46.8
11	4.8	169.59	706408.3	670873.8	47.6	47.1
12	5.3	178.58	688472.4	652630.8	47.6	47.3
13	5.7	250.44	678538.3	640033.3	47.6	49.0
14	6.1	134.57	667593.6	626904.9	47.5	50.4
15	6.4	124.82	658771.0	615287.7	47.5	52.1
16	6.8	134.84	650312.5	603125.4	47.5	54.3
17	7.2	211.20	643870.8	590073.8	47.4	58.0
18	7.6	89.95	636194.7	581680.3	47.4	58.4
19	8.0	80.09	631893.6	576569.6	47.4	58.8
20	8.4	96.77	627448.6	569838.4	47.4	60.0
Gradient optimization: MAXIMUMITERATION


Iteration 3:

sh3_pdz_combined_cluster0_iter3:

OpenMP: Using 6 of 6 threads
Alphabet length:21
15087 valid sequences out of 15087 
41 sites, none trimmed because no target specified
Theta not between 0 and 1, no sequence reweighting applied (N = 15087.00)
iter	time	cond	fx	-loglk	||h||	||e||
1	0.9	1464.42	1295147.5	1295108.7	47.7	1.0
2	1.3	679.17	1154253.0	1153956.7	47.7	4.1
3	1.7	523.45	1072147.7	1071319.4	47.6	7.1
4	2.1	796.08	952251.4	948076.2	47.4	16.1
5	2.5	608.59	880046.9	869019.0	47.1	26.2
6	2.9	345.74	843554.7	830087.0	47.0	29.0
7	3.3	284.14	813903.0	796921.6	46.9	32.6
8	3.7	302.83	785693.3	763893.7	46.8	36.9
9	4.1	390.86	753822.7	722101.1	46.5	44.5
10	4.5	239.29	726588.3	687593.0	46.4	49.4
11	4.9	163.60	709608.4	671797.0	46.4	48.6
12	5.4	206.26	688589.1	652094.2	46.4	47.7
13	5.8	335.68	683431.2	644214.9	46.4	49.5
14	6.2	158.39	671443.6	631598.4	46.4	49.9
15	6.6	134.31	662160.6	619380.7	46.3	51.7
16	7.0	143.57	654853.1	608311.4	46.3	53.9
17	7.4	192.95	642559.4	586249.6	46.2	59.3
18	7.8	169.81	636749.0	571835.1	46.1	63.7
19	8.2	79.89	631464.9	568896.6	46.2	62.5
20	8.7	74.36	627285.5	565254.9	46.2	62.3
Gradient optimization: MAXIMUMITERATION


sh3_pdz_combined_cluster1_iter3:

OpenMP: Using 6 of 6 threads
Alphabet length:21
14491 valid sequences out of 14491 
41 sites, none trimmed because no target specified
Theta not between 0 and 1, no sequence reweighting applied (N = 14491.00)
iter	time	cond	fx	-loglk	||h||	||e||
1	0.9	1363.09	1251158.4	1251118.6	48.8	1.0
2	1.3	632.24	1117291.6	1116996.6	48.8	4.1
3	1.7	483.65	1038766.9	1037936.7	48.8	7.1
4	2.1	670.45	921905.9	917742.1	48.5	16.1
5	2.5	608.38	861316.7	850003.0	48.3	26.6
6	2.9	348.42	824837.6	811280.6	48.2	29.1
7	3.3	274.41	800625.3	784653.0	48.1	31.6
8	3.7	293.23	775553.6	755675.4	48.0	35.2
9	4.1	289.64	746018.3	718945.5	47.8	41.1
10	4.5	271.73	723669.4	687535.6	47.7	47.5
11	4.9	168.32	704338.9	668099.1	47.7	47.6
12	5.4	173.00	687328.7	650895.8	47.7	47.7
13	5.8	190.56	676024.2	637330.5	47.6	49.2
14	6.2	133.43	663851.9	620974.3	47.6	51.8
15	6.6	124.86	654909.2	609143.1	47.6	53.5
16	7.0	123.46	644717.2	594320.3	47.6	56.1
17	7.4	173.10	638975.1	584587.8	47.5	58.3
18	7.9	90.55	633304.7	578537.5	47.5	58.5
19	8.3	78.25	628494.3	572326.4	47.5	59.2
20	8.7	88.39	624004.9	565182.2	47.5	60.6
Gradient optimization: MAXIMUMITERATION


Iteration 4:

sh3_pdz_combined_cluster0_iter4:

OpenMP: Using 6 of 6 threads
Alphabet length:21
15003 valid sequences out of 15003 
41 sites, none trimmed because no target specified
Theta not between 0 and 1, no sequence reweighting applied (N = 15003.00)
iter	time	cond	fx	-loglk	||h||	||e||
1	1.0	1451.44	1286750.4	1286711.4	48.0	1.0
2	1.4	674.68	1145975.1	1145677.4	47.9	4.1
3	1.8	521.05	1063532.0	1062697.5	47.9	7.1
4	2.2	801.87	943486.0	939256.2	47.6	16.2
5	2.6	597.20	870734.6	859650.0	47.4	26.3
6	3.0	341.92	834665.7	821160.9	47.3	29.0
7	3.4	282.93	804276.4	787123.8	47.1	32.7
8	3.8	297.38	776267.0	754275.9	47.0	37.1
9	4.2	408.75	745851.4	713518.0	46.7	44.9
10	4.6	227.86	717496.8	678452.9	46.6	49.4
11	5.0	164.13	701333.1	663716.2	46.7	48.5
12	5.4	210.97	680447.3	644404.2	46.7	47.4
13	5.8	341.22	675341.0	636400.0	46.7	49.3
14	6.2	156.35	663063.6	623544.3	46.6	49.7
15	6.6	126.86	653991.2	611494.5	46.6	51.5
16	7.0	139.43	646437.3	599864.7	46.5	53.9
17	7.4	237.46	637011.1	580266.8	46.4	59.5
18	7.7	100.60	627912.6	565259.7	46.4	62.6
19	8.2	78.44	624386.9	562389.2	46.4	62.2
20	8.5	95.39	617444.9	554662.2	46.4	62.6
Gradient optimization: MAXIMUMITERATION


sh3_pdz_combined_cluster1_iter4:

OpenMP: Using 6 of 6 threads
Alphabet length:21
14575 valid sequences out of 14575 
41 sites, none trimmed because no target specified
Theta not between 0 and 1, no sequence reweighting applied (N = 14575.00)
iter	time	cond	fx	-loglk	||h||	||e||
1	0.9	1372.62	1259108.6	1259068.7	48.8	1.0
2	1.3	637.06	1124176.2	1123880.7	48.8	4.1
3	1.7	487.07	1044900.1	1044066.6	48.7	7.1
4	2.2	668.36	926887.9	922706.0	48.5	16.1
5	2.6	615.98	866252.3	854878.4	48.2	26.6
6	3.0	351.22	829321.4	815708.8	48.2	29.1
7	3.3	274.82	805402.7	789455.2	48.1	31.5
8	3.7	294.54	780299.8	760491.1	48.0	35.2
9	4.1	291.14	750736.0	723758.1	47.8	41.0
10	4.5	271.14	727856.9	692047.5	47.6	47.3
11	4.9	171.05	708641.0	672427.7	47.6	47.6
12	5.3	172.83	691624.7	655104.7	47.6	47.8
13	5.7	189.69	679823.1	640904.3	47.6	49.3
14	6.1	140.22	667575.1	624301.5	47.6	52.0
15	6.5	123.62	658621.4	612840.5	47.5	53.5
16	6.9	114.01	648155.2	597968.4	47.5	56.0
17	7.3	195.92	642918.9	588104.9	47.5	58.5
18	7.7	90.61	636714.3	581127.9	47.5	58.9
19	8.1	79.52	632403.9	575428.2	47.5	59.7
20	8.5	85.43	628075.1	568544.2	47.4	61.0
Gradient optimization: MAXIMUMITERATION


Iteration 5:

sh3_pdz_combined_cluster0_iter5:

OpenMP: Using 6 of 6 threads
Alphabet length:21
14930 valid sequences out of 14930 
41 sites, none trimmed because no target specified
Theta not between 0 and 1, no sequence reweighting applied (N = 14930.00)
iter	time	cond	fx	-loglk	||h||	||e||
1	0.9	1437.96	1279956.7	1279917.5	48.2	1.0
2	1.3	670.09	1139250.0	1138950.2	48.1	4.2
3	1.7	518.29	1056473.8	1055630.9	48.1	7.2
4	2.1	807.97	936987.0	932702.2	47.8	16.3
5	2.6	584.26	863609.9	852544.9	47.6	26.3
6	3.0	338.45	828644.7	815162.8	47.5	29.0
7	3.4	279.13	798252.2	781041.8	47.3	32.8
8	3.8	297.08	769624.3	747414.7	47.2	37.2
9	4.2	397.67	738745.6	706449.6	46.9	44.9
10	4.7	214.50	710787.4	672126.8	46.8	49.1
11	5.1	160.02	694348.6	656633.9	46.9	48.5
12	5.5	198.67	673333.0	636536.4	46.9	47.9
13	5.8	360.08	669759.6	629736.9	46.9	50.0
14	6.2	151.92	655392.4	615103.8	46.8	50.2
15	6.7	126.23	647155.1	604326.1	46.8	51.7
16	7.1	135.60	639787.7	592690.9	46.8	54.2
17	7.5	194.59	629584.5	572426.7	46.6	59.8
18	7.9	120.81	622534.1	558156.6	46.6	63.4
19	8.3	78.90	618674.7	555376.7	46.6	62.9
20	8.6	83.31	612211.1	549143.4	46.6	62.8
Gradient optimization: MAXIMUMITERATION


sh3_pdz_combined_cluster1_iter5:

OpenMP: Using 6 of 6 threads
Alphabet length:21
14648 valid sequences out of 14648 
41 sites, none trimmed because no target specified
Theta not between 0 and 1, no sequence reweighting applied (N = 14648.00)
iter	time	cond	fx	-loglk	||h||	||e||
1	0.9	1381.47	1265535.3	1265495.5	48.8	1.0
2	1.3	640.91	1129811.7	1129516.7	48.8	4.1
3	1.7	489.69	1050072.8	1049240.3	48.7	7.1
4	2.1	663.20	930853.9	926676.8	48.5	16.1
5	2.5	625.91	870506.0	859068.7	48.3	26.7
6	3.0	348.23	832246.7	818579.9	48.2	29.2
7	3.4	274.38	808438.8	792471.1	48.1	31.6
8	3.8	291.91	783449.2	763654.5	48.0	35.2
9	4.2	283.97	753174.9	725999.7	47.8	41.2
10	4.6	289.40	730204.0	693622.2	47.6	47.8
11	5.0	160.26	709856.3	673043.4	47.6	48.0
12	5.4	163.47	693390.8	656304.6	47.6	48.1
13	5.8	204.61	682198.9	642740.2	47.6	49.6
14	6.2	138.41	670977.7	628001.2	47.6	51.8
15	6.6	117.25	661865.6	616318.0	47.5	53.3
16	7.0	214.19	653166.6	601934.1	47.5	56.6
17	7.4	106.07	645570.8	593435.4	47.5	57.1
18	7.8	88.52	641623.8	589003.7	47.5	57.3
19	8.2	95.64	635419.8	580741.5	47.5	58.4
20	8.6	245.93	635374.6	574581.5	47.5	61.6
Gradient optimization: MAXIMUMITERATION


Iteration 6:

sh3_pdz_combined_cluster0_iter6:

OpenMP: Using 6 of 6 threads
Alphabet length:21
14971 valid sequences out of 14971 
41 sites, none trimmed because no target specified
Theta not between 0 and 1, no sequence reweighting applied (N = 14971.00)
iter	time	cond	fx	-loglk	||h||	||e||
1	0.9	1438.22	1282940.5	1282901.2	48.2	1.0
2	1.4	671.43	1141638.1	1141336.8	48.2	4.2
3	1.7	520.27	1058283.2	1057435.4	48.1	7.2
4	2.1	819.85	938781.6	934462.3	47.9	16.4
5	2.6	576.20	864089.2	853080.4	47.6	26.2
6	3.0	338.93	830207.5	816762.6	47.5	29.0
7	3.3	277.85	800143.0	782930.1	47.4	32.8
8	3.7	303.77	770475.1	747983.9	47.2	37.5
9	4.1	396.32	740458.2	708374.6	47.0	44.8
10	4.6	203.18	713169.5	676071.7	46.9	48.1
11	5.0	164.88	695595.1	658563.6	46.9	48.1
12	5.4	199.31	676836.5	639856.6	46.9	48.1
13	5.7	372.63	670127.9	629535.4	46.9	50.4
14	6.2	131.11	655409.6	614512.1	46.9	50.5
15	6.6	113.09	648441.5	605457.3	46.9	51.8
16	7.0	129.91	639281.8	591727.4	46.8	54.5
17	7.4	252.48	632020.6	576250.3	46.7	59.0
18	7.8	93.36	622687.6	562286.8	46.7	61.4
19	8.2	74.86	618916.5	558030.1	46.7	61.7
20	8.6	113.81	612958.3	550275.6	46.7	62.6
Gradient optimization: MAXIMUMITERATION


sh3_pdz_combined_cluster1_iter6:

OpenMP: Using 6 of 6 threads
Alphabet length:21
14607 valid sequences out of 14607 
41 sites, none trimmed because no target specified
Theta not between 0 and 1, no sequence reweighting applied (N = 14607.00)
iter	time	cond	fx	-loglk	||h||	||e||
1	0.9	1381.14	1262374.5	1262334.7	48.8	1.0
2	1.3	640.31	1126885.1	1126590.7	48.8	4.1
3	1.7	488.57	1047319.1	1046487.4	48.7	7.1
4	2.1	652.81	927932.6	923764.2	48.5	16.1
5	2.5	631.66	868408.6	856925.1	48.2	26.8
6	2.9	339.68	828749.9	815042.5	48.1	29.2
7	3.3	273.84	805074.2	789037.2	48.0	31.6
8	3.7	285.72	780607.0	760735.7	47.9	35.2
9	4.1	293.83	750358.7	722586.0	47.7	41.6
10	4.5	320.36	729473.1	692442.4	47.6	48.1
11	4.9	162.18	709684.6	673226.1	47.6	47.7
12	5.4	166.55	694548.7	658690.2	47.6	47.3
13	5.8	193.76	682631.8	644692.3	47.6	48.7
14	6.2	189.42	671711.3	629896.0	47.5	51.1
15	6.6	115.69	663243.9	619131.9	47.5	52.5
16	7.0	122.70	653653.7	605488.5	47.5	54.9
17	7.4	138.51	646135.8	593126.8	47.4	57.5
18	7.8	139.58	639974.9	580307.5	47.4	61.1
19	8.2	76.78	635029.1	575281.1	47.4	61.1
20	8.6	80.08	630406.1	569537.7	47.4	61.7
Gradient optimization: MAXIMUMITERATION


Iteration 7:

sh3_pdz_combined_cluster0_iter7:

OpenMP: Using 6 of 6 threads
Alphabet length:21
14956 valid sequences out of 14956 
41 sites, none trimmed because no target specified
Theta not between 0 and 1, no sequence reweighting applied (N = 14956.00)
iter	time	cond	fx	-loglk	||h||	||e||
1	0.9	1436.50	1281860.4	1281821.1	48.2	1.0
2	1.3	670.73	1140695.4	1140394.0	48.2	4.2
3	1.7	519.73	1057419.9	1056572.0	48.1	7.2
4	2.1	816.90	937933.8	933614.2	47.9	16.4
5	2.5	576.75	863538.5	852519.7	47.6	26.2
6	2.9	338.80	829590.4	816140.0	47.5	29.0
7	3.4	277.78	799564.0	782356.8	47.4	32.8
8	3.8	302.86	769969.2	747506.6	47.2	37.5
9	4.2	398.81	739981.8	707880.9	47.0	44.8
10	4.6	202.90	712560.8	675373.9	46.9	48.2
11	5.0	163.82	695157.9	658094.9	46.9	48.1
12	5.4	197.61	676328.2	639370.5	47.0	48.0
13	5.8	373.50	669680.3	629132.0	46.9	50.3
14	6.2	131.48	654932.3	614052.7	46.9	50.5
15	6.6	113.01	647925.9	604906.2	46.9	51.8
16	7.0	129.43	638848.8	591223.0	46.8	54.5
17	7.4	255.03	631746.4	575823.8	46.7	59.1
18	7.8	93.13	622439.3	561979.5	46.7	61.5
19	8.2	74.92	618742.6	557806.1	46.7	61.7
20	8.6	114.97	612885.5	550218.9	46.7	62.6
Gradient optimization: MAXIMUMITERATION


sh3_pdz_combined_cluster1_iter7:

OpenMP: Using 6 of 6 threads
Alphabet length:21
14622 valid sequences out of 14622 
41 sites, none trimmed because no target specified
Theta not between 0 and 1, no sequence reweighting applied (N = 14622.00)
iter	time	cond	fx	-loglk	||h||	||e||
1	0.9	1383.18	1263308.2	1263268.4	48.8	1.0
2	1.3	641.74	1127337.2	1127042.2	48.8	4.1
3	1.7	489.49	1047352.6	1046517.7	48.7	7.1
4	2.1	655.86	927802.5	923618.3	48.5	16.1
5	2.6	630.46	868083.6	856607.0	48.2	26.8
6	3.0	339.76	828521.4	814825.7	48.1	29.2
7	3.4	274.51	804737.3	788697.2	48.0	31.6
8	3.8	285.58	780172.9	760292.1	47.9	35.2
9	4.2	296.40	749842.0	722002.0	47.7	41.7
10	4.6	319.43	728968.8	691924.6	47.6	48.1
11	5.0	162.71	709255.8	672816.7	47.6	47.7
12	5.4	167.24	694022.0	658168.5	47.6	47.3
13	5.8	190.16	682096.5	644197.3	47.6	48.7
14	6.2	197.79	671303.6	629394.3	47.6	51.2
15	6.6	115.64	662640.0	618483.9	47.5	52.5
16	7.0	123.17	653583.1	605746.5	47.5	54.7
17	7.4	133.14	645617.3	592943.8	47.5	57.4
18	7.8	191.77	641110.6	580476.8	47.4	61.5
19	8.2	77.42	634879.6	575184.9	47.4	61.1
20	8.6	74.45	631421.0	571572.4	47.4	61.1
Gradient optimization: MAXIMUMITERATION


Iteration 8:

sh3_pdz_combined_cluster0_iter8:

OpenMP: Using 6 of 6 threads
Alphabet length:21
14954 valid sequences out of 14954 
41 sites, none trimmed because no target specified
Theta not between 0 and 1, no sequence reweighting applied (N = 14954.00)
iter	time	cond	fx	-loglk	||h||	||e||
1	0.9	1436.17	1281831.1	1281791.8	48.2	1.0
2	1.3	670.65	1140617.1	1140315.6	48.2	4.2
3	1.7	519.77	1057308.5	1056459.9	48.1	7.2
4	2.1	816.25	937770.5	933446.0	47.9	16.4
5	2.6	577.28	863562.7	852536.7	47.6	26.2
6	3.0	338.35	829567.4	816123.5	47.5	29.0
7	3.4	277.77	799518.7	782330.0	47.4	32.8
8	3.8	301.97	770020.0	747620.6	47.3	37.4
9	4.3	403.34	740036.7	707900.6	47.0	44.8
10	4.7	203.29	712429.2	675142.1	46.9	48.3
11	5.1	163.17	695300.3	658266.9	46.9	48.1
12	5.5	195.45	676197.7	639331.3	47.0	48.0
13	6.0	371.71	669445.4	628957.3	46.9	50.3
14	6.4	132.63	654761.2	613858.4	46.9	50.5
15	6.8	113.72	647610.8	604464.7	46.9	51.9
16	7.2	129.43	638698.5	590895.4	46.8	54.6
17	7.6	270.79	632543.8	576058.6	46.7	59.4
18	8.1	93.50	622861.5	562568.0	46.7	61.4
19	8.5	75.03	619291.5	558505.4	46.7	61.6
20	8.9	109.26	613810.7	551227.9	46.7	62.5
Gradient optimization: MAXIMUMITERATION


sh3_pdz_combined_cluster1_iter8:

OpenMP: Using 6 of 6 threads
Alphabet length:21
14624 valid sequences out of 14624 
41 sites, none trimmed because no target specified
Theta not between 0 and 1, no sequence reweighting applied (N = 14624.00)
iter	time	cond	fx	-loglk	||h||	||e||
1	0.9	1384.53	1263221.0	1263181.2	48.8	1.0
2	1.3	642.71	1127006.9	1126711.6	48.8	4.1
3	1.7	489.98	1046784.6	1045947.8	48.7	7.1
4	2.1	657.17	927246.3	923055.6	48.5	16.1
5	2.5	629.53	867417.2	855953.9	48.2	26.7
6	2.9	340.03	827955.1	814269.0	48.1	29.2
7	3.3	274.51	804110.9	788067.8	48.0	31.6
8	3.8	285.28	779442.6	759544.4	47.9	35.2
9	4.2	295.61	748971.5	721107.9	47.7	41.7
10	4.6	321.04	728180.1	690980.9	47.6	48.2
11	5.1	162.06	708313.4	671747.3	47.6	47.8
12	5.5	166.46	693271.2	657324.7	47.6	47.4
13	6.0	192.45	681379.7	643400.2	47.6	48.7
14	6.3	191.13	670513.7	628700.4	47.5	51.1
15	6.8	115.95	662052.0	617944.5	47.5	52.5
16	7.2	123.19	652557.4	604485.5	47.5	54.8
17	7.7	138.36	644864.1	591908.2	47.4	57.5
18	8.1	152.71	639098.4	579178.6	47.4	61.2
19	8.4	76.83	633975.7	574327.7	47.4	61.0
20	8.9	79.27	629701.0	569307.2	47.4	61.4
Gradient optimization: MAXIMUMITERATION


Iteration 9:

sh3_pdz_combined_cluster0_iter9:

OpenMP: Using 6 of 6 threads
Alphabet length:21
14950 valid sequences out of 14950 
41 sites, none trimmed because no target specified
Theta not between 0 and 1, no sequence reweighting applied (N = 14950.00)
iter	time	cond	fx	-loglk	||h||	||e||
1	1.0	1436.06	1281425.2	1281385.9	48.2	1.0
2	1.4	670.60	1140204.9	1139903.4	48.2	4.2
3	1.8	519.76	1056886.6	1056038.0	48.1	7.2
4	2.2	815.28	937239.9	932914.7	47.9	16.4
5	2.6	577.85	863133.3	852096.1	47.6	26.2
6	3.1	338.16	829059.6	815609.2	47.5	29.0
7	3.5	277.81	799001.2	781810.2	47.4	32.8
8	3.9	301.27	769569.4	747191.2	47.3	37.4
9	4.3	404.63	739505.7	707332.8	47.0	44.8
10	4.7	203.89	711787.8	674366.5	46.9	48.3
11	5.2	162.66	694760.1	657655.0	47.0	48.1
12	5.6	194.66	675492.3	638592.4	47.0	48.0
13	6.0	366.53	668566.0	628114.9	46.9	50.3
14	6.4	133.35	654099.9	613178.1	46.9	50.6
15	6.8	114.56	646792.6	603507.5	46.9	52.0
16	7.3	129.36	637996.0	590018.6	46.8	54.7
17	7.7	281.10	632520.9	575568.2	46.7	59.7
18	8.1	94.25	622457.3	562166.0	46.7	61.4
19	8.5	74.33	618945.3	558210.0	46.7	61.6
20	8.9	106.84	613701.0	551187.5	46.7	62.5
Gradient optimization: MAXIMUMITERATION


sh3_pdz_combined_cluster1_iter9:

OpenMP: Using 6 of 6 threads
Alphabet length:21
14628 valid sequences out of 14628 
41 sites, none trimmed because no target specified
Theta not between 0 and 1, no sequence reweighting applied (N = 14628.00)
iter	time	cond	fx	-loglk	||h||	||e||
1	0.9	1384.73	1263575.8	1263536.0	48.8	1.0
2	1.4	642.94	1127273.5	1126978.0	48.8	4.1
3	1.8	490.10	1046971.5	1046133.8	48.7	7.1
4	2.2	658.13	927457.3	923263.0	48.5	16.1
5	2.6	628.17	867490.3	856030.4	48.2	26.7
6	3.0	340.48	828137.7	814450.1	48.1	29.2
7	3.4	274.62	804227.9	788175.2	48.0	31.7
8	3.8	285.58	779490.2	759574.1	47.9	35.3
9	4.3	293.94	748976.1	721112.5	47.7	41.7
10	4.7	318.36	727947.2	690731.3	47.6	48.2
11	5.1	161.37	708099.3	671449.1	47.6	47.8
12	5.5	165.84	693013.0	656965.8	47.6	47.5
13	5.9	199.58	681300.5	643151.1	47.6	48.8
14	6.4	170.01	670233.1	628609.5	47.5	51.0
15	6.8	115.95	662089.1	618057.1	47.5	52.4
16	7.2	123.02	651017.6	601944.8	47.5	55.4
17	7.6	169.02	644991.5	590739.3	47.4	58.2
18	8.0	89.23	638363.3	581408.8	47.4	59.7
19	8.5	87.20	633180.2	574402.0	47.4	60.6
20	8.9	88.50	628848.1	567391.9	47.4	62.0
Gradient optimization: MAXIMUMITERATION


Iteration 10:

sh3_pdz_combined_cluster0_iter10:

OpenMP: Using 6 of 6 threads
Alphabet length:21
14942 valid sequences out of 14942 
41 sites, none trimmed because no target specified
Theta not between 0 and 1, no sequence reweighting applied (N = 14942.00)
iter	time	cond	fx	-loglk	||h||	||e||
1	0.9	1435.09	1280616.4	1280577.2	48.3	1.0
2	1.3	670.30	1139417.4	1139115.8	48.2	4.2
3	1.8	519.68	1056058.6	1055209.7	48.2	7.2
4	2.2	815.03	936309.2	931978.6	47.9	16.4
5	2.6	577.34	862180.6	851130.6	47.7	26.3
6	3.0	337.75	828103.8	814642.4	47.6	29.0
7	3.5	277.63	798031.9	780829.1	47.4	32.8
8	3.9	300.77	768589.7	746196.9	47.3	37.4
9	4.4	405.75	738594.7	706386.2	47.0	44.9
10	4.8	203.64	710832.8	673378.5	47.0	48.4
11	5.2	162.34	693846.8	656725.2	47.0	48.2
12	5.7	194.04	674608.3	637685.9	47.0	48.0
13	6.1	365.12	667591.1	627133.7	46.9	50.3
14	6.5	133.30	653163.5	612198.4	46.9	50.6
15	6.9	114.58	645848.5	602498.9	46.9	52.0
16	7.3	129.17	637061.0	589005.2	46.8	54.8
17	7.7	279.95	631602.2	574556.7	46.8	59.7
18	8.1	94.10	621514.8	561135.7	46.7	61.4
19	8.5	73.97	617988.8	557175.7	46.7	61.6
20	8.7	107.02	612761.8	550187.2	46.7	62.5
Gradient optimization: MAXIMUMITERATION


sh3_pdz_combined_cluster1_iter10:

OpenMP: Using 6 of 6 threads
Alphabet length:21
14636 valid sequences out of 14636 
41 sites, none trimmed because no target specified
Theta not between 0 and 1, no sequence reweighting applied (N = 14636.00)
iter	time	cond	fx	-loglk	||h||	||e||
1	0.9	1386.26	1264345.7	1264305.9	48.7	1.0
2	1.3	643.58	1127953.0	1127657.4	48.7	4.1
3	1.7	490.43	1047625.2	1046787.3	48.7	7.1
4	2.1	658.66	928194.6	924002.2	48.4	16.1
5	2.5	628.57	868182.4	856734.7	48.2	26.7
6	2.9	340.81	828863.7	815185.6	48.1	29.2
7	3.3	274.65	804957.0	788912.6	48.0	31.6
8	3.6	285.91	780175.6	760259.7	47.9	35.3
9	4.0	293.55	749651.0	721793.0	47.7	41.7
10	4.4	316.13	728344.5	691144.9	47.5	48.2
11	4.8	161.11	708536.4	671834.8	47.6	47.9
12	5.2	165.77	693415.0	657302.7	47.6	47.5
13	5.6	205.66	681837.7	643576.8	47.5	48.9
14	6.0	158.51	670740.7	629268.2	47.5	50.9
15	6.4	116.56	662699.3	618766.9	47.5	52.4
16	6.8	131.70	650728.3	600930.9	47.4	55.8
17	7.2	186.97	646151.3	591172.2	47.4	58.6
18	7.6	101.08	639897.3	584428.7	47.4	58.9
19	8.0	99.87	634294.7	577182.6	47.4	59.7
20	8.4	90.06	630874.4	571811.2	47.4	60.7
Gradient optimization: MAXIMUMITERATION


Iteration 11:

sh3_pdz_combined_cluster0_iter11:

OpenMP: Using 6 of 6 threads
Alphabet length:21
14940 valid sequences out of 14940 
41 sites, none trimmed because no target specified
Theta not between 0 and 1, no sequence reweighting applied (N = 14940.00)
iter	time	cond	fx	-loglk	||h||	||e||
1	0.9	1435.05	1280362.6	1280323.3	48.3	1.0
2	1.3	670.32	1139168.1	1138866.5	48.2	4.2
3	1.7	519.72	1055804.8	1054956.0	48.2	7.2
4	2.1	814.51	935988.4	931657.9	47.9	16.4
5	2.6	577.59	861901.5	850845.3	47.7	26.3
6	3.0	337.60	827792.3	814328.3	47.6	29.0
7	3.4	277.67	797707.9	780506.7	47.4	32.8
8	3.8	300.39	768295.8	745919.2	47.3	37.4
9	4.2	406.51	738255.2	706039.1	47.1	44.9
10	4.6	203.96	710416.8	672884.6	47.0	48.4
11	5.0	161.99	693499.7	656337.7	47.0	48.2
12	5.4	193.81	674150.6	637217.0	47.0	48.0
13	5.8	363.11	667141.0	626702.5	46.9	50.3
14	6.2	133.67	652798.7	611833.0	46.9	50.6
15	6.6	115.01	645406.6	602011.5	46.9	52.1
16	7.0	129.28	636682.3	588586.8	46.9	54.8
17	7.4	283.97	631475.4	574245.5	46.8	59.8
18	7.8	94.44	621250.8	560880.0	46.7	61.4
19	8.2	73.87	617758.1	556977.9	46.7	61.6
20	8.5	105.97	612625.6	550090.5	46.7	62.5
Gradient optimization: MAXIMUMITERATION


sh3_pdz_combined_cluster1_iter11:

OpenMP: Using 6 of 6 threads
Alphabet length:21
14638 valid sequences out of 14638 
41 sites, none trimmed because no target specified
Theta not between 0 and 1, no sequence reweighting applied (N = 14638.00)
iter	time	cond	fx	-loglk	||h||	||e||
1	0.9	1386.23	1264569.2	1264529.5	48.8	1.0
2	1.3	643.59	1128128.0	1127832.3	48.7	4.1
3	1.7	490.40	1047765.2	1046926.7	48.7	7.1
4	2.1	659.01	928339.2	924144.4	48.4	16.1
5	2.5	627.70	868225.7	856777.5	48.2	26.7
6	3.0	341.12	828984.5	815301.1	48.1	29.2
7	3.4	274.58	805059.6	789005.4	48.0	31.7
8	3.7	285.82	780250.9	760321.0	47.9	35.3
9	4.2	292.14	749670.0	721808.5	47.7	41.7
10	4.5	315.31	728245.4	691002.0	47.5	48.2
11	5.0	160.26	708396.5	671619.3	47.6	47.9
12	5.4	164.98	693305.1	657113.9	47.6	47.5
13	5.8	211.25	681886.7	643509.6	47.5	49.0
14	6.2	150.77	670855.5	629498.7	47.5	50.8
15	6.6	117.54	662856.7	619003.0	47.5	52.3
16	7.0	150.10	650568.4	600213.0	47.4	56.1
17	7.4	185.83	646211.8	591103.6	47.4	58.7
18	7.8	103.97	640398.2	585750.5	47.4	58.4
19	8.2	99.39	634803.8	578973.6	47.4	59.1
20	8.6	89.32	631238.7	573564.2	47.4	60.0
Gradient optimization: MAXIMUMITERATION


Iteration 12:

sh3_pdz_combined_cluster0_iter12:

OpenMP: Using 6 of 6 threads
Alphabet length:21
14940 valid sequences out of 14940 
41 sites, none trimmed because no target specified
Theta not between 0 and 1, no sequence reweighting applied (N = 14940.00)
iter	time	cond	fx	-loglk	||h||	||e||
1	0.9	1435.20	1280356.8	1280317.5	48.3	1.0
2	1.3	670.50	1139122.5	1138820.9	48.2	4.2
3	1.7	519.88	1055703.7	1054854.6	48.2	7.2
4	2.1	814.77	935837.2	931503.7	47.9	16.4
5	2.5	577.38	861722.7	850664.0	47.7	26.3
6	3.0	337.35	827616.4	814150.9	47.6	29.0
7	3.4	277.65	797515.6	780311.5	47.4	32.8
8	3.8	300.14	768061.8	745675.3	47.3	37.4
9	4.2	407.87	738087.3	705841.4	47.1	44.9
10	4.6	203.92	710193.1	672632.2	47.0	48.4
11	5.0	161.89	693308.8	656138.9	47.0	48.2
12	5.4	193.35	673946.0	637004.8	47.0	48.0
13	5.8	361.19	666791.2	626346.3	46.9	50.3
14	6.2	133.66	652502.1	611483.2	46.9	50.6
15	6.7	115.39	645072.1	601591.4	46.9	52.1
16	7.1	129.21	636361.9	588173.1	46.9	54.9
17	7.5	286.64	631381.5	573952.4	46.8	59.9
18	7.9	94.69	621012.2	560603.3	46.7	61.4
19	8.3	73.59	617530.4	556739.9	46.7	61.6
20	8.7	105.46	612442.7	549901.8	46.7	62.5
Gradient optimization: MAXIMUMITERATION


sh3_pdz_combined_cluster1_iter12:

OpenMP: Using 6 of 6 threads
Alphabet length:21
14638 valid sequences out of 14638 
41 sites, none trimmed because no target specified
Theta not between 0 and 1, no sequence reweighting applied (N = 14638.00)
iter	time	cond	fx	-loglk	||h||	||e||
1	0.9	1386.19	1264559.3	1264519.6	48.8	1.0
2	1.3	643.50	1128135.9	1127840.3	48.7	4.1
3	1.7	490.31	1047803.3	1046965.0	48.7	7.1
4	2.1	658.96	928413.5	924220.2	48.4	16.1
5	2.6	627.98	868304.2	856857.1	48.2	26.7
6	3.0	341.28	829068.6	815385.5	48.1	29.2
7	3.4	274.53	805163.8	789113.8	48.0	31.6
8	3.8	286.03	780349.9	760424.9	47.9	35.3
9	4.2	291.49	749773.9	721930.2	47.7	41.7
10	4.6	313.67	728170.7	690949.2	47.5	48.2
11	5.0	159.83	708335.6	671531.2	47.6	47.9
12	5.4	164.78	693185.6	656948.0	47.6	47.6
13	5.8	216.28	681941.8	643477.3	47.5	49.0
14	6.2	144.71	670962.5	629710.6	47.5	50.8
15	6.6	118.47	662937.5	619156.9	47.5	52.3
16	7.0	165.95	650624.2	600026.3	47.4	56.2
17	7.4	184.27	646083.0	591034.8	47.4	58.6
18	7.8	103.02	640477.7	586317.0	47.4	58.2
19	8.2	94.62	635062.2	580000.4	47.4	58.7
20	8.6	88.61	631302.9	574412.1	47.4	59.6
Gradient optimization: MAXIMUMITERATION


Iteration 13:

sh3_pdz_combined_cluster0_iter13:

OpenMP: Using 6 of 6 threads
Alphabet length:21
14942 valid sequences out of 14942 
41 sites, none trimmed because no target specified
Theta not between 0 and 1, no sequence reweighting applied (N = 14942.00)
iter	time	cond	fx	-loglk	||h||	||e||
1	0.9	1435.14	1280506.6	1280467.3	48.3	1.0
2	1.3	670.59	1139224.9	1138923.2	48.2	4.2
3	1.7	520.02	1055751.2	1054901.6	48.2	7.2
4	2.1	815.58	935837.4	931499.8	47.9	16.4
5	2.5	576.72	861616.6	850555.9	47.7	26.3
6	2.9	337.17	827561.0	814092.7	47.6	29.0
7	3.4	277.58	797439.6	780225.1	47.4	32.8
8	3.8	300.21	767918.8	745502.7	47.3	37.4
9	4.2	408.93	738062.9	705786.6	47.1	44.9
10	4.5	203.33	710149.2	672635.5	47.0	48.4
11	4.9	162.09	693224.8	656080.7	47.0	48.2
12	5.3	193.39	673984.5	637038.6	47.0	48.0
13	5.7	362.26	666755.6	626279.3	47.0	50.3
14	6.1	133.36	652365.2	611300.4	46.9	50.6
15	6.5	115.34	644988.7	601490.4	46.9	52.1
16	7.0	129.30	636250.6	588050.1	46.9	54.9
17	7.4	284.76	631167.8	573780.5	46.8	59.9
18	7.8	94.39	620849.9	560421.4	46.7	61.4
19	8.2	73.59	617356.3	556542.8	46.7	61.6
20	8.6	106.11	612215.9	549648.2	46.7	62.5
Gradient optimization: MAXIMUMITERATION


sh3_pdz_combined_cluster1_iter13:

OpenMP: Using 6 of 6 threads
Alphabet length:21
14636 valid sequences out of 14636 
41 sites, none trimmed because no target specified
Theta not between 0 and 1, no sequence reweighting applied (N = 14636.00)
iter	time	cond	fx	-loglk	||h||	||e||
1	0.9	1386.00	1264389.3	1264349.5	48.8	1.0
2	1.3	643.35	1127991.9	1127696.3	48.7	4.1
3	1.7	490.17	1047686.9	1046848.8	48.7	7.1
4	2.1	658.43	928330.1	924138.4	48.4	16.1
5	2.5	628.27	868269.9	856826.7	48.2	26.7
6	2.9	341.11	829000.8	815321.5	48.1	29.2
7	3.3	274.47	805119.6	789074.3	48.0	31.6
8	3.7	285.87	780339.6	760421.1	47.9	35.3
9	4.1	292.03	749805.1	721950.8	47.7	41.7
10	4.5	313.20	728200.4	691033.5	47.6	48.2
11	4.9	160.48	708456.3	671698.9	47.6	47.9
12	5.3	165.21	693328.9	657144.3	47.6	47.5
13	5.7	213.05	681963.8	643578.0	47.5	49.0
14	6.1	148.48	670949.4	629665.4	47.5	50.8
15	6.5	118.06	662955.5	619185.1	47.5	52.3
16	6.9	157.34	650736.9	600308.8	47.4	56.1
17	7.3	181.78	646199.8	591176.0	47.4	58.6
18	7.7	104.10	640622.3	586214.2	47.4	58.3
19	8.2	98.21	634920.6	579372.5	47.4	58.9
20	8.6	88.31	631289.9	573837.5	47.4	59.9
Gradient optimization: MAXIMUMITERATION


Iteration 14:

sh3_pdz_combined_cluster0_iter14:

OpenMP: Using 6 of 6 threads
Alphabet length:21
14946 valid sequences out of 14946 
41 sites, none trimmed because no target specified
Theta not between 0 and 1, no sequence reweighting applied (N = 14946.00)
iter	time	cond	fx	-loglk	||h||	||e||
1	0.9	1435.37	1280772.9	1280733.6	48.3	1.0
2	1.4	670.74	1139453.2	1139151.5	48.2	4.2
3	1.8	520.19	1055949.1	1055099.5	48.2	7.2
4	2.3	815.82	935971.6	931633.2	47.9	16.4
5	2.6	576.44	861658.6	850597.4	47.7	26.3
6	3.0	337.21	827628.8	814156.3	47.6	29.0
7	3.4	277.49	797500.8	780276.3	47.5	32.8
8	3.8	300.55	767923.7	745479.8	47.3	37.4
9	4.3	409.06	738138.8	705852.3	47.1	44.9
10	4.7	202.82	710247.8	672805.6	47.0	48.4
11	5.1	162.41	693230.6	656108.9	47.0	48.2
12	5.5	193.76	674148.9	637180.3	47.0	48.1
13	5.9	363.28	666833.6	626321.3	47.0	50.3
14	6.3	132.84	652369.4	611265.2	46.9	50.7
15	6.6	115.08	645060.4	601562.5	46.9	52.1
16	7.0	129.24	636253.5	588064.9	46.9	54.9
17	7.5	278.08	630773.8	573558.6	46.8	59.8
18	7.9	93.65	620620.8	560091.0	46.7	61.5
19	8.3	73.64	617069.5	556149.6	46.7	61.7
20	8.7	107.73	611784.5	549123.4	46.7	62.6
Gradient optimization: MAXIMUMITERATION


sh3_pdz_combined_cluster1_iter14:

OpenMP: Using 6 of 6 threads
Alphabet length:21
14632 valid sequences out of 14632 
41 sites, none trimmed because no target specified
Theta not between 0 and 1, no sequence reweighting applied (N = 14632.00)
iter	time	cond	fx	-loglk	||h||	||e||
1	0.9	1385.80	1264109.5	1264069.8	48.7	1.0
2	1.4	643.27	1127724.4	1127428.7	48.7	4.1
3	1.8	490.08	1047420.3	1046581.9	48.7	7.1
4	2.3	658.15	928080.0	923886.9	48.4	16.1
5	2.7	628.14	868050.7	856604.6	48.2	26.7
6	3.1	340.80	828734.0	815051.4	48.1	29.2
7	3.4	274.57	804846.7	788793.4	48.0	31.7
8	3.8	285.47	780109.3	760183.4	47.9	35.3
9	4.2	293.36	749623.5	721721.5	47.7	41.7
10	4.6	314.12	728196.5	691069.2	47.5	48.2
11	5.0	161.37	708553.6	671880.9	47.6	47.9
12	5.4	165.95	693452.3	657365.5	47.6	47.5
13	5.8	204.35	681824.4	643599.0	47.5	48.9
14	6.3	161.56	670804.7	629350.2	47.5	50.9
15	6.7	117.05	662785.2	618942.1	47.5	52.3
16	7.1	129.74	651085.2	601554.2	47.4	55.6
17	7.5	178.04	646068.7	591371.8	47.4	58.5
18	7.9	99.23	639934.7	584238.9	47.4	59.0
19	8.3	99.78	634104.1	576414.9	47.4	60.0
20	8.7	88.54	630675.5	570864.5	47.4	61.1
Gradient optimization: MAXIMUMITERATION


Iteration 15:

sh3_pdz_combined_cluster0_iter15:

OpenMP: Using 6 of 6 threads
Alphabet length:21
14947 valid sequences out of 14947 
41 sites, none trimmed because no target specified
Theta not between 0 and 1, no sequence reweighting applied (N = 14947.00)
iter	time	cond	fx	-loglk	||h||	||e||
1	1.0	1435.41	1280899.2	1280859.9	48.3	1.0
2	1.4	670.78	1139562.1	1139260.3	48.2	4.2
3	1.8	520.25	1056041.4	1055191.7	48.2	7.2
4	2.2	815.59	936009.9	931669.9	47.9	16.4
5	2.6	576.63	861712.6	850646.2	47.7	26.3
6	3.0	337.26	827670.3	814193.1	47.6	29.0
7	3.4	277.52	797551.8	780326.2	47.5	32.8
8	3.8	300.53	767981.9	745539.9	47.3	37.4
9	4.2	408.99	738181.9	705900.0	47.1	44.9
10	4.6	202.93	710288.5	672834.7	47.0	48.4
11	5.0	162.35	693274.4	656141.0	47.0	48.2
12	5.4	193.81	674175.7	637195.4	47.0	48.1
13	5.9	363.04	666862.9	626346.4	47.0	50.3
14	6.3	132.85	652418.1	611309.7	46.9	50.7
15	6.8	115.03	645102.1	601596.9	46.9	52.1
16	7.2	129.18	636292.3	588097.6	46.9	54.9
17	7.6	276.95	630751.3	573544.9	46.8	59.8
18	8.0	93.57	620617.3	560052.2	46.7	61.5
19	8.4	73.63	617054.0	556097.3	46.7	61.7
20	8.6	107.85	611760.1	549066.8	46.7	62.6
Gradient optimization: MAXIMUMITERATION


sh3_pdz_combined_cluster1_iter15:

OpenMP: Using 6 of 6 threads
Alphabet length:21
14631 valid sequences out of 14631 
41 sites, none trimmed because no target specified
Theta not between 0 and 1, no sequence reweighting applied (N = 14631.00)
iter	time	cond	fx	-loglk	||h||	||e||
1	0.9	1385.76	1263980.5	1263940.7	48.7	1.0
2	1.3	643.23	1127610.9	1127315.3	48.7	4.1
3	1.8	490.03	1047320.1	1046481.8	48.7	7.1
4	2.2	658.24	928015.3	923823.5	48.4	16.1
5	2.6	627.99	867979.4	856536.8	48.2	26.7
6	3.0	340.83	828673.2	814993.8	48.1	29.2
7	3.3	274.62	804777.3	788725.4	48.0	31.7
8	3.8	285.41	780046.6	760123.2	47.9	35.3
9	4.2	293.54	749551.4	721647.3	47.7	41.7
10	4.6	314.54	728169.3	691043.8	47.5	48.2
11	5.0	161.45	708526.4	671869.0	47.6	47.9
12	5.4	166.01	693435.1	657366.7	47.6	47.5
13	5.8	203.40	681783.8	643586.2	47.5	48.8
14	6.2	163.55	670777.2	629311.5	47.5	50.9
15	6.6	117.04	662745.0	618901.4	47.5	52.3
16	6.9	127.99	651183.7	601793.0	47.4	55.5
17	7.3	175.43	645945.0	591378.5	47.4	58.4
18	7.7	97.32	639742.8	583835.8	47.4	59.1
19	8.1	97.92	633952.7	575976.2	47.4	60.2
20	8.5	88.33	630449.0	570261.0	47.4	61.3
Gradient optimization: MAXIMUMITERATION


Iteration 16:

sh3_pdz_combined_cluster0_iter16:

OpenMP: Using 6 of 6 threads
Alphabet length:21
14946 valid sequences out of 14946 
41 sites, none trimmed because no target specified
Theta not between 0 and 1, no sequence reweighting applied (N = 14946.00)
iter	time	cond	fx	-loglk	||h||	||e||
1	0.9	1435.39	1280811.3	1280772.0	48.3	1.0
2	1.3	670.76	1139484.5	1139182.7	48.2	4.2
3	1.7	520.23	1055970.4	1055120.8	48.2	7.2
4	2.1	815.48	935942.2	931602.7	47.9	16.4
5	2.6	576.65	861657.8	850591.3	47.7	26.3
6	2.9	337.22	827612.1	814135.3	47.6	29.0
7	3.4	277.51	797497.7	780273.7	47.5	32.8
8	3.7	300.45	767934.4	745496.3	47.3	37.4
9	4.2	409.00	738132.8	705854.2	47.1	44.9
10	4.6	202.98	710233.9	672770.6	47.0	48.4
11	4.9	162.28	693231.2	656093.7	47.0	48.2
12	5.3	193.72	674110.9	637130.9	47.0	48.1
13	5.7	363.02	666816.3	626300.3	47.0	50.3
14	6.1	132.93	652376.8	611272.1	46.9	50.7
15	6.5	115.08	645052.8	601548.4	46.9	52.1
16	7.0	129.21	636252.7	588058.6	46.9	54.9
17	7.5	278.23	630782.0	573553.3	46.8	59.8
18	7.9	93.74	620625.2	560089.8	46.7	61.5
19	8.3	73.67	617075.5	556149.7	46.7	61.7
20	8.7	107.58	611812.0	549150.3	46.7	62.6
Gradient optimization: MAXIMUMITERATION


sh3_pdz_combined_cluster1_iter16:

OpenMP: Using 6 of 6 threads
Alphabet length:21
14632 valid sequences out of 14632 
41 sites, none trimmed because no target specified
Theta not between 0 and 1, no sequence reweighting applied (N = 14632.00)
iter	time	cond	fx	-loglk	||h||	||e||
1	0.9	1385.79	1264069.2	1264029.4	48.7	1.0
2	1.3	643.26	1127686.5	1127390.9	48.7	4.1
3	1.7	490.06	1047385.8	1046547.4	48.7	7.1
4	2.1	658.36	928068.6	923876.0	48.4	16.1
5	2.5	627.97	868018.4	856574.5	48.2	26.7
6	2.9	340.91	828721.0	815040.1	48.1	29.2
7	3.3	274.60	804824.4	788771.7	48.0	31.7
8	3.7	285.45	780083.8	760159.7	47.9	35.3
9	4.1	293.11	749569.3	721671.7	47.7	41.7
10	4.6	314.22	728129.1	690992.2	47.5	48.2
11	5.0	161.17	708469.1	671785.5	47.6	47.9
12	5.4	165.73	693378.9	657280.9	47.6	47.5
13	5.8	205.76	681788.5	643542.9	47.5	48.9
14	6.3	159.34	670773.0	629353.6	47.5	50.9
15	6.6	117.19	662771.6	618948.5	47.5	52.3
16	7.0	133.17	650922.3	601234.4	47.4	55.7
17	7.4	179.76	646103.7	591319.9	47.4	58.5
18	7.9	101.10	640084.5	584666.1	47.4	58.8
19	8.3	101.32	634214.8	576923.8	47.4	59.8
20	8.7	88.77	630811.1	571475.2	47.4	60.9
Gradient optimization: MAXIMUMITERATION


Iteration 17:

sh3_pdz_combined_cluster0_iter17:

OpenMP: Using 6 of 6 threads
Alphabet length:21
14945 valid sequences out of 14945 
41 sites, none trimmed because no target specified
Theta not between 0 and 1, no sequence reweighting applied (N = 14945.00)
iter	time	cond	fx	-loglk	||h||	||e||
1	0.9	1435.48	1280717.7	1280678.4	48.3	1.0
2	1.3	670.77	1139403.7	1139102.0	48.2	4.2
3	1.7	520.20	1055901.0	1055051.5	48.2	7.2
4	2.2	815.04	935862.7	931524.7	47.9	16.4
5	2.6	576.93	861616.5	850549.2	47.7	26.3
6	3.0	337.17	827540.1	814062.9	47.6	29.0
7	3.4	277.51	797435.9	780215.7	47.4	32.8
8	3.8	300.28	767893.0	745465.8	47.3	37.4
9	4.2	408.89	738066.2	705797.3	47.1	44.9
10	4.6	203.19	710153.4	672657.4	47.0	48.4
11	5.0	162.11	693179.2	656024.1	47.0	48.2
12	5.4	193.62	673988.3	637004.0	47.0	48.1
13	5.8	362.75	666746.3	626235.0	47.0	50.3
14	6.2	133.13	652337.6	611245.5	46.9	50.7
15	6.6	115.17	644988.1	601485.1	46.9	52.1
16	7.0	129.26	636210.6	588018.2	46.9	54.9
17	7.4	280.40	630861.9	573583.4	46.8	59.8
18	7.8	94.05	620663.7	560169.4	46.7	61.5
19	8.2	73.75	617137.2	556254.8	46.7	61.7
20	8.6	106.97	611935.3	549320.7	46.7	62.5
Gradient optimization: MAXIMUMITERATION


sh3_pdz_combined_cluster1_iter17:

OpenMP: Using 6 of 6 threads
Alphabet length:21
14633 valid sequences out of 14633 
41 sites, none trimmed because no target specified
Theta not between 0 and 1, no sequence reweighting applied (N = 14633.00)
iter	time	cond	fx	-loglk	||h||	||e||
1	0.9	1385.74	1264162.3	1264122.5	48.7	1.0
2	1.3	643.27	1127762.7	1127467.0	48.7	4.1
3	1.8	490.10	1047444.5	1046605.9	48.7	7.1
4	2.2	658.70	928105.9	923911.4	48.4	16.1
5	2.6	627.75	868033.3	856585.6	48.2	26.7
6	3.0	341.19	828772.6	815088.4	48.1	29.2
7	3.4	274.59	804867.2	788813.6	48.0	31.7
8	3.8	285.56	780109.8	760188.2	47.9	35.3
9	4.2	292.04	749537.1	721660.2	47.7	41.7
10	4.6	314.10	728015.9	690842.9	47.5	48.2
11	5.0	160.34	708292.0	671551.9	47.6	47.9
12	5.4	164.96	693212.3	657049.7	47.6	47.5
13	5.8	211.10	681775.4	643424.7	47.5	48.9
14	6.2	151.65	670786.9	629463.4	47.5	50.8
15	6.6	117.79	662812.6	619034.8	47.5	52.3
16	7.1	151.07	650615.1	600343.7	47.4	56.0
17	7.5	181.42	646089.0	591136.6	47.4	58.6
18	7.8	104.02	640459.4	585857.3	47.4	58.4
19	8.2	100.28	634678.6	578767.3	47.4	59.1
20	8.6	88.78	631129.7	573299.0	47.4	60.1
Gradient optimization: MAXIMUMITERATION


Iteration 18:

sh3_pdz_combined_cluster0_iter18:

OpenMP: Using 6 of 6 threads
Alphabet length:21
14947 valid sequences out of 14947 
41 sites, none trimmed because no target specified
Theta not between 0 and 1, no sequence reweighting applied (N = 14947.00)
iter	time	cond	fx	-loglk	||h||	||e||
1	0.9	1435.59	1280907.3	1280868.0	48.3	1.0
2	1.3	670.83	1139576.3	1139274.6	48.2	4.2
3	1.8	520.28	1056066.0	1055216.4	48.2	7.2
4	2.2	815.34	936019.1	931680.5	47.9	16.4
5	2.6	576.81	861735.1	850668.5	47.7	26.3
6	3.0	337.19	827671.5	814193.7	47.6	29.0
7	3.4	277.50	797556.4	780331.3	47.4	32.8
8	3.8	300.35	767995.7	745556.9	47.3	37.4
9	4.2	409.10	738193.1	705911.5	47.1	44.9
10	4.6	203.11	710285.2	672801.3	47.0	48.4
11	5.0	162.23	693294.3	656146.4	47.0	48.2
12	5.4	193.70	674140.3	637156.2	47.0	48.1
13	5.8	363.14	666872.4	626354.7	47.0	50.3
14	6.2	133.00	652444.4	611343.6	46.9	50.7
15	6.6	115.07	645111.5	601606.2	46.9	52.1
16	7.1	129.23	636314.5	588115.3	46.9	54.9
17	7.5	278.65	630882.0	573625.3	46.8	59.8
18	7.9	93.90	620712.5	560177.0	46.7	61.5
19	8.4	73.75	617165.3	556235.7	46.7	61.7
20	8.8	107.37	611935.6	549276.3	46.7	62.6
Gradient optimization: MAXIMUMITERATION


sh3_pdz_combined_cluster1_iter18:

OpenMP: Using 6 of 6 threads
Alphabet length:21
14631 valid sequences out of 14631 
41 sites, none trimmed because no target specified
Theta not between 0 and 1, no sequence reweighting applied (N = 14631.00)
iter	time	cond	fx	-loglk	||h||	||e||
1	0.9	1385.68	1263968.5	1263928.7	48.7	1.0
2	1.3	643.24	1127584.7	1127289.1	48.7	4.1
3	1.7	490.07	1047270.7	1046432.1	48.7	7.1
4	2.1	658.49	927932.0	923737.8	48.4	16.1
5	2.6	627.81	867877.9	856429.8	48.2	26.7
6	3.0	341.08	828602.3	814917.9	48.1	29.2
7	3.4	274.59	804706.8	788654.0	48.0	31.7
8	3.8	285.51	779951.6	760030.1	47.9	35.3
9	4.2	292.54	749415.1	721532.9	47.7	41.7
10	4.6	313.72	727914.0	690768.7	47.5	48.2
11	5.0	160.87	708240.1	671527.3	47.6	47.9
12	5.4	165.42	693152.0	657018.7	47.6	47.5
13	5.8	208.88	681648.3	643342.2	47.5	48.9
14	6.2	154.61	670632.9	629265.7	47.5	50.8
15	6.6	117.54	662655.6	618854.5	47.5	52.3
16	7.0	142.34	650592.8	600570.8	47.4	55.9
17	7.5	181.18	646008.4	591088.4	47.4	58.6
18	7.9	103.44	640218.5	585291.6	47.4	58.6
19	8.3	101.98	634351.9	577859.1	47.4	59.4
20	8.8	88.75	630900.5	572456.3	47.4	60.4
Gradient optimization: MAXIMUMITERATION


Iteration 19:

sh3_pdz_combined_cluster0_iter19:

OpenMP: Using 6 of 6 threads
Alphabet length:21
14947 valid sequences out of 14947 
41 sites, none trimmed because no target specified
Theta not between 0 and 1, no sequence reweighting applied (N = 14947.00)
iter	time	cond	fx	-loglk	||h||	||e||
1	0.9	1435.62	1280924.1	1280884.8	48.3	1.0
2	1.4	670.85	1139584.9	1139283.1	48.2	4.2
3	1.8	520.29	1056070.3	1055220.7	48.2	7.2
4	2.2	815.39	936017.9	931678.7	47.9	16.4
5	2.6	576.77	861722.5	850655.0	47.7	26.3
6	3.0	337.18	827658.3	814178.9	47.6	29.0
7	3.4	277.48	797541.8	780314.0	47.4	32.8
8	3.8	300.32	767978.6	745535.4	47.3	37.4
9	4.2	409.04	738179.2	705891.4	47.1	44.9
10	4.7	203.05	710273.1	672786.3	47.0	48.4
11	5.1	162.22	693281.7	656130.9	47.0	48.2
12	5.5	193.69	674131.3	637144.6	47.0	48.1
13	5.9	363.24	666873.1	626351.1	47.0	50.3
14	6.3	133.00	652438.2	611335.0	46.9	50.7
15	6.7	115.09	645108.5	601602.3	46.9	52.1
16	7.1	129.27	636317.4	588119.6	46.9	54.9
17	7.5	278.90	630891.2	573634.1	46.8	59.8
18	7.9	93.91	620726.6	560197.3	46.7	61.5
19	8.4	73.78	617183.6	556259.4	46.7	61.7
20	8.6	107.39	611951.7	549294.6	46.7	62.6
Gradient optimization: MAXIMUMITERATION


sh3_pdz_combined_cluster1_iter19:

OpenMP: Using 6 of 6 threads
Alphabet length:21
14631 valid sequences out of 14631 
41 sites, none trimmed because no target specified
Theta not between 0 and 1, no sequence reweighting applied (N = 14631.00)
iter	time	cond	fx	-loglk	||h||	||e||
1	0.9	1385.66	1263951.9	1263912.1	48.7	1.0
2	1.3	643.23	1127577.9	1127282.2	48.7	4.1
3	1.7	490.06	1047268.5	1046430.0	48.7	7.1
4	2.1	658.43	927931.4	923737.7	48.4	16.1
5	2.5	627.82	867882.6	856434.8	48.2	26.7
6	2.9	341.11	828602.9	814919.0	48.1	29.2
7	3.3	274.61	804703.8	788651.5	48.0	31.7
8	3.6	285.51	779950.5	760030.3	47.9	35.3
9	4.0	292.53	749411.1	721530.3	47.7	41.7
10	4.4	313.93	727925.3	690779.4	47.5	48.2
11	4.7	160.89	708243.4	671532.8	47.6	47.9
12	5.1	165.44	693155.0	657023.6	47.6	47.5
13	5.5	208.53	681638.7	643336.5	47.5	48.9
14	5.9	155.24	670625.9	629249.4	47.5	50.8
15	6.3	117.53	662648.0	618842.2	47.5	52.3
16	6.7	141.20	650616.7	600638.0	47.4	55.9
17	7.1	180.51	645984.2	591094.1	47.4	58.6
18	7.5	103.17	640184.7	585202.4	47.4	58.6
19	7.9	102.10	634295.0	577695.0	47.4	59.5
20	8.3	88.70	630854.6	572288.1	47.4	60.5
Gradient optimization: MAXIMUMITERATION


Iteration 20:

sh3_pdz_combined_cluster0_iter20:

OpenMP: Using 6 of 6 threads
Alphabet length:21
14946 valid sequences out of 14946 
41 sites, none trimmed because no target specified
Theta not between 0 and 1, no sequence reweighting applied (N = 14946.00)
iter	time	cond	fx	-loglk	||h||	||e||
1	1.0	1435.58	1280835.2	1280795.9	48.3	1.0
2	1.4	670.83	1139498.1	1139196.3	48.2	4.2
3	1.8	520.29	1055984.1	1055134.5	48.2	7.2
4	2.2	815.49	935934.1	931594.4	47.9	16.4
5	2.6	576.63	861623.1	850555.6	47.7	26.3
6	3.0	337.15	827568.5	814088.5	47.6	29.0
7	3.4	277.44	797447.6	780217.0	47.4	32.8
8	3.8	300.29	767878.6	745429.2	47.3	37.4
9	4.2	408.97	738087.3	705791.9	47.1	44.9
10	4.6	202.96	710185.5	672698.6	47.0	48.4
11	5.1	162.21	693189.2	656035.8	47.0	48.2
12	5.5	193.69	674057.7	637067.0	47.0	48.1
13	5.9	363.44	666808.9	626280.0	47.0	50.3
14	6.3	132.96	652361.6	611254.9	46.9	50.7
15	6.7	115.07	645041.0	601536.1	46.9	52.1
16	7.1	129.29	636252.2	588058.4	46.9	54.9
17	7.6	278.71	630811.5	573567.1	46.8	59.8
18	8.0	93.87	620661.9	560135.8	46.7	61.5
19	8.4	73.82	617119.5	556195.8	46.7	61.7
20	8.8	107.48	611879.3	549219.2	46.7	62.6
Gradient optimization: MAXIMUMITERATION


sh3_pdz_combined_cluster1_iter20:

OpenMP: Using 6 of 6 threads
Alphabet length:21
14632 valid sequences out of 14632 
41 sites, none trimmed because no target specified
Theta not between 0 and 1, no sequence reweighting applied (N = 14632.00)
iter	time	cond	fx	-loglk	||h||	||e||
1	0.9	1385.69	1264038.7	1263999.0	48.7	1.0
2	1.4	643.24	1127661.9	1127366.3	48.7	4.1
3	1.8	490.06	1047351.4	1046512.9	48.7	7.1
4	2.2	658.33	928013.2	923819.9	48.4	16.1
5	2.6	627.90	867969.2	856521.9	48.2	26.7
6	3.0	341.10	828679.4	814995.9	48.1	29.2
7	3.4	274.63	804781.8	788730.1	48.0	31.7
8	3.8	285.51	780028.4	760108.8	47.9	35.3
9	4.3	292.73	749494.1	721611.0	47.7	41.7
10	4.7	314.00	728021.3	690883.9	47.5	48.2
11	5.0	161.06	708346.8	671647.2	47.6	47.9
12	5.4	165.60	693253.6	657133.5	47.6	47.5
13	5.9	207.61	681705.9	643420.5	47.5	48.9
14	6.3	156.79	670689.3	629291.2	47.5	50.9
15	6.7	117.47	662706.8	618890.7	47.5	52.3
16	7.1	137.96	650760.2	600899.9	47.4	55.8
17	7.5	179.50	646027.4	591187.9	47.4	58.5
18	8.0	102.44	640164.4	585015.8	47.4	58.7
19	8.4	102.16	634242.9	577350.5	47.4	59.6
20	8.8	88.57	630826.7	571932.4	47.4	60.7
Gradient optimization: MAXIMUMITERATION


Iteration 21:

sh3_pdz_combined_cluster0_iter21:

OpenMP: Using 6 of 6 threads
Alphabet length:21
14945 valid sequences out of 14945 
41 sites, none trimmed because no target specified
Theta not between 0 and 1, no sequence reweighting applied (N = 14945.00)
iter	time	cond	fx	-loglk	||h||	||e||
1	0.9	1434.94	1280731.8	1280692.5	48.3	1.0
2	1.3	670.53	1139405.2	1139103.4	48.3	4.2
3	1.7	520.07	1055898.6	1055049.0	48.2	7.2
4	2.1	815.24	935854.3	931514.5	47.9	16.4
5	2.5	576.35	861533.2	850465.8	47.7	26.3
6	2.9	337.03	827486.1	814005.8	47.6	29.0
7	3.3	277.35	797366.0	780134.2	47.5	32.8
8	3.7	300.24	767789.0	745335.9	47.3	37.4
9	4.1	408.87	738004.9	705707.0	47.1	44.9
10	4.5	202.87	710108.6	672628.0	47.0	48.4
11	4.9	162.20	693106.0	655955.2	47.0	48.2
12	5.3	193.68	673995.4	637004.3	47.0	48.1
13	5.7	363.41	666737.6	626206.3	47.0	50.3
14	6.1	132.88	652285.5	611176.7	47.0	50.7
15	6.6	115.04	644970.2	601466.7	46.9	52.1
16	7.0	129.28	636176.3	587985.9	46.9	54.9
17	7.3	278.19	630706.8	573475.7	46.8	59.8
18	7.7	93.81	620567.4	560035.1	46.8	61.5
19	8.1	73.82	617020.6	556090.8	46.8	61.7
20	8.5	107.60	611767.9	549101.7	46.8	62.6
Gradient optimization: MAXIMUMITERATION


sh3_pdz_combined_cluster1_iter21:

OpenMP: Using 6 of 6 threads
Alphabet length:21
14633 valid sequences out of 14633 
41 sites, none trimmed because no target specified
Theta not between 0 and 1, no sequence reweighting applied (N = 14633.00)
iter	time	cond	fx	-loglk	||h||	||e||
1	0.9	1386.16	1264140.6	1264100.9	48.7	1.0
2	1.3	643.47	1127753.9	1127458.3	48.7	4.1
3	1.7	490.23	1047435.7	1046597.2	48.6	7.1
4	2.1	658.49	928088.3	923894.8	48.4	16.1
5	2.5	628.14	868054.7	856607.4	48.2	26.7
6	2.9	341.17	828754.0	815071.1	48.1	29.2
7	3.3	274.71	804854.9	788803.5	48.0	31.7
8	3.7	285.54	780107.9	760188.8	47.9	35.3
9	4.2	292.97	749579.7	721692.8	47.7	41.7
10	4.6	314.19	728132.7	691000.3	47.5	48.2
11	5.0	161.25	708466.3	671778.0	47.5	47.9
12	5.3	165.79	693372.9	657267.1	47.6	47.5
13	5.7	206.49	681790.4	643528.5	47.5	48.9
14	6.2	158.79	670774.6	629353.6	47.5	50.9
15	6.6	117.43	662783.7	618957.6	47.5	52.3
16	7.0	134.51	650952.1	601239.1	47.4	55.7
17	7.5	178.00	646065.6	591304.0	47.4	58.5
18	7.9	101.20	640119.8	584754.8	47.4	58.8
19	8.3	101.60	634187.5	576942.1	47.4	59.8
20	8.6	88.44	630777.6	571475.3	47.4	60.9
Gradient optimization: MAXIMUMITERATION


Iteration 22:

sh3_pdz_combined_cluster0_iter22:

OpenMP: Using 6 of 6 threads
Alphabet length:21
14946 valid sequences out of 14946 
41 sites, none trimmed because no target specified
Theta not between 0 and 1, no sequence reweighting applied (N = 14946.00)
iter	time	cond	fx	-loglk	||h||	||e||
1	1.1	1435.04	1280789.3	1280750.0	48.3	1.0
2	1.5	670.57	1139455.0	1139153.2	48.3	4.2
3	2.0	520.11	1055948.8	1055099.3	48.2	7.2
4	2.4	815.21	935892.3	931553.2	47.9	16.4
5	2.8	576.32	861560.8	850494.1	47.7	26.3
6	3.2	337.05	827516.0	814036.1	47.6	29.0
7	3.6	277.38	797391.5	780159.6	47.5	32.8
8	4.0	300.30	767802.8	745347.3	47.3	37.4
9	4.4	408.78	738012.8	705716.1	47.1	44.9
10	4.9	202.85	710117.1	672637.2	47.0	48.4
11	5.2	162.19	693104.9	655948.7	47.0	48.2
12	5.7	193.70	674006.6	637007.4	47.0	48.1
13	6.1	363.40	666739.0	626201.9	47.0	50.3
14	6.6	132.82	652287.8	611174.1	47.0	50.7
15	7.1	115.00	644974.2	601468.3	46.9	52.1
16	7.6	129.24	636168.0	587974.3	46.9	54.9
17	8.0	277.42	630663.2	573443.9	46.8	59.8
18	8.4	93.73	620532.2	559985.8	46.8	61.5
19	8.9	73.80	616976.6	556032.4	46.8	61.7
20	9.3	107.70	611713.0	549034.4	46.8	62.6
Gradient optimization: MAXIMUMITERATION


sh3_pdz_combined_cluster1_iter22:

OpenMP: Using 6 of 6 threads
Alphabet length:21
14632 valid sequences out of 14632 
41 sites, none trimmed because no target specified
Theta not between 0 and 1, no sequence reweighting applied (N = 14632.00)
iter	time	cond	fx	-loglk	||h||	||e||
1	1.0	1386.05	1264080.5	1264040.8	48.7	1.0
2	1.5	643.43	1127699.5	1127403.8	48.7	4.1
3	1.9	490.18	1047380.3	1046541.7	48.6	7.1
4	2.4	658.42	928041.1	923847.1	48.4	16.1
5	2.8	628.07	868020.1	856571.8	48.2	26.7
6	3.2	341.21	828713.8	815029.5	48.1	29.2
7	3.6	274.75	804810.5	788756.8	48.0	31.7
8	4.0	285.44	780076.3	760156.6	47.9	35.3
9	4.4	292.94	749539.7	721645.2	47.7	41.7
10	4.9	314.43	728124.9	690990.2	47.5	48.2
11	5.3	161.19	708462.7	671780.2	47.5	47.9
12	5.7	165.79	693370.7	657270.2	47.6	47.5
13	6.1	206.02	681779.8	643527.8	47.5	48.9
14	6.6	159.65	670772.8	629345.6	47.5	50.9
15	7.1	117.41	662775.5	618946.3	47.5	52.3
16	7.6	133.51	650988.9	601329.0	47.4	55.7
17	8.0	177.02	646029.3	591313.9	47.4	58.5
18	8.5	100.58	640062.0	584617.4	47.4	58.9
19	8.9	101.22	634131.8	576761.9	47.4	59.9
20	9.3	88.36	630714.0	571260.4	47.4	60.9
Gradient optimization: MAXIMUMITERATION


Iteration 23:

sh3_pdz_combined_cluster0_iter23:

OpenMP: Using 6 of 6 threads
Alphabet length:21
14948 valid sequences out of 14948 
41 sites, none trimmed because no target specified
Theta not between 0 and 1, no sequence reweighting applied (N = 14948.00)
iter	time	cond	fx	-loglk	||h||	||e||
1	0.9	1435.22	1280947.1	1280907.7	48.3	1.0
2	1.3	670.64	1139592.8	1139291.0	48.3	4.2
3	1.7	520.18	1056079.2	1055229.7	48.2	7.2
4	2.1	815.44	936019.9	931681.0	47.9	16.4
5	2.5	576.22	861667.2	850602.5	47.7	26.3
6	2.9	337.05	827634.0	814156.4	47.6	29.0
7	3.3	277.39	797500.5	780269.5	47.5	32.8
8	3.8	300.36	767896.6	745438.9	47.3	37.4
9	4.2	409.18	738132.3	705832.7	47.1	44.9
10	4.6	202.80	710231.5	672766.7	47.0	48.4
11	5.0	162.27	693215.4	656071.9	47.0	48.2
12	5.4	193.74	674146.5	637156.2	47.0	48.1
13	5.8	363.49	666841.5	626311.2	47.0	50.3
14	6.2	132.76	652383.7	611268.6	47.0	50.7
15	6.6	115.03	645076.4	601569.8	46.9	52.1
16	7.1	129.23	636260.0	588064.9	46.9	54.9
17	7.5	276.48	630715.6	573501.9	46.8	59.8
18	7.9	93.64	620592.3	560025.0	46.8	61.5
19	8.3	73.80	617026.2	556063.8	46.8	61.7
20	8.8	107.92	611746.4	549055.2	46.8	62.6
Gradient optimization: MAXIMUMITERATION


sh3_pdz_combined_cluster1_iter23:

OpenMP: Using 6 of 6 threads
Alphabet length:21
14630 valid sequences out of 14630 
41 sites, none trimmed because no target specified
Theta not between 0 and 1, no sequence reweighting applied (N = 14630.00)
iter	time	cond	fx	-loglk	||h||	||e||
1	0.9	1385.88	1263918.6	1263878.9	48.7	1.0
2	1.3	643.36	1127554.6	1127258.9	48.7	4.1
3	1.7	490.12	1047241.1	1046402.5	48.6	7.1
4	2.1	658.23	927912.2	923717.8	48.4	16.1
5	2.6	628.10	867904.3	856455.1	48.2	26.7
6	3.0	341.14	828587.0	814901.2	48.1	29.2
7	3.4	274.72	804690.1	788634.5	48.0	31.7
8	3.8	285.36	779961.2	760038.0	47.9	35.3
9	4.2	293.08	749445.8	721542.9	47.7	41.7
10	4.6	314.19	728033.6	690907.5	47.5	48.2
11	5.0	161.38	708394.1	671718.3	47.5	47.9
12	5.4	165.97	693297.8	657205.1	47.6	47.5
13	5.8	205.07	681681.1	643444.2	47.5	48.9
14	6.3	161.28	670677.3	629229.5	47.5	50.9
15	6.7	117.38	662672.4	618837.5	47.5	52.3
16	7.1	131.02	651002.5	601469.7	47.4	55.6
17	7.5	175.27	645879.4	591238.3	47.4	58.4
18	7.9	99.17	639831.3	584177.4	47.4	59.0
19	8.3	100.07	633918.9	576234.9	47.4	60.0
20	8.7	88.06	630476.9	570645.1	47.3	61.1
Gradient optimization: MAXIMUMITERATION


Iteration 24:
TERMINATING: Repeated cluster assignments
