tuning/outputs/tuning_run_61/ created
tuning/outputs/tuning_run_61/iterations/ created
tuning/outputs/tuning_run_61/output/ created
{'msa-file-name': 'sh3_pdz_combined.fa', 'em_maxiter': 30, 'em_numclusters': 2, 'em_device': None, 'em_init': 'random', 'em_no_iter_print': 0, 'plmc': '../../plmc/bin/plmc', 'output': 'tuning/outputs/tuning_run_61', 'fast': 1, 'scale': None, 'theta': '2', 'lambdah': '0.01', 'lambdae': '16.0', 'lambdag': None, 'gapignore': 0, 'maxiter': '20', 'ncores': 6, 'gapignore_tune': '0', 'fast_tune': '1', 'em_iter_print': 1, 'iterations_dir': 'tuning/outputs/tuning_run_61/iterations/', 'final_dir': 'tuning/outputs/tuning_run_61/output/', 'output_dir': 'tuning/outputs/tuning_run_61/', 'plmc_options': ['-t 2', '-lh 0.01', '-le 16.0', '-m 20', '-n 6', '--fast'], 'device': device(type='cpu')}

Using cpu


Iteration 0:

sh3_pdz_combined_cluster0_iter0:

OpenMP: Using 6 of 6 threads
Alphabet length:21
14789 valid sequences out of 14789 
41 sites, none trimmed because no target specified
Theta not between 0 and 1, no sequence reweighting applied (N = 14789.00)
iter	time	obj	|x|	|g|	crit
1	0.2	1354731.0	0.0	4.2	4.2
2	0.3	1242267.4	0.0	6.8	6.8
3	0.4	1165523.4	0.0	8.4	8.4
4	0.6	1095826.4	0.0	9.3	9.3
5	0.7	1058054.3	0.0	9.8	9.8
6	0.8	1018320.2	0.0	10.0	10.0
7	1.0	991136.3	0.0	10.1	10.1
8	1.1	964293.2	0.0	10.1	10.1
9	1.2	937267.8	0.0	10.0	10.0
10	1.4	912653.6	0.0	10.0	10.0
11	1.5	898389.3	0.1	9.8	9.8
12	1.6	866139.1	0.1	9.6	9.6
13	1.8	856759.3	0.1	9.4	9.4
14	1.9	842418.1	0.1	9.1	9.1
15	2.1	825274.4	0.1	8.9	8.9
16	2.2	820004.9	0.1	8.6	8.6
17	2.3	813650.9	0.1	8.2	8.2
18	2.4	797989.5	0.1	7.9	7.9
19	2.5	786856.2	0.1	7.6	7.6
20	2.6	772906.0	0.1	7.4	7.4


sh3_pdz_combined_cluster1_iter0:

OpenMP: Using 6 of 6 threads
Alphabet length:21
14789 valid sequences out of 14789 
41 sites, none trimmed because no target specified
Theta not between 0 and 1, no sequence reweighting applied (N = 14789.00)
iter	time	obj	|x|	|g|	crit
1	0.1	1361555.0	0.0	4.2	4.2
2	0.2	1241805.6	0.0	6.8	6.8
3	0.3	1154058.6	0.0	8.4	8.4
4	0.5	1106002.8	0.0	9.3	9.3
5	0.6	1055013.2	0.0	9.8	9.8
6	0.7	1016500.8	0.0	10.0	10.0
7	0.9	985692.0	0.0	10.1	10.1
8	1.0	969808.1	0.0	10.1	10.1
9	1.1	933749.1	0.0	10.1	10.1
10	1.3	907908.2	0.0	9.9	9.9
11	1.4	885973.0	0.1	9.8	9.8
12	1.6	873518.9	0.1	9.6	9.6
13	1.7	858525.3	0.1	9.4	9.4
14	1.8	842709.2	0.1	9.1	9.1
15	2.0	825848.6	0.1	8.8	8.8
16	2.1	811736.6	0.1	8.5	8.5
17	2.2	795072.9	0.1	8.2	8.2
18	2.3	788846.0	0.1	7.9	7.9
19	2.4	772764.5	0.1	7.6	7.6
20	2.6	772856.1	0.1	7.4	7.4


Iteration 1:

sh3_pdz_combined_cluster0_iter1:

OpenMP: Using 6 of 6 threads
Alphabet length:21
14901 valid sequences out of 14901 
41 sites, none trimmed because no target specified
Theta not between 0 and 1, no sequence reweighting applied (N = 14901.00)
iter	time	obj	|x|	|g|	crit
1	0.2	1367009.2	0.0	4.3	4.3
2	0.3	1237149.1	0.0	7.1	7.1
3	0.4	1156152.1	0.0	8.8	8.8
4	0.6	1083800.3	0.0	9.8	9.8
5	0.7	1034921.3	0.0	10.4	10.4
6	0.8	996711.9	0.0	10.7	10.7
7	1.0	957434.9	0.0	10.8	10.8
8	1.1	932616.3	0.0	10.8	10.8
9	1.2	893805.3	0.0	10.8	10.8
10	1.4	874072.7	0.0	10.7	10.7
11	1.5	858919.0	0.1	10.5	10.5
12	1.6	836981.9	0.1	10.3	10.3
13	1.7	812462.2	0.1	10.0	10.0
14	1.8	792388.7	0.1	9.7	9.7
15	1.9	789841.5	0.1	9.3	9.3
16	2.1	763086.4	0.1	9.0	9.0
17	2.2	762793.8	0.1	8.6	8.6
18	2.3	755387.9	0.1	8.3	8.3
19	2.5	741933.5	0.1	8.0	8.0
20	2.6	732677.8	0.1	7.7	7.7


sh3_pdz_combined_cluster1_iter1:

OpenMP: Using 6 of 6 threads
Alphabet length:21
14677 valid sequences out of 14677 
41 sites, none trimmed because no target specified
Theta not between 0 and 1, no sequence reweighting applied (N = 14677.00)
iter	time	obj	|x|	|g|	crit
1	0.2	1349038.4	0.0	4.3	4.3
2	0.3	1221306.8	0.0	6.9	6.9
3	0.4	1136165.1	0.0	8.6	8.6
4	0.6	1074150.1	0.0	9.6	9.6
5	0.7	1020931.3	0.0	10.2	10.2
6	0.8	988041.0	0.0	10.5	10.5
7	1.0	958316.3	0.0	10.6	10.6
8	1.1	921791.8	0.0	10.6	10.6
9	1.2	891741.5	0.0	10.6	10.6
10	1.3	870000.8	0.0	10.5	10.5
11	1.4	846604.3	0.1	10.3	10.3
12	1.6	825770.0	0.1	10.1	10.1
13	1.7	806867.9	0.1	9.8	9.8
14	1.8	800919.7	0.1	9.5	9.5
15	1.9	788983.2	0.1	9.2	9.2
16	2.1	770373.4	0.1	8.8	8.8
17	2.2	756362.3	0.1	8.5	8.5
18	2.3	745970.2	0.1	8.2	8.2
19	2.4	740273.1	0.1	7.8	7.8
20	2.6	731737.7	0.1	7.5	7.5


Iteration 2:

sh3_pdz_combined_cluster0_iter2:

OpenMP: Using 6 of 6 threads
Alphabet length:21
14773 valid sequences out of 14773 
41 sites, none trimmed because no target specified
Theta not between 0 and 1, no sequence reweighting applied (N = 14773.00)
iter	time	obj	|x|	|g|	crit
1	0.2	1353813.3	0.0	4.4	4.4
2	0.3	1220901.1	0.0	7.2	7.2
3	0.4	1137706.7	0.0	8.9	8.9
4	0.5	1062025.2	0.0	10.0	10.0
5	0.7	1018549.6	0.0	10.5	10.5
6	0.8	978732.8	0.0	10.9	10.9
7	0.9	940652.9	0.0	11.0	11.0
8	1.1	905944.0	0.0	11.0	11.0
9	1.2	872588.1	0.0	10.9	10.9
10	1.3	851382.0	0.0	10.8	10.8
11	1.5	832462.5	0.1	10.6	10.6
12	1.6	814905.1	0.1	10.3	10.3
13	1.7	787777.9	0.1	10.1	10.1
14	1.9	772161.3	0.1	9.8	9.8
15	2.0	758082.4	0.1	9.4	9.4
16	2.1	739949.0	0.1	9.0	9.0
17	2.3	731830.1	0.1	8.7	8.7
18	2.4	728726.0	0.1	8.3	8.3
19	2.5	721271.8	0.1	7.9	7.9
20	2.6	725803.4	0.1	7.6	7.6


sh3_pdz_combined_cluster1_iter2:

OpenMP: Using 6 of 6 threads
Alphabet length:21
14805 valid sequences out of 14805 
41 sites, none trimmed because no target specified
Theta not between 0 and 1, no sequence reweighting applied (N = 14805.00)
iter	time	obj	|x|	|g|	crit
1	0.1	1357025.5	0.0	4.3	4.3
2	0.3	1235904.3	0.0	7.0	7.0
3	0.4	1149889.3	0.0	8.8	8.8
4	0.5	1077706.2	0.0	9.8	9.8
5	0.7	1029576.0	0.0	10.4	10.4
6	0.8	986705.8	0.0	10.7	10.7
7	0.9	956180.3	0.0	10.9	10.9
8	1.1	912343.4	0.0	10.9	10.9
9	1.2	893410.5	0.0	10.8	10.8
10	1.4	865885.4	0.0	10.7	10.7
11	1.5	839137.7	0.1	10.5	10.5
12	1.6	816649.5	0.1	10.3	10.3
13	1.7	802617.4	0.1	10.0	10.0
14	1.9	787294.8	0.1	9.7	9.7
15	2.0	757835.8	0.1	9.3	9.3
16	2.1	758889.9	0.1	9.0	9.0
17	2.2	751415.7	0.1	8.6	8.6
18	2.4	747630.0	0.1	8.3	8.3
19	2.5	731253.1	0.1	7.9	7.9
20	2.6	721528.3	0.1	7.6	7.6


Iteration 3:

sh3_pdz_combined_cluster0_iter3:

OpenMP: Using 6 of 6 threads
Alphabet length:21
14688 valid sequences out of 14688 
41 sites, none trimmed because no target specified
Theta not between 0 and 1, no sequence reweighting applied (N = 14688.00)
iter	time	obj	|x|	|g|	crit
1	0.2	1343265.9	0.0	4.4	4.4
2	0.3	1214826.6	0.0	7.2	7.2
3	0.4	1129442.6	0.0	8.9	8.9
4	0.5	1057821.9	0.0	10.0	10.0
5	0.6	1000978.1	0.0	10.6	10.6
6	0.7	969550.8	0.0	10.9	10.9
7	0.8	919125.4	0.0	11.1	11.1
8	0.9	891106.1	0.0	11.1	11.1
9	1.0	853931.9	0.0	11.1	11.1
10	1.1	838382.5	0.1	10.9	10.9
11	1.3	809663.6	0.1	10.7	10.7
12	1.4	804355.2	0.1	10.5	10.5
13	1.5	782903.2	0.1	10.2	10.2
14	1.6	753311.7	0.1	9.8	9.8
15	1.8	749204.2	0.1	9.4	9.4
16	1.9	742612.7	0.1	9.1	9.1
17	2.1	715022.0	0.1	8.7	8.7
18	2.2	708900.3	0.1	8.3	8.3
19	2.3	690476.8	0.1	8.0	8.0
20	2.5	688296.4	0.1	7.6	7.6


sh3_pdz_combined_cluster1_iter3:

OpenMP: Using 6 of 6 threads
Alphabet length:21
14890 valid sequences out of 14890 
41 sites, none trimmed because no target specified
Theta not between 0 and 1, no sequence reweighting applied (N = 14890.00)
iter	time	obj	|x|	|g|	crit
1	0.2	1360783.9	0.0	4.3	4.3
2	0.3	1244551.4	0.0	7.1	7.1
3	0.4	1147163.5	0.0	8.8	8.8
4	0.5	1088430.5	0.0	9.9	9.9
5	0.6	1030513.9	0.0	10.5	10.5
6	0.7	987878.5	0.0	10.8	10.8
7	0.8	945365.9	0.0	11.0	11.0
8	0.9	918321.8	0.0	11.0	11.0
9	1.0	887414.3	0.0	11.0	11.0
10	1.1	872260.9	0.0	10.8	10.8
11	1.3	847613.3	0.1	10.6	10.6
12	1.4	810186.9	0.1	10.4	10.4
13	1.5	801002.5	0.1	10.1	10.1
14	1.6	789237.0	0.1	9.8	9.8
15	1.8	785611.9	0.1	9.4	9.4
16	1.9	760658.1	0.1	9.0	9.0
17	2.1	755046.4	0.1	8.6	8.6
18	2.2	743125.4	0.1	8.3	8.3
19	2.3	717224.1	0.1	7.9	7.9
20	2.5	720737.6	0.1	7.6	7.6


Iteration 4:

sh3_pdz_combined_cluster0_iter4:

OpenMP: Using 6 of 6 threads
Alphabet length:21
14772 valid sequences out of 14772 
41 sites, none trimmed because no target specified
Theta not between 0 and 1, no sequence reweighting applied (N = 14772.00)
iter	time	obj	|x|	|g|	crit
1	0.2	1345251.4	0.0	4.5	4.5
2	0.3	1218037.7	0.0	7.3	7.3
3	0.4	1130677.2	0.0	9.1	9.1
4	0.5	1054178.3	0.0	10.2	10.2
5	0.7	1010644.3	0.0	10.8	10.8
6	0.8	964567.1	0.0	11.1	11.1
7	0.9	925109.5	0.0	11.2	11.2
8	1.1	892069.3	0.0	11.2	11.2
9	1.2	856936.5	0.0	11.2	11.2
10	1.3	838146.4	0.1	11.0	11.0
11	1.4	811976.7	0.1	10.8	10.8
12	1.6	800079.1	0.1	10.6	10.6
13	1.7	774316.3	0.1	10.2	10.2
14	1.8	752312.1	0.1	9.9	9.9
15	1.9	738426.8	0.1	9.5	9.5
16	2.1	727539.4	0.1	9.1	9.1
17	2.2	718495.7	0.1	8.7	8.7
18	2.4	700008.7	0.1	8.4	8.4
19	2.5	694373.0	0.1	8.0	8.0
20	2.6	685160.7	0.1	7.6	7.6


sh3_pdz_combined_cluster1_iter4:

OpenMP: Using 6 of 6 threads
Alphabet length:21
14806 valid sequences out of 14806 
41 sites, none trimmed because no target specified
Theta not between 0 and 1, no sequence reweighting applied (N = 14806.00)
iter	time	obj	|x|	|g|	crit
1	0.2	1361150.4	0.0	4.3	4.3
2	0.3	1232905.5	0.0	7.0	7.0
3	0.4	1143715.7	0.0	8.8	8.8
4	0.6	1070336.4	0.0	9.8	9.8
5	0.7	1022840.3	0.0	10.5	10.5
6	0.8	985264.5	0.0	10.8	10.8
7	1.0	947468.1	0.0	10.9	10.9
8	1.1	918227.3	0.0	11.0	11.0
9	1.2	873669.3	0.0	10.9	10.9
10	1.3	860983.1	0.0	10.8	10.8
11	1.4	836228.7	0.1	10.6	10.6
12	1.6	818048.3	0.1	10.3	10.3
13	1.7	803042.6	0.1	10.0	10.0
14	1.8	784442.1	0.1	9.7	9.7
15	1.9	776306.7	0.1	9.3	9.3
16	2.1	753563.0	0.1	9.0	9.0
17	2.2	739578.9	0.1	8.6	8.6
18	2.4	737808.0	0.1	8.3	8.3
19	2.5	709176.5	0.1	7.9	7.9
20	2.6	716149.4	0.1	7.6	7.6


Iteration 5:

sh3_pdz_combined_cluster0_iter5:

OpenMP: Using 6 of 6 threads
Alphabet length:21
14717 valid sequences out of 14717 
41 sites, none trimmed because no target specified
Theta not between 0 and 1, no sequence reweighting applied (N = 14717.00)
iter	time	obj	|x|	|g|	crit
1	0.1	1342973.2	0.0	4.5	4.5
2	0.2	1216851.2	0.0	7.3	7.3
3	0.4	1122125.0	0.0	9.1	9.1
4	0.5	1048333.9	0.0	10.2	10.2
5	0.6	1003600.3	0.0	10.8	10.8
6	0.8	953241.2	0.0	11.1	11.1
7	0.9	911472.2	0.0	11.2	11.2
8	1.0	890896.7	0.0	11.3	11.3
9	1.1	848897.4	0.0	11.2	11.2
10	1.3	825984.5	0.1	11.0	11.0
11	1.4	804156.1	0.1	10.8	10.8
12	1.5	789832.5	0.1	10.5	10.5
13	1.7	769720.6	0.1	10.2	10.2
14	1.8	749807.6	0.1	9.9	9.9
15	1.9	730360.5	0.1	9.5	9.5
16	2.1	727057.7	0.1	9.1	9.1
17	2.2	708502.0	0.1	8.7	8.7
18	2.3	711278.4	0.1	8.3	8.3
19	2.4	692256.2	0.1	7.9	7.9
20	2.6	680431.5	0.1	7.6	7.6


sh3_pdz_combined_cluster1_iter5:

OpenMP: Using 6 of 6 threads
Alphabet length:21
14861 valid sequences out of 14861 
41 sites, none trimmed because no target specified
Theta not between 0 and 1, no sequence reweighting applied (N = 14861.00)
iter	time	obj	|x|	|g|	crit
1	0.2	1359279.9	0.0	4.3	4.3
2	0.3	1238996.5	0.0	7.1	7.1
3	0.4	1146646.2	0.0	8.8	8.8
4	0.5	1072290.2	0.0	9.9	9.9
5	0.6	1025795.6	0.0	10.5	10.5
6	0.8	988805.8	0.0	10.9	10.9
7	0.9	945912.5	0.0	11.0	11.0
8	1.0	921000.2	0.0	11.1	11.1
9	1.1	883746.3	0.0	11.0	11.0
10	1.2	852152.8	0.0	10.9	10.9
11	1.4	838086.9	0.1	10.7	10.7
12	1.5	820310.5	0.1	10.4	10.4
13	1.7	807255.3	0.1	10.1	10.1
14	1.8	781516.2	0.1	9.8	9.8
15	1.9	773393.4	0.1	9.4	9.4
16	2.0	758698.5	0.1	9.0	9.0
17	2.2	747258.0	0.1	8.6	8.6
18	2.3	754007.5	0.1	8.3	8.3
19	2.4	718113.2	0.1	7.9	7.9
20	2.6	727848.8	0.1	7.6	7.6


Iteration 6:

sh3_pdz_combined_cluster0_iter6:

OpenMP: Using 6 of 6 threads
Alphabet length:21
14627 valid sequences out of 14627 
41 sites, none trimmed because no target specified
Theta not between 0 and 1, no sequence reweighting applied (N = 14627.00)
iter	time	obj	|x|	|g|	crit
1	0.2	1333497.2	0.0	4.4	4.4
2	0.3	1212460.3	0.0	7.2	7.2
3	0.4	1110861.4	0.0	9.0	9.0
4	0.5	1047003.4	0.0	10.1	10.1
5	0.7	989068.9	0.0	10.7	10.7
6	0.8	948814.9	0.0	11.1	11.1
7	1.0	913516.6	0.0	11.2	11.2
8	1.1	884145.3	0.0	11.2	11.2
9	1.2	844247.2	0.0	11.1	11.1
10	1.4	820046.9	0.1	11.0	11.0
11	1.5	787140.0	0.1	10.8	10.8
12	1.6	781836.0	0.1	10.5	10.5
13	1.8	767645.3	0.1	10.2	10.2
14	1.9	738128.7	0.1	9.9	9.9
15	2.1	723198.3	0.1	9.5	9.5
16	2.2	721024.4	0.1	9.1	9.1
17	2.3	705512.2	0.1	8.7	8.7
18	2.5	698874.5	0.1	8.3	8.3
19	2.6	677205.4	0.1	8.0	8.0
20	2.7	673814.9	0.1	7.6	7.6


sh3_pdz_combined_cluster1_iter6:

OpenMP: Using 6 of 6 threads
Alphabet length:21
14951 valid sequences out of 14951 
41 sites, none trimmed because no target specified
Theta not between 0 and 1, no sequence reweighting applied (N = 14951.00)
iter	time	obj	|x|	|g|	crit
1	0.2	1366825.0	0.0	4.3	4.3
2	0.3	1241634.6	0.0	7.1	7.1
3	0.4	1156387.1	0.0	8.9	8.9
4	0.5	1081144.1	0.0	10.0	10.0
5	0.7	1029158.0	0.0	10.7	10.7
6	0.8	990815.8	0.0	11.0	11.0
7	1.0	946607.8	0.0	11.2	11.2
8	1.1	922934.2	0.0	11.2	11.2
9	1.2	885900.4	0.0	11.1	11.1
10	1.4	868383.8	0.0	11.0	11.0
11	1.5	841813.5	0.1	10.7	10.7
12	1.7	817574.8	0.1	10.5	10.5
13	1.8	805018.1	0.1	10.2	10.2
14	1.9	791172.6	0.1	9.8	9.8
15	2.1	775258.9	0.1	9.5	9.5
16	2.2	760681.4	0.1	9.1	9.1
17	2.3	743429.8	0.1	8.7	8.7
18	2.5	743622.6	0.1	8.3	8.3
19	2.6	725704.9	0.1	8.0	8.0
20	2.7	727476.5	0.1	7.6	7.6


Iteration 7:

sh3_pdz_combined_cluster0_iter7:

OpenMP: Using 6 of 6 threads
Alphabet length:21
14584 valid sequences out of 14584 
41 sites, none trimmed because no target specified
Theta not between 0 and 1, no sequence reweighting applied (N = 14584.00)
iter	time	obj	|x|	|g|	crit
1	0.2	1334211.2	0.0	4.4	4.4
2	0.3	1201175.7	0.0	7.3	7.3
3	0.4	1109291.5	0.0	9.1	9.1
4	0.5	1039393.1	0.0	10.1	10.1
5	0.7	993659.4	0.0	10.7	10.7
6	0.8	961561.9	0.0	11.0	11.0
7	1.0	902748.8	0.0	11.1	11.1
8	1.1	875833.4	0.0	11.2	11.2
9	1.2	850974.2	0.0	11.1	11.1
10	1.3	819439.3	0.1	10.9	10.9
11	1.5	791905.3	0.1	10.7	10.7
12	1.6	776099.9	0.1	10.5	10.5
13	1.7	748572.4	0.1	10.2	10.2
14	1.8	742535.5	0.1	9.8	9.8
15	2.0	719449.5	0.1	9.4	9.4
16	2.1	706190.4	0.1	9.1	9.1
17	2.2	699250.6	0.1	8.7	8.7
18	2.4	691753.2	0.1	8.3	8.3
19	2.5	675553.6	0.1	7.9	7.9
20	2.6	668120.8	0.1	7.6	7.6


sh3_pdz_combined_cluster1_iter7:

OpenMP: Using 6 of 6 threads
Alphabet length:21
14994 valid sequences out of 14994 
41 sites, none trimmed because no target specified
Theta not between 0 and 1, no sequence reweighting applied (N = 14994.00)
iter	time	obj	|x|	|g|	crit
1	0.2	1375099.6	0.0	4.4	4.4
2	0.3	1245134.8	0.0	7.2	7.2
3	0.4	1159652.5	0.0	8.9	8.9
4	0.5	1084372.2	0.0	10.0	10.0
5	0.7	1032794.8	0.0	10.7	10.7
6	0.8	996969.8	0.0	11.0	11.0
7	1.0	952615.9	0.0	11.2	11.2
8	1.1	920897.4	0.0	11.2	11.2
9	1.2	880692.9	0.0	11.2	11.2
10	1.3	870008.5	0.0	11.0	11.0
11	1.5	841209.2	0.1	10.8	10.8
12	1.6	829401.6	0.1	10.5	10.5
13	1.7	810968.8	0.1	10.2	10.2
14	1.8	790562.4	0.1	9.8	9.8
15	2.0	782460.7	0.1	9.5	9.5
16	2.1	763318.9	0.1	9.1	9.1
17	2.2	753833.5	0.1	8.7	8.7
18	2.4	750973.1	0.1	8.4	8.4
19	2.5	738980.8	0.1	8.0	8.0
20	2.6	732554.2	0.1	7.7	7.7


Iteration 8:

sh3_pdz_combined_cluster0_iter8:

OpenMP: Using 6 of 6 threads
Alphabet length:21
14588 valid sequences out of 14588 
41 sites, none trimmed because no target specified
Theta not between 0 and 1, no sequence reweighting applied (N = 14588.00)
iter	time	obj	|x|	|g|	crit
1	0.1	1330251.2	0.0	4.4	4.4
2	0.2	1204849.7	0.0	7.3	7.3
3	0.4	1110875.7	0.0	9.1	9.1
4	0.5	1040231.3	0.0	10.1	10.1
5	0.6	989268.3	0.0	10.7	10.7
6	0.7	946361.2	0.0	11.0	11.0
7	0.9	905880.2	0.0	11.2	11.2
8	1.0	876372.1	0.0	11.2	11.2
9	1.1	841737.4	0.0	11.1	11.1
10	1.3	821344.3	0.1	10.9	10.9
11	1.4	790470.2	0.1	10.7	10.7
12	1.5	772818.8	0.1	10.5	10.5
13	1.7	756529.0	0.1	10.2	10.2
14	1.8	744762.2	0.1	9.8	9.8
15	1.9	724950.7	0.1	9.4	9.4
16	2.0	710173.1	0.1	9.1	9.1
17	2.2	695185.0	0.1	8.7	8.7
18	2.3	698726.6	0.1	8.3	8.3
19	2.4	674298.9	0.1	7.9	7.9
20	2.5	665325.0	0.1	7.6	7.6


sh3_pdz_combined_cluster1_iter8:

OpenMP: Using 6 of 6 threads
Alphabet length:21
14990 valid sequences out of 14990 
41 sites, none trimmed because no target specified
Theta not between 0 and 1, no sequence reweighting applied (N = 14990.00)
iter	time	obj	|x|	|g|	crit
1	0.1	1368364.8	0.0	4.3	4.3
2	0.2	1246451.0	0.0	7.1	7.1
3	0.3	1157228.7	0.0	8.9	8.9
4	0.4	1090080.5	0.0	10.0	10.0
5	0.5	1032291.1	0.0	10.6	10.6
6	0.7	1003321.2	0.0	10.9	10.9
7	0.8	959806.7	0.0	11.1	11.1
8	0.9	917341.1	0.0	11.1	11.1
9	1.0	893208.4	0.0	11.1	11.1
10	1.2	867327.0	0.0	10.9	10.9
11	1.3	841173.9	0.1	10.7	10.7
12	1.4	830023.6	0.1	10.4	10.4
13	1.6	806209.6	0.1	10.1	10.1
14	1.7	792465.0	0.1	9.8	9.8
15	1.8	766543.9	0.1	9.4	9.4
16	2.0	764191.8	0.1	9.1	9.1
17	2.1	757086.6	0.1	8.7	8.7
18	2.2	748534.5	0.1	8.3	8.3
19	2.3	723996.9	0.1	8.0	8.0
20	2.4	726608.3	0.1	7.6	7.6


Iteration 9:

sh3_pdz_combined_cluster0_iter9:

OpenMP: Using 6 of 6 threads
Alphabet length:21
14552 valid sequences out of 14552 
41 sites, none trimmed because no target specified
Theta not between 0 and 1, no sequence reweighting applied (N = 14552.00)
iter	time	obj	|x|	|g|	crit
1	0.1	1328922.8	0.0	4.4	4.4
2	0.2	1200909.2	0.0	7.2	7.2
3	0.3	1112261.5	0.0	9.0	9.0
4	0.5	1035658.5	0.0	10.1	10.1
5	0.6	980179.6	0.0	10.7	10.7
6	0.7	950432.6	0.0	11.0	11.0
7	0.9	896030.6	0.0	11.2	11.2
8	1.0	873407.8	0.0	11.2	11.2
9	1.1	839511.9	0.0	11.1	11.1
10	1.2	808448.4	0.1	11.0	11.0
11	1.3	790181.1	0.1	10.7	10.7
12	1.5	769093.1	0.1	10.5	10.5
13	1.6	760649.5	0.1	10.2	10.2
14	1.7	741130.9	0.1	9.8	9.8
15	1.8	726197.8	0.1	9.4	9.4
16	2.0	716206.0	0.1	9.1	9.1
17	2.1	698092.6	0.1	8.7	8.7
18	2.2	686382.8	0.1	8.3	8.3
19	2.3	672285.6	0.1	7.9	7.9
20	2.5	666220.7	0.1	7.6	7.6


sh3_pdz_combined_cluster1_iter9:

OpenMP: Using 6 of 6 threads
Alphabet length:21
15026 valid sequences out of 15026 
41 sites, none trimmed because no target specified
Theta not between 0 and 1, no sequence reweighting applied (N = 15026.00)
iter	time	obj	|x|	|g|	crit
1	0.1	1376635.9	0.0	4.4	4.4
2	0.2	1249859.3	0.0	7.1	7.1
3	0.4	1151631.3	0.0	9.0	9.0
4	0.5	1088375.2	0.0	10.0	10.0
5	0.6	1037096.2	0.0	10.7	10.7
6	0.8	998019.8	0.0	11.0	11.0
7	0.9	949691.4	0.0	11.2	11.2
8	1.0	922799.6	0.0	11.2	11.2
9	1.2	898407.8	0.0	11.1	11.1
10	1.3	865257.5	0.0	11.0	11.0
11	1.4	850066.1	0.1	10.8	10.8
12	1.5	821221.1	0.1	10.5	10.5
13	1.6	808577.1	0.1	10.2	10.2
14	1.8	791439.8	0.1	9.9	9.9
15	1.9	780302.4	0.1	9.5	9.5
16	2.0	764329.4	0.1	9.1	9.1
17	2.1	755385.0	0.1	8.8	8.8
18	2.3	742416.6	0.1	8.4	8.4
19	2.4	729147.5	0.1	8.0	8.0
20	2.5	736657.7	0.1	7.7	7.7


Iteration 10:

sh3_pdz_combined_cluster0_iter10:

OpenMP: Using 6 of 6 threads
Alphabet length:21
14522 valid sequences out of 14522 
41 sites, none trimmed because no target specified
Theta not between 0 and 1, no sequence reweighting applied (N = 14522.00)
iter	time	obj	|x|	|g|	crit
1	0.1	1328577.2	0.0	4.4	4.4
2	0.3	1195692.5	0.0	7.2	7.2
3	0.4	1112206.8	0.0	9.0	9.0
4	0.5	1033768.9	0.0	10.1	10.1
5	0.6	981770.5	0.0	10.7	10.7
6	0.8	943628.8	0.0	11.0	11.0
7	0.9	893521.5	0.0	11.2	11.2
8	1.0	876742.3	0.0	11.1	11.1
9	1.1	835227.8	0.0	11.1	11.1
10	1.3	814460.2	0.1	11.0	11.0
11	1.4	783567.6	0.1	10.7	10.7
12	1.6	765721.2	0.1	10.5	10.5
13	1.7	747369.8	0.1	10.2	10.2
14	1.8	731832.5	0.1	9.8	9.8
15	1.9	715709.8	0.1	9.4	9.4
16	2.1	716891.7	0.1	9.0	9.0
17	2.2	703105.8	0.1	8.6	8.6
18	2.3	686182.4	0.1	8.2	8.2
19	2.5	676146.5	0.1	7.8	7.8
20	2.6	670810.0	0.1	7.5	7.5


sh3_pdz_combined_cluster1_iter10:

OpenMP: Using 6 of 6 threads
Alphabet length:21
15056 valid sequences out of 15056 
41 sites, none trimmed because no target specified
Theta not between 0 and 1, no sequence reweighting applied (N = 15056.00)
iter	time	obj	|x|	|g|	crit
1	0.1	1374075.5	0.0	4.4	4.4
2	0.3	1253193.5	0.0	7.2	7.2
3	0.4	1159520.0	0.0	9.0	9.0
4	0.5	1088187.1	0.0	10.1	10.1
5	0.6	1038154.3	0.0	10.7	10.7
6	0.8	998663.2	0.0	11.1	11.1
7	0.9	957893.7	0.0	11.2	11.2
8	1.0	918257.5	0.0	11.2	11.2
9	1.1	896129.7	0.0	11.2	11.2
10	1.3	867792.8	0.0	11.0	11.0
11	1.4	847476.2	0.1	10.8	10.8
12	1.5	815874.4	0.1	10.6	10.6
13	1.7	819568.4	0.1	10.2	10.2
14	1.8	796729.5	0.1	9.9	9.9
15	1.9	775205.0	0.1	9.5	9.5
16	2.0	766931.8	0.1	9.1	9.1
17	2.2	749109.8	0.1	8.8	8.8
18	2.3	742190.0	0.1	8.4	8.4
19	2.4	731415.5	0.1	8.0	8.0
20	2.6	732028.8	0.1	7.7	7.7


Iteration 11:

sh3_pdz_combined_cluster0_iter11:

OpenMP: Using 6 of 6 threads
Alphabet length:21
14502 valid sequences out of 14502 
41 sites, none trimmed because no target specified
Theta not between 0 and 1, no sequence reweighting applied (N = 14502.00)
iter	time	obj	|x|	|g|	crit
1	0.1	1323794.0	0.0	4.5	4.5
2	0.3	1195792.2	0.0	7.3	7.3
3	0.4	1110212.4	0.0	9.0	9.0
4	0.5	1034568.6	0.0	10.1	10.1
5	0.7	987801.6	0.0	10.7	10.7
6	0.8	935837.5	0.0	11.0	11.0
7	0.9	893933.2	0.0	11.2	11.2
8	1.1	865970.9	0.0	11.2	11.2
9	1.2	836999.4	0.0	11.1	11.1
10	1.3	809256.1	0.1	11.0	11.0
11	1.5	787483.1	0.1	10.8	10.8
12	1.6	766208.8	0.1	10.5	10.5
13	1.7	746318.2	0.1	10.2	10.2
14	1.9	726427.8	0.1	9.8	9.8
15	2.0	719959.0	0.1	9.4	9.4
16	2.2	701131.0	0.1	9.1	9.1
17	2.3	692520.1	0.1	8.7	8.7
18	2.4	687794.6	0.1	8.3	8.3
19	2.6	679060.5	0.1	7.9	7.9
20	2.7	669181.0	0.1	7.5	7.5


sh3_pdz_combined_cluster1_iter11:

OpenMP: Using 6 of 6 threads
Alphabet length:21
15076 valid sequences out of 15076 
41 sites, none trimmed because no target specified
Theta not between 0 and 1, no sequence reweighting applied (N = 15076.00)
iter	time	obj	|x|	|g|	crit
1	0.1	1375567.5	0.0	4.4	4.4
2	0.2	1253259.9	0.0	7.2	7.2
3	0.3	1160533.3	0.0	9.0	9.0
4	0.4	1091522.4	0.0	10.1	10.1
5	0.5	1039962.3	0.0	10.7	10.7
6	0.7	993763.4	0.0	11.1	11.1
7	0.8	957454.8	0.0	11.2	11.2
8	0.9	920556.1	0.0	11.3	11.3
9	1.1	893681.3	0.0	11.2	11.2
10	1.2	874302.5	0.0	11.0	11.0
11	1.4	848183.2	0.1	10.8	10.8
12	1.5	820702.5	0.1	10.5	10.5
13	1.6	812801.2	0.1	10.2	10.2
14	1.8	797673.5	0.1	9.8	9.8
15	1.9	779358.5	0.1	9.5	9.5
16	2.0	764701.0	0.1	9.1	9.1
17	2.2	757235.9	0.1	8.7	8.7
18	2.3	753923.7	0.1	8.4	8.4
19	2.5	729639.7	0.1	8.0	8.0
20	2.6	727447.8	0.1	7.7	7.7


Iteration 12:

sh3_pdz_combined_cluster0_iter12:

OpenMP: Using 6 of 6 threads
Alphabet length:21
14503 valid sequences out of 14503 
41 sites, none trimmed because no target specified
Theta not between 0 and 1, no sequence reweighting applied (N = 14503.00)
iter	time	obj	|x|	|g|	crit
1	0.2	1326227.6	0.0	4.5	4.5
2	0.3	1196701.1	0.0	7.3	7.3
3	0.4	1112873.5	0.0	9.0	9.0
4	0.6	1032750.8	0.0	10.1	10.1
5	0.7	981923.6	0.0	10.7	10.7
6	0.8	946903.2	0.0	11.0	11.0
7	0.9	894614.4	0.0	11.2	11.2
8	1.1	872037.6	0.0	11.2	11.2
9	1.2	837674.0	0.0	11.1	11.1
10	1.3	812661.3	0.1	11.0	11.0
11	1.5	776794.7	0.1	10.8	10.8
12	1.6	778763.2	0.1	10.5	10.5
13	1.7	747130.5	0.1	10.1	10.1
14	1.9	735373.5	0.1	9.8	9.8
15	2.0	710152.0	0.1	9.4	9.4
16	2.1	702363.1	0.1	9.0	9.0
17	2.3	685932.5	0.1	8.6	8.6
18	2.4	696318.9	0.1	8.2	8.2
19	2.6	673609.0	0.1	7.9	7.9
20	2.7	664759.1	0.1	7.5	7.5


sh3_pdz_combined_cluster1_iter12:

OpenMP: Using 6 of 6 threads
Alphabet length:21
15075 valid sequences out of 15075 
41 sites, none trimmed because no target specified
Theta not between 0 and 1, no sequence reweighting applied (N = 15075.00)
iter	time	obj	|x|	|g|	crit
1	0.2	1373980.3	0.0	4.4	4.4
2	0.3	1251624.4	0.0	7.1	7.1
3	0.4	1162961.0	0.0	8.9	8.9
4	0.5	1091103.1	0.0	10.1	10.1
5	0.7	1034107.8	0.0	10.7	10.7
6	0.8	999265.7	0.0	11.0	11.0
7	0.9	966413.5	0.0	11.2	11.2
8	1.1	921038.6	0.0	11.2	11.2
9	1.2	899072.3	0.0	11.1	11.1
10	1.3	861804.1	0.0	11.0	11.0
11	1.5	849745.6	0.1	10.8	10.8
12	1.6	822964.8	0.1	10.5	10.5
13	1.8	807787.4	0.1	10.2	10.2
14	1.9	800667.6	0.1	9.9	9.9
15	2.0	781024.5	0.1	9.5	9.5
16	2.2	761718.0	0.1	9.1	9.1
17	2.3	751424.7	0.1	8.8	8.8
18	2.4	745602.1	0.1	8.4	8.4
19	2.6	736552.9	0.1	8.0	8.0
20	2.7	722132.2	0.1	7.7	7.7


Iteration 13:

sh3_pdz_combined_cluster0_iter13:

OpenMP: Using 6 of 6 threads
Alphabet length:21
14489 valid sequences out of 14489 
41 sites, none trimmed because no target specified
Theta not between 0 and 1, no sequence reweighting applied (N = 14489.00)
iter	time	obj	|x|	|g|	crit
1	0.2	1320283.8	0.0	4.5	4.5
2	0.3	1198621.1	0.0	7.3	7.3
3	0.4	1102683.1	0.0	9.1	9.1
4	0.5	1033309.8	0.0	10.1	10.1
5	0.7	978298.5	0.0	10.7	10.7
6	0.8	935383.4	0.0	11.1	11.1
7	0.9	896478.5	0.0	11.2	11.2
8	1.1	869681.7	0.0	11.2	11.2
9	1.2	838960.3	0.0	11.1	11.1
10	1.3	807349.4	0.1	11.0	11.0
11	1.4	776478.5	0.1	10.8	10.8
12	1.6	766946.6	0.1	10.5	10.5
13	1.7	747836.7	0.1	10.2	10.2
14	1.8	735293.5	0.1	9.8	9.8
15	2.0	722872.3	0.1	9.4	9.4
16	2.1	698778.2	0.1	9.0	9.0
17	2.3	685544.0	0.1	8.6	8.6
18	2.4	676216.9	0.1	8.3	8.3
19	2.5	663191.1	0.1	7.9	7.9
20	2.6	672277.6	0.1	7.5	7.5


sh3_pdz_combined_cluster1_iter13:

OpenMP: Using 6 of 6 threads
Alphabet length:21
15089 valid sequences out of 15089 
41 sites, none trimmed because no target specified
Theta not between 0 and 1, no sequence reweighting applied (N = 15089.00)
iter	time	obj	|x|	|g|	crit
1	0.2	1377258.5	0.0	4.4	4.4
2	0.3	1254249.9	0.0	7.2	7.2
3	0.4	1158772.2	0.0	9.0	9.0
4	0.5	1092097.3	0.0	10.1	10.1
5	0.7	1034901.6	0.0	10.7	10.7
6	0.8	995326.6	0.0	11.1	11.1
7	0.9	962686.2	0.0	11.2	11.2
8	1.1	922233.8	0.0	11.2	11.2
9	1.2	900954.6	0.0	11.1	11.1
10	1.3	873331.3	0.0	11.0	11.0
11	1.4	858038.6	0.1	10.8	10.8
12	1.6	824734.9	0.1	10.5	10.5
13	1.7	805348.3	0.1	10.2	10.2
14	1.8	803154.5	0.1	9.9	9.9
15	2.0	775706.3	0.1	9.5	9.5
16	2.1	756333.1	0.1	9.1	9.1
17	2.2	747147.8	0.1	8.8	8.8
18	2.4	762677.2	0.1	8.4	8.4
19	2.5	731218.3	0.1	8.0	8.0
20	2.6	717379.0	0.1	7.7	7.7


Iteration 14:

sh3_pdz_combined_cluster0_iter14:

OpenMP: Using 6 of 6 threads
Alphabet length:21
14453 valid sequences out of 14453 
41 sites, none trimmed because no target specified
Theta not between 0 and 1, no sequence reweighting applied (N = 14453.00)
iter	time	obj	|x|	|g|	crit
1	0.2	1320515.5	0.0	4.5	4.5
2	0.3	1196774.9	0.0	7.3	7.3
3	0.4	1097697.2	0.0	9.1	9.1
4	0.6	1026685.4	0.0	10.2	10.2
5	0.7	976708.7	0.0	10.8	10.8
6	0.9	937737.4	0.0	11.1	11.1
7	1.0	891606.1	0.0	11.2	11.2
8	1.1	874149.0	0.0	11.2	11.2
9	1.3	833107.3	0.0	11.1	11.1
10	1.4	799572.6	0.1	11.0	11.0
11	1.5	772809.6	0.1	10.8	10.8
12	1.7	758227.1	0.1	10.5	10.5
13	1.8	744918.9	0.1	10.2	10.2
14	1.9	723769.6	0.1	9.8	9.8
15	2.1	719295.4	0.1	9.4	9.4
16	2.2	713510.1	0.1	9.0	9.0
17	2.3	673227.9	0.1	8.6	8.6
18	2.5	678635.5	0.1	8.2	8.2
19	2.6	663363.1	0.1	7.9	7.9
20	2.7	664669.9	0.1	7.5	7.5


sh3_pdz_combined_cluster1_iter14:

OpenMP: Using 6 of 6 threads
Alphabet length:21
15125 valid sequences out of 15125 
41 sites, none trimmed because no target specified
Theta not between 0 and 1, no sequence reweighting applied (N = 15125.00)
iter	time	obj	|x|	|g|	crit
1	0.2	1382947.5	0.0	4.4	4.4
2	0.3	1253717.6	0.0	7.2	7.2
3	0.4	1166593.7	0.0	9.0	9.0
4	0.6	1095550.9	0.0	10.1	10.1
5	0.7	1034830.0	0.0	10.8	10.8
6	0.8	996432.3	0.0	11.1	11.1
7	1.0	957929.9	0.0	11.3	11.3
8	1.1	929853.5	0.0	11.3	11.3
9	1.2	902845.3	0.0	11.2	11.2
10	1.4	871676.1	0.0	11.0	11.0
11	1.5	860424.7	0.1	10.8	10.8
12	1.7	831741.9	0.1	10.5	10.5
13	1.8	809005.1	0.1	10.2	10.2
14	1.9	796708.6	0.1	9.9	9.9
15	2.1	774629.6	0.1	9.5	9.5
16	2.2	773728.7	0.1	9.2	9.2
17	2.3	759025.9	0.1	8.8	8.8
18	2.5	751522.7	0.1	8.4	8.4
19	2.6	736987.3	0.1	8.1	8.1
20	2.7	733712.7	0.1	7.7	7.7


Iteration 15:

sh3_pdz_combined_cluster0_iter15:

OpenMP: Using 6 of 6 threads
Alphabet length:21
14439 valid sequences out of 14439 
41 sites, none trimmed because no target specified
Theta not between 0 and 1, no sequence reweighting applied (N = 14439.00)
iter	time	obj	|x|	|g|	crit
1	0.1	1320181.2	0.0	4.4	4.4
2	0.2	1191517.8	0.0	7.3	7.3
3	0.3	1101490.9	0.0	9.0	9.0
4	0.5	1026352.8	0.0	10.1	10.1
5	0.6	971338.4	0.0	10.8	10.8
6	0.7	932104.4	0.0	11.1	11.1
7	0.8	888283.8	0.0	11.2	11.2
8	0.9	861796.6	0.0	11.2	11.2
9	1.0	835043.6	0.0	11.1	11.1
10	1.2	805701.1	0.1	11.0	11.0
11	1.3	772529.8	0.1	10.8	10.8
12	1.4	767320.2	0.1	10.5	10.5
13	1.6	740401.3	0.1	10.2	10.2
14	1.7	735532.9	0.1	9.8	9.8
15	1.8	714983.0	0.1	9.4	9.4
16	2.0	704576.1	0.1	9.0	9.0
17	2.1	693635.6	0.1	8.6	8.6
18	2.3	682033.1	0.1	8.2	8.2
19	2.4	674255.1	0.1	7.9	7.9
20	2.5	656837.3	0.1	7.5	7.5


sh3_pdz_combined_cluster1_iter15:

OpenMP: Using 6 of 6 threads
Alphabet length:21
15139 valid sequences out of 15139 
41 sites, none trimmed because no target specified
Theta not between 0 and 1, no sequence reweighting applied (N = 15139.00)
iter	time	obj	|x|	|g|	crit
1	0.1	1382202.8	0.0	4.4	4.4
2	0.2	1256900.1	0.0	7.2	7.2
3	0.3	1165082.8	0.0	9.0	9.0
4	0.4	1096837.7	0.0	10.1	10.1
5	0.5	1048019.8	0.0	10.7	10.7
6	0.6	995705.4	0.0	11.1	11.1
7	0.8	956513.2	0.0	11.2	11.2
8	0.9	922644.1	0.0	11.3	11.3
9	1.0	895163.5	0.0	11.2	11.2
10	1.1	876094.6	0.0	11.0	11.0
11	1.3	846452.4	0.1	10.8	10.8
12	1.4	831679.7	0.1	10.6	10.6
13	1.5	814522.5	0.1	10.3	10.3
14	1.6	793018.7	0.1	9.9	9.9
15	1.8	789432.6	0.1	9.5	9.5
16	1.9	774007.7	0.1	9.1	9.1
17	2.1	755868.0	0.1	8.7	8.7
18	2.2	754216.5	0.1	8.4	8.4
19	2.4	739649.7	0.1	8.0	8.0
20	2.5	732815.2	0.1	7.6	7.6


Iteration 16:

sh3_pdz_combined_cluster0_iter16:

OpenMP: Using 6 of 6 threads
Alphabet length:21
14434 valid sequences out of 14434 
41 sites, none trimmed because no target specified
Theta not between 0 and 1, no sequence reweighting applied (N = 14434.00)
iter	time	obj	|x|	|g|	crit
1	0.2	1322150.9	0.0	4.4	4.4
2	0.3	1193913.1	0.0	7.3	7.3
3	0.4	1098890.3	0.0	9.1	9.1
4	0.6	1027241.0	0.0	10.1	10.1
5	0.7	976089.6	0.0	10.7	10.7
6	0.8	936732.9	0.0	11.0	11.0
7	1.0	888395.5	0.0	11.2	11.2
8	1.1	861087.1	0.0	11.2	11.2
9	1.2	829406.2	0.0	11.1	11.1
10	1.4	815605.5	0.1	10.9	10.9
11	1.5	777474.4	0.1	10.7	10.7
12	1.6	759787.8	0.1	10.5	10.5
13	1.7	739574.7	0.1	10.2	10.2
14	1.9	727580.4	0.1	9.8	9.8
15	2.0	710020.8	0.1	9.4	9.4
16	2.1	708883.3	0.1	9.0	9.0
17	2.3	688555.4	0.1	8.6	8.6
18	2.4	669666.6	0.1	8.2	8.2
19	2.6	663760.2	0.1	7.9	7.9
20	2.7	655594.8	0.1	7.5	7.5


sh3_pdz_combined_cluster1_iter16:

OpenMP: Using 6 of 6 threads
Alphabet length:21
15144 valid sequences out of 15144 
41 sites, none trimmed because no target specified
Theta not between 0 and 1, no sequence reweighting applied (N = 15144.00)
iter	time	obj	|x|	|g|	crit
1	0.2	1387061.9	0.0	4.4	4.4
2	0.3	1253479.5	0.0	7.2	7.2
3	0.4	1172973.5	0.0	9.0	9.0
4	0.6	1096822.8	0.0	10.1	10.1
5	0.7	1044674.7	0.0	10.7	10.7
6	0.8	1007252.5	0.0	11.0	11.0
7	1.0	962051.4	0.0	11.2	11.2
8	1.1	930291.8	0.0	11.2	11.2
9	1.2	901718.7	0.0	11.2	11.2
10	1.4	879076.5	0.0	11.0	11.0
11	1.5	854276.0	0.1	10.8	10.8
12	1.6	824990.8	0.1	10.5	10.5
13	1.8	819751.5	0.1	10.2	10.2
14	1.9	798573.1	0.1	9.9	9.9
15	2.0	783060.1	0.1	9.5	9.5
16	2.1	770875.4	0.1	9.1	9.1
17	2.3	765516.6	0.1	8.7	8.7
18	2.4	742058.5	0.1	8.4	8.4
19	2.5	724560.0	0.1	8.0	8.0
20	2.7	740360.5	0.1	7.7	7.7


Iteration 17:

sh3_pdz_combined_cluster0_iter17:

OpenMP: Using 6 of 6 threads
Alphabet length:21
14437 valid sequences out of 14437 
41 sites, none trimmed because no target specified
Theta not between 0 and 1, no sequence reweighting applied (N = 14437.00)
iter	time	obj	|x|	|g|	crit
1	0.1	1315805.3	0.0	4.5	4.5
2	0.2	1189382.3	0.0	7.3	7.3
3	0.3	1100699.3	0.0	9.1	9.1
4	0.5	1025341.6	0.0	10.2	10.2
5	0.6	970908.9	0.0	10.8	10.8
6	0.7	923775.7	0.0	11.1	11.1
7	0.9	887784.3	0.0	11.3	11.3
8	1.0	871205.0	0.0	11.2	11.2
9	1.1	831108.2	0.0	11.2	11.2
10	1.3	801243.6	0.1	11.0	11.0
11	1.4	766490.8	0.1	10.8	10.8
12	1.5	759890.8	0.1	10.5	10.5
13	1.7	748803.7	0.1	10.2	10.2
14	1.8	731526.6	0.1	9.8	9.8
15	1.9	704546.8	0.1	9.4	9.4
16	2.1	692485.5	0.1	9.0	9.0
17	2.2	686329.0	0.1	8.6	8.6
18	2.3	691278.7	0.1	8.2	8.2
19	2.5	661234.8	0.1	7.9	7.9
20	2.6	655932.6	0.1	7.5	7.5


sh3_pdz_combined_cluster1_iter17:

OpenMP: Using 6 of 6 threads
Alphabet length:21
15141 valid sequences out of 15141 
41 sites, none trimmed because no target specified
Theta not between 0 and 1, no sequence reweighting applied (N = 15141.00)
iter	time	obj	|x|	|g|	crit
1	0.1	1383824.0	0.0	4.4	4.4
2	0.3	1252232.2	0.0	7.2	7.2
3	0.4	1162980.2	0.0	9.0	9.0
4	0.5	1092288.6	0.0	10.1	10.1
5	0.7	1045207.3	0.0	10.7	10.7
6	0.8	998693.1	0.0	11.1	11.1
7	1.0	963137.1	0.0	11.2	11.2
8	1.1	930816.8	0.0	11.2	11.2
9	1.2	909814.6	0.0	11.1	11.1
10	1.4	882764.1	0.0	11.0	11.0
11	1.5	854665.1	0.1	10.8	10.8
12	1.6	836221.5	0.1	10.5	10.5
13	1.7	821356.5	0.1	10.2	10.2
14	1.9	795396.5	0.1	9.9	9.9
15	2.0	780999.5	0.1	9.5	9.5
16	2.2	772289.8	0.1	9.1	9.1
17	2.3	752760.6	0.1	8.7	8.7
18	2.4	751939.1	0.1	8.4	8.4
19	2.6	742331.8	0.1	8.0	8.0
20	2.7	735124.5	0.1	7.7	7.7


Iteration 18:

sh3_pdz_combined_cluster0_iter18:

OpenMP: Using 6 of 6 threads
Alphabet length:21
14459 valid sequences out of 14459 
41 sites, none trimmed because no target specified
Theta not between 0 and 1, no sequence reweighting applied (N = 14459.00)
iter	time	obj	|x|	|g|	crit
1	0.2	1322186.1	0.0	4.5	4.5
2	0.3	1194852.2	0.0	7.3	7.3
3	0.4	1102558.4	0.0	9.1	9.1
4	0.6	1023536.4	0.0	10.2	10.2
5	0.7	978907.7	0.0	10.8	10.8
6	0.8	932577.9	0.0	11.1	11.1
7	1.0	890181.6	0.0	11.2	11.2
8	1.1	870969.4	0.0	11.2	11.2
9	1.2	830358.9	0.0	11.2	11.2
10	1.3	810677.5	0.1	11.0	11.0
11	1.5	784441.2	0.1	10.8	10.8
12	1.6	766115.6	0.1	10.5	10.5
13	1.7	742205.5	0.1	10.2	10.2
14	1.9	726655.0	0.1	9.8	9.8
15	2.0	708652.3	0.1	9.4	9.4
16	2.1	694959.0	0.1	9.0	9.0
17	2.3	680276.8	0.1	8.6	8.6
18	2.4	679962.7	0.1	8.3	8.3
19	2.6	659128.6	0.1	7.9	7.9
20	2.7	669579.7	0.1	7.5	7.5


sh3_pdz_combined_cluster1_iter18:

OpenMP: Using 6 of 6 threads
Alphabet length:21
15119 valid sequences out of 15119 
41 sites, none trimmed because no target specified
Theta not between 0 and 1, no sequence reweighting applied (N = 15119.00)
iter	time	obj	|x|	|g|	crit
1	0.2	1383606.3	0.0	4.4	4.4
2	0.3	1253542.4	0.0	7.2	7.2
3	0.4	1164285.5	0.0	9.0	9.0
4	0.6	1096604.9	0.0	10.1	10.1
5	0.7	1041579.5	0.0	10.7	10.7
6	0.8	1005875.3	0.0	11.0	11.0
7	0.9	971115.5	0.0	11.2	11.2
8	1.1	931088.2	0.0	11.2	11.2
9	1.2	894011.5	0.0	11.1	11.1
10	1.3	874721.5	0.0	11.0	11.0
11	1.5	847059.3	0.1	10.8	10.8
12	1.6	832995.6	0.1	10.5	10.5
13	1.7	806174.0	0.1	10.2	10.2
14	1.9	786235.7	0.1	9.9	9.9
15	2.0	788844.2	0.1	9.5	9.5
16	2.1	772588.2	0.1	9.2	9.2
17	2.3	768676.4	0.1	8.8	8.8
18	2.4	757556.9	0.1	8.4	8.4
19	2.6	738145.7	0.1	8.0	8.0
20	2.7	728766.4	0.1	7.7	7.7


Iteration 19:

sh3_pdz_combined_cluster0_iter19:

OpenMP: Using 6 of 6 threads
Alphabet length:21
14461 valid sequences out of 14461 
41 sites, none trimmed because no target specified
Theta not between 0 and 1, no sequence reweighting applied (N = 14461.00)
iter	time	obj	|x|	|g|	crit
1	0.2	1318989.5	0.0	4.4	4.4
2	0.3	1192274.2	0.0	7.3	7.3
3	0.4	1105299.4	0.0	9.1	9.1
4	0.6	1023725.5	0.0	10.2	10.2
5	0.7	971649.7	0.0	10.8	10.8
6	0.8	932242.2	0.0	11.2	11.2
7	1.0	890204.3	0.0	11.3	11.3
8	1.1	864436.4	0.0	11.3	11.3
9	1.2	826792.4	0.0	11.2	11.2
10	1.4	806140.4	0.1	11.0	11.0
11	1.5	772316.1	0.1	10.8	10.8
12	1.6	758901.4	0.1	10.5	10.5
13	1.8	744097.3	0.1	10.2	10.2
14	1.9	714979.6	0.1	9.8	9.8
15	2.0	704784.6	0.1	9.5	9.5
16	2.1	702941.6	0.1	9.1	9.1
17	2.3	692568.3	0.1	8.6	8.6
18	2.4	673473.7	0.1	8.2	8.2
19	2.5	671118.2	0.1	7.9	7.9
20	2.7	655800.4	0.1	7.5	7.5


sh3_pdz_combined_cluster1_iter19:

OpenMP: Using 6 of 6 threads
Alphabet length:21
15117 valid sequences out of 15117 
41 sites, none trimmed because no target specified
Theta not between 0 and 1, no sequence reweighting applied (N = 15117.00)
iter	time	obj	|x|	|g|	crit
1	0.2	1379876.3	0.0	4.4	4.4
2	0.3	1254704.6	0.0	7.2	7.2
3	0.4	1161805.4	0.0	9.0	9.0
4	0.6	1094306.4	0.0	10.1	10.1
5	0.7	1041051.7	0.0	10.7	10.7
6	0.8	997281.1	0.0	11.1	11.1
7	1.0	962074.6	0.0	11.2	11.2
8	1.1	920421.1	0.0	11.3	11.3
9	1.2	901529.6	0.0	11.2	11.2
10	1.4	865250.7	0.0	11.1	11.1
11	1.5	852612.4	0.1	10.8	10.8
12	1.6	829647.9	0.1	10.6	10.6
13	1.7	816124.4	0.1	10.2	10.2
14	1.9	797323.8	0.1	9.9	9.9
15	2.0	786847.3	0.1	9.5	9.5
16	2.1	769634.9	0.1	9.1	9.1
17	2.3	765440.0	0.1	8.8	8.8
18	2.4	756493.1	0.1	8.4	8.4
19	2.5	736142.9	0.1	8.0	8.0
20	2.7	733519.4	0.1	7.7	7.7


Iteration 20:

sh3_pdz_combined_cluster0_iter20:

OpenMP: Using 6 of 6 threads
Alphabet length:21
14469 valid sequences out of 14469 
41 sites, none trimmed because no target specified
Theta not between 0 and 1, no sequence reweighting applied (N = 14469.00)
iter	time	obj	|x|	|g|	crit
1	0.2	1321674.0	0.0	4.5	4.5
2	0.3	1191291.8	0.0	7.3	7.3
3	0.4	1105702.4	0.0	9.1	9.1
4	0.6	1029409.2	0.0	10.2	10.2
5	0.7	975942.3	0.0	10.8	10.8
6	0.8	933470.9	0.0	11.1	11.1
7	0.9	890252.2	0.0	11.3	11.3
8	1.1	860144.5	0.0	11.2	11.2
9	1.2	831672.3	0.0	11.2	11.2
10	1.3	804364.1	0.1	11.0	11.0
11	1.5	773442.3	0.1	10.8	10.8
12	1.6	757714.1	0.1	10.5	10.5
13	1.8	747116.5	0.1	10.2	10.2
14	1.9	721886.7	0.1	9.8	9.8
15	2.0	707545.1	0.1	9.4	9.4
16	2.1	701449.2	0.1	9.0	9.0
17	2.3	703470.0	0.1	8.6	8.6
18	2.4	677605.3	0.1	8.2	8.2
19	2.6	668266.3	0.1	7.9	7.9
20	2.7	655568.8	0.1	7.5	7.5


sh3_pdz_combined_cluster1_iter20:

OpenMP: Using 6 of 6 threads
Alphabet length:21
15109 valid sequences out of 15109 
41 sites, none trimmed because no target specified
Theta not between 0 and 1, no sequence reweighting applied (N = 15109.00)
iter	time	obj	|x|	|g|	crit
1	0.1	1376828.6	0.0	4.4	4.4
2	0.3	1253172.0	0.0	7.2	7.2
3	0.4	1157328.5	0.0	9.0	9.0
4	0.6	1094479.0	0.0	10.2	10.2
5	0.7	1044863.0	0.0	10.8	10.8
6	0.8	1004600.6	0.0	11.1	11.1
7	0.9	967517.5	0.0	11.3	11.3
8	1.0	916039.6	0.0	11.3	11.3
9	1.2	897637.8	0.0	11.2	11.2
10	1.3	874630.9	0.0	11.1	11.1
11	1.5	844844.3	0.1	10.9	10.9
12	1.6	822949.1	0.1	10.6	10.6
13	1.7	815305.1	0.1	10.3	10.3
14	1.9	790583.7	0.1	9.9	9.9
15	2.0	790601.2	0.1	9.5	9.5
16	2.1	777979.8	0.1	9.1	9.1
17	2.3	764063.7	0.1	8.7	8.7
18	2.4	746709.2	0.1	8.4	8.4
19	2.6	729717.1	0.1	8.0	8.0
20	2.7	737053.9	0.1	7.7	7.7


Iteration 21:

sh3_pdz_combined_cluster0_iter21:

OpenMP: Using 6 of 6 threads
Alphabet length:21
14453 valid sequences out of 14453 
41 sites, none trimmed because no target specified
Theta not between 0 and 1, no sequence reweighting applied (N = 14453.00)
iter	time	obj	|x|	|g|	crit
1	0.2	1321653.0	0.0	4.5	4.5
2	0.3	1194232.5	0.0	7.3	7.3
3	0.4	1099432.1	0.0	9.1	9.1
4	0.5	1019770.2	0.0	10.2	10.2
5	0.6	970119.1	0.0	10.8	10.8
6	0.7	939721.9	0.0	11.1	11.1
7	0.9	889691.0	0.0	11.3	11.3
8	1.0	863948.7	0.0	11.3	11.3
9	1.1	829543.7	0.0	11.2	11.2
10	1.2	796791.9	0.1	11.0	11.0
11	1.3	771787.2	0.1	10.8	10.8
12	1.4	760898.6	0.1	10.5	10.5
13	1.5	745162.3	0.1	10.2	10.2
14	1.6	732862.6	0.1	9.8	9.8
15	1.8	716073.4	0.1	9.4	9.4
16	1.9	701595.2	0.1	9.0	9.0
17	2.0	683531.4	0.1	8.6	8.6
18	2.2	677255.9	0.1	8.2	8.2
19	2.3	672076.5	0.1	7.8	7.8
20	2.4	657610.4	0.1	7.5	7.5


sh3_pdz_combined_cluster1_iter21:

OpenMP: Using 6 of 6 threads
Alphabet length:21
15125 valid sequences out of 15125 
41 sites, none trimmed because no target specified
Theta not between 0 and 1, no sequence reweighting applied (N = 15125.00)
iter	time	obj	|x|	|g|	crit
1	0.1	1381304.8	0.0	4.4	4.4
2	0.2	1248205.8	0.0	7.2	7.2
3	0.4	1161773.8	0.0	9.0	9.0
4	0.5	1098015.5	0.0	10.1	10.1
5	0.6	1047947.0	0.0	10.7	10.7
6	0.7	1001992.7	0.0	11.1	11.1
7	0.9	962250.3	0.0	11.2	11.2
8	0.9	922795.2	0.0	11.2	11.2
9	1.0	901598.3	0.0	11.2	11.2
10	1.1	880636.3	0.0	11.0	11.0
11	1.2	866534.8	0.1	10.8	10.8
12	1.3	833390.0	0.1	10.5	10.5
13	1.4	820420.9	0.1	10.2	10.2
14	1.5	793153.1	0.1	9.8	9.8
15	1.7	779321.4	0.1	9.5	9.5
16	1.8	779826.8	0.1	9.1	9.1
17	1.9	754697.3	0.1	8.7	8.7
18	2.1	749260.4	0.1	8.4	8.4
19	2.2	736389.9	0.1	8.0	8.0
20	2.3	737169.9	0.1	7.7	7.7


Iteration 22:

sh3_pdz_combined_cluster0_iter22:

OpenMP: Using 6 of 6 threads
Alphabet length:21
14452 valid sequences out of 14452 
41 sites, none trimmed because no target specified
Theta not between 0 and 1, no sequence reweighting applied (N = 14452.00)
iter	time	obj	|x|	|g|	crit
1	0.1	1320155.6	0.0	4.5	4.5
2	0.2	1189221.7	0.0	7.3	7.3
3	0.3	1095112.6	0.0	9.1	9.1
4	0.4	1031755.1	0.0	10.2	10.2
5	0.5	976522.5	0.0	10.8	10.8
6	0.7	931086.6	0.0	11.1	11.1
7	0.8	892197.9	0.0	11.3	11.3
8	0.9	862402.1	0.0	11.3	11.3
9	1.0	827853.1	0.0	11.2	11.2
10	1.0	806292.7	0.1	11.0	11.0
11	1.1	768351.8	0.1	10.8	10.8
12	1.2	756024.0	0.1	10.6	10.6
13	1.3	742386.3	0.1	10.2	10.2
14	1.4	727969.6	0.1	9.9	9.9
15	1.5	710815.6	0.1	9.5	9.5
16	1.7	700592.7	0.1	9.1	9.1
17	1.8	695756.3	0.1	8.7	8.7
18	1.9	678979.0	0.1	8.3	8.3
19	2.0	674482.4	0.1	7.9	7.9
20	2.1	650616.2	0.1	7.5	7.5


sh3_pdz_combined_cluster1_iter22:

OpenMP: Using 6 of 6 threads
Alphabet length:21
15126 valid sequences out of 15126 
41 sites, none trimmed because no target specified
Theta not between 0 and 1, no sequence reweighting applied (N = 15126.00)
iter	time	obj	|x|	|g|	crit
1	0.1	1379308.5	0.0	4.4	4.4
2	0.2	1251574.8	0.0	7.2	7.2
3	0.3	1161015.3	0.0	9.0	9.0
4	0.4	1098188.7	0.0	10.1	10.1
5	0.5	1041610.0	0.0	10.7	10.7
6	0.6	999529.9	0.0	11.1	11.1
7	0.7	967048.5	0.0	11.2	11.2
8	0.9	932050.2	0.0	11.2	11.2
9	0.9	911913.7	0.0	11.1	11.1
10	1.1	876229.1	0.0	11.0	11.0
11	1.2	845860.4	0.1	10.8	10.8
12	1.3	828097.0	0.1	10.5	10.5
13	1.4	818541.2	0.1	10.2	10.2
14	1.5	797384.5	0.1	9.9	9.9
15	1.6	783572.0	0.1	9.5	9.5
16	1.7	786783.6	0.1	9.1	9.1
17	1.8	752120.3	0.1	8.8	8.8
18	2.0	751165.5	0.1	8.4	8.4
19	2.1	735158.0	0.1	8.0	8.0
20	2.2	728494.4	0.1	7.7	7.7


Iteration 23:

sh3_pdz_combined_cluster0_iter23:

OpenMP: Using 6 of 6 threads
Alphabet length:21
14470 valid sequences out of 14470 
41 sites, none trimmed because no target specified
Theta not between 0 and 1, no sequence reweighting applied (N = 14470.00)
iter	time	obj	|x|	|g|	crit
1	0.1	1318867.7	0.0	4.5	4.5
2	0.3	1195579.0	0.0	7.3	7.3
3	0.4	1098869.0	0.0	9.1	9.1
4	0.5	1025709.1	0.0	10.2	10.2
5	0.6	977843.4	0.0	10.8	10.8
6	0.8	932479.8	0.0	11.1	11.1
7	0.9	888487.9	0.0	11.3	11.3
8	1.1	866932.6	0.0	11.3	11.3
9	1.2	823351.4	0.0	11.2	11.2
10	1.3	797568.6	0.1	11.1	11.1
11	1.4	779008.0	0.1	10.9	10.9
12	1.6	759409.5	0.1	10.6	10.6
13	1.7	740708.0	0.1	10.3	10.3
14	1.8	723580.9	0.1	9.9	9.9
15	2.0	712744.8	0.1	9.5	9.5
16	2.1	708208.2	0.1	9.1	9.1
17	2.2	682434.9	0.1	8.7	8.7
18	2.4	679882.6	0.1	8.3	8.3
19	2.5	661748.2	0.1	7.9	7.9
20	2.6	653958.9	0.1	7.5	7.5


sh3_pdz_combined_cluster1_iter23:

OpenMP: Using 6 of 6 threads
Alphabet length:21
15108 valid sequences out of 15108 
41 sites, none trimmed because no target specified
Theta not between 0 and 1, no sequence reweighting applied (N = 15108.00)
iter	time	obj	|x|	|g|	crit
1	0.2	1376915.2	0.0	4.4	4.4
2	0.3	1255596.4	0.0	7.2	7.2
3	0.4	1163717.2	0.0	9.0	9.0
4	0.5	1093501.8	0.0	10.1	10.1
5	0.6	1047359.0	0.0	10.7	10.7
6	0.8	1002086.0	0.0	11.1	11.1
7	0.9	961549.4	0.0	11.3	11.3
8	1.0	917670.8	0.0	11.3	11.3
9	1.2	899569.0	0.0	11.2	11.2
10	1.3	876604.6	0.0	11.0	11.0
11	1.4	855580.9	0.1	10.8	10.8
12	1.6	834086.7	0.1	10.5	10.5
13	1.7	827417.9	0.1	10.2	10.2
14	1.8	786735.9	0.1	9.9	9.9
15	1.9	790558.9	0.1	9.5	9.5
16	2.1	770878.6	0.1	9.1	9.1
17	2.2	741374.5	0.1	8.8	8.8
18	2.4	757211.9	0.1	8.4	8.4
19	2.5	728833.4	0.1	8.0	8.0
20	2.6	745715.5	0.1	7.7	7.7


Iteration 24:

sh3_pdz_combined_cluster0_iter24:

OpenMP: Using 6 of 6 threads
Alphabet length:21
14469 valid sequences out of 14469 
41 sites, none trimmed because no target specified
Theta not between 0 and 1, no sequence reweighting applied (N = 14469.00)
iter	time	obj	|x|	|g|	crit
1	0.2	1322149.6	0.0	4.5	4.5
2	0.3	1193869.3	0.0	7.3	7.3
3	0.4	1096943.9	0.0	9.2	9.2
4	0.5	1031621.8	0.0	10.2	10.2
5	0.6	971501.1	0.0	10.9	10.9
6	0.8	927045.9	0.0	11.2	11.2
7	0.9	888048.2	0.0	11.3	11.3
8	1.0	868473.0	0.0	11.3	11.3
9	1.2	829100.2	0.0	11.2	11.2
10	1.3	802209.3	0.1	11.1	11.1
11	1.4	782593.2	0.1	10.8	10.8
12	1.6	767718.4	0.1	10.6	10.6
13	1.7	754164.6	0.1	10.2	10.2
14	1.9	725763.9	0.1	9.9	9.9
15	2.0	714873.1	0.1	9.5	9.5
16	2.1	688549.3	0.1	9.1	9.1
17	2.3	691790.9	0.1	8.7	8.7
18	2.4	674086.5	0.1	8.3	8.3
19	2.6	668326.7	0.1	7.9	7.9
20	2.7	666565.1	0.1	7.5	7.5


sh3_pdz_combined_cluster1_iter24:

OpenMP: Using 6 of 6 threads
Alphabet length:21
15109 valid sequences out of 15109 
41 sites, none trimmed because no target specified
Theta not between 0 and 1, no sequence reweighting applied (N = 15109.00)
iter	time	obj	|x|	|g|	crit
1	0.1	1382422.4	0.0	4.4	4.4
2	0.2	1250881.3	0.0	7.1	7.1
3	0.3	1164794.0	0.0	8.9	8.9
4	0.4	1094141.5	0.0	10.1	10.1
5	0.5	1033320.5	0.0	10.7	10.7
6	0.7	1000884.0	0.0	11.0	11.0
7	0.8	962148.5	0.0	11.2	11.2
8	0.9	921308.0	0.0	11.2	11.2
9	1.1	891207.0	0.0	11.1	11.1
10	1.2	869636.9	0.0	11.0	11.0
11	1.3	850066.4	0.1	10.8	10.8
12	1.5	830927.9	0.1	10.5	10.5
13	1.6	820853.3	0.1	10.2	10.2
14	1.7	790284.5	0.1	9.8	9.8
15	1.9	784762.0	0.1	9.5	9.5
16	2.0	773116.8	0.1	9.1	9.1
17	2.2	762638.6	0.1	8.7	8.7
18	2.3	752277.3	0.1	8.3	8.3
19	2.4	733838.1	0.1	8.0	8.0
20	2.6	742975.5	0.1	7.6	7.6


Iteration 25:

sh3_pdz_combined_cluster0_iter25:

OpenMP: Using 6 of 6 threads
Alphabet length:21
14466 valid sequences out of 14466 
41 sites, none trimmed because no target specified
Theta not between 0 and 1, no sequence reweighting applied (N = 14466.00)
iter	time	obj	|x|	|g|	crit
1	0.1	1323859.3	0.0	4.5	4.5
2	0.2	1194706.1	0.0	7.3	7.3
3	0.3	1103537.0	0.0	9.1	9.1
4	0.4	1022890.5	0.0	10.2	10.2
5	0.5	970859.1	0.0	10.8	10.8
6	0.6	938243.0	0.0	11.1	11.1
7	0.7	883654.9	0.0	11.3	11.3
8	0.9	861575.3	0.0	11.3	11.3
9	1.0	825068.4	0.0	11.2	11.2
10	1.1	800906.3	0.1	11.1	11.1
11	1.2	776346.7	0.1	10.8	10.8
12	1.3	762329.5	0.1	10.6	10.6
13	1.4	752073.9	0.1	10.2	10.2
14	1.6	716185.6	0.1	9.9	9.9
15	1.7	702689.1	0.1	9.5	9.5
16	1.8	697393.6	0.1	9.1	9.1
17	2.0	677939.5	0.1	8.7	8.7
18	2.1	679434.7	0.1	8.3	8.3
19	2.2	685472.9	0.1	7.9	7.9
20	2.4	654187.7	0.1	7.5	7.5


sh3_pdz_combined_cluster1_iter25:

OpenMP: Using 6 of 6 threads
Alphabet length:21
15112 valid sequences out of 15112 
41 sites, none trimmed because no target specified
Theta not between 0 and 1, no sequence reweighting applied (N = 15112.00)
iter	time	obj	|x|	|g|	crit
1	0.2	1380934.1	0.0	4.4	4.4
2	0.2	1254099.3	0.0	7.2	7.2
3	0.3	1168871.3	0.0	8.9	8.9
4	0.4	1093618.6	0.0	10.1	10.1
5	0.5	1039808.9	0.0	10.7	10.7
6	0.6	1002535.9	0.0	11.1	11.1
7	0.7	966874.9	0.0	11.2	11.2
8	0.8	933604.3	0.0	11.2	11.2
9	1.0	902328.9	0.0	11.1	11.1
10	1.1	876387.2	0.0	11.0	11.0
11	1.2	849681.8	0.1	10.8	10.8
12	1.3	830803.9	0.1	10.5	10.5
13	1.4	822494.3	0.1	10.2	10.2
14	1.6	794202.0	0.1	9.8	9.8
15	1.7	783523.6	0.1	9.5	9.5
16	1.8	771133.4	0.1	9.1	9.1
17	1.9	752268.8	0.1	8.7	8.7
18	2.1	744508.5	0.1	8.4	8.4
19	2.2	735903.6	0.1	8.0	8.0
20	2.4	746954.5	0.1	7.7	7.7


Iteration 26:

sh3_pdz_combined_cluster0_iter26:

OpenMP: Using 6 of 6 threads
Alphabet length:21
14494 valid sequences out of 14494 
41 sites, none trimmed because no target specified
Theta not between 0 and 1, no sequence reweighting applied (N = 14494.00)
iter	time	obj	|x|	|g|	crit
1	0.2	1323621.8	0.0	4.5	4.5
2	0.3	1195783.5	0.0	7.4	7.4
3	0.4	1102905.8	0.0	9.2	9.2
4	0.6	1032136.1	0.0	10.3	10.3
5	0.7	984435.6	0.0	10.8	10.8
6	0.9	934576.7	0.0	11.1	11.1
7	1.0	893690.3	0.0	11.3	11.3
8	1.1	867729.4	0.0	11.3	11.3
9	1.3	827581.8	0.0	11.2	11.2
10	1.4	797815.0	0.1	11.1	11.1
11	1.5	772369.0	0.1	10.9	10.9
12	1.7	765806.2	0.1	10.6	10.6
13	1.8	760888.6	0.1	10.3	10.3
14	1.9	729470.2	0.1	9.9	9.9
15	2.1	719329.7	0.1	9.5	9.5
16	2.2	696903.2	0.1	9.1	9.1
17	2.3	687022.0	0.1	8.7	8.7
18	2.4	679409.4	0.1	8.3	8.3
19	2.6	666825.1	0.1	8.0	8.0
20	2.7	656248.8	0.1	7.6	7.6


sh3_pdz_combined_cluster1_iter26:

OpenMP: Using 6 of 6 threads
Alphabet length:21
15084 valid sequences out of 15084 
41 sites, none trimmed because no target specified
Theta not between 0 and 1, no sequence reweighting applied (N = 15084.00)
iter	time	obj	|x|	|g|	crit
1	0.2	1377494.2	0.0	4.4	4.4
2	0.3	1251882.2	0.0	7.2	7.2
3	0.4	1158635.8	0.0	9.0	9.0
4	0.6	1087729.3	0.0	10.1	10.1
5	0.7	1041311.5	0.0	10.7	10.7
6	0.9	996766.6	0.0	11.0	11.0
7	1.0	956446.3	0.0	11.2	11.2
8	1.1	928999.9	0.0	11.2	11.2
9	1.2	903013.7	0.0	11.1	11.1
10	1.4	869160.1	0.0	10.9	10.9
11	1.5	853597.3	0.1	10.7	10.7
12	1.7	838543.8	0.1	10.5	10.5
13	1.8	813928.4	0.1	10.2	10.2
14	1.9	790691.9	0.1	9.8	9.8
15	2.1	784170.7	0.1	9.5	9.5
16	2.2	775958.5	0.1	9.1	9.1
17	2.3	752221.8	0.1	8.7	8.7
18	2.4	751733.4	0.1	8.3	8.3
19	2.6	742867.9	0.1	8.0	8.0
20	2.7	734483.5	0.1	7.6	7.6


Iteration 27:

sh3_pdz_combined_cluster0_iter27:

OpenMP: Using 6 of 6 threads
Alphabet length:21
14511 valid sequences out of 14511 
41 sites, none trimmed because no target specified
Theta not between 0 and 1, no sequence reweighting applied (N = 14511.00)
iter	time	obj	|x|	|g|	crit
1	0.1	1329371.0	0.0	4.5	4.5
2	0.2	1197567.0	0.0	7.4	7.4
3	0.3	1104425.2	0.0	9.2	9.2
4	0.5	1027762.4	0.0	10.3	10.3
5	0.6	975166.8	0.0	10.9	10.9
6	0.7	939023.2	0.0	11.2	11.2
7	0.9	896198.8	0.0	11.3	11.3
8	1.0	860888.7	0.0	11.3	11.3
9	1.1	830308.2	0.0	11.2	11.2
10	1.3	802552.4	0.1	11.1	11.1
11	1.4	776901.8	0.1	10.9	10.9
12	1.6	760792.9	0.1	10.6	10.6
13	1.7	735328.6	0.1	10.3	10.3
14	1.8	732217.1	0.1	9.9	9.9
15	2.0	714960.2	0.1	9.5	9.5
16	2.1	689969.7	0.1	9.1	9.1
17	2.3	680833.5	0.1	8.7	8.7
18	2.4	668615.3	0.1	8.3	8.3
19	2.5	660509.2	0.1	7.9	7.9
20	2.7	669416.5	0.1	7.5	7.5


sh3_pdz_combined_cluster1_iter27:

OpenMP: Using 6 of 6 threads
Alphabet length:21
15067 valid sequences out of 15067 
41 sites, none trimmed because no target specified
Theta not between 0 and 1, no sequence reweighting applied (N = 15067.00)
iter	time	obj	|x|	|g|	crit
1	0.2	1372220.1	0.0	4.3	4.3
2	0.3	1248671.9	0.0	7.1	7.1
3	0.4	1162644.7	0.0	8.8	8.8
4	0.5	1092962.8	0.0	10.0	10.0
5	0.6	1036699.2	0.0	10.6	10.6
6	0.7	1002643.8	0.0	11.0	11.0
7	0.9	958082.6	0.0	11.1	11.1
8	1.0	920017.4	0.0	11.2	11.2
9	1.1	901499.3	0.0	11.1	11.1
10	1.3	871850.6	0.0	11.0	11.0
11	1.4	845750.9	0.1	10.8	10.8
12	1.6	828727.9	0.1	10.5	10.5
13	1.7	804451.4	0.1	10.2	10.2
14	1.8	796151.9	0.1	9.8	9.8
15	2.0	783304.4	0.1	9.5	9.5
16	2.1	774116.6	0.1	9.1	9.1
17	2.2	758608.3	0.1	8.7	8.7
18	2.4	752449.7	0.1	8.3	8.3
19	2.5	737765.6	0.1	8.0	8.0
20	2.7	741498.0	0.1	7.6	7.6


Iteration 28:

sh3_pdz_combined_cluster0_iter28:

OpenMP: Using 6 of 6 threads
Alphabet length:21
14488 valid sequences out of 14488 
41 sites, none trimmed because no target specified
Theta not between 0 and 1, no sequence reweighting applied (N = 14488.00)
iter	time	obj	|x|	|g|	crit
1	0.2	1324007.4	0.0	4.5	4.5
2	0.3	1198125.4	0.0	7.3	7.3
3	0.4	1098366.7	0.0	9.1	9.1
4	0.5	1033797.8	0.0	10.2	10.2
5	0.7	976651.0	0.0	10.8	10.8
6	0.8	936802.5	0.0	11.1	11.1
7	0.9	897099.0	0.0	11.3	11.3
8	1.1	868960.1	0.0	11.2	11.2
9	1.2	829756.0	0.0	11.2	11.2
10	1.3	797586.8	0.1	11.0	11.0
11	1.4	781642.9	0.1	10.8	10.8
12	1.5	769271.3	0.1	10.6	10.6
13	1.6	735212.4	0.1	10.2	10.2
14	1.7	714759.1	0.1	9.9	9.9
15	1.8	707085.2	0.1	9.5	9.5
16	1.9	697877.2	0.1	9.1	9.1
17	2.0	675594.5	0.1	8.7	8.7
18	2.1	679863.6	0.1	8.3	8.3
19	2.3	665885.9	0.1	7.9	7.9
20	2.4	650533.0	0.1	7.5	7.5


sh3_pdz_combined_cluster1_iter28:

OpenMP: Using 6 of 6 threads
Alphabet length:21
15090 valid sequences out of 15090 
41 sites, none trimmed because no target specified
Theta not between 0 and 1, no sequence reweighting applied (N = 15090.00)
iter	time	obj	|x|	|g|	crit
1	0.2	1376675.7	0.0	4.3	4.3
2	0.3	1249990.5	0.0	7.1	7.1
3	0.4	1161581.5	0.0	8.9	8.9
4	0.5	1094678.1	0.0	10.0	10.0
5	0.7	1040081.7	0.0	10.7	10.7
6	0.8	1004884.5	0.0	11.0	11.0
7	0.9	956484.9	0.0	11.2	11.2
8	1.0	926877.3	0.0	11.2	11.2
9	1.1	897138.7	0.0	11.2	11.2
10	1.2	872940.9	0.0	11.0	11.0
11	1.3	847120.3	0.1	10.8	10.8
12	1.5	830069.5	0.1	10.5	10.5
13	1.6	819186.7	0.1	10.2	10.2
14	1.7	797116.5	0.1	9.8	9.8
15	1.8	779399.7	0.1	9.5	9.5
16	1.9	784794.1	0.1	9.1	9.1
17	2.0	747673.6	0.1	8.7	8.7
18	2.1	742789.2	0.1	8.3	8.3
19	2.3	731809.7	0.1	8.0	8.0
20	2.4	729612.0	0.1	7.6	7.6


Iteration 29:

sh3_pdz_combined_cluster0_iter29:

OpenMP: Using 6 of 6 threads
Alphabet length:21
14494 valid sequences out of 14494 
41 sites, none trimmed because no target specified
Theta not between 0 and 1, no sequence reweighting applied (N = 14494.00)
iter	time	obj	|x|	|g|	crit
1	0.1	1325707.0	0.0	4.5	4.5
2	0.2	1192801.4	0.0	7.4	7.4
3	0.4	1106526.8	0.0	9.1	9.1
4	0.5	1026404.1	0.0	10.2	10.2
5	0.6	980845.1	0.0	10.8	10.8
6	0.7	935088.1	0.0	11.1	11.1
7	0.8	900993.3	0.0	11.2	11.2
8	0.9	871722.1	0.0	11.2	11.2
9	1.1	828143.4	0.0	11.2	11.2
10	1.2	801452.1	0.1	11.0	11.0
11	1.3	774850.8	0.1	10.8	10.8
12	1.4	763510.2	0.1	10.6	10.6
13	1.5	736961.8	0.1	10.2	10.2
14	1.7	719421.4	0.1	9.9	9.9
15	1.8	709416.8	0.1	9.5	9.5
16	1.9	698889.6	0.1	9.1	9.1
17	2.0	679771.4	0.1	8.7	8.7
18	2.1	676254.0	0.1	8.3	8.3
19	2.2	655089.5	0.1	7.9	7.9
20	2.3	655715.9	0.1	7.5	7.5


sh3_pdz_combined_cluster1_iter29:

OpenMP: Using 6 of 6 threads
Alphabet length:21
15084 valid sequences out of 15084 
41 sites, none trimmed because no target specified
Theta not between 0 and 1, no sequence reweighting applied (N = 15084.00)
iter	time	obj	|x|	|g|	crit
1	0.1	1377605.8	0.0	4.3	4.3
2	0.2	1246241.7	0.0	7.1	7.1
3	0.3	1164346.7	0.0	8.9	8.9
4	0.5	1089217.6	0.0	10.0	10.0
5	0.6	1032813.9	0.0	10.7	10.7
6	0.8	1004792.2	0.0	11.0	11.0
7	0.9	954855.6	0.0	11.2	11.2
8	1.0	920743.1	0.0	11.2	11.2
9	1.1	897973.5	0.0	11.1	11.1
10	1.2	872297.4	0.0	11.0	11.0
11	1.3	848292.9	0.1	10.8	10.8
12	1.4	830844.1	0.1	10.5	10.5
13	1.6	807254.6	0.1	10.2	10.2
14	1.7	784835.2	0.1	9.8	9.8
15	1.8	792017.6	0.1	9.5	9.5
16	1.9	769396.4	0.1	9.1	9.1
17	2.0	761616.8	0.1	8.7	8.7
18	2.1	740075.8	0.1	8.3	8.3
19	2.2	730855.1	0.1	8.0	8.0
20	2.3	734693.8	0.1	7.6	7.6


Iteration 30:

sh3_pdz_combined_cluster0_iter30:

OpenMP: Using 6 of 6 threads
Alphabet length:21
14482 valid sequences out of 14482 
41 sites, none trimmed because no target specified
Theta not between 0 and 1, no sequence reweighting applied (N = 14482.00)
iter	time	obj	|x|	|g|	crit
1	0.1	1327439.0	0.0	4.5	4.5
2	0.3	1194013.5	0.0	7.4	7.4
3	0.4	1104223.4	0.0	9.1	9.1
4	0.5	1025950.6	0.0	10.2	10.2
5	0.6	980823.2	0.0	10.8	10.8
6	0.7	928591.1	0.0	11.1	11.1
7	0.8	892420.7	0.0	11.3	11.3
8	1.0	859071.3	0.0	11.3	11.3
9	1.1	828440.1	0.0	11.2	11.2
10	1.2	798748.4	0.1	11.0	11.0
11	1.3	761331.8	0.1	10.8	10.8
12	1.4	759488.2	0.1	10.6	10.6
13	1.5	730891.2	0.1	10.2	10.2
14	1.6	726956.4	0.1	9.8	9.8
15	1.7	704441.3	0.1	9.5	9.5
16	1.9	683706.4	0.1	9.1	9.1
17	2.0	685471.2	0.1	8.7	8.7
18	2.1	684436.2	0.1	8.3	8.3
19	2.2	664247.5	0.1	7.9	7.9
20	2.3	666197.0	0.1	7.5	7.5


sh3_pdz_combined_cluster1_iter30:

OpenMP: Using 6 of 6 threads
Alphabet length:21
15096 valid sequences out of 15096 
41 sites, none trimmed because no target specified
Theta not between 0 and 1, no sequence reweighting applied (N = 15096.00)
iter	time	obj	|x|	|g|	crit
1	0.1	1375366.2	0.0	4.4	4.4
2	0.2	1250832.5	0.0	7.1	7.1
3	0.4	1161920.4	0.0	8.9	8.9
4	0.5	1091313.8	0.0	10.0	10.0
5	0.6	1038453.4	0.0	10.7	10.7
6	0.7	1008736.7	0.0	11.0	11.0
7	0.8	961163.4	0.0	11.2	11.2
8	0.9	929648.4	0.0	11.2	11.2
9	1.0	901336.2	0.0	11.1	11.1
10	1.1	865615.4	0.0	11.0	11.0
11	1.3	858769.3	0.1	10.7	10.7
12	1.4	835671.1	0.1	10.5	10.5
13	1.5	811532.9	0.1	10.2	10.2
14	1.6	784516.5	0.1	9.8	9.8
15	1.7	779811.8	0.1	9.5	9.5
16	1.8	776939.6	0.1	9.1	9.1
17	1.9	755700.1	0.1	8.7	8.7
18	2.1	746565.6	0.1	8.4	8.4
19	2.2	740473.6	0.1	8.0	8.0
20	2.3	738997.9	0.1	7.7	7.7

