tuning/outputs/tuning_run_57/ created
tuning/outputs/tuning_run_57/iterations/ created
tuning/outputs/tuning_run_57/output/ created
{'msa-file-name': 'sh3_pdz_combined.fa', 'em_maxiter': 30, 'em_numclusters': 2, 'em_device': None, 'em_init': 'random', 'em_no_iter_print': 0, 'plmc': '../../plmc/bin/plmc', 'output': 'tuning/outputs/tuning_run_57', 'fast': 1, 'scale': None, 'theta': '2', 'lambdah': '0.01', 'lambdae': '16.0', 'lambdag': None, 'gapignore': 0, 'maxiter': '10', 'ncores': 6, 'gapignore_tune': '0', 'fast_tune': '1', 'em_iter_print': 1, 'iterations_dir': 'tuning/outputs/tuning_run_57/iterations/', 'final_dir': 'tuning/outputs/tuning_run_57/output/', 'output_dir': 'tuning/outputs/tuning_run_57/', 'plmc_options': ['-t 2', '-lh 0.01', '-le 16.0', '-m 10', '-n 6', '--fast'], 'device': device(type='cpu')}

Using cpu


Iteration 0:

sh3_pdz_combined_cluster0_iter0:

OpenMP: Using 6 of 6 threads
Alphabet length:21
14789 valid sequences out of 14789 
41 sites, none trimmed because no target specified
Theta not between 0 and 1, no sequence reweighting applied (N = 14789.00)
iter	time	obj	|x|	|g|	crit
1	0.2	1357431.1	0.0	4.2	4.2
2	0.3	1239701.1	0.0	6.8	6.8
3	0.4	1156375.7	0.0	8.4	8.4
4	0.6	1098420.7	0.0	9.3	9.3
5	0.7	1050834.0	0.0	9.8	9.8
6	0.8	1025435.0	0.0	10.0	10.0
7	0.9	991464.3	0.0	10.1	10.1
8	1.1	965970.7	0.0	10.1	10.1
9	1.2	941698.7	0.0	10.0	10.0
10	1.3	910044.8	0.0	10.0	10.0


sh3_pdz_combined_cluster1_iter0:

OpenMP: Using 6 of 6 threads
Alphabet length:21
14789 valid sequences out of 14789 
41 sites, none trimmed because no target specified
Theta not between 0 and 1, no sequence reweighting applied (N = 14789.00)
iter	time	obj	|x|	|g|	crit
1	0.2	1354335.3	0.0	4.3	4.3
2	0.3	1235389.1	0.0	6.9	6.9
3	0.4	1156236.1	0.0	8.4	8.4
4	0.5	1096302.5	0.0	9.3	9.3
5	0.7	1053644.7	0.0	9.8	9.8
6	0.8	1017645.8	0.0	10.0	10.0
7	0.9	990592.9	0.0	10.1	10.1
8	1.1	962332.0	0.0	10.1	10.1
9	1.2	943486.9	0.0	10.0	10.0
10	1.3	922469.4	0.0	9.9	9.9


Iteration 1:

sh3_pdz_combined_cluster0_iter1:

OpenMP: Using 6 of 6 threads
Alphabet length:21
14667 valid sequences out of 14667 
41 sites, none trimmed because no target specified
Theta not between 0 and 1, no sequence reweighting applied (N = 14667.00)
iter	time	obj	|x|	|g|	crit
1	0.2	1341636.3	0.0	4.3	4.3
2	0.3	1227890.9	0.0	7.0	7.0
3	0.4	1138369.6	0.0	8.7	8.7
4	0.5	1066629.3	0.0	9.7	9.7
5	0.6	1017627.4	0.0	10.3	10.3
6	0.8	979266.4	0.0	10.6	10.6
7	0.9	944677.1	0.0	10.8	10.8
8	1.0	912288.6	0.0	10.8	10.8
9	1.1	881062.7	0.0	10.7	10.7
10	1.3	855736.5	0.0	10.6	10.6


sh3_pdz_combined_cluster1_iter1:

OpenMP: Using 6 of 6 threads
Alphabet length:21
14911 valid sequences out of 14911 
41 sites, none trimmed because no target specified
Theta not between 0 and 1, no sequence reweighting applied (N = 14911.00)
iter	time	obj	|x|	|g|	crit
1	0.2	1366572.3	0.0	4.4	4.4
2	0.3	1235406.1	0.0	7.1	7.1
3	0.4	1151932.2	0.0	8.8	8.8
4	0.5	1083322.9	0.0	9.8	9.8
5	0.6	1039643.5	0.0	10.3	10.3
6	0.8	1001984.4	0.0	10.6	10.6
7	0.9	955772.2	0.0	10.7	10.7
8	1.0	927034.1	0.0	10.8	10.8
9	1.1	902981.6	0.0	10.7	10.7
10	1.3	881372.0	0.0	10.5	10.5


Iteration 2:

sh3_pdz_combined_cluster0_iter2:

OpenMP: Using 6 of 6 threads
Alphabet length:21
14666 valid sequences out of 14666 
41 sites, none trimmed because no target specified
Theta not between 0 and 1, no sequence reweighting applied (N = 14666.00)
iter	time	obj	|x|	|g|	crit
1	0.2	1340208.6	0.0	4.3	4.3
2	0.3	1218527.3	0.0	7.0	7.0
3	0.4	1133105.0	0.0	8.8	8.8
4	0.5	1060300.3	0.0	9.9	9.9
5	0.6	1009257.0	0.0	10.5	10.5
6	0.8	964313.4	0.0	10.9	10.9
7	0.9	930293.1	0.0	11.1	11.1
8	1.1	898458.0	0.0	11.1	11.1
9	1.2	869323.4	0.0	11.1	11.1
10	1.3	838183.2	0.1	10.9	10.9


sh3_pdz_combined_cluster1_iter2:

OpenMP: Using 6 of 6 threads
Alphabet length:21
14912 valid sequences out of 14912 
41 sites, none trimmed because no target specified
Theta not between 0 and 1, no sequence reweighting applied (N = 14912.00)
iter	time	obj	|x|	|g|	crit
1	0.1	1358239.0	0.0	4.5	4.5
2	0.2	1231042.6	0.0	7.3	7.3
3	0.4	1142826.4	0.0	9.0	9.0
4	0.5	1079336.9	0.0	10.0	10.0
5	0.6	1026467.3	0.0	10.6	10.6
6	0.8	987131.0	0.0	10.8	10.8
7	0.9	949113.8	0.0	10.9	10.9
8	1.1	934070.2	0.0	10.9	10.9
9	1.2	888190.6	0.0	10.8	10.8
10	1.3	869166.9	0.0	10.7	10.7


Iteration 3:

sh3_pdz_combined_cluster0_iter3:

OpenMP: Using 6 of 6 threads
Alphabet length:21
14721 valid sequences out of 14721 
41 sites, none trimmed because no target specified
Theta not between 0 and 1, no sequence reweighting applied (N = 14721.00)
iter	time	obj	|x|	|g|	crit
1	0.2	1345651.0	0.0	4.3	4.3
2	0.3	1224211.8	0.0	7.0	7.0
3	0.4	1131442.8	0.0	8.8	8.8
4	0.6	1058377.3	0.0	10.0	10.0
5	0.7	1007886.3	0.0	10.6	10.6
6	0.8	968433.0	0.0	11.1	11.1
7	1.0	919854.5	0.0	11.2	11.2
8	1.1	898875.0	0.0	11.3	11.3
9	1.2	872557.0	0.0	11.2	11.2
10	1.4	831195.2	0.1	11.0	11.0


sh3_pdz_combined_cluster1_iter3:

OpenMP: Using 6 of 6 threads
Alphabet length:21
14857 valid sequences out of 14857 
41 sites, none trimmed because no target specified
Theta not between 0 and 1, no sequence reweighting applied (N = 14857.00)
iter	time	obj	|x|	|g|	crit
1	0.2	1351428.5	0.0	4.5	4.5
2	0.3	1218370.1	0.0	7.3	7.3
3	0.4	1131904.7	0.0	9.1	9.1
4	0.6	1063845.5	0.0	10.1	10.1
5	0.7	1013181.9	0.0	10.6	10.6
6	0.8	978706.4	0.0	10.8	10.8
7	1.0	945401.8	0.0	10.9	10.9
8	1.1	912383.2	0.0	10.9	10.9
9	1.3	886135.5	0.0	10.8	10.8
10	1.4	852559.1	0.0	10.7	10.7


Iteration 4:

sh3_pdz_combined_cluster0_iter4:

OpenMP: Using 6 of 6 threads
Alphabet length:21
14677 valid sequences out of 14677 
41 sites, none trimmed because no target specified
Theta not between 0 and 1, no sequence reweighting applied (N = 14677.00)
iter	time	obj	|x|	|g|	crit
1	0.2	1335058.7	0.0	4.2	4.2
2	0.3	1214810.2	0.0	6.9	6.9
3	0.4	1125725.8	0.0	8.8	8.8
4	0.5	1056577.8	0.0	9.9	9.9
5	0.7	1005461.9	0.0	10.6	10.6
6	0.8	961102.8	0.0	11.0	11.0
7	0.9	911074.8	0.0	11.2	11.2
8	1.1	893622.3	0.0	11.3	11.3
9	1.2	865739.2	0.0	11.2	11.2
10	1.3	823136.5	0.1	11.1	11.1


sh3_pdz_combined_cluster1_iter4:

OpenMP: Using 6 of 6 threads
Alphabet length:21
14901 valid sequences out of 14901 
41 sites, none trimmed because no target specified
Theta not between 0 and 1, no sequence reweighting applied (N = 14901.00)
iter	time	obj	|x|	|g|	crit
1	0.2	1347072.7	0.0	4.6	4.6
2	0.3	1219942.0	0.0	7.5	7.5
3	0.4	1130760.2	0.0	9.2	9.2
4	0.5	1064620.6	0.0	10.2	10.2
5	0.6	1014043.5	0.0	10.6	10.6
6	0.8	974024.5	0.0	10.9	10.9
7	0.9	940482.9	0.0	11.0	11.0
8	1.1	904087.9	0.0	11.0	11.0
9	1.2	877397.4	0.0	10.9	10.9
10	1.3	860895.0	0.0	10.7	10.7


Iteration 5:

sh3_pdz_combined_cluster0_iter5:

OpenMP: Using 6 of 6 threads
Alphabet length:21
14473 valid sequences out of 14473 
41 sites, none trimmed because no target specified
Theta not between 0 and 1, no sequence reweighting applied (N = 14473.00)
iter	time	obj	|x|	|g|	crit
1	0.1	1317384.2	0.0	4.2	4.2
2	0.3	1202717.4	0.0	6.8	6.8
3	0.4	1109655.7	0.0	8.6	8.6
4	0.5	1040515.9	0.0	9.8	9.8
5	0.7	987673.6	0.0	10.5	10.5
6	0.8	953062.5	0.0	10.9	10.9
7	0.9	911678.9	0.0	11.0	11.0
8	1.0	868185.0	0.0	11.1	11.1
9	1.2	839451.5	0.0	11.1	11.1
10	1.3	814459.4	0.1	10.9	10.9


sh3_pdz_combined_cluster1_iter5:

OpenMP: Using 6 of 6 threads
Alphabet length:21
15105 valid sequences out of 15105 
41 sites, none trimmed because no target specified
Theta not between 0 and 1, no sequence reweighting applied (N = 15105.00)
iter	time	obj	|x|	|g|	crit
1	0.2	1369722.0	0.0	4.7	4.7
2	0.3	1236298.5	0.0	7.6	7.6
3	0.4	1148049.3	0.0	9.3	9.3
4	0.6	1070968.0	0.0	10.3	10.3
5	0.7	1023237.5	0.0	10.8	10.8
6	0.8	988742.8	0.0	11.0	11.0
7	0.9	953158.4	0.0	11.0	11.0
8	1.0	931007.8	0.0	11.0	11.0
9	1.2	892976.5	0.0	10.9	10.9
10	1.3	865902.8	0.0	10.8	10.8


Iteration 6:

sh3_pdz_combined_cluster0_iter6:

OpenMP: Using 6 of 6 threads
Alphabet length:21
14257 valid sequences out of 14257 
41 sites, none trimmed because no target specified
Theta not between 0 and 1, no sequence reweighting applied (N = 14257.00)
iter	time	obj	|x|	|g|	crit
1	0.2	1295893.6	0.0	4.0	4.0
2	0.3	1182823.5	0.0	6.7	6.7
3	0.4	1097437.8	0.0	8.4	8.4
4	0.6	1032468.7	0.0	9.6	9.6
5	0.7	972932.9	0.0	10.3	10.3
6	0.8	929107.0	0.0	10.7	10.7
7	0.9	894494.0	0.0	10.9	10.9
8	1.1	855656.6	0.0	10.9	10.9
9	1.2	817806.0	0.0	10.9	10.9
10	1.3	795953.9	0.1	10.7	10.7


sh3_pdz_combined_cluster1_iter6:

OpenMP: Using 6 of 6 threads
Alphabet length:21
15321 valid sequences out of 15321 
41 sites, none trimmed because no target specified
Theta not between 0 and 1, no sequence reweighting applied (N = 15321.00)
iter	time	obj	|x|	|g|	crit
1	0.1	1389774.5	0.0	4.7	4.7
2	0.3	1257468.1	0.0	7.6	7.6
3	0.4	1160481.7	0.0	9.4	9.4
4	0.5	1089413.5	0.0	10.3	10.3
5	0.7	1044015.2	0.0	10.8	10.8
6	0.8	1004043.2	0.0	11.1	11.1
7	0.9	962236.4	0.0	11.2	11.2
8	1.1	938551.3	0.0	11.1	11.1
9	1.2	901223.1	0.0	11.1	11.1
10	1.3	885243.8	0.0	10.9	10.9


Iteration 7:

sh3_pdz_combined_cluster0_iter7:

OpenMP: Using 6 of 6 threads
Alphabet length:21
14135 valid sequences out of 14135 
41 sites, none trimmed because no target specified
Theta not between 0 and 1, no sequence reweighting applied (N = 14135.00)
iter	time	obj	|x|	|g|	crit
1	0.1	1282771.4	0.0	4.0	4.0
2	0.2	1172498.5	0.0	6.6	6.6
3	0.3	1083758.8	0.0	8.4	8.4
4	0.4	1018021.7	0.0	9.5	9.5
5	0.5	956120.6	0.0	10.2	10.2
6	0.6	929691.8	0.0	10.6	10.6
7	0.7	882092.8	0.0	10.8	10.8
8	0.9	837021.8	0.0	10.9	10.9
9	1.0	814311.8	0.0	10.8	10.8
10	1.1	793035.6	0.1	10.7	10.7


sh3_pdz_combined_cluster1_iter7:

OpenMP: Using 6 of 6 threads
Alphabet length:21
15443 valid sequences out of 15443 
41 sites, none trimmed because no target specified
Theta not between 0 and 1, no sequence reweighting applied (N = 15443.00)
iter	time	obj	|x|	|g|	crit
1	0.1	1394710.3	0.0	4.7	4.7
2	0.2	1262016.1	0.0	7.7	7.7
3	0.3	1173291.5	0.0	9.4	9.4
4	0.4	1094152.5	0.0	10.5	10.5
5	0.5	1041431.4	0.0	11.0	11.0
6	0.7	1009569.1	0.0	11.2	11.2
7	0.8	967943.6	0.0	11.3	11.3
8	0.9	947954.1	0.0	11.2	11.2
9	1.1	910970.0	0.0	11.1	11.1
10	1.2	884168.6	0.0	11.0	11.0


Iteration 8:

sh3_pdz_combined_cluster0_iter8:

OpenMP: Using 6 of 6 threads
Alphabet length:21
14044 valid sequences out of 14044 
41 sites, none trimmed because no target specified
Theta not between 0 and 1, no sequence reweighting applied (N = 14044.00)
iter	time	obj	|x|	|g|	crit
1	0.2	1277682.1	0.0	3.9	3.9
2	0.3	1164319.6	0.0	6.5	6.5
3	0.4	1075250.6	0.0	8.3	8.3
4	0.6	1009074.5	0.0	9.4	9.4
5	0.7	956972.8	0.0	10.1	10.1
6	0.8	918110.9	0.0	10.5	10.5
7	0.9	878527.0	0.0	10.7	10.7
8	1.0	835001.0	0.0	10.8	10.8
9	1.2	808027.2	0.0	10.8	10.8
10	1.3	780163.7	0.1	10.6	10.6


sh3_pdz_combined_cluster1_iter8:

OpenMP: Using 6 of 6 threads
Alphabet length:21
15534 valid sequences out of 15534 
41 sites, none trimmed because no target specified
Theta not between 0 and 1, no sequence reweighting applied (N = 15534.00)
iter	time	obj	|x|	|g|	crit
1	0.2	1402121.9	0.0	4.8	4.8
2	0.3	1267456.2	0.0	7.7	7.7
3	0.4	1175914.0	0.0	9.5	9.5
4	0.5	1102950.8	0.0	10.5	10.5
5	0.6	1048925.9	0.0	11.0	11.0
6	0.8	1017885.3	0.0	11.2	11.2
7	0.9	988068.5	0.0	11.3	11.3
8	1.0	946953.5	0.0	11.3	11.3
9	1.2	918833.7	0.0	11.2	11.2
10	1.3	901226.2	0.0	11.0	11.0


Iteration 9:

sh3_pdz_combined_cluster0_iter9:

OpenMP: Using 6 of 6 threads
Alphabet length:21
14031 valid sequences out of 14031 
41 sites, none trimmed because no target specified
Theta not between 0 and 1, no sequence reweighting applied (N = 14031.00)
iter	time	obj	|x|	|g|	crit
1	0.1	1279245.3	0.0	4.0	4.0
2	0.2	1165504.7	0.0	6.6	6.6
3	0.3	1079692.5	0.0	8.3	8.3
4	0.4	1011822.0	0.0	9.5	9.5
5	0.6	953687.9	0.0	10.2	10.2
6	0.7	914349.6	0.0	10.6	10.6
7	0.8	876146.8	0.0	10.8	10.8
8	0.9	839754.0	0.0	10.8	10.8
9	1.1	805876.5	0.0	10.8	10.8
10	1.2	783529.1	0.1	10.6	10.6


sh3_pdz_combined_cluster1_iter9:

OpenMP: Using 6 of 6 threads
Alphabet length:21
15547 valid sequences out of 15547 
41 sites, none trimmed because no target specified
Theta not between 0 and 1, no sequence reweighting applied (N = 15547.00)
iter	time	obj	|x|	|g|	crit
1	0.2	1405125.8	0.0	4.8	4.8
2	0.3	1265897.7	0.0	7.7	7.7
3	0.4	1176432.2	0.0	9.5	9.5
4	0.5	1103233.0	0.0	10.5	10.5
5	0.7	1049433.7	0.0	11.0	11.0
6	0.8	1018381.9	0.0	11.2	11.2
7	0.9	987518.8	0.0	11.3	11.3
8	1.1	953787.5	0.0	11.2	11.2
9	1.2	916550.9	0.0	11.2	11.2
10	1.3	901530.9	0.0	11.0	11.0


Iteration 10:

sh3_pdz_combined_cluster0_iter10:

OpenMP: Using 6 of 6 threads
Alphabet length:21
14044 valid sequences out of 14044 
41 sites, none trimmed because no target specified
Theta not between 0 and 1, no sequence reweighting applied (N = 14044.00)
iter	time	obj	|x|	|g|	crit
1	0.1	1278567.5	0.0	4.0	4.0
2	0.2	1167046.5	0.0	6.5	6.5
3	0.3	1081125.1	0.0	8.3	8.3
4	0.5	1007482.9	0.0	9.5	9.5
5	0.6	953710.4	0.0	10.2	10.2
6	0.8	913532.1	0.0	10.6	10.6
7	0.9	872478.0	0.0	10.8	10.8
8	1.0	836968.4	0.0	10.8	10.8
9	1.1	807377.8	0.0	10.8	10.8
10	1.2	784701.4	0.1	10.6	10.6


sh3_pdz_combined_cluster1_iter10:

OpenMP: Using 6 of 6 threads
Alphabet length:21
15534 valid sequences out of 15534 
41 sites, none trimmed because no target specified
Theta not between 0 and 1, no sequence reweighting applied (N = 15534.00)
iter	time	obj	|x|	|g|	crit
1	0.2	1398152.3	0.0	4.7	4.7
2	0.3	1266593.8	0.0	7.7	7.7
3	0.4	1175402.5	0.0	9.5	9.5
4	0.6	1105871.0	0.0	10.5	10.5
5	0.7	1053505.6	0.0	11.0	11.0
6	0.9	1015885.2	0.0	11.2	11.2
7	1.0	976163.2	0.0	11.3	11.3
8	1.1	956970.9	0.0	11.2	11.2
9	1.2	916317.0	0.0	11.1	11.1
10	1.3	892073.1	0.0	11.0	11.0


Iteration 11:

sh3_pdz_combined_cluster0_iter11:

OpenMP: Using 6 of 6 threads
Alphabet length:21
13981 valid sequences out of 13981 
41 sites, none trimmed because no target specified
Theta not between 0 and 1, no sequence reweighting applied (N = 13981.00)
iter	time	obj	|x|	|g|	crit
1	0.1	1270845.9	0.0	4.0	4.0
2	0.3	1163276.6	0.0	6.6	6.6
3	0.4	1072526.4	0.0	8.3	8.3
4	0.5	1006198.4	0.0	9.4	9.4
5	0.5	948105.7	0.0	10.2	10.2
6	0.7	912352.3	0.0	10.6	10.6
7	0.8	877193.8	0.0	10.8	10.8
8	0.9	835433.4	0.0	10.9	10.9
9	1.1	802968.7	0.0	10.8	10.8
10	1.2	777352.0	0.1	10.7	10.7


sh3_pdz_combined_cluster1_iter11:

OpenMP: Using 6 of 6 threads
Alphabet length:21
15597 valid sequences out of 15597 
41 sites, none trimmed because no target specified
Theta not between 0 and 1, no sequence reweighting applied (N = 15597.00)
iter	time	obj	|x|	|g|	crit
1	0.1	1404263.9	0.0	4.8	4.8
2	0.2	1270240.5	0.0	7.7	7.7
3	0.3	1175774.6	0.0	9.5	9.5
4	0.4	1113101.7	0.0	10.5	10.5
5	0.5	1058756.2	0.0	11.0	11.0
6	0.6	1019374.3	0.0	11.2	11.2
7	0.7	981302.9	0.0	11.2	11.2
8	0.8	957678.2	0.0	11.2	11.2
9	1.0	922994.7	0.0	11.1	11.1
10	1.1	894877.8	0.0	10.9	10.9


Iteration 12:

sh3_pdz_combined_cluster0_iter12:

OpenMP: Using 6 of 6 threads
Alphabet length:21
13943 valid sequences out of 13943 
41 sites, none trimmed because no target specified
Theta not between 0 and 1, no sequence reweighting applied (N = 13943.00)
iter	time	obj	|x|	|g|	crit
1	0.2	1267702.1	0.0	4.0	4.0
2	0.3	1158117.7	0.0	6.6	6.6
3	0.4	1071617.8	0.0	8.3	8.3
4	0.5	996339.8	0.0	9.5	9.5
5	0.7	942822.2	0.0	10.2	10.2
6	0.8	905361.0	0.0	10.6	10.6
7	1.0	866560.0	0.0	10.8	10.8
8	1.1	833016.8	0.0	10.9	10.9
9	1.2	801094.1	0.0	10.8	10.8
10	1.3	778688.1	0.1	10.6	10.6


sh3_pdz_combined_cluster1_iter12:

OpenMP: Using 6 of 6 threads
Alphabet length:21
15635 valid sequences out of 15635 
41 sites, none trimmed because no target specified
Theta not between 0 and 1, no sequence reweighting applied (N = 15635.00)
iter	time	obj	|x|	|g|	crit
1	0.1	1409836.1	0.0	4.8	4.8
2	0.3	1273957.7	0.0	7.8	7.8
3	0.4	1181462.2	0.0	9.6	9.6
4	0.5	1108252.4	0.0	10.5	10.5
5	0.7	1055502.0	0.0	11.0	11.0
6	0.8	1019518.6	0.0	11.3	11.3
7	1.0	982813.6	0.0	11.3	11.3
8	1.1	957284.6	0.0	11.3	11.3
9	1.2	921053.8	0.0	11.2	11.2
10	1.3	900183.8	0.0	11.0	11.0


Iteration 13:

sh3_pdz_combined_cluster0_iter13:

OpenMP: Using 6 of 6 threads
Alphabet length:21
13895 valid sequences out of 13895 
41 sites, none trimmed because no target specified
Theta not between 0 and 1, no sequence reweighting applied (N = 13895.00)
iter	time	obj	|x|	|g|	crit
1	0.1	1264150.8	0.0	4.0	4.0
2	0.3	1144891.9	0.0	6.6	6.6
3	0.4	1071519.4	0.0	8.3	8.3
4	0.5	1001468.8	0.0	9.5	9.5
5	0.6	943770.0	0.0	10.2	10.2
6	0.7	896002.6	0.0	10.6	10.6
7	0.8	870122.3	0.0	10.8	10.8
8	0.9	827867.1	0.0	10.9	10.9
9	1.0	801866.3	0.0	10.8	10.8
10	1.1	773435.2	0.1	10.6	10.6


sh3_pdz_combined_cluster1_iter13:

OpenMP: Using 6 of 6 threads
Alphabet length:21
15683 valid sequences out of 15683 
41 sites, none trimmed because no target specified
Theta not between 0 and 1, no sequence reweighting applied (N = 15683.00)
iter	time	obj	|x|	|g|	crit
1	0.1	1412092.0	0.0	4.8	4.8
2	0.3	1277328.3	0.0	7.8	7.8
3	0.4	1183819.8	0.0	9.6	9.6
4	0.5	1111351.1	0.0	10.6	10.6
5	0.6	1060972.1	0.0	11.1	11.1
6	0.7	1027158.6	0.0	11.3	11.3
7	0.8	998906.1	0.0	11.3	11.3
8	0.9	961436.4	0.0	11.2	11.2
9	1.0	925145.8	0.0	11.1	11.1
10	1.1	904295.1	0.0	11.0	11.0


Iteration 14:

sh3_pdz_combined_cluster0_iter14:

OpenMP: Using 6 of 6 threads
Alphabet length:21
13899 valid sequences out of 13899 
41 sites, none trimmed because no target specified
Theta not between 0 and 1, no sequence reweighting applied (N = 13899.00)
iter	time	obj	|x|	|g|	crit
1	0.2	1261483.0	0.0	4.0	4.0
2	0.3	1150760.2	0.0	6.6	6.6
3	0.4	1068842.4	0.0	8.3	8.3
4	0.5	1000653.3	0.0	9.4	9.4
5	0.7	939296.3	0.0	10.1	10.1
6	0.8	901606.3	0.0	10.6	10.6
7	1.0	857289.5	0.0	10.8	10.8
8	1.1	830546.2	0.0	10.9	10.9
9	1.2	795356.5	0.0	10.8	10.8
10	1.4	771404.0	0.1	10.7	10.7


sh3_pdz_combined_cluster1_iter14:

OpenMP: Using 6 of 6 threads
Alphabet length:21
15679 valid sequences out of 15679 
41 sites, none trimmed because no target specified
Theta not between 0 and 1, no sequence reweighting applied (N = 15679.00)
iter	time	obj	|x|	|g|	crit
1	0.1	1411162.3	0.0	4.8	4.8
2	0.3	1280577.9	0.0	7.8	7.8
3	0.4	1183611.3	0.0	9.6	9.6
4	0.5	1108663.1	0.0	10.6	10.6
5	0.7	1063199.7	0.0	11.1	11.1
6	0.8	1021594.7	0.0	11.3	11.3
7	1.0	990878.9	0.0	11.3	11.3
8	1.1	956647.3	0.0	11.3	11.3
9	1.2	929705.9	0.0	11.2	11.2
10	1.4	898528.9	0.0	11.0	11.0


Iteration 15:

sh3_pdz_combined_cluster0_iter15:

OpenMP: Using 6 of 6 threads
Alphabet length:21
13879 valid sequences out of 13879 
41 sites, none trimmed because no target specified
Theta not between 0 and 1, no sequence reweighting applied (N = 13879.00)
iter	time	obj	|x|	|g|	crit
1	0.1	1265781.0	0.0	4.0	4.0
2	0.2	1147373.5	0.0	6.6	6.6
3	0.4	1063821.1	0.0	8.3	8.3
4	0.5	998160.1	0.0	9.4	9.4
5	0.5	935402.7	0.0	10.2	10.2
6	0.6	904618.6	0.0	10.6	10.6
7	0.7	862144.3	0.0	10.8	10.8
8	0.8	827500.0	0.0	10.8	10.8
9	0.9	797500.8	0.0	10.8	10.8
10	1.1	769883.7	0.1	10.6	10.6


sh3_pdz_combined_cluster1_iter15:

OpenMP: Using 6 of 6 threads
Alphabet length:21
15699 valid sequences out of 15699 
41 sites, none trimmed because no target specified
Theta not between 0 and 1, no sequence reweighting applied (N = 15699.00)
iter	time	obj	|x|	|g|	crit
1	0.1	1413120.6	0.0	4.9	4.9
2	0.2	1283716.1	0.0	7.8	7.8
3	0.3	1180464.8	0.0	9.6	9.6
4	0.4	1100542.2	0.0	10.6	10.6
5	0.5	1063675.6	0.0	11.1	11.1
6	0.6	1027930.6	0.0	11.3	11.3
7	0.7	986573.3	0.0	11.3	11.3
8	0.8	958577.6	0.0	11.3	11.3
9	0.9	928486.5	0.0	11.2	11.2
10	1.0	899456.4	0.0	11.0	11.0


Iteration 16:

sh3_pdz_combined_cluster0_iter16:

OpenMP: Using 6 of 6 threads
Alphabet length:21
13831 valid sequences out of 13831 
41 sites, none trimmed because no target specified
Theta not between 0 and 1, no sequence reweighting applied (N = 13831.00)
iter	time	obj	|x|	|g|	crit
1	0.1	1258946.2	0.0	3.9	3.9
2	0.3	1145983.1	0.0	6.5	6.5
3	0.4	1063219.0	0.0	8.3	8.3
4	0.5	994261.8	0.0	9.4	9.4
5	0.7	937981.8	0.0	10.1	10.1
6	0.8	892311.6	0.0	10.6	10.6
7	0.9	859766.0	0.0	10.8	10.8
8	1.0	822159.3	0.0	10.8	10.8
9	1.1	797791.8	0.0	10.8	10.8
10	1.3	772596.4	0.1	10.6	10.6


sh3_pdz_combined_cluster1_iter16:

OpenMP: Using 6 of 6 threads
Alphabet length:21
15747 valid sequences out of 15747 
41 sites, none trimmed because no target specified
Theta not between 0 and 1, no sequence reweighting applied (N = 15747.00)
iter	time	obj	|x|	|g|	crit
1	0.2	1416367.9	0.0	4.9	4.9
2	0.3	1282523.3	0.0	7.8	7.8
3	0.4	1187402.7	0.0	9.6	9.6
4	0.5	1115894.5	0.0	10.6	10.6
5	0.7	1065973.9	0.0	11.0	11.0
6	0.8	1026343.1	0.0	11.3	11.3
7	0.9	989748.1	0.0	11.3	11.3
8	1.0	957542.1	0.0	11.3	11.3
9	1.1	924744.7	0.0	11.2	11.2
10	1.3	900354.6	0.0	11.0	11.0


Iteration 17:

sh3_pdz_combined_cluster0_iter17:

OpenMP: Using 6 of 6 threads
Alphabet length:21
13767 valid sequences out of 13767 
41 sites, none trimmed because no target specified
Theta not between 0 and 1, no sequence reweighting applied (N = 13767.00)
iter	time	obj	|x|	|g|	crit
1	0.2	1249731.1	0.0	3.9	3.9
2	0.2	1142228.1	0.0	6.5	6.5
3	0.3	1059079.8	0.0	8.2	8.2
4	0.4	991471.8	0.0	9.4	9.4
5	0.5	931272.6	0.0	10.1	10.1
6	0.6	889707.9	0.0	10.5	10.5
7	0.7	849691.4	0.0	10.7	10.7
8	0.8	823504.6	0.0	10.8	10.8
9	0.9	791338.1	0.0	10.7	10.7
10	1.1	768441.8	0.1	10.6	10.6


sh3_pdz_combined_cluster1_iter17:

OpenMP: Using 6 of 6 threads
Alphabet length:21
15811 valid sequences out of 15811 
41 sites, none trimmed because no target specified
Theta not between 0 and 1, no sequence reweighting applied (N = 15811.00)
iter	time	obj	|x|	|g|	crit
1	0.2	1421619.0	0.0	4.9	4.9
2	0.3	1288590.7	0.0	7.9	7.9
3	0.4	1187456.1	0.0	9.7	9.7
4	0.5	1117291.5	0.0	10.7	10.7
5	0.6	1064033.6	0.0	11.2	11.2
6	0.7	1037584.9	0.0	11.4	11.4
7	0.8	1001239.6	0.0	11.4	11.4
8	0.8	970455.8	0.0	11.3	11.3
9	0.9	930560.5	0.0	11.2	11.2
10	1.1	913020.9	0.0	11.1	11.1


Iteration 18:

sh3_pdz_combined_cluster0_iter18:

OpenMP: Using 6 of 6 threads
Alphabet length:21
13750 valid sequences out of 13750 
41 sites, none trimmed because no target specified
Theta not between 0 and 1, no sequence reweighting applied (N = 13750.00)
iter	time	obj	|x|	|g|	crit
1	0.1	1250475.4	0.0	3.9	3.9
2	0.2	1138297.8	0.0	6.5	6.5
3	0.3	1050881.6	0.0	8.3	8.3
4	0.4	985276.7	0.0	9.4	9.4
5	0.5	931473.9	0.0	10.1	10.1
6	0.6	887838.2	0.0	10.5	10.5
7	0.8	853287.8	0.0	10.7	10.7
8	0.9	815158.2	0.0	10.8	10.8
9	1.0	787156.8	0.0	10.8	10.8
10	1.1	763129.4	0.1	10.6	10.6


sh3_pdz_combined_cluster1_iter18:

OpenMP: Using 6 of 6 threads
Alphabet length:21
15828 valid sequences out of 15828 
41 sites, none trimmed because no target specified
Theta not between 0 and 1, no sequence reweighting applied (N = 15828.00)
iter	time	obj	|x|	|g|	crit
1	0.1	1422539.0	0.0	4.8	4.8
2	0.2	1285026.5	0.0	7.9	7.9
3	0.3	1191006.2	0.0	9.6	9.6
4	0.4	1116513.6	0.0	10.6	10.6
5	0.5	1063100.0	0.0	11.2	11.2
6	0.7	1038474.6	0.0	11.3	11.3
7	0.8	1001359.0	0.0	11.4	11.4
8	0.9	970667.1	0.0	11.3	11.3
9	1.0	923494.5	0.0	11.3	11.3
10	1.2	912934.0	0.0	11.1	11.1


Iteration 19:

sh3_pdz_combined_cluster0_iter19:

OpenMP: Using 6 of 6 threads
Alphabet length:21
13733 valid sequences out of 13733 
41 sites, none trimmed because no target specified
Theta not between 0 and 1, no sequence reweighting applied (N = 13733.00)
iter	time	obj	|x|	|g|	crit
1	0.1	1250954.8	0.0	3.9	3.9
2	0.3	1139075.3	0.0	6.5	6.5
3	0.4	1052431.0	0.0	8.3	8.3
4	0.6	985998.9	0.0	9.4	9.4
5	0.7	928659.1	0.0	10.1	10.1
6	0.8	886299.8	0.0	10.6	10.6
7	1.0	848647.5	0.0	10.7	10.7
8	1.1	818695.4	0.0	10.8	10.8
9	1.2	794747.6	0.0	10.7	10.7
10	1.4	768171.6	0.1	10.6	10.6


sh3_pdz_combined_cluster1_iter19:

OpenMP: Using 6 of 6 threads
Alphabet length:21
15845 valid sequences out of 15845 
41 sites, none trimmed because no target specified
Theta not between 0 and 1, no sequence reweighting applied (N = 15845.00)
iter	time	obj	|x|	|g|	crit
1	0.2	1425779.6	0.0	4.9	4.9
2	0.3	1289427.8	0.0	7.9	7.9
3	0.4	1194123.7	0.0	9.6	9.6
4	0.5	1123535.9	0.0	10.6	10.6
5	0.7	1068134.2	0.0	11.1	11.1
6	0.8	1034362.0	0.0	11.3	11.3
7	1.0	996519.5	0.0	11.4	11.4
8	1.1	969500.6	0.0	11.4	11.4
9	1.2	936525.4	0.0	11.3	11.3
10	1.4	907738.6	0.0	11.1	11.1


Iteration 20:

sh3_pdz_combined_cluster0_iter20:

OpenMP: Using 6 of 6 threads
Alphabet length:21
13702 valid sequences out of 13702 
41 sites, none trimmed because no target specified
Theta not between 0 and 1, no sequence reweighting applied (N = 13702.00)
iter	time	obj	|x|	|g|	crit
1	0.1	1253360.1	0.0	3.9	3.9
2	0.3	1136311.5	0.0	6.5	6.5
3	0.4	1050145.8	0.0	8.2	8.2
4	0.5	980775.1	0.0	9.4	9.4
5	0.7	930437.3	0.0	10.1	10.1
6	0.8	889130.5	0.0	10.5	10.5
7	0.9	844587.3	0.0	10.7	10.7
8	1.1	805615.1	0.0	10.8	10.8
9	1.2	783420.5	0.0	10.7	10.7
10	1.3	760803.7	0.1	10.5	10.5


sh3_pdz_combined_cluster1_iter20:

OpenMP: Using 6 of 6 threads
Alphabet length:21
15876 valid sequences out of 15876 
41 sites, none trimmed because no target specified
Theta not between 0 and 1, no sequence reweighting applied (N = 15876.00)
iter	time	obj	|x|	|g|	crit
1	0.1	1424964.2	0.0	4.9	4.9
2	0.3	1298797.0	0.0	7.9	7.9
3	0.4	1198650.4	0.0	9.7	9.7
4	0.5	1127003.0	0.0	10.6	10.6
5	0.7	1067528.2	0.0	11.1	11.1
6	0.8	1028930.0	0.0	11.4	11.4
7	0.9	1015502.6	0.0	11.4	11.4
8	1.1	963139.4	0.0	11.3	11.3
9	1.2	941811.1	0.0	11.2	11.2
10	1.3	902858.3	0.0	11.1	11.1


Iteration 21:

sh3_pdz_combined_cluster0_iter21:

OpenMP: Using 6 of 6 threads
Alphabet length:21
13716 valid sequences out of 13716 
41 sites, none trimmed because no target specified
Theta not between 0 and 1, no sequence reweighting applied (N = 13716.00)
iter	time	obj	|x|	|g|	crit
1	0.1	1250166.6	0.0	3.9	3.9
2	0.3	1137696.2	0.0	6.6	6.6
3	0.4	1054221.8	0.0	8.3	8.3
4	0.5	985212.6	0.0	9.4	9.4
5	0.7	929317.2	0.0	10.1	10.1
6	0.8	884439.3	0.0	10.5	10.5
7	0.9	850289.6	0.0	10.7	10.7
8	1.0	806298.9	0.0	10.8	10.8
9	1.2	785108.4	0.0	10.8	10.8
10	1.3	764403.4	0.1	10.6	10.6


sh3_pdz_combined_cluster1_iter21:

OpenMP: Using 6 of 6 threads
Alphabet length:21
15862 valid sequences out of 15862 
41 sites, none trimmed because no target specified
Theta not between 0 and 1, no sequence reweighting applied (N = 15862.00)
iter	time	obj	|x|	|g|	crit
1	0.1	1423347.9	0.0	4.9	4.9
2	0.3	1285473.2	0.0	7.9	7.9
3	0.4	1195603.8	0.0	9.6	9.6
4	0.5	1130560.8	0.0	10.6	10.6
5	0.6	1069452.4	0.0	11.1	11.1
6	0.8	1037082.4	0.0	11.3	11.3
7	0.9	999318.1	0.0	11.4	11.4
8	1.0	971801.3	0.0	11.3	11.3
9	1.1	931472.5	0.0	11.2	11.2
10	1.3	918893.0	0.0	11.1	11.1


Iteration 22:

sh3_pdz_combined_cluster0_iter22:

OpenMP: Using 6 of 6 threads
Alphabet length:21
13690 valid sequences out of 13690 
41 sites, none trimmed because no target specified
Theta not between 0 and 1, no sequence reweighting applied (N = 13690.00)
iter	time	obj	|x|	|g|	crit
1	0.2	1251099.7	0.0	3.9	3.9
2	0.3	1136884.6	0.0	6.5	6.5
3	0.4	1053534.3	0.0	8.2	8.2
4	0.6	981273.2	0.0	9.3	9.3
5	0.7	920746.2	0.0	10.1	10.1
6	0.9	886097.4	0.0	10.5	10.5
7	1.0	850779.5	0.0	10.7	10.7
8	1.1	809700.5	0.0	10.8	10.8
9	1.3	784731.3	0.0	10.7	10.7
10	1.4	759932.0	0.1	10.6	10.6


sh3_pdz_combined_cluster1_iter22:

OpenMP: Using 6 of 6 threads
Alphabet length:21
15888 valid sequences out of 15888 
41 sites, none trimmed because no target specified
Theta not between 0 and 1, no sequence reweighting applied (N = 15888.00)
iter	time	obj	|x|	|g|	crit
1	0.2	1427499.0	0.0	4.8	4.8
2	0.3	1291265.5	0.0	7.9	7.9
3	0.4	1198259.6	0.0	9.7	9.7
4	0.6	1128748.4	0.0	10.7	10.7
5	0.7	1076355.7	0.0	11.1	11.1
6	0.9	1035955.0	0.0	11.4	11.4
7	1.0	1003724.1	0.0	11.4	11.4
8	1.1	969559.9	0.0	11.4	11.4
9	1.3	937528.0	0.0	11.3	11.3
10	1.4	913119.0	0.0	11.1	11.1


Iteration 23:

sh3_pdz_combined_cluster0_iter23:

OpenMP: Using 6 of 6 threads
Alphabet length:21
13709 valid sequences out of 13709 
41 sites, none trimmed because no target specified
Theta not between 0 and 1, no sequence reweighting applied (N = 13709.00)
iter	time	obj	|x|	|g|	crit
1	0.1	1251451.1	0.0	3.9	3.9
2	0.3	1139162.7	0.0	6.5	6.5
3	0.4	1057935.8	0.0	8.3	8.3
4	0.5	984611.2	0.0	9.4	9.4
5	0.7	928064.8	0.0	10.1	10.1
6	0.8	882184.3	0.0	10.5	10.5
7	0.9	847868.0	0.0	10.7	10.7
8	1.1	812761.3	0.0	10.8	10.8
9	1.2	786687.7	0.0	10.7	10.7
10	1.3	764647.6	0.1	10.6	10.6


sh3_pdz_combined_cluster1_iter23:

OpenMP: Using 6 of 6 threads
Alphabet length:21
15869 valid sequences out of 15869 
41 sites, none trimmed because no target specified
Theta not between 0 and 1, no sequence reweighting applied (N = 15869.00)
iter	time	obj	|x|	|g|	crit
1	0.2	1420531.4	0.0	4.9	4.9
2	0.3	1292724.3	0.0	7.9	7.9
3	0.4	1195854.1	0.0	9.7	9.7
4	0.5	1126327.3	0.0	10.7	10.7
5	0.7	1072900.0	0.0	11.2	11.2
6	0.8	1039186.0	0.0	11.4	11.4
7	0.9	1000499.1	0.0	11.4	11.4
8	1.0	973929.7	0.0	11.3	11.3
9	1.2	939422.7	0.0	11.2	11.2
10	1.3	910952.1	0.0	11.1	11.1


Iteration 24:

sh3_pdz_combined_cluster0_iter24:

OpenMP: Using 6 of 6 threads
Alphabet length:21
13710 valid sequences out of 13710 
41 sites, none trimmed because no target specified
Theta not between 0 and 1, no sequence reweighting applied (N = 13710.00)
iter	time	obj	|x|	|g|	crit
1	0.1	1251880.7	0.0	3.9	3.9
2	0.3	1137254.2	0.0	6.5	6.5
3	0.4	1058261.5	0.0	8.2	8.2
4	0.5	979825.7	0.0	9.4	9.4
5	0.6	924083.0	0.0	10.1	10.1
6	0.7	880170.6	0.0	10.6	10.6
7	0.9	851323.2	0.0	10.8	10.8
8	1.0	813067.7	0.0	10.8	10.8
9	1.1	784640.6	0.0	10.8	10.8
10	1.2	766003.5	0.1	10.6	10.6


sh3_pdz_combined_cluster1_iter24:

OpenMP: Using 6 of 6 threads
Alphabet length:21
15868 valid sequences out of 15868 
41 sites, none trimmed because no target specified
Theta not between 0 and 1, no sequence reweighting applied (N = 15868.00)
iter	time	obj	|x|	|g|	crit
1	0.2	1424689.0	0.0	4.8	4.8
2	0.3	1289843.7	0.0	7.8	7.8
3	0.4	1197200.0	0.0	9.6	9.6
4	0.5	1123264.6	0.0	10.6	10.6
5	0.6	1067305.1	0.0	11.1	11.1
6	0.7	1036903.1	0.0	11.3	11.3
7	0.9	1002070.4	0.0	11.3	11.3
8	1.0	968753.5	0.0	11.3	11.3
9	1.1	937300.9	0.0	11.2	11.2
10	1.2	914047.0	0.0	11.1	11.1


Iteration 25:

sh3_pdz_combined_cluster0_iter25:

OpenMP: Using 6 of 6 threads
Alphabet length:21
13674 valid sequences out of 13674 
41 sites, none trimmed because no target specified
Theta not between 0 and 1, no sequence reweighting applied (N = 13674.00)
iter	time	obj	|x|	|g|	crit
1	0.1	1248582.7	0.0	3.9	3.9
2	0.2	1132877.6	0.0	6.5	6.5
3	0.3	1055246.5	0.0	8.3	8.3
4	0.4	979417.3	0.0	9.4	9.4
5	0.5	926941.8	0.0	10.1	10.1
6	0.6	881576.0	0.0	10.5	10.5
7	0.8	838330.9	0.0	10.8	10.8
8	0.9	805475.6	0.0	10.8	10.8
9	1.0	783437.7	0.0	10.8	10.8
10	1.1	748666.0	0.1	10.6	10.6


sh3_pdz_combined_cluster1_iter25:

OpenMP: Using 6 of 6 threads
Alphabet length:21
15904 valid sequences out of 15904 
41 sites, none trimmed because no target specified
Theta not between 0 and 1, no sequence reweighting applied (N = 15904.00)
iter	time	obj	|x|	|g|	crit
1	0.1	1430026.7	0.0	4.8	4.8
2	0.2	1295636.6	0.0	7.8	7.8
3	0.3	1193523.5	0.0	9.6	9.6
4	0.4	1123911.7	0.0	10.6	10.6
5	0.5	1072137.7	0.0	11.1	11.1
6	0.6	1039517.5	0.0	11.3	11.3
7	0.7	1004702.0	0.0	11.4	11.4
8	0.8	973999.0	0.0	11.3	11.3
9	0.9	945608.4	0.0	11.2	11.2
10	1.0	908661.1	0.0	11.0	11.0


Iteration 26:

sh3_pdz_combined_cluster0_iter26:

OpenMP: Using 6 of 6 threads
Alphabet length:21
13644 valid sequences out of 13644 
41 sites, none trimmed because no target specified
Theta not between 0 and 1, no sequence reweighting applied (N = 13644.00)
iter	time	obj	|x|	|g|	crit
1	0.1	1243412.2	0.0	3.9	3.9
2	0.3	1132627.9	0.0	6.5	6.5
3	0.4	1050654.6	0.0	8.2	8.2
4	0.5	983188.0	0.0	9.3	9.3
5	0.6	921537.3	0.0	10.1	10.1
6	0.7	887518.1	0.0	10.5	10.5
7	0.8	840013.0	0.0	10.7	10.7
8	0.9	802217.8	0.0	10.8	10.8
9	1.1	784410.7	0.0	10.7	10.7
10	1.2	746770.8	0.1	10.6	10.6


sh3_pdz_combined_cluster1_iter26:

OpenMP: Using 6 of 6 threads
Alphabet length:21
15934 valid sequences out of 15934 
41 sites, none trimmed because no target specified
Theta not between 0 and 1, no sequence reweighting applied (N = 15934.00)
iter	time	obj	|x|	|g|	crit
1	0.1	1430537.1	0.0	4.9	4.9
2	0.3	1296535.7	0.0	7.9	7.9
3	0.4	1204839.8	0.0	9.7	9.7
4	0.5	1126341.1	0.0	10.7	10.7
5	0.7	1078072.7	0.0	11.2	11.2
6	0.8	1042553.4	0.0	11.4	11.4
7	0.9	999653.7	0.0	11.4	11.4
8	1.1	975320.4	0.0	11.4	11.4
9	1.2	950554.3	0.0	11.2	11.2
10	1.3	918493.0	0.0	11.1	11.1


Iteration 27:

sh3_pdz_combined_cluster0_iter27:

OpenMP: Using 6 of 6 threads
Alphabet length:21
13685 valid sequences out of 13685 
41 sites, none trimmed because no target specified
Theta not between 0 and 1, no sequence reweighting applied (N = 13685.00)
iter	time	obj	|x|	|g|	crit
1	0.2	1251427.8	0.0	3.9	3.9
2	0.3	1134261.8	0.0	6.5	6.5
3	0.4	1058029.5	0.0	8.2	8.2
4	0.5	980961.8	0.0	9.4	9.4
5	0.6	925985.9	0.0	10.1	10.1
6	0.7	888770.0	0.0	10.6	10.6
7	0.8	844566.6	0.0	10.8	10.8
8	0.9	804108.5	0.0	10.8	10.8
9	1.1	781975.2	0.0	10.8	10.8
10	1.2	750588.5	0.1	10.6	10.6


sh3_pdz_combined_cluster1_iter27:

OpenMP: Using 6 of 6 threads
Alphabet length:21
15893 valid sequences out of 15893 
41 sites, none trimmed because no target specified
Theta not between 0 and 1, no sequence reweighting applied (N = 15893.00)
iter	time	obj	|x|	|g|	crit
1	0.1	1425605.0	0.0	4.9	4.9
2	0.3	1292261.1	0.0	7.8	7.8
3	0.4	1196949.0	0.0	9.7	9.7
4	0.5	1122795.1	0.0	10.7	10.7
5	0.6	1072989.8	0.0	11.1	11.1
6	0.7	1036968.3	0.0	11.3	11.3
7	0.8	1005926.5	0.0	11.4	11.4
8	0.9	975732.3	0.0	11.3	11.3
9	1.1	949347.7	0.0	11.2	11.2
10	1.2	918323.7	0.0	11.0	11.0


Iteration 28:

sh3_pdz_combined_cluster0_iter28:

OpenMP: Using 6 of 6 threads
Alphabet length:21
13659 valid sequences out of 13659 
41 sites, none trimmed because no target specified
Theta not between 0 and 1, no sequence reweighting applied (N = 13659.00)
iter	time	obj	|x|	|g|	crit
1	0.1	1246764.2	0.0	3.9	3.9
2	0.2	1128921.7	0.0	6.5	6.5
3	0.3	1052057.7	0.0	8.3	8.3
4	0.5	981317.2	0.0	9.4	9.4
5	0.6	921751.8	0.0	10.1	10.1
6	0.7	874838.0	0.0	10.6	10.6
7	0.8	841679.9	0.0	10.8	10.8
8	0.9	811287.1	0.0	10.9	10.9
9	1.0	773200.7	0.0	10.8	10.8
10	1.1	745753.3	0.1	10.6	10.6


sh3_pdz_combined_cluster1_iter28:

OpenMP: Using 6 of 6 threads
Alphabet length:21
15919 valid sequences out of 15919 
41 sites, none trimmed because no target specified
Theta not between 0 and 1, no sequence reweighting applied (N = 15919.00)
iter	time	obj	|x|	|g|	crit
1	0.1	1428273.7	0.0	4.8	4.8
2	0.3	1295408.6	0.0	7.8	7.8
3	0.4	1200237.1	0.0	9.6	9.6
4	0.5	1118968.1	0.0	10.7	10.7
5	0.7	1065547.4	0.0	11.2	11.2
6	0.8	1039838.7	0.0	11.3	11.3
7	0.9	1002261.4	0.0	11.4	11.4
8	1.0	972332.8	0.0	11.3	11.3
9	1.1	950324.3	0.0	11.2	11.2
10	1.2	917688.8	0.0	11.0	11.0


Iteration 29:

sh3_pdz_combined_cluster0_iter29:

OpenMP: Using 6 of 6 threads
Alphabet length:21
13664 valid sequences out of 13664 
41 sites, none trimmed because no target specified
Theta not between 0 and 1, no sequence reweighting applied (N = 13664.00)
iter	time	obj	|x|	|g|	crit
1	0.1	1247316.3	0.0	3.9	3.9
2	0.2	1135135.0	0.0	6.5	6.5
3	0.3	1049632.9	0.0	8.2	8.2
4	0.5	987099.8	0.0	9.4	9.4
5	0.6	927431.3	0.0	10.1	10.1
6	0.7	870435.7	0.0	10.6	10.6
7	0.8	844922.7	0.0	10.8	10.8
8	1.0	812714.8	0.0	10.8	10.8
9	1.1	779079.0	0.0	10.8	10.8
10	1.2	753303.9	0.1	10.6	10.6


sh3_pdz_combined_cluster1_iter29:

OpenMP: Using 6 of 6 threads
Alphabet length:21
15914 valid sequences out of 15914 
41 sites, none trimmed because no target specified
Theta not between 0 and 1, no sequence reweighting applied (N = 15914.00)
iter	time	obj	|x|	|g|	crit
1	0.1	1426591.8	0.0	4.9	4.9
2	0.3	1290690.5	0.0	7.9	7.9
3	0.4	1195696.6	0.0	9.7	9.7
4	0.5	1127056.6	0.0	10.7	10.7
5	0.7	1071496.3	0.0	11.2	11.2
6	0.8	1035672.1	0.0	11.4	11.4
7	0.9	999843.4	0.0	11.4	11.4
8	1.0	972007.5	0.0	11.4	11.4
9	1.2	943521.1	0.0	11.3	11.3
10	1.3	914296.5	0.0	11.1	11.1


Iteration 30:

sh3_pdz_combined_cluster0_iter30:

OpenMP: Using 6 of 6 threads
Alphabet length:21
13683 valid sequences out of 13683 
41 sites, none trimmed because no target specified
Theta not between 0 and 1, no sequence reweighting applied (N = 13683.00)
iter	time	obj	|x|	|g|	crit
1	0.2	1246126.4	0.0	3.9	3.9
2	0.3	1135677.0	0.0	6.5	6.5
3	0.4	1048929.2	0.0	8.3	8.3
4	0.6	987818.9	0.0	9.4	9.4
5	0.7	925734.1	0.0	10.1	10.1
6	0.8	877136.2	0.0	10.6	10.6
7	1.0	844253.2	0.0	10.8	10.8
8	1.1	802211.1	0.0	10.9	10.9
9	1.3	771629.9	0.0	10.8	10.8
10	1.4	754856.6	0.1	10.6	10.6


sh3_pdz_combined_cluster1_iter30:

OpenMP: Using 6 of 6 threads
Alphabet length:21
15895 valid sequences out of 15895 
41 sites, none trimmed because no target specified
Theta not between 0 and 1, no sequence reweighting applied (N = 15895.00)
iter	time	obj	|x|	|g|	crit
1	0.2	1425179.1	0.0	4.9	4.9
2	0.3	1290859.8	0.0	7.9	7.9
3	0.4	1193542.9	0.0	9.7	9.7
4	0.6	1123511.7	0.0	10.7	10.7
5	0.7	1068934.1	0.0	11.2	11.2
6	0.8	1041259.6	0.0	11.3	11.3
7	1.0	1005060.8	0.0	11.4	11.4
8	1.1	975551.9	0.0	11.3	11.3
9	1.3	944598.8	0.0	11.2	11.2
10	1.4	912409.0	0.0	11.1	11.1

